[2024-06-17T17:56:41.144+0000] {processor.py:157} INFO - Started process (PID=53) to work on /home/airflow/.local/lib/python3.8/site-packages/airflow/example_dags/example_time_delta_sensor_async.py
[2024-06-17T17:56:41.144+0000] {processor.py:829} INFO - Processing file /home/airflow/.local/lib/python3.8/site-packages/airflow/example_dags/example_time_delta_sensor_async.py for tasks to queue
[2024-06-17T17:56:41.145+0000] {logging_mixin.py:151} INFO - [2024-06-17T17:56:41.145+0000] {dagbag.py:539} INFO - Filling up the DagBag from /home/airflow/.local/lib/python3.8/site-packages/airflow/example_dags/example_time_delta_sensor_async.py
[2024-06-17T17:56:41.148+0000] {processor.py:839} INFO - DAG(s) dict_keys(['example_time_delta_sensor_async']) retrieved from /home/airflow/.local/lib/python3.8/site-packages/airflow/example_dags/example_time_delta_sensor_async.py
[2024-06-17T17:56:41.298+0000] {logging_mixin.py:151} INFO - [2024-06-17T17:56:41.298+0000] {manager.py:501} INFO - Created Permission View: can delete on DAG:example_time_delta_sensor_async
[2024-06-17T17:56:41.302+0000] {logging_mixin.py:151} INFO - [2024-06-17T17:56:41.302+0000] {manager.py:501} INFO - Created Permission View: can read on DAG:example_time_delta_sensor_async
[2024-06-17T17:56:41.304+0000] {logging_mixin.py:151} INFO - [2024-06-17T17:56:41.304+0000] {manager.py:501} INFO - Created Permission View: can edit on DAG:example_time_delta_sensor_async
[2024-06-17T17:56:41.309+0000] {logging_mixin.py:151} INFO - [2024-06-17T17:56:41.309+0000] {dag.py:2907} INFO - Sync 1 DAGs
[2024-06-17T17:56:41.313+0000] {logging_mixin.py:151} INFO - [2024-06-17T17:56:41.313+0000] {dag.py:2929} INFO - Creating ORM DAG for example_time_delta_sensor_async
[2024-06-17T17:56:41.314+0000] {logging_mixin.py:151} INFO - [2024-06-17T17:56:41.314+0000] {dag.py:3677} INFO - Setting next_dagrun for example_time_delta_sensor_async to None, run_after=None
[2024-06-17T17:56:41.320+0000] {processor.py:179} INFO - Processing /home/airflow/.local/lib/python3.8/site-packages/airflow/example_dags/example_time_delta_sensor_async.py took 0.178 seconds
[2024-06-17T17:57:11.521+0000] {processor.py:157} INFO - Started process (PID=108) to work on /home/airflow/.local/lib/python3.8/site-packages/airflow/example_dags/example_time_delta_sensor_async.py
[2024-06-17T17:57:11.521+0000] {processor.py:829} INFO - Processing file /home/airflow/.local/lib/python3.8/site-packages/airflow/example_dags/example_time_delta_sensor_async.py for tasks to queue
[2024-06-17T17:57:11.522+0000] {logging_mixin.py:151} INFO - [2024-06-17T17:57:11.522+0000] {dagbag.py:539} INFO - Filling up the DagBag from /home/airflow/.local/lib/python3.8/site-packages/airflow/example_dags/example_time_delta_sensor_async.py
[2024-06-17T17:57:11.525+0000] {processor.py:839} INFO - DAG(s) dict_keys(['example_time_delta_sensor_async']) retrieved from /home/airflow/.local/lib/python3.8/site-packages/airflow/example_dags/example_time_delta_sensor_async.py
[2024-06-17T17:57:11.533+0000] {logging_mixin.py:151} INFO - [2024-06-17T17:57:11.533+0000] {dag.py:2907} INFO - Sync 1 DAGs
[2024-06-17T17:57:11.539+0000] {logging_mixin.py:151} INFO - [2024-06-17T17:57:11.539+0000] {dag.py:3677} INFO - Setting next_dagrun for example_time_delta_sensor_async to None, run_after=None
[2024-06-17T17:57:11.545+0000] {processor.py:179} INFO - Processing /home/airflow/.local/lib/python3.8/site-packages/airflow/example_dags/example_time_delta_sensor_async.py took 0.026 seconds
[2024-06-17T17:57:42.088+0000] {processor.py:157} INFO - Started process (PID=163) to work on /home/airflow/.local/lib/python3.8/site-packages/airflow/example_dags/example_time_delta_sensor_async.py
[2024-06-17T17:57:42.089+0000] {processor.py:829} INFO - Processing file /home/airflow/.local/lib/python3.8/site-packages/airflow/example_dags/example_time_delta_sensor_async.py for tasks to queue
[2024-06-17T17:57:42.090+0000] {logging_mixin.py:151} INFO - [2024-06-17T17:57:42.090+0000] {dagbag.py:539} INFO - Filling up the DagBag from /home/airflow/.local/lib/python3.8/site-packages/airflow/example_dags/example_time_delta_sensor_async.py
[2024-06-17T17:57:42.092+0000] {processor.py:839} INFO - DAG(s) dict_keys(['example_time_delta_sensor_async']) retrieved from /home/airflow/.local/lib/python3.8/site-packages/airflow/example_dags/example_time_delta_sensor_async.py
[2024-06-17T17:57:42.100+0000] {logging_mixin.py:151} INFO - [2024-06-17T17:57:42.100+0000] {dag.py:2907} INFO - Sync 1 DAGs
[2024-06-17T17:57:42.105+0000] {logging_mixin.py:151} INFO - [2024-06-17T17:57:42.105+0000] {dag.py:3677} INFO - Setting next_dagrun for example_time_delta_sensor_async to None, run_after=None
[2024-06-17T17:57:42.112+0000] {processor.py:179} INFO - Processing /home/airflow/.local/lib/python3.8/site-packages/airflow/example_dags/example_time_delta_sensor_async.py took 0.026 seconds
[2024-06-17T17:58:12.661+0000] {processor.py:157} INFO - Started process (PID=218) to work on /home/airflow/.local/lib/python3.8/site-packages/airflow/example_dags/example_time_delta_sensor_async.py
[2024-06-17T17:58:12.662+0000] {processor.py:829} INFO - Processing file /home/airflow/.local/lib/python3.8/site-packages/airflow/example_dags/example_time_delta_sensor_async.py for tasks to queue
[2024-06-17T17:58:12.663+0000] {logging_mixin.py:151} INFO - [2024-06-17T17:58:12.663+0000] {dagbag.py:539} INFO - Filling up the DagBag from /home/airflow/.local/lib/python3.8/site-packages/airflow/example_dags/example_time_delta_sensor_async.py
[2024-06-17T17:58:12.665+0000] {processor.py:839} INFO - DAG(s) dict_keys(['example_time_delta_sensor_async']) retrieved from /home/airflow/.local/lib/python3.8/site-packages/airflow/example_dags/example_time_delta_sensor_async.py
[2024-06-17T17:58:12.673+0000] {logging_mixin.py:151} INFO - [2024-06-17T17:58:12.673+0000] {dag.py:2907} INFO - Sync 1 DAGs
[2024-06-17T17:58:12.679+0000] {logging_mixin.py:151} INFO - [2024-06-17T17:58:12.678+0000] {dag.py:3677} INFO - Setting next_dagrun for example_time_delta_sensor_async to None, run_after=None
[2024-06-17T17:58:12.685+0000] {processor.py:179} INFO - Processing /home/airflow/.local/lib/python3.8/site-packages/airflow/example_dags/example_time_delta_sensor_async.py took 0.026 seconds
[2024-06-17T17:58:43.172+0000] {processor.py:157} INFO - Started process (PID=273) to work on /home/airflow/.local/lib/python3.8/site-packages/airflow/example_dags/example_time_delta_sensor_async.py
[2024-06-17T17:58:43.173+0000] {processor.py:829} INFO - Processing file /home/airflow/.local/lib/python3.8/site-packages/airflow/example_dags/example_time_delta_sensor_async.py for tasks to queue
[2024-06-17T17:58:43.174+0000] {logging_mixin.py:151} INFO - [2024-06-17T17:58:43.174+0000] {dagbag.py:539} INFO - Filling up the DagBag from /home/airflow/.local/lib/python3.8/site-packages/airflow/example_dags/example_time_delta_sensor_async.py
[2024-06-17T17:58:43.176+0000] {processor.py:839} INFO - DAG(s) dict_keys(['example_time_delta_sensor_async']) retrieved from /home/airflow/.local/lib/python3.8/site-packages/airflow/example_dags/example_time_delta_sensor_async.py
[2024-06-17T17:58:43.184+0000] {logging_mixin.py:151} INFO - [2024-06-17T17:58:43.184+0000] {dag.py:2907} INFO - Sync 1 DAGs
[2024-06-17T17:58:43.189+0000] {logging_mixin.py:151} INFO - [2024-06-17T17:58:43.189+0000] {dag.py:3677} INFO - Setting next_dagrun for example_time_delta_sensor_async to None, run_after=None
[2024-06-17T17:58:43.195+0000] {processor.py:179} INFO - Processing /home/airflow/.local/lib/python3.8/site-packages/airflow/example_dags/example_time_delta_sensor_async.py took 0.025 seconds
[2024-06-17T17:59:13.719+0000] {processor.py:157} INFO - Started process (PID=328) to work on /home/airflow/.local/lib/python3.8/site-packages/airflow/example_dags/example_time_delta_sensor_async.py
[2024-06-17T17:59:13.719+0000] {processor.py:829} INFO - Processing file /home/airflow/.local/lib/python3.8/site-packages/airflow/example_dags/example_time_delta_sensor_async.py for tasks to queue
[2024-06-17T17:59:13.720+0000] {logging_mixin.py:151} INFO - [2024-06-17T17:59:13.720+0000] {dagbag.py:539} INFO - Filling up the DagBag from /home/airflow/.local/lib/python3.8/site-packages/airflow/example_dags/example_time_delta_sensor_async.py
[2024-06-17T17:59:13.722+0000] {processor.py:839} INFO - DAG(s) dict_keys(['example_time_delta_sensor_async']) retrieved from /home/airflow/.local/lib/python3.8/site-packages/airflow/example_dags/example_time_delta_sensor_async.py
[2024-06-17T17:59:13.730+0000] {logging_mixin.py:151} INFO - [2024-06-17T17:59:13.730+0000] {dag.py:2907} INFO - Sync 1 DAGs
[2024-06-17T17:59:13.735+0000] {logging_mixin.py:151} INFO - [2024-06-17T17:59:13.734+0000] {dag.py:3677} INFO - Setting next_dagrun for example_time_delta_sensor_async to None, run_after=None
[2024-06-17T17:59:13.741+0000] {processor.py:179} INFO - Processing /home/airflow/.local/lib/python3.8/site-packages/airflow/example_dags/example_time_delta_sensor_async.py took 0.024 seconds
[2024-06-17T17:59:44.187+0000] {processor.py:157} INFO - Started process (PID=383) to work on /home/airflow/.local/lib/python3.8/site-packages/airflow/example_dags/example_time_delta_sensor_async.py
[2024-06-17T17:59:44.187+0000] {processor.py:829} INFO - Processing file /home/airflow/.local/lib/python3.8/site-packages/airflow/example_dags/example_time_delta_sensor_async.py for tasks to queue
[2024-06-17T17:59:44.188+0000] {logging_mixin.py:151} INFO - [2024-06-17T17:59:44.188+0000] {dagbag.py:539} INFO - Filling up the DagBag from /home/airflow/.local/lib/python3.8/site-packages/airflow/example_dags/example_time_delta_sensor_async.py
[2024-06-17T17:59:44.190+0000] {processor.py:839} INFO - DAG(s) dict_keys(['example_time_delta_sensor_async']) retrieved from /home/airflow/.local/lib/python3.8/site-packages/airflow/example_dags/example_time_delta_sensor_async.py
[2024-06-17T17:59:44.199+0000] {logging_mixin.py:151} INFO - [2024-06-17T17:59:44.198+0000] {dag.py:2907} INFO - Sync 1 DAGs
[2024-06-17T17:59:44.203+0000] {logging_mixin.py:151} INFO - [2024-06-17T17:59:44.203+0000] {dag.py:3677} INFO - Setting next_dagrun for example_time_delta_sensor_async to None, run_after=None
[2024-06-17T17:59:44.210+0000] {processor.py:179} INFO - Processing /home/airflow/.local/lib/python3.8/site-packages/airflow/example_dags/example_time_delta_sensor_async.py took 0.025 seconds
[2024-06-17T18:00:14.736+0000] {processor.py:157} INFO - Started process (PID=438) to work on /home/airflow/.local/lib/python3.8/site-packages/airflow/example_dags/example_time_delta_sensor_async.py
[2024-06-17T18:00:14.736+0000] {processor.py:829} INFO - Processing file /home/airflow/.local/lib/python3.8/site-packages/airflow/example_dags/example_time_delta_sensor_async.py for tasks to queue
[2024-06-17T18:00:14.737+0000] {logging_mixin.py:151} INFO - [2024-06-17T18:00:14.737+0000] {dagbag.py:539} INFO - Filling up the DagBag from /home/airflow/.local/lib/python3.8/site-packages/airflow/example_dags/example_time_delta_sensor_async.py
[2024-06-17T18:00:14.739+0000] {processor.py:839} INFO - DAG(s) dict_keys(['example_time_delta_sensor_async']) retrieved from /home/airflow/.local/lib/python3.8/site-packages/airflow/example_dags/example_time_delta_sensor_async.py
[2024-06-17T18:00:14.748+0000] {logging_mixin.py:151} INFO - [2024-06-17T18:00:14.748+0000] {dag.py:2907} INFO - Sync 1 DAGs
[2024-06-17T18:00:14.754+0000] {logging_mixin.py:151} INFO - [2024-06-17T18:00:14.754+0000] {dag.py:3677} INFO - Setting next_dagrun for example_time_delta_sensor_async to None, run_after=None
[2024-06-17T18:00:14.761+0000] {processor.py:179} INFO - Processing /home/airflow/.local/lib/python3.8/site-packages/airflow/example_dags/example_time_delta_sensor_async.py took 0.027 seconds
[2024-06-17T18:00:45.237+0000] {processor.py:157} INFO - Started process (PID=493) to work on /home/airflow/.local/lib/python3.8/site-packages/airflow/example_dags/example_time_delta_sensor_async.py
[2024-06-17T18:00:45.238+0000] {processor.py:829} INFO - Processing file /home/airflow/.local/lib/python3.8/site-packages/airflow/example_dags/example_time_delta_sensor_async.py for tasks to queue
[2024-06-17T18:00:45.239+0000] {logging_mixin.py:151} INFO - [2024-06-17T18:00:45.239+0000] {dagbag.py:539} INFO - Filling up the DagBag from /home/airflow/.local/lib/python3.8/site-packages/airflow/example_dags/example_time_delta_sensor_async.py
[2024-06-17T18:00:45.241+0000] {processor.py:839} INFO - DAG(s) dict_keys(['example_time_delta_sensor_async']) retrieved from /home/airflow/.local/lib/python3.8/site-packages/airflow/example_dags/example_time_delta_sensor_async.py
[2024-06-17T18:00:45.249+0000] {logging_mixin.py:151} INFO - [2024-06-17T18:00:45.249+0000] {dag.py:2907} INFO - Sync 1 DAGs
[2024-06-17T18:00:45.254+0000] {logging_mixin.py:151} INFO - [2024-06-17T18:00:45.254+0000] {dag.py:3677} INFO - Setting next_dagrun for example_time_delta_sensor_async to None, run_after=None
[2024-06-17T18:00:45.260+0000] {processor.py:179} INFO - Processing /home/airflow/.local/lib/python3.8/site-packages/airflow/example_dags/example_time_delta_sensor_async.py took 0.025 seconds
[2024-06-17T18:01:15.800+0000] {processor.py:157} INFO - Started process (PID=548) to work on /home/airflow/.local/lib/python3.8/site-packages/airflow/example_dags/example_time_delta_sensor_async.py
[2024-06-17T18:01:15.800+0000] {processor.py:829} INFO - Processing file /home/airflow/.local/lib/python3.8/site-packages/airflow/example_dags/example_time_delta_sensor_async.py for tasks to queue
[2024-06-17T18:01:15.801+0000] {logging_mixin.py:151} INFO - [2024-06-17T18:01:15.801+0000] {dagbag.py:539} INFO - Filling up the DagBag from /home/airflow/.local/lib/python3.8/site-packages/airflow/example_dags/example_time_delta_sensor_async.py
[2024-06-17T18:01:15.803+0000] {processor.py:839} INFO - DAG(s) dict_keys(['example_time_delta_sensor_async']) retrieved from /home/airflow/.local/lib/python3.8/site-packages/airflow/example_dags/example_time_delta_sensor_async.py
[2024-06-17T18:01:15.811+0000] {logging_mixin.py:151} INFO - [2024-06-17T18:01:15.811+0000] {dag.py:2907} INFO - Sync 1 DAGs
[2024-06-17T18:01:15.816+0000] {logging_mixin.py:151} INFO - [2024-06-17T18:01:15.816+0000] {dag.py:3677} INFO - Setting next_dagrun for example_time_delta_sensor_async to None, run_after=None
[2024-06-17T18:01:15.823+0000] {processor.py:179} INFO - Processing /home/airflow/.local/lib/python3.8/site-packages/airflow/example_dags/example_time_delta_sensor_async.py took 0.025 seconds
[2024-06-17T18:01:46.377+0000] {processor.py:157} INFO - Started process (PID=603) to work on /home/airflow/.local/lib/python3.8/site-packages/airflow/example_dags/example_time_delta_sensor_async.py
[2024-06-17T18:01:46.377+0000] {processor.py:829} INFO - Processing file /home/airflow/.local/lib/python3.8/site-packages/airflow/example_dags/example_time_delta_sensor_async.py for tasks to queue
[2024-06-17T18:01:46.379+0000] {logging_mixin.py:151} INFO - [2024-06-17T18:01:46.378+0000] {dagbag.py:539} INFO - Filling up the DagBag from /home/airflow/.local/lib/python3.8/site-packages/airflow/example_dags/example_time_delta_sensor_async.py
[2024-06-17T18:01:46.381+0000] {processor.py:839} INFO - DAG(s) dict_keys(['example_time_delta_sensor_async']) retrieved from /home/airflow/.local/lib/python3.8/site-packages/airflow/example_dags/example_time_delta_sensor_async.py
[2024-06-17T18:01:46.389+0000] {logging_mixin.py:151} INFO - [2024-06-17T18:01:46.389+0000] {dag.py:2907} INFO - Sync 1 DAGs
[2024-06-17T18:01:46.394+0000] {logging_mixin.py:151} INFO - [2024-06-17T18:01:46.394+0000] {dag.py:3677} INFO - Setting next_dagrun for example_time_delta_sensor_async to None, run_after=None
[2024-06-17T18:01:46.402+0000] {processor.py:179} INFO - Processing /home/airflow/.local/lib/python3.8/site-packages/airflow/example_dags/example_time_delta_sensor_async.py took 0.027 seconds
[2024-06-17T18:02:16.948+0000] {processor.py:157} INFO - Started process (PID=658) to work on /home/airflow/.local/lib/python3.8/site-packages/airflow/example_dags/example_time_delta_sensor_async.py
[2024-06-17T18:02:16.948+0000] {processor.py:829} INFO - Processing file /home/airflow/.local/lib/python3.8/site-packages/airflow/example_dags/example_time_delta_sensor_async.py for tasks to queue
[2024-06-17T18:02:16.950+0000] {logging_mixin.py:151} INFO - [2024-06-17T18:02:16.949+0000] {dagbag.py:539} INFO - Filling up the DagBag from /home/airflow/.local/lib/python3.8/site-packages/airflow/example_dags/example_time_delta_sensor_async.py
[2024-06-17T18:02:16.952+0000] {processor.py:839} INFO - DAG(s) dict_keys(['example_time_delta_sensor_async']) retrieved from /home/airflow/.local/lib/python3.8/site-packages/airflow/example_dags/example_time_delta_sensor_async.py
[2024-06-17T18:02:16.960+0000] {logging_mixin.py:151} INFO - [2024-06-17T18:02:16.960+0000] {dag.py:2907} INFO - Sync 1 DAGs
[2024-06-17T18:02:16.965+0000] {logging_mixin.py:151} INFO - [2024-06-17T18:02:16.965+0000] {dag.py:3677} INFO - Setting next_dagrun for example_time_delta_sensor_async to None, run_after=None
[2024-06-17T18:02:16.972+0000] {processor.py:179} INFO - Processing /home/airflow/.local/lib/python3.8/site-packages/airflow/example_dags/example_time_delta_sensor_async.py took 0.026 seconds
[2024-06-17T18:02:47.506+0000] {processor.py:157} INFO - Started process (PID=713) to work on /home/airflow/.local/lib/python3.8/site-packages/airflow/example_dags/example_time_delta_sensor_async.py
[2024-06-17T18:02:47.507+0000] {processor.py:829} INFO - Processing file /home/airflow/.local/lib/python3.8/site-packages/airflow/example_dags/example_time_delta_sensor_async.py for tasks to queue
[2024-06-17T18:02:47.508+0000] {logging_mixin.py:151} INFO - [2024-06-17T18:02:47.508+0000] {dagbag.py:539} INFO - Filling up the DagBag from /home/airflow/.local/lib/python3.8/site-packages/airflow/example_dags/example_time_delta_sensor_async.py
[2024-06-17T18:02:47.510+0000] {processor.py:839} INFO - DAG(s) dict_keys(['example_time_delta_sensor_async']) retrieved from /home/airflow/.local/lib/python3.8/site-packages/airflow/example_dags/example_time_delta_sensor_async.py
[2024-06-17T18:02:47.518+0000] {logging_mixin.py:151} INFO - [2024-06-17T18:02:47.518+0000] {dag.py:2907} INFO - Sync 1 DAGs
[2024-06-17T18:02:47.523+0000] {logging_mixin.py:151} INFO - [2024-06-17T18:02:47.523+0000] {dag.py:3677} INFO - Setting next_dagrun for example_time_delta_sensor_async to None, run_after=None
[2024-06-17T18:02:47.530+0000] {processor.py:179} INFO - Processing /home/airflow/.local/lib/python3.8/site-packages/airflow/example_dags/example_time_delta_sensor_async.py took 0.025 seconds
[2024-06-17T18:03:17.994+0000] {processor.py:157} INFO - Started process (PID=768) to work on /home/airflow/.local/lib/python3.8/site-packages/airflow/example_dags/example_time_delta_sensor_async.py
[2024-06-17T18:03:17.995+0000] {processor.py:829} INFO - Processing file /home/airflow/.local/lib/python3.8/site-packages/airflow/example_dags/example_time_delta_sensor_async.py for tasks to queue
[2024-06-17T18:03:17.996+0000] {logging_mixin.py:151} INFO - [2024-06-17T18:03:17.996+0000] {dagbag.py:539} INFO - Filling up the DagBag from /home/airflow/.local/lib/python3.8/site-packages/airflow/example_dags/example_time_delta_sensor_async.py
[2024-06-17T18:03:17.997+0000] {processor.py:839} INFO - DAG(s) dict_keys(['example_time_delta_sensor_async']) retrieved from /home/airflow/.local/lib/python3.8/site-packages/airflow/example_dags/example_time_delta_sensor_async.py
[2024-06-17T18:03:18.005+0000] {logging_mixin.py:151} INFO - [2024-06-17T18:03:18.005+0000] {dag.py:2907} INFO - Sync 1 DAGs
[2024-06-17T18:03:18.010+0000] {logging_mixin.py:151} INFO - [2024-06-17T18:03:18.010+0000] {dag.py:3677} INFO - Setting next_dagrun for example_time_delta_sensor_async to None, run_after=None
[2024-06-17T18:03:18.017+0000] {processor.py:179} INFO - Processing /home/airflow/.local/lib/python3.8/site-packages/airflow/example_dags/example_time_delta_sensor_async.py took 0.024 seconds
[2024-06-17T18:03:48.477+0000] {processor.py:157} INFO - Started process (PID=823) to work on /home/airflow/.local/lib/python3.8/site-packages/airflow/example_dags/example_time_delta_sensor_async.py
[2024-06-17T18:03:48.477+0000] {processor.py:829} INFO - Processing file /home/airflow/.local/lib/python3.8/site-packages/airflow/example_dags/example_time_delta_sensor_async.py for tasks to queue
[2024-06-17T18:03:48.478+0000] {logging_mixin.py:151} INFO - [2024-06-17T18:03:48.478+0000] {dagbag.py:539} INFO - Filling up the DagBag from /home/airflow/.local/lib/python3.8/site-packages/airflow/example_dags/example_time_delta_sensor_async.py
[2024-06-17T18:03:48.480+0000] {processor.py:839} INFO - DAG(s) dict_keys(['example_time_delta_sensor_async']) retrieved from /home/airflow/.local/lib/python3.8/site-packages/airflow/example_dags/example_time_delta_sensor_async.py
[2024-06-17T18:03:48.488+0000] {logging_mixin.py:151} INFO - [2024-06-17T18:03:48.488+0000] {dag.py:2907} INFO - Sync 1 DAGs
[2024-06-17T18:03:48.493+0000] {logging_mixin.py:151} INFO - [2024-06-17T18:03:48.493+0000] {dag.py:3677} INFO - Setting next_dagrun for example_time_delta_sensor_async to None, run_after=None
[2024-06-17T18:03:48.500+0000] {processor.py:179} INFO - Processing /home/airflow/.local/lib/python3.8/site-packages/airflow/example_dags/example_time_delta_sensor_async.py took 0.024 seconds
[2024-06-17T18:04:18.969+0000] {processor.py:157} INFO - Started process (PID=878) to work on /home/airflow/.local/lib/python3.8/site-packages/airflow/example_dags/example_time_delta_sensor_async.py
[2024-06-17T18:04:18.970+0000] {processor.py:829} INFO - Processing file /home/airflow/.local/lib/python3.8/site-packages/airflow/example_dags/example_time_delta_sensor_async.py for tasks to queue
[2024-06-17T18:04:18.971+0000] {logging_mixin.py:151} INFO - [2024-06-17T18:04:18.971+0000] {dagbag.py:539} INFO - Filling up the DagBag from /home/airflow/.local/lib/python3.8/site-packages/airflow/example_dags/example_time_delta_sensor_async.py
[2024-06-17T18:04:18.973+0000] {processor.py:839} INFO - DAG(s) dict_keys(['example_time_delta_sensor_async']) retrieved from /home/airflow/.local/lib/python3.8/site-packages/airflow/example_dags/example_time_delta_sensor_async.py
[2024-06-17T18:04:18.981+0000] {logging_mixin.py:151} INFO - [2024-06-17T18:04:18.981+0000] {dag.py:2907} INFO - Sync 1 DAGs
[2024-06-17T18:04:18.986+0000] {logging_mixin.py:151} INFO - [2024-06-17T18:04:18.986+0000] {dag.py:3677} INFO - Setting next_dagrun for example_time_delta_sensor_async to None, run_after=None
[2024-06-17T18:04:18.992+0000] {processor.py:179} INFO - Processing /home/airflow/.local/lib/python3.8/site-packages/airflow/example_dags/example_time_delta_sensor_async.py took 0.024 seconds
[2024-06-17T18:04:43.539+0000] {processor.py:157} INFO - Started process (PID=52) to work on /home/airflow/.local/lib/python3.8/site-packages/airflow/example_dags/example_time_delta_sensor_async.py
[2024-06-17T18:04:43.539+0000] {processor.py:829} INFO - Processing file /home/airflow/.local/lib/python3.8/site-packages/airflow/example_dags/example_time_delta_sensor_async.py for tasks to queue
[2024-06-17T18:04:43.541+0000] {logging_mixin.py:151} INFO - [2024-06-17T18:04:43.541+0000] {dagbag.py:539} INFO - Filling up the DagBag from /home/airflow/.local/lib/python3.8/site-packages/airflow/example_dags/example_time_delta_sensor_async.py
[2024-06-17T18:04:43.543+0000] {processor.py:839} INFO - DAG(s) dict_keys(['example_time_delta_sensor_async']) retrieved from /home/airflow/.local/lib/python3.8/site-packages/airflow/example_dags/example_time_delta_sensor_async.py
[2024-06-17T18:04:43.549+0000] {logging_mixin.py:151} INFO - [2024-06-17T18:04:43.549+0000] {dag.py:2907} INFO - Sync 1 DAGs
[2024-06-17T18:04:43.555+0000] {logging_mixin.py:151} INFO - [2024-06-17T18:04:43.555+0000] {dag.py:3677} INFO - Setting next_dagrun for example_time_delta_sensor_async to None, run_after=None
[2024-06-17T18:04:43.568+0000] {processor.py:179} INFO - Processing /home/airflow/.local/lib/python3.8/site-packages/airflow/example_dags/example_time_delta_sensor_async.py took 0.030 seconds
[2024-06-17T18:05:14.940+0000] {processor.py:157} INFO - Started process (PID=107) to work on /home/airflow/.local/lib/python3.8/site-packages/airflow/example_dags/example_time_delta_sensor_async.py
[2024-06-17T18:05:14.941+0000] {processor.py:829} INFO - Processing file /home/airflow/.local/lib/python3.8/site-packages/airflow/example_dags/example_time_delta_sensor_async.py for tasks to queue
[2024-06-17T18:05:14.942+0000] {logging_mixin.py:151} INFO - [2024-06-17T18:05:14.942+0000] {dagbag.py:539} INFO - Filling up the DagBag from /home/airflow/.local/lib/python3.8/site-packages/airflow/example_dags/example_time_delta_sensor_async.py
[2024-06-17T18:05:14.944+0000] {processor.py:839} INFO - DAG(s) dict_keys(['example_time_delta_sensor_async']) retrieved from /home/airflow/.local/lib/python3.8/site-packages/airflow/example_dags/example_time_delta_sensor_async.py
[2024-06-17T18:05:15.020+0000] {logging_mixin.py:151} INFO - [2024-06-17T18:05:15.019+0000] {dag.py:2907} INFO - Sync 1 DAGs
[2024-06-17T18:05:15.025+0000] {logging_mixin.py:151} INFO - [2024-06-17T18:05:15.025+0000] {dag.py:3677} INFO - Setting next_dagrun for example_time_delta_sensor_async to None, run_after=None
[2024-06-17T18:05:15.032+0000] {processor.py:179} INFO - Processing /home/airflow/.local/lib/python3.8/site-packages/airflow/example_dags/example_time_delta_sensor_async.py took 0.093 seconds
[2024-06-17T18:05:45.905+0000] {processor.py:157} INFO - Started process (PID=162) to work on /home/airflow/.local/lib/python3.8/site-packages/airflow/example_dags/example_time_delta_sensor_async.py
[2024-06-17T18:05:45.905+0000] {processor.py:829} INFO - Processing file /home/airflow/.local/lib/python3.8/site-packages/airflow/example_dags/example_time_delta_sensor_async.py for tasks to queue
[2024-06-17T18:05:45.907+0000] {logging_mixin.py:151} INFO - [2024-06-17T18:05:45.907+0000] {dagbag.py:539} INFO - Filling up the DagBag from /home/airflow/.local/lib/python3.8/site-packages/airflow/example_dags/example_time_delta_sensor_async.py
[2024-06-17T18:05:45.909+0000] {processor.py:839} INFO - DAG(s) dict_keys(['example_time_delta_sensor_async']) retrieved from /home/airflow/.local/lib/python3.8/site-packages/airflow/example_dags/example_time_delta_sensor_async.py
[2024-06-17T18:05:45.918+0000] {logging_mixin.py:151} INFO - [2024-06-17T18:05:45.918+0000] {dag.py:2907} INFO - Sync 1 DAGs
[2024-06-17T18:05:45.924+0000] {logging_mixin.py:151} INFO - [2024-06-17T18:05:45.924+0000] {dag.py:3677} INFO - Setting next_dagrun for example_time_delta_sensor_async to None, run_after=None
[2024-06-17T18:05:45.931+0000] {processor.py:179} INFO - Processing /home/airflow/.local/lib/python3.8/site-packages/airflow/example_dags/example_time_delta_sensor_async.py took 0.027 seconds
[2024-06-17T18:06:16.578+0000] {processor.py:157} INFO - Started process (PID=217) to work on /home/airflow/.local/lib/python3.8/site-packages/airflow/example_dags/example_time_delta_sensor_async.py
[2024-06-17T18:06:16.579+0000] {processor.py:829} INFO - Processing file /home/airflow/.local/lib/python3.8/site-packages/airflow/example_dags/example_time_delta_sensor_async.py for tasks to queue
[2024-06-17T18:06:16.580+0000] {logging_mixin.py:151} INFO - [2024-06-17T18:06:16.580+0000] {dagbag.py:539} INFO - Filling up the DagBag from /home/airflow/.local/lib/python3.8/site-packages/airflow/example_dags/example_time_delta_sensor_async.py
[2024-06-17T18:06:16.582+0000] {processor.py:839} INFO - DAG(s) dict_keys(['example_time_delta_sensor_async']) retrieved from /home/airflow/.local/lib/python3.8/site-packages/airflow/example_dags/example_time_delta_sensor_async.py
[2024-06-17T18:06:16.591+0000] {logging_mixin.py:151} INFO - [2024-06-17T18:06:16.591+0000] {dag.py:2907} INFO - Sync 1 DAGs
[2024-06-17T18:06:16.596+0000] {logging_mixin.py:151} INFO - [2024-06-17T18:06:16.596+0000] {dag.py:3677} INFO - Setting next_dagrun for example_time_delta_sensor_async to None, run_after=None
[2024-06-17T18:06:16.603+0000] {processor.py:179} INFO - Processing /home/airflow/.local/lib/python3.8/site-packages/airflow/example_dags/example_time_delta_sensor_async.py took 0.026 seconds
[2024-06-17T18:06:47.216+0000] {processor.py:157} INFO - Started process (PID=272) to work on /home/airflow/.local/lib/python3.8/site-packages/airflow/example_dags/example_time_delta_sensor_async.py
[2024-06-17T18:06:47.217+0000] {processor.py:829} INFO - Processing file /home/airflow/.local/lib/python3.8/site-packages/airflow/example_dags/example_time_delta_sensor_async.py for tasks to queue
[2024-06-17T18:06:47.218+0000] {logging_mixin.py:151} INFO - [2024-06-17T18:06:47.218+0000] {dagbag.py:539} INFO - Filling up the DagBag from /home/airflow/.local/lib/python3.8/site-packages/airflow/example_dags/example_time_delta_sensor_async.py
[2024-06-17T18:06:47.220+0000] {processor.py:839} INFO - DAG(s) dict_keys(['example_time_delta_sensor_async']) retrieved from /home/airflow/.local/lib/python3.8/site-packages/airflow/example_dags/example_time_delta_sensor_async.py
[2024-06-17T18:06:47.229+0000] {logging_mixin.py:151} INFO - [2024-06-17T18:06:47.229+0000] {dag.py:2907} INFO - Sync 1 DAGs
[2024-06-17T18:06:47.234+0000] {logging_mixin.py:151} INFO - [2024-06-17T18:06:47.234+0000] {dag.py:3677} INFO - Setting next_dagrun for example_time_delta_sensor_async to None, run_after=None
[2024-06-17T18:06:47.241+0000] {processor.py:179} INFO - Processing /home/airflow/.local/lib/python3.8/site-packages/airflow/example_dags/example_time_delta_sensor_async.py took 0.027 seconds
[2024-06-17T18:07:17.616+0000] {processor.py:157} INFO - Started process (PID=327) to work on /home/airflow/.local/lib/python3.8/site-packages/airflow/example_dags/example_time_delta_sensor_async.py
[2024-06-17T18:07:17.617+0000] {processor.py:829} INFO - Processing file /home/airflow/.local/lib/python3.8/site-packages/airflow/example_dags/example_time_delta_sensor_async.py for tasks to queue
[2024-06-17T18:07:17.618+0000] {logging_mixin.py:151} INFO - [2024-06-17T18:07:17.618+0000] {dagbag.py:539} INFO - Filling up the DagBag from /home/airflow/.local/lib/python3.8/site-packages/airflow/example_dags/example_time_delta_sensor_async.py
[2024-06-17T18:07:17.620+0000] {processor.py:839} INFO - DAG(s) dict_keys(['example_time_delta_sensor_async']) retrieved from /home/airflow/.local/lib/python3.8/site-packages/airflow/example_dags/example_time_delta_sensor_async.py
[2024-06-17T18:07:17.629+0000] {logging_mixin.py:151} INFO - [2024-06-17T18:07:17.629+0000] {dag.py:2907} INFO - Sync 1 DAGs
[2024-06-17T18:07:17.634+0000] {logging_mixin.py:151} INFO - [2024-06-17T18:07:17.634+0000] {dag.py:3677} INFO - Setting next_dagrun for example_time_delta_sensor_async to None, run_after=None
[2024-06-17T18:07:17.641+0000] {processor.py:179} INFO - Processing /home/airflow/.local/lib/python3.8/site-packages/airflow/example_dags/example_time_delta_sensor_async.py took 0.027 seconds
