[2024-06-17T17:56:39.967+0000] {processor.py:157} INFO - Started process (PID=41) to work on /home/airflow/.local/lib/python3.8/site-packages/airflow/example_dags/example_trigger_target_dag.py
[2024-06-17T17:56:39.967+0000] {processor.py:829} INFO - Processing file /home/airflow/.local/lib/python3.8/site-packages/airflow/example_dags/example_trigger_target_dag.py for tasks to queue
[2024-06-17T17:56:39.968+0000] {logging_mixin.py:151} INFO - [2024-06-17T17:56:39.968+0000] {dagbag.py:539} INFO - Filling up the DagBag from /home/airflow/.local/lib/python3.8/site-packages/airflow/example_dags/example_trigger_target_dag.py
[2024-06-17T17:56:39.972+0000] {processor.py:839} INFO - DAG(s) dict_keys(['example_trigger_target_dag']) retrieved from /home/airflow/.local/lib/python3.8/site-packages/airflow/example_dags/example_trigger_target_dag.py
[2024-06-17T17:56:40.088+0000] {logging_mixin.py:151} INFO - [2024-06-17T17:56:40.088+0000] {manager.py:501} INFO - Created Permission View: can delete on DAG:example_trigger_target_dag
[2024-06-17T17:56:40.091+0000] {logging_mixin.py:151} INFO - [2024-06-17T17:56:40.091+0000] {manager.py:501} INFO - Created Permission View: can read on DAG:example_trigger_target_dag
[2024-06-17T17:56:40.094+0000] {logging_mixin.py:151} INFO - [2024-06-17T17:56:40.093+0000] {manager.py:501} INFO - Created Permission View: can edit on DAG:example_trigger_target_dag
[2024-06-17T17:56:40.099+0000] {logging_mixin.py:151} INFO - [2024-06-17T17:56:40.099+0000] {dag.py:2907} INFO - Sync 1 DAGs
[2024-06-17T17:56:40.103+0000] {logging_mixin.py:151} INFO - [2024-06-17T17:56:40.103+0000] {dag.py:2929} INFO - Creating ORM DAG for example_trigger_target_dag
[2024-06-17T17:56:40.103+0000] {logging_mixin.py:151} INFO - [2024-06-17T17:56:40.103+0000] {dag.py:3677} INFO - Setting next_dagrun for example_trigger_target_dag to None, run_after=None
[2024-06-17T17:56:40.109+0000] {processor.py:179} INFO - Processing /home/airflow/.local/lib/python3.8/site-packages/airflow/example_dags/example_trigger_target_dag.py took 0.144 seconds
[2024-06-17T17:57:10.205+0000] {processor.py:157} INFO - Started process (PID=96) to work on /home/airflow/.local/lib/python3.8/site-packages/airflow/example_dags/example_trigger_target_dag.py
[2024-06-17T17:57:10.205+0000] {processor.py:829} INFO - Processing file /home/airflow/.local/lib/python3.8/site-packages/airflow/example_dags/example_trigger_target_dag.py for tasks to queue
[2024-06-17T17:57:10.207+0000] {logging_mixin.py:151} INFO - [2024-06-17T17:57:10.206+0000] {dagbag.py:539} INFO - Filling up the DagBag from /home/airflow/.local/lib/python3.8/site-packages/airflow/example_dags/example_trigger_target_dag.py
[2024-06-17T17:57:10.210+0000] {processor.py:839} INFO - DAG(s) dict_keys(['example_trigger_target_dag']) retrieved from /home/airflow/.local/lib/python3.8/site-packages/airflow/example_dags/example_trigger_target_dag.py
[2024-06-17T17:57:10.219+0000] {logging_mixin.py:151} INFO - [2024-06-17T17:57:10.219+0000] {dag.py:2907} INFO - Sync 1 DAGs
[2024-06-17T17:57:10.226+0000] {logging_mixin.py:151} INFO - [2024-06-17T17:57:10.226+0000] {dag.py:3677} INFO - Setting next_dagrun for example_trigger_target_dag to None, run_after=None
[2024-06-17T17:57:10.233+0000] {processor.py:179} INFO - Processing /home/airflow/.local/lib/python3.8/site-packages/airflow/example_dags/example_trigger_target_dag.py took 0.030 seconds
[2024-06-17T17:57:40.775+0000] {processor.py:157} INFO - Started process (PID=151) to work on /home/airflow/.local/lib/python3.8/site-packages/airflow/example_dags/example_trigger_target_dag.py
[2024-06-17T17:57:40.776+0000] {processor.py:829} INFO - Processing file /home/airflow/.local/lib/python3.8/site-packages/airflow/example_dags/example_trigger_target_dag.py for tasks to queue
[2024-06-17T17:57:40.777+0000] {logging_mixin.py:151} INFO - [2024-06-17T17:57:40.777+0000] {dagbag.py:539} INFO - Filling up the DagBag from /home/airflow/.local/lib/python3.8/site-packages/airflow/example_dags/example_trigger_target_dag.py
[2024-06-17T17:57:40.780+0000] {processor.py:839} INFO - DAG(s) dict_keys(['example_trigger_target_dag']) retrieved from /home/airflow/.local/lib/python3.8/site-packages/airflow/example_dags/example_trigger_target_dag.py
[2024-06-17T17:57:40.789+0000] {logging_mixin.py:151} INFO - [2024-06-17T17:57:40.789+0000] {dag.py:2907} INFO - Sync 1 DAGs
[2024-06-17T17:57:40.795+0000] {logging_mixin.py:151} INFO - [2024-06-17T17:57:40.795+0000] {dag.py:3677} INFO - Setting next_dagrun for example_trigger_target_dag to None, run_after=None
[2024-06-17T17:57:40.802+0000] {processor.py:179} INFO - Processing /home/airflow/.local/lib/python3.8/site-packages/airflow/example_dags/example_trigger_target_dag.py took 0.029 seconds
[2024-06-17T17:58:11.352+0000] {processor.py:157} INFO - Started process (PID=206) to work on /home/airflow/.local/lib/python3.8/site-packages/airflow/example_dags/example_trigger_target_dag.py
[2024-06-17T17:58:11.352+0000] {processor.py:829} INFO - Processing file /home/airflow/.local/lib/python3.8/site-packages/airflow/example_dags/example_trigger_target_dag.py for tasks to queue
[2024-06-17T17:58:11.354+0000] {logging_mixin.py:151} INFO - [2024-06-17T17:58:11.353+0000] {dagbag.py:539} INFO - Filling up the DagBag from /home/airflow/.local/lib/python3.8/site-packages/airflow/example_dags/example_trigger_target_dag.py
[2024-06-17T17:58:11.357+0000] {processor.py:839} INFO - DAG(s) dict_keys(['example_trigger_target_dag']) retrieved from /home/airflow/.local/lib/python3.8/site-packages/airflow/example_dags/example_trigger_target_dag.py
[2024-06-17T17:58:11.367+0000] {logging_mixin.py:151} INFO - [2024-06-17T17:58:11.367+0000] {dag.py:2907} INFO - Sync 1 DAGs
[2024-06-17T17:58:11.373+0000] {logging_mixin.py:151} INFO - [2024-06-17T17:58:11.373+0000] {dag.py:3677} INFO - Setting next_dagrun for example_trigger_target_dag to None, run_after=None
[2024-06-17T17:58:11.380+0000] {processor.py:179} INFO - Processing /home/airflow/.local/lib/python3.8/site-packages/airflow/example_dags/example_trigger_target_dag.py took 0.030 seconds
[2024-06-17T17:58:41.872+0000] {processor.py:157} INFO - Started process (PID=261) to work on /home/airflow/.local/lib/python3.8/site-packages/airflow/example_dags/example_trigger_target_dag.py
[2024-06-17T17:58:41.873+0000] {processor.py:829} INFO - Processing file /home/airflow/.local/lib/python3.8/site-packages/airflow/example_dags/example_trigger_target_dag.py for tasks to queue
[2024-06-17T17:58:41.874+0000] {logging_mixin.py:151} INFO - [2024-06-17T17:58:41.874+0000] {dagbag.py:539} INFO - Filling up the DagBag from /home/airflow/.local/lib/python3.8/site-packages/airflow/example_dags/example_trigger_target_dag.py
[2024-06-17T17:58:41.878+0000] {processor.py:839} INFO - DAG(s) dict_keys(['example_trigger_target_dag']) retrieved from /home/airflow/.local/lib/python3.8/site-packages/airflow/example_dags/example_trigger_target_dag.py
[2024-06-17T17:58:41.889+0000] {logging_mixin.py:151} INFO - [2024-06-17T17:58:41.889+0000] {dag.py:2907} INFO - Sync 1 DAGs
[2024-06-17T17:58:41.895+0000] {logging_mixin.py:151} INFO - [2024-06-17T17:58:41.894+0000] {dag.py:3677} INFO - Setting next_dagrun for example_trigger_target_dag to None, run_after=None
[2024-06-17T17:58:41.902+0000] {processor.py:179} INFO - Processing /home/airflow/.local/lib/python3.8/site-packages/airflow/example_dags/example_trigger_target_dag.py took 0.033 seconds
[2024-06-17T17:59:12.400+0000] {processor.py:157} INFO - Started process (PID=316) to work on /home/airflow/.local/lib/python3.8/site-packages/airflow/example_dags/example_trigger_target_dag.py
[2024-06-17T17:59:12.400+0000] {processor.py:829} INFO - Processing file /home/airflow/.local/lib/python3.8/site-packages/airflow/example_dags/example_trigger_target_dag.py for tasks to queue
[2024-06-17T17:59:12.402+0000] {logging_mixin.py:151} INFO - [2024-06-17T17:59:12.402+0000] {dagbag.py:539} INFO - Filling up the DagBag from /home/airflow/.local/lib/python3.8/site-packages/airflow/example_dags/example_trigger_target_dag.py
[2024-06-17T17:59:12.406+0000] {processor.py:839} INFO - DAG(s) dict_keys(['example_trigger_target_dag']) retrieved from /home/airflow/.local/lib/python3.8/site-packages/airflow/example_dags/example_trigger_target_dag.py
[2024-06-17T17:59:12.417+0000] {logging_mixin.py:151} INFO - [2024-06-17T17:59:12.417+0000] {dag.py:2907} INFO - Sync 1 DAGs
[2024-06-17T17:59:12.423+0000] {logging_mixin.py:151} INFO - [2024-06-17T17:59:12.423+0000] {dag.py:3677} INFO - Setting next_dagrun for example_trigger_target_dag to None, run_after=None
[2024-06-17T17:59:12.431+0000] {processor.py:179} INFO - Processing /home/airflow/.local/lib/python3.8/site-packages/airflow/example_dags/example_trigger_target_dag.py took 0.034 seconds
[2024-06-17T17:59:42.869+0000] {processor.py:157} INFO - Started process (PID=371) to work on /home/airflow/.local/lib/python3.8/site-packages/airflow/example_dags/example_trigger_target_dag.py
[2024-06-17T17:59:42.870+0000] {processor.py:829} INFO - Processing file /home/airflow/.local/lib/python3.8/site-packages/airflow/example_dags/example_trigger_target_dag.py for tasks to queue
[2024-06-17T17:59:42.871+0000] {logging_mixin.py:151} INFO - [2024-06-17T17:59:42.871+0000] {dagbag.py:539} INFO - Filling up the DagBag from /home/airflow/.local/lib/python3.8/site-packages/airflow/example_dags/example_trigger_target_dag.py
[2024-06-17T17:59:42.874+0000] {processor.py:839} INFO - DAG(s) dict_keys(['example_trigger_target_dag']) retrieved from /home/airflow/.local/lib/python3.8/site-packages/airflow/example_dags/example_trigger_target_dag.py
[2024-06-17T17:59:42.883+0000] {logging_mixin.py:151} INFO - [2024-06-17T17:59:42.883+0000] {dag.py:2907} INFO - Sync 1 DAGs
[2024-06-17T17:59:42.888+0000] {logging_mixin.py:151} INFO - [2024-06-17T17:59:42.888+0000] {dag.py:3677} INFO - Setting next_dagrun for example_trigger_target_dag to None, run_after=None
[2024-06-17T17:59:42.896+0000] {processor.py:179} INFO - Processing /home/airflow/.local/lib/python3.8/site-packages/airflow/example_dags/example_trigger_target_dag.py took 0.028 seconds
[2024-06-17T18:00:13.429+0000] {processor.py:157} INFO - Started process (PID=426) to work on /home/airflow/.local/lib/python3.8/site-packages/airflow/example_dags/example_trigger_target_dag.py
[2024-06-17T18:00:13.429+0000] {processor.py:829} INFO - Processing file /home/airflow/.local/lib/python3.8/site-packages/airflow/example_dags/example_trigger_target_dag.py for tasks to queue
[2024-06-17T18:00:13.430+0000] {logging_mixin.py:151} INFO - [2024-06-17T18:00:13.430+0000] {dagbag.py:539} INFO - Filling up the DagBag from /home/airflow/.local/lib/python3.8/site-packages/airflow/example_dags/example_trigger_target_dag.py
[2024-06-17T18:00:13.434+0000] {processor.py:839} INFO - DAG(s) dict_keys(['example_trigger_target_dag']) retrieved from /home/airflow/.local/lib/python3.8/site-packages/airflow/example_dags/example_trigger_target_dag.py
[2024-06-17T18:00:13.443+0000] {logging_mixin.py:151} INFO - [2024-06-17T18:00:13.443+0000] {dag.py:2907} INFO - Sync 1 DAGs
[2024-06-17T18:00:13.450+0000] {logging_mixin.py:151} INFO - [2024-06-17T18:00:13.449+0000] {dag.py:3677} INFO - Setting next_dagrun for example_trigger_target_dag to None, run_after=None
[2024-06-17T18:00:13.457+0000] {processor.py:179} INFO - Processing /home/airflow/.local/lib/python3.8/site-packages/airflow/example_dags/example_trigger_target_dag.py took 0.030 seconds
[2024-06-17T18:00:43.925+0000] {processor.py:157} INFO - Started process (PID=481) to work on /home/airflow/.local/lib/python3.8/site-packages/airflow/example_dags/example_trigger_target_dag.py
[2024-06-17T18:00:43.926+0000] {processor.py:829} INFO - Processing file /home/airflow/.local/lib/python3.8/site-packages/airflow/example_dags/example_trigger_target_dag.py for tasks to queue
[2024-06-17T18:00:43.927+0000] {logging_mixin.py:151} INFO - [2024-06-17T18:00:43.927+0000] {dagbag.py:539} INFO - Filling up the DagBag from /home/airflow/.local/lib/python3.8/site-packages/airflow/example_dags/example_trigger_target_dag.py
[2024-06-17T18:00:43.930+0000] {processor.py:839} INFO - DAG(s) dict_keys(['example_trigger_target_dag']) retrieved from /home/airflow/.local/lib/python3.8/site-packages/airflow/example_dags/example_trigger_target_dag.py
[2024-06-17T18:00:43.940+0000] {logging_mixin.py:151} INFO - [2024-06-17T18:00:43.940+0000] {dag.py:2907} INFO - Sync 1 DAGs
[2024-06-17T18:00:43.947+0000] {logging_mixin.py:151} INFO - [2024-06-17T18:00:43.946+0000] {dag.py:3677} INFO - Setting next_dagrun for example_trigger_target_dag to None, run_after=None
[2024-06-17T18:00:43.954+0000] {processor.py:179} INFO - Processing /home/airflow/.local/lib/python3.8/site-packages/airflow/example_dags/example_trigger_target_dag.py took 0.030 seconds
[2024-06-17T18:01:14.499+0000] {processor.py:157} INFO - Started process (PID=536) to work on /home/airflow/.local/lib/python3.8/site-packages/airflow/example_dags/example_trigger_target_dag.py
[2024-06-17T18:01:14.499+0000] {processor.py:829} INFO - Processing file /home/airflow/.local/lib/python3.8/site-packages/airflow/example_dags/example_trigger_target_dag.py for tasks to queue
[2024-06-17T18:01:14.500+0000] {logging_mixin.py:151} INFO - [2024-06-17T18:01:14.500+0000] {dagbag.py:539} INFO - Filling up the DagBag from /home/airflow/.local/lib/python3.8/site-packages/airflow/example_dags/example_trigger_target_dag.py
[2024-06-17T18:01:14.503+0000] {processor.py:839} INFO - DAG(s) dict_keys(['example_trigger_target_dag']) retrieved from /home/airflow/.local/lib/python3.8/site-packages/airflow/example_dags/example_trigger_target_dag.py
[2024-06-17T18:01:14.513+0000] {logging_mixin.py:151} INFO - [2024-06-17T18:01:14.512+0000] {dag.py:2907} INFO - Sync 1 DAGs
[2024-06-17T18:01:14.518+0000] {logging_mixin.py:151} INFO - [2024-06-17T18:01:14.518+0000] {dag.py:3677} INFO - Setting next_dagrun for example_trigger_target_dag to None, run_after=None
[2024-06-17T18:01:14.525+0000] {processor.py:179} INFO - Processing /home/airflow/.local/lib/python3.8/site-packages/airflow/example_dags/example_trigger_target_dag.py took 0.029 seconds
[2024-06-17T18:01:45.036+0000] {processor.py:157} INFO - Started process (PID=591) to work on /home/airflow/.local/lib/python3.8/site-packages/airflow/example_dags/example_trigger_target_dag.py
[2024-06-17T18:01:45.037+0000] {processor.py:829} INFO - Processing file /home/airflow/.local/lib/python3.8/site-packages/airflow/example_dags/example_trigger_target_dag.py for tasks to queue
[2024-06-17T18:01:45.038+0000] {logging_mixin.py:151} INFO - [2024-06-17T18:01:45.038+0000] {dagbag.py:539} INFO - Filling up the DagBag from /home/airflow/.local/lib/python3.8/site-packages/airflow/example_dags/example_trigger_target_dag.py
[2024-06-17T18:01:45.041+0000] {processor.py:839} INFO - DAG(s) dict_keys(['example_trigger_target_dag']) retrieved from /home/airflow/.local/lib/python3.8/site-packages/airflow/example_dags/example_trigger_target_dag.py
[2024-06-17T18:01:45.051+0000] {logging_mixin.py:151} INFO - [2024-06-17T18:01:45.051+0000] {dag.py:2907} INFO - Sync 1 DAGs
[2024-06-17T18:01:45.057+0000] {logging_mixin.py:151} INFO - [2024-06-17T18:01:45.057+0000] {dag.py:3677} INFO - Setting next_dagrun for example_trigger_target_dag to None, run_after=None
[2024-06-17T18:01:45.063+0000] {processor.py:179} INFO - Processing /home/airflow/.local/lib/python3.8/site-packages/airflow/example_dags/example_trigger_target_dag.py took 0.029 seconds
[2024-06-17T18:02:15.625+0000] {processor.py:157} INFO - Started process (PID=646) to work on /home/airflow/.local/lib/python3.8/site-packages/airflow/example_dags/example_trigger_target_dag.py
[2024-06-17T18:02:15.625+0000] {processor.py:829} INFO - Processing file /home/airflow/.local/lib/python3.8/site-packages/airflow/example_dags/example_trigger_target_dag.py for tasks to queue
[2024-06-17T18:02:15.626+0000] {logging_mixin.py:151} INFO - [2024-06-17T18:02:15.626+0000] {dagbag.py:539} INFO - Filling up the DagBag from /home/airflow/.local/lib/python3.8/site-packages/airflow/example_dags/example_trigger_target_dag.py
[2024-06-17T18:02:15.630+0000] {processor.py:839} INFO - DAG(s) dict_keys(['example_trigger_target_dag']) retrieved from /home/airflow/.local/lib/python3.8/site-packages/airflow/example_dags/example_trigger_target_dag.py
[2024-06-17T18:02:15.639+0000] {logging_mixin.py:151} INFO - [2024-06-17T18:02:15.639+0000] {dag.py:2907} INFO - Sync 1 DAGs
[2024-06-17T18:02:15.645+0000] {logging_mixin.py:151} INFO - [2024-06-17T18:02:15.645+0000] {dag.py:3677} INFO - Setting next_dagrun for example_trigger_target_dag to None, run_after=None
[2024-06-17T18:02:15.652+0000] {processor.py:179} INFO - Processing /home/airflow/.local/lib/python3.8/site-packages/airflow/example_dags/example_trigger_target_dag.py took 0.030 seconds
[2024-06-17T18:02:46.192+0000] {processor.py:157} INFO - Started process (PID=701) to work on /home/airflow/.local/lib/python3.8/site-packages/airflow/example_dags/example_trigger_target_dag.py
[2024-06-17T18:02:46.193+0000] {processor.py:829} INFO - Processing file /home/airflow/.local/lib/python3.8/site-packages/airflow/example_dags/example_trigger_target_dag.py for tasks to queue
[2024-06-17T18:02:46.194+0000] {logging_mixin.py:151} INFO - [2024-06-17T18:02:46.194+0000] {dagbag.py:539} INFO - Filling up the DagBag from /home/airflow/.local/lib/python3.8/site-packages/airflow/example_dags/example_trigger_target_dag.py
[2024-06-17T18:02:46.197+0000] {processor.py:839} INFO - DAG(s) dict_keys(['example_trigger_target_dag']) retrieved from /home/airflow/.local/lib/python3.8/site-packages/airflow/example_dags/example_trigger_target_dag.py
[2024-06-17T18:02:46.207+0000] {logging_mixin.py:151} INFO - [2024-06-17T18:02:46.207+0000] {dag.py:2907} INFO - Sync 1 DAGs
[2024-06-17T18:02:46.213+0000] {logging_mixin.py:151} INFO - [2024-06-17T18:02:46.213+0000] {dag.py:3677} INFO - Setting next_dagrun for example_trigger_target_dag to None, run_after=None
[2024-06-17T18:02:46.220+0000] {processor.py:179} INFO - Processing /home/airflow/.local/lib/python3.8/site-packages/airflow/example_dags/example_trigger_target_dag.py took 0.029 seconds
[2024-06-17T18:03:16.705+0000] {processor.py:157} INFO - Started process (PID=756) to work on /home/airflow/.local/lib/python3.8/site-packages/airflow/example_dags/example_trigger_target_dag.py
[2024-06-17T18:03:16.706+0000] {processor.py:829} INFO - Processing file /home/airflow/.local/lib/python3.8/site-packages/airflow/example_dags/example_trigger_target_dag.py for tasks to queue
[2024-06-17T18:03:16.708+0000] {logging_mixin.py:151} INFO - [2024-06-17T18:03:16.708+0000] {dagbag.py:539} INFO - Filling up the DagBag from /home/airflow/.local/lib/python3.8/site-packages/airflow/example_dags/example_trigger_target_dag.py
[2024-06-17T18:03:16.712+0000] {processor.py:839} INFO - DAG(s) dict_keys(['example_trigger_target_dag']) retrieved from /home/airflow/.local/lib/python3.8/site-packages/airflow/example_dags/example_trigger_target_dag.py
[2024-06-17T18:03:16.723+0000] {logging_mixin.py:151} INFO - [2024-06-17T18:03:16.723+0000] {dag.py:2907} INFO - Sync 1 DAGs
[2024-06-17T18:03:16.729+0000] {logging_mixin.py:151} INFO - [2024-06-17T18:03:16.729+0000] {dag.py:3677} INFO - Setting next_dagrun for example_trigger_target_dag to None, run_after=None
[2024-06-17T18:03:16.737+0000] {processor.py:179} INFO - Processing /home/airflow/.local/lib/python3.8/site-packages/airflow/example_dags/example_trigger_target_dag.py took 0.035 seconds
[2024-06-17T18:03:47.160+0000] {processor.py:157} INFO - Started process (PID=811) to work on /home/airflow/.local/lib/python3.8/site-packages/airflow/example_dags/example_trigger_target_dag.py
[2024-06-17T18:03:47.161+0000] {processor.py:829} INFO - Processing file /home/airflow/.local/lib/python3.8/site-packages/airflow/example_dags/example_trigger_target_dag.py for tasks to queue
[2024-06-17T18:03:47.162+0000] {logging_mixin.py:151} INFO - [2024-06-17T18:03:47.162+0000] {dagbag.py:539} INFO - Filling up the DagBag from /home/airflow/.local/lib/python3.8/site-packages/airflow/example_dags/example_trigger_target_dag.py
[2024-06-17T18:03:47.165+0000] {processor.py:839} INFO - DAG(s) dict_keys(['example_trigger_target_dag']) retrieved from /home/airflow/.local/lib/python3.8/site-packages/airflow/example_dags/example_trigger_target_dag.py
[2024-06-17T18:03:47.175+0000] {logging_mixin.py:151} INFO - [2024-06-17T18:03:47.175+0000] {dag.py:2907} INFO - Sync 1 DAGs
[2024-06-17T18:03:47.180+0000] {logging_mixin.py:151} INFO - [2024-06-17T18:03:47.180+0000] {dag.py:3677} INFO - Setting next_dagrun for example_trigger_target_dag to None, run_after=None
[2024-06-17T18:03:47.187+0000] {processor.py:179} INFO - Processing /home/airflow/.local/lib/python3.8/site-packages/airflow/example_dags/example_trigger_target_dag.py took 0.029 seconds
[2024-06-17T18:04:17.656+0000] {processor.py:157} INFO - Started process (PID=866) to work on /home/airflow/.local/lib/python3.8/site-packages/airflow/example_dags/example_trigger_target_dag.py
[2024-06-17T18:04:17.657+0000] {processor.py:829} INFO - Processing file /home/airflow/.local/lib/python3.8/site-packages/airflow/example_dags/example_trigger_target_dag.py for tasks to queue
[2024-06-17T18:04:17.658+0000] {logging_mixin.py:151} INFO - [2024-06-17T18:04:17.658+0000] {dagbag.py:539} INFO - Filling up the DagBag from /home/airflow/.local/lib/python3.8/site-packages/airflow/example_dags/example_trigger_target_dag.py
[2024-06-17T18:04:17.660+0000] {processor.py:839} INFO - DAG(s) dict_keys(['example_trigger_target_dag']) retrieved from /home/airflow/.local/lib/python3.8/site-packages/airflow/example_dags/example_trigger_target_dag.py
[2024-06-17T18:04:17.674+0000] {logging_mixin.py:151} INFO - [2024-06-17T18:04:17.673+0000] {dag.py:2907} INFO - Sync 1 DAGs
[2024-06-17T18:04:17.680+0000] {logging_mixin.py:151} INFO - [2024-06-17T18:04:17.680+0000] {dag.py:3677} INFO - Setting next_dagrun for example_trigger_target_dag to None, run_after=None
[2024-06-17T18:04:17.688+0000] {processor.py:179} INFO - Processing /home/airflow/.local/lib/python3.8/site-packages/airflow/example_dags/example_trigger_target_dag.py took 0.033 seconds
[2024-06-17T18:04:43.251+0000] {processor.py:157} INFO - Started process (PID=40) to work on /home/airflow/.local/lib/python3.8/site-packages/airflow/example_dags/example_trigger_target_dag.py
[2024-06-17T18:04:43.251+0000] {processor.py:829} INFO - Processing file /home/airflow/.local/lib/python3.8/site-packages/airflow/example_dags/example_trigger_target_dag.py for tasks to queue
[2024-06-17T18:04:43.252+0000] {logging_mixin.py:151} INFO - [2024-06-17T18:04:43.252+0000] {dagbag.py:539} INFO - Filling up the DagBag from /home/airflow/.local/lib/python3.8/site-packages/airflow/example_dags/example_trigger_target_dag.py
[2024-06-17T18:04:43.257+0000] {processor.py:839} INFO - DAG(s) dict_keys(['example_trigger_target_dag']) retrieved from /home/airflow/.local/lib/python3.8/site-packages/airflow/example_dags/example_trigger_target_dag.py
[2024-06-17T18:04:43.262+0000] {logging_mixin.py:151} INFO - [2024-06-17T18:04:43.262+0000] {dag.py:2907} INFO - Sync 1 DAGs
[2024-06-17T18:04:43.268+0000] {logging_mixin.py:151} INFO - [2024-06-17T18:04:43.268+0000] {dag.py:3677} INFO - Setting next_dagrun for example_trigger_target_dag to None, run_after=None
[2024-06-17T18:04:43.276+0000] {processor.py:179} INFO - Processing /home/airflow/.local/lib/python3.8/site-packages/airflow/example_dags/example_trigger_target_dag.py took 0.027 seconds
[2024-06-17T18:05:14.066+0000] {processor.py:157} INFO - Started process (PID=95) to work on /home/airflow/.local/lib/python3.8/site-packages/airflow/example_dags/example_trigger_target_dag.py
[2024-06-17T18:05:14.067+0000] {processor.py:829} INFO - Processing file /home/airflow/.local/lib/python3.8/site-packages/airflow/example_dags/example_trigger_target_dag.py for tasks to queue
[2024-06-17T18:05:14.069+0000] {logging_mixin.py:151} INFO - [2024-06-17T18:05:14.069+0000] {dagbag.py:539} INFO - Filling up the DagBag from /home/airflow/.local/lib/python3.8/site-packages/airflow/example_dags/example_trigger_target_dag.py
[2024-06-17T18:05:14.075+0000] {processor.py:839} INFO - DAG(s) dict_keys(['example_trigger_target_dag']) retrieved from /home/airflow/.local/lib/python3.8/site-packages/airflow/example_dags/example_trigger_target_dag.py
[2024-06-17T18:05:14.180+0000] {logging_mixin.py:151} INFO - [2024-06-17T18:05:14.180+0000] {dag.py:2907} INFO - Sync 1 DAGs
[2024-06-17T18:05:14.185+0000] {logging_mixin.py:151} INFO - [2024-06-17T18:05:14.184+0000] {dag.py:3677} INFO - Setting next_dagrun for example_trigger_target_dag to None, run_after=None
[2024-06-17T18:05:14.191+0000] {processor.py:179} INFO - Processing /home/airflow/.local/lib/python3.8/site-packages/airflow/example_dags/example_trigger_target_dag.py took 0.129 seconds
[2024-06-17T18:05:44.591+0000] {processor.py:157} INFO - Started process (PID=150) to work on /home/airflow/.local/lib/python3.8/site-packages/airflow/example_dags/example_trigger_target_dag.py
[2024-06-17T18:05:44.592+0000] {processor.py:829} INFO - Processing file /home/airflow/.local/lib/python3.8/site-packages/airflow/example_dags/example_trigger_target_dag.py for tasks to queue
[2024-06-17T18:05:44.593+0000] {logging_mixin.py:151} INFO - [2024-06-17T18:05:44.593+0000] {dagbag.py:539} INFO - Filling up the DagBag from /home/airflow/.local/lib/python3.8/site-packages/airflow/example_dags/example_trigger_target_dag.py
[2024-06-17T18:05:44.596+0000] {processor.py:839} INFO - DAG(s) dict_keys(['example_trigger_target_dag']) retrieved from /home/airflow/.local/lib/python3.8/site-packages/airflow/example_dags/example_trigger_target_dag.py
[2024-06-17T18:05:44.605+0000] {logging_mixin.py:151} INFO - [2024-06-17T18:05:44.605+0000] {dag.py:2907} INFO - Sync 1 DAGs
[2024-06-17T18:05:44.611+0000] {logging_mixin.py:151} INFO - [2024-06-17T18:05:44.611+0000] {dag.py:3677} INFO - Setting next_dagrun for example_trigger_target_dag to None, run_after=None
[2024-06-17T18:05:44.618+0000] {processor.py:179} INFO - Processing /home/airflow/.local/lib/python3.8/site-packages/airflow/example_dags/example_trigger_target_dag.py took 0.029 seconds
[2024-06-17T18:06:15.258+0000] {processor.py:157} INFO - Started process (PID=205) to work on /home/airflow/.local/lib/python3.8/site-packages/airflow/example_dags/example_trigger_target_dag.py
[2024-06-17T18:06:15.258+0000] {processor.py:829} INFO - Processing file /home/airflow/.local/lib/python3.8/site-packages/airflow/example_dags/example_trigger_target_dag.py for tasks to queue
[2024-06-17T18:06:15.259+0000] {logging_mixin.py:151} INFO - [2024-06-17T18:06:15.259+0000] {dagbag.py:539} INFO - Filling up the DagBag from /home/airflow/.local/lib/python3.8/site-packages/airflow/example_dags/example_trigger_target_dag.py
[2024-06-17T18:06:15.263+0000] {processor.py:839} INFO - DAG(s) dict_keys(['example_trigger_target_dag']) retrieved from /home/airflow/.local/lib/python3.8/site-packages/airflow/example_dags/example_trigger_target_dag.py
[2024-06-17T18:06:15.273+0000] {logging_mixin.py:151} INFO - [2024-06-17T18:06:15.273+0000] {dag.py:2907} INFO - Sync 1 DAGs
[2024-06-17T18:06:15.279+0000] {logging_mixin.py:151} INFO - [2024-06-17T18:06:15.279+0000] {dag.py:3677} INFO - Setting next_dagrun for example_trigger_target_dag to None, run_after=None
[2024-06-17T18:06:15.285+0000] {processor.py:179} INFO - Processing /home/airflow/.local/lib/python3.8/site-packages/airflow/example_dags/example_trigger_target_dag.py took 0.029 seconds
[2024-06-17T18:06:45.894+0000] {processor.py:157} INFO - Started process (PID=260) to work on /home/airflow/.local/lib/python3.8/site-packages/airflow/example_dags/example_trigger_target_dag.py
[2024-06-17T18:06:45.894+0000] {processor.py:829} INFO - Processing file /home/airflow/.local/lib/python3.8/site-packages/airflow/example_dags/example_trigger_target_dag.py for tasks to queue
[2024-06-17T18:06:45.896+0000] {logging_mixin.py:151} INFO - [2024-06-17T18:06:45.895+0000] {dagbag.py:539} INFO - Filling up the DagBag from /home/airflow/.local/lib/python3.8/site-packages/airflow/example_dags/example_trigger_target_dag.py
[2024-06-17T18:06:45.899+0000] {processor.py:839} INFO - DAG(s) dict_keys(['example_trigger_target_dag']) retrieved from /home/airflow/.local/lib/python3.8/site-packages/airflow/example_dags/example_trigger_target_dag.py
[2024-06-17T18:06:45.908+0000] {logging_mixin.py:151} INFO - [2024-06-17T18:06:45.908+0000] {dag.py:2907} INFO - Sync 1 DAGs
[2024-06-17T18:06:45.914+0000] {logging_mixin.py:151} INFO - [2024-06-17T18:06:45.914+0000] {dag.py:3677} INFO - Setting next_dagrun for example_trigger_target_dag to None, run_after=None
[2024-06-17T18:06:45.922+0000] {processor.py:179} INFO - Processing /home/airflow/.local/lib/python3.8/site-packages/airflow/example_dags/example_trigger_target_dag.py took 0.030 seconds
[2024-06-17T18:07:16.296+0000] {processor.py:157} INFO - Started process (PID=315) to work on /home/airflow/.local/lib/python3.8/site-packages/airflow/example_dags/example_trigger_target_dag.py
[2024-06-17T18:07:16.297+0000] {processor.py:829} INFO - Processing file /home/airflow/.local/lib/python3.8/site-packages/airflow/example_dags/example_trigger_target_dag.py for tasks to queue
[2024-06-17T18:07:16.298+0000] {logging_mixin.py:151} INFO - [2024-06-17T18:07:16.298+0000] {dagbag.py:539} INFO - Filling up the DagBag from /home/airflow/.local/lib/python3.8/site-packages/airflow/example_dags/example_trigger_target_dag.py
[2024-06-17T18:07:16.301+0000] {processor.py:839} INFO - DAG(s) dict_keys(['example_trigger_target_dag']) retrieved from /home/airflow/.local/lib/python3.8/site-packages/airflow/example_dags/example_trigger_target_dag.py
[2024-06-17T18:07:16.311+0000] {logging_mixin.py:151} INFO - [2024-06-17T18:07:16.311+0000] {dag.py:2907} INFO - Sync 1 DAGs
[2024-06-17T18:07:16.316+0000] {logging_mixin.py:151} INFO - [2024-06-17T18:07:16.316+0000] {dag.py:3677} INFO - Setting next_dagrun for example_trigger_target_dag to None, run_after=None
[2024-06-17T18:07:16.323+0000] {processor.py:179} INFO - Processing /home/airflow/.local/lib/python3.8/site-packages/airflow/example_dags/example_trigger_target_dag.py took 0.029 seconds
