[2024-06-17T17:56:42.779+0000] {processor.py:157} INFO - Started process (PID=71) to work on /home/airflow/.local/lib/python3.8/site-packages/airflow/example_dags/example_task_group.py
[2024-06-17T17:56:42.779+0000] {processor.py:829} INFO - Processing file /home/airflow/.local/lib/python3.8/site-packages/airflow/example_dags/example_task_group.py for tasks to queue
[2024-06-17T17:56:42.780+0000] {logging_mixin.py:151} INFO - [2024-06-17T17:56:42.780+0000] {dagbag.py:539} INFO - Filling up the DagBag from /home/airflow/.local/lib/python3.8/site-packages/airflow/example_dags/example_task_group.py
[2024-06-17T17:56:42.784+0000] {processor.py:839} INFO - DAG(s) dict_keys(['example_task_group']) retrieved from /home/airflow/.local/lib/python3.8/site-packages/airflow/example_dags/example_task_group.py
[2024-06-17T17:56:42.825+0000] {logging_mixin.py:151} INFO - [2024-06-17T17:56:42.825+0000] {manager.py:501} INFO - Created Permission View: can delete on DAG:example_task_group
[2024-06-17T17:56:42.828+0000] {logging_mixin.py:151} INFO - [2024-06-17T17:56:42.828+0000] {manager.py:501} INFO - Created Permission View: can read on DAG:example_task_group
[2024-06-17T17:56:42.830+0000] {logging_mixin.py:151} INFO - [2024-06-17T17:56:42.830+0000] {manager.py:501} INFO - Created Permission View: can edit on DAG:example_task_group
[2024-06-17T17:56:42.835+0000] {logging_mixin.py:151} INFO - [2024-06-17T17:56:42.835+0000] {dag.py:2907} INFO - Sync 1 DAGs
[2024-06-17T17:56:42.839+0000] {logging_mixin.py:151} INFO - [2024-06-17T17:56:42.839+0000] {dag.py:2929} INFO - Creating ORM DAG for example_task_group
[2024-06-17T17:56:42.843+0000] {logging_mixin.py:151} INFO - [2024-06-17T17:56:42.843+0000] {dag.py:3677} INFO - Setting next_dagrun for example_task_group to 2024-06-16T17:56:42.843328+00:00, run_after=2024-06-17T17:56:42.843328+00:00
[2024-06-17T17:56:42.849+0000] {processor.py:179} INFO - Processing /home/airflow/.local/lib/python3.8/site-packages/airflow/example_dags/example_task_group.py took 0.072 seconds
[2024-06-17T17:57:13.021+0000] {processor.py:157} INFO - Started process (PID=126) to work on /home/airflow/.local/lib/python3.8/site-packages/airflow/example_dags/example_task_group.py
[2024-06-17T17:57:13.021+0000] {processor.py:829} INFO - Processing file /home/airflow/.local/lib/python3.8/site-packages/airflow/example_dags/example_task_group.py for tasks to queue
[2024-06-17T17:57:13.022+0000] {logging_mixin.py:151} INFO - [2024-06-17T17:57:13.022+0000] {dagbag.py:539} INFO - Filling up the DagBag from /home/airflow/.local/lib/python3.8/site-packages/airflow/example_dags/example_task_group.py
[2024-06-17T17:57:13.026+0000] {processor.py:839} INFO - DAG(s) dict_keys(['example_task_group']) retrieved from /home/airflow/.local/lib/python3.8/site-packages/airflow/example_dags/example_task_group.py
[2024-06-17T17:57:13.035+0000] {logging_mixin.py:151} INFO - [2024-06-17T17:57:13.035+0000] {dag.py:2907} INFO - Sync 1 DAGs
[2024-06-17T17:57:13.044+0000] {logging_mixin.py:151} INFO - [2024-06-17T17:57:13.044+0000] {dag.py:3677} INFO - Setting next_dagrun for example_task_group to 2024-06-16T17:57:13.044214+00:00, run_after=2024-06-17T17:57:13.044214+00:00
[2024-06-17T17:57:13.052+0000] {processor.py:179} INFO - Processing /home/airflow/.local/lib/python3.8/site-packages/airflow/example_dags/example_task_group.py took 0.032 seconds
[2024-06-17T17:57:43.604+0000] {processor.py:157} INFO - Started process (PID=181) to work on /home/airflow/.local/lib/python3.8/site-packages/airflow/example_dags/example_task_group.py
[2024-06-17T17:57:43.604+0000] {processor.py:829} INFO - Processing file /home/airflow/.local/lib/python3.8/site-packages/airflow/example_dags/example_task_group.py for tasks to queue
[2024-06-17T17:57:43.605+0000] {logging_mixin.py:151} INFO - [2024-06-17T17:57:43.605+0000] {dagbag.py:539} INFO - Filling up the DagBag from /home/airflow/.local/lib/python3.8/site-packages/airflow/example_dags/example_task_group.py
[2024-06-17T17:57:43.608+0000] {processor.py:839} INFO - DAG(s) dict_keys(['example_task_group']) retrieved from /home/airflow/.local/lib/python3.8/site-packages/airflow/example_dags/example_task_group.py
[2024-06-17T17:57:43.617+0000] {logging_mixin.py:151} INFO - [2024-06-17T17:57:43.617+0000] {dag.py:2907} INFO - Sync 1 DAGs
[2024-06-17T17:57:43.627+0000] {logging_mixin.py:151} INFO - [2024-06-17T17:57:43.627+0000] {dag.py:3677} INFO - Setting next_dagrun for example_task_group to 2024-06-16T17:57:43.626945+00:00, run_after=2024-06-17T17:57:43.626945+00:00
[2024-06-17T17:57:43.634+0000] {processor.py:179} INFO - Processing /home/airflow/.local/lib/python3.8/site-packages/airflow/example_dags/example_task_group.py took 0.031 seconds
[2024-06-17T17:58:14.163+0000] {processor.py:157} INFO - Started process (PID=236) to work on /home/airflow/.local/lib/python3.8/site-packages/airflow/example_dags/example_task_group.py
[2024-06-17T17:58:14.164+0000] {processor.py:829} INFO - Processing file /home/airflow/.local/lib/python3.8/site-packages/airflow/example_dags/example_task_group.py for tasks to queue
[2024-06-17T17:58:14.165+0000] {logging_mixin.py:151} INFO - [2024-06-17T17:58:14.165+0000] {dagbag.py:539} INFO - Filling up the DagBag from /home/airflow/.local/lib/python3.8/site-packages/airflow/example_dags/example_task_group.py
[2024-06-17T17:58:14.168+0000] {processor.py:839} INFO - DAG(s) dict_keys(['example_task_group']) retrieved from /home/airflow/.local/lib/python3.8/site-packages/airflow/example_dags/example_task_group.py
[2024-06-17T17:58:14.177+0000] {logging_mixin.py:151} INFO - [2024-06-17T17:58:14.177+0000] {dag.py:2907} INFO - Sync 1 DAGs
[2024-06-17T17:58:14.186+0000] {logging_mixin.py:151} INFO - [2024-06-17T17:58:14.186+0000] {dag.py:3677} INFO - Setting next_dagrun for example_task_group to 2024-06-16T17:58:14.186180+00:00, run_after=2024-06-17T17:58:14.186180+00:00
[2024-06-17T17:58:14.193+0000] {processor.py:179} INFO - Processing /home/airflow/.local/lib/python3.8/site-packages/airflow/example_dags/example_task_group.py took 0.031 seconds
[2024-06-17T17:58:44.685+0000] {processor.py:157} INFO - Started process (PID=291) to work on /home/airflow/.local/lib/python3.8/site-packages/airflow/example_dags/example_task_group.py
[2024-06-17T17:58:44.685+0000] {processor.py:829} INFO - Processing file /home/airflow/.local/lib/python3.8/site-packages/airflow/example_dags/example_task_group.py for tasks to queue
[2024-06-17T17:58:44.686+0000] {logging_mixin.py:151} INFO - [2024-06-17T17:58:44.686+0000] {dagbag.py:539} INFO - Filling up the DagBag from /home/airflow/.local/lib/python3.8/site-packages/airflow/example_dags/example_task_group.py
[2024-06-17T17:58:44.690+0000] {processor.py:839} INFO - DAG(s) dict_keys(['example_task_group']) retrieved from /home/airflow/.local/lib/python3.8/site-packages/airflow/example_dags/example_task_group.py
[2024-06-17T17:58:44.699+0000] {logging_mixin.py:151} INFO - [2024-06-17T17:58:44.699+0000] {dag.py:2907} INFO - Sync 1 DAGs
[2024-06-17T17:58:44.707+0000] {logging_mixin.py:151} INFO - [2024-06-17T17:58:44.707+0000] {dag.py:3677} INFO - Setting next_dagrun for example_task_group to 2024-06-16T17:58:44.707733+00:00, run_after=2024-06-17T17:58:44.707733+00:00
[2024-06-17T17:58:44.715+0000] {processor.py:179} INFO - Processing /home/airflow/.local/lib/python3.8/site-packages/airflow/example_dags/example_task_group.py took 0.031 seconds
[2024-06-17T17:59:15.198+0000] {processor.py:157} INFO - Started process (PID=346) to work on /home/airflow/.local/lib/python3.8/site-packages/airflow/example_dags/example_task_group.py
[2024-06-17T17:59:15.199+0000] {processor.py:829} INFO - Processing file /home/airflow/.local/lib/python3.8/site-packages/airflow/example_dags/example_task_group.py for tasks to queue
[2024-06-17T17:59:15.200+0000] {logging_mixin.py:151} INFO - [2024-06-17T17:59:15.200+0000] {dagbag.py:539} INFO - Filling up the DagBag from /home/airflow/.local/lib/python3.8/site-packages/airflow/example_dags/example_task_group.py
[2024-06-17T17:59:15.203+0000] {processor.py:839} INFO - DAG(s) dict_keys(['example_task_group']) retrieved from /home/airflow/.local/lib/python3.8/site-packages/airflow/example_dags/example_task_group.py
[2024-06-17T17:59:15.213+0000] {logging_mixin.py:151} INFO - [2024-06-17T17:59:15.212+0000] {dag.py:2907} INFO - Sync 1 DAGs
[2024-06-17T17:59:15.221+0000] {logging_mixin.py:151} INFO - [2024-06-17T17:59:15.221+0000] {dag.py:3677} INFO - Setting next_dagrun for example_task_group to 2024-06-16T17:59:15.221521+00:00, run_after=2024-06-17T17:59:15.221521+00:00
[2024-06-17T17:59:15.227+0000] {processor.py:179} INFO - Processing /home/airflow/.local/lib/python3.8/site-packages/airflow/example_dags/example_task_group.py took 0.031 seconds
[2024-06-17T17:59:45.740+0000] {processor.py:157} INFO - Started process (PID=401) to work on /home/airflow/.local/lib/python3.8/site-packages/airflow/example_dags/example_task_group.py
[2024-06-17T17:59:45.741+0000] {processor.py:829} INFO - Processing file /home/airflow/.local/lib/python3.8/site-packages/airflow/example_dags/example_task_group.py for tasks to queue
[2024-06-17T17:59:45.742+0000] {logging_mixin.py:151} INFO - [2024-06-17T17:59:45.742+0000] {dagbag.py:539} INFO - Filling up the DagBag from /home/airflow/.local/lib/python3.8/site-packages/airflow/example_dags/example_task_group.py
[2024-06-17T17:59:45.745+0000] {processor.py:839} INFO - DAG(s) dict_keys(['example_task_group']) retrieved from /home/airflow/.local/lib/python3.8/site-packages/airflow/example_dags/example_task_group.py
[2024-06-17T17:59:45.754+0000] {logging_mixin.py:151} INFO - [2024-06-17T17:59:45.754+0000] {dag.py:2907} INFO - Sync 1 DAGs
[2024-06-17T17:59:45.763+0000] {logging_mixin.py:151} INFO - [2024-06-17T17:59:45.763+0000] {dag.py:3677} INFO - Setting next_dagrun for example_task_group to 2024-06-16T17:59:45.763313+00:00, run_after=2024-06-17T17:59:45.763313+00:00
[2024-06-17T17:59:45.770+0000] {processor.py:179} INFO - Processing /home/airflow/.local/lib/python3.8/site-packages/airflow/example_dags/example_task_group.py took 0.031 seconds
[2024-06-17T18:00:16.247+0000] {processor.py:157} INFO - Started process (PID=456) to work on /home/airflow/.local/lib/python3.8/site-packages/airflow/example_dags/example_task_group.py
[2024-06-17T18:00:16.247+0000] {processor.py:829} INFO - Processing file /home/airflow/.local/lib/python3.8/site-packages/airflow/example_dags/example_task_group.py for tasks to queue
[2024-06-17T18:00:16.248+0000] {logging_mixin.py:151} INFO - [2024-06-17T18:00:16.248+0000] {dagbag.py:539} INFO - Filling up the DagBag from /home/airflow/.local/lib/python3.8/site-packages/airflow/example_dags/example_task_group.py
[2024-06-17T18:00:16.251+0000] {processor.py:839} INFO - DAG(s) dict_keys(['example_task_group']) retrieved from /home/airflow/.local/lib/python3.8/site-packages/airflow/example_dags/example_task_group.py
[2024-06-17T18:00:16.260+0000] {logging_mixin.py:151} INFO - [2024-06-17T18:00:16.260+0000] {dag.py:2907} INFO - Sync 1 DAGs
[2024-06-17T18:00:16.269+0000] {logging_mixin.py:151} INFO - [2024-06-17T18:00:16.269+0000] {dag.py:3677} INFO - Setting next_dagrun for example_task_group to 2024-06-16T18:00:16.269372+00:00, run_after=2024-06-17T18:00:16.269372+00:00
[2024-06-17T18:00:16.275+0000] {processor.py:179} INFO - Processing /home/airflow/.local/lib/python3.8/site-packages/airflow/example_dags/example_task_group.py took 0.030 seconds
[2024-06-17T18:00:46.759+0000] {processor.py:157} INFO - Started process (PID=511) to work on /home/airflow/.local/lib/python3.8/site-packages/airflow/example_dags/example_task_group.py
[2024-06-17T18:00:46.760+0000] {processor.py:829} INFO - Processing file /home/airflow/.local/lib/python3.8/site-packages/airflow/example_dags/example_task_group.py for tasks to queue
[2024-06-17T18:00:46.761+0000] {logging_mixin.py:151} INFO - [2024-06-17T18:00:46.760+0000] {dagbag.py:539} INFO - Filling up the DagBag from /home/airflow/.local/lib/python3.8/site-packages/airflow/example_dags/example_task_group.py
[2024-06-17T18:00:46.764+0000] {processor.py:839} INFO - DAG(s) dict_keys(['example_task_group']) retrieved from /home/airflow/.local/lib/python3.8/site-packages/airflow/example_dags/example_task_group.py
[2024-06-17T18:00:46.774+0000] {logging_mixin.py:151} INFO - [2024-06-17T18:00:46.774+0000] {dag.py:2907} INFO - Sync 1 DAGs
[2024-06-17T18:00:46.784+0000] {logging_mixin.py:151} INFO - [2024-06-17T18:00:46.784+0000] {dag.py:3677} INFO - Setting next_dagrun for example_task_group to 2024-06-16T18:00:46.784463+00:00, run_after=2024-06-17T18:00:46.784463+00:00
[2024-06-17T18:00:46.792+0000] {processor.py:179} INFO - Processing /home/airflow/.local/lib/python3.8/site-packages/airflow/example_dags/example_task_group.py took 0.034 seconds
[2024-06-17T18:01:17.356+0000] {processor.py:157} INFO - Started process (PID=566) to work on /home/airflow/.local/lib/python3.8/site-packages/airflow/example_dags/example_task_group.py
[2024-06-17T18:01:17.357+0000] {processor.py:829} INFO - Processing file /home/airflow/.local/lib/python3.8/site-packages/airflow/example_dags/example_task_group.py for tasks to queue
[2024-06-17T18:01:17.358+0000] {logging_mixin.py:151} INFO - [2024-06-17T18:01:17.357+0000] {dagbag.py:539} INFO - Filling up the DagBag from /home/airflow/.local/lib/python3.8/site-packages/airflow/example_dags/example_task_group.py
[2024-06-17T18:01:17.361+0000] {processor.py:839} INFO - DAG(s) dict_keys(['example_task_group']) retrieved from /home/airflow/.local/lib/python3.8/site-packages/airflow/example_dags/example_task_group.py
[2024-06-17T18:01:17.371+0000] {logging_mixin.py:151} INFO - [2024-06-17T18:01:17.371+0000] {dag.py:2907} INFO - Sync 1 DAGs
[2024-06-17T18:01:17.381+0000] {logging_mixin.py:151} INFO - [2024-06-17T18:01:17.381+0000] {dag.py:3677} INFO - Setting next_dagrun for example_task_group to 2024-06-16T18:01:17.381076+00:00, run_after=2024-06-17T18:01:17.381076+00:00
[2024-06-17T18:01:17.389+0000] {processor.py:179} INFO - Processing /home/airflow/.local/lib/python3.8/site-packages/airflow/example_dags/example_task_group.py took 0.035 seconds
[2024-06-17T18:01:47.916+0000] {processor.py:157} INFO - Started process (PID=621) to work on /home/airflow/.local/lib/python3.8/site-packages/airflow/example_dags/example_task_group.py
[2024-06-17T18:01:47.917+0000] {processor.py:829} INFO - Processing file /home/airflow/.local/lib/python3.8/site-packages/airflow/example_dags/example_task_group.py for tasks to queue
[2024-06-17T18:01:47.918+0000] {logging_mixin.py:151} INFO - [2024-06-17T18:01:47.917+0000] {dagbag.py:539} INFO - Filling up the DagBag from /home/airflow/.local/lib/python3.8/site-packages/airflow/example_dags/example_task_group.py
[2024-06-17T18:01:47.922+0000] {processor.py:839} INFO - DAG(s) dict_keys(['example_task_group']) retrieved from /home/airflow/.local/lib/python3.8/site-packages/airflow/example_dags/example_task_group.py
[2024-06-17T18:01:47.938+0000] {logging_mixin.py:151} INFO - [2024-06-17T18:01:47.938+0000] {dag.py:2907} INFO - Sync 1 DAGs
[2024-06-17T18:01:47.951+0000] {logging_mixin.py:151} INFO - [2024-06-17T18:01:47.951+0000] {dag.py:3677} INFO - Setting next_dagrun for example_task_group to 2024-06-16T18:01:47.951093+00:00, run_after=2024-06-17T18:01:47.951093+00:00
[2024-06-17T18:01:47.958+0000] {processor.py:179} INFO - Processing /home/airflow/.local/lib/python3.8/site-packages/airflow/example_dags/example_task_group.py took 0.044 seconds
[2024-06-17T18:02:18.466+0000] {processor.py:157} INFO - Started process (PID=676) to work on /home/airflow/.local/lib/python3.8/site-packages/airflow/example_dags/example_task_group.py
[2024-06-17T18:02:18.466+0000] {processor.py:829} INFO - Processing file /home/airflow/.local/lib/python3.8/site-packages/airflow/example_dags/example_task_group.py for tasks to queue
[2024-06-17T18:02:18.467+0000] {logging_mixin.py:151} INFO - [2024-06-17T18:02:18.467+0000] {dagbag.py:539} INFO - Filling up the DagBag from /home/airflow/.local/lib/python3.8/site-packages/airflow/example_dags/example_task_group.py
[2024-06-17T18:02:18.471+0000] {processor.py:839} INFO - DAG(s) dict_keys(['example_task_group']) retrieved from /home/airflow/.local/lib/python3.8/site-packages/airflow/example_dags/example_task_group.py
[2024-06-17T18:02:18.481+0000] {logging_mixin.py:151} INFO - [2024-06-17T18:02:18.481+0000] {dag.py:2907} INFO - Sync 1 DAGs
[2024-06-17T18:02:18.490+0000] {logging_mixin.py:151} INFO - [2024-06-17T18:02:18.490+0000] {dag.py:3677} INFO - Setting next_dagrun for example_task_group to 2024-06-16T18:02:18.490532+00:00, run_after=2024-06-17T18:02:18.490532+00:00
[2024-06-17T18:02:18.498+0000] {processor.py:179} INFO - Processing /home/airflow/.local/lib/python3.8/site-packages/airflow/example_dags/example_task_group.py took 0.034 seconds
[2024-06-17T18:02:49.037+0000] {processor.py:157} INFO - Started process (PID=731) to work on /home/airflow/.local/lib/python3.8/site-packages/airflow/example_dags/example_task_group.py
[2024-06-17T18:02:49.037+0000] {processor.py:829} INFO - Processing file /home/airflow/.local/lib/python3.8/site-packages/airflow/example_dags/example_task_group.py for tasks to queue
[2024-06-17T18:02:49.038+0000] {logging_mixin.py:151} INFO - [2024-06-17T18:02:49.038+0000] {dagbag.py:539} INFO - Filling up the DagBag from /home/airflow/.local/lib/python3.8/site-packages/airflow/example_dags/example_task_group.py
[2024-06-17T18:02:49.041+0000] {processor.py:839} INFO - DAG(s) dict_keys(['example_task_group']) retrieved from /home/airflow/.local/lib/python3.8/site-packages/airflow/example_dags/example_task_group.py
[2024-06-17T18:02:49.051+0000] {logging_mixin.py:151} INFO - [2024-06-17T18:02:49.051+0000] {dag.py:2907} INFO - Sync 1 DAGs
[2024-06-17T18:02:49.060+0000] {logging_mixin.py:151} INFO - [2024-06-17T18:02:49.060+0000] {dag.py:3677} INFO - Setting next_dagrun for example_task_group to 2024-06-16T18:02:49.060182+00:00, run_after=2024-06-17T18:02:49.060182+00:00
[2024-06-17T18:02:49.067+0000] {processor.py:179} INFO - Processing /home/airflow/.local/lib/python3.8/site-packages/airflow/example_dags/example_task_group.py took 0.032 seconds
[2024-06-17T18:03:19.505+0000] {processor.py:157} INFO - Started process (PID=786) to work on /home/airflow/.local/lib/python3.8/site-packages/airflow/example_dags/example_task_group.py
[2024-06-17T18:03:19.506+0000] {processor.py:829} INFO - Processing file /home/airflow/.local/lib/python3.8/site-packages/airflow/example_dags/example_task_group.py for tasks to queue
[2024-06-17T18:03:19.507+0000] {logging_mixin.py:151} INFO - [2024-06-17T18:03:19.507+0000] {dagbag.py:539} INFO - Filling up the DagBag from /home/airflow/.local/lib/python3.8/site-packages/airflow/example_dags/example_task_group.py
[2024-06-17T18:03:19.510+0000] {processor.py:839} INFO - DAG(s) dict_keys(['example_task_group']) retrieved from /home/airflow/.local/lib/python3.8/site-packages/airflow/example_dags/example_task_group.py
[2024-06-17T18:03:19.520+0000] {logging_mixin.py:151} INFO - [2024-06-17T18:03:19.519+0000] {dag.py:2907} INFO - Sync 1 DAGs
[2024-06-17T18:03:19.528+0000] {logging_mixin.py:151} INFO - [2024-06-17T18:03:19.528+0000] {dag.py:3677} INFO - Setting next_dagrun for example_task_group to 2024-06-16T18:03:19.528770+00:00, run_after=2024-06-17T18:03:19.528770+00:00
[2024-06-17T18:03:19.536+0000] {processor.py:179} INFO - Processing /home/airflow/.local/lib/python3.8/site-packages/airflow/example_dags/example_task_group.py took 0.032 seconds
[2024-06-17T18:03:50.004+0000] {processor.py:157} INFO - Started process (PID=841) to work on /home/airflow/.local/lib/python3.8/site-packages/airflow/example_dags/example_task_group.py
[2024-06-17T18:03:50.005+0000] {processor.py:829} INFO - Processing file /home/airflow/.local/lib/python3.8/site-packages/airflow/example_dags/example_task_group.py for tasks to queue
[2024-06-17T18:03:50.006+0000] {logging_mixin.py:151} INFO - [2024-06-17T18:03:50.006+0000] {dagbag.py:539} INFO - Filling up the DagBag from /home/airflow/.local/lib/python3.8/site-packages/airflow/example_dags/example_task_group.py
[2024-06-17T18:03:50.009+0000] {processor.py:839} INFO - DAG(s) dict_keys(['example_task_group']) retrieved from /home/airflow/.local/lib/python3.8/site-packages/airflow/example_dags/example_task_group.py
[2024-06-17T18:03:50.019+0000] {logging_mixin.py:151} INFO - [2024-06-17T18:03:50.019+0000] {dag.py:2907} INFO - Sync 1 DAGs
[2024-06-17T18:03:50.028+0000] {logging_mixin.py:151} INFO - [2024-06-17T18:03:50.028+0000] {dag.py:3677} INFO - Setting next_dagrun for example_task_group to 2024-06-16T18:03:50.028488+00:00, run_after=2024-06-17T18:03:50.028488+00:00
[2024-06-17T18:03:50.036+0000] {processor.py:179} INFO - Processing /home/airflow/.local/lib/python3.8/site-packages/airflow/example_dags/example_task_group.py took 0.033 seconds
[2024-06-17T18:04:20.533+0000] {processor.py:157} INFO - Started process (PID=896) to work on /home/airflow/.local/lib/python3.8/site-packages/airflow/example_dags/example_task_group.py
[2024-06-17T18:04:20.534+0000] {processor.py:829} INFO - Processing file /home/airflow/.local/lib/python3.8/site-packages/airflow/example_dags/example_task_group.py for tasks to queue
[2024-06-17T18:04:20.535+0000] {logging_mixin.py:151} INFO - [2024-06-17T18:04:20.535+0000] {dagbag.py:539} INFO - Filling up the DagBag from /home/airflow/.local/lib/python3.8/site-packages/airflow/example_dags/example_task_group.py
[2024-06-17T18:04:20.539+0000] {processor.py:839} INFO - DAG(s) dict_keys(['example_task_group']) retrieved from /home/airflow/.local/lib/python3.8/site-packages/airflow/example_dags/example_task_group.py
[2024-06-17T18:04:20.548+0000] {logging_mixin.py:151} INFO - [2024-06-17T18:04:20.548+0000] {dag.py:2907} INFO - Sync 1 DAGs
[2024-06-17T18:04:20.557+0000] {logging_mixin.py:151} INFO - [2024-06-17T18:04:20.557+0000] {dag.py:3677} INFO - Setting next_dagrun for example_task_group to 2024-06-16T18:04:20.557705+00:00, run_after=2024-06-17T18:04:20.557705+00:00
[2024-06-17T18:04:20.565+0000] {processor.py:179} INFO - Processing /home/airflow/.local/lib/python3.8/site-packages/airflow/example_dags/example_task_group.py took 0.033 seconds
[2024-06-17T18:04:44.674+0000] {processor.py:157} INFO - Started process (PID=70) to work on /home/airflow/.local/lib/python3.8/site-packages/airflow/example_dags/example_task_group.py
[2024-06-17T18:04:44.674+0000] {processor.py:829} INFO - Processing file /home/airflow/.local/lib/python3.8/site-packages/airflow/example_dags/example_task_group.py for tasks to queue
[2024-06-17T18:04:44.675+0000] {logging_mixin.py:151} INFO - [2024-06-17T18:04:44.675+0000] {dagbag.py:539} INFO - Filling up the DagBag from /home/airflow/.local/lib/python3.8/site-packages/airflow/example_dags/example_task_group.py
[2024-06-17T18:04:44.680+0000] {processor.py:839} INFO - DAG(s) dict_keys(['example_task_group']) retrieved from /home/airflow/.local/lib/python3.8/site-packages/airflow/example_dags/example_task_group.py
[2024-06-17T18:04:44.686+0000] {logging_mixin.py:151} INFO - [2024-06-17T18:04:44.686+0000] {dag.py:2907} INFO - Sync 1 DAGs
[2024-06-17T18:04:44.811+0000] {logging_mixin.py:151} INFO - [2024-06-17T18:04:44.811+0000] {dag.py:3677} INFO - Setting next_dagrun for example_task_group to 2024-06-16T18:04:44.811393+00:00, run_after=2024-06-17T18:04:44.811393+00:00
[2024-06-17T18:04:44.823+0000] {processor.py:179} INFO - Processing /home/airflow/.local/lib/python3.8/site-packages/airflow/example_dags/example_task_group.py took 0.151 seconds
[2024-06-17T18:05:15.841+0000] {processor.py:157} INFO - Started process (PID=125) to work on /home/airflow/.local/lib/python3.8/site-packages/airflow/example_dags/example_task_group.py
[2024-06-17T18:05:15.841+0000] {processor.py:829} INFO - Processing file /home/airflow/.local/lib/python3.8/site-packages/airflow/example_dags/example_task_group.py for tasks to queue
[2024-06-17T18:05:15.842+0000] {logging_mixin.py:151} INFO - [2024-06-17T18:05:15.842+0000] {dagbag.py:539} INFO - Filling up the DagBag from /home/airflow/.local/lib/python3.8/site-packages/airflow/example_dags/example_task_group.py
[2024-06-17T18:05:15.845+0000] {processor.py:839} INFO - DAG(s) dict_keys(['example_task_group']) retrieved from /home/airflow/.local/lib/python3.8/site-packages/airflow/example_dags/example_task_group.py
[2024-06-17T18:05:15.854+0000] {logging_mixin.py:151} INFO - [2024-06-17T18:05:15.854+0000] {dag.py:2907} INFO - Sync 1 DAGs
[2024-06-17T18:05:15.862+0000] {logging_mixin.py:151} INFO - [2024-06-17T18:05:15.862+0000] {dag.py:3677} INFO - Setting next_dagrun for example_task_group to 2024-06-16T18:05:15.862130+00:00, run_after=2024-06-17T18:05:15.862130+00:00
[2024-06-17T18:05:15.869+0000] {processor.py:179} INFO - Processing /home/airflow/.local/lib/python3.8/site-packages/airflow/example_dags/example_task_group.py took 0.030 seconds
[2024-06-17T18:05:46.516+0000] {processor.py:157} INFO - Started process (PID=180) to work on /home/airflow/.local/lib/python3.8/site-packages/airflow/example_dags/example_task_group.py
[2024-06-17T18:05:46.516+0000] {processor.py:829} INFO - Processing file /home/airflow/.local/lib/python3.8/site-packages/airflow/example_dags/example_task_group.py for tasks to queue
[2024-06-17T18:05:46.517+0000] {logging_mixin.py:151} INFO - [2024-06-17T18:05:46.517+0000] {dagbag.py:539} INFO - Filling up the DagBag from /home/airflow/.local/lib/python3.8/site-packages/airflow/example_dags/example_task_group.py
[2024-06-17T18:05:46.520+0000] {processor.py:839} INFO - DAG(s) dict_keys(['example_task_group']) retrieved from /home/airflow/.local/lib/python3.8/site-packages/airflow/example_dags/example_task_group.py
[2024-06-17T18:05:46.529+0000] {logging_mixin.py:151} INFO - [2024-06-17T18:05:46.528+0000] {dag.py:2907} INFO - Sync 1 DAGs
[2024-06-17T18:05:46.537+0000] {logging_mixin.py:151} INFO - [2024-06-17T18:05:46.537+0000] {dag.py:3677} INFO - Setting next_dagrun for example_task_group to 2024-06-16T18:05:46.537505+00:00, run_after=2024-06-17T18:05:46.537505+00:00
[2024-06-17T18:05:46.544+0000] {processor.py:179} INFO - Processing /home/airflow/.local/lib/python3.8/site-packages/airflow/example_dags/example_task_group.py took 0.030 seconds
[2024-06-17T18:06:17.128+0000] {processor.py:157} INFO - Started process (PID=235) to work on /home/airflow/.local/lib/python3.8/site-packages/airflow/example_dags/example_task_group.py
[2024-06-17T18:06:17.128+0000] {processor.py:829} INFO - Processing file /home/airflow/.local/lib/python3.8/site-packages/airflow/example_dags/example_task_group.py for tasks to queue
[2024-06-17T18:06:17.129+0000] {logging_mixin.py:151} INFO - [2024-06-17T18:06:17.129+0000] {dagbag.py:539} INFO - Filling up the DagBag from /home/airflow/.local/lib/python3.8/site-packages/airflow/example_dags/example_task_group.py
[2024-06-17T18:06:17.133+0000] {processor.py:839} INFO - DAG(s) dict_keys(['example_task_group']) retrieved from /home/airflow/.local/lib/python3.8/site-packages/airflow/example_dags/example_task_group.py
[2024-06-17T18:06:17.141+0000] {logging_mixin.py:151} INFO - [2024-06-17T18:06:17.141+0000] {dag.py:2907} INFO - Sync 1 DAGs
[2024-06-17T18:06:17.150+0000] {logging_mixin.py:151} INFO - [2024-06-17T18:06:17.149+0000] {dag.py:3677} INFO - Setting next_dagrun for example_task_group to 2024-06-16T18:06:17.149854+00:00, run_after=2024-06-17T18:06:17.149854+00:00
[2024-06-17T18:06:17.156+0000] {processor.py:179} INFO - Processing /home/airflow/.local/lib/python3.8/site-packages/airflow/example_dags/example_task_group.py took 0.030 seconds
[2024-06-17T18:06:47.677+0000] {processor.py:157} INFO - Started process (PID=290) to work on /home/airflow/.local/lib/python3.8/site-packages/airflow/example_dags/example_task_group.py
[2024-06-17T18:06:47.678+0000] {processor.py:829} INFO - Processing file /home/airflow/.local/lib/python3.8/site-packages/airflow/example_dags/example_task_group.py for tasks to queue
[2024-06-17T18:06:47.678+0000] {logging_mixin.py:151} INFO - [2024-06-17T18:06:47.678+0000] {dagbag.py:539} INFO - Filling up the DagBag from /home/airflow/.local/lib/python3.8/site-packages/airflow/example_dags/example_task_group.py
[2024-06-17T18:06:47.681+0000] {processor.py:839} INFO - DAG(s) dict_keys(['example_task_group']) retrieved from /home/airflow/.local/lib/python3.8/site-packages/airflow/example_dags/example_task_group.py
[2024-06-17T18:06:47.690+0000] {logging_mixin.py:151} INFO - [2024-06-17T18:06:47.690+0000] {dag.py:2907} INFO - Sync 1 DAGs
[2024-06-17T18:06:47.699+0000] {logging_mixin.py:151} INFO - [2024-06-17T18:06:47.699+0000] {dag.py:3677} INFO - Setting next_dagrun for example_task_group to 2024-06-16T18:06:47.699487+00:00, run_after=2024-06-17T18:06:47.699487+00:00
[2024-06-17T18:06:47.706+0000] {processor.py:179} INFO - Processing /home/airflow/.local/lib/python3.8/site-packages/airflow/example_dags/example_task_group.py took 0.030 seconds
[2024-06-17T18:07:18.090+0000] {processor.py:157} INFO - Started process (PID=345) to work on /home/airflow/.local/lib/python3.8/site-packages/airflow/example_dags/example_task_group.py
[2024-06-17T18:07:18.090+0000] {processor.py:829} INFO - Processing file /home/airflow/.local/lib/python3.8/site-packages/airflow/example_dags/example_task_group.py for tasks to queue
[2024-06-17T18:07:18.091+0000] {logging_mixin.py:151} INFO - [2024-06-17T18:07:18.091+0000] {dagbag.py:539} INFO - Filling up the DagBag from /home/airflow/.local/lib/python3.8/site-packages/airflow/example_dags/example_task_group.py
[2024-06-17T18:07:18.095+0000] {processor.py:839} INFO - DAG(s) dict_keys(['example_task_group']) retrieved from /home/airflow/.local/lib/python3.8/site-packages/airflow/example_dags/example_task_group.py
[2024-06-17T18:07:18.104+0000] {logging_mixin.py:151} INFO - [2024-06-17T18:07:18.103+0000] {dag.py:2907} INFO - Sync 1 DAGs
[2024-06-17T18:07:18.112+0000] {logging_mixin.py:151} INFO - [2024-06-17T18:07:18.112+0000] {dag.py:3677} INFO - Setting next_dagrun for example_task_group to 2024-06-16T18:07:18.112413+00:00, run_after=2024-06-17T18:07:18.112413+00:00
[2024-06-17T18:07:18.119+0000] {processor.py:179} INFO - Processing /home/airflow/.local/lib/python3.8/site-packages/airflow/example_dags/example_task_group.py took 0.031 seconds
