[2024-06-17T17:56:42.526+0000] {processor.py:157} INFO - Started process (PID=66) to work on /home/airflow/.local/lib/python3.8/site-packages/airflow/example_dags/example_skip_dag.py
[2024-06-17T17:56:42.527+0000] {processor.py:829} INFO - Processing file /home/airflow/.local/lib/python3.8/site-packages/airflow/example_dags/example_skip_dag.py for tasks to queue
[2024-06-17T17:56:42.528+0000] {logging_mixin.py:151} INFO - [2024-06-17T17:56:42.527+0000] {dagbag.py:539} INFO - Filling up the DagBag from /home/airflow/.local/lib/python3.8/site-packages/airflow/example_dags/example_skip_dag.py
[2024-06-17T17:56:42.531+0000] {processor.py:839} INFO - DAG(s) dict_keys(['example_skip_dag']) retrieved from /home/airflow/.local/lib/python3.8/site-packages/airflow/example_dags/example_skip_dag.py
[2024-06-17T17:56:42.572+0000] {logging_mixin.py:151} INFO - [2024-06-17T17:56:42.572+0000] {manager.py:501} INFO - Created Permission View: can delete on DAG:example_skip_dag
[2024-06-17T17:56:42.576+0000] {logging_mixin.py:151} INFO - [2024-06-17T17:56:42.576+0000] {manager.py:501} INFO - Created Permission View: can read on DAG:example_skip_dag
[2024-06-17T17:56:42.578+0000] {logging_mixin.py:151} INFO - [2024-06-17T17:56:42.578+0000] {manager.py:501} INFO - Created Permission View: can edit on DAG:example_skip_dag
[2024-06-17T17:56:42.583+0000] {logging_mixin.py:151} INFO - [2024-06-17T17:56:42.583+0000] {dag.py:2907} INFO - Sync 1 DAGs
[2024-06-17T17:56:42.587+0000] {logging_mixin.py:151} INFO - [2024-06-17T17:56:42.587+0000] {dag.py:2929} INFO - Creating ORM DAG for example_skip_dag
[2024-06-17T17:56:42.592+0000] {logging_mixin.py:151} INFO - [2024-06-17T17:56:42.592+0000] {dag.py:3677} INFO - Setting next_dagrun for example_skip_dag to 2024-06-16T17:56:42.592493+00:00, run_after=2024-06-17T17:56:42.592493+00:00
[2024-06-17T17:56:42.599+0000] {processor.py:179} INFO - Processing /home/airflow/.local/lib/python3.8/site-packages/airflow/example_dags/example_skip_dag.py took 0.075 seconds
[2024-06-17T17:57:12.848+0000] {processor.py:157} INFO - Started process (PID=121) to work on /home/airflow/.local/lib/python3.8/site-packages/airflow/example_dags/example_skip_dag.py
[2024-06-17T17:57:12.848+0000] {processor.py:829} INFO - Processing file /home/airflow/.local/lib/python3.8/site-packages/airflow/example_dags/example_skip_dag.py for tasks to queue
[2024-06-17T17:57:12.849+0000] {logging_mixin.py:151} INFO - [2024-06-17T17:57:12.849+0000] {dagbag.py:539} INFO - Filling up the DagBag from /home/airflow/.local/lib/python3.8/site-packages/airflow/example_dags/example_skip_dag.py
[2024-06-17T17:57:12.852+0000] {processor.py:839} INFO - DAG(s) dict_keys(['example_skip_dag']) retrieved from /home/airflow/.local/lib/python3.8/site-packages/airflow/example_dags/example_skip_dag.py
[2024-06-17T17:57:12.862+0000] {logging_mixin.py:151} INFO - [2024-06-17T17:57:12.861+0000] {dag.py:2907} INFO - Sync 1 DAGs
[2024-06-17T17:57:12.870+0000] {logging_mixin.py:151} INFO - [2024-06-17T17:57:12.870+0000] {dag.py:3677} INFO - Setting next_dagrun for example_skip_dag to 2024-06-16T17:57:12.870546+00:00, run_after=2024-06-17T17:57:12.870546+00:00
[2024-06-17T17:57:12.877+0000] {processor.py:179} INFO - Processing /home/airflow/.local/lib/python3.8/site-packages/airflow/example_dags/example_skip_dag.py took 0.031 seconds
[2024-06-17T17:57:43.447+0000] {processor.py:157} INFO - Started process (PID=176) to work on /home/airflow/.local/lib/python3.8/site-packages/airflow/example_dags/example_skip_dag.py
[2024-06-17T17:57:43.447+0000] {processor.py:829} INFO - Processing file /home/airflow/.local/lib/python3.8/site-packages/airflow/example_dags/example_skip_dag.py for tasks to queue
[2024-06-17T17:57:43.448+0000] {logging_mixin.py:151} INFO - [2024-06-17T17:57:43.448+0000] {dagbag.py:539} INFO - Filling up the DagBag from /home/airflow/.local/lib/python3.8/site-packages/airflow/example_dags/example_skip_dag.py
[2024-06-17T17:57:43.451+0000] {processor.py:839} INFO - DAG(s) dict_keys(['example_skip_dag']) retrieved from /home/airflow/.local/lib/python3.8/site-packages/airflow/example_dags/example_skip_dag.py
[2024-06-17T17:57:43.460+0000] {logging_mixin.py:151} INFO - [2024-06-17T17:57:43.460+0000] {dag.py:2907} INFO - Sync 1 DAGs
[2024-06-17T17:57:43.469+0000] {logging_mixin.py:151} INFO - [2024-06-17T17:57:43.469+0000] {dag.py:3677} INFO - Setting next_dagrun for example_skip_dag to 2024-06-16T17:57:43.469059+00:00, run_after=2024-06-17T17:57:43.469059+00:00
[2024-06-17T17:57:43.476+0000] {processor.py:179} INFO - Processing /home/airflow/.local/lib/python3.8/site-packages/airflow/example_dags/example_skip_dag.py took 0.031 seconds
[2024-06-17T17:58:14.005+0000] {processor.py:157} INFO - Started process (PID=231) to work on /home/airflow/.local/lib/python3.8/site-packages/airflow/example_dags/example_skip_dag.py
[2024-06-17T17:58:14.006+0000] {processor.py:829} INFO - Processing file /home/airflow/.local/lib/python3.8/site-packages/airflow/example_dags/example_skip_dag.py for tasks to queue
[2024-06-17T17:58:14.007+0000] {logging_mixin.py:151} INFO - [2024-06-17T17:58:14.006+0000] {dagbag.py:539} INFO - Filling up the DagBag from /home/airflow/.local/lib/python3.8/site-packages/airflow/example_dags/example_skip_dag.py
[2024-06-17T17:58:14.009+0000] {processor.py:839} INFO - DAG(s) dict_keys(['example_skip_dag']) retrieved from /home/airflow/.local/lib/python3.8/site-packages/airflow/example_dags/example_skip_dag.py
[2024-06-17T17:58:14.018+0000] {logging_mixin.py:151} INFO - [2024-06-17T17:58:14.018+0000] {dag.py:2907} INFO - Sync 1 DAGs
[2024-06-17T17:58:14.027+0000] {logging_mixin.py:151} INFO - [2024-06-17T17:58:14.027+0000] {dag.py:3677} INFO - Setting next_dagrun for example_skip_dag to 2024-06-16T17:58:14.027125+00:00, run_after=2024-06-17T17:58:14.027125+00:00
[2024-06-17T17:58:14.034+0000] {processor.py:179} INFO - Processing /home/airflow/.local/lib/python3.8/site-packages/airflow/example_dags/example_skip_dag.py took 0.031 seconds
[2024-06-17T17:58:44.527+0000] {processor.py:157} INFO - Started process (PID=286) to work on /home/airflow/.local/lib/python3.8/site-packages/airflow/example_dags/example_skip_dag.py
[2024-06-17T17:58:44.527+0000] {processor.py:829} INFO - Processing file /home/airflow/.local/lib/python3.8/site-packages/airflow/example_dags/example_skip_dag.py for tasks to queue
[2024-06-17T17:58:44.528+0000] {logging_mixin.py:151} INFO - [2024-06-17T17:58:44.528+0000] {dagbag.py:539} INFO - Filling up the DagBag from /home/airflow/.local/lib/python3.8/site-packages/airflow/example_dags/example_skip_dag.py
[2024-06-17T17:58:44.531+0000] {processor.py:839} INFO - DAG(s) dict_keys(['example_skip_dag']) retrieved from /home/airflow/.local/lib/python3.8/site-packages/airflow/example_dags/example_skip_dag.py
[2024-06-17T17:58:44.540+0000] {logging_mixin.py:151} INFO - [2024-06-17T17:58:44.540+0000] {dag.py:2907} INFO - Sync 1 DAGs
[2024-06-17T17:58:44.548+0000] {logging_mixin.py:151} INFO - [2024-06-17T17:58:44.548+0000] {dag.py:3677} INFO - Setting next_dagrun for example_skip_dag to 2024-06-16T17:58:44.548786+00:00, run_after=2024-06-17T17:58:44.548786+00:00
[2024-06-17T17:58:44.555+0000] {processor.py:179} INFO - Processing /home/airflow/.local/lib/python3.8/site-packages/airflow/example_dags/example_skip_dag.py took 0.030 seconds
[2024-06-17T17:59:15.061+0000] {processor.py:157} INFO - Started process (PID=341) to work on /home/airflow/.local/lib/python3.8/site-packages/airflow/example_dags/example_skip_dag.py
[2024-06-17T17:59:15.061+0000] {processor.py:829} INFO - Processing file /home/airflow/.local/lib/python3.8/site-packages/airflow/example_dags/example_skip_dag.py for tasks to queue
[2024-06-17T17:59:15.062+0000] {logging_mixin.py:151} INFO - [2024-06-17T17:59:15.062+0000] {dagbag.py:539} INFO - Filling up the DagBag from /home/airflow/.local/lib/python3.8/site-packages/airflow/example_dags/example_skip_dag.py
[2024-06-17T17:59:15.065+0000] {processor.py:839} INFO - DAG(s) dict_keys(['example_skip_dag']) retrieved from /home/airflow/.local/lib/python3.8/site-packages/airflow/example_dags/example_skip_dag.py
[2024-06-17T17:59:15.074+0000] {logging_mixin.py:151} INFO - [2024-06-17T17:59:15.074+0000] {dag.py:2907} INFO - Sync 1 DAGs
[2024-06-17T17:59:15.083+0000] {logging_mixin.py:151} INFO - [2024-06-17T17:59:15.083+0000] {dag.py:3677} INFO - Setting next_dagrun for example_skip_dag to 2024-06-16T17:59:15.083080+00:00, run_after=2024-06-17T17:59:15.083080+00:00
[2024-06-17T17:59:15.090+0000] {processor.py:179} INFO - Processing /home/airflow/.local/lib/python3.8/site-packages/airflow/example_dags/example_skip_dag.py took 0.030 seconds
[2024-06-17T17:59:45.531+0000] {processor.py:157} INFO - Started process (PID=396) to work on /home/airflow/.local/lib/python3.8/site-packages/airflow/example_dags/example_skip_dag.py
[2024-06-17T17:59:45.531+0000] {processor.py:829} INFO - Processing file /home/airflow/.local/lib/python3.8/site-packages/airflow/example_dags/example_skip_dag.py for tasks to queue
[2024-06-17T17:59:45.532+0000] {logging_mixin.py:151} INFO - [2024-06-17T17:59:45.532+0000] {dagbag.py:539} INFO - Filling up the DagBag from /home/airflow/.local/lib/python3.8/site-packages/airflow/example_dags/example_skip_dag.py
[2024-06-17T17:59:45.535+0000] {processor.py:839} INFO - DAG(s) dict_keys(['example_skip_dag']) retrieved from /home/airflow/.local/lib/python3.8/site-packages/airflow/example_dags/example_skip_dag.py
[2024-06-17T17:59:45.544+0000] {logging_mixin.py:151} INFO - [2024-06-17T17:59:45.544+0000] {dag.py:2907} INFO - Sync 1 DAGs
[2024-06-17T17:59:45.552+0000] {logging_mixin.py:151} INFO - [2024-06-17T17:59:45.552+0000] {dag.py:3677} INFO - Setting next_dagrun for example_skip_dag to 2024-06-16T17:59:45.552709+00:00, run_after=2024-06-17T17:59:45.552709+00:00
[2024-06-17T17:59:45.559+0000] {processor.py:179} INFO - Processing /home/airflow/.local/lib/python3.8/site-packages/airflow/example_dags/example_skip_dag.py took 0.030 seconds
[2024-06-17T18:00:16.093+0000] {processor.py:157} INFO - Started process (PID=451) to work on /home/airflow/.local/lib/python3.8/site-packages/airflow/example_dags/example_skip_dag.py
[2024-06-17T18:00:16.094+0000] {processor.py:829} INFO - Processing file /home/airflow/.local/lib/python3.8/site-packages/airflow/example_dags/example_skip_dag.py for tasks to queue
[2024-06-17T18:00:16.095+0000] {logging_mixin.py:151} INFO - [2024-06-17T18:00:16.095+0000] {dagbag.py:539} INFO - Filling up the DagBag from /home/airflow/.local/lib/python3.8/site-packages/airflow/example_dags/example_skip_dag.py
[2024-06-17T18:00:16.097+0000] {processor.py:839} INFO - DAG(s) dict_keys(['example_skip_dag']) retrieved from /home/airflow/.local/lib/python3.8/site-packages/airflow/example_dags/example_skip_dag.py
[2024-06-17T18:00:16.107+0000] {logging_mixin.py:151} INFO - [2024-06-17T18:00:16.107+0000] {dag.py:2907} INFO - Sync 1 DAGs
[2024-06-17T18:00:16.115+0000] {logging_mixin.py:151} INFO - [2024-06-17T18:00:16.115+0000] {dag.py:3677} INFO - Setting next_dagrun for example_skip_dag to 2024-06-16T18:00:16.115411+00:00, run_after=2024-06-17T18:00:16.115411+00:00
[2024-06-17T18:00:16.122+0000] {processor.py:179} INFO - Processing /home/airflow/.local/lib/python3.8/site-packages/airflow/example_dags/example_skip_dag.py took 0.030 seconds
[2024-06-17T18:00:46.578+0000] {processor.py:157} INFO - Started process (PID=506) to work on /home/airflow/.local/lib/python3.8/site-packages/airflow/example_dags/example_skip_dag.py
[2024-06-17T18:00:46.578+0000] {processor.py:829} INFO - Processing file /home/airflow/.local/lib/python3.8/site-packages/airflow/example_dags/example_skip_dag.py for tasks to queue
[2024-06-17T18:00:46.579+0000] {logging_mixin.py:151} INFO - [2024-06-17T18:00:46.579+0000] {dagbag.py:539} INFO - Filling up the DagBag from /home/airflow/.local/lib/python3.8/site-packages/airflow/example_dags/example_skip_dag.py
[2024-06-17T18:00:46.582+0000] {processor.py:839} INFO - DAG(s) dict_keys(['example_skip_dag']) retrieved from /home/airflow/.local/lib/python3.8/site-packages/airflow/example_dags/example_skip_dag.py
[2024-06-17T18:00:46.592+0000] {logging_mixin.py:151} INFO - [2024-06-17T18:00:46.592+0000] {dag.py:2907} INFO - Sync 1 DAGs
[2024-06-17T18:00:46.601+0000] {logging_mixin.py:151} INFO - [2024-06-17T18:00:46.601+0000] {dag.py:3677} INFO - Setting next_dagrun for example_skip_dag to 2024-06-16T18:00:46.601230+00:00, run_after=2024-06-17T18:00:46.601230+00:00
[2024-06-17T18:00:46.608+0000] {processor.py:179} INFO - Processing /home/airflow/.local/lib/python3.8/site-packages/airflow/example_dags/example_skip_dag.py took 0.032 seconds
[2024-06-17T18:01:17.178+0000] {processor.py:157} INFO - Started process (PID=561) to work on /home/airflow/.local/lib/python3.8/site-packages/airflow/example_dags/example_skip_dag.py
[2024-06-17T18:01:17.178+0000] {processor.py:829} INFO - Processing file /home/airflow/.local/lib/python3.8/site-packages/airflow/example_dags/example_skip_dag.py for tasks to queue
[2024-06-17T18:01:17.179+0000] {logging_mixin.py:151} INFO - [2024-06-17T18:01:17.179+0000] {dagbag.py:539} INFO - Filling up the DagBag from /home/airflow/.local/lib/python3.8/site-packages/airflow/example_dags/example_skip_dag.py
[2024-06-17T18:01:17.183+0000] {processor.py:839} INFO - DAG(s) dict_keys(['example_skip_dag']) retrieved from /home/airflow/.local/lib/python3.8/site-packages/airflow/example_dags/example_skip_dag.py
[2024-06-17T18:01:17.193+0000] {logging_mixin.py:151} INFO - [2024-06-17T18:01:17.193+0000] {dag.py:2907} INFO - Sync 1 DAGs
[2024-06-17T18:01:17.202+0000] {logging_mixin.py:151} INFO - [2024-06-17T18:01:17.202+0000] {dag.py:3677} INFO - Setting next_dagrun for example_skip_dag to 2024-06-16T18:01:17.202326+00:00, run_after=2024-06-17T18:01:17.202326+00:00
[2024-06-17T18:01:17.216+0000] {processor.py:179} INFO - Processing /home/airflow/.local/lib/python3.8/site-packages/airflow/example_dags/example_skip_dag.py took 0.040 seconds
[2024-06-17T18:01:47.734+0000] {processor.py:157} INFO - Started process (PID=616) to work on /home/airflow/.local/lib/python3.8/site-packages/airflow/example_dags/example_skip_dag.py
[2024-06-17T18:01:47.735+0000] {processor.py:829} INFO - Processing file /home/airflow/.local/lib/python3.8/site-packages/airflow/example_dags/example_skip_dag.py for tasks to queue
[2024-06-17T18:01:47.736+0000] {logging_mixin.py:151} INFO - [2024-06-17T18:01:47.736+0000] {dagbag.py:539} INFO - Filling up the DagBag from /home/airflow/.local/lib/python3.8/site-packages/airflow/example_dags/example_skip_dag.py
[2024-06-17T18:01:47.739+0000] {processor.py:839} INFO - DAG(s) dict_keys(['example_skip_dag']) retrieved from /home/airflow/.local/lib/python3.8/site-packages/airflow/example_dags/example_skip_dag.py
[2024-06-17T18:01:47.748+0000] {logging_mixin.py:151} INFO - [2024-06-17T18:01:47.748+0000] {dag.py:2907} INFO - Sync 1 DAGs
[2024-06-17T18:01:47.757+0000] {logging_mixin.py:151} INFO - [2024-06-17T18:01:47.757+0000] {dag.py:3677} INFO - Setting next_dagrun for example_skip_dag to 2024-06-16T18:01:47.757478+00:00, run_after=2024-06-17T18:01:47.757478+00:00
[2024-06-17T18:01:47.764+0000] {processor.py:179} INFO - Processing /home/airflow/.local/lib/python3.8/site-packages/airflow/example_dags/example_skip_dag.py took 0.031 seconds
[2024-06-17T18:02:18.295+0000] {processor.py:157} INFO - Started process (PID=671) to work on /home/airflow/.local/lib/python3.8/site-packages/airflow/example_dags/example_skip_dag.py
[2024-06-17T18:02:18.295+0000] {processor.py:829} INFO - Processing file /home/airflow/.local/lib/python3.8/site-packages/airflow/example_dags/example_skip_dag.py for tasks to queue
[2024-06-17T18:02:18.296+0000] {logging_mixin.py:151} INFO - [2024-06-17T18:02:18.296+0000] {dagbag.py:539} INFO - Filling up the DagBag from /home/airflow/.local/lib/python3.8/site-packages/airflow/example_dags/example_skip_dag.py
[2024-06-17T18:02:18.299+0000] {processor.py:839} INFO - DAG(s) dict_keys(['example_skip_dag']) retrieved from /home/airflow/.local/lib/python3.8/site-packages/airflow/example_dags/example_skip_dag.py
[2024-06-17T18:02:18.308+0000] {logging_mixin.py:151} INFO - [2024-06-17T18:02:18.308+0000] {dag.py:2907} INFO - Sync 1 DAGs
[2024-06-17T18:02:18.317+0000] {logging_mixin.py:151} INFO - [2024-06-17T18:02:18.317+0000] {dag.py:3677} INFO - Setting next_dagrun for example_skip_dag to 2024-06-16T18:02:18.317337+00:00, run_after=2024-06-17T18:02:18.317337+00:00
[2024-06-17T18:02:18.324+0000] {processor.py:179} INFO - Processing /home/airflow/.local/lib/python3.8/site-packages/airflow/example_dags/example_skip_dag.py took 0.031 seconds
[2024-06-17T18:02:48.871+0000] {processor.py:157} INFO - Started process (PID=726) to work on /home/airflow/.local/lib/python3.8/site-packages/airflow/example_dags/example_skip_dag.py
[2024-06-17T18:02:48.872+0000] {processor.py:829} INFO - Processing file /home/airflow/.local/lib/python3.8/site-packages/airflow/example_dags/example_skip_dag.py for tasks to queue
[2024-06-17T18:02:48.872+0000] {logging_mixin.py:151} INFO - [2024-06-17T18:02:48.872+0000] {dagbag.py:539} INFO - Filling up the DagBag from /home/airflow/.local/lib/python3.8/site-packages/airflow/example_dags/example_skip_dag.py
[2024-06-17T18:02:48.875+0000] {processor.py:839} INFO - DAG(s) dict_keys(['example_skip_dag']) retrieved from /home/airflow/.local/lib/python3.8/site-packages/airflow/example_dags/example_skip_dag.py
[2024-06-17T18:02:48.885+0000] {logging_mixin.py:151} INFO - [2024-06-17T18:02:48.885+0000] {dag.py:2907} INFO - Sync 1 DAGs
[2024-06-17T18:02:48.894+0000] {logging_mixin.py:151} INFO - [2024-06-17T18:02:48.894+0000] {dag.py:3677} INFO - Setting next_dagrun for example_skip_dag to 2024-06-16T18:02:48.894161+00:00, run_after=2024-06-17T18:02:48.894161+00:00
[2024-06-17T18:02:48.901+0000] {processor.py:179} INFO - Processing /home/airflow/.local/lib/python3.8/site-packages/airflow/example_dags/example_skip_dag.py took 0.031 seconds
[2024-06-17T18:03:19.341+0000] {processor.py:157} INFO - Started process (PID=781) to work on /home/airflow/.local/lib/python3.8/site-packages/airflow/example_dags/example_skip_dag.py
[2024-06-17T18:03:19.342+0000] {processor.py:829} INFO - Processing file /home/airflow/.local/lib/python3.8/site-packages/airflow/example_dags/example_skip_dag.py for tasks to queue
[2024-06-17T18:03:19.343+0000] {logging_mixin.py:151} INFO - [2024-06-17T18:03:19.343+0000] {dagbag.py:539} INFO - Filling up the DagBag from /home/airflow/.local/lib/python3.8/site-packages/airflow/example_dags/example_skip_dag.py
[2024-06-17T18:03:19.346+0000] {processor.py:839} INFO - DAG(s) dict_keys(['example_skip_dag']) retrieved from /home/airflow/.local/lib/python3.8/site-packages/airflow/example_dags/example_skip_dag.py
[2024-06-17T18:03:19.355+0000] {logging_mixin.py:151} INFO - [2024-06-17T18:03:19.355+0000] {dag.py:2907} INFO - Sync 1 DAGs
[2024-06-17T18:03:19.364+0000] {logging_mixin.py:151} INFO - [2024-06-17T18:03:19.364+0000] {dag.py:3677} INFO - Setting next_dagrun for example_skip_dag to 2024-06-16T18:03:19.363937+00:00, run_after=2024-06-17T18:03:19.363937+00:00
[2024-06-17T18:03:19.370+0000] {processor.py:179} INFO - Processing /home/airflow/.local/lib/python3.8/site-packages/airflow/example_dags/example_skip_dag.py took 0.031 seconds
[2024-06-17T18:03:49.837+0000] {processor.py:157} INFO - Started process (PID=836) to work on /home/airflow/.local/lib/python3.8/site-packages/airflow/example_dags/example_skip_dag.py
[2024-06-17T18:03:49.837+0000] {processor.py:829} INFO - Processing file /home/airflow/.local/lib/python3.8/site-packages/airflow/example_dags/example_skip_dag.py for tasks to queue
[2024-06-17T18:03:49.839+0000] {logging_mixin.py:151} INFO - [2024-06-17T18:03:49.838+0000] {dagbag.py:539} INFO - Filling up the DagBag from /home/airflow/.local/lib/python3.8/site-packages/airflow/example_dags/example_skip_dag.py
[2024-06-17T18:03:49.842+0000] {processor.py:839} INFO - DAG(s) dict_keys(['example_skip_dag']) retrieved from /home/airflow/.local/lib/python3.8/site-packages/airflow/example_dags/example_skip_dag.py
[2024-06-17T18:03:49.851+0000] {logging_mixin.py:151} INFO - [2024-06-17T18:03:49.851+0000] {dag.py:2907} INFO - Sync 1 DAGs
[2024-06-17T18:03:49.860+0000] {logging_mixin.py:151} INFO - [2024-06-17T18:03:49.860+0000] {dag.py:3677} INFO - Setting next_dagrun for example_skip_dag to 2024-06-16T18:03:49.860413+00:00, run_after=2024-06-17T18:03:49.860413+00:00
[2024-06-17T18:03:49.867+0000] {processor.py:179} INFO - Processing /home/airflow/.local/lib/python3.8/site-packages/airflow/example_dags/example_skip_dag.py took 0.032 seconds
[2024-06-17T18:04:20.364+0000] {processor.py:157} INFO - Started process (PID=891) to work on /home/airflow/.local/lib/python3.8/site-packages/airflow/example_dags/example_skip_dag.py
[2024-06-17T18:04:20.365+0000] {processor.py:829} INFO - Processing file /home/airflow/.local/lib/python3.8/site-packages/airflow/example_dags/example_skip_dag.py for tasks to queue
[2024-06-17T18:04:20.366+0000] {logging_mixin.py:151} INFO - [2024-06-17T18:04:20.366+0000] {dagbag.py:539} INFO - Filling up the DagBag from /home/airflow/.local/lib/python3.8/site-packages/airflow/example_dags/example_skip_dag.py
[2024-06-17T18:04:20.369+0000] {processor.py:839} INFO - DAG(s) dict_keys(['example_skip_dag']) retrieved from /home/airflow/.local/lib/python3.8/site-packages/airflow/example_dags/example_skip_dag.py
[2024-06-17T18:04:20.378+0000] {logging_mixin.py:151} INFO - [2024-06-17T18:04:20.378+0000] {dag.py:2907} INFO - Sync 1 DAGs
[2024-06-17T18:04:20.387+0000] {logging_mixin.py:151} INFO - [2024-06-17T18:04:20.387+0000] {dag.py:3677} INFO - Setting next_dagrun for example_skip_dag to 2024-06-16T18:04:20.387073+00:00, run_after=2024-06-17T18:04:20.387073+00:00
[2024-06-17T18:04:20.399+0000] {processor.py:179} INFO - Processing /home/airflow/.local/lib/python3.8/site-packages/airflow/example_dags/example_skip_dag.py took 0.036 seconds
[2024-06-17T18:04:44.236+0000] {processor.py:157} INFO - Started process (PID=65) to work on /home/airflow/.local/lib/python3.8/site-packages/airflow/example_dags/example_skip_dag.py
[2024-06-17T18:04:44.237+0000] {processor.py:829} INFO - Processing file /home/airflow/.local/lib/python3.8/site-packages/airflow/example_dags/example_skip_dag.py for tasks to queue
[2024-06-17T18:04:44.239+0000] {logging_mixin.py:151} INFO - [2024-06-17T18:04:44.238+0000] {dagbag.py:539} INFO - Filling up the DagBag from /home/airflow/.local/lib/python3.8/site-packages/airflow/example_dags/example_skip_dag.py
[2024-06-17T18:04:44.245+0000] {processor.py:839} INFO - DAG(s) dict_keys(['example_skip_dag']) retrieved from /home/airflow/.local/lib/python3.8/site-packages/airflow/example_dags/example_skip_dag.py
[2024-06-17T18:04:44.257+0000] {logging_mixin.py:151} INFO - [2024-06-17T18:04:44.257+0000] {dag.py:2907} INFO - Sync 1 DAGs
[2024-06-17T18:04:44.271+0000] {logging_mixin.py:151} INFO - [2024-06-17T18:04:44.270+0000] {dag.py:3677} INFO - Setting next_dagrun for example_skip_dag to 2024-06-16T18:04:44.270784+00:00, run_after=2024-06-17T18:04:44.270784+00:00
[2024-06-17T18:04:44.373+0000] {processor.py:179} INFO - Processing /home/airflow/.local/lib/python3.8/site-packages/airflow/example_dags/example_skip_dag.py took 0.140 seconds
[2024-06-17T18:05:15.676+0000] {processor.py:157} INFO - Started process (PID=120) to work on /home/airflow/.local/lib/python3.8/site-packages/airflow/example_dags/example_skip_dag.py
[2024-06-17T18:05:15.676+0000] {processor.py:829} INFO - Processing file /home/airflow/.local/lib/python3.8/site-packages/airflow/example_dags/example_skip_dag.py for tasks to queue
[2024-06-17T18:05:15.677+0000] {logging_mixin.py:151} INFO - [2024-06-17T18:05:15.677+0000] {dagbag.py:539} INFO - Filling up the DagBag from /home/airflow/.local/lib/python3.8/site-packages/airflow/example_dags/example_skip_dag.py
[2024-06-17T18:05:15.680+0000] {processor.py:839} INFO - DAG(s) dict_keys(['example_skip_dag']) retrieved from /home/airflow/.local/lib/python3.8/site-packages/airflow/example_dags/example_skip_dag.py
[2024-06-17T18:05:15.688+0000] {logging_mixin.py:151} INFO - [2024-06-17T18:05:15.688+0000] {dag.py:2907} INFO - Sync 1 DAGs
[2024-06-17T18:05:15.697+0000] {logging_mixin.py:151} INFO - [2024-06-17T18:05:15.697+0000] {dag.py:3677} INFO - Setting next_dagrun for example_skip_dag to 2024-06-16T18:05:15.697197+00:00, run_after=2024-06-17T18:05:15.697197+00:00
[2024-06-17T18:05:15.703+0000] {processor.py:179} INFO - Processing /home/airflow/.local/lib/python3.8/site-packages/airflow/example_dags/example_skip_dag.py took 0.029 seconds
[2024-06-17T18:05:46.341+0000] {processor.py:157} INFO - Started process (PID=175) to work on /home/airflow/.local/lib/python3.8/site-packages/airflow/example_dags/example_skip_dag.py
[2024-06-17T18:05:46.342+0000] {processor.py:829} INFO - Processing file /home/airflow/.local/lib/python3.8/site-packages/airflow/example_dags/example_skip_dag.py for tasks to queue
[2024-06-17T18:05:46.343+0000] {logging_mixin.py:151} INFO - [2024-06-17T18:05:46.343+0000] {dagbag.py:539} INFO - Filling up the DagBag from /home/airflow/.local/lib/python3.8/site-packages/airflow/example_dags/example_skip_dag.py
[2024-06-17T18:05:46.345+0000] {processor.py:839} INFO - DAG(s) dict_keys(['example_skip_dag']) retrieved from /home/airflow/.local/lib/python3.8/site-packages/airflow/example_dags/example_skip_dag.py
[2024-06-17T18:05:46.354+0000] {logging_mixin.py:151} INFO - [2024-06-17T18:05:46.354+0000] {dag.py:2907} INFO - Sync 1 DAGs
[2024-06-17T18:05:46.362+0000] {logging_mixin.py:151} INFO - [2024-06-17T18:05:46.362+0000] {dag.py:3677} INFO - Setting next_dagrun for example_skip_dag to 2024-06-16T18:05:46.362531+00:00, run_after=2024-06-17T18:05:46.362531+00:00
[2024-06-17T18:05:46.369+0000] {processor.py:179} INFO - Processing /home/airflow/.local/lib/python3.8/site-packages/airflow/example_dags/example_skip_dag.py took 0.029 seconds
[2024-06-17T18:06:16.964+0000] {processor.py:157} INFO - Started process (PID=230) to work on /home/airflow/.local/lib/python3.8/site-packages/airflow/example_dags/example_skip_dag.py
[2024-06-17T18:06:16.965+0000] {processor.py:829} INFO - Processing file /home/airflow/.local/lib/python3.8/site-packages/airflow/example_dags/example_skip_dag.py for tasks to queue
[2024-06-17T18:06:16.966+0000] {logging_mixin.py:151} INFO - [2024-06-17T18:06:16.965+0000] {dagbag.py:539} INFO - Filling up the DagBag from /home/airflow/.local/lib/python3.8/site-packages/airflow/example_dags/example_skip_dag.py
[2024-06-17T18:06:16.968+0000] {processor.py:839} INFO - DAG(s) dict_keys(['example_skip_dag']) retrieved from /home/airflow/.local/lib/python3.8/site-packages/airflow/example_dags/example_skip_dag.py
[2024-06-17T18:06:16.977+0000] {logging_mixin.py:151} INFO - [2024-06-17T18:06:16.977+0000] {dag.py:2907} INFO - Sync 1 DAGs
[2024-06-17T18:06:16.986+0000] {logging_mixin.py:151} INFO - [2024-06-17T18:06:16.986+0000] {dag.py:3677} INFO - Setting next_dagrun for example_skip_dag to 2024-06-16T18:06:16.985921+00:00, run_after=2024-06-17T18:06:16.985921+00:00
[2024-06-17T18:06:16.992+0000] {processor.py:179} INFO - Processing /home/airflow/.local/lib/python3.8/site-packages/airflow/example_dags/example_skip_dag.py took 0.029 seconds
[2024-06-17T18:06:47.507+0000] {processor.py:157} INFO - Started process (PID=285) to work on /home/airflow/.local/lib/python3.8/site-packages/airflow/example_dags/example_skip_dag.py
[2024-06-17T18:06:47.507+0000] {processor.py:829} INFO - Processing file /home/airflow/.local/lib/python3.8/site-packages/airflow/example_dags/example_skip_dag.py for tasks to queue
[2024-06-17T18:06:47.508+0000] {logging_mixin.py:151} INFO - [2024-06-17T18:06:47.508+0000] {dagbag.py:539} INFO - Filling up the DagBag from /home/airflow/.local/lib/python3.8/site-packages/airflow/example_dags/example_skip_dag.py
[2024-06-17T18:06:47.511+0000] {processor.py:839} INFO - DAG(s) dict_keys(['example_skip_dag']) retrieved from /home/airflow/.local/lib/python3.8/site-packages/airflow/example_dags/example_skip_dag.py
[2024-06-17T18:06:47.519+0000] {logging_mixin.py:151} INFO - [2024-06-17T18:06:47.519+0000] {dag.py:2907} INFO - Sync 1 DAGs
[2024-06-17T18:06:47.528+0000] {logging_mixin.py:151} INFO - [2024-06-17T18:06:47.528+0000] {dag.py:3677} INFO - Setting next_dagrun for example_skip_dag to 2024-06-16T18:06:47.528119+00:00, run_after=2024-06-17T18:06:47.528119+00:00
[2024-06-17T18:06:47.535+0000] {processor.py:179} INFO - Processing /home/airflow/.local/lib/python3.8/site-packages/airflow/example_dags/example_skip_dag.py took 0.029 seconds
[2024-06-17T18:07:17.920+0000] {processor.py:157} INFO - Started process (PID=340) to work on /home/airflow/.local/lib/python3.8/site-packages/airflow/example_dags/example_skip_dag.py
[2024-06-17T18:07:17.921+0000] {processor.py:829} INFO - Processing file /home/airflow/.local/lib/python3.8/site-packages/airflow/example_dags/example_skip_dag.py for tasks to queue
[2024-06-17T18:07:17.922+0000] {logging_mixin.py:151} INFO - [2024-06-17T18:07:17.922+0000] {dagbag.py:539} INFO - Filling up the DagBag from /home/airflow/.local/lib/python3.8/site-packages/airflow/example_dags/example_skip_dag.py
[2024-06-17T18:07:17.925+0000] {processor.py:839} INFO - DAG(s) dict_keys(['example_skip_dag']) retrieved from /home/airflow/.local/lib/python3.8/site-packages/airflow/example_dags/example_skip_dag.py
[2024-06-17T18:07:17.934+0000] {logging_mixin.py:151} INFO - [2024-06-17T18:07:17.934+0000] {dag.py:2907} INFO - Sync 1 DAGs
[2024-06-17T18:07:17.943+0000] {logging_mixin.py:151} INFO - [2024-06-17T18:07:17.943+0000] {dag.py:3677} INFO - Setting next_dagrun for example_skip_dag to 2024-06-16T18:07:17.943304+00:00, run_after=2024-06-17T18:07:17.943304+00:00
[2024-06-17T18:07:17.950+0000] {processor.py:179} INFO - Processing /home/airflow/.local/lib/python3.8/site-packages/airflow/example_dags/example_skip_dag.py took 0.031 seconds
