[2024-06-17T17:56:43.132+0000] {processor.py:157} INFO - Started process (PID=78) to work on /home/airflow/.local/lib/python3.8/site-packages/airflow/example_dags/example_params_ui_tutorial.py
[2024-06-17T17:56:43.132+0000] {processor.py:829} INFO - Processing file /home/airflow/.local/lib/python3.8/site-packages/airflow/example_dags/example_params_ui_tutorial.py for tasks to queue
[2024-06-17T17:56:43.133+0000] {logging_mixin.py:151} INFO - [2024-06-17T17:56:43.133+0000] {dagbag.py:539} INFO - Filling up the DagBag from /home/airflow/.local/lib/python3.8/site-packages/airflow/example_dags/example_params_ui_tutorial.py
[2024-06-17T17:56:43.150+0000] {processor.py:839} INFO - DAG(s) dict_keys(['example_params_ui_tutorial']) retrieved from /home/airflow/.local/lib/python3.8/site-packages/airflow/example_dags/example_params_ui_tutorial.py
[2024-06-17T17:56:43.205+0000] {logging_mixin.py:151} INFO - [2024-06-17T17:56:43.205+0000] {manager.py:501} INFO - Created Permission View: can delete on DAG:example_params_ui_tutorial
[2024-06-17T17:56:43.209+0000] {logging_mixin.py:151} INFO - [2024-06-17T17:56:43.209+0000] {manager.py:501} INFO - Created Permission View: can read on DAG:example_params_ui_tutorial
[2024-06-17T17:56:43.211+0000] {logging_mixin.py:151} INFO - [2024-06-17T17:56:43.211+0000] {manager.py:501} INFO - Created Permission View: can edit on DAG:example_params_ui_tutorial
[2024-06-17T17:56:43.216+0000] {logging_mixin.py:151} INFO - [2024-06-17T17:56:43.216+0000] {dag.py:2907} INFO - Sync 1 DAGs
[2024-06-17T17:56:43.221+0000] {logging_mixin.py:151} INFO - [2024-06-17T17:56:43.221+0000] {dag.py:2929} INFO - Creating ORM DAG for example_params_ui_tutorial
[2024-06-17T17:56:43.221+0000] {logging_mixin.py:151} INFO - [2024-06-17T17:56:43.221+0000] {dag.py:3677} INFO - Setting next_dagrun for example_params_ui_tutorial to None, run_after=None
[2024-06-17T17:56:43.228+0000] {processor.py:179} INFO - Processing /home/airflow/.local/lib/python3.8/site-packages/airflow/example_dags/example_params_ui_tutorial.py took 0.097 seconds
[2024-06-17T17:57:14.191+0000] {processor.py:157} INFO - Started process (PID=133) to work on /home/airflow/.local/lib/python3.8/site-packages/airflow/example_dags/example_params_ui_tutorial.py
[2024-06-17T17:57:14.192+0000] {processor.py:829} INFO - Processing file /home/airflow/.local/lib/python3.8/site-packages/airflow/example_dags/example_params_ui_tutorial.py for tasks to queue
[2024-06-17T17:57:14.194+0000] {logging_mixin.py:151} INFO - [2024-06-17T17:57:14.194+0000] {dagbag.py:539} INFO - Filling up the DagBag from /home/airflow/.local/lib/python3.8/site-packages/airflow/example_dags/example_params_ui_tutorial.py
[2024-06-17T17:57:14.221+0000] {processor.py:839} INFO - DAG(s) dict_keys(['example_params_ui_tutorial']) retrieved from /home/airflow/.local/lib/python3.8/site-packages/airflow/example_dags/example_params_ui_tutorial.py
[2024-06-17T17:57:14.245+0000] {logging_mixin.py:151} INFO - [2024-06-17T17:57:14.244+0000] {dag.py:2907} INFO - Sync 1 DAGs
[2024-06-17T17:57:14.250+0000] {logging_mixin.py:151} INFO - [2024-06-17T17:57:14.250+0000] {dag.py:3677} INFO - Setting next_dagrun for example_params_ui_tutorial to None, run_after=None
[2024-06-17T17:57:14.257+0000] {processor.py:179} INFO - Processing /home/airflow/.local/lib/python3.8/site-packages/airflow/example_dags/example_params_ui_tutorial.py took 0.069 seconds
[2024-06-17T17:57:44.758+0000] {processor.py:157} INFO - Started process (PID=188) to work on /home/airflow/.local/lib/python3.8/site-packages/airflow/example_dags/example_params_ui_tutorial.py
[2024-06-17T17:57:44.760+0000] {processor.py:829} INFO - Processing file /home/airflow/.local/lib/python3.8/site-packages/airflow/example_dags/example_params_ui_tutorial.py for tasks to queue
[2024-06-17T17:57:44.762+0000] {logging_mixin.py:151} INFO - [2024-06-17T17:57:44.762+0000] {dagbag.py:539} INFO - Filling up the DagBag from /home/airflow/.local/lib/python3.8/site-packages/airflow/example_dags/example_params_ui_tutorial.py
[2024-06-17T17:57:44.788+0000] {processor.py:839} INFO - DAG(s) dict_keys(['example_params_ui_tutorial']) retrieved from /home/airflow/.local/lib/python3.8/site-packages/airflow/example_dags/example_params_ui_tutorial.py
[2024-06-17T17:57:44.813+0000] {logging_mixin.py:151} INFO - [2024-06-17T17:57:44.812+0000] {dag.py:2907} INFO - Sync 1 DAGs
[2024-06-17T17:57:44.818+0000] {logging_mixin.py:151} INFO - [2024-06-17T17:57:44.818+0000] {dag.py:3677} INFO - Setting next_dagrun for example_params_ui_tutorial to None, run_after=None
[2024-06-17T17:57:44.825+0000] {processor.py:179} INFO - Processing /home/airflow/.local/lib/python3.8/site-packages/airflow/example_dags/example_params_ui_tutorial.py took 0.070 seconds
[2024-06-17T17:58:15.323+0000] {processor.py:157} INFO - Started process (PID=243) to work on /home/airflow/.local/lib/python3.8/site-packages/airflow/example_dags/example_params_ui_tutorial.py
[2024-06-17T17:58:15.324+0000] {processor.py:829} INFO - Processing file /home/airflow/.local/lib/python3.8/site-packages/airflow/example_dags/example_params_ui_tutorial.py for tasks to queue
[2024-06-17T17:58:15.327+0000] {logging_mixin.py:151} INFO - [2024-06-17T17:58:15.326+0000] {dagbag.py:539} INFO - Filling up the DagBag from /home/airflow/.local/lib/python3.8/site-packages/airflow/example_dags/example_params_ui_tutorial.py
[2024-06-17T17:58:15.353+0000] {processor.py:839} INFO - DAG(s) dict_keys(['example_params_ui_tutorial']) retrieved from /home/airflow/.local/lib/python3.8/site-packages/airflow/example_dags/example_params_ui_tutorial.py
[2024-06-17T17:58:15.378+0000] {logging_mixin.py:151} INFO - [2024-06-17T17:58:15.378+0000] {dag.py:2907} INFO - Sync 1 DAGs
[2024-06-17T17:58:15.384+0000] {logging_mixin.py:151} INFO - [2024-06-17T17:58:15.384+0000] {dag.py:3677} INFO - Setting next_dagrun for example_params_ui_tutorial to None, run_after=None
[2024-06-17T17:58:15.392+0000] {processor.py:179} INFO - Processing /home/airflow/.local/lib/python3.8/site-packages/airflow/example_dags/example_params_ui_tutorial.py took 0.072 seconds
[2024-06-17T17:58:45.837+0000] {processor.py:157} INFO - Started process (PID=298) to work on /home/airflow/.local/lib/python3.8/site-packages/airflow/example_dags/example_params_ui_tutorial.py
[2024-06-17T17:58:45.838+0000] {processor.py:829} INFO - Processing file /home/airflow/.local/lib/python3.8/site-packages/airflow/example_dags/example_params_ui_tutorial.py for tasks to queue
[2024-06-17T17:58:45.840+0000] {logging_mixin.py:151} INFO - [2024-06-17T17:58:45.840+0000] {dagbag.py:539} INFO - Filling up the DagBag from /home/airflow/.local/lib/python3.8/site-packages/airflow/example_dags/example_params_ui_tutorial.py
[2024-06-17T17:58:45.867+0000] {processor.py:839} INFO - DAG(s) dict_keys(['example_params_ui_tutorial']) retrieved from /home/airflow/.local/lib/python3.8/site-packages/airflow/example_dags/example_params_ui_tutorial.py
[2024-06-17T17:58:45.891+0000] {logging_mixin.py:151} INFO - [2024-06-17T17:58:45.891+0000] {dag.py:2907} INFO - Sync 1 DAGs
[2024-06-17T17:58:45.896+0000] {logging_mixin.py:151} INFO - [2024-06-17T17:58:45.896+0000] {dag.py:3677} INFO - Setting next_dagrun for example_params_ui_tutorial to None, run_after=None
[2024-06-17T17:58:45.903+0000] {processor.py:179} INFO - Processing /home/airflow/.local/lib/python3.8/site-packages/airflow/example_dags/example_params_ui_tutorial.py took 0.070 seconds
[2024-06-17T17:59:16.362+0000] {processor.py:157} INFO - Started process (PID=353) to work on /home/airflow/.local/lib/python3.8/site-packages/airflow/example_dags/example_params_ui_tutorial.py
[2024-06-17T17:59:16.364+0000] {processor.py:829} INFO - Processing file /home/airflow/.local/lib/python3.8/site-packages/airflow/example_dags/example_params_ui_tutorial.py for tasks to queue
[2024-06-17T17:59:16.366+0000] {logging_mixin.py:151} INFO - [2024-06-17T17:59:16.365+0000] {dagbag.py:539} INFO - Filling up the DagBag from /home/airflow/.local/lib/python3.8/site-packages/airflow/example_dags/example_params_ui_tutorial.py
[2024-06-17T17:59:16.393+0000] {processor.py:839} INFO - DAG(s) dict_keys(['example_params_ui_tutorial']) retrieved from /home/airflow/.local/lib/python3.8/site-packages/airflow/example_dags/example_params_ui_tutorial.py
[2024-06-17T17:59:16.417+0000] {logging_mixin.py:151} INFO - [2024-06-17T17:59:16.417+0000] {dag.py:2907} INFO - Sync 1 DAGs
[2024-06-17T17:59:16.423+0000] {logging_mixin.py:151} INFO - [2024-06-17T17:59:16.423+0000] {dag.py:3677} INFO - Setting next_dagrun for example_params_ui_tutorial to None, run_after=None
[2024-06-17T17:59:16.430+0000] {processor.py:179} INFO - Processing /home/airflow/.local/lib/python3.8/site-packages/airflow/example_dags/example_params_ui_tutorial.py took 0.072 seconds
[2024-06-17T17:59:46.892+0000] {processor.py:157} INFO - Started process (PID=408) to work on /home/airflow/.local/lib/python3.8/site-packages/airflow/example_dags/example_params_ui_tutorial.py
[2024-06-17T17:59:46.892+0000] {processor.py:829} INFO - Processing file /home/airflow/.local/lib/python3.8/site-packages/airflow/example_dags/example_params_ui_tutorial.py for tasks to queue
[2024-06-17T17:59:46.894+0000] {logging_mixin.py:151} INFO - [2024-06-17T17:59:46.894+0000] {dagbag.py:539} INFO - Filling up the DagBag from /home/airflow/.local/lib/python3.8/site-packages/airflow/example_dags/example_params_ui_tutorial.py
[2024-06-17T17:59:46.917+0000] {processor.py:839} INFO - DAG(s) dict_keys(['example_params_ui_tutorial']) retrieved from /home/airflow/.local/lib/python3.8/site-packages/airflow/example_dags/example_params_ui_tutorial.py
[2024-06-17T17:59:46.940+0000] {logging_mixin.py:151} INFO - [2024-06-17T17:59:46.940+0000] {dag.py:2907} INFO - Sync 1 DAGs
[2024-06-17T17:59:46.946+0000] {logging_mixin.py:151} INFO - [2024-06-17T17:59:46.946+0000] {dag.py:3677} INFO - Setting next_dagrun for example_params_ui_tutorial to None, run_after=None
[2024-06-17T17:59:46.952+0000] {processor.py:179} INFO - Processing /home/airflow/.local/lib/python3.8/site-packages/airflow/example_dags/example_params_ui_tutorial.py took 0.064 seconds
[2024-06-17T18:00:17.403+0000] {processor.py:157} INFO - Started process (PID=463) to work on /home/airflow/.local/lib/python3.8/site-packages/airflow/example_dags/example_params_ui_tutorial.py
[2024-06-17T18:00:17.404+0000] {processor.py:829} INFO - Processing file /home/airflow/.local/lib/python3.8/site-packages/airflow/example_dags/example_params_ui_tutorial.py for tasks to queue
[2024-06-17T18:00:17.407+0000] {logging_mixin.py:151} INFO - [2024-06-17T18:00:17.407+0000] {dagbag.py:539} INFO - Filling up the DagBag from /home/airflow/.local/lib/python3.8/site-packages/airflow/example_dags/example_params_ui_tutorial.py
[2024-06-17T18:00:17.432+0000] {processor.py:839} INFO - DAG(s) dict_keys(['example_params_ui_tutorial']) retrieved from /home/airflow/.local/lib/python3.8/site-packages/airflow/example_dags/example_params_ui_tutorial.py
[2024-06-17T18:00:17.456+0000] {logging_mixin.py:151} INFO - [2024-06-17T18:00:17.456+0000] {dag.py:2907} INFO - Sync 1 DAGs
[2024-06-17T18:00:17.461+0000] {logging_mixin.py:151} INFO - [2024-06-17T18:00:17.461+0000] {dag.py:3677} INFO - Setting next_dagrun for example_params_ui_tutorial to None, run_after=None
[2024-06-17T18:00:17.469+0000] {processor.py:179} INFO - Processing /home/airflow/.local/lib/python3.8/site-packages/airflow/example_dags/example_params_ui_tutorial.py took 0.070 seconds
[2024-06-17T18:00:47.948+0000] {processor.py:157} INFO - Started process (PID=518) to work on /home/airflow/.local/lib/python3.8/site-packages/airflow/example_dags/example_params_ui_tutorial.py
[2024-06-17T18:00:47.948+0000] {processor.py:829} INFO - Processing file /home/airflow/.local/lib/python3.8/site-packages/airflow/example_dags/example_params_ui_tutorial.py for tasks to queue
[2024-06-17T18:00:47.950+0000] {logging_mixin.py:151} INFO - [2024-06-17T18:00:47.950+0000] {dagbag.py:539} INFO - Filling up the DagBag from /home/airflow/.local/lib/python3.8/site-packages/airflow/example_dags/example_params_ui_tutorial.py
[2024-06-17T18:00:47.978+0000] {processor.py:839} INFO - DAG(s) dict_keys(['example_params_ui_tutorial']) retrieved from /home/airflow/.local/lib/python3.8/site-packages/airflow/example_dags/example_params_ui_tutorial.py
[2024-06-17T18:00:48.030+0000] {logging_mixin.py:151} INFO - [2024-06-17T18:00:48.030+0000] {dag.py:2907} INFO - Sync 1 DAGs
[2024-06-17T18:00:48.040+0000] {logging_mixin.py:151} INFO - [2024-06-17T18:00:48.040+0000] {dag.py:3677} INFO - Setting next_dagrun for example_params_ui_tutorial to None, run_after=None
[2024-06-17T18:00:48.050+0000] {processor.py:179} INFO - Processing /home/airflow/.local/lib/python3.8/site-packages/airflow/example_dags/example_params_ui_tutorial.py took 0.106 seconds
[2024-06-17T18:01:18.518+0000] {processor.py:157} INFO - Started process (PID=573) to work on /home/airflow/.local/lib/python3.8/site-packages/airflow/example_dags/example_params_ui_tutorial.py
[2024-06-17T18:01:18.519+0000] {processor.py:829} INFO - Processing file /home/airflow/.local/lib/python3.8/site-packages/airflow/example_dags/example_params_ui_tutorial.py for tasks to queue
[2024-06-17T18:01:18.521+0000] {logging_mixin.py:151} INFO - [2024-06-17T18:01:18.521+0000] {dagbag.py:539} INFO - Filling up the DagBag from /home/airflow/.local/lib/python3.8/site-packages/airflow/example_dags/example_params_ui_tutorial.py
[2024-06-17T18:01:18.544+0000] {processor.py:839} INFO - DAG(s) dict_keys(['example_params_ui_tutorial']) retrieved from /home/airflow/.local/lib/python3.8/site-packages/airflow/example_dags/example_params_ui_tutorial.py
[2024-06-17T18:01:18.567+0000] {logging_mixin.py:151} INFO - [2024-06-17T18:01:18.567+0000] {dag.py:2907} INFO - Sync 1 DAGs
[2024-06-17T18:01:18.573+0000] {logging_mixin.py:151} INFO - [2024-06-17T18:01:18.573+0000] {dag.py:3677} INFO - Setting next_dagrun for example_params_ui_tutorial to None, run_after=None
[2024-06-17T18:01:18.580+0000] {processor.py:179} INFO - Processing /home/airflow/.local/lib/python3.8/site-packages/airflow/example_dags/example_params_ui_tutorial.py took 0.066 seconds
[2024-06-17T18:01:49.107+0000] {processor.py:157} INFO - Started process (PID=628) to work on /home/airflow/.local/lib/python3.8/site-packages/airflow/example_dags/example_params_ui_tutorial.py
[2024-06-17T18:01:49.108+0000] {processor.py:829} INFO - Processing file /home/airflow/.local/lib/python3.8/site-packages/airflow/example_dags/example_params_ui_tutorial.py for tasks to queue
[2024-06-17T18:01:49.110+0000] {logging_mixin.py:151} INFO - [2024-06-17T18:01:49.110+0000] {dagbag.py:539} INFO - Filling up the DagBag from /home/airflow/.local/lib/python3.8/site-packages/airflow/example_dags/example_params_ui_tutorial.py
[2024-06-17T18:01:49.134+0000] {processor.py:839} INFO - DAG(s) dict_keys(['example_params_ui_tutorial']) retrieved from /home/airflow/.local/lib/python3.8/site-packages/airflow/example_dags/example_params_ui_tutorial.py
[2024-06-17T18:01:49.164+0000] {logging_mixin.py:151} INFO - [2024-06-17T18:01:49.164+0000] {dag.py:2907} INFO - Sync 1 DAGs
[2024-06-17T18:01:49.171+0000] {logging_mixin.py:151} INFO - [2024-06-17T18:01:49.171+0000] {dag.py:3677} INFO - Setting next_dagrun for example_params_ui_tutorial to None, run_after=None
[2024-06-17T18:01:49.179+0000] {processor.py:179} INFO - Processing /home/airflow/.local/lib/python3.8/site-packages/airflow/example_dags/example_params_ui_tutorial.py took 0.074 seconds
[2024-06-17T18:02:19.618+0000] {processor.py:157} INFO - Started process (PID=683) to work on /home/airflow/.local/lib/python3.8/site-packages/airflow/example_dags/example_params_ui_tutorial.py
[2024-06-17T18:02:19.619+0000] {processor.py:829} INFO - Processing file /home/airflow/.local/lib/python3.8/site-packages/airflow/example_dags/example_params_ui_tutorial.py for tasks to queue
[2024-06-17T18:02:19.621+0000] {logging_mixin.py:151} INFO - [2024-06-17T18:02:19.621+0000] {dagbag.py:539} INFO - Filling up the DagBag from /home/airflow/.local/lib/python3.8/site-packages/airflow/example_dags/example_params_ui_tutorial.py
[2024-06-17T18:02:19.650+0000] {processor.py:839} INFO - DAG(s) dict_keys(['example_params_ui_tutorial']) retrieved from /home/airflow/.local/lib/python3.8/site-packages/airflow/example_dags/example_params_ui_tutorial.py
[2024-06-17T18:02:19.677+0000] {logging_mixin.py:151} INFO - [2024-06-17T18:02:19.677+0000] {dag.py:2907} INFO - Sync 1 DAGs
[2024-06-17T18:02:19.683+0000] {logging_mixin.py:151} INFO - [2024-06-17T18:02:19.683+0000] {dag.py:3677} INFO - Setting next_dagrun for example_params_ui_tutorial to None, run_after=None
[2024-06-17T18:02:19.692+0000] {processor.py:179} INFO - Processing /home/airflow/.local/lib/python3.8/site-packages/airflow/example_dags/example_params_ui_tutorial.py took 0.078 seconds
[2024-06-17T18:02:50.192+0000] {processor.py:157} INFO - Started process (PID=738) to work on /home/airflow/.local/lib/python3.8/site-packages/airflow/example_dags/example_params_ui_tutorial.py
[2024-06-17T18:02:50.193+0000] {processor.py:829} INFO - Processing file /home/airflow/.local/lib/python3.8/site-packages/airflow/example_dags/example_params_ui_tutorial.py for tasks to queue
[2024-06-17T18:02:50.195+0000] {logging_mixin.py:151} INFO - [2024-06-17T18:02:50.195+0000] {dagbag.py:539} INFO - Filling up the DagBag from /home/airflow/.local/lib/python3.8/site-packages/airflow/example_dags/example_params_ui_tutorial.py
[2024-06-17T18:02:50.219+0000] {processor.py:839} INFO - DAG(s) dict_keys(['example_params_ui_tutorial']) retrieved from /home/airflow/.local/lib/python3.8/site-packages/airflow/example_dags/example_params_ui_tutorial.py
[2024-06-17T18:02:50.244+0000] {logging_mixin.py:151} INFO - [2024-06-17T18:02:50.243+0000] {dag.py:2907} INFO - Sync 1 DAGs
[2024-06-17T18:02:50.250+0000] {logging_mixin.py:151} INFO - [2024-06-17T18:02:50.250+0000] {dag.py:3677} INFO - Setting next_dagrun for example_params_ui_tutorial to None, run_after=None
[2024-06-17T18:02:50.257+0000] {processor.py:179} INFO - Processing /home/airflow/.local/lib/python3.8/site-packages/airflow/example_dags/example_params_ui_tutorial.py took 0.069 seconds
[2024-06-17T18:03:20.661+0000] {processor.py:157} INFO - Started process (PID=793) to work on /home/airflow/.local/lib/python3.8/site-packages/airflow/example_dags/example_params_ui_tutorial.py
[2024-06-17T18:03:20.662+0000] {processor.py:829} INFO - Processing file /home/airflow/.local/lib/python3.8/site-packages/airflow/example_dags/example_params_ui_tutorial.py for tasks to queue
[2024-06-17T18:03:20.665+0000] {logging_mixin.py:151} INFO - [2024-06-17T18:03:20.664+0000] {dagbag.py:539} INFO - Filling up the DagBag from /home/airflow/.local/lib/python3.8/site-packages/airflow/example_dags/example_params_ui_tutorial.py
[2024-06-17T18:03:20.692+0000] {processor.py:839} INFO - DAG(s) dict_keys(['example_params_ui_tutorial']) retrieved from /home/airflow/.local/lib/python3.8/site-packages/airflow/example_dags/example_params_ui_tutorial.py
[2024-06-17T18:03:20.717+0000] {logging_mixin.py:151} INFO - [2024-06-17T18:03:20.717+0000] {dag.py:2907} INFO - Sync 1 DAGs
[2024-06-17T18:03:20.722+0000] {logging_mixin.py:151} INFO - [2024-06-17T18:03:20.722+0000] {dag.py:3677} INFO - Setting next_dagrun for example_params_ui_tutorial to None, run_after=None
[2024-06-17T18:03:20.729+0000] {processor.py:179} INFO - Processing /home/airflow/.local/lib/python3.8/site-packages/airflow/example_dags/example_params_ui_tutorial.py took 0.071 seconds
[2024-06-17T18:03:51.152+0000] {processor.py:157} INFO - Started process (PID=848) to work on /home/airflow/.local/lib/python3.8/site-packages/airflow/example_dags/example_params_ui_tutorial.py
[2024-06-17T18:03:51.153+0000] {processor.py:829} INFO - Processing file /home/airflow/.local/lib/python3.8/site-packages/airflow/example_dags/example_params_ui_tutorial.py for tasks to queue
[2024-06-17T18:03:51.155+0000] {logging_mixin.py:151} INFO - [2024-06-17T18:03:51.155+0000] {dagbag.py:539} INFO - Filling up the DagBag from /home/airflow/.local/lib/python3.8/site-packages/airflow/example_dags/example_params_ui_tutorial.py
[2024-06-17T18:03:51.177+0000] {processor.py:839} INFO - DAG(s) dict_keys(['example_params_ui_tutorial']) retrieved from /home/airflow/.local/lib/python3.8/site-packages/airflow/example_dags/example_params_ui_tutorial.py
[2024-06-17T18:03:51.204+0000] {logging_mixin.py:151} INFO - [2024-06-17T18:03:51.204+0000] {dag.py:2907} INFO - Sync 1 DAGs
[2024-06-17T18:03:51.211+0000] {logging_mixin.py:151} INFO - [2024-06-17T18:03:51.210+0000] {dag.py:3677} INFO - Setting next_dagrun for example_params_ui_tutorial to None, run_after=None
[2024-06-17T18:03:51.218+0000] {processor.py:179} INFO - Processing /home/airflow/.local/lib/python3.8/site-packages/airflow/example_dags/example_params_ui_tutorial.py took 0.070 seconds
[2024-06-17T18:04:21.715+0000] {processor.py:157} INFO - Started process (PID=903) to work on /home/airflow/.local/lib/python3.8/site-packages/airflow/example_dags/example_params_ui_tutorial.py
[2024-06-17T18:04:21.717+0000] {processor.py:829} INFO - Processing file /home/airflow/.local/lib/python3.8/site-packages/airflow/example_dags/example_params_ui_tutorial.py for tasks to queue
[2024-06-17T18:04:21.719+0000] {logging_mixin.py:151} INFO - [2024-06-17T18:04:21.718+0000] {dagbag.py:539} INFO - Filling up the DagBag from /home/airflow/.local/lib/python3.8/site-packages/airflow/example_dags/example_params_ui_tutorial.py
[2024-06-17T18:04:21.745+0000] {processor.py:839} INFO - DAG(s) dict_keys(['example_params_ui_tutorial']) retrieved from /home/airflow/.local/lib/python3.8/site-packages/airflow/example_dags/example_params_ui_tutorial.py
[2024-06-17T18:04:21.769+0000] {logging_mixin.py:151} INFO - [2024-06-17T18:04:21.768+0000] {dag.py:2907} INFO - Sync 1 DAGs
[2024-06-17T18:04:21.774+0000] {logging_mixin.py:151} INFO - [2024-06-17T18:04:21.774+0000] {dag.py:3677} INFO - Setting next_dagrun for example_params_ui_tutorial to None, run_after=None
[2024-06-17T18:04:21.781+0000] {processor.py:179} INFO - Processing /home/airflow/.local/lib/python3.8/site-packages/airflow/example_dags/example_params_ui_tutorial.py took 0.069 seconds
[2024-06-17T18:04:45.260+0000] {processor.py:157} INFO - Started process (PID=77) to work on /home/airflow/.local/lib/python3.8/site-packages/airflow/example_dags/example_params_ui_tutorial.py
[2024-06-17T18:04:45.261+0000] {processor.py:829} INFO - Processing file /home/airflow/.local/lib/python3.8/site-packages/airflow/example_dags/example_params_ui_tutorial.py for tasks to queue
[2024-06-17T18:04:45.262+0000] {logging_mixin.py:151} INFO - [2024-06-17T18:04:45.262+0000] {dagbag.py:539} INFO - Filling up the DagBag from /home/airflow/.local/lib/python3.8/site-packages/airflow/example_dags/example_params_ui_tutorial.py
[2024-06-17T18:04:45.280+0000] {processor.py:839} INFO - DAG(s) dict_keys(['example_params_ui_tutorial']) retrieved from /home/airflow/.local/lib/python3.8/site-packages/airflow/example_dags/example_params_ui_tutorial.py
[2024-06-17T18:04:45.289+0000] {logging_mixin.py:151} INFO - [2024-06-17T18:04:45.289+0000] {dag.py:2907} INFO - Sync 1 DAGs
[2024-06-17T18:04:45.299+0000] {logging_mixin.py:151} INFO - [2024-06-17T18:04:45.299+0000] {dag.py:3677} INFO - Setting next_dagrun for example_params_ui_tutorial to None, run_after=None
[2024-06-17T18:04:45.416+0000] {processor.py:179} INFO - Processing /home/airflow/.local/lib/python3.8/site-packages/airflow/example_dags/example_params_ui_tutorial.py took 0.159 seconds
[2024-06-17T18:05:16.045+0000] {processor.py:157} INFO - Started process (PID=132) to work on /home/airflow/.local/lib/python3.8/site-packages/airflow/example_dags/example_params_ui_tutorial.py
[2024-06-17T18:05:16.046+0000] {processor.py:829} INFO - Processing file /home/airflow/.local/lib/python3.8/site-packages/airflow/example_dags/example_params_ui_tutorial.py for tasks to queue
[2024-06-17T18:05:16.047+0000] {logging_mixin.py:151} INFO - [2024-06-17T18:05:16.047+0000] {dagbag.py:539} INFO - Filling up the DagBag from /home/airflow/.local/lib/python3.8/site-packages/airflow/example_dags/example_params_ui_tutorial.py
[2024-06-17T18:05:16.063+0000] {processor.py:839} INFO - DAG(s) dict_keys(['example_params_ui_tutorial']) retrieved from /home/airflow/.local/lib/python3.8/site-packages/airflow/example_dags/example_params_ui_tutorial.py
[2024-06-17T18:05:16.083+0000] {logging_mixin.py:151} INFO - [2024-06-17T18:05:16.083+0000] {dag.py:2907} INFO - Sync 1 DAGs
[2024-06-17T18:05:16.089+0000] {logging_mixin.py:151} INFO - [2024-06-17T18:05:16.089+0000] {dag.py:3677} INFO - Setting next_dagrun for example_params_ui_tutorial to None, run_after=None
[2024-06-17T18:05:16.096+0000] {processor.py:179} INFO - Processing /home/airflow/.local/lib/python3.8/site-packages/airflow/example_dags/example_params_ui_tutorial.py took 0.053 seconds
[2024-06-17T18:05:46.724+0000] {processor.py:157} INFO - Started process (PID=187) to work on /home/airflow/.local/lib/python3.8/site-packages/airflow/example_dags/example_params_ui_tutorial.py
[2024-06-17T18:05:46.724+0000] {processor.py:829} INFO - Processing file /home/airflow/.local/lib/python3.8/site-packages/airflow/example_dags/example_params_ui_tutorial.py for tasks to queue
[2024-06-17T18:05:46.725+0000] {logging_mixin.py:151} INFO - [2024-06-17T18:05:46.725+0000] {dagbag.py:539} INFO - Filling up the DagBag from /home/airflow/.local/lib/python3.8/site-packages/airflow/example_dags/example_params_ui_tutorial.py
[2024-06-17T18:05:46.740+0000] {processor.py:839} INFO - DAG(s) dict_keys(['example_params_ui_tutorial']) retrieved from /home/airflow/.local/lib/python3.8/site-packages/airflow/example_dags/example_params_ui_tutorial.py
[2024-06-17T18:05:46.760+0000] {logging_mixin.py:151} INFO - [2024-06-17T18:05:46.760+0000] {dag.py:2907} INFO - Sync 1 DAGs
[2024-06-17T18:05:46.765+0000] {logging_mixin.py:151} INFO - [2024-06-17T18:05:46.765+0000] {dag.py:3677} INFO - Setting next_dagrun for example_params_ui_tutorial to None, run_after=None
[2024-06-17T18:05:46.771+0000] {processor.py:179} INFO - Processing /home/airflow/.local/lib/python3.8/site-packages/airflow/example_dags/example_params_ui_tutorial.py took 0.049 seconds
[2024-06-17T18:06:17.336+0000] {processor.py:157} INFO - Started process (PID=242) to work on /home/airflow/.local/lib/python3.8/site-packages/airflow/example_dags/example_params_ui_tutorial.py
[2024-06-17T18:06:17.336+0000] {processor.py:829} INFO - Processing file /home/airflow/.local/lib/python3.8/site-packages/airflow/example_dags/example_params_ui_tutorial.py for tasks to queue
[2024-06-17T18:06:17.337+0000] {logging_mixin.py:151} INFO - [2024-06-17T18:06:17.337+0000] {dagbag.py:539} INFO - Filling up the DagBag from /home/airflow/.local/lib/python3.8/site-packages/airflow/example_dags/example_params_ui_tutorial.py
[2024-06-17T18:06:17.352+0000] {processor.py:839} INFO - DAG(s) dict_keys(['example_params_ui_tutorial']) retrieved from /home/airflow/.local/lib/python3.8/site-packages/airflow/example_dags/example_params_ui_tutorial.py
[2024-06-17T18:06:17.371+0000] {logging_mixin.py:151} INFO - [2024-06-17T18:06:17.371+0000] {dag.py:2907} INFO - Sync 1 DAGs
[2024-06-17T18:06:17.377+0000] {logging_mixin.py:151} INFO - [2024-06-17T18:06:17.377+0000] {dag.py:3677} INFO - Setting next_dagrun for example_params_ui_tutorial to None, run_after=None
[2024-06-17T18:06:17.383+0000] {processor.py:179} INFO - Processing /home/airflow/.local/lib/python3.8/site-packages/airflow/example_dags/example_params_ui_tutorial.py took 0.049 seconds
[2024-06-17T18:06:47.837+0000] {processor.py:157} INFO - Started process (PID=297) to work on /home/airflow/.local/lib/python3.8/site-packages/airflow/example_dags/example_params_ui_tutorial.py
[2024-06-17T18:06:47.837+0000] {processor.py:829} INFO - Processing file /home/airflow/.local/lib/python3.8/site-packages/airflow/example_dags/example_params_ui_tutorial.py for tasks to queue
[2024-06-17T18:06:47.838+0000] {logging_mixin.py:151} INFO - [2024-06-17T18:06:47.838+0000] {dagbag.py:539} INFO - Filling up the DagBag from /home/airflow/.local/lib/python3.8/site-packages/airflow/example_dags/example_params_ui_tutorial.py
[2024-06-17T18:06:47.853+0000] {processor.py:839} INFO - DAG(s) dict_keys(['example_params_ui_tutorial']) retrieved from /home/airflow/.local/lib/python3.8/site-packages/airflow/example_dags/example_params_ui_tutorial.py
[2024-06-17T18:06:47.873+0000] {logging_mixin.py:151} INFO - [2024-06-17T18:06:47.873+0000] {dag.py:2907} INFO - Sync 1 DAGs
[2024-06-17T18:06:47.878+0000] {logging_mixin.py:151} INFO - [2024-06-17T18:06:47.878+0000] {dag.py:3677} INFO - Setting next_dagrun for example_params_ui_tutorial to None, run_after=None
[2024-06-17T18:06:47.885+0000] {processor.py:179} INFO - Processing /home/airflow/.local/lib/python3.8/site-packages/airflow/example_dags/example_params_ui_tutorial.py took 0.050 seconds
[2024-06-17T18:07:18.226+0000] {processor.py:157} INFO - Started process (PID=352) to work on /home/airflow/.local/lib/python3.8/site-packages/airflow/example_dags/example_params_ui_tutorial.py
[2024-06-17T18:07:18.226+0000] {processor.py:829} INFO - Processing file /home/airflow/.local/lib/python3.8/site-packages/airflow/example_dags/example_params_ui_tutorial.py for tasks to queue
[2024-06-17T18:07:18.227+0000] {logging_mixin.py:151} INFO - [2024-06-17T18:07:18.227+0000] {dagbag.py:539} INFO - Filling up the DagBag from /home/airflow/.local/lib/python3.8/site-packages/airflow/example_dags/example_params_ui_tutorial.py
[2024-06-17T18:07:18.242+0000] {processor.py:839} INFO - DAG(s) dict_keys(['example_params_ui_tutorial']) retrieved from /home/airflow/.local/lib/python3.8/site-packages/airflow/example_dags/example_params_ui_tutorial.py
[2024-06-17T18:07:18.263+0000] {logging_mixin.py:151} INFO - [2024-06-17T18:07:18.262+0000] {dag.py:2907} INFO - Sync 1 DAGs
[2024-06-17T18:07:18.267+0000] {logging_mixin.py:151} INFO - [2024-06-17T18:07:18.267+0000] {dag.py:3677} INFO - Setting next_dagrun for example_params_ui_tutorial to None, run_after=None
[2024-06-17T18:07:18.274+0000] {processor.py:179} INFO - Processing /home/airflow/.local/lib/python3.8/site-packages/airflow/example_dags/example_params_ui_tutorial.py took 0.050 seconds
