[2024-06-17T17:56:40.123+0000] {processor.py:157} INFO - Started process (PID=43) to work on /home/airflow/.local/lib/python3.8/site-packages/airflow/example_dags/example_sensor_decorator.py
[2024-06-17T17:56:40.124+0000] {processor.py:829} INFO - Processing file /home/airflow/.local/lib/python3.8/site-packages/airflow/example_dags/example_sensor_decorator.py for tasks to queue
[2024-06-17T17:56:40.125+0000] {logging_mixin.py:151} INFO - [2024-06-17T17:56:40.125+0000] {dagbag.py:539} INFO - Filling up the DagBag from /home/airflow/.local/lib/python3.8/site-packages/airflow/example_dags/example_sensor_decorator.py
[2024-06-17T17:56:40.129+0000] {processor.py:839} INFO - DAG(s) dict_keys(['example_sensor_decorator']) retrieved from /home/airflow/.local/lib/python3.8/site-packages/airflow/example_dags/example_sensor_decorator.py
[2024-06-17T17:56:40.258+0000] {logging_mixin.py:151} INFO - [2024-06-17T17:56:40.258+0000] {manager.py:501} INFO - Created Permission View: can delete on DAG:example_sensor_decorator
[2024-06-17T17:56:40.262+0000] {logging_mixin.py:151} INFO - [2024-06-17T17:56:40.262+0000] {manager.py:501} INFO - Created Permission View: can read on DAG:example_sensor_decorator
[2024-06-17T17:56:40.265+0000] {logging_mixin.py:151} INFO - [2024-06-17T17:56:40.264+0000] {manager.py:501} INFO - Created Permission View: can edit on DAG:example_sensor_decorator
[2024-06-17T17:56:40.270+0000] {logging_mixin.py:151} INFO - [2024-06-17T17:56:40.270+0000] {dag.py:2907} INFO - Sync 1 DAGs
[2024-06-17T17:56:40.274+0000] {logging_mixin.py:151} INFO - [2024-06-17T17:56:40.274+0000] {dag.py:2929} INFO - Creating ORM DAG for example_sensor_decorator
[2024-06-17T17:56:40.274+0000] {logging_mixin.py:151} INFO - [2024-06-17T17:56:40.274+0000] {dag.py:3677} INFO - Setting next_dagrun for example_sensor_decorator to None, run_after=None
[2024-06-17T17:56:40.280+0000] {processor.py:179} INFO - Processing /home/airflow/.local/lib/python3.8/site-packages/airflow/example_dags/example_sensor_decorator.py took 0.158 seconds
[2024-06-17T17:57:11.274+0000] {processor.py:157} INFO - Started process (PID=98) to work on /home/airflow/.local/lib/python3.8/site-packages/airflow/example_dags/example_sensor_decorator.py
[2024-06-17T17:57:11.275+0000] {processor.py:829} INFO - Processing file /home/airflow/.local/lib/python3.8/site-packages/airflow/example_dags/example_sensor_decorator.py for tasks to queue
[2024-06-17T17:57:11.279+0000] {logging_mixin.py:151} INFO - [2024-06-17T17:57:11.278+0000] {dagbag.py:539} INFO - Filling up the DagBag from /home/airflow/.local/lib/python3.8/site-packages/airflow/example_dags/example_sensor_decorator.py
[2024-06-17T17:57:11.287+0000] {processor.py:839} INFO - DAG(s) dict_keys(['example_sensor_decorator']) retrieved from /home/airflow/.local/lib/python3.8/site-packages/airflow/example_dags/example_sensor_decorator.py
[2024-06-17T17:57:11.304+0000] {logging_mixin.py:151} INFO - [2024-06-17T17:57:11.304+0000] {dag.py:2907} INFO - Sync 1 DAGs
[2024-06-17T17:57:11.312+0000] {logging_mixin.py:151} INFO - [2024-06-17T17:57:11.312+0000] {dag.py:3677} INFO - Setting next_dagrun for example_sensor_decorator to None, run_after=None
[2024-06-17T17:57:11.322+0000] {processor.py:179} INFO - Processing /home/airflow/.local/lib/python3.8/site-packages/airflow/example_dags/example_sensor_decorator.py took 0.053 seconds
[2024-06-17T17:57:41.843+0000] {processor.py:157} INFO - Started process (PID=153) to work on /home/airflow/.local/lib/python3.8/site-packages/airflow/example_dags/example_sensor_decorator.py
[2024-06-17T17:57:41.845+0000] {processor.py:829} INFO - Processing file /home/airflow/.local/lib/python3.8/site-packages/airflow/example_dags/example_sensor_decorator.py for tasks to queue
[2024-06-17T17:57:41.848+0000] {logging_mixin.py:151} INFO - [2024-06-17T17:57:41.847+0000] {dagbag.py:539} INFO - Filling up the DagBag from /home/airflow/.local/lib/python3.8/site-packages/airflow/example_dags/example_sensor_decorator.py
[2024-06-17T17:57:41.855+0000] {processor.py:839} INFO - DAG(s) dict_keys(['example_sensor_decorator']) retrieved from /home/airflow/.local/lib/python3.8/site-packages/airflow/example_dags/example_sensor_decorator.py
[2024-06-17T17:57:41.870+0000] {logging_mixin.py:151} INFO - [2024-06-17T17:57:41.870+0000] {dag.py:2907} INFO - Sync 1 DAGs
[2024-06-17T17:57:41.878+0000] {logging_mixin.py:151} INFO - [2024-06-17T17:57:41.878+0000] {dag.py:3677} INFO - Setting next_dagrun for example_sensor_decorator to None, run_after=None
[2024-06-17T17:57:41.887+0000] {processor.py:179} INFO - Processing /home/airflow/.local/lib/python3.8/site-packages/airflow/example_dags/example_sensor_decorator.py took 0.049 seconds
[2024-06-17T17:58:12.416+0000] {processor.py:157} INFO - Started process (PID=208) to work on /home/airflow/.local/lib/python3.8/site-packages/airflow/example_dags/example_sensor_decorator.py
[2024-06-17T17:58:12.418+0000] {processor.py:829} INFO - Processing file /home/airflow/.local/lib/python3.8/site-packages/airflow/example_dags/example_sensor_decorator.py for tasks to queue
[2024-06-17T17:58:12.420+0000] {logging_mixin.py:151} INFO - [2024-06-17T17:58:12.420+0000] {dagbag.py:539} INFO - Filling up the DagBag from /home/airflow/.local/lib/python3.8/site-packages/airflow/example_dags/example_sensor_decorator.py
[2024-06-17T17:58:12.427+0000] {processor.py:839} INFO - DAG(s) dict_keys(['example_sensor_decorator']) retrieved from /home/airflow/.local/lib/python3.8/site-packages/airflow/example_dags/example_sensor_decorator.py
[2024-06-17T17:58:12.443+0000] {logging_mixin.py:151} INFO - [2024-06-17T17:58:12.443+0000] {dag.py:2907} INFO - Sync 1 DAGs
[2024-06-17T17:58:12.450+0000] {logging_mixin.py:151} INFO - [2024-06-17T17:58:12.450+0000] {dag.py:3677} INFO - Setting next_dagrun for example_sensor_decorator to None, run_after=None
[2024-06-17T17:58:12.459+0000] {processor.py:179} INFO - Processing /home/airflow/.local/lib/python3.8/site-packages/airflow/example_dags/example_sensor_decorator.py took 0.049 seconds
[2024-06-17T17:58:42.934+0000] {processor.py:157} INFO - Started process (PID=263) to work on /home/airflow/.local/lib/python3.8/site-packages/airflow/example_dags/example_sensor_decorator.py
[2024-06-17T17:58:42.935+0000] {processor.py:829} INFO - Processing file /home/airflow/.local/lib/python3.8/site-packages/airflow/example_dags/example_sensor_decorator.py for tasks to queue
[2024-06-17T17:58:42.938+0000] {logging_mixin.py:151} INFO - [2024-06-17T17:58:42.937+0000] {dagbag.py:539} INFO - Filling up the DagBag from /home/airflow/.local/lib/python3.8/site-packages/airflow/example_dags/example_sensor_decorator.py
[2024-06-17T17:58:42.944+0000] {processor.py:839} INFO - DAG(s) dict_keys(['example_sensor_decorator']) retrieved from /home/airflow/.local/lib/python3.8/site-packages/airflow/example_dags/example_sensor_decorator.py
[2024-06-17T17:58:42.959+0000] {logging_mixin.py:151} INFO - [2024-06-17T17:58:42.958+0000] {dag.py:2907} INFO - Sync 1 DAGs
[2024-06-17T17:58:42.966+0000] {logging_mixin.py:151} INFO - [2024-06-17T17:58:42.965+0000] {dag.py:3677} INFO - Setting next_dagrun for example_sensor_decorator to None, run_after=None
[2024-06-17T17:58:42.974+0000] {processor.py:179} INFO - Processing /home/airflow/.local/lib/python3.8/site-packages/airflow/example_dags/example_sensor_decorator.py took 0.044 seconds
[2024-06-17T17:59:13.475+0000] {processor.py:157} INFO - Started process (PID=318) to work on /home/airflow/.local/lib/python3.8/site-packages/airflow/example_dags/example_sensor_decorator.py
[2024-06-17T17:59:13.477+0000] {processor.py:829} INFO - Processing file /home/airflow/.local/lib/python3.8/site-packages/airflow/example_dags/example_sensor_decorator.py for tasks to queue
[2024-06-17T17:59:13.479+0000] {logging_mixin.py:151} INFO - [2024-06-17T17:59:13.479+0000] {dagbag.py:539} INFO - Filling up the DagBag from /home/airflow/.local/lib/python3.8/site-packages/airflow/example_dags/example_sensor_decorator.py
[2024-06-17T17:59:13.486+0000] {processor.py:839} INFO - DAG(s) dict_keys(['example_sensor_decorator']) retrieved from /home/airflow/.local/lib/python3.8/site-packages/airflow/example_dags/example_sensor_decorator.py
[2024-06-17T17:59:13.500+0000] {logging_mixin.py:151} INFO - [2024-06-17T17:59:13.500+0000] {dag.py:2907} INFO - Sync 1 DAGs
[2024-06-17T17:59:13.508+0000] {logging_mixin.py:151} INFO - [2024-06-17T17:59:13.507+0000] {dag.py:3677} INFO - Setting next_dagrun for example_sensor_decorator to None, run_after=None
[2024-06-17T17:59:13.518+0000] {processor.py:179} INFO - Processing /home/airflow/.local/lib/python3.8/site-packages/airflow/example_dags/example_sensor_decorator.py took 0.048 seconds
[2024-06-17T17:59:43.938+0000] {processor.py:157} INFO - Started process (PID=373) to work on /home/airflow/.local/lib/python3.8/site-packages/airflow/example_dags/example_sensor_decorator.py
[2024-06-17T17:59:43.941+0000] {processor.py:829} INFO - Processing file /home/airflow/.local/lib/python3.8/site-packages/airflow/example_dags/example_sensor_decorator.py for tasks to queue
[2024-06-17T17:59:43.944+0000] {logging_mixin.py:151} INFO - [2024-06-17T17:59:43.943+0000] {dagbag.py:539} INFO - Filling up the DagBag from /home/airflow/.local/lib/python3.8/site-packages/airflow/example_dags/example_sensor_decorator.py
[2024-06-17T17:59:43.951+0000] {processor.py:839} INFO - DAG(s) dict_keys(['example_sensor_decorator']) retrieved from /home/airflow/.local/lib/python3.8/site-packages/airflow/example_dags/example_sensor_decorator.py
[2024-06-17T17:59:43.966+0000] {logging_mixin.py:151} INFO - [2024-06-17T17:59:43.966+0000] {dag.py:2907} INFO - Sync 1 DAGs
[2024-06-17T17:59:43.974+0000] {logging_mixin.py:151} INFO - [2024-06-17T17:59:43.974+0000] {dag.py:3677} INFO - Setting next_dagrun for example_sensor_decorator to None, run_after=None
[2024-06-17T17:59:43.984+0000] {processor.py:179} INFO - Processing /home/airflow/.local/lib/python3.8/site-packages/airflow/example_dags/example_sensor_decorator.py took 0.051 seconds
[2024-06-17T18:00:14.492+0000] {processor.py:157} INFO - Started process (PID=428) to work on /home/airflow/.local/lib/python3.8/site-packages/airflow/example_dags/example_sensor_decorator.py
[2024-06-17T18:00:14.495+0000] {processor.py:829} INFO - Processing file /home/airflow/.local/lib/python3.8/site-packages/airflow/example_dags/example_sensor_decorator.py for tasks to queue
[2024-06-17T18:00:14.498+0000] {logging_mixin.py:151} INFO - [2024-06-17T18:00:14.497+0000] {dagbag.py:539} INFO - Filling up the DagBag from /home/airflow/.local/lib/python3.8/site-packages/airflow/example_dags/example_sensor_decorator.py
[2024-06-17T18:00:14.505+0000] {processor.py:839} INFO - DAG(s) dict_keys(['example_sensor_decorator']) retrieved from /home/airflow/.local/lib/python3.8/site-packages/airflow/example_dags/example_sensor_decorator.py
[2024-06-17T18:00:14.520+0000] {logging_mixin.py:151} INFO - [2024-06-17T18:00:14.520+0000] {dag.py:2907} INFO - Sync 1 DAGs
[2024-06-17T18:00:14.528+0000] {logging_mixin.py:151} INFO - [2024-06-17T18:00:14.528+0000] {dag.py:3677} INFO - Setting next_dagrun for example_sensor_decorator to None, run_after=None
[2024-06-17T18:00:14.537+0000] {processor.py:179} INFO - Processing /home/airflow/.local/lib/python3.8/site-packages/airflow/example_dags/example_sensor_decorator.py took 0.050 seconds
[2024-06-17T18:00:44.983+0000] {processor.py:157} INFO - Started process (PID=483) to work on /home/airflow/.local/lib/python3.8/site-packages/airflow/example_dags/example_sensor_decorator.py
[2024-06-17T18:00:44.984+0000] {processor.py:829} INFO - Processing file /home/airflow/.local/lib/python3.8/site-packages/airflow/example_dags/example_sensor_decorator.py for tasks to queue
[2024-06-17T18:00:44.987+0000] {logging_mixin.py:151} INFO - [2024-06-17T18:00:44.986+0000] {dagbag.py:539} INFO - Filling up the DagBag from /home/airflow/.local/lib/python3.8/site-packages/airflow/example_dags/example_sensor_decorator.py
[2024-06-17T18:00:44.993+0000] {processor.py:839} INFO - DAG(s) dict_keys(['example_sensor_decorator']) retrieved from /home/airflow/.local/lib/python3.8/site-packages/airflow/example_dags/example_sensor_decorator.py
[2024-06-17T18:00:45.007+0000] {logging_mixin.py:151} INFO - [2024-06-17T18:00:45.007+0000] {dag.py:2907} INFO - Sync 1 DAGs
[2024-06-17T18:00:45.014+0000] {logging_mixin.py:151} INFO - [2024-06-17T18:00:45.014+0000] {dag.py:3677} INFO - Setting next_dagrun for example_sensor_decorator to None, run_after=None
[2024-06-17T18:00:45.024+0000] {processor.py:179} INFO - Processing /home/airflow/.local/lib/python3.8/site-packages/airflow/example_dags/example_sensor_decorator.py took 0.045 seconds
[2024-06-17T18:01:15.560+0000] {processor.py:157} INFO - Started process (PID=538) to work on /home/airflow/.local/lib/python3.8/site-packages/airflow/example_dags/example_sensor_decorator.py
[2024-06-17T18:01:15.561+0000] {processor.py:829} INFO - Processing file /home/airflow/.local/lib/python3.8/site-packages/airflow/example_dags/example_sensor_decorator.py for tasks to queue
[2024-06-17T18:01:15.563+0000] {logging_mixin.py:151} INFO - [2024-06-17T18:01:15.563+0000] {dagbag.py:539} INFO - Filling up the DagBag from /home/airflow/.local/lib/python3.8/site-packages/airflow/example_dags/example_sensor_decorator.py
[2024-06-17T18:01:15.570+0000] {processor.py:839} INFO - DAG(s) dict_keys(['example_sensor_decorator']) retrieved from /home/airflow/.local/lib/python3.8/site-packages/airflow/example_dags/example_sensor_decorator.py
[2024-06-17T18:01:15.584+0000] {logging_mixin.py:151} INFO - [2024-06-17T18:01:15.584+0000] {dag.py:2907} INFO - Sync 1 DAGs
[2024-06-17T18:01:15.591+0000] {logging_mixin.py:151} INFO - [2024-06-17T18:01:15.591+0000] {dag.py:3677} INFO - Setting next_dagrun for example_sensor_decorator to None, run_after=None
[2024-06-17T18:01:15.600+0000] {processor.py:179} INFO - Processing /home/airflow/.local/lib/python3.8/site-packages/airflow/example_dags/example_sensor_decorator.py took 0.045 seconds
[2024-06-17T18:01:46.102+0000] {processor.py:157} INFO - Started process (PID=593) to work on /home/airflow/.local/lib/python3.8/site-packages/airflow/example_dags/example_sensor_decorator.py
[2024-06-17T18:01:46.104+0000] {processor.py:829} INFO - Processing file /home/airflow/.local/lib/python3.8/site-packages/airflow/example_dags/example_sensor_decorator.py for tasks to queue
[2024-06-17T18:01:46.107+0000] {logging_mixin.py:151} INFO - [2024-06-17T18:01:46.107+0000] {dagbag.py:539} INFO - Filling up the DagBag from /home/airflow/.local/lib/python3.8/site-packages/airflow/example_dags/example_sensor_decorator.py
[2024-06-17T18:01:46.115+0000] {processor.py:839} INFO - DAG(s) dict_keys(['example_sensor_decorator']) retrieved from /home/airflow/.local/lib/python3.8/site-packages/airflow/example_dags/example_sensor_decorator.py
[2024-06-17T18:01:46.133+0000] {logging_mixin.py:151} INFO - [2024-06-17T18:01:46.133+0000] {dag.py:2907} INFO - Sync 1 DAGs
[2024-06-17T18:01:46.143+0000] {logging_mixin.py:151} INFO - [2024-06-17T18:01:46.143+0000] {dag.py:3677} INFO - Setting next_dagrun for example_sensor_decorator to None, run_after=None
[2024-06-17T18:01:46.155+0000] {processor.py:179} INFO - Processing /home/airflow/.local/lib/python3.8/site-packages/airflow/example_dags/example_sensor_decorator.py took 0.059 seconds
[2024-06-17T18:02:16.692+0000] {processor.py:157} INFO - Started process (PID=648) to work on /home/airflow/.local/lib/python3.8/site-packages/airflow/example_dags/example_sensor_decorator.py
[2024-06-17T18:02:16.694+0000] {processor.py:829} INFO - Processing file /home/airflow/.local/lib/python3.8/site-packages/airflow/example_dags/example_sensor_decorator.py for tasks to queue
[2024-06-17T18:02:16.698+0000] {logging_mixin.py:151} INFO - [2024-06-17T18:02:16.698+0000] {dagbag.py:539} INFO - Filling up the DagBag from /home/airflow/.local/lib/python3.8/site-packages/airflow/example_dags/example_sensor_decorator.py
[2024-06-17T18:02:16.706+0000] {processor.py:839} INFO - DAG(s) dict_keys(['example_sensor_decorator']) retrieved from /home/airflow/.local/lib/python3.8/site-packages/airflow/example_dags/example_sensor_decorator.py
[2024-06-17T18:02:16.722+0000] {logging_mixin.py:151} INFO - [2024-06-17T18:02:16.722+0000] {dag.py:2907} INFO - Sync 1 DAGs
[2024-06-17T18:02:16.729+0000] {logging_mixin.py:151} INFO - [2024-06-17T18:02:16.729+0000] {dag.py:3677} INFO - Setting next_dagrun for example_sensor_decorator to None, run_after=None
[2024-06-17T18:02:16.743+0000] {processor.py:179} INFO - Processing /home/airflow/.local/lib/python3.8/site-packages/airflow/example_dags/example_sensor_decorator.py took 0.056 seconds
[2024-06-17T18:02:47.256+0000] {processor.py:157} INFO - Started process (PID=703) to work on /home/airflow/.local/lib/python3.8/site-packages/airflow/example_dags/example_sensor_decorator.py
[2024-06-17T18:02:47.258+0000] {processor.py:829} INFO - Processing file /home/airflow/.local/lib/python3.8/site-packages/airflow/example_dags/example_sensor_decorator.py for tasks to queue
[2024-06-17T18:02:47.261+0000] {logging_mixin.py:151} INFO - [2024-06-17T18:02:47.261+0000] {dagbag.py:539} INFO - Filling up the DagBag from /home/airflow/.local/lib/python3.8/site-packages/airflow/example_dags/example_sensor_decorator.py
[2024-06-17T18:02:47.269+0000] {processor.py:839} INFO - DAG(s) dict_keys(['example_sensor_decorator']) retrieved from /home/airflow/.local/lib/python3.8/site-packages/airflow/example_dags/example_sensor_decorator.py
[2024-06-17T18:02:47.284+0000] {logging_mixin.py:151} INFO - [2024-06-17T18:02:47.284+0000] {dag.py:2907} INFO - Sync 1 DAGs
[2024-06-17T18:02:47.291+0000] {logging_mixin.py:151} INFO - [2024-06-17T18:02:47.291+0000] {dag.py:3677} INFO - Setting next_dagrun for example_sensor_decorator to None, run_after=None
[2024-06-17T18:02:47.301+0000] {processor.py:179} INFO - Processing /home/airflow/.local/lib/python3.8/site-packages/airflow/example_dags/example_sensor_decorator.py took 0.050 seconds
[2024-06-17T18:03:17.758+0000] {processor.py:157} INFO - Started process (PID=758) to work on /home/airflow/.local/lib/python3.8/site-packages/airflow/example_dags/example_sensor_decorator.py
[2024-06-17T18:03:17.759+0000] {processor.py:829} INFO - Processing file /home/airflow/.local/lib/python3.8/site-packages/airflow/example_dags/example_sensor_decorator.py for tasks to queue
[2024-06-17T18:03:17.761+0000] {logging_mixin.py:151} INFO - [2024-06-17T18:03:17.760+0000] {dagbag.py:539} INFO - Filling up the DagBag from /home/airflow/.local/lib/python3.8/site-packages/airflow/example_dags/example_sensor_decorator.py
[2024-06-17T18:03:17.766+0000] {processor.py:839} INFO - DAG(s) dict_keys(['example_sensor_decorator']) retrieved from /home/airflow/.local/lib/python3.8/site-packages/airflow/example_dags/example_sensor_decorator.py
[2024-06-17T18:03:17.779+0000] {logging_mixin.py:151} INFO - [2024-06-17T18:03:17.779+0000] {dag.py:2907} INFO - Sync 1 DAGs
[2024-06-17T18:03:17.786+0000] {logging_mixin.py:151} INFO - [2024-06-17T18:03:17.786+0000] {dag.py:3677} INFO - Setting next_dagrun for example_sensor_decorator to None, run_after=None
[2024-06-17T18:03:17.795+0000] {processor.py:179} INFO - Processing /home/airflow/.local/lib/python3.8/site-packages/airflow/example_dags/example_sensor_decorator.py took 0.040 seconds
[2024-06-17T18:03:48.224+0000] {processor.py:157} INFO - Started process (PID=813) to work on /home/airflow/.local/lib/python3.8/site-packages/airflow/example_dags/example_sensor_decorator.py
[2024-06-17T18:03:48.226+0000] {processor.py:829} INFO - Processing file /home/airflow/.local/lib/python3.8/site-packages/airflow/example_dags/example_sensor_decorator.py for tasks to queue
[2024-06-17T18:03:48.229+0000] {logging_mixin.py:151} INFO - [2024-06-17T18:03:48.229+0000] {dagbag.py:539} INFO - Filling up the DagBag from /home/airflow/.local/lib/python3.8/site-packages/airflow/example_dags/example_sensor_decorator.py
[2024-06-17T18:03:48.238+0000] {processor.py:839} INFO - DAG(s) dict_keys(['example_sensor_decorator']) retrieved from /home/airflow/.local/lib/python3.8/site-packages/airflow/example_dags/example_sensor_decorator.py
[2024-06-17T18:03:48.256+0000] {logging_mixin.py:151} INFO - [2024-06-17T18:03:48.256+0000] {dag.py:2907} INFO - Sync 1 DAGs
[2024-06-17T18:03:48.263+0000] {logging_mixin.py:151} INFO - [2024-06-17T18:03:48.263+0000] {dag.py:3677} INFO - Setting next_dagrun for example_sensor_decorator to None, run_after=None
[2024-06-17T18:03:48.273+0000] {processor.py:179} INFO - Processing /home/airflow/.local/lib/python3.8/site-packages/airflow/example_dags/example_sensor_decorator.py took 0.055 seconds
[2024-06-17T18:04:18.725+0000] {processor.py:157} INFO - Started process (PID=868) to work on /home/airflow/.local/lib/python3.8/site-packages/airflow/example_dags/example_sensor_decorator.py
[2024-06-17T18:04:18.726+0000] {processor.py:829} INFO - Processing file /home/airflow/.local/lib/python3.8/site-packages/airflow/example_dags/example_sensor_decorator.py for tasks to queue
[2024-06-17T18:04:18.729+0000] {logging_mixin.py:151} INFO - [2024-06-17T18:04:18.728+0000] {dagbag.py:539} INFO - Filling up the DagBag from /home/airflow/.local/lib/python3.8/site-packages/airflow/example_dags/example_sensor_decorator.py
[2024-06-17T18:04:18.736+0000] {processor.py:839} INFO - DAG(s) dict_keys(['example_sensor_decorator']) retrieved from /home/airflow/.local/lib/python3.8/site-packages/airflow/example_dags/example_sensor_decorator.py
[2024-06-17T18:04:18.752+0000] {logging_mixin.py:151} INFO - [2024-06-17T18:04:18.752+0000] {dag.py:2907} INFO - Sync 1 DAGs
[2024-06-17T18:04:18.760+0000] {logging_mixin.py:151} INFO - [2024-06-17T18:04:18.760+0000] {dag.py:3677} INFO - Setting next_dagrun for example_sensor_decorator to None, run_after=None
[2024-06-17T18:04:18.770+0000] {processor.py:179} INFO - Processing /home/airflow/.local/lib/python3.8/site-packages/airflow/example_dags/example_sensor_decorator.py took 0.051 seconds
[2024-06-17T18:04:43.286+0000] {processor.py:157} INFO - Started process (PID=42) to work on /home/airflow/.local/lib/python3.8/site-packages/airflow/example_dags/example_sensor_decorator.py
[2024-06-17T18:04:43.287+0000] {processor.py:829} INFO - Processing file /home/airflow/.local/lib/python3.8/site-packages/airflow/example_dags/example_sensor_decorator.py for tasks to queue
[2024-06-17T18:04:43.288+0000] {logging_mixin.py:151} INFO - [2024-06-17T18:04:43.287+0000] {dagbag.py:539} INFO - Filling up the DagBag from /home/airflow/.local/lib/python3.8/site-packages/airflow/example_dags/example_sensor_decorator.py
[2024-06-17T18:04:43.291+0000] {processor.py:839} INFO - DAG(s) dict_keys(['example_sensor_decorator']) retrieved from /home/airflow/.local/lib/python3.8/site-packages/airflow/example_dags/example_sensor_decorator.py
[2024-06-17T18:04:43.297+0000] {logging_mixin.py:151} INFO - [2024-06-17T18:04:43.297+0000] {dag.py:2907} INFO - Sync 1 DAGs
[2024-06-17T18:04:43.302+0000] {logging_mixin.py:151} INFO - [2024-06-17T18:04:43.302+0000] {dag.py:3677} INFO - Setting next_dagrun for example_sensor_decorator to None, run_after=None
[2024-06-17T18:04:43.310+0000] {processor.py:179} INFO - Processing /home/airflow/.local/lib/python3.8/site-packages/airflow/example_dags/example_sensor_decorator.py took 0.026 seconds
[2024-06-17T18:05:14.201+0000] {processor.py:157} INFO - Started process (PID=97) to work on /home/airflow/.local/lib/python3.8/site-packages/airflow/example_dags/example_sensor_decorator.py
[2024-06-17T18:05:14.202+0000] {processor.py:829} INFO - Processing file /home/airflow/.local/lib/python3.8/site-packages/airflow/example_dags/example_sensor_decorator.py for tasks to queue
[2024-06-17T18:05:14.203+0000] {logging_mixin.py:151} INFO - [2024-06-17T18:05:14.203+0000] {dagbag.py:539} INFO - Filling up the DagBag from /home/airflow/.local/lib/python3.8/site-packages/airflow/example_dags/example_sensor_decorator.py
[2024-06-17T18:05:14.206+0000] {processor.py:839} INFO - DAG(s) dict_keys(['example_sensor_decorator']) retrieved from /home/airflow/.local/lib/python3.8/site-packages/airflow/example_dags/example_sensor_decorator.py
[2024-06-17T18:05:14.281+0000] {logging_mixin.py:151} INFO - [2024-06-17T18:05:14.281+0000] {dag.py:2907} INFO - Sync 1 DAGs
[2024-06-17T18:05:14.285+0000] {logging_mixin.py:151} INFO - [2024-06-17T18:05:14.285+0000] {dag.py:3677} INFO - Setting next_dagrun for example_sensor_decorator to None, run_after=None
[2024-06-17T18:05:14.291+0000] {processor.py:179} INFO - Processing /home/airflow/.local/lib/python3.8/site-packages/airflow/example_dags/example_sensor_decorator.py took 0.092 seconds
[2024-06-17T18:05:44.629+0000] {processor.py:157} INFO - Started process (PID=152) to work on /home/airflow/.local/lib/python3.8/site-packages/airflow/example_dags/example_sensor_decorator.py
[2024-06-17T18:05:44.629+0000] {processor.py:829} INFO - Processing file /home/airflow/.local/lib/python3.8/site-packages/airflow/example_dags/example_sensor_decorator.py for tasks to queue
[2024-06-17T18:05:44.630+0000] {logging_mixin.py:151} INFO - [2024-06-17T18:05:44.630+0000] {dagbag.py:539} INFO - Filling up the DagBag from /home/airflow/.local/lib/python3.8/site-packages/airflow/example_dags/example_sensor_decorator.py
[2024-06-17T18:05:44.632+0000] {processor.py:839} INFO - DAG(s) dict_keys(['example_sensor_decorator']) retrieved from /home/airflow/.local/lib/python3.8/site-packages/airflow/example_dags/example_sensor_decorator.py
[2024-06-17T18:05:44.641+0000] {logging_mixin.py:151} INFO - [2024-06-17T18:05:44.641+0000] {dag.py:2907} INFO - Sync 1 DAGs
[2024-06-17T18:05:44.646+0000] {logging_mixin.py:151} INFO - [2024-06-17T18:05:44.646+0000] {dag.py:3677} INFO - Setting next_dagrun for example_sensor_decorator to None, run_after=None
[2024-06-17T18:05:44.653+0000] {processor.py:179} INFO - Processing /home/airflow/.local/lib/python3.8/site-packages/airflow/example_dags/example_sensor_decorator.py took 0.026 seconds
[2024-06-17T18:06:15.330+0000] {processor.py:157} INFO - Started process (PID=207) to work on /home/airflow/.local/lib/python3.8/site-packages/airflow/example_dags/example_sensor_decorator.py
[2024-06-17T18:06:15.330+0000] {processor.py:829} INFO - Processing file /home/airflow/.local/lib/python3.8/site-packages/airflow/example_dags/example_sensor_decorator.py for tasks to queue
[2024-06-17T18:06:15.331+0000] {logging_mixin.py:151} INFO - [2024-06-17T18:06:15.331+0000] {dagbag.py:539} INFO - Filling up the DagBag from /home/airflow/.local/lib/python3.8/site-packages/airflow/example_dags/example_sensor_decorator.py
[2024-06-17T18:06:15.334+0000] {processor.py:839} INFO - DAG(s) dict_keys(['example_sensor_decorator']) retrieved from /home/airflow/.local/lib/python3.8/site-packages/airflow/example_dags/example_sensor_decorator.py
[2024-06-17T18:06:15.343+0000] {logging_mixin.py:151} INFO - [2024-06-17T18:06:15.343+0000] {dag.py:2907} INFO - Sync 1 DAGs
[2024-06-17T18:06:15.348+0000] {logging_mixin.py:151} INFO - [2024-06-17T18:06:15.348+0000] {dag.py:3677} INFO - Setting next_dagrun for example_sensor_decorator to None, run_after=None
[2024-06-17T18:06:15.355+0000] {processor.py:179} INFO - Processing /home/airflow/.local/lib/python3.8/site-packages/airflow/example_dags/example_sensor_decorator.py took 0.027 seconds
[2024-06-17T18:06:45.932+0000] {processor.py:157} INFO - Started process (PID=262) to work on /home/airflow/.local/lib/python3.8/site-packages/airflow/example_dags/example_sensor_decorator.py
[2024-06-17T18:06:45.932+0000] {processor.py:829} INFO - Processing file /home/airflow/.local/lib/python3.8/site-packages/airflow/example_dags/example_sensor_decorator.py for tasks to queue
[2024-06-17T18:06:45.933+0000] {logging_mixin.py:151} INFO - [2024-06-17T18:06:45.933+0000] {dagbag.py:539} INFO - Filling up the DagBag from /home/airflow/.local/lib/python3.8/site-packages/airflow/example_dags/example_sensor_decorator.py
[2024-06-17T18:06:45.936+0000] {processor.py:839} INFO - DAG(s) dict_keys(['example_sensor_decorator']) retrieved from /home/airflow/.local/lib/python3.8/site-packages/airflow/example_dags/example_sensor_decorator.py
[2024-06-17T18:06:45.944+0000] {logging_mixin.py:151} INFO - [2024-06-17T18:06:45.944+0000] {dag.py:2907} INFO - Sync 1 DAGs
[2024-06-17T18:06:45.949+0000] {logging_mixin.py:151} INFO - [2024-06-17T18:06:45.949+0000] {dag.py:3677} INFO - Setting next_dagrun for example_sensor_decorator to None, run_after=None
[2024-06-17T18:06:45.958+0000] {processor.py:179} INFO - Processing /home/airflow/.local/lib/python3.8/site-packages/airflow/example_dags/example_sensor_decorator.py took 0.027 seconds
[2024-06-17T18:07:16.371+0000] {processor.py:157} INFO - Started process (PID=317) to work on /home/airflow/.local/lib/python3.8/site-packages/airflow/example_dags/example_sensor_decorator.py
[2024-06-17T18:07:16.371+0000] {processor.py:829} INFO - Processing file /home/airflow/.local/lib/python3.8/site-packages/airflow/example_dags/example_sensor_decorator.py for tasks to queue
[2024-06-17T18:07:16.372+0000] {logging_mixin.py:151} INFO - [2024-06-17T18:07:16.372+0000] {dagbag.py:539} INFO - Filling up the DagBag from /home/airflow/.local/lib/python3.8/site-packages/airflow/example_dags/example_sensor_decorator.py
[2024-06-17T18:07:16.375+0000] {processor.py:839} INFO - DAG(s) dict_keys(['example_sensor_decorator']) retrieved from /home/airflow/.local/lib/python3.8/site-packages/airflow/example_dags/example_sensor_decorator.py
[2024-06-17T18:07:16.383+0000] {logging_mixin.py:151} INFO - [2024-06-17T18:07:16.383+0000] {dag.py:2907} INFO - Sync 1 DAGs
[2024-06-17T18:07:16.389+0000] {logging_mixin.py:151} INFO - [2024-06-17T18:07:16.389+0000] {dag.py:3677} INFO - Setting next_dagrun for example_sensor_decorator to None, run_after=None
[2024-06-17T18:07:16.397+0000] {processor.py:179} INFO - Processing /home/airflow/.local/lib/python3.8/site-packages/airflow/example_dags/example_sensor_decorator.py took 0.028 seconds
