[2024-06-17T17:56:43.011+0000] {processor.py:157} INFO - Started process (PID=75) to work on /home/airflow/.local/lib/python3.8/site-packages/airflow/example_dags/example_short_circuit_operator.py
[2024-06-17T17:56:43.011+0000] {processor.py:829} INFO - Processing file /home/airflow/.local/lib/python3.8/site-packages/airflow/example_dags/example_short_circuit_operator.py for tasks to queue
[2024-06-17T17:56:43.012+0000] {logging_mixin.py:151} INFO - [2024-06-17T17:56:43.012+0000] {dagbag.py:539} INFO - Filling up the DagBag from /home/airflow/.local/lib/python3.8/site-packages/airflow/example_dags/example_short_circuit_operator.py
[2024-06-17T17:56:43.016+0000] {processor.py:839} INFO - DAG(s) dict_keys(['example_short_circuit_operator']) retrieved from /home/airflow/.local/lib/python3.8/site-packages/airflow/example_dags/example_short_circuit_operator.py
[2024-06-17T17:56:43.060+0000] {logging_mixin.py:151} INFO - [2024-06-17T17:56:43.060+0000] {manager.py:501} INFO - Created Permission View: can delete on DAG:example_short_circuit_operator
[2024-06-17T17:56:43.064+0000] {logging_mixin.py:151} INFO - [2024-06-17T17:56:43.064+0000] {manager.py:501} INFO - Created Permission View: can read on DAG:example_short_circuit_operator
[2024-06-17T17:56:43.066+0000] {logging_mixin.py:151} INFO - [2024-06-17T17:56:43.066+0000] {manager.py:501} INFO - Created Permission View: can edit on DAG:example_short_circuit_operator
[2024-06-17T17:56:43.071+0000] {logging_mixin.py:151} INFO - [2024-06-17T17:56:43.071+0000] {dag.py:2907} INFO - Sync 1 DAGs
[2024-06-17T17:56:43.076+0000] {logging_mixin.py:151} INFO - [2024-06-17T17:56:43.076+0000] {dag.py:2929} INFO - Creating ORM DAG for example_short_circuit_operator
[2024-06-17T17:56:43.081+0000] {logging_mixin.py:151} INFO - [2024-06-17T17:56:43.081+0000] {dag.py:3677} INFO - Setting next_dagrun for example_short_circuit_operator to 2024-06-16T17:56:43.081215+00:00, run_after=2024-06-17T17:56:43.081215+00:00
[2024-06-17T17:56:43.088+0000] {processor.py:179} INFO - Processing /home/airflow/.local/lib/python3.8/site-packages/airflow/example_dags/example_short_circuit_operator.py took 0.079 seconds
[2024-06-17T17:57:13.116+0000] {processor.py:157} INFO - Started process (PID=130) to work on /home/airflow/.local/lib/python3.8/site-packages/airflow/example_dags/example_short_circuit_operator.py
[2024-06-17T17:57:13.116+0000] {processor.py:829} INFO - Processing file /home/airflow/.local/lib/python3.8/site-packages/airflow/example_dags/example_short_circuit_operator.py for tasks to queue
[2024-06-17T17:57:13.117+0000] {logging_mixin.py:151} INFO - [2024-06-17T17:57:13.117+0000] {dagbag.py:539} INFO - Filling up the DagBag from /home/airflow/.local/lib/python3.8/site-packages/airflow/example_dags/example_short_circuit_operator.py
[2024-06-17T17:57:13.121+0000] {processor.py:839} INFO - DAG(s) dict_keys(['example_short_circuit_operator']) retrieved from /home/airflow/.local/lib/python3.8/site-packages/airflow/example_dags/example_short_circuit_operator.py
[2024-06-17T17:57:13.130+0000] {logging_mixin.py:151} INFO - [2024-06-17T17:57:13.130+0000] {dag.py:2907} INFO - Sync 1 DAGs
[2024-06-17T17:57:13.139+0000] {logging_mixin.py:151} INFO - [2024-06-17T17:57:13.139+0000] {dag.py:3677} INFO - Setting next_dagrun for example_short_circuit_operator to 2024-06-16T17:57:13.139694+00:00, run_after=2024-06-17T17:57:13.139694+00:00
[2024-06-17T17:57:13.146+0000] {processor.py:179} INFO - Processing /home/airflow/.local/lib/python3.8/site-packages/airflow/example_dags/example_short_circuit_operator.py took 0.032 seconds
[2024-06-17T17:57:43.681+0000] {processor.py:157} INFO - Started process (PID=185) to work on /home/airflow/.local/lib/python3.8/site-packages/airflow/example_dags/example_short_circuit_operator.py
[2024-06-17T17:57:43.682+0000] {processor.py:829} INFO - Processing file /home/airflow/.local/lib/python3.8/site-packages/airflow/example_dags/example_short_circuit_operator.py for tasks to queue
[2024-06-17T17:57:43.683+0000] {logging_mixin.py:151} INFO - [2024-06-17T17:57:43.683+0000] {dagbag.py:539} INFO - Filling up the DagBag from /home/airflow/.local/lib/python3.8/site-packages/airflow/example_dags/example_short_circuit_operator.py
[2024-06-17T17:57:43.686+0000] {processor.py:839} INFO - DAG(s) dict_keys(['example_short_circuit_operator']) retrieved from /home/airflow/.local/lib/python3.8/site-packages/airflow/example_dags/example_short_circuit_operator.py
[2024-06-17T17:57:43.695+0000] {logging_mixin.py:151} INFO - [2024-06-17T17:57:43.695+0000] {dag.py:2907} INFO - Sync 1 DAGs
[2024-06-17T17:57:43.703+0000] {logging_mixin.py:151} INFO - [2024-06-17T17:57:43.703+0000] {dag.py:3677} INFO - Setting next_dagrun for example_short_circuit_operator to 2024-06-16T17:57:43.703298+00:00, run_after=2024-06-17T17:57:43.703298+00:00
[2024-06-17T17:57:43.709+0000] {processor.py:179} INFO - Processing /home/airflow/.local/lib/python3.8/site-packages/airflow/example_dags/example_short_circuit_operator.py took 0.029 seconds
[2024-06-17T17:58:14.242+0000] {processor.py:157} INFO - Started process (PID=240) to work on /home/airflow/.local/lib/python3.8/site-packages/airflow/example_dags/example_short_circuit_operator.py
[2024-06-17T17:58:14.242+0000] {processor.py:829} INFO - Processing file /home/airflow/.local/lib/python3.8/site-packages/airflow/example_dags/example_short_circuit_operator.py for tasks to queue
[2024-06-17T17:58:14.243+0000] {logging_mixin.py:151} INFO - [2024-06-17T17:58:14.243+0000] {dagbag.py:539} INFO - Filling up the DagBag from /home/airflow/.local/lib/python3.8/site-packages/airflow/example_dags/example_short_circuit_operator.py
[2024-06-17T17:58:14.246+0000] {processor.py:839} INFO - DAG(s) dict_keys(['example_short_circuit_operator']) retrieved from /home/airflow/.local/lib/python3.8/site-packages/airflow/example_dags/example_short_circuit_operator.py
[2024-06-17T17:58:14.255+0000] {logging_mixin.py:151} INFO - [2024-06-17T17:58:14.255+0000] {dag.py:2907} INFO - Sync 1 DAGs
[2024-06-17T17:58:14.263+0000] {logging_mixin.py:151} INFO - [2024-06-17T17:58:14.263+0000] {dag.py:3677} INFO - Setting next_dagrun for example_short_circuit_operator to 2024-06-16T17:58:14.263526+00:00, run_after=2024-06-17T17:58:14.263526+00:00
[2024-06-17T17:58:14.270+0000] {processor.py:179} INFO - Processing /home/airflow/.local/lib/python3.8/site-packages/airflow/example_dags/example_short_circuit_operator.py took 0.030 seconds
[2024-06-17T17:58:44.764+0000] {processor.py:157} INFO - Started process (PID=295) to work on /home/airflow/.local/lib/python3.8/site-packages/airflow/example_dags/example_short_circuit_operator.py
[2024-06-17T17:58:44.765+0000] {processor.py:829} INFO - Processing file /home/airflow/.local/lib/python3.8/site-packages/airflow/example_dags/example_short_circuit_operator.py for tasks to queue
[2024-06-17T17:58:44.766+0000] {logging_mixin.py:151} INFO - [2024-06-17T17:58:44.766+0000] {dagbag.py:539} INFO - Filling up the DagBag from /home/airflow/.local/lib/python3.8/site-packages/airflow/example_dags/example_short_circuit_operator.py
[2024-06-17T17:58:44.769+0000] {processor.py:839} INFO - DAG(s) dict_keys(['example_short_circuit_operator']) retrieved from /home/airflow/.local/lib/python3.8/site-packages/airflow/example_dags/example_short_circuit_operator.py
[2024-06-17T17:58:44.778+0000] {logging_mixin.py:151} INFO - [2024-06-17T17:58:44.778+0000] {dag.py:2907} INFO - Sync 1 DAGs
[2024-06-17T17:58:44.786+0000] {logging_mixin.py:151} INFO - [2024-06-17T17:58:44.786+0000] {dag.py:3677} INFO - Setting next_dagrun for example_short_circuit_operator to 2024-06-16T17:58:44.786740+00:00, run_after=2024-06-17T17:58:44.786740+00:00
[2024-06-17T17:58:44.793+0000] {processor.py:179} INFO - Processing /home/airflow/.local/lib/python3.8/site-packages/airflow/example_dags/example_short_circuit_operator.py took 0.030 seconds
[2024-06-17T17:59:15.282+0000] {processor.py:157} INFO - Started process (PID=350) to work on /home/airflow/.local/lib/python3.8/site-packages/airflow/example_dags/example_short_circuit_operator.py
[2024-06-17T17:59:15.283+0000] {processor.py:829} INFO - Processing file /home/airflow/.local/lib/python3.8/site-packages/airflow/example_dags/example_short_circuit_operator.py for tasks to queue
[2024-06-17T17:59:15.284+0000] {logging_mixin.py:151} INFO - [2024-06-17T17:59:15.284+0000] {dagbag.py:539} INFO - Filling up the DagBag from /home/airflow/.local/lib/python3.8/site-packages/airflow/example_dags/example_short_circuit_operator.py
[2024-06-17T17:59:15.287+0000] {processor.py:839} INFO - DAG(s) dict_keys(['example_short_circuit_operator']) retrieved from /home/airflow/.local/lib/python3.8/site-packages/airflow/example_dags/example_short_circuit_operator.py
[2024-06-17T17:59:15.296+0000] {logging_mixin.py:151} INFO - [2024-06-17T17:59:15.296+0000] {dag.py:2907} INFO - Sync 1 DAGs
[2024-06-17T17:59:15.304+0000] {logging_mixin.py:151} INFO - [2024-06-17T17:59:15.304+0000] {dag.py:3677} INFO - Setting next_dagrun for example_short_circuit_operator to 2024-06-16T17:59:15.304484+00:00, run_after=2024-06-17T17:59:15.304484+00:00
[2024-06-17T17:59:15.311+0000] {processor.py:179} INFO - Processing /home/airflow/.local/lib/python3.8/site-packages/airflow/example_dags/example_short_circuit_operator.py took 0.030 seconds
[2024-06-17T17:59:45.819+0000] {processor.py:157} INFO - Started process (PID=405) to work on /home/airflow/.local/lib/python3.8/site-packages/airflow/example_dags/example_short_circuit_operator.py
[2024-06-17T17:59:45.820+0000] {processor.py:829} INFO - Processing file /home/airflow/.local/lib/python3.8/site-packages/airflow/example_dags/example_short_circuit_operator.py for tasks to queue
[2024-06-17T17:59:45.821+0000] {logging_mixin.py:151} INFO - [2024-06-17T17:59:45.821+0000] {dagbag.py:539} INFO - Filling up the DagBag from /home/airflow/.local/lib/python3.8/site-packages/airflow/example_dags/example_short_circuit_operator.py
[2024-06-17T17:59:45.824+0000] {processor.py:839} INFO - DAG(s) dict_keys(['example_short_circuit_operator']) retrieved from /home/airflow/.local/lib/python3.8/site-packages/airflow/example_dags/example_short_circuit_operator.py
[2024-06-17T17:59:45.834+0000] {logging_mixin.py:151} INFO - [2024-06-17T17:59:45.834+0000] {dag.py:2907} INFO - Sync 1 DAGs
[2024-06-17T17:59:45.843+0000] {logging_mixin.py:151} INFO - [2024-06-17T17:59:45.843+0000] {dag.py:3677} INFO - Setting next_dagrun for example_short_circuit_operator to 2024-06-16T17:59:45.843549+00:00, run_after=2024-06-17T17:59:45.843549+00:00
[2024-06-17T17:59:45.852+0000] {processor.py:179} INFO - Processing /home/airflow/.local/lib/python3.8/site-packages/airflow/example_dags/example_short_circuit_operator.py took 0.034 seconds
[2024-06-17T18:00:16.360+0000] {processor.py:157} INFO - Started process (PID=460) to work on /home/airflow/.local/lib/python3.8/site-packages/airflow/example_dags/example_short_circuit_operator.py
[2024-06-17T18:00:16.361+0000] {processor.py:829} INFO - Processing file /home/airflow/.local/lib/python3.8/site-packages/airflow/example_dags/example_short_circuit_operator.py for tasks to queue
[2024-06-17T18:00:16.362+0000] {logging_mixin.py:151} INFO - [2024-06-17T18:00:16.362+0000] {dagbag.py:539} INFO - Filling up the DagBag from /home/airflow/.local/lib/python3.8/site-packages/airflow/example_dags/example_short_circuit_operator.py
[2024-06-17T18:00:16.365+0000] {processor.py:839} INFO - DAG(s) dict_keys(['example_short_circuit_operator']) retrieved from /home/airflow/.local/lib/python3.8/site-packages/airflow/example_dags/example_short_circuit_operator.py
[2024-06-17T18:00:16.375+0000] {logging_mixin.py:151} INFO - [2024-06-17T18:00:16.375+0000] {dag.py:2907} INFO - Sync 1 DAGs
[2024-06-17T18:00:16.383+0000] {logging_mixin.py:151} INFO - [2024-06-17T18:00:16.383+0000] {dag.py:3677} INFO - Setting next_dagrun for example_short_circuit_operator to 2024-06-16T18:00:16.383332+00:00, run_after=2024-06-17T18:00:16.383332+00:00
[2024-06-17T18:00:16.389+0000] {processor.py:179} INFO - Processing /home/airflow/.local/lib/python3.8/site-packages/airflow/example_dags/example_short_circuit_operator.py took 0.030 seconds
[2024-06-17T18:00:46.849+0000] {processor.py:157} INFO - Started process (PID=515) to work on /home/airflow/.local/lib/python3.8/site-packages/airflow/example_dags/example_short_circuit_operator.py
[2024-06-17T18:00:46.849+0000] {processor.py:829} INFO - Processing file /home/airflow/.local/lib/python3.8/site-packages/airflow/example_dags/example_short_circuit_operator.py for tasks to queue
[2024-06-17T18:00:46.851+0000] {logging_mixin.py:151} INFO - [2024-06-17T18:00:46.851+0000] {dagbag.py:539} INFO - Filling up the DagBag from /home/airflow/.local/lib/python3.8/site-packages/airflow/example_dags/example_short_circuit_operator.py
[2024-06-17T18:00:46.854+0000] {processor.py:839} INFO - DAG(s) dict_keys(['example_short_circuit_operator']) retrieved from /home/airflow/.local/lib/python3.8/site-packages/airflow/example_dags/example_short_circuit_operator.py
[2024-06-17T18:00:46.863+0000] {logging_mixin.py:151} INFO - [2024-06-17T18:00:46.863+0000] {dag.py:2907} INFO - Sync 1 DAGs
[2024-06-17T18:00:46.872+0000] {logging_mixin.py:151} INFO - [2024-06-17T18:00:46.871+0000] {dag.py:3677} INFO - Setting next_dagrun for example_short_circuit_operator to 2024-06-16T18:00:46.871882+00:00, run_after=2024-06-17T18:00:46.871882+00:00
[2024-06-17T18:00:46.878+0000] {processor.py:179} INFO - Processing /home/airflow/.local/lib/python3.8/site-packages/airflow/example_dags/example_short_circuit_operator.py took 0.031 seconds
[2024-06-17T18:01:17.480+0000] {processor.py:157} INFO - Started process (PID=570) to work on /home/airflow/.local/lib/python3.8/site-packages/airflow/example_dags/example_short_circuit_operator.py
[2024-06-17T18:01:17.481+0000] {processor.py:829} INFO - Processing file /home/airflow/.local/lib/python3.8/site-packages/airflow/example_dags/example_short_circuit_operator.py for tasks to queue
[2024-06-17T18:01:17.482+0000] {logging_mixin.py:151} INFO - [2024-06-17T18:01:17.482+0000] {dagbag.py:539} INFO - Filling up the DagBag from /home/airflow/.local/lib/python3.8/site-packages/airflow/example_dags/example_short_circuit_operator.py
[2024-06-17T18:01:17.485+0000] {processor.py:839} INFO - DAG(s) dict_keys(['example_short_circuit_operator']) retrieved from /home/airflow/.local/lib/python3.8/site-packages/airflow/example_dags/example_short_circuit_operator.py
[2024-06-17T18:01:17.495+0000] {logging_mixin.py:151} INFO - [2024-06-17T18:01:17.495+0000] {dag.py:2907} INFO - Sync 1 DAGs
[2024-06-17T18:01:17.503+0000] {logging_mixin.py:151} INFO - [2024-06-17T18:01:17.503+0000] {dag.py:3677} INFO - Setting next_dagrun for example_short_circuit_operator to 2024-06-16T18:01:17.503204+00:00, run_after=2024-06-17T18:01:17.503204+00:00
[2024-06-17T18:01:17.510+0000] {processor.py:179} INFO - Processing /home/airflow/.local/lib/python3.8/site-packages/airflow/example_dags/example_short_circuit_operator.py took 0.031 seconds
[2024-06-17T18:01:48.012+0000] {processor.py:157} INFO - Started process (PID=625) to work on /home/airflow/.local/lib/python3.8/site-packages/airflow/example_dags/example_short_circuit_operator.py
[2024-06-17T18:01:48.013+0000] {processor.py:829} INFO - Processing file /home/airflow/.local/lib/python3.8/site-packages/airflow/example_dags/example_short_circuit_operator.py for tasks to queue
[2024-06-17T18:01:48.014+0000] {logging_mixin.py:151} INFO - [2024-06-17T18:01:48.014+0000] {dagbag.py:539} INFO - Filling up the DagBag from /home/airflow/.local/lib/python3.8/site-packages/airflow/example_dags/example_short_circuit_operator.py
[2024-06-17T18:01:48.018+0000] {processor.py:839} INFO - DAG(s) dict_keys(['example_short_circuit_operator']) retrieved from /home/airflow/.local/lib/python3.8/site-packages/airflow/example_dags/example_short_circuit_operator.py
[2024-06-17T18:01:48.029+0000] {logging_mixin.py:151} INFO - [2024-06-17T18:01:48.029+0000] {dag.py:2907} INFO - Sync 1 DAGs
[2024-06-17T18:01:48.039+0000] {logging_mixin.py:151} INFO - [2024-06-17T18:01:48.039+0000] {dag.py:3677} INFO - Setting next_dagrun for example_short_circuit_operator to 2024-06-16T18:01:48.038970+00:00, run_after=2024-06-17T18:01:48.038970+00:00
[2024-06-17T18:01:48.046+0000] {processor.py:179} INFO - Processing /home/airflow/.local/lib/python3.8/site-packages/airflow/example_dags/example_short_circuit_operator.py took 0.036 seconds
[2024-06-17T18:02:18.548+0000] {processor.py:157} INFO - Started process (PID=680) to work on /home/airflow/.local/lib/python3.8/site-packages/airflow/example_dags/example_short_circuit_operator.py
[2024-06-17T18:02:18.549+0000] {processor.py:829} INFO - Processing file /home/airflow/.local/lib/python3.8/site-packages/airflow/example_dags/example_short_circuit_operator.py for tasks to queue
[2024-06-17T18:02:18.550+0000] {logging_mixin.py:151} INFO - [2024-06-17T18:02:18.550+0000] {dagbag.py:539} INFO - Filling up the DagBag from /home/airflow/.local/lib/python3.8/site-packages/airflow/example_dags/example_short_circuit_operator.py
[2024-06-17T18:02:18.553+0000] {processor.py:839} INFO - DAG(s) dict_keys(['example_short_circuit_operator']) retrieved from /home/airflow/.local/lib/python3.8/site-packages/airflow/example_dags/example_short_circuit_operator.py
[2024-06-17T18:02:18.563+0000] {logging_mixin.py:151} INFO - [2024-06-17T18:02:18.563+0000] {dag.py:2907} INFO - Sync 1 DAGs
[2024-06-17T18:02:18.571+0000] {logging_mixin.py:151} INFO - [2024-06-17T18:02:18.571+0000] {dag.py:3677} INFO - Setting next_dagrun for example_short_circuit_operator to 2024-06-16T18:02:18.571627+00:00, run_after=2024-06-17T18:02:18.571627+00:00
[2024-06-17T18:02:18.578+0000] {processor.py:179} INFO - Processing /home/airflow/.local/lib/python3.8/site-packages/airflow/example_dags/example_short_circuit_operator.py took 0.031 seconds
[2024-06-17T18:02:49.115+0000] {processor.py:157} INFO - Started process (PID=735) to work on /home/airflow/.local/lib/python3.8/site-packages/airflow/example_dags/example_short_circuit_operator.py
[2024-06-17T18:02:49.115+0000] {processor.py:829} INFO - Processing file /home/airflow/.local/lib/python3.8/site-packages/airflow/example_dags/example_short_circuit_operator.py for tasks to queue
[2024-06-17T18:02:49.117+0000] {logging_mixin.py:151} INFO - [2024-06-17T18:02:49.117+0000] {dagbag.py:539} INFO - Filling up the DagBag from /home/airflow/.local/lib/python3.8/site-packages/airflow/example_dags/example_short_circuit_operator.py
[2024-06-17T18:02:49.120+0000] {processor.py:839} INFO - DAG(s) dict_keys(['example_short_circuit_operator']) retrieved from /home/airflow/.local/lib/python3.8/site-packages/airflow/example_dags/example_short_circuit_operator.py
[2024-06-17T18:02:49.129+0000] {logging_mixin.py:151} INFO - [2024-06-17T18:02:49.129+0000] {dag.py:2907} INFO - Sync 1 DAGs
[2024-06-17T18:02:49.137+0000] {logging_mixin.py:151} INFO - [2024-06-17T18:02:49.137+0000] {dag.py:3677} INFO - Setting next_dagrun for example_short_circuit_operator to 2024-06-16T18:02:49.137492+00:00, run_after=2024-06-17T18:02:49.137492+00:00
[2024-06-17T18:02:49.144+0000] {processor.py:179} INFO - Processing /home/airflow/.local/lib/python3.8/site-packages/airflow/example_dags/example_short_circuit_operator.py took 0.031 seconds
[2024-06-17T18:03:19.586+0000] {processor.py:157} INFO - Started process (PID=790) to work on /home/airflow/.local/lib/python3.8/site-packages/airflow/example_dags/example_short_circuit_operator.py
[2024-06-17T18:03:19.586+0000] {processor.py:829} INFO - Processing file /home/airflow/.local/lib/python3.8/site-packages/airflow/example_dags/example_short_circuit_operator.py for tasks to queue
[2024-06-17T18:03:19.587+0000] {logging_mixin.py:151} INFO - [2024-06-17T18:03:19.587+0000] {dagbag.py:539} INFO - Filling up the DagBag from /home/airflow/.local/lib/python3.8/site-packages/airflow/example_dags/example_short_circuit_operator.py
[2024-06-17T18:03:19.590+0000] {processor.py:839} INFO - DAG(s) dict_keys(['example_short_circuit_operator']) retrieved from /home/airflow/.local/lib/python3.8/site-packages/airflow/example_dags/example_short_circuit_operator.py
[2024-06-17T18:03:19.600+0000] {logging_mixin.py:151} INFO - [2024-06-17T18:03:19.599+0000] {dag.py:2907} INFO - Sync 1 DAGs
[2024-06-17T18:03:19.608+0000] {logging_mixin.py:151} INFO - [2024-06-17T18:03:19.608+0000] {dag.py:3677} INFO - Setting next_dagrun for example_short_circuit_operator to 2024-06-16T18:03:19.608393+00:00, run_after=2024-06-17T18:03:19.608393+00:00
[2024-06-17T18:03:19.615+0000] {processor.py:179} INFO - Processing /home/airflow/.local/lib/python3.8/site-packages/airflow/example_dags/example_short_circuit_operator.py took 0.031 seconds
[2024-06-17T18:03:50.085+0000] {processor.py:157} INFO - Started process (PID=845) to work on /home/airflow/.local/lib/python3.8/site-packages/airflow/example_dags/example_short_circuit_operator.py
[2024-06-17T18:03:50.086+0000] {processor.py:829} INFO - Processing file /home/airflow/.local/lib/python3.8/site-packages/airflow/example_dags/example_short_circuit_operator.py for tasks to queue
[2024-06-17T18:03:50.087+0000] {logging_mixin.py:151} INFO - [2024-06-17T18:03:50.087+0000] {dagbag.py:539} INFO - Filling up the DagBag from /home/airflow/.local/lib/python3.8/site-packages/airflow/example_dags/example_short_circuit_operator.py
[2024-06-17T18:03:50.090+0000] {processor.py:839} INFO - DAG(s) dict_keys(['example_short_circuit_operator']) retrieved from /home/airflow/.local/lib/python3.8/site-packages/airflow/example_dags/example_short_circuit_operator.py
[2024-06-17T18:03:50.100+0000] {logging_mixin.py:151} INFO - [2024-06-17T18:03:50.100+0000] {dag.py:2907} INFO - Sync 1 DAGs
[2024-06-17T18:03:50.108+0000] {logging_mixin.py:151} INFO - [2024-06-17T18:03:50.108+0000] {dag.py:3677} INFO - Setting next_dagrun for example_short_circuit_operator to 2024-06-16T18:03:50.108677+00:00, run_after=2024-06-17T18:03:50.108677+00:00
[2024-06-17T18:03:50.115+0000] {processor.py:179} INFO - Processing /home/airflow/.local/lib/python3.8/site-packages/airflow/example_dags/example_short_circuit_operator.py took 0.031 seconds
[2024-06-17T18:04:20.672+0000] {processor.py:157} INFO - Started process (PID=900) to work on /home/airflow/.local/lib/python3.8/site-packages/airflow/example_dags/example_short_circuit_operator.py
[2024-06-17T18:04:20.673+0000] {processor.py:829} INFO - Processing file /home/airflow/.local/lib/python3.8/site-packages/airflow/example_dags/example_short_circuit_operator.py for tasks to queue
[2024-06-17T18:04:20.674+0000] {logging_mixin.py:151} INFO - [2024-06-17T18:04:20.674+0000] {dagbag.py:539} INFO - Filling up the DagBag from /home/airflow/.local/lib/python3.8/site-packages/airflow/example_dags/example_short_circuit_operator.py
[2024-06-17T18:04:20.678+0000] {processor.py:839} INFO - DAG(s) dict_keys(['example_short_circuit_operator']) retrieved from /home/airflow/.local/lib/python3.8/site-packages/airflow/example_dags/example_short_circuit_operator.py
[2024-06-17T18:04:20.688+0000] {logging_mixin.py:151} INFO - [2024-06-17T18:04:20.688+0000] {dag.py:2907} INFO - Sync 1 DAGs
[2024-06-17T18:04:20.697+0000] {logging_mixin.py:151} INFO - [2024-06-17T18:04:20.696+0000] {dag.py:3677} INFO - Setting next_dagrun for example_short_circuit_operator to 2024-06-16T18:04:20.696863+00:00, run_after=2024-06-17T18:04:20.696863+00:00
[2024-06-17T18:04:20.703+0000] {processor.py:179} INFO - Processing /home/airflow/.local/lib/python3.8/site-packages/airflow/example_dags/example_short_circuit_operator.py took 0.033 seconds
[2024-06-17T18:04:45.020+0000] {processor.py:157} INFO - Started process (PID=74) to work on /home/airflow/.local/lib/python3.8/site-packages/airflow/example_dags/example_short_circuit_operator.py
[2024-06-17T18:04:45.021+0000] {processor.py:829} INFO - Processing file /home/airflow/.local/lib/python3.8/site-packages/airflow/example_dags/example_short_circuit_operator.py for tasks to queue
[2024-06-17T18:04:45.023+0000] {logging_mixin.py:151} INFO - [2024-06-17T18:04:45.023+0000] {dagbag.py:539} INFO - Filling up the DagBag from /home/airflow/.local/lib/python3.8/site-packages/airflow/example_dags/example_short_circuit_operator.py
[2024-06-17T18:04:45.029+0000] {processor.py:839} INFO - DAG(s) dict_keys(['example_short_circuit_operator']) retrieved from /home/airflow/.local/lib/python3.8/site-packages/airflow/example_dags/example_short_circuit_operator.py
[2024-06-17T18:04:45.036+0000] {logging_mixin.py:151} INFO - [2024-06-17T18:04:45.036+0000] {dag.py:2907} INFO - Sync 1 DAGs
[2024-06-17T18:04:45.054+0000] {logging_mixin.py:151} INFO - [2024-06-17T18:04:45.053+0000] {dag.py:3677} INFO - Setting next_dagrun for example_short_circuit_operator to 2024-06-16T18:04:45.053422+00:00, run_after=2024-06-17T18:04:45.053422+00:00
[2024-06-17T18:04:45.160+0000] {processor.py:179} INFO - Processing /home/airflow/.local/lib/python3.8/site-packages/airflow/example_dags/example_short_circuit_operator.py took 0.143 seconds
[2024-06-17T18:05:15.969+0000] {processor.py:157} INFO - Started process (PID=129) to work on /home/airflow/.local/lib/python3.8/site-packages/airflow/example_dags/example_short_circuit_operator.py
[2024-06-17T18:05:15.970+0000] {processor.py:829} INFO - Processing file /home/airflow/.local/lib/python3.8/site-packages/airflow/example_dags/example_short_circuit_operator.py for tasks to queue
[2024-06-17T18:05:15.971+0000] {logging_mixin.py:151} INFO - [2024-06-17T18:05:15.971+0000] {dagbag.py:539} INFO - Filling up the DagBag from /home/airflow/.local/lib/python3.8/site-packages/airflow/example_dags/example_short_circuit_operator.py
[2024-06-17T18:05:15.974+0000] {processor.py:839} INFO - DAG(s) dict_keys(['example_short_circuit_operator']) retrieved from /home/airflow/.local/lib/python3.8/site-packages/airflow/example_dags/example_short_circuit_operator.py
[2024-06-17T18:05:15.983+0000] {logging_mixin.py:151} INFO - [2024-06-17T18:05:15.983+0000] {dag.py:2907} INFO - Sync 1 DAGs
[2024-06-17T18:05:15.991+0000] {logging_mixin.py:151} INFO - [2024-06-17T18:05:15.991+0000] {dag.py:3677} INFO - Setting next_dagrun for example_short_circuit_operator to 2024-06-16T18:05:15.991795+00:00, run_after=2024-06-17T18:05:15.991795+00:00
[2024-06-17T18:05:15.998+0000] {processor.py:179} INFO - Processing /home/airflow/.local/lib/python3.8/site-packages/airflow/example_dags/example_short_circuit_operator.py took 0.030 seconds
[2024-06-17T18:05:46.646+0000] {processor.py:157} INFO - Started process (PID=184) to work on /home/airflow/.local/lib/python3.8/site-packages/airflow/example_dags/example_short_circuit_operator.py
[2024-06-17T18:05:46.646+0000] {processor.py:829} INFO - Processing file /home/airflow/.local/lib/python3.8/site-packages/airflow/example_dags/example_short_circuit_operator.py for tasks to queue
[2024-06-17T18:05:46.647+0000] {logging_mixin.py:151} INFO - [2024-06-17T18:05:46.647+0000] {dagbag.py:539} INFO - Filling up the DagBag from /home/airflow/.local/lib/python3.8/site-packages/airflow/example_dags/example_short_circuit_operator.py
[2024-06-17T18:05:46.651+0000] {processor.py:839} INFO - DAG(s) dict_keys(['example_short_circuit_operator']) retrieved from /home/airflow/.local/lib/python3.8/site-packages/airflow/example_dags/example_short_circuit_operator.py
[2024-06-17T18:05:46.660+0000] {logging_mixin.py:151} INFO - [2024-06-17T18:05:46.660+0000] {dag.py:2907} INFO - Sync 1 DAGs
[2024-06-17T18:05:46.669+0000] {logging_mixin.py:151} INFO - [2024-06-17T18:05:46.669+0000] {dag.py:3677} INFO - Setting next_dagrun for example_short_circuit_operator to 2024-06-16T18:05:46.669450+00:00, run_after=2024-06-17T18:05:46.669450+00:00
[2024-06-17T18:05:46.676+0000] {processor.py:179} INFO - Processing /home/airflow/.local/lib/python3.8/site-packages/airflow/example_dags/example_short_circuit_operator.py took 0.031 seconds
[2024-06-17T18:06:17.257+0000] {processor.py:157} INFO - Started process (PID=239) to work on /home/airflow/.local/lib/python3.8/site-packages/airflow/example_dags/example_short_circuit_operator.py
[2024-06-17T18:06:17.258+0000] {processor.py:829} INFO - Processing file /home/airflow/.local/lib/python3.8/site-packages/airflow/example_dags/example_short_circuit_operator.py for tasks to queue
[2024-06-17T18:06:17.259+0000] {logging_mixin.py:151} INFO - [2024-06-17T18:06:17.259+0000] {dagbag.py:539} INFO - Filling up the DagBag from /home/airflow/.local/lib/python3.8/site-packages/airflow/example_dags/example_short_circuit_operator.py
[2024-06-17T18:06:17.262+0000] {processor.py:839} INFO - DAG(s) dict_keys(['example_short_circuit_operator']) retrieved from /home/airflow/.local/lib/python3.8/site-packages/airflow/example_dags/example_short_circuit_operator.py
[2024-06-17T18:06:17.271+0000] {logging_mixin.py:151} INFO - [2024-06-17T18:06:17.271+0000] {dag.py:2907} INFO - Sync 1 DAGs
[2024-06-17T18:06:17.280+0000] {logging_mixin.py:151} INFO - [2024-06-17T18:06:17.280+0000] {dag.py:3677} INFO - Setting next_dagrun for example_short_circuit_operator to 2024-06-16T18:06:17.280762+00:00, run_after=2024-06-17T18:06:17.280762+00:00
[2024-06-17T18:06:17.287+0000] {processor.py:179} INFO - Processing /home/airflow/.local/lib/python3.8/site-packages/airflow/example_dags/example_short_circuit_operator.py took 0.032 seconds
[2024-06-17T18:06:47.768+0000] {processor.py:157} INFO - Started process (PID=294) to work on /home/airflow/.local/lib/python3.8/site-packages/airflow/example_dags/example_short_circuit_operator.py
[2024-06-17T18:06:47.768+0000] {processor.py:829} INFO - Processing file /home/airflow/.local/lib/python3.8/site-packages/airflow/example_dags/example_short_circuit_operator.py for tasks to queue
[2024-06-17T18:06:47.769+0000] {logging_mixin.py:151} INFO - [2024-06-17T18:06:47.769+0000] {dagbag.py:539} INFO - Filling up the DagBag from /home/airflow/.local/lib/python3.8/site-packages/airflow/example_dags/example_short_circuit_operator.py
[2024-06-17T18:06:47.772+0000] {processor.py:839} INFO - DAG(s) dict_keys(['example_short_circuit_operator']) retrieved from /home/airflow/.local/lib/python3.8/site-packages/airflow/example_dags/example_short_circuit_operator.py
[2024-06-17T18:06:47.781+0000] {logging_mixin.py:151} INFO - [2024-06-17T18:06:47.781+0000] {dag.py:2907} INFO - Sync 1 DAGs
[2024-06-17T18:06:47.789+0000] {logging_mixin.py:151} INFO - [2024-06-17T18:06:47.789+0000] {dag.py:3677} INFO - Setting next_dagrun for example_short_circuit_operator to 2024-06-16T18:06:47.789735+00:00, run_after=2024-06-17T18:06:47.789735+00:00
[2024-06-17T18:06:47.796+0000] {processor.py:179} INFO - Processing /home/airflow/.local/lib/python3.8/site-packages/airflow/example_dags/example_short_circuit_operator.py took 0.030 seconds
[2024-06-17T18:07:18.169+0000] {processor.py:157} INFO - Started process (PID=349) to work on /home/airflow/.local/lib/python3.8/site-packages/airflow/example_dags/example_short_circuit_operator.py
[2024-06-17T18:07:18.170+0000] {processor.py:829} INFO - Processing file /home/airflow/.local/lib/python3.8/site-packages/airflow/example_dags/example_short_circuit_operator.py for tasks to queue
[2024-06-17T18:07:18.171+0000] {logging_mixin.py:151} INFO - [2024-06-17T18:07:18.170+0000] {dagbag.py:539} INFO - Filling up the DagBag from /home/airflow/.local/lib/python3.8/site-packages/airflow/example_dags/example_short_circuit_operator.py
[2024-06-17T18:07:18.174+0000] {processor.py:839} INFO - DAG(s) dict_keys(['example_short_circuit_operator']) retrieved from /home/airflow/.local/lib/python3.8/site-packages/airflow/example_dags/example_short_circuit_operator.py
[2024-06-17T18:07:18.184+0000] {logging_mixin.py:151} INFO - [2024-06-17T18:07:18.184+0000] {dag.py:2907} INFO - Sync 1 DAGs
[2024-06-17T18:07:18.193+0000] {logging_mixin.py:151} INFO - [2024-06-17T18:07:18.193+0000] {dag.py:3677} INFO - Setting next_dagrun for example_short_circuit_operator to 2024-06-16T18:07:18.192929+00:00, run_after=2024-06-17T18:07:18.192929+00:00
[2024-06-17T18:07:18.200+0000] {processor.py:179} INFO - Processing /home/airflow/.local/lib/python3.8/site-packages/airflow/example_dags/example_short_circuit_operator.py took 0.032 seconds
