[2024-06-17T17:56:42.860+0000] {processor.py:157} INFO - Started process (PID=73) to work on /home/airflow/.local/lib/python3.8/site-packages/airflow/example_dags/example_branch_operator.py
[2024-06-17T17:56:42.860+0000] {processor.py:829} INFO - Processing file /home/airflow/.local/lib/python3.8/site-packages/airflow/example_dags/example_branch_operator.py for tasks to queue
[2024-06-17T17:56:42.861+0000] {logging_mixin.py:151} INFO - [2024-06-17T17:56:42.861+0000] {dagbag.py:539} INFO - Filling up the DagBag from /home/airflow/.local/lib/python3.8/site-packages/airflow/example_dags/example_branch_operator.py
[2024-06-17T17:56:42.866+0000] {processor.py:839} INFO - DAG(s) dict_keys(['example_branch_operator']) retrieved from /home/airflow/.local/lib/python3.8/site-packages/airflow/example_dags/example_branch_operator.py
[2024-06-17T17:56:42.905+0000] {logging_mixin.py:151} INFO - [2024-06-17T17:56:42.905+0000] {manager.py:501} INFO - Created Permission View: can delete on DAG:example_branch_operator
[2024-06-17T17:56:42.909+0000] {logging_mixin.py:151} INFO - [2024-06-17T17:56:42.909+0000] {manager.py:501} INFO - Created Permission View: can read on DAG:example_branch_operator
[2024-06-17T17:56:42.911+0000] {logging_mixin.py:151} INFO - [2024-06-17T17:56:42.911+0000] {manager.py:501} INFO - Created Permission View: can edit on DAG:example_branch_operator
[2024-06-17T17:56:42.916+0000] {logging_mixin.py:151} INFO - [2024-06-17T17:56:42.916+0000] {dag.py:2907} INFO - Sync 1 DAGs
[2024-06-17T17:56:42.921+0000] {logging_mixin.py:151} INFO - [2024-06-17T17:56:42.921+0000] {dag.py:2929} INFO - Creating ORM DAG for example_branch_operator
[2024-06-17T17:56:42.927+0000] {logging_mixin.py:151} INFO - [2024-06-17T17:56:42.927+0000] {dag.py:3677} INFO - Setting next_dagrun for example_branch_operator to 2024-06-16T00:00:00+00:00, run_after=2024-06-17T00:00:00+00:00
[2024-06-17T17:56:42.934+0000] {processor.py:179} INFO - Processing /home/airflow/.local/lib/python3.8/site-packages/airflow/example_dags/example_branch_operator.py took 0.076 seconds
[2024-06-17T17:57:13.048+0000] {processor.py:157} INFO - Started process (PID=127) to work on /home/airflow/.local/lib/python3.8/site-packages/airflow/example_dags/example_branch_operator.py
[2024-06-17T17:57:13.048+0000] {processor.py:829} INFO - Processing file /home/airflow/.local/lib/python3.8/site-packages/airflow/example_dags/example_branch_operator.py for tasks to queue
[2024-06-17T17:57:13.049+0000] {logging_mixin.py:151} INFO - [2024-06-17T17:57:13.049+0000] {dagbag.py:539} INFO - Filling up the DagBag from /home/airflow/.local/lib/python3.8/site-packages/airflow/example_dags/example_branch_operator.py
[2024-06-17T17:57:13.054+0000] {processor.py:839} INFO - DAG(s) dict_keys(['example_branch_operator']) retrieved from /home/airflow/.local/lib/python3.8/site-packages/airflow/example_dags/example_branch_operator.py
[2024-06-17T17:57:13.064+0000] {logging_mixin.py:151} INFO - [2024-06-17T17:57:13.064+0000] {dag.py:2907} INFO - Sync 1 DAGs
[2024-06-17T17:57:13.074+0000] {logging_mixin.py:151} INFO - [2024-06-17T17:57:13.074+0000] {dag.py:3677} INFO - Setting next_dagrun for example_branch_operator to 2024-06-16T00:00:00+00:00, run_after=2024-06-17T00:00:00+00:00
[2024-06-17T17:57:13.081+0000] {processor.py:179} INFO - Processing /home/airflow/.local/lib/python3.8/site-packages/airflow/example_dags/example_branch_operator.py took 0.035 seconds
[2024-06-17T17:57:43.642+0000] {processor.py:157} INFO - Started process (PID=183) to work on /home/airflow/.local/lib/python3.8/site-packages/airflow/example_dags/example_branch_operator.py
[2024-06-17T17:57:43.643+0000] {processor.py:829} INFO - Processing file /home/airflow/.local/lib/python3.8/site-packages/airflow/example_dags/example_branch_operator.py for tasks to queue
[2024-06-17T17:57:43.643+0000] {logging_mixin.py:151} INFO - [2024-06-17T17:57:43.643+0000] {dagbag.py:539} INFO - Filling up the DagBag from /home/airflow/.local/lib/python3.8/site-packages/airflow/example_dags/example_branch_operator.py
[2024-06-17T17:57:43.648+0000] {processor.py:839} INFO - DAG(s) dict_keys(['example_branch_operator']) retrieved from /home/airflow/.local/lib/python3.8/site-packages/airflow/example_dags/example_branch_operator.py
[2024-06-17T17:57:43.657+0000] {logging_mixin.py:151} INFO - [2024-06-17T17:57:43.657+0000] {dag.py:2907} INFO - Sync 1 DAGs
[2024-06-17T17:57:43.666+0000] {logging_mixin.py:151} INFO - [2024-06-17T17:57:43.666+0000] {dag.py:3677} INFO - Setting next_dagrun for example_branch_operator to 2024-06-16T00:00:00+00:00, run_after=2024-06-17T00:00:00+00:00
[2024-06-17T17:57:43.673+0000] {processor.py:179} INFO - Processing /home/airflow/.local/lib/python3.8/site-packages/airflow/example_dags/example_branch_operator.py took 0.032 seconds
[2024-06-17T17:58:14.201+0000] {processor.py:157} INFO - Started process (PID=238) to work on /home/airflow/.local/lib/python3.8/site-packages/airflow/example_dags/example_branch_operator.py
[2024-06-17T17:58:14.202+0000] {processor.py:829} INFO - Processing file /home/airflow/.local/lib/python3.8/site-packages/airflow/example_dags/example_branch_operator.py for tasks to queue
[2024-06-17T17:58:14.203+0000] {logging_mixin.py:151} INFO - [2024-06-17T17:58:14.203+0000] {dagbag.py:539} INFO - Filling up the DagBag from /home/airflow/.local/lib/python3.8/site-packages/airflow/example_dags/example_branch_operator.py
[2024-06-17T17:58:14.207+0000] {processor.py:839} INFO - DAG(s) dict_keys(['example_branch_operator']) retrieved from /home/airflow/.local/lib/python3.8/site-packages/airflow/example_dags/example_branch_operator.py
[2024-06-17T17:58:14.217+0000] {logging_mixin.py:151} INFO - [2024-06-17T17:58:14.217+0000] {dag.py:2907} INFO - Sync 1 DAGs
[2024-06-17T17:58:14.226+0000] {logging_mixin.py:151} INFO - [2024-06-17T17:58:14.226+0000] {dag.py:3677} INFO - Setting next_dagrun for example_branch_operator to 2024-06-16T00:00:00+00:00, run_after=2024-06-17T00:00:00+00:00
[2024-06-17T17:58:14.233+0000] {processor.py:179} INFO - Processing /home/airflow/.local/lib/python3.8/site-packages/airflow/example_dags/example_branch_operator.py took 0.033 seconds
[2024-06-17T17:58:44.724+0000] {processor.py:157} INFO - Started process (PID=293) to work on /home/airflow/.local/lib/python3.8/site-packages/airflow/example_dags/example_branch_operator.py
[2024-06-17T17:58:44.724+0000] {processor.py:829} INFO - Processing file /home/airflow/.local/lib/python3.8/site-packages/airflow/example_dags/example_branch_operator.py for tasks to queue
[2024-06-17T17:58:44.725+0000] {logging_mixin.py:151} INFO - [2024-06-17T17:58:44.725+0000] {dagbag.py:539} INFO - Filling up the DagBag from /home/airflow/.local/lib/python3.8/site-packages/airflow/example_dags/example_branch_operator.py
[2024-06-17T17:58:44.729+0000] {processor.py:839} INFO - DAG(s) dict_keys(['example_branch_operator']) retrieved from /home/airflow/.local/lib/python3.8/site-packages/airflow/example_dags/example_branch_operator.py
[2024-06-17T17:58:44.739+0000] {logging_mixin.py:151} INFO - [2024-06-17T17:58:44.739+0000] {dag.py:2907} INFO - Sync 1 DAGs
[2024-06-17T17:58:44.748+0000] {logging_mixin.py:151} INFO - [2024-06-17T17:58:44.748+0000] {dag.py:3677} INFO - Setting next_dagrun for example_branch_operator to 2024-06-16T00:00:00+00:00, run_after=2024-06-17T00:00:00+00:00
[2024-06-17T17:58:44.756+0000] {processor.py:179} INFO - Processing /home/airflow/.local/lib/python3.8/site-packages/airflow/example_dags/example_branch_operator.py took 0.034 seconds
[2024-06-17T17:59:15.236+0000] {processor.py:157} INFO - Started process (PID=348) to work on /home/airflow/.local/lib/python3.8/site-packages/airflow/example_dags/example_branch_operator.py
[2024-06-17T17:59:15.237+0000] {processor.py:829} INFO - Processing file /home/airflow/.local/lib/python3.8/site-packages/airflow/example_dags/example_branch_operator.py for tasks to queue
[2024-06-17T17:59:15.238+0000] {logging_mixin.py:151} INFO - [2024-06-17T17:59:15.238+0000] {dagbag.py:539} INFO - Filling up the DagBag from /home/airflow/.local/lib/python3.8/site-packages/airflow/example_dags/example_branch_operator.py
[2024-06-17T17:59:15.242+0000] {processor.py:839} INFO - DAG(s) dict_keys(['example_branch_operator']) retrieved from /home/airflow/.local/lib/python3.8/site-packages/airflow/example_dags/example_branch_operator.py
[2024-06-17T17:59:15.251+0000] {logging_mixin.py:151} INFO - [2024-06-17T17:59:15.251+0000] {dag.py:2907} INFO - Sync 1 DAGs
[2024-06-17T17:59:15.261+0000] {logging_mixin.py:151} INFO - [2024-06-17T17:59:15.260+0000] {dag.py:3677} INFO - Setting next_dagrun for example_branch_operator to 2024-06-16T00:00:00+00:00, run_after=2024-06-17T00:00:00+00:00
[2024-06-17T17:59:15.267+0000] {processor.py:179} INFO - Processing /home/airflow/.local/lib/python3.8/site-packages/airflow/example_dags/example_branch_operator.py took 0.033 seconds
[2024-06-17T17:59:45.778+0000] {processor.py:157} INFO - Started process (PID=403) to work on /home/airflow/.local/lib/python3.8/site-packages/airflow/example_dags/example_branch_operator.py
[2024-06-17T17:59:45.779+0000] {processor.py:829} INFO - Processing file /home/airflow/.local/lib/python3.8/site-packages/airflow/example_dags/example_branch_operator.py for tasks to queue
[2024-06-17T17:59:45.780+0000] {logging_mixin.py:151} INFO - [2024-06-17T17:59:45.780+0000] {dagbag.py:539} INFO - Filling up the DagBag from /home/airflow/.local/lib/python3.8/site-packages/airflow/example_dags/example_branch_operator.py
[2024-06-17T17:59:45.784+0000] {processor.py:839} INFO - DAG(s) dict_keys(['example_branch_operator']) retrieved from /home/airflow/.local/lib/python3.8/site-packages/airflow/example_dags/example_branch_operator.py
[2024-06-17T17:59:45.794+0000] {logging_mixin.py:151} INFO - [2024-06-17T17:59:45.794+0000] {dag.py:2907} INFO - Sync 1 DAGs
[2024-06-17T17:59:45.803+0000] {logging_mixin.py:151} INFO - [2024-06-17T17:59:45.803+0000] {dag.py:3677} INFO - Setting next_dagrun for example_branch_operator to 2024-06-16T00:00:00+00:00, run_after=2024-06-17T00:00:00+00:00
[2024-06-17T17:59:45.810+0000] {processor.py:179} INFO - Processing /home/airflow/.local/lib/python3.8/site-packages/airflow/example_dags/example_branch_operator.py took 0.033 seconds
[2024-06-17T18:00:16.284+0000] {processor.py:157} INFO - Started process (PID=458) to work on /home/airflow/.local/lib/python3.8/site-packages/airflow/example_dags/example_branch_operator.py
[2024-06-17T18:00:16.285+0000] {processor.py:829} INFO - Processing file /home/airflow/.local/lib/python3.8/site-packages/airflow/example_dags/example_branch_operator.py for tasks to queue
[2024-06-17T18:00:16.286+0000] {logging_mixin.py:151} INFO - [2024-06-17T18:00:16.285+0000] {dagbag.py:539} INFO - Filling up the DagBag from /home/airflow/.local/lib/python3.8/site-packages/airflow/example_dags/example_branch_operator.py
[2024-06-17T18:00:16.290+0000] {processor.py:839} INFO - DAG(s) dict_keys(['example_branch_operator']) retrieved from /home/airflow/.local/lib/python3.8/site-packages/airflow/example_dags/example_branch_operator.py
[2024-06-17T18:00:16.299+0000] {logging_mixin.py:151} INFO - [2024-06-17T18:00:16.299+0000] {dag.py:2907} INFO - Sync 1 DAGs
[2024-06-17T18:00:16.308+0000] {logging_mixin.py:151} INFO - [2024-06-17T18:00:16.308+0000] {dag.py:3677} INFO - Setting next_dagrun for example_branch_operator to 2024-06-16T00:00:00+00:00, run_after=2024-06-17T00:00:00+00:00
[2024-06-17T18:00:16.314+0000] {processor.py:179} INFO - Processing /home/airflow/.local/lib/python3.8/site-packages/airflow/example_dags/example_branch_operator.py took 0.032 seconds
[2024-06-17T18:00:46.801+0000] {processor.py:157} INFO - Started process (PID=513) to work on /home/airflow/.local/lib/python3.8/site-packages/airflow/example_dags/example_branch_operator.py
[2024-06-17T18:00:46.802+0000] {processor.py:829} INFO - Processing file /home/airflow/.local/lib/python3.8/site-packages/airflow/example_dags/example_branch_operator.py for tasks to queue
[2024-06-17T18:00:46.803+0000] {logging_mixin.py:151} INFO - [2024-06-17T18:00:46.803+0000] {dagbag.py:539} INFO - Filling up the DagBag from /home/airflow/.local/lib/python3.8/site-packages/airflow/example_dags/example_branch_operator.py
[2024-06-17T18:00:46.807+0000] {processor.py:839} INFO - DAG(s) dict_keys(['example_branch_operator']) retrieved from /home/airflow/.local/lib/python3.8/site-packages/airflow/example_dags/example_branch_operator.py
[2024-06-17T18:00:46.821+0000] {logging_mixin.py:151} INFO - [2024-06-17T18:00:46.821+0000] {dag.py:2907} INFO - Sync 1 DAGs
[2024-06-17T18:00:46.833+0000] {logging_mixin.py:151} INFO - [2024-06-17T18:00:46.833+0000] {dag.py:3677} INFO - Setting next_dagrun for example_branch_operator to 2024-06-16T00:00:00+00:00, run_after=2024-06-17T00:00:00+00:00
[2024-06-17T18:00:46.840+0000] {processor.py:179} INFO - Processing /home/airflow/.local/lib/python3.8/site-packages/airflow/example_dags/example_branch_operator.py took 0.040 seconds
[2024-06-17T18:01:17.400+0000] {processor.py:157} INFO - Started process (PID=568) to work on /home/airflow/.local/lib/python3.8/site-packages/airflow/example_dags/example_branch_operator.py
[2024-06-17T18:01:17.400+0000] {processor.py:829} INFO - Processing file /home/airflow/.local/lib/python3.8/site-packages/airflow/example_dags/example_branch_operator.py for tasks to queue
[2024-06-17T18:01:17.401+0000] {logging_mixin.py:151} INFO - [2024-06-17T18:01:17.401+0000] {dagbag.py:539} INFO - Filling up the DagBag from /home/airflow/.local/lib/python3.8/site-packages/airflow/example_dags/example_branch_operator.py
[2024-06-17T18:01:17.405+0000] {processor.py:839} INFO - DAG(s) dict_keys(['example_branch_operator']) retrieved from /home/airflow/.local/lib/python3.8/site-packages/airflow/example_dags/example_branch_operator.py
[2024-06-17T18:01:17.416+0000] {logging_mixin.py:151} INFO - [2024-06-17T18:01:17.415+0000] {dag.py:2907} INFO - Sync 1 DAGs
[2024-06-17T18:01:17.425+0000] {logging_mixin.py:151} INFO - [2024-06-17T18:01:17.425+0000] {dag.py:3677} INFO - Setting next_dagrun for example_branch_operator to 2024-06-16T00:00:00+00:00, run_after=2024-06-17T00:00:00+00:00
[2024-06-17T18:01:17.432+0000] {processor.py:179} INFO - Processing /home/airflow/.local/lib/python3.8/site-packages/airflow/example_dags/example_branch_operator.py took 0.034 seconds
[2024-06-17T18:01:47.969+0000] {processor.py:157} INFO - Started process (PID=623) to work on /home/airflow/.local/lib/python3.8/site-packages/airflow/example_dags/example_branch_operator.py
[2024-06-17T18:01:47.969+0000] {processor.py:829} INFO - Processing file /home/airflow/.local/lib/python3.8/site-packages/airflow/example_dags/example_branch_operator.py for tasks to queue
[2024-06-17T18:01:47.971+0000] {logging_mixin.py:151} INFO - [2024-06-17T18:01:47.970+0000] {dagbag.py:539} INFO - Filling up the DagBag from /home/airflow/.local/lib/python3.8/site-packages/airflow/example_dags/example_branch_operator.py
[2024-06-17T18:01:47.975+0000] {processor.py:839} INFO - DAG(s) dict_keys(['example_branch_operator']) retrieved from /home/airflow/.local/lib/python3.8/site-packages/airflow/example_dags/example_branch_operator.py
[2024-06-17T18:01:47.985+0000] {logging_mixin.py:151} INFO - [2024-06-17T18:01:47.985+0000] {dag.py:2907} INFO - Sync 1 DAGs
[2024-06-17T18:01:47.995+0000] {logging_mixin.py:151} INFO - [2024-06-17T18:01:47.995+0000] {dag.py:3677} INFO - Setting next_dagrun for example_branch_operator to 2024-06-16T00:00:00+00:00, run_after=2024-06-17T00:00:00+00:00
[2024-06-17T18:01:48.002+0000] {processor.py:179} INFO - Processing /home/airflow/.local/lib/python3.8/site-packages/airflow/example_dags/example_branch_operator.py took 0.035 seconds
[2024-06-17T18:02:18.506+0000] {processor.py:157} INFO - Started process (PID=678) to work on /home/airflow/.local/lib/python3.8/site-packages/airflow/example_dags/example_branch_operator.py
[2024-06-17T18:02:18.507+0000] {processor.py:829} INFO - Processing file /home/airflow/.local/lib/python3.8/site-packages/airflow/example_dags/example_branch_operator.py for tasks to queue
[2024-06-17T18:02:18.508+0000] {logging_mixin.py:151} INFO - [2024-06-17T18:02:18.508+0000] {dagbag.py:539} INFO - Filling up the DagBag from /home/airflow/.local/lib/python3.8/site-packages/airflow/example_dags/example_branch_operator.py
[2024-06-17T18:02:18.512+0000] {processor.py:839} INFO - DAG(s) dict_keys(['example_branch_operator']) retrieved from /home/airflow/.local/lib/python3.8/site-packages/airflow/example_dags/example_branch_operator.py
[2024-06-17T18:02:18.522+0000] {logging_mixin.py:151} INFO - [2024-06-17T18:02:18.522+0000] {dag.py:2907} INFO - Sync 1 DAGs
[2024-06-17T18:02:18.532+0000] {logging_mixin.py:151} INFO - [2024-06-17T18:02:18.532+0000] {dag.py:3677} INFO - Setting next_dagrun for example_branch_operator to 2024-06-16T00:00:00+00:00, run_after=2024-06-17T00:00:00+00:00
[2024-06-17T18:02:18.538+0000] {processor.py:179} INFO - Processing /home/airflow/.local/lib/python3.8/site-packages/airflow/example_dags/example_branch_operator.py took 0.034 seconds
[2024-06-17T18:02:49.075+0000] {processor.py:157} INFO - Started process (PID=733) to work on /home/airflow/.local/lib/python3.8/site-packages/airflow/example_dags/example_branch_operator.py
[2024-06-17T18:02:49.076+0000] {processor.py:829} INFO - Processing file /home/airflow/.local/lib/python3.8/site-packages/airflow/example_dags/example_branch_operator.py for tasks to queue
[2024-06-17T18:02:49.077+0000] {logging_mixin.py:151} INFO - [2024-06-17T18:02:49.077+0000] {dagbag.py:539} INFO - Filling up the DagBag from /home/airflow/.local/lib/python3.8/site-packages/airflow/example_dags/example_branch_operator.py
[2024-06-17T18:02:49.081+0000] {processor.py:839} INFO - DAG(s) dict_keys(['example_branch_operator']) retrieved from /home/airflow/.local/lib/python3.8/site-packages/airflow/example_dags/example_branch_operator.py
[2024-06-17T18:02:49.091+0000] {logging_mixin.py:151} INFO - [2024-06-17T18:02:49.091+0000] {dag.py:2907} INFO - Sync 1 DAGs
[2024-06-17T18:02:49.100+0000] {logging_mixin.py:151} INFO - [2024-06-17T18:02:49.100+0000] {dag.py:3677} INFO - Setting next_dagrun for example_branch_operator to 2024-06-16T00:00:00+00:00, run_after=2024-06-17T00:00:00+00:00
[2024-06-17T18:02:49.107+0000] {processor.py:179} INFO - Processing /home/airflow/.local/lib/python3.8/site-packages/airflow/example_dags/example_branch_operator.py took 0.033 seconds
[2024-06-17T18:03:19.545+0000] {processor.py:157} INFO - Started process (PID=788) to work on /home/airflow/.local/lib/python3.8/site-packages/airflow/example_dags/example_branch_operator.py
[2024-06-17T18:03:19.546+0000] {processor.py:829} INFO - Processing file /home/airflow/.local/lib/python3.8/site-packages/airflow/example_dags/example_branch_operator.py for tasks to queue
[2024-06-17T18:03:19.547+0000] {logging_mixin.py:151} INFO - [2024-06-17T18:03:19.547+0000] {dagbag.py:539} INFO - Filling up the DagBag from /home/airflow/.local/lib/python3.8/site-packages/airflow/example_dags/example_branch_operator.py
[2024-06-17T18:03:19.551+0000] {processor.py:839} INFO - DAG(s) dict_keys(['example_branch_operator']) retrieved from /home/airflow/.local/lib/python3.8/site-packages/airflow/example_dags/example_branch_operator.py
[2024-06-17T18:03:19.561+0000] {logging_mixin.py:151} INFO - [2024-06-17T18:03:19.561+0000] {dag.py:2907} INFO - Sync 1 DAGs
[2024-06-17T18:03:19.570+0000] {logging_mixin.py:151} INFO - [2024-06-17T18:03:19.570+0000] {dag.py:3677} INFO - Setting next_dagrun for example_branch_operator to 2024-06-16T00:00:00+00:00, run_after=2024-06-17T00:00:00+00:00
[2024-06-17T18:03:19.577+0000] {processor.py:179} INFO - Processing /home/airflow/.local/lib/python3.8/site-packages/airflow/example_dags/example_branch_operator.py took 0.033 seconds
[2024-06-17T18:03:50.044+0000] {processor.py:157} INFO - Started process (PID=843) to work on /home/airflow/.local/lib/python3.8/site-packages/airflow/example_dags/example_branch_operator.py
[2024-06-17T18:03:50.045+0000] {processor.py:829} INFO - Processing file /home/airflow/.local/lib/python3.8/site-packages/airflow/example_dags/example_branch_operator.py for tasks to queue
[2024-06-17T18:03:50.046+0000] {logging_mixin.py:151} INFO - [2024-06-17T18:03:50.046+0000] {dagbag.py:539} INFO - Filling up the DagBag from /home/airflow/.local/lib/python3.8/site-packages/airflow/example_dags/example_branch_operator.py
[2024-06-17T18:03:50.050+0000] {processor.py:839} INFO - DAG(s) dict_keys(['example_branch_operator']) retrieved from /home/airflow/.local/lib/python3.8/site-packages/airflow/example_dags/example_branch_operator.py
[2024-06-17T18:03:50.060+0000] {logging_mixin.py:151} INFO - [2024-06-17T18:03:50.060+0000] {dag.py:2907} INFO - Sync 1 DAGs
[2024-06-17T18:03:50.070+0000] {logging_mixin.py:151} INFO - [2024-06-17T18:03:50.070+0000] {dag.py:3677} INFO - Setting next_dagrun for example_branch_operator to 2024-06-16T00:00:00+00:00, run_after=2024-06-17T00:00:00+00:00
[2024-06-17T18:03:50.076+0000] {processor.py:179} INFO - Processing /home/airflow/.local/lib/python3.8/site-packages/airflow/example_dags/example_branch_operator.py took 0.034 seconds
[2024-06-17T18:04:20.626+0000] {processor.py:157} INFO - Started process (PID=898) to work on /home/airflow/.local/lib/python3.8/site-packages/airflow/example_dags/example_branch_operator.py
[2024-06-17T18:04:20.627+0000] {processor.py:829} INFO - Processing file /home/airflow/.local/lib/python3.8/site-packages/airflow/example_dags/example_branch_operator.py for tasks to queue
[2024-06-17T18:04:20.628+0000] {logging_mixin.py:151} INFO - [2024-06-17T18:04:20.628+0000] {dagbag.py:539} INFO - Filling up the DagBag from /home/airflow/.local/lib/python3.8/site-packages/airflow/example_dags/example_branch_operator.py
[2024-06-17T18:04:20.632+0000] {processor.py:839} INFO - DAG(s) dict_keys(['example_branch_operator']) retrieved from /home/airflow/.local/lib/python3.8/site-packages/airflow/example_dags/example_branch_operator.py
[2024-06-17T18:04:20.643+0000] {logging_mixin.py:151} INFO - [2024-06-17T18:04:20.643+0000] {dag.py:2907} INFO - Sync 1 DAGs
[2024-06-17T18:04:20.654+0000] {logging_mixin.py:151} INFO - [2024-06-17T18:04:20.654+0000] {dag.py:3677} INFO - Setting next_dagrun for example_branch_operator to 2024-06-16T00:00:00+00:00, run_after=2024-06-17T00:00:00+00:00
[2024-06-17T18:04:20.662+0000] {processor.py:179} INFO - Processing /home/airflow/.local/lib/python3.8/site-packages/airflow/example_dags/example_branch_operator.py took 0.037 seconds
[2024-06-17T18:04:44.842+0000] {processor.py:157} INFO - Started process (PID=72) to work on /home/airflow/.local/lib/python3.8/site-packages/airflow/example_dags/example_branch_operator.py
[2024-06-17T18:04:44.842+0000] {processor.py:829} INFO - Processing file /home/airflow/.local/lib/python3.8/site-packages/airflow/example_dags/example_branch_operator.py for tasks to queue
[2024-06-17T18:04:44.844+0000] {logging_mixin.py:151} INFO - [2024-06-17T18:04:44.843+0000] {dagbag.py:539} INFO - Filling up the DagBag from /home/airflow/.local/lib/python3.8/site-packages/airflow/example_dags/example_branch_operator.py
[2024-06-17T18:04:44.849+0000] {processor.py:839} INFO - DAG(s) dict_keys(['example_branch_operator']) retrieved from /home/airflow/.local/lib/python3.8/site-packages/airflow/example_dags/example_branch_operator.py
[2024-06-17T18:04:44.858+0000] {logging_mixin.py:151} INFO - [2024-06-17T18:04:44.858+0000] {dag.py:2907} INFO - Sync 1 DAGs
[2024-06-17T18:04:44.872+0000] {logging_mixin.py:151} INFO - [2024-06-17T18:04:44.872+0000] {dag.py:3677} INFO - Setting next_dagrun for example_branch_operator to 2024-06-16T00:00:00+00:00, run_after=2024-06-17T00:00:00+00:00
[2024-06-17T18:04:45.003+0000] {processor.py:179} INFO - Processing /home/airflow/.local/lib/python3.8/site-packages/airflow/example_dags/example_branch_operator.py took 0.163 seconds
[2024-06-17T18:05:15.929+0000] {processor.py:157} INFO - Started process (PID=127) to work on /home/airflow/.local/lib/python3.8/site-packages/airflow/example_dags/example_branch_operator.py
[2024-06-17T18:05:15.929+0000] {processor.py:829} INFO - Processing file /home/airflow/.local/lib/python3.8/site-packages/airflow/example_dags/example_branch_operator.py for tasks to queue
[2024-06-17T18:05:15.930+0000] {logging_mixin.py:151} INFO - [2024-06-17T18:05:15.930+0000] {dagbag.py:539} INFO - Filling up the DagBag from /home/airflow/.local/lib/python3.8/site-packages/airflow/example_dags/example_branch_operator.py
[2024-06-17T18:05:15.934+0000] {processor.py:839} INFO - DAG(s) dict_keys(['example_branch_operator']) retrieved from /home/airflow/.local/lib/python3.8/site-packages/airflow/example_dags/example_branch_operator.py
[2024-06-17T18:05:15.944+0000] {logging_mixin.py:151} INFO - [2024-06-17T18:05:15.944+0000] {dag.py:2907} INFO - Sync 1 DAGs
[2024-06-17T18:05:15.953+0000] {logging_mixin.py:151} INFO - [2024-06-17T18:05:15.953+0000] {dag.py:3677} INFO - Setting next_dagrun for example_branch_operator to 2024-06-16T00:00:00+00:00, run_after=2024-06-17T00:00:00+00:00
[2024-06-17T18:05:15.961+0000] {processor.py:179} INFO - Processing /home/airflow/.local/lib/python3.8/site-packages/airflow/example_dags/example_branch_operator.py took 0.034 seconds
[2024-06-17T18:05:46.605+0000] {processor.py:157} INFO - Started process (PID=182) to work on /home/airflow/.local/lib/python3.8/site-packages/airflow/example_dags/example_branch_operator.py
[2024-06-17T18:05:46.606+0000] {processor.py:829} INFO - Processing file /home/airflow/.local/lib/python3.8/site-packages/airflow/example_dags/example_branch_operator.py for tasks to queue
[2024-06-17T18:05:46.607+0000] {logging_mixin.py:151} INFO - [2024-06-17T18:05:46.607+0000] {dagbag.py:539} INFO - Filling up the DagBag from /home/airflow/.local/lib/python3.8/site-packages/airflow/example_dags/example_branch_operator.py
[2024-06-17T18:05:46.611+0000] {processor.py:839} INFO - DAG(s) dict_keys(['example_branch_operator']) retrieved from /home/airflow/.local/lib/python3.8/site-packages/airflow/example_dags/example_branch_operator.py
[2024-06-17T18:05:46.621+0000] {logging_mixin.py:151} INFO - [2024-06-17T18:05:46.621+0000] {dag.py:2907} INFO - Sync 1 DAGs
[2024-06-17T18:05:46.630+0000] {logging_mixin.py:151} INFO - [2024-06-17T18:05:46.630+0000] {dag.py:3677} INFO - Setting next_dagrun for example_branch_operator to 2024-06-16T00:00:00+00:00, run_after=2024-06-17T00:00:00+00:00
[2024-06-17T18:05:46.637+0000] {processor.py:179} INFO - Processing /home/airflow/.local/lib/python3.8/site-packages/airflow/example_dags/example_branch_operator.py took 0.033 seconds
[2024-06-17T18:06:17.217+0000] {processor.py:157} INFO - Started process (PID=237) to work on /home/airflow/.local/lib/python3.8/site-packages/airflow/example_dags/example_branch_operator.py
[2024-06-17T18:06:17.217+0000] {processor.py:829} INFO - Processing file /home/airflow/.local/lib/python3.8/site-packages/airflow/example_dags/example_branch_operator.py for tasks to queue
[2024-06-17T18:06:17.218+0000] {logging_mixin.py:151} INFO - [2024-06-17T18:06:17.218+0000] {dagbag.py:539} INFO - Filling up the DagBag from /home/airflow/.local/lib/python3.8/site-packages/airflow/example_dags/example_branch_operator.py
[2024-06-17T18:06:17.222+0000] {processor.py:839} INFO - DAG(s) dict_keys(['example_branch_operator']) retrieved from /home/airflow/.local/lib/python3.8/site-packages/airflow/example_dags/example_branch_operator.py
[2024-06-17T18:06:17.232+0000] {logging_mixin.py:151} INFO - [2024-06-17T18:06:17.232+0000] {dag.py:2907} INFO - Sync 1 DAGs
[2024-06-17T18:06:17.242+0000] {logging_mixin.py:151} INFO - [2024-06-17T18:06:17.242+0000] {dag.py:3677} INFO - Setting next_dagrun for example_branch_operator to 2024-06-16T00:00:00+00:00, run_after=2024-06-17T00:00:00+00:00
[2024-06-17T18:06:17.248+0000] {processor.py:179} INFO - Processing /home/airflow/.local/lib/python3.8/site-packages/airflow/example_dags/example_branch_operator.py took 0.033 seconds
[2024-06-17T18:06:47.719+0000] {processor.py:157} INFO - Started process (PID=292) to work on /home/airflow/.local/lib/python3.8/site-packages/airflow/example_dags/example_branch_operator.py
[2024-06-17T18:06:47.720+0000] {processor.py:829} INFO - Processing file /home/airflow/.local/lib/python3.8/site-packages/airflow/example_dags/example_branch_operator.py for tasks to queue
[2024-06-17T18:06:47.721+0000] {logging_mixin.py:151} INFO - [2024-06-17T18:06:47.720+0000] {dagbag.py:539} INFO - Filling up the DagBag from /home/airflow/.local/lib/python3.8/site-packages/airflow/example_dags/example_branch_operator.py
[2024-06-17T18:06:47.724+0000] {processor.py:839} INFO - DAG(s) dict_keys(['example_branch_operator']) retrieved from /home/airflow/.local/lib/python3.8/site-packages/airflow/example_dags/example_branch_operator.py
[2024-06-17T18:06:47.734+0000] {logging_mixin.py:151} INFO - [2024-06-17T18:06:47.734+0000] {dag.py:2907} INFO - Sync 1 DAGs
[2024-06-17T18:06:47.743+0000] {logging_mixin.py:151} INFO - [2024-06-17T18:06:47.743+0000] {dag.py:3677} INFO - Setting next_dagrun for example_branch_operator to 2024-06-16T00:00:00+00:00, run_after=2024-06-17T00:00:00+00:00
[2024-06-17T18:06:47.749+0000] {processor.py:179} INFO - Processing /home/airflow/.local/lib/python3.8/site-packages/airflow/example_dags/example_branch_operator.py took 0.032 seconds
[2024-06-17T18:07:18.128+0000] {processor.py:157} INFO - Started process (PID=347) to work on /home/airflow/.local/lib/python3.8/site-packages/airflow/example_dags/example_branch_operator.py
[2024-06-17T18:07:18.129+0000] {processor.py:829} INFO - Processing file /home/airflow/.local/lib/python3.8/site-packages/airflow/example_dags/example_branch_operator.py for tasks to queue
[2024-06-17T18:07:18.130+0000] {logging_mixin.py:151} INFO - [2024-06-17T18:07:18.130+0000] {dagbag.py:539} INFO - Filling up the DagBag from /home/airflow/.local/lib/python3.8/site-packages/airflow/example_dags/example_branch_operator.py
[2024-06-17T18:07:18.134+0000] {processor.py:839} INFO - DAG(s) dict_keys(['example_branch_operator']) retrieved from /home/airflow/.local/lib/python3.8/site-packages/airflow/example_dags/example_branch_operator.py
[2024-06-17T18:07:18.144+0000] {logging_mixin.py:151} INFO - [2024-06-17T18:07:18.144+0000] {dag.py:2907} INFO - Sync 1 DAGs
[2024-06-17T18:07:18.153+0000] {logging_mixin.py:151} INFO - [2024-06-17T18:07:18.153+0000] {dag.py:3677} INFO - Setting next_dagrun for example_branch_operator to 2024-06-16T00:00:00+00:00, run_after=2024-06-17T00:00:00+00:00
[2024-06-17T18:07:18.160+0000] {processor.py:179} INFO - Processing /home/airflow/.local/lib/python3.8/site-packages/airflow/example_dags/example_branch_operator.py took 0.033 seconds
