[2024-06-17T17:56:42.166+0000] {processor.py:157} INFO - Started process (PID=60) to work on /home/airflow/.local/lib/python3.8/site-packages/airflow/example_dags/example_branch_python_dop_operator_3.py
[2024-06-17T17:56:42.166+0000] {processor.py:829} INFO - Processing file /home/airflow/.local/lib/python3.8/site-packages/airflow/example_dags/example_branch_python_dop_operator_3.py for tasks to queue
[2024-06-17T17:56:42.168+0000] {logging_mixin.py:151} INFO - [2024-06-17T17:56:42.167+0000] {dagbag.py:539} INFO - Filling up the DagBag from /home/airflow/.local/lib/python3.8/site-packages/airflow/example_dags/example_branch_python_dop_operator_3.py
[2024-06-17T17:56:42.261+0000] {processor.py:839} INFO - DAG(s) dict_keys(['example_branch_dop_operator_v3']) retrieved from /home/airflow/.local/lib/python3.8/site-packages/airflow/example_dags/example_branch_python_dop_operator_3.py
[2024-06-17T17:56:42.301+0000] {logging_mixin.py:151} INFO - [2024-06-17T17:56:42.301+0000] {manager.py:501} INFO - Created Permission View: can delete on DAG:example_branch_dop_operator_v3
[2024-06-17T17:56:42.307+0000] {logging_mixin.py:151} INFO - [2024-06-17T17:56:42.307+0000] {manager.py:501} INFO - Created Permission View: can read on DAG:example_branch_dop_operator_v3
[2024-06-17T17:56:42.310+0000] {logging_mixin.py:151} INFO - [2024-06-17T17:56:42.310+0000] {manager.py:501} INFO - Created Permission View: can edit on DAG:example_branch_dop_operator_v3
[2024-06-17T17:56:42.315+0000] {logging_mixin.py:151} INFO - [2024-06-17T17:56:42.315+0000] {dag.py:2907} INFO - Sync 1 DAGs
[2024-06-17T17:56:42.319+0000] {logging_mixin.py:151} INFO - [2024-06-17T17:56:42.319+0000] {dag.py:2929} INFO - Creating ORM DAG for example_branch_dop_operator_v3
[2024-06-17T17:56:42.325+0000] {logging_mixin.py:151} INFO - [2024-06-17T17:56:42.325+0000] {dag.py:3677} INFO - Setting next_dagrun for example_branch_dop_operator_v3 to 2024-06-17T17:55:00+00:00, run_after=2024-06-17T17:56:00+00:00
[2024-06-17T17:56:42.332+0000] {processor.py:179} INFO - Processing /home/airflow/.local/lib/python3.8/site-packages/airflow/example_dags/example_branch_python_dop_operator_3.py took 0.168 seconds
[2024-06-17T17:57:12.737+0000] {processor.py:157} INFO - Started process (PID=115) to work on /home/airflow/.local/lib/python3.8/site-packages/airflow/example_dags/example_branch_python_dop_operator_3.py
[2024-06-17T17:57:12.737+0000] {processor.py:829} INFO - Processing file /home/airflow/.local/lib/python3.8/site-packages/airflow/example_dags/example_branch_python_dop_operator_3.py for tasks to queue
[2024-06-17T17:57:12.738+0000] {logging_mixin.py:151} INFO - [2024-06-17T17:57:12.738+0000] {dagbag.py:539} INFO - Filling up the DagBag from /home/airflow/.local/lib/python3.8/site-packages/airflow/example_dags/example_branch_python_dop_operator_3.py
[2024-06-17T17:57:12.742+0000] {processor.py:839} INFO - DAG(s) dict_keys(['example_branch_dop_operator_v3']) retrieved from /home/airflow/.local/lib/python3.8/site-packages/airflow/example_dags/example_branch_python_dop_operator_3.py
[2024-06-17T17:57:12.751+0000] {logging_mixin.py:151} INFO - [2024-06-17T17:57:12.751+0000] {dag.py:2907} INFO - Sync 1 DAGs
[2024-06-17T17:57:12.762+0000] {logging_mixin.py:151} INFO - [2024-06-17T17:57:12.762+0000] {dag.py:3677} INFO - Setting next_dagrun for example_branch_dop_operator_v3 to 2024-06-17T17:56:00+00:00, run_after=2024-06-17T17:57:00+00:00
[2024-06-17T17:57:12.769+0000] {processor.py:179} INFO - Processing /home/airflow/.local/lib/python3.8/site-packages/airflow/example_dags/example_branch_python_dop_operator_3.py took 0.034 seconds
[2024-06-17T17:57:43.316+0000] {processor.py:157} INFO - Started process (PID=170) to work on /home/airflow/.local/lib/python3.8/site-packages/airflow/example_dags/example_branch_python_dop_operator_3.py
[2024-06-17T17:57:43.317+0000] {processor.py:829} INFO - Processing file /home/airflow/.local/lib/python3.8/site-packages/airflow/example_dags/example_branch_python_dop_operator_3.py for tasks to queue
[2024-06-17T17:57:43.318+0000] {logging_mixin.py:151} INFO - [2024-06-17T17:57:43.318+0000] {dagbag.py:539} INFO - Filling up the DagBag from /home/airflow/.local/lib/python3.8/site-packages/airflow/example_dags/example_branch_python_dop_operator_3.py
[2024-06-17T17:57:43.322+0000] {processor.py:839} INFO - DAG(s) dict_keys(['example_branch_dop_operator_v3']) retrieved from /home/airflow/.local/lib/python3.8/site-packages/airflow/example_dags/example_branch_python_dop_operator_3.py
[2024-06-17T17:57:43.330+0000] {logging_mixin.py:151} INFO - [2024-06-17T17:57:43.330+0000] {dag.py:2907} INFO - Sync 1 DAGs
[2024-06-17T17:57:43.342+0000] {logging_mixin.py:151} INFO - [2024-06-17T17:57:43.342+0000] {dag.py:3677} INFO - Setting next_dagrun for example_branch_dop_operator_v3 to 2024-06-17T17:56:00+00:00, run_after=2024-06-17T17:57:00+00:00
[2024-06-17T17:57:43.348+0000] {processor.py:179} INFO - Processing /home/airflow/.local/lib/python3.8/site-packages/airflow/example_dags/example_branch_python_dop_operator_3.py took 0.033 seconds
[2024-06-17T17:58:13.878+0000] {processor.py:157} INFO - Started process (PID=225) to work on /home/airflow/.local/lib/python3.8/site-packages/airflow/example_dags/example_branch_python_dop_operator_3.py
[2024-06-17T17:58:13.878+0000] {processor.py:829} INFO - Processing file /home/airflow/.local/lib/python3.8/site-packages/airflow/example_dags/example_branch_python_dop_operator_3.py for tasks to queue
[2024-06-17T17:58:13.879+0000] {logging_mixin.py:151} INFO - [2024-06-17T17:58:13.879+0000] {dagbag.py:539} INFO - Filling up the DagBag from /home/airflow/.local/lib/python3.8/site-packages/airflow/example_dags/example_branch_python_dop_operator_3.py
[2024-06-17T17:58:13.883+0000] {processor.py:839} INFO - DAG(s) dict_keys(['example_branch_dop_operator_v3']) retrieved from /home/airflow/.local/lib/python3.8/site-packages/airflow/example_dags/example_branch_python_dop_operator_3.py
[2024-06-17T17:58:13.892+0000] {logging_mixin.py:151} INFO - [2024-06-17T17:58:13.892+0000] {dag.py:2907} INFO - Sync 1 DAGs
[2024-06-17T17:58:13.903+0000] {logging_mixin.py:151} INFO - [2024-06-17T17:58:13.903+0000] {dag.py:3677} INFO - Setting next_dagrun for example_branch_dop_operator_v3 to 2024-06-17T17:57:00+00:00, run_after=2024-06-17T17:58:00+00:00
[2024-06-17T17:58:13.909+0000] {processor.py:179} INFO - Processing /home/airflow/.local/lib/python3.8/site-packages/airflow/example_dags/example_branch_python_dop_operator_3.py took 0.033 seconds
[2024-06-17T17:58:44.397+0000] {processor.py:157} INFO - Started process (PID=280) to work on /home/airflow/.local/lib/python3.8/site-packages/airflow/example_dags/example_branch_python_dop_operator_3.py
[2024-06-17T17:58:44.397+0000] {processor.py:829} INFO - Processing file /home/airflow/.local/lib/python3.8/site-packages/airflow/example_dags/example_branch_python_dop_operator_3.py for tasks to queue
[2024-06-17T17:58:44.398+0000] {logging_mixin.py:151} INFO - [2024-06-17T17:58:44.398+0000] {dagbag.py:539} INFO - Filling up the DagBag from /home/airflow/.local/lib/python3.8/site-packages/airflow/example_dags/example_branch_python_dop_operator_3.py
[2024-06-17T17:58:44.403+0000] {processor.py:839} INFO - DAG(s) dict_keys(['example_branch_dop_operator_v3']) retrieved from /home/airflow/.local/lib/python3.8/site-packages/airflow/example_dags/example_branch_python_dop_operator_3.py
[2024-06-17T17:58:44.412+0000] {logging_mixin.py:151} INFO - [2024-06-17T17:58:44.412+0000] {dag.py:2907} INFO - Sync 1 DAGs
[2024-06-17T17:58:44.423+0000] {logging_mixin.py:151} INFO - [2024-06-17T17:58:44.423+0000] {dag.py:3677} INFO - Setting next_dagrun for example_branch_dop_operator_v3 to 2024-06-17T17:57:00+00:00, run_after=2024-06-17T17:58:00+00:00
[2024-06-17T17:58:44.430+0000] {processor.py:179} INFO - Processing /home/airflow/.local/lib/python3.8/site-packages/airflow/example_dags/example_branch_python_dop_operator_3.py took 0.035 seconds
[2024-06-17T17:59:14.932+0000] {processor.py:157} INFO - Started process (PID=335) to work on /home/airflow/.local/lib/python3.8/site-packages/airflow/example_dags/example_branch_python_dop_operator_3.py
[2024-06-17T17:59:14.933+0000] {processor.py:829} INFO - Processing file /home/airflow/.local/lib/python3.8/site-packages/airflow/example_dags/example_branch_python_dop_operator_3.py for tasks to queue
[2024-06-17T17:59:14.934+0000] {logging_mixin.py:151} INFO - [2024-06-17T17:59:14.934+0000] {dagbag.py:539} INFO - Filling up the DagBag from /home/airflow/.local/lib/python3.8/site-packages/airflow/example_dags/example_branch_python_dop_operator_3.py
[2024-06-17T17:59:14.938+0000] {processor.py:839} INFO - DAG(s) dict_keys(['example_branch_dop_operator_v3']) retrieved from /home/airflow/.local/lib/python3.8/site-packages/airflow/example_dags/example_branch_python_dop_operator_3.py
[2024-06-17T17:59:14.946+0000] {logging_mixin.py:151} INFO - [2024-06-17T17:59:14.946+0000] {dag.py:2907} INFO - Sync 1 DAGs
[2024-06-17T17:59:14.957+0000] {logging_mixin.py:151} INFO - [2024-06-17T17:59:14.957+0000] {dag.py:3677} INFO - Setting next_dagrun for example_branch_dop_operator_v3 to 2024-06-17T17:58:00+00:00, run_after=2024-06-17T17:59:00+00:00
[2024-06-17T17:59:14.964+0000] {processor.py:179} INFO - Processing /home/airflow/.local/lib/python3.8/site-packages/airflow/example_dags/example_branch_python_dop_operator_3.py took 0.033 seconds
[2024-06-17T17:59:45.412+0000] {processor.py:157} INFO - Started process (PID=390) to work on /home/airflow/.local/lib/python3.8/site-packages/airflow/example_dags/example_branch_python_dop_operator_3.py
[2024-06-17T17:59:45.413+0000] {processor.py:829} INFO - Processing file /home/airflow/.local/lib/python3.8/site-packages/airflow/example_dags/example_branch_python_dop_operator_3.py for tasks to queue
[2024-06-17T17:59:45.414+0000] {logging_mixin.py:151} INFO - [2024-06-17T17:59:45.414+0000] {dagbag.py:539} INFO - Filling up the DagBag from /home/airflow/.local/lib/python3.8/site-packages/airflow/example_dags/example_branch_python_dop_operator_3.py
[2024-06-17T17:59:45.418+0000] {processor.py:839} INFO - DAG(s) dict_keys(['example_branch_dop_operator_v3']) retrieved from /home/airflow/.local/lib/python3.8/site-packages/airflow/example_dags/example_branch_python_dop_operator_3.py
[2024-06-17T17:59:45.427+0000] {logging_mixin.py:151} INFO - [2024-06-17T17:59:45.427+0000] {dag.py:2907} INFO - Sync 1 DAGs
[2024-06-17T17:59:45.438+0000] {logging_mixin.py:151} INFO - [2024-06-17T17:59:45.438+0000] {dag.py:3677} INFO - Setting next_dagrun for example_branch_dop_operator_v3 to 2024-06-17T17:58:00+00:00, run_after=2024-06-17T17:59:00+00:00
[2024-06-17T17:59:45.444+0000] {processor.py:179} INFO - Processing /home/airflow/.local/lib/python3.8/site-packages/airflow/example_dags/example_branch_python_dop_operator_3.py took 0.033 seconds
[2024-06-17T18:00:15.962+0000] {processor.py:157} INFO - Started process (PID=445) to work on /home/airflow/.local/lib/python3.8/site-packages/airflow/example_dags/example_branch_python_dop_operator_3.py
[2024-06-17T18:00:15.962+0000] {processor.py:829} INFO - Processing file /home/airflow/.local/lib/python3.8/site-packages/airflow/example_dags/example_branch_python_dop_operator_3.py for tasks to queue
[2024-06-17T18:00:15.963+0000] {logging_mixin.py:151} INFO - [2024-06-17T18:00:15.963+0000] {dagbag.py:539} INFO - Filling up the DagBag from /home/airflow/.local/lib/python3.8/site-packages/airflow/example_dags/example_branch_python_dop_operator_3.py
[2024-06-17T18:00:15.967+0000] {processor.py:839} INFO - DAG(s) dict_keys(['example_branch_dop_operator_v3']) retrieved from /home/airflow/.local/lib/python3.8/site-packages/airflow/example_dags/example_branch_python_dop_operator_3.py
[2024-06-17T18:00:15.976+0000] {logging_mixin.py:151} INFO - [2024-06-17T18:00:15.976+0000] {dag.py:2907} INFO - Sync 1 DAGs
[2024-06-17T18:00:15.987+0000] {logging_mixin.py:151} INFO - [2024-06-17T18:00:15.986+0000] {dag.py:3677} INFO - Setting next_dagrun for example_branch_dop_operator_v3 to 2024-06-17T17:59:00+00:00, run_after=2024-06-17T18:00:00+00:00
[2024-06-17T18:00:15.993+0000] {processor.py:179} INFO - Processing /home/airflow/.local/lib/python3.8/site-packages/airflow/example_dags/example_branch_python_dop_operator_3.py took 0.033 seconds
[2024-06-17T18:00:46.444+0000] {processor.py:157} INFO - Started process (PID=500) to work on /home/airflow/.local/lib/python3.8/site-packages/airflow/example_dags/example_branch_python_dop_operator_3.py
[2024-06-17T18:00:46.444+0000] {processor.py:829} INFO - Processing file /home/airflow/.local/lib/python3.8/site-packages/airflow/example_dags/example_branch_python_dop_operator_3.py for tasks to queue
[2024-06-17T18:00:46.445+0000] {logging_mixin.py:151} INFO - [2024-06-17T18:00:46.445+0000] {dagbag.py:539} INFO - Filling up the DagBag from /home/airflow/.local/lib/python3.8/site-packages/airflow/example_dags/example_branch_python_dop_operator_3.py
[2024-06-17T18:00:46.449+0000] {processor.py:839} INFO - DAG(s) dict_keys(['example_branch_dop_operator_v3']) retrieved from /home/airflow/.local/lib/python3.8/site-packages/airflow/example_dags/example_branch_python_dop_operator_3.py
[2024-06-17T18:00:46.458+0000] {logging_mixin.py:151} INFO - [2024-06-17T18:00:46.458+0000] {dag.py:2907} INFO - Sync 1 DAGs
[2024-06-17T18:00:46.469+0000] {logging_mixin.py:151} INFO - [2024-06-17T18:00:46.469+0000] {dag.py:3677} INFO - Setting next_dagrun for example_branch_dop_operator_v3 to 2024-06-17T17:59:00+00:00, run_after=2024-06-17T18:00:00+00:00
[2024-06-17T18:00:46.476+0000] {processor.py:179} INFO - Processing /home/airflow/.local/lib/python3.8/site-packages/airflow/example_dags/example_branch_python_dop_operator_3.py took 0.034 seconds
[2024-06-17T18:01:17.032+0000] {processor.py:157} INFO - Started process (PID=555) to work on /home/airflow/.local/lib/python3.8/site-packages/airflow/example_dags/example_branch_python_dop_operator_3.py
[2024-06-17T18:01:17.033+0000] {processor.py:829} INFO - Processing file /home/airflow/.local/lib/python3.8/site-packages/airflow/example_dags/example_branch_python_dop_operator_3.py for tasks to queue
[2024-06-17T18:01:17.034+0000] {logging_mixin.py:151} INFO - [2024-06-17T18:01:17.034+0000] {dagbag.py:539} INFO - Filling up the DagBag from /home/airflow/.local/lib/python3.8/site-packages/airflow/example_dags/example_branch_python_dop_operator_3.py
[2024-06-17T18:01:17.039+0000] {processor.py:839} INFO - DAG(s) dict_keys(['example_branch_dop_operator_v3']) retrieved from /home/airflow/.local/lib/python3.8/site-packages/airflow/example_dags/example_branch_python_dop_operator_3.py
[2024-06-17T18:01:17.048+0000] {logging_mixin.py:151} INFO - [2024-06-17T18:01:17.048+0000] {dag.py:2907} INFO - Sync 1 DAGs
[2024-06-17T18:01:17.060+0000] {logging_mixin.py:151} INFO - [2024-06-17T18:01:17.060+0000] {dag.py:3677} INFO - Setting next_dagrun for example_branch_dop_operator_v3 to 2024-06-17T18:00:00+00:00, run_after=2024-06-17T18:01:00+00:00
[2024-06-17T18:01:17.067+0000] {processor.py:179} INFO - Processing /home/airflow/.local/lib/python3.8/site-packages/airflow/example_dags/example_branch_python_dop_operator_3.py took 0.037 seconds
[2024-06-17T18:01:47.609+0000] {processor.py:157} INFO - Started process (PID=610) to work on /home/airflow/.local/lib/python3.8/site-packages/airflow/example_dags/example_branch_python_dop_operator_3.py
[2024-06-17T18:01:47.609+0000] {processor.py:829} INFO - Processing file /home/airflow/.local/lib/python3.8/site-packages/airflow/example_dags/example_branch_python_dop_operator_3.py for tasks to queue
[2024-06-17T18:01:47.610+0000] {logging_mixin.py:151} INFO - [2024-06-17T18:01:47.610+0000] {dagbag.py:539} INFO - Filling up the DagBag from /home/airflow/.local/lib/python3.8/site-packages/airflow/example_dags/example_branch_python_dop_operator_3.py
[2024-06-17T18:01:47.614+0000] {processor.py:839} INFO - DAG(s) dict_keys(['example_branch_dop_operator_v3']) retrieved from /home/airflow/.local/lib/python3.8/site-packages/airflow/example_dags/example_branch_python_dop_operator_3.py
[2024-06-17T18:01:47.623+0000] {logging_mixin.py:151} INFO - [2024-06-17T18:01:47.623+0000] {dag.py:2907} INFO - Sync 1 DAGs
[2024-06-17T18:01:47.634+0000] {logging_mixin.py:151} INFO - [2024-06-17T18:01:47.634+0000] {dag.py:3677} INFO - Setting next_dagrun for example_branch_dop_operator_v3 to 2024-06-17T18:00:00+00:00, run_after=2024-06-17T18:01:00+00:00
[2024-06-17T18:01:47.641+0000] {processor.py:179} INFO - Processing /home/airflow/.local/lib/python3.8/site-packages/airflow/example_dags/example_branch_python_dop_operator_3.py took 0.034 seconds
[2024-06-17T18:02:18.163+0000] {processor.py:157} INFO - Started process (PID=665) to work on /home/airflow/.local/lib/python3.8/site-packages/airflow/example_dags/example_branch_python_dop_operator_3.py
[2024-06-17T18:02:18.164+0000] {processor.py:829} INFO - Processing file /home/airflow/.local/lib/python3.8/site-packages/airflow/example_dags/example_branch_python_dop_operator_3.py for tasks to queue
[2024-06-17T18:02:18.165+0000] {logging_mixin.py:151} INFO - [2024-06-17T18:02:18.165+0000] {dagbag.py:539} INFO - Filling up the DagBag from /home/airflow/.local/lib/python3.8/site-packages/airflow/example_dags/example_branch_python_dop_operator_3.py
[2024-06-17T18:02:18.169+0000] {processor.py:839} INFO - DAG(s) dict_keys(['example_branch_dop_operator_v3']) retrieved from /home/airflow/.local/lib/python3.8/site-packages/airflow/example_dags/example_branch_python_dop_operator_3.py
[2024-06-17T18:02:18.178+0000] {logging_mixin.py:151} INFO - [2024-06-17T18:02:18.178+0000] {dag.py:2907} INFO - Sync 1 DAGs
[2024-06-17T18:02:18.190+0000] {logging_mixin.py:151} INFO - [2024-06-17T18:02:18.190+0000] {dag.py:3677} INFO - Setting next_dagrun for example_branch_dop_operator_v3 to 2024-06-17T18:01:00+00:00, run_after=2024-06-17T18:02:00+00:00
[2024-06-17T18:02:18.197+0000] {processor.py:179} INFO - Processing /home/airflow/.local/lib/python3.8/site-packages/airflow/example_dags/example_branch_python_dop_operator_3.py took 0.035 seconds
[2024-06-17T18:02:48.738+0000] {processor.py:157} INFO - Started process (PID=720) to work on /home/airflow/.local/lib/python3.8/site-packages/airflow/example_dags/example_branch_python_dop_operator_3.py
[2024-06-17T18:02:48.739+0000] {processor.py:829} INFO - Processing file /home/airflow/.local/lib/python3.8/site-packages/airflow/example_dags/example_branch_python_dop_operator_3.py for tasks to queue
[2024-06-17T18:02:48.740+0000] {logging_mixin.py:151} INFO - [2024-06-17T18:02:48.740+0000] {dagbag.py:539} INFO - Filling up the DagBag from /home/airflow/.local/lib/python3.8/site-packages/airflow/example_dags/example_branch_python_dop_operator_3.py
[2024-06-17T18:02:48.744+0000] {processor.py:839} INFO - DAG(s) dict_keys(['example_branch_dop_operator_v3']) retrieved from /home/airflow/.local/lib/python3.8/site-packages/airflow/example_dags/example_branch_python_dop_operator_3.py
[2024-06-17T18:02:48.753+0000] {logging_mixin.py:151} INFO - [2024-06-17T18:02:48.753+0000] {dag.py:2907} INFO - Sync 1 DAGs
[2024-06-17T18:02:48.764+0000] {logging_mixin.py:151} INFO - [2024-06-17T18:02:48.764+0000] {dag.py:3677} INFO - Setting next_dagrun for example_branch_dop_operator_v3 to 2024-06-17T18:01:00+00:00, run_after=2024-06-17T18:02:00+00:00
[2024-06-17T18:02:48.771+0000] {processor.py:179} INFO - Processing /home/airflow/.local/lib/python3.8/site-packages/airflow/example_dags/example_branch_python_dop_operator_3.py took 0.034 seconds
[2024-06-17T18:03:19.209+0000] {processor.py:157} INFO - Started process (PID=775) to work on /home/airflow/.local/lib/python3.8/site-packages/airflow/example_dags/example_branch_python_dop_operator_3.py
[2024-06-17T18:03:19.209+0000] {processor.py:829} INFO - Processing file /home/airflow/.local/lib/python3.8/site-packages/airflow/example_dags/example_branch_python_dop_operator_3.py for tasks to queue
[2024-06-17T18:03:19.210+0000] {logging_mixin.py:151} INFO - [2024-06-17T18:03:19.210+0000] {dagbag.py:539} INFO - Filling up the DagBag from /home/airflow/.local/lib/python3.8/site-packages/airflow/example_dags/example_branch_python_dop_operator_3.py
[2024-06-17T18:03:19.214+0000] {processor.py:839} INFO - DAG(s) dict_keys(['example_branch_dop_operator_v3']) retrieved from /home/airflow/.local/lib/python3.8/site-packages/airflow/example_dags/example_branch_python_dop_operator_3.py
[2024-06-17T18:03:19.223+0000] {logging_mixin.py:151} INFO - [2024-06-17T18:03:19.223+0000] {dag.py:2907} INFO - Sync 1 DAGs
[2024-06-17T18:03:19.234+0000] {logging_mixin.py:151} INFO - [2024-06-17T18:03:19.234+0000] {dag.py:3677} INFO - Setting next_dagrun for example_branch_dop_operator_v3 to 2024-06-17T18:02:00+00:00, run_after=2024-06-17T18:03:00+00:00
[2024-06-17T18:03:19.242+0000] {processor.py:179} INFO - Processing /home/airflow/.local/lib/python3.8/site-packages/airflow/example_dags/example_branch_python_dop_operator_3.py took 0.035 seconds
[2024-06-17T18:03:49.702+0000] {processor.py:157} INFO - Started process (PID=830) to work on /home/airflow/.local/lib/python3.8/site-packages/airflow/example_dags/example_branch_python_dop_operator_3.py
[2024-06-17T18:03:49.702+0000] {processor.py:829} INFO - Processing file /home/airflow/.local/lib/python3.8/site-packages/airflow/example_dags/example_branch_python_dop_operator_3.py for tasks to queue
[2024-06-17T18:03:49.703+0000] {logging_mixin.py:151} INFO - [2024-06-17T18:03:49.703+0000] {dagbag.py:539} INFO - Filling up the DagBag from /home/airflow/.local/lib/python3.8/site-packages/airflow/example_dags/example_branch_python_dop_operator_3.py
[2024-06-17T18:03:49.707+0000] {processor.py:839} INFO - DAG(s) dict_keys(['example_branch_dop_operator_v3']) retrieved from /home/airflow/.local/lib/python3.8/site-packages/airflow/example_dags/example_branch_python_dop_operator_3.py
[2024-06-17T18:03:49.716+0000] {logging_mixin.py:151} INFO - [2024-06-17T18:03:49.716+0000] {dag.py:2907} INFO - Sync 1 DAGs
[2024-06-17T18:03:49.727+0000] {logging_mixin.py:151} INFO - [2024-06-17T18:03:49.727+0000] {dag.py:3677} INFO - Setting next_dagrun for example_branch_dop_operator_v3 to 2024-06-17T18:02:00+00:00, run_after=2024-06-17T18:03:00+00:00
[2024-06-17T18:03:49.734+0000] {processor.py:179} INFO - Processing /home/airflow/.local/lib/python3.8/site-packages/airflow/example_dags/example_branch_python_dop_operator_3.py took 0.034 seconds
[2024-06-17T18:04:20.208+0000] {processor.py:157} INFO - Started process (PID=885) to work on /home/airflow/.local/lib/python3.8/site-packages/airflow/example_dags/example_branch_python_dop_operator_3.py
[2024-06-17T18:04:20.208+0000] {processor.py:829} INFO - Processing file /home/airflow/.local/lib/python3.8/site-packages/airflow/example_dags/example_branch_python_dop_operator_3.py for tasks to queue
[2024-06-17T18:04:20.209+0000] {logging_mixin.py:151} INFO - [2024-06-17T18:04:20.209+0000] {dagbag.py:539} INFO - Filling up the DagBag from /home/airflow/.local/lib/python3.8/site-packages/airflow/example_dags/example_branch_python_dop_operator_3.py
[2024-06-17T18:04:20.213+0000] {processor.py:839} INFO - DAG(s) dict_keys(['example_branch_dop_operator_v3']) retrieved from /home/airflow/.local/lib/python3.8/site-packages/airflow/example_dags/example_branch_python_dop_operator_3.py
[2024-06-17T18:04:20.222+0000] {logging_mixin.py:151} INFO - [2024-06-17T18:04:20.222+0000] {dag.py:2907} INFO - Sync 1 DAGs
[2024-06-17T18:04:20.233+0000] {logging_mixin.py:151} INFO - [2024-06-17T18:04:20.233+0000] {dag.py:3677} INFO - Setting next_dagrun for example_branch_dop_operator_v3 to 2024-06-17T18:03:00+00:00, run_after=2024-06-17T18:04:00+00:00
[2024-06-17T18:04:20.241+0000] {processor.py:179} INFO - Processing /home/airflow/.local/lib/python3.8/site-packages/airflow/example_dags/example_branch_python_dop_operator_3.py took 0.035 seconds
[2024-06-17T18:04:44.002+0000] {processor.py:157} INFO - Started process (PID=59) to work on /home/airflow/.local/lib/python3.8/site-packages/airflow/example_dags/example_branch_python_dop_operator_3.py
[2024-06-17T18:04:44.004+0000] {processor.py:829} INFO - Processing file /home/airflow/.local/lib/python3.8/site-packages/airflow/example_dags/example_branch_python_dop_operator_3.py for tasks to queue
[2024-06-17T18:04:44.006+0000] {logging_mixin.py:151} INFO - [2024-06-17T18:04:44.006+0000] {dagbag.py:539} INFO - Filling up the DagBag from /home/airflow/.local/lib/python3.8/site-packages/airflow/example_dags/example_branch_python_dop_operator_3.py
[2024-06-17T18:04:44.013+0000] {processor.py:839} INFO - DAG(s) dict_keys(['example_branch_dop_operator_v3']) retrieved from /home/airflow/.local/lib/python3.8/site-packages/airflow/example_dags/example_branch_python_dop_operator_3.py
[2024-06-17T18:04:44.022+0000] {logging_mixin.py:151} INFO - [2024-06-17T18:04:44.022+0000] {dag.py:2907} INFO - Sync 1 DAGs
[2024-06-17T18:04:44.040+0000] {logging_mixin.py:151} INFO - [2024-06-17T18:04:44.039+0000] {dag.py:3677} INFO - Setting next_dagrun for example_branch_dop_operator_v3 to 2024-06-17T18:03:00+00:00, run_after=2024-06-17T18:04:00+00:00
[2024-06-17T18:04:44.050+0000] {processor.py:179} INFO - Processing /home/airflow/.local/lib/python3.8/site-packages/airflow/example_dags/example_branch_python_dop_operator_3.py took 0.052 seconds
[2024-06-17T18:05:15.382+0000] {processor.py:157} INFO - Started process (PID=114) to work on /home/airflow/.local/lib/python3.8/site-packages/airflow/example_dags/example_branch_python_dop_operator_3.py
[2024-06-17T18:05:15.383+0000] {processor.py:829} INFO - Processing file /home/airflow/.local/lib/python3.8/site-packages/airflow/example_dags/example_branch_python_dop_operator_3.py for tasks to queue
[2024-06-17T18:05:15.384+0000] {logging_mixin.py:151} INFO - [2024-06-17T18:05:15.384+0000] {dagbag.py:539} INFO - Filling up the DagBag from /home/airflow/.local/lib/python3.8/site-packages/airflow/example_dags/example_branch_python_dop_operator_3.py
[2024-06-17T18:05:15.464+0000] {processor.py:839} INFO - DAG(s) dict_keys(['example_branch_dop_operator_v3']) retrieved from /home/airflow/.local/lib/python3.8/site-packages/airflow/example_dags/example_branch_python_dop_operator_3.py
[2024-06-17T18:05:15.472+0000] {logging_mixin.py:151} INFO - [2024-06-17T18:05:15.472+0000] {dag.py:2907} INFO - Sync 1 DAGs
[2024-06-17T18:05:15.482+0000] {logging_mixin.py:151} INFO - [2024-06-17T18:05:15.482+0000] {dag.py:3677} INFO - Setting next_dagrun for example_branch_dop_operator_v3 to 2024-06-17T18:04:00+00:00, run_after=2024-06-17T18:05:00+00:00
[2024-06-17T18:05:15.488+0000] {processor.py:179} INFO - Processing /home/airflow/.local/lib/python3.8/site-packages/airflow/example_dags/example_branch_python_dop_operator_3.py took 0.108 seconds
[2024-06-17T18:05:46.093+0000] {processor.py:157} INFO - Started process (PID=169) to work on /home/airflow/.local/lib/python3.8/site-packages/airflow/example_dags/example_branch_python_dop_operator_3.py
[2024-06-17T18:05:46.094+0000] {processor.py:829} INFO - Processing file /home/airflow/.local/lib/python3.8/site-packages/airflow/example_dags/example_branch_python_dop_operator_3.py for tasks to queue
[2024-06-17T18:05:46.095+0000] {logging_mixin.py:151} INFO - [2024-06-17T18:05:46.094+0000] {dagbag.py:539} INFO - Filling up the DagBag from /home/airflow/.local/lib/python3.8/site-packages/airflow/example_dags/example_branch_python_dop_operator_3.py
[2024-06-17T18:05:46.098+0000] {processor.py:839} INFO - DAG(s) dict_keys(['example_branch_dop_operator_v3']) retrieved from /home/airflow/.local/lib/python3.8/site-packages/airflow/example_dags/example_branch_python_dop_operator_3.py
[2024-06-17T18:05:46.107+0000] {logging_mixin.py:151} INFO - [2024-06-17T18:05:46.107+0000] {dag.py:2907} INFO - Sync 1 DAGs
[2024-06-17T18:05:46.118+0000] {logging_mixin.py:151} INFO - [2024-06-17T18:05:46.117+0000] {dag.py:3677} INFO - Setting next_dagrun for example_branch_dop_operator_v3 to 2024-06-17T18:04:00+00:00, run_after=2024-06-17T18:05:00+00:00
[2024-06-17T18:05:46.125+0000] {processor.py:179} INFO - Processing /home/airflow/.local/lib/python3.8/site-packages/airflow/example_dags/example_branch_python_dop_operator_3.py took 0.033 seconds
[2024-06-17T18:06:16.754+0000] {processor.py:157} INFO - Started process (PID=224) to work on /home/airflow/.local/lib/python3.8/site-packages/airflow/example_dags/example_branch_python_dop_operator_3.py
[2024-06-17T18:06:16.754+0000] {processor.py:829} INFO - Processing file /home/airflow/.local/lib/python3.8/site-packages/airflow/example_dags/example_branch_python_dop_operator_3.py for tasks to queue
[2024-06-17T18:06:16.755+0000] {logging_mixin.py:151} INFO - [2024-06-17T18:06:16.755+0000] {dagbag.py:539} INFO - Filling up the DagBag from /home/airflow/.local/lib/python3.8/site-packages/airflow/example_dags/example_branch_python_dop_operator_3.py
[2024-06-17T18:06:16.759+0000] {processor.py:839} INFO - DAG(s) dict_keys(['example_branch_dop_operator_v3']) retrieved from /home/airflow/.local/lib/python3.8/site-packages/airflow/example_dags/example_branch_python_dop_operator_3.py
[2024-06-17T18:06:16.768+0000] {logging_mixin.py:151} INFO - [2024-06-17T18:06:16.768+0000] {dag.py:2907} INFO - Sync 1 DAGs
[2024-06-17T18:06:16.778+0000] {logging_mixin.py:151} INFO - [2024-06-17T18:06:16.778+0000] {dag.py:3677} INFO - Setting next_dagrun for example_branch_dop_operator_v3 to 2024-06-17T18:05:00+00:00, run_after=2024-06-17T18:06:00+00:00
[2024-06-17T18:06:16.786+0000] {processor.py:179} INFO - Processing /home/airflow/.local/lib/python3.8/site-packages/airflow/example_dags/example_branch_python_dop_operator_3.py took 0.034 seconds
[2024-06-17T18:06:47.390+0000] {processor.py:157} INFO - Started process (PID=279) to work on /home/airflow/.local/lib/python3.8/site-packages/airflow/example_dags/example_branch_python_dop_operator_3.py
[2024-06-17T18:06:47.390+0000] {processor.py:829} INFO - Processing file /home/airflow/.local/lib/python3.8/site-packages/airflow/example_dags/example_branch_python_dop_operator_3.py for tasks to queue
[2024-06-17T18:06:47.392+0000] {logging_mixin.py:151} INFO - [2024-06-17T18:06:47.392+0000] {dagbag.py:539} INFO - Filling up the DagBag from /home/airflow/.local/lib/python3.8/site-packages/airflow/example_dags/example_branch_python_dop_operator_3.py
[2024-06-17T18:06:47.396+0000] {processor.py:839} INFO - DAG(s) dict_keys(['example_branch_dop_operator_v3']) retrieved from /home/airflow/.local/lib/python3.8/site-packages/airflow/example_dags/example_branch_python_dop_operator_3.py
[2024-06-17T18:06:47.404+0000] {logging_mixin.py:151} INFO - [2024-06-17T18:06:47.404+0000] {dag.py:2907} INFO - Sync 1 DAGs
[2024-06-17T18:06:47.415+0000] {logging_mixin.py:151} INFO - [2024-06-17T18:06:47.415+0000] {dag.py:3677} INFO - Setting next_dagrun for example_branch_dop_operator_v3 to 2024-06-17T18:05:00+00:00, run_after=2024-06-17T18:06:00+00:00
[2024-06-17T18:06:47.422+0000] {processor.py:179} INFO - Processing /home/airflow/.local/lib/python3.8/site-packages/airflow/example_dags/example_branch_python_dop_operator_3.py took 0.033 seconds
[2024-06-17T18:07:17.792+0000] {processor.py:157} INFO - Started process (PID=334) to work on /home/airflow/.local/lib/python3.8/site-packages/airflow/example_dags/example_branch_python_dop_operator_3.py
[2024-06-17T18:07:17.792+0000] {processor.py:829} INFO - Processing file /home/airflow/.local/lib/python3.8/site-packages/airflow/example_dags/example_branch_python_dop_operator_3.py for tasks to queue
[2024-06-17T18:07:17.793+0000] {logging_mixin.py:151} INFO - [2024-06-17T18:07:17.793+0000] {dagbag.py:539} INFO - Filling up the DagBag from /home/airflow/.local/lib/python3.8/site-packages/airflow/example_dags/example_branch_python_dop_operator_3.py
[2024-06-17T18:07:17.797+0000] {processor.py:839} INFO - DAG(s) dict_keys(['example_branch_dop_operator_v3']) retrieved from /home/airflow/.local/lib/python3.8/site-packages/airflow/example_dags/example_branch_python_dop_operator_3.py
[2024-06-17T18:07:17.806+0000] {logging_mixin.py:151} INFO - [2024-06-17T18:07:17.806+0000] {dag.py:2907} INFO - Sync 1 DAGs
[2024-06-17T18:07:17.817+0000] {logging_mixin.py:151} INFO - [2024-06-17T18:07:17.817+0000] {dag.py:3677} INFO - Setting next_dagrun for example_branch_dop_operator_v3 to 2024-06-17T18:06:00+00:00, run_after=2024-06-17T18:07:00+00:00
[2024-06-17T18:07:17.824+0000] {processor.py:179} INFO - Processing /home/airflow/.local/lib/python3.8/site-packages/airflow/example_dags/example_branch_python_dop_operator_3.py took 0.033 seconds
