[2024-06-17T17:56:43.039+0000] {processor.py:157} INFO - Started process (PID=76) to work on /home/airflow/.local/lib/python3.8/site-packages/airflow/example_dags/example_dynamic_task_mapping.py
[2024-06-17T17:56:43.039+0000] {processor.py:829} INFO - Processing file /home/airflow/.local/lib/python3.8/site-packages/airflow/example_dags/example_dynamic_task_mapping.py for tasks to queue
[2024-06-17T17:56:43.040+0000] {logging_mixin.py:151} INFO - [2024-06-17T17:56:43.040+0000] {dagbag.py:539} INFO - Filling up the DagBag from /home/airflow/.local/lib/python3.8/site-packages/airflow/example_dags/example_dynamic_task_mapping.py
[2024-06-17T17:56:43.044+0000] {processor.py:839} INFO - DAG(s) dict_keys(['example_dynamic_task_mapping']) retrieved from /home/airflow/.local/lib/python3.8/site-packages/airflow/example_dags/example_dynamic_task_mapping.py
[2024-06-17T17:56:43.088+0000] {logging_mixin.py:151} INFO - [2024-06-17T17:56:43.088+0000] {manager.py:501} INFO - Created Permission View: can delete on DAG:example_dynamic_task_mapping
[2024-06-17T17:56:43.092+0000] {logging_mixin.py:151} INFO - [2024-06-17T17:56:43.092+0000] {manager.py:501} INFO - Created Permission View: can read on DAG:example_dynamic_task_mapping
[2024-06-17T17:56:43.094+0000] {logging_mixin.py:151} INFO - [2024-06-17T17:56:43.094+0000] {manager.py:501} INFO - Created Permission View: can edit on DAG:example_dynamic_task_mapping
[2024-06-17T17:56:43.100+0000] {logging_mixin.py:151} INFO - [2024-06-17T17:56:43.100+0000] {dag.py:2907} INFO - Sync 1 DAGs
[2024-06-17T17:56:43.106+0000] {logging_mixin.py:151} INFO - [2024-06-17T17:56:43.106+0000] {dag.py:2929} INFO - Creating ORM DAG for example_dynamic_task_mapping
[2024-06-17T17:56:43.112+0000] {logging_mixin.py:151} INFO - [2024-06-17T17:56:43.112+0000] {dag.py:3677} INFO - Setting next_dagrun for example_dynamic_task_mapping to 2022-03-04T00:00:00+00:00, run_after=2022-03-05T00:00:00+00:00
[2024-06-17T17:56:43.121+0000] {processor.py:179} INFO - Processing /home/airflow/.local/lib/python3.8/site-packages/airflow/example_dags/example_dynamic_task_mapping.py took 0.084 seconds
[2024-06-17T17:57:13.129+0000] {processor.py:157} INFO - Started process (PID=131) to work on /home/airflow/.local/lib/python3.8/site-packages/airflow/example_dags/example_dynamic_task_mapping.py
[2024-06-17T17:57:13.130+0000] {processor.py:829} INFO - Processing file /home/airflow/.local/lib/python3.8/site-packages/airflow/example_dags/example_dynamic_task_mapping.py for tasks to queue
[2024-06-17T17:57:13.131+0000] {logging_mixin.py:151} INFO - [2024-06-17T17:57:13.131+0000] {dagbag.py:539} INFO - Filling up the DagBag from /home/airflow/.local/lib/python3.8/site-packages/airflow/example_dags/example_dynamic_task_mapping.py
[2024-06-17T17:57:13.134+0000] {processor.py:839} INFO - DAG(s) dict_keys(['example_dynamic_task_mapping']) retrieved from /home/airflow/.local/lib/python3.8/site-packages/airflow/example_dags/example_dynamic_task_mapping.py
[2024-06-17T17:57:13.142+0000] {logging_mixin.py:151} INFO - [2024-06-17T17:57:13.142+0000] {dag.py:2907} INFO - Sync 1 DAGs
[2024-06-17T17:57:13.151+0000] {logging_mixin.py:151} INFO - [2024-06-17T17:57:13.151+0000] {dag.py:3677} INFO - Setting next_dagrun for example_dynamic_task_mapping to 2022-03-04T00:00:00+00:00, run_after=2022-03-05T00:00:00+00:00
[2024-06-17T17:57:13.156+0000] {processor.py:179} INFO - Processing /home/airflow/.local/lib/python3.8/site-packages/airflow/example_dags/example_dynamic_task_mapping.py took 0.029 seconds
[2024-06-17T17:57:43.717+0000] {processor.py:157} INFO - Started process (PID=186) to work on /home/airflow/.local/lib/python3.8/site-packages/airflow/example_dags/example_dynamic_task_mapping.py
[2024-06-17T17:57:43.717+0000] {processor.py:829} INFO - Processing file /home/airflow/.local/lib/python3.8/site-packages/airflow/example_dags/example_dynamic_task_mapping.py for tasks to queue
[2024-06-17T17:57:43.718+0000] {logging_mixin.py:151} INFO - [2024-06-17T17:57:43.718+0000] {dagbag.py:539} INFO - Filling up the DagBag from /home/airflow/.local/lib/python3.8/site-packages/airflow/example_dags/example_dynamic_task_mapping.py
[2024-06-17T17:57:43.721+0000] {processor.py:839} INFO - DAG(s) dict_keys(['example_dynamic_task_mapping']) retrieved from /home/airflow/.local/lib/python3.8/site-packages/airflow/example_dags/example_dynamic_task_mapping.py
[2024-06-17T17:57:43.729+0000] {logging_mixin.py:151} INFO - [2024-06-17T17:57:43.729+0000] {dag.py:2907} INFO - Sync 1 DAGs
[2024-06-17T17:57:43.737+0000] {logging_mixin.py:151} INFO - [2024-06-17T17:57:43.737+0000] {dag.py:3677} INFO - Setting next_dagrun for example_dynamic_task_mapping to 2022-03-04T00:00:00+00:00, run_after=2022-03-05T00:00:00+00:00
[2024-06-17T17:57:43.744+0000] {processor.py:179} INFO - Processing /home/airflow/.local/lib/python3.8/site-packages/airflow/example_dags/example_dynamic_task_mapping.py took 0.028 seconds
[2024-06-17T17:58:14.276+0000] {processor.py:157} INFO - Started process (PID=241) to work on /home/airflow/.local/lib/python3.8/site-packages/airflow/example_dags/example_dynamic_task_mapping.py
[2024-06-17T17:58:14.276+0000] {processor.py:829} INFO - Processing file /home/airflow/.local/lib/python3.8/site-packages/airflow/example_dags/example_dynamic_task_mapping.py for tasks to queue
[2024-06-17T17:58:14.277+0000] {logging_mixin.py:151} INFO - [2024-06-17T17:58:14.277+0000] {dagbag.py:539} INFO - Filling up the DagBag from /home/airflow/.local/lib/python3.8/site-packages/airflow/example_dags/example_dynamic_task_mapping.py
[2024-06-17T17:58:14.280+0000] {processor.py:839} INFO - DAG(s) dict_keys(['example_dynamic_task_mapping']) retrieved from /home/airflow/.local/lib/python3.8/site-packages/airflow/example_dags/example_dynamic_task_mapping.py
[2024-06-17T17:58:14.287+0000] {logging_mixin.py:151} INFO - [2024-06-17T17:58:14.287+0000] {dag.py:2907} INFO - Sync 1 DAGs
[2024-06-17T17:58:14.296+0000] {logging_mixin.py:151} INFO - [2024-06-17T17:58:14.296+0000] {dag.py:3677} INFO - Setting next_dagrun for example_dynamic_task_mapping to 2022-03-04T00:00:00+00:00, run_after=2022-03-05T00:00:00+00:00
[2024-06-17T17:58:14.302+0000] {processor.py:179} INFO - Processing /home/airflow/.local/lib/python3.8/site-packages/airflow/example_dags/example_dynamic_task_mapping.py took 0.028 seconds
[2024-06-17T17:58:44.796+0000] {processor.py:157} INFO - Started process (PID=296) to work on /home/airflow/.local/lib/python3.8/site-packages/airflow/example_dags/example_dynamic_task_mapping.py
[2024-06-17T17:58:44.797+0000] {processor.py:829} INFO - Processing file /home/airflow/.local/lib/python3.8/site-packages/airflow/example_dags/example_dynamic_task_mapping.py for tasks to queue
[2024-06-17T17:58:44.798+0000] {logging_mixin.py:151} INFO - [2024-06-17T17:58:44.798+0000] {dagbag.py:539} INFO - Filling up the DagBag from /home/airflow/.local/lib/python3.8/site-packages/airflow/example_dags/example_dynamic_task_mapping.py
[2024-06-17T17:58:44.800+0000] {processor.py:839} INFO - DAG(s) dict_keys(['example_dynamic_task_mapping']) retrieved from /home/airflow/.local/lib/python3.8/site-packages/airflow/example_dags/example_dynamic_task_mapping.py
[2024-06-17T17:58:44.807+0000] {logging_mixin.py:151} INFO - [2024-06-17T17:58:44.807+0000] {dag.py:2907} INFO - Sync 1 DAGs
[2024-06-17T17:58:44.815+0000] {logging_mixin.py:151} INFO - [2024-06-17T17:58:44.815+0000] {dag.py:3677} INFO - Setting next_dagrun for example_dynamic_task_mapping to 2022-03-04T00:00:00+00:00, run_after=2022-03-05T00:00:00+00:00
[2024-06-17T17:58:44.822+0000] {processor.py:179} INFO - Processing /home/airflow/.local/lib/python3.8/site-packages/airflow/example_dags/example_dynamic_task_mapping.py took 0.027 seconds
[2024-06-17T17:59:15.317+0000] {processor.py:157} INFO - Started process (PID=351) to work on /home/airflow/.local/lib/python3.8/site-packages/airflow/example_dags/example_dynamic_task_mapping.py
[2024-06-17T17:59:15.317+0000] {processor.py:829} INFO - Processing file /home/airflow/.local/lib/python3.8/site-packages/airflow/example_dags/example_dynamic_task_mapping.py for tasks to queue
[2024-06-17T17:59:15.318+0000] {logging_mixin.py:151} INFO - [2024-06-17T17:59:15.318+0000] {dagbag.py:539} INFO - Filling up the DagBag from /home/airflow/.local/lib/python3.8/site-packages/airflow/example_dags/example_dynamic_task_mapping.py
[2024-06-17T17:59:15.321+0000] {processor.py:839} INFO - DAG(s) dict_keys(['example_dynamic_task_mapping']) retrieved from /home/airflow/.local/lib/python3.8/site-packages/airflow/example_dags/example_dynamic_task_mapping.py
[2024-06-17T17:59:15.329+0000] {logging_mixin.py:151} INFO - [2024-06-17T17:59:15.329+0000] {dag.py:2907} INFO - Sync 1 DAGs
[2024-06-17T17:59:15.337+0000] {logging_mixin.py:151} INFO - [2024-06-17T17:59:15.337+0000] {dag.py:3677} INFO - Setting next_dagrun for example_dynamic_task_mapping to 2022-03-04T00:00:00+00:00, run_after=2022-03-05T00:00:00+00:00
[2024-06-17T17:59:15.343+0000] {processor.py:179} INFO - Processing /home/airflow/.local/lib/python3.8/site-packages/airflow/example_dags/example_dynamic_task_mapping.py took 0.028 seconds
[2024-06-17T17:59:45.832+0000] {processor.py:157} INFO - Started process (PID=406) to work on /home/airflow/.local/lib/python3.8/site-packages/airflow/example_dags/example_dynamic_task_mapping.py
[2024-06-17T17:59:45.832+0000] {processor.py:829} INFO - Processing file /home/airflow/.local/lib/python3.8/site-packages/airflow/example_dags/example_dynamic_task_mapping.py for tasks to queue
[2024-06-17T17:59:45.834+0000] {logging_mixin.py:151} INFO - [2024-06-17T17:59:45.834+0000] {dagbag.py:539} INFO - Filling up the DagBag from /home/airflow/.local/lib/python3.8/site-packages/airflow/example_dags/example_dynamic_task_mapping.py
[2024-06-17T17:59:45.836+0000] {processor.py:839} INFO - DAG(s) dict_keys(['example_dynamic_task_mapping']) retrieved from /home/airflow/.local/lib/python3.8/site-packages/airflow/example_dags/example_dynamic_task_mapping.py
[2024-06-17T17:59:45.845+0000] {logging_mixin.py:151} INFO - [2024-06-17T17:59:45.844+0000] {dag.py:2907} INFO - Sync 1 DAGs
[2024-06-17T17:59:45.853+0000] {logging_mixin.py:151} INFO - [2024-06-17T17:59:45.853+0000] {dag.py:3677} INFO - Setting next_dagrun for example_dynamic_task_mapping to 2022-03-04T00:00:00+00:00, run_after=2022-03-05T00:00:00+00:00
[2024-06-17T17:59:45.860+0000] {processor.py:179} INFO - Processing /home/airflow/.local/lib/python3.8/site-packages/airflow/example_dags/example_dynamic_task_mapping.py took 0.029 seconds
[2024-06-17T18:00:16.362+0000] {processor.py:157} INFO - Started process (PID=461) to work on /home/airflow/.local/lib/python3.8/site-packages/airflow/example_dags/example_dynamic_task_mapping.py
[2024-06-17T18:00:16.362+0000] {processor.py:829} INFO - Processing file /home/airflow/.local/lib/python3.8/site-packages/airflow/example_dags/example_dynamic_task_mapping.py for tasks to queue
[2024-06-17T18:00:16.363+0000] {logging_mixin.py:151} INFO - [2024-06-17T18:00:16.363+0000] {dagbag.py:539} INFO - Filling up the DagBag from /home/airflow/.local/lib/python3.8/site-packages/airflow/example_dags/example_dynamic_task_mapping.py
[2024-06-17T18:00:16.366+0000] {processor.py:839} INFO - DAG(s) dict_keys(['example_dynamic_task_mapping']) retrieved from /home/airflow/.local/lib/python3.8/site-packages/airflow/example_dags/example_dynamic_task_mapping.py
[2024-06-17T18:00:16.374+0000] {logging_mixin.py:151} INFO - [2024-06-17T18:00:16.374+0000] {dag.py:2907} INFO - Sync 1 DAGs
[2024-06-17T18:00:16.382+0000] {logging_mixin.py:151} INFO - [2024-06-17T18:00:16.382+0000] {dag.py:3677} INFO - Setting next_dagrun for example_dynamic_task_mapping to 2022-03-04T00:00:00+00:00, run_after=2022-03-05T00:00:00+00:00
[2024-06-17T18:00:16.389+0000] {processor.py:179} INFO - Processing /home/airflow/.local/lib/python3.8/site-packages/airflow/example_dags/example_dynamic_task_mapping.py took 0.028 seconds
[2024-06-17T18:00:46.885+0000] {processor.py:157} INFO - Started process (PID=516) to work on /home/airflow/.local/lib/python3.8/site-packages/airflow/example_dags/example_dynamic_task_mapping.py
[2024-06-17T18:00:46.886+0000] {processor.py:829} INFO - Processing file /home/airflow/.local/lib/python3.8/site-packages/airflow/example_dags/example_dynamic_task_mapping.py for tasks to queue
[2024-06-17T18:00:46.887+0000] {logging_mixin.py:151} INFO - [2024-06-17T18:00:46.887+0000] {dagbag.py:539} INFO - Filling up the DagBag from /home/airflow/.local/lib/python3.8/site-packages/airflow/example_dags/example_dynamic_task_mapping.py
[2024-06-17T18:00:46.890+0000] {processor.py:839} INFO - DAG(s) dict_keys(['example_dynamic_task_mapping']) retrieved from /home/airflow/.local/lib/python3.8/site-packages/airflow/example_dags/example_dynamic_task_mapping.py
[2024-06-17T18:00:46.898+0000] {logging_mixin.py:151} INFO - [2024-06-17T18:00:46.898+0000] {dag.py:2907} INFO - Sync 1 DAGs
[2024-06-17T18:00:46.906+0000] {logging_mixin.py:151} INFO - [2024-06-17T18:00:46.906+0000] {dag.py:3677} INFO - Setting next_dagrun for example_dynamic_task_mapping to 2022-03-04T00:00:00+00:00, run_after=2022-03-05T00:00:00+00:00
[2024-06-17T18:00:46.913+0000] {processor.py:179} INFO - Processing /home/airflow/.local/lib/python3.8/site-packages/airflow/example_dags/example_dynamic_task_mapping.py took 0.029 seconds
[2024-06-17T18:01:17.482+0000] {processor.py:157} INFO - Started process (PID=571) to work on /home/airflow/.local/lib/python3.8/site-packages/airflow/example_dags/example_dynamic_task_mapping.py
[2024-06-17T18:01:17.482+0000] {processor.py:829} INFO - Processing file /home/airflow/.local/lib/python3.8/site-packages/airflow/example_dags/example_dynamic_task_mapping.py for tasks to queue
[2024-06-17T18:01:17.483+0000] {logging_mixin.py:151} INFO - [2024-06-17T18:01:17.483+0000] {dagbag.py:539} INFO - Filling up the DagBag from /home/airflow/.local/lib/python3.8/site-packages/airflow/example_dags/example_dynamic_task_mapping.py
[2024-06-17T18:01:17.486+0000] {processor.py:839} INFO - DAG(s) dict_keys(['example_dynamic_task_mapping']) retrieved from /home/airflow/.local/lib/python3.8/site-packages/airflow/example_dags/example_dynamic_task_mapping.py
[2024-06-17T18:01:17.494+0000] {logging_mixin.py:151} INFO - [2024-06-17T18:01:17.494+0000] {dag.py:2907} INFO - Sync 1 DAGs
[2024-06-17T18:01:17.502+0000] {logging_mixin.py:151} INFO - [2024-06-17T18:01:17.502+0000] {dag.py:3677} INFO - Setting next_dagrun for example_dynamic_task_mapping to 2022-03-04T00:00:00+00:00, run_after=2022-03-05T00:00:00+00:00
[2024-06-17T18:01:17.510+0000] {processor.py:179} INFO - Processing /home/airflow/.local/lib/python3.8/site-packages/airflow/example_dags/example_dynamic_task_mapping.py took 0.029 seconds
[2024-06-17T18:01:48.047+0000] {processor.py:157} INFO - Started process (PID=626) to work on /home/airflow/.local/lib/python3.8/site-packages/airflow/example_dags/example_dynamic_task_mapping.py
[2024-06-17T18:01:48.051+0000] {processor.py:829} INFO - Processing file /home/airflow/.local/lib/python3.8/site-packages/airflow/example_dags/example_dynamic_task_mapping.py for tasks to queue
[2024-06-17T18:01:48.053+0000] {logging_mixin.py:151} INFO - [2024-06-17T18:01:48.052+0000] {dagbag.py:539} INFO - Filling up the DagBag from /home/airflow/.local/lib/python3.8/site-packages/airflow/example_dags/example_dynamic_task_mapping.py
[2024-06-17T18:01:48.056+0000] {processor.py:839} INFO - DAG(s) dict_keys(['example_dynamic_task_mapping']) retrieved from /home/airflow/.local/lib/python3.8/site-packages/airflow/example_dags/example_dynamic_task_mapping.py
[2024-06-17T18:01:48.064+0000] {logging_mixin.py:151} INFO - [2024-06-17T18:01:48.064+0000] {dag.py:2907} INFO - Sync 1 DAGs
[2024-06-17T18:01:48.073+0000] {logging_mixin.py:151} INFO - [2024-06-17T18:01:48.073+0000] {dag.py:3677} INFO - Setting next_dagrun for example_dynamic_task_mapping to 2022-03-04T00:00:00+00:00, run_after=2022-03-05T00:00:00+00:00
[2024-06-17T18:01:48.080+0000] {processor.py:179} INFO - Processing /home/airflow/.local/lib/python3.8/site-packages/airflow/example_dags/example_dynamic_task_mapping.py took 0.035 seconds
[2024-06-17T18:02:18.579+0000] {processor.py:157} INFO - Started process (PID=681) to work on /home/airflow/.local/lib/python3.8/site-packages/airflow/example_dags/example_dynamic_task_mapping.py
[2024-06-17T18:02:18.580+0000] {processor.py:829} INFO - Processing file /home/airflow/.local/lib/python3.8/site-packages/airflow/example_dags/example_dynamic_task_mapping.py for tasks to queue
[2024-06-17T18:02:18.581+0000] {logging_mixin.py:151} INFO - [2024-06-17T18:02:18.581+0000] {dagbag.py:539} INFO - Filling up the DagBag from /home/airflow/.local/lib/python3.8/site-packages/airflow/example_dags/example_dynamic_task_mapping.py
[2024-06-17T18:02:18.584+0000] {processor.py:839} INFO - DAG(s) dict_keys(['example_dynamic_task_mapping']) retrieved from /home/airflow/.local/lib/python3.8/site-packages/airflow/example_dags/example_dynamic_task_mapping.py
[2024-06-17T18:02:18.592+0000] {logging_mixin.py:151} INFO - [2024-06-17T18:02:18.592+0000] {dag.py:2907} INFO - Sync 1 DAGs
[2024-06-17T18:02:18.600+0000] {logging_mixin.py:151} INFO - [2024-06-17T18:02:18.600+0000] {dag.py:3677} INFO - Setting next_dagrun for example_dynamic_task_mapping to 2022-03-04T00:00:00+00:00, run_after=2022-03-05T00:00:00+00:00
[2024-06-17T18:02:18.606+0000] {processor.py:179} INFO - Processing /home/airflow/.local/lib/python3.8/site-packages/airflow/example_dags/example_dynamic_task_mapping.py took 0.028 seconds
[2024-06-17T18:02:49.150+0000] {processor.py:157} INFO - Started process (PID=736) to work on /home/airflow/.local/lib/python3.8/site-packages/airflow/example_dags/example_dynamic_task_mapping.py
[2024-06-17T18:02:49.150+0000] {processor.py:829} INFO - Processing file /home/airflow/.local/lib/python3.8/site-packages/airflow/example_dags/example_dynamic_task_mapping.py for tasks to queue
[2024-06-17T18:02:49.151+0000] {logging_mixin.py:151} INFO - [2024-06-17T18:02:49.151+0000] {dagbag.py:539} INFO - Filling up the DagBag from /home/airflow/.local/lib/python3.8/site-packages/airflow/example_dags/example_dynamic_task_mapping.py
[2024-06-17T18:02:49.154+0000] {processor.py:839} INFO - DAG(s) dict_keys(['example_dynamic_task_mapping']) retrieved from /home/airflow/.local/lib/python3.8/site-packages/airflow/example_dags/example_dynamic_task_mapping.py
[2024-06-17T18:02:49.161+0000] {logging_mixin.py:151} INFO - [2024-06-17T18:02:49.161+0000] {dag.py:2907} INFO - Sync 1 DAGs
[2024-06-17T18:02:49.170+0000] {logging_mixin.py:151} INFO - [2024-06-17T18:02:49.170+0000] {dag.py:3677} INFO - Setting next_dagrun for example_dynamic_task_mapping to 2022-03-04T00:00:00+00:00, run_after=2022-03-05T00:00:00+00:00
[2024-06-17T18:02:49.176+0000] {processor.py:179} INFO - Processing /home/airflow/.local/lib/python3.8/site-packages/airflow/example_dags/example_dynamic_task_mapping.py took 0.028 seconds
[2024-06-17T18:03:19.616+0000] {processor.py:157} INFO - Started process (PID=791) to work on /home/airflow/.local/lib/python3.8/site-packages/airflow/example_dags/example_dynamic_task_mapping.py
[2024-06-17T18:03:19.617+0000] {processor.py:829} INFO - Processing file /home/airflow/.local/lib/python3.8/site-packages/airflow/example_dags/example_dynamic_task_mapping.py for tasks to queue
[2024-06-17T18:03:19.618+0000] {logging_mixin.py:151} INFO - [2024-06-17T18:03:19.618+0000] {dagbag.py:539} INFO - Filling up the DagBag from /home/airflow/.local/lib/python3.8/site-packages/airflow/example_dags/example_dynamic_task_mapping.py
[2024-06-17T18:03:19.621+0000] {processor.py:839} INFO - DAG(s) dict_keys(['example_dynamic_task_mapping']) retrieved from /home/airflow/.local/lib/python3.8/site-packages/airflow/example_dags/example_dynamic_task_mapping.py
[2024-06-17T18:03:19.628+0000] {logging_mixin.py:151} INFO - [2024-06-17T18:03:19.628+0000] {dag.py:2907} INFO - Sync 1 DAGs
[2024-06-17T18:03:19.636+0000] {logging_mixin.py:151} INFO - [2024-06-17T18:03:19.636+0000] {dag.py:3677} INFO - Setting next_dagrun for example_dynamic_task_mapping to 2022-03-04T00:00:00+00:00, run_after=2022-03-05T00:00:00+00:00
[2024-06-17T18:03:19.642+0000] {processor.py:179} INFO - Processing /home/airflow/.local/lib/python3.8/site-packages/airflow/example_dags/example_dynamic_task_mapping.py took 0.028 seconds
[2024-06-17T18:03:50.121+0000] {processor.py:157} INFO - Started process (PID=846) to work on /home/airflow/.local/lib/python3.8/site-packages/airflow/example_dags/example_dynamic_task_mapping.py
[2024-06-17T18:03:50.122+0000] {processor.py:829} INFO - Processing file /home/airflow/.local/lib/python3.8/site-packages/airflow/example_dags/example_dynamic_task_mapping.py for tasks to queue
[2024-06-17T18:03:50.123+0000] {logging_mixin.py:151} INFO - [2024-06-17T18:03:50.123+0000] {dagbag.py:539} INFO - Filling up the DagBag from /home/airflow/.local/lib/python3.8/site-packages/airflow/example_dags/example_dynamic_task_mapping.py
[2024-06-17T18:03:50.126+0000] {processor.py:839} INFO - DAG(s) dict_keys(['example_dynamic_task_mapping']) retrieved from /home/airflow/.local/lib/python3.8/site-packages/airflow/example_dags/example_dynamic_task_mapping.py
[2024-06-17T18:03:50.134+0000] {logging_mixin.py:151} INFO - [2024-06-17T18:03:50.134+0000] {dag.py:2907} INFO - Sync 1 DAGs
[2024-06-17T18:03:50.142+0000] {logging_mixin.py:151} INFO - [2024-06-17T18:03:50.142+0000] {dag.py:3677} INFO - Setting next_dagrun for example_dynamic_task_mapping to 2022-03-04T00:00:00+00:00, run_after=2022-03-05T00:00:00+00:00
[2024-06-17T18:03:50.149+0000] {processor.py:179} INFO - Processing /home/airflow/.local/lib/python3.8/site-packages/airflow/example_dags/example_dynamic_task_mapping.py took 0.029 seconds
[2024-06-17T18:04:20.674+0000] {processor.py:157} INFO - Started process (PID=901) to work on /home/airflow/.local/lib/python3.8/site-packages/airflow/example_dags/example_dynamic_task_mapping.py
[2024-06-17T18:04:20.675+0000] {processor.py:829} INFO - Processing file /home/airflow/.local/lib/python3.8/site-packages/airflow/example_dags/example_dynamic_task_mapping.py for tasks to queue
[2024-06-17T18:04:20.676+0000] {logging_mixin.py:151} INFO - [2024-06-17T18:04:20.676+0000] {dagbag.py:539} INFO - Filling up the DagBag from /home/airflow/.local/lib/python3.8/site-packages/airflow/example_dags/example_dynamic_task_mapping.py
[2024-06-17T18:04:20.679+0000] {processor.py:839} INFO - DAG(s) dict_keys(['example_dynamic_task_mapping']) retrieved from /home/airflow/.local/lib/python3.8/site-packages/airflow/example_dags/example_dynamic_task_mapping.py
[2024-06-17T18:04:20.687+0000] {logging_mixin.py:151} INFO - [2024-06-17T18:04:20.687+0000] {dag.py:2907} INFO - Sync 1 DAGs
[2024-06-17T18:04:20.696+0000] {logging_mixin.py:151} INFO - [2024-06-17T18:04:20.696+0000] {dag.py:3677} INFO - Setting next_dagrun for example_dynamic_task_mapping to 2022-03-04T00:00:00+00:00, run_after=2022-03-05T00:00:00+00:00
[2024-06-17T18:04:20.702+0000] {processor.py:179} INFO - Processing /home/airflow/.local/lib/python3.8/site-packages/airflow/example_dags/example_dynamic_task_mapping.py took 0.030 seconds
[2024-06-17T18:04:45.109+0000] {processor.py:157} INFO - Started process (PID=75) to work on /home/airflow/.local/lib/python3.8/site-packages/airflow/example_dags/example_dynamic_task_mapping.py
[2024-06-17T18:04:45.110+0000] {processor.py:829} INFO - Processing file /home/airflow/.local/lib/python3.8/site-packages/airflow/example_dags/example_dynamic_task_mapping.py for tasks to queue
[2024-06-17T18:04:45.111+0000] {logging_mixin.py:151} INFO - [2024-06-17T18:04:45.111+0000] {dagbag.py:539} INFO - Filling up the DagBag from /home/airflow/.local/lib/python3.8/site-packages/airflow/example_dags/example_dynamic_task_mapping.py
[2024-06-17T18:04:45.115+0000] {processor.py:839} INFO - DAG(s) dict_keys(['example_dynamic_task_mapping']) retrieved from /home/airflow/.local/lib/python3.8/site-packages/airflow/example_dags/example_dynamic_task_mapping.py
[2024-06-17T18:04:45.121+0000] {logging_mixin.py:151} INFO - [2024-06-17T18:04:45.121+0000] {dag.py:2907} INFO - Sync 1 DAGs
[2024-06-17T18:04:45.229+0000] {logging_mixin.py:151} INFO - [2024-06-17T18:04:45.229+0000] {dag.py:3677} INFO - Setting next_dagrun for example_dynamic_task_mapping to 2022-03-04T00:00:00+00:00, run_after=2022-03-05T00:00:00+00:00
[2024-06-17T18:04:45.238+0000] {processor.py:179} INFO - Processing /home/airflow/.local/lib/python3.8/site-packages/airflow/example_dags/example_dynamic_task_mapping.py took 0.130 seconds
[2024-06-17T18:05:16.006+0000] {processor.py:157} INFO - Started process (PID=130) to work on /home/airflow/.local/lib/python3.8/site-packages/airflow/example_dags/example_dynamic_task_mapping.py
[2024-06-17T18:05:16.006+0000] {processor.py:829} INFO - Processing file /home/airflow/.local/lib/python3.8/site-packages/airflow/example_dags/example_dynamic_task_mapping.py for tasks to queue
[2024-06-17T18:05:16.007+0000] {logging_mixin.py:151} INFO - [2024-06-17T18:05:16.007+0000] {dagbag.py:539} INFO - Filling up the DagBag from /home/airflow/.local/lib/python3.8/site-packages/airflow/example_dags/example_dynamic_task_mapping.py
[2024-06-17T18:05:16.010+0000] {processor.py:839} INFO - DAG(s) dict_keys(['example_dynamic_task_mapping']) retrieved from /home/airflow/.local/lib/python3.8/site-packages/airflow/example_dags/example_dynamic_task_mapping.py
[2024-06-17T18:05:16.019+0000] {logging_mixin.py:151} INFO - [2024-06-17T18:05:16.019+0000] {dag.py:2907} INFO - Sync 1 DAGs
[2024-06-17T18:05:16.027+0000] {logging_mixin.py:151} INFO - [2024-06-17T18:05:16.027+0000] {dag.py:3677} INFO - Setting next_dagrun for example_dynamic_task_mapping to 2022-03-04T00:00:00+00:00, run_after=2022-03-05T00:00:00+00:00
[2024-06-17T18:05:16.034+0000] {processor.py:179} INFO - Processing /home/airflow/.local/lib/python3.8/site-packages/airflow/example_dags/example_dynamic_task_mapping.py took 0.030 seconds
[2024-06-17T18:05:46.685+0000] {processor.py:157} INFO - Started process (PID=185) to work on /home/airflow/.local/lib/python3.8/site-packages/airflow/example_dags/example_dynamic_task_mapping.py
[2024-06-17T18:05:46.685+0000] {processor.py:829} INFO - Processing file /home/airflow/.local/lib/python3.8/site-packages/airflow/example_dags/example_dynamic_task_mapping.py for tasks to queue
[2024-06-17T18:05:46.686+0000] {logging_mixin.py:151} INFO - [2024-06-17T18:05:46.686+0000] {dagbag.py:539} INFO - Filling up the DagBag from /home/airflow/.local/lib/python3.8/site-packages/airflow/example_dags/example_dynamic_task_mapping.py
[2024-06-17T18:05:46.689+0000] {processor.py:839} INFO - DAG(s) dict_keys(['example_dynamic_task_mapping']) retrieved from /home/airflow/.local/lib/python3.8/site-packages/airflow/example_dags/example_dynamic_task_mapping.py
[2024-06-17T18:05:46.698+0000] {logging_mixin.py:151} INFO - [2024-06-17T18:05:46.698+0000] {dag.py:2907} INFO - Sync 1 DAGs
[2024-06-17T18:05:46.707+0000] {logging_mixin.py:151} INFO - [2024-06-17T18:05:46.707+0000] {dag.py:3677} INFO - Setting next_dagrun for example_dynamic_task_mapping to 2022-03-04T00:00:00+00:00, run_after=2022-03-05T00:00:00+00:00
[2024-06-17T18:05:46.714+0000] {processor.py:179} INFO - Processing /home/airflow/.local/lib/python3.8/site-packages/airflow/example_dags/example_dynamic_task_mapping.py took 0.031 seconds
[2024-06-17T18:06:17.296+0000] {processor.py:157} INFO - Started process (PID=240) to work on /home/airflow/.local/lib/python3.8/site-packages/airflow/example_dags/example_dynamic_task_mapping.py
[2024-06-17T18:06:17.297+0000] {processor.py:829} INFO - Processing file /home/airflow/.local/lib/python3.8/site-packages/airflow/example_dags/example_dynamic_task_mapping.py for tasks to queue
[2024-06-17T18:06:17.298+0000] {logging_mixin.py:151} INFO - [2024-06-17T18:06:17.298+0000] {dagbag.py:539} INFO - Filling up the DagBag from /home/airflow/.local/lib/python3.8/site-packages/airflow/example_dags/example_dynamic_task_mapping.py
[2024-06-17T18:06:17.301+0000] {processor.py:839} INFO - DAG(s) dict_keys(['example_dynamic_task_mapping']) retrieved from /home/airflow/.local/lib/python3.8/site-packages/airflow/example_dags/example_dynamic_task_mapping.py
[2024-06-17T18:06:17.310+0000] {logging_mixin.py:151} INFO - [2024-06-17T18:06:17.310+0000] {dag.py:2907} INFO - Sync 1 DAGs
[2024-06-17T18:06:17.319+0000] {logging_mixin.py:151} INFO - [2024-06-17T18:06:17.319+0000] {dag.py:3677} INFO - Setting next_dagrun for example_dynamic_task_mapping to 2022-03-04T00:00:00+00:00, run_after=2022-03-05T00:00:00+00:00
[2024-06-17T18:06:17.326+0000] {processor.py:179} INFO - Processing /home/airflow/.local/lib/python3.8/site-packages/airflow/example_dags/example_dynamic_task_mapping.py took 0.031 seconds
[2024-06-17T18:06:47.798+0000] {processor.py:157} INFO - Started process (PID=295) to work on /home/airflow/.local/lib/python3.8/site-packages/airflow/example_dags/example_dynamic_task_mapping.py
[2024-06-17T18:06:47.799+0000] {processor.py:829} INFO - Processing file /home/airflow/.local/lib/python3.8/site-packages/airflow/example_dags/example_dynamic_task_mapping.py for tasks to queue
[2024-06-17T18:06:47.800+0000] {logging_mixin.py:151} INFO - [2024-06-17T18:06:47.800+0000] {dagbag.py:539} INFO - Filling up the DagBag from /home/airflow/.local/lib/python3.8/site-packages/airflow/example_dags/example_dynamic_task_mapping.py
[2024-06-17T18:06:47.803+0000] {processor.py:839} INFO - DAG(s) dict_keys(['example_dynamic_task_mapping']) retrieved from /home/airflow/.local/lib/python3.8/site-packages/airflow/example_dags/example_dynamic_task_mapping.py
[2024-06-17T18:06:47.811+0000] {logging_mixin.py:151} INFO - [2024-06-17T18:06:47.811+0000] {dag.py:2907} INFO - Sync 1 DAGs
[2024-06-17T18:06:47.820+0000] {logging_mixin.py:151} INFO - [2024-06-17T18:06:47.820+0000] {dag.py:3677} INFO - Setting next_dagrun for example_dynamic_task_mapping to 2022-03-04T00:00:00+00:00, run_after=2022-03-05T00:00:00+00:00
[2024-06-17T18:06:47.827+0000] {processor.py:179} INFO - Processing /home/airflow/.local/lib/python3.8/site-packages/airflow/example_dags/example_dynamic_task_mapping.py took 0.031 seconds
[2024-06-17T18:07:18.188+0000] {processor.py:157} INFO - Started process (PID=350) to work on /home/airflow/.local/lib/python3.8/site-packages/airflow/example_dags/example_dynamic_task_mapping.py
[2024-06-17T18:07:18.188+0000] {processor.py:829} INFO - Processing file /home/airflow/.local/lib/python3.8/site-packages/airflow/example_dags/example_dynamic_task_mapping.py for tasks to queue
[2024-06-17T18:07:18.190+0000] {logging_mixin.py:151} INFO - [2024-06-17T18:07:18.189+0000] {dagbag.py:539} INFO - Filling up the DagBag from /home/airflow/.local/lib/python3.8/site-packages/airflow/example_dags/example_dynamic_task_mapping.py
[2024-06-17T18:07:18.192+0000] {processor.py:839} INFO - DAG(s) dict_keys(['example_dynamic_task_mapping']) retrieved from /home/airflow/.local/lib/python3.8/site-packages/airflow/example_dags/example_dynamic_task_mapping.py
[2024-06-17T18:07:18.201+0000] {logging_mixin.py:151} INFO - [2024-06-17T18:07:18.201+0000] {dag.py:2907} INFO - Sync 1 DAGs
[2024-06-17T18:07:18.210+0000] {logging_mixin.py:151} INFO - [2024-06-17T18:07:18.209+0000] {dag.py:3677} INFO - Setting next_dagrun for example_dynamic_task_mapping to 2022-03-04T00:00:00+00:00, run_after=2022-03-05T00:00:00+00:00
[2024-06-17T18:07:18.216+0000] {processor.py:179} INFO - Processing /home/airflow/.local/lib/python3.8/site-packages/airflow/example_dags/example_dynamic_task_mapping.py took 0.030 seconds
