[2024-06-17T17:56:42.749+0000] {processor.py:157} INFO - Started process (PID=70) to work on /home/airflow/.local/lib/python3.8/site-packages/airflow/example_dags/example_branch_datetime_operator.py
[2024-06-17T17:56:42.750+0000] {processor.py:829} INFO - Processing file /home/airflow/.local/lib/python3.8/site-packages/airflow/example_dags/example_branch_datetime_operator.py for tasks to queue
[2024-06-17T17:56:42.751+0000] {logging_mixin.py:151} INFO - [2024-06-17T17:56:42.751+0000] {dagbag.py:539} INFO - Filling up the DagBag from /home/airflow/.local/lib/python3.8/site-packages/airflow/example_dags/example_branch_datetime_operator.py
[2024-06-17T17:56:42.756+0000] {processor.py:839} INFO - DAG(s) dict_keys(['example_branch_datetime_operator_2', 'example_branch_datetime_operator_3', 'example_branch_datetime_operator']) retrieved from /home/airflow/.local/lib/python3.8/site-packages/airflow/example_dags/example_branch_datetime_operator.py
[2024-06-17T17:56:42.797+0000] {logging_mixin.py:151} INFO - [2024-06-17T17:56:42.796+0000] {manager.py:501} INFO - Created Permission View: can delete on DAG:example_branch_datetime_operator_2
[2024-06-17T17:56:42.800+0000] {logging_mixin.py:151} INFO - [2024-06-17T17:56:42.800+0000] {manager.py:501} INFO - Created Permission View: can read on DAG:example_branch_datetime_operator_2
[2024-06-17T17:56:42.802+0000] {logging_mixin.py:151} INFO - [2024-06-17T17:56:42.802+0000] {manager.py:501} INFO - Created Permission View: can edit on DAG:example_branch_datetime_operator_2
[2024-06-17T17:56:42.811+0000] {logging_mixin.py:151} INFO - [2024-06-17T17:56:42.811+0000] {manager.py:501} INFO - Created Permission View: can delete on DAG:example_branch_datetime_operator_3
[2024-06-17T17:56:42.813+0000] {logging_mixin.py:151} INFO - [2024-06-17T17:56:42.813+0000] {manager.py:501} INFO - Created Permission View: can read on DAG:example_branch_datetime_operator_3
[2024-06-17T17:56:42.815+0000] {logging_mixin.py:151} INFO - [2024-06-17T17:56:42.815+0000] {manager.py:501} INFO - Created Permission View: can edit on DAG:example_branch_datetime_operator_3
[2024-06-17T17:56:42.821+0000] {logging_mixin.py:151} INFO - [2024-06-17T17:56:42.821+0000] {manager.py:501} INFO - Created Permission View: can delete on DAG:example_branch_datetime_operator
[2024-06-17T17:56:42.823+0000] {logging_mixin.py:151} INFO - [2024-06-17T17:56:42.823+0000] {manager.py:501} INFO - Created Permission View: can read on DAG:example_branch_datetime_operator
[2024-06-17T17:56:42.825+0000] {logging_mixin.py:151} INFO - [2024-06-17T17:56:42.825+0000] {manager.py:501} INFO - Created Permission View: can edit on DAG:example_branch_datetime_operator
[2024-06-17T17:56:42.828+0000] {logging_mixin.py:151} INFO - [2024-06-17T17:56:42.828+0000] {dag.py:2907} INFO - Sync 3 DAGs
[2024-06-17T17:56:42.832+0000] {logging_mixin.py:151} INFO - [2024-06-17T17:56:42.832+0000] {dag.py:2929} INFO - Creating ORM DAG for example_branch_datetime_operator_3
[2024-06-17T17:56:42.832+0000] {logging_mixin.py:151} INFO - [2024-06-17T17:56:42.832+0000] {dag.py:2929} INFO - Creating ORM DAG for example_branch_datetime_operator
[2024-06-17T17:56:42.833+0000] {logging_mixin.py:151} INFO - [2024-06-17T17:56:42.833+0000] {dag.py:2929} INFO - Creating ORM DAG for example_branch_datetime_operator_2
[2024-06-17T17:56:42.838+0000] {logging_mixin.py:151} INFO - [2024-06-17T17:56:42.837+0000] {dag.py:3677} INFO - Setting next_dagrun for example_branch_datetime_operator to 2024-06-16T00:00:00+00:00, run_after=2024-06-17T00:00:00+00:00
[2024-06-17T17:56:42.838+0000] {logging_mixin.py:151} INFO - [2024-06-17T17:56:42.838+0000] {dag.py:3677} INFO - Setting next_dagrun for example_branch_datetime_operator_2 to 2024-06-16T00:00:00+00:00, run_after=2024-06-17T00:00:00+00:00
[2024-06-17T17:56:42.839+0000] {logging_mixin.py:151} INFO - [2024-06-17T17:56:42.839+0000] {dag.py:3677} INFO - Setting next_dagrun for example_branch_datetime_operator_3 to 2024-06-16T00:00:00+00:00, run_after=2024-06-17T00:00:00+00:00
[2024-06-17T17:56:42.846+0000] {processor.py:179} INFO - Processing /home/airflow/.local/lib/python3.8/site-packages/airflow/example_dags/example_branch_datetime_operator.py took 0.098 seconds
[2024-06-17T17:57:13.002+0000] {processor.py:157} INFO - Started process (PID=125) to work on /home/airflow/.local/lib/python3.8/site-packages/airflow/example_dags/example_branch_datetime_operator.py
[2024-06-17T17:57:13.002+0000] {processor.py:829} INFO - Processing file /home/airflow/.local/lib/python3.8/site-packages/airflow/example_dags/example_branch_datetime_operator.py for tasks to queue
[2024-06-17T17:57:13.003+0000] {logging_mixin.py:151} INFO - [2024-06-17T17:57:13.003+0000] {dagbag.py:539} INFO - Filling up the DagBag from /home/airflow/.local/lib/python3.8/site-packages/airflow/example_dags/example_branch_datetime_operator.py
[2024-06-17T17:57:13.008+0000] {processor.py:839} INFO - DAG(s) dict_keys(['example_branch_datetime_operator_2', 'example_branch_datetime_operator', 'example_branch_datetime_operator_3']) retrieved from /home/airflow/.local/lib/python3.8/site-packages/airflow/example_dags/example_branch_datetime_operator.py
[2024-06-17T17:57:13.019+0000] {logging_mixin.py:151} INFO - [2024-06-17T17:57:13.019+0000] {dag.py:2907} INFO - Sync 3 DAGs
[2024-06-17T17:57:13.029+0000] {logging_mixin.py:151} INFO - [2024-06-17T17:57:13.029+0000] {dag.py:3677} INFO - Setting next_dagrun for example_branch_datetime_operator to 2024-06-16T00:00:00+00:00, run_after=2024-06-17T00:00:00+00:00
[2024-06-17T17:57:13.031+0000] {logging_mixin.py:151} INFO - [2024-06-17T17:57:13.031+0000] {dag.py:3677} INFO - Setting next_dagrun for example_branch_datetime_operator_2 to 2024-06-16T00:00:00+00:00, run_after=2024-06-17T00:00:00+00:00
[2024-06-17T17:57:13.032+0000] {logging_mixin.py:151} INFO - [2024-06-17T17:57:13.032+0000] {dag.py:3677} INFO - Setting next_dagrun for example_branch_datetime_operator_3 to 2024-06-16T00:00:00+00:00, run_after=2024-06-17T00:00:00+00:00
[2024-06-17T17:57:13.039+0000] {processor.py:179} INFO - Processing /home/airflow/.local/lib/python3.8/site-packages/airflow/example_dags/example_branch_datetime_operator.py took 0.038 seconds
[2024-06-17T17:57:43.579+0000] {processor.py:157} INFO - Started process (PID=180) to work on /home/airflow/.local/lib/python3.8/site-packages/airflow/example_dags/example_branch_datetime_operator.py
[2024-06-17T17:57:43.579+0000] {processor.py:829} INFO - Processing file /home/airflow/.local/lib/python3.8/site-packages/airflow/example_dags/example_branch_datetime_operator.py for tasks to queue
[2024-06-17T17:57:43.580+0000] {logging_mixin.py:151} INFO - [2024-06-17T17:57:43.580+0000] {dagbag.py:539} INFO - Filling up the DagBag from /home/airflow/.local/lib/python3.8/site-packages/airflow/example_dags/example_branch_datetime_operator.py
[2024-06-17T17:57:43.585+0000] {processor.py:839} INFO - DAG(s) dict_keys(['example_branch_datetime_operator_3', 'example_branch_datetime_operator', 'example_branch_datetime_operator_2']) retrieved from /home/airflow/.local/lib/python3.8/site-packages/airflow/example_dags/example_branch_datetime_operator.py
[2024-06-17T17:57:43.597+0000] {logging_mixin.py:151} INFO - [2024-06-17T17:57:43.597+0000] {dag.py:2907} INFO - Sync 3 DAGs
[2024-06-17T17:57:43.606+0000] {logging_mixin.py:151} INFO - [2024-06-17T17:57:43.606+0000] {dag.py:3677} INFO - Setting next_dagrun for example_branch_datetime_operator to 2024-06-16T00:00:00+00:00, run_after=2024-06-17T00:00:00+00:00
[2024-06-17T17:57:43.608+0000] {logging_mixin.py:151} INFO - [2024-06-17T17:57:43.608+0000] {dag.py:3677} INFO - Setting next_dagrun for example_branch_datetime_operator_2 to 2024-06-16T00:00:00+00:00, run_after=2024-06-17T00:00:00+00:00
[2024-06-17T17:57:43.609+0000] {logging_mixin.py:151} INFO - [2024-06-17T17:57:43.609+0000] {dag.py:3677} INFO - Setting next_dagrun for example_branch_datetime_operator_3 to 2024-06-16T00:00:00+00:00, run_after=2024-06-17T00:00:00+00:00
[2024-06-17T17:57:43.615+0000] {processor.py:179} INFO - Processing /home/airflow/.local/lib/python3.8/site-packages/airflow/example_dags/example_branch_datetime_operator.py took 0.038 seconds
[2024-06-17T17:58:14.138+0000] {processor.py:157} INFO - Started process (PID=235) to work on /home/airflow/.local/lib/python3.8/site-packages/airflow/example_dags/example_branch_datetime_operator.py
[2024-06-17T17:58:14.138+0000] {processor.py:829} INFO - Processing file /home/airflow/.local/lib/python3.8/site-packages/airflow/example_dags/example_branch_datetime_operator.py for tasks to queue
[2024-06-17T17:58:14.139+0000] {logging_mixin.py:151} INFO - [2024-06-17T17:58:14.139+0000] {dagbag.py:539} INFO - Filling up the DagBag from /home/airflow/.local/lib/python3.8/site-packages/airflow/example_dags/example_branch_datetime_operator.py
[2024-06-17T17:58:14.143+0000] {processor.py:839} INFO - DAG(s) dict_keys(['example_branch_datetime_operator_3', 'example_branch_datetime_operator_2', 'example_branch_datetime_operator']) retrieved from /home/airflow/.local/lib/python3.8/site-packages/airflow/example_dags/example_branch_datetime_operator.py
[2024-06-17T17:58:14.155+0000] {logging_mixin.py:151} INFO - [2024-06-17T17:58:14.155+0000] {dag.py:2907} INFO - Sync 3 DAGs
[2024-06-17T17:58:14.164+0000] {logging_mixin.py:151} INFO - [2024-06-17T17:58:14.164+0000] {dag.py:3677} INFO - Setting next_dagrun for example_branch_datetime_operator to 2024-06-16T00:00:00+00:00, run_after=2024-06-17T00:00:00+00:00
[2024-06-17T17:58:14.166+0000] {logging_mixin.py:151} INFO - [2024-06-17T17:58:14.166+0000] {dag.py:3677} INFO - Setting next_dagrun for example_branch_datetime_operator_2 to 2024-06-16T00:00:00+00:00, run_after=2024-06-17T00:00:00+00:00
[2024-06-17T17:58:14.167+0000] {logging_mixin.py:151} INFO - [2024-06-17T17:58:14.167+0000] {dag.py:3677} INFO - Setting next_dagrun for example_branch_datetime_operator_3 to 2024-06-16T00:00:00+00:00, run_after=2024-06-17T00:00:00+00:00
[2024-06-17T17:58:14.174+0000] {processor.py:179} INFO - Processing /home/airflow/.local/lib/python3.8/site-packages/airflow/example_dags/example_branch_datetime_operator.py took 0.038 seconds
[2024-06-17T17:58:44.658+0000] {processor.py:157} INFO - Started process (PID=290) to work on /home/airflow/.local/lib/python3.8/site-packages/airflow/example_dags/example_branch_datetime_operator.py
[2024-06-17T17:58:44.659+0000] {processor.py:829} INFO - Processing file /home/airflow/.local/lib/python3.8/site-packages/airflow/example_dags/example_branch_datetime_operator.py for tasks to queue
[2024-06-17T17:58:44.660+0000] {logging_mixin.py:151} INFO - [2024-06-17T17:58:44.660+0000] {dagbag.py:539} INFO - Filling up the DagBag from /home/airflow/.local/lib/python3.8/site-packages/airflow/example_dags/example_branch_datetime_operator.py
[2024-06-17T17:58:44.664+0000] {processor.py:839} INFO - DAG(s) dict_keys(['example_branch_datetime_operator_2', 'example_branch_datetime_operator_3', 'example_branch_datetime_operator']) retrieved from /home/airflow/.local/lib/python3.8/site-packages/airflow/example_dags/example_branch_datetime_operator.py
[2024-06-17T17:58:44.676+0000] {logging_mixin.py:151} INFO - [2024-06-17T17:58:44.676+0000] {dag.py:2907} INFO - Sync 3 DAGs
[2024-06-17T17:58:44.685+0000] {logging_mixin.py:151} INFO - [2024-06-17T17:58:44.685+0000] {dag.py:3677} INFO - Setting next_dagrun for example_branch_datetime_operator to 2024-06-16T00:00:00+00:00, run_after=2024-06-17T00:00:00+00:00
[2024-06-17T17:58:44.687+0000] {logging_mixin.py:151} INFO - [2024-06-17T17:58:44.687+0000] {dag.py:3677} INFO - Setting next_dagrun for example_branch_datetime_operator_2 to 2024-06-16T00:00:00+00:00, run_after=2024-06-17T00:00:00+00:00
[2024-06-17T17:58:44.688+0000] {logging_mixin.py:151} INFO - [2024-06-17T17:58:44.688+0000] {dag.py:3677} INFO - Setting next_dagrun for example_branch_datetime_operator_3 to 2024-06-16T00:00:00+00:00, run_after=2024-06-17T00:00:00+00:00
[2024-06-17T17:58:44.694+0000] {processor.py:179} INFO - Processing /home/airflow/.local/lib/python3.8/site-packages/airflow/example_dags/example_branch_datetime_operator.py took 0.037 seconds
[2024-06-17T17:59:15.183+0000] {processor.py:157} INFO - Started process (PID=345) to work on /home/airflow/.local/lib/python3.8/site-packages/airflow/example_dags/example_branch_datetime_operator.py
[2024-06-17T17:59:15.184+0000] {processor.py:829} INFO - Processing file /home/airflow/.local/lib/python3.8/site-packages/airflow/example_dags/example_branch_datetime_operator.py for tasks to queue
[2024-06-17T17:59:15.185+0000] {logging_mixin.py:151} INFO - [2024-06-17T17:59:15.184+0000] {dagbag.py:539} INFO - Filling up the DagBag from /home/airflow/.local/lib/python3.8/site-packages/airflow/example_dags/example_branch_datetime_operator.py
[2024-06-17T17:59:15.189+0000] {processor.py:839} INFO - DAG(s) dict_keys(['example_branch_datetime_operator_3', 'example_branch_datetime_operator', 'example_branch_datetime_operator_2']) retrieved from /home/airflow/.local/lib/python3.8/site-packages/airflow/example_dags/example_branch_datetime_operator.py
[2024-06-17T17:59:15.201+0000] {logging_mixin.py:151} INFO - [2024-06-17T17:59:15.201+0000] {dag.py:2907} INFO - Sync 3 DAGs
[2024-06-17T17:59:15.211+0000] {logging_mixin.py:151} INFO - [2024-06-17T17:59:15.211+0000] {dag.py:3677} INFO - Setting next_dagrun for example_branch_datetime_operator to 2024-06-16T00:00:00+00:00, run_after=2024-06-17T00:00:00+00:00
[2024-06-17T17:59:15.213+0000] {logging_mixin.py:151} INFO - [2024-06-17T17:59:15.213+0000] {dag.py:3677} INFO - Setting next_dagrun for example_branch_datetime_operator_2 to 2024-06-16T00:00:00+00:00, run_after=2024-06-17T00:00:00+00:00
[2024-06-17T17:59:15.214+0000] {logging_mixin.py:151} INFO - [2024-06-17T17:59:15.214+0000] {dag.py:3677} INFO - Setting next_dagrun for example_branch_datetime_operator_3 to 2024-06-16T00:00:00+00:00, run_after=2024-06-17T00:00:00+00:00
[2024-06-17T17:59:15.220+0000] {processor.py:179} INFO - Processing /home/airflow/.local/lib/python3.8/site-packages/airflow/example_dags/example_branch_datetime_operator.py took 0.039 seconds
[2024-06-17T17:59:45.699+0000] {processor.py:157} INFO - Started process (PID=400) to work on /home/airflow/.local/lib/python3.8/site-packages/airflow/example_dags/example_branch_datetime_operator.py
[2024-06-17T17:59:45.699+0000] {processor.py:829} INFO - Processing file /home/airflow/.local/lib/python3.8/site-packages/airflow/example_dags/example_branch_datetime_operator.py for tasks to queue
[2024-06-17T17:59:45.700+0000] {logging_mixin.py:151} INFO - [2024-06-17T17:59:45.700+0000] {dagbag.py:539} INFO - Filling up the DagBag from /home/airflow/.local/lib/python3.8/site-packages/airflow/example_dags/example_branch_datetime_operator.py
[2024-06-17T17:59:45.704+0000] {processor.py:839} INFO - DAG(s) dict_keys(['example_branch_datetime_operator_3', 'example_branch_datetime_operator', 'example_branch_datetime_operator_2']) retrieved from /home/airflow/.local/lib/python3.8/site-packages/airflow/example_dags/example_branch_datetime_operator.py
[2024-06-17T17:59:45.715+0000] {logging_mixin.py:151} INFO - [2024-06-17T17:59:45.715+0000] {dag.py:2907} INFO - Sync 3 DAGs
[2024-06-17T17:59:45.724+0000] {logging_mixin.py:151} INFO - [2024-06-17T17:59:45.723+0000] {dag.py:3677} INFO - Setting next_dagrun for example_branch_datetime_operator to 2024-06-16T00:00:00+00:00, run_after=2024-06-17T00:00:00+00:00
[2024-06-17T17:59:45.725+0000] {logging_mixin.py:151} INFO - [2024-06-17T17:59:45.725+0000] {dag.py:3677} INFO - Setting next_dagrun for example_branch_datetime_operator_2 to 2024-06-16T00:00:00+00:00, run_after=2024-06-17T00:00:00+00:00
[2024-06-17T17:59:45.726+0000] {logging_mixin.py:151} INFO - [2024-06-17T17:59:45.726+0000] {dag.py:3677} INFO - Setting next_dagrun for example_branch_datetime_operator_3 to 2024-06-16T00:00:00+00:00, run_after=2024-06-17T00:00:00+00:00
[2024-06-17T17:59:45.732+0000] {processor.py:179} INFO - Processing /home/airflow/.local/lib/python3.8/site-packages/airflow/example_dags/example_branch_datetime_operator.py took 0.035 seconds
[2024-06-17T18:00:16.227+0000] {processor.py:157} INFO - Started process (PID=455) to work on /home/airflow/.local/lib/python3.8/site-packages/airflow/example_dags/example_branch_datetime_operator.py
[2024-06-17T18:00:16.227+0000] {processor.py:829} INFO - Processing file /home/airflow/.local/lib/python3.8/site-packages/airflow/example_dags/example_branch_datetime_operator.py for tasks to queue
[2024-06-17T18:00:16.228+0000] {logging_mixin.py:151} INFO - [2024-06-17T18:00:16.228+0000] {dagbag.py:539} INFO - Filling up the DagBag from /home/airflow/.local/lib/python3.8/site-packages/airflow/example_dags/example_branch_datetime_operator.py
[2024-06-17T18:00:16.233+0000] {processor.py:839} INFO - DAG(s) dict_keys(['example_branch_datetime_operator', 'example_branch_datetime_operator_3', 'example_branch_datetime_operator_2']) retrieved from /home/airflow/.local/lib/python3.8/site-packages/airflow/example_dags/example_branch_datetime_operator.py
[2024-06-17T18:00:16.244+0000] {logging_mixin.py:151} INFO - [2024-06-17T18:00:16.244+0000] {dag.py:2907} INFO - Sync 3 DAGs
[2024-06-17T18:00:16.254+0000] {logging_mixin.py:151} INFO - [2024-06-17T18:00:16.254+0000] {dag.py:3677} INFO - Setting next_dagrun for example_branch_datetime_operator to 2024-06-16T00:00:00+00:00, run_after=2024-06-17T00:00:00+00:00
[2024-06-17T18:00:16.256+0000] {logging_mixin.py:151} INFO - [2024-06-17T18:00:16.256+0000] {dag.py:3677} INFO - Setting next_dagrun for example_branch_datetime_operator_2 to 2024-06-16T00:00:00+00:00, run_after=2024-06-17T00:00:00+00:00
[2024-06-17T18:00:16.257+0000] {logging_mixin.py:151} INFO - [2024-06-17T18:00:16.257+0000] {dag.py:3677} INFO - Setting next_dagrun for example_branch_datetime_operator_3 to 2024-06-16T00:00:00+00:00, run_after=2024-06-17T00:00:00+00:00
[2024-06-17T18:00:16.263+0000] {processor.py:179} INFO - Processing /home/airflow/.local/lib/python3.8/site-packages/airflow/example_dags/example_branch_datetime_operator.py took 0.038 seconds
[2024-06-17T18:00:46.732+0000] {processor.py:157} INFO - Started process (PID=510) to work on /home/airflow/.local/lib/python3.8/site-packages/airflow/example_dags/example_branch_datetime_operator.py
[2024-06-17T18:00:46.732+0000] {processor.py:829} INFO - Processing file /home/airflow/.local/lib/python3.8/site-packages/airflow/example_dags/example_branch_datetime_operator.py for tasks to queue
[2024-06-17T18:00:46.733+0000] {logging_mixin.py:151} INFO - [2024-06-17T18:00:46.733+0000] {dagbag.py:539} INFO - Filling up the DagBag from /home/airflow/.local/lib/python3.8/site-packages/airflow/example_dags/example_branch_datetime_operator.py
[2024-06-17T18:00:46.738+0000] {processor.py:839} INFO - DAG(s) dict_keys(['example_branch_datetime_operator_3', 'example_branch_datetime_operator', 'example_branch_datetime_operator_2']) retrieved from /home/airflow/.local/lib/python3.8/site-packages/airflow/example_dags/example_branch_datetime_operator.py
[2024-06-17T18:00:46.750+0000] {logging_mixin.py:151} INFO - [2024-06-17T18:00:46.750+0000] {dag.py:2907} INFO - Sync 3 DAGs
[2024-06-17T18:00:46.761+0000] {logging_mixin.py:151} INFO - [2024-06-17T18:00:46.761+0000] {dag.py:3677} INFO - Setting next_dagrun for example_branch_datetime_operator to 2024-06-16T00:00:00+00:00, run_after=2024-06-17T00:00:00+00:00
[2024-06-17T18:00:46.763+0000] {logging_mixin.py:151} INFO - [2024-06-17T18:00:46.763+0000] {dag.py:3677} INFO - Setting next_dagrun for example_branch_datetime_operator_2 to 2024-06-16T00:00:00+00:00, run_after=2024-06-17T00:00:00+00:00
[2024-06-17T18:00:46.764+0000] {logging_mixin.py:151} INFO - [2024-06-17T18:00:46.764+0000] {dag.py:3677} INFO - Setting next_dagrun for example_branch_datetime_operator_3 to 2024-06-16T00:00:00+00:00, run_after=2024-06-17T00:00:00+00:00
[2024-06-17T18:00:46.770+0000] {processor.py:179} INFO - Processing /home/airflow/.local/lib/python3.8/site-packages/airflow/example_dags/example_branch_datetime_operator.py took 0.040 seconds
[2024-06-17T18:01:17.333+0000] {processor.py:157} INFO - Started process (PID=565) to work on /home/airflow/.local/lib/python3.8/site-packages/airflow/example_dags/example_branch_datetime_operator.py
[2024-06-17T18:01:17.333+0000] {processor.py:829} INFO - Processing file /home/airflow/.local/lib/python3.8/site-packages/airflow/example_dags/example_branch_datetime_operator.py for tasks to queue
[2024-06-17T18:01:17.334+0000] {logging_mixin.py:151} INFO - [2024-06-17T18:01:17.334+0000] {dagbag.py:539} INFO - Filling up the DagBag from /home/airflow/.local/lib/python3.8/site-packages/airflow/example_dags/example_branch_datetime_operator.py
[2024-06-17T18:01:17.339+0000] {processor.py:839} INFO - DAG(s) dict_keys(['example_branch_datetime_operator_2', 'example_branch_datetime_operator', 'example_branch_datetime_operator_3']) retrieved from /home/airflow/.local/lib/python3.8/site-packages/airflow/example_dags/example_branch_datetime_operator.py
[2024-06-17T18:01:17.352+0000] {logging_mixin.py:151} INFO - [2024-06-17T18:01:17.352+0000] {dag.py:2907} INFO - Sync 3 DAGs
[2024-06-17T18:01:17.363+0000] {logging_mixin.py:151} INFO - [2024-06-17T18:01:17.362+0000] {dag.py:3677} INFO - Setting next_dagrun for example_branch_datetime_operator to 2024-06-16T00:00:00+00:00, run_after=2024-06-17T00:00:00+00:00
[2024-06-17T18:01:17.365+0000] {logging_mixin.py:151} INFO - [2024-06-17T18:01:17.365+0000] {dag.py:3677} INFO - Setting next_dagrun for example_branch_datetime_operator_2 to 2024-06-16T00:00:00+00:00, run_after=2024-06-17T00:00:00+00:00
[2024-06-17T18:01:17.366+0000] {logging_mixin.py:151} INFO - [2024-06-17T18:01:17.366+0000] {dag.py:3677} INFO - Setting next_dagrun for example_branch_datetime_operator_3 to 2024-06-16T00:00:00+00:00, run_after=2024-06-17T00:00:00+00:00
[2024-06-17T18:01:17.373+0000] {processor.py:179} INFO - Processing /home/airflow/.local/lib/python3.8/site-packages/airflow/example_dags/example_branch_datetime_operator.py took 0.042 seconds
[2024-06-17T18:01:47.874+0000] {processor.py:157} INFO - Started process (PID=620) to work on /home/airflow/.local/lib/python3.8/site-packages/airflow/example_dags/example_branch_datetime_operator.py
[2024-06-17T18:01:47.874+0000] {processor.py:829} INFO - Processing file /home/airflow/.local/lib/python3.8/site-packages/airflow/example_dags/example_branch_datetime_operator.py for tasks to queue
[2024-06-17T18:01:47.875+0000] {logging_mixin.py:151} INFO - [2024-06-17T18:01:47.875+0000] {dagbag.py:539} INFO - Filling up the DagBag from /home/airflow/.local/lib/python3.8/site-packages/airflow/example_dags/example_branch_datetime_operator.py
[2024-06-17T18:01:47.880+0000] {processor.py:839} INFO - DAG(s) dict_keys(['example_branch_datetime_operator_2', 'example_branch_datetime_operator', 'example_branch_datetime_operator_3']) retrieved from /home/airflow/.local/lib/python3.8/site-packages/airflow/example_dags/example_branch_datetime_operator.py
[2024-06-17T18:01:47.896+0000] {logging_mixin.py:151} INFO - [2024-06-17T18:01:47.895+0000] {dag.py:2907} INFO - Sync 3 DAGs
[2024-06-17T18:01:47.906+0000] {logging_mixin.py:151} INFO - [2024-06-17T18:01:47.906+0000] {dag.py:3677} INFO - Setting next_dagrun for example_branch_datetime_operator to 2024-06-16T00:00:00+00:00, run_after=2024-06-17T00:00:00+00:00
[2024-06-17T18:01:47.908+0000] {logging_mixin.py:151} INFO - [2024-06-17T18:01:47.908+0000] {dag.py:3677} INFO - Setting next_dagrun for example_branch_datetime_operator_2 to 2024-06-16T00:00:00+00:00, run_after=2024-06-17T00:00:00+00:00
[2024-06-17T18:01:47.910+0000] {logging_mixin.py:151} INFO - [2024-06-17T18:01:47.910+0000] {dag.py:3677} INFO - Setting next_dagrun for example_branch_datetime_operator_3 to 2024-06-16T00:00:00+00:00, run_after=2024-06-17T00:00:00+00:00
[2024-06-17T18:01:47.917+0000] {processor.py:179} INFO - Processing /home/airflow/.local/lib/python3.8/site-packages/airflow/example_dags/example_branch_datetime_operator.py took 0.045 seconds
[2024-06-17T18:02:18.429+0000] {processor.py:157} INFO - Started process (PID=675) to work on /home/airflow/.local/lib/python3.8/site-packages/airflow/example_dags/example_branch_datetime_operator.py
[2024-06-17T18:02:18.429+0000] {processor.py:829} INFO - Processing file /home/airflow/.local/lib/python3.8/site-packages/airflow/example_dags/example_branch_datetime_operator.py for tasks to queue
[2024-06-17T18:02:18.430+0000] {logging_mixin.py:151} INFO - [2024-06-17T18:02:18.430+0000] {dagbag.py:539} INFO - Filling up the DagBag from /home/airflow/.local/lib/python3.8/site-packages/airflow/example_dags/example_branch_datetime_operator.py
[2024-06-17T18:02:18.434+0000] {processor.py:839} INFO - DAG(s) dict_keys(['example_branch_datetime_operator', 'example_branch_datetime_operator_2', 'example_branch_datetime_operator_3']) retrieved from /home/airflow/.local/lib/python3.8/site-packages/airflow/example_dags/example_branch_datetime_operator.py
[2024-06-17T18:02:18.446+0000] {logging_mixin.py:151} INFO - [2024-06-17T18:02:18.446+0000] {dag.py:2907} INFO - Sync 3 DAGs
[2024-06-17T18:02:18.457+0000] {logging_mixin.py:151} INFO - [2024-06-17T18:02:18.456+0000] {dag.py:3677} INFO - Setting next_dagrun for example_branch_datetime_operator to 2024-06-16T00:00:00+00:00, run_after=2024-06-17T00:00:00+00:00
[2024-06-17T18:02:18.463+0000] {logging_mixin.py:151} INFO - [2024-06-17T18:02:18.463+0000] {dag.py:3677} INFO - Setting next_dagrun for example_branch_datetime_operator_2 to 2024-06-16T00:00:00+00:00, run_after=2024-06-17T00:00:00+00:00
[2024-06-17T18:02:18.465+0000] {logging_mixin.py:151} INFO - [2024-06-17T18:02:18.465+0000] {dag.py:3677} INFO - Setting next_dagrun for example_branch_datetime_operator_3 to 2024-06-16T00:00:00+00:00, run_after=2024-06-17T00:00:00+00:00
[2024-06-17T18:02:18.472+0000] {processor.py:179} INFO - Processing /home/airflow/.local/lib/python3.8/site-packages/airflow/example_dags/example_branch_datetime_operator.py took 0.045 seconds
[2024-06-17T18:02:49.010+0000] {processor.py:157} INFO - Started process (PID=730) to work on /home/airflow/.local/lib/python3.8/site-packages/airflow/example_dags/example_branch_datetime_operator.py
[2024-06-17T18:02:49.010+0000] {processor.py:829} INFO - Processing file /home/airflow/.local/lib/python3.8/site-packages/airflow/example_dags/example_branch_datetime_operator.py for tasks to queue
[2024-06-17T18:02:49.011+0000] {logging_mixin.py:151} INFO - [2024-06-17T18:02:49.011+0000] {dagbag.py:539} INFO - Filling up the DagBag from /home/airflow/.local/lib/python3.8/site-packages/airflow/example_dags/example_branch_datetime_operator.py
[2024-06-17T18:02:49.016+0000] {processor.py:839} INFO - DAG(s) dict_keys(['example_branch_datetime_operator', 'example_branch_datetime_operator_2', 'example_branch_datetime_operator_3']) retrieved from /home/airflow/.local/lib/python3.8/site-packages/airflow/example_dags/example_branch_datetime_operator.py
[2024-06-17T18:02:49.027+0000] {logging_mixin.py:151} INFO - [2024-06-17T18:02:49.027+0000] {dag.py:2907} INFO - Sync 3 DAGs
[2024-06-17T18:02:49.037+0000] {logging_mixin.py:151} INFO - [2024-06-17T18:02:49.037+0000] {dag.py:3677} INFO - Setting next_dagrun for example_branch_datetime_operator to 2024-06-16T00:00:00+00:00, run_after=2024-06-17T00:00:00+00:00
[2024-06-17T18:02:49.039+0000] {logging_mixin.py:151} INFO - [2024-06-17T18:02:49.039+0000] {dag.py:3677} INFO - Setting next_dagrun for example_branch_datetime_operator_2 to 2024-06-16T00:00:00+00:00, run_after=2024-06-17T00:00:00+00:00
[2024-06-17T18:02:49.040+0000] {logging_mixin.py:151} INFO - [2024-06-17T18:02:49.040+0000] {dag.py:3677} INFO - Setting next_dagrun for example_branch_datetime_operator_3 to 2024-06-16T00:00:00+00:00, run_after=2024-06-17T00:00:00+00:00
[2024-06-17T18:02:49.047+0000] {processor.py:179} INFO - Processing /home/airflow/.local/lib/python3.8/site-packages/airflow/example_dags/example_branch_datetime_operator.py took 0.039 seconds
[2024-06-17T18:03:19.477+0000] {processor.py:157} INFO - Started process (PID=785) to work on /home/airflow/.local/lib/python3.8/site-packages/airflow/example_dags/example_branch_datetime_operator.py
[2024-06-17T18:03:19.477+0000] {processor.py:829} INFO - Processing file /home/airflow/.local/lib/python3.8/site-packages/airflow/example_dags/example_branch_datetime_operator.py for tasks to queue
[2024-06-17T18:03:19.478+0000] {logging_mixin.py:151} INFO - [2024-06-17T18:03:19.478+0000] {dagbag.py:539} INFO - Filling up the DagBag from /home/airflow/.local/lib/python3.8/site-packages/airflow/example_dags/example_branch_datetime_operator.py
[2024-06-17T18:03:19.483+0000] {processor.py:839} INFO - DAG(s) dict_keys(['example_branch_datetime_operator', 'example_branch_datetime_operator_3', 'example_branch_datetime_operator_2']) retrieved from /home/airflow/.local/lib/python3.8/site-packages/airflow/example_dags/example_branch_datetime_operator.py
[2024-06-17T18:03:19.494+0000] {logging_mixin.py:151} INFO - [2024-06-17T18:03:19.494+0000] {dag.py:2907} INFO - Sync 3 DAGs
[2024-06-17T18:03:19.504+0000] {logging_mixin.py:151} INFO - [2024-06-17T18:03:19.504+0000] {dag.py:3677} INFO - Setting next_dagrun for example_branch_datetime_operator to 2024-06-16T00:00:00+00:00, run_after=2024-06-17T00:00:00+00:00
[2024-06-17T18:03:19.506+0000] {logging_mixin.py:151} INFO - [2024-06-17T18:03:19.506+0000] {dag.py:3677} INFO - Setting next_dagrun for example_branch_datetime_operator_2 to 2024-06-16T00:00:00+00:00, run_after=2024-06-17T00:00:00+00:00
[2024-06-17T18:03:19.507+0000] {logging_mixin.py:151} INFO - [2024-06-17T18:03:19.507+0000] {dag.py:3677} INFO - Setting next_dagrun for example_branch_datetime_operator_3 to 2024-06-16T00:00:00+00:00, run_after=2024-06-17T00:00:00+00:00
[2024-06-17T18:03:19.513+0000] {processor.py:179} INFO - Processing /home/airflow/.local/lib/python3.8/site-packages/airflow/example_dags/example_branch_datetime_operator.py took 0.038 seconds
[2024-06-17T18:03:49.977+0000] {processor.py:157} INFO - Started process (PID=840) to work on /home/airflow/.local/lib/python3.8/site-packages/airflow/example_dags/example_branch_datetime_operator.py
[2024-06-17T18:03:49.978+0000] {processor.py:829} INFO - Processing file /home/airflow/.local/lib/python3.8/site-packages/airflow/example_dags/example_branch_datetime_operator.py for tasks to queue
[2024-06-17T18:03:49.979+0000] {logging_mixin.py:151} INFO - [2024-06-17T18:03:49.978+0000] {dagbag.py:539} INFO - Filling up the DagBag from /home/airflow/.local/lib/python3.8/site-packages/airflow/example_dags/example_branch_datetime_operator.py
[2024-06-17T18:03:49.983+0000] {processor.py:839} INFO - DAG(s) dict_keys(['example_branch_datetime_operator', 'example_branch_datetime_operator_2', 'example_branch_datetime_operator_3']) retrieved from /home/airflow/.local/lib/python3.8/site-packages/airflow/example_dags/example_branch_datetime_operator.py
[2024-06-17T18:03:49.995+0000] {logging_mixin.py:151} INFO - [2024-06-17T18:03:49.995+0000] {dag.py:2907} INFO - Sync 3 DAGs
[2024-06-17T18:03:50.005+0000] {logging_mixin.py:151} INFO - [2024-06-17T18:03:50.005+0000] {dag.py:3677} INFO - Setting next_dagrun for example_branch_datetime_operator to 2024-06-16T00:00:00+00:00, run_after=2024-06-17T00:00:00+00:00
[2024-06-17T18:03:50.008+0000] {logging_mixin.py:151} INFO - [2024-06-17T18:03:50.008+0000] {dag.py:3677} INFO - Setting next_dagrun for example_branch_datetime_operator_2 to 2024-06-16T00:00:00+00:00, run_after=2024-06-17T00:00:00+00:00
[2024-06-17T18:03:50.009+0000] {logging_mixin.py:151} INFO - [2024-06-17T18:03:50.009+0000] {dag.py:3677} INFO - Setting next_dagrun for example_branch_datetime_operator_3 to 2024-06-16T00:00:00+00:00, run_after=2024-06-17T00:00:00+00:00
[2024-06-17T18:03:50.015+0000] {processor.py:179} INFO - Processing /home/airflow/.local/lib/python3.8/site-packages/airflow/example_dags/example_branch_datetime_operator.py took 0.040 seconds
[2024-06-17T18:04:20.521+0000] {processor.py:157} INFO - Started process (PID=895) to work on /home/airflow/.local/lib/python3.8/site-packages/airflow/example_dags/example_branch_datetime_operator.py
[2024-06-17T18:04:20.522+0000] {processor.py:829} INFO - Processing file /home/airflow/.local/lib/python3.8/site-packages/airflow/example_dags/example_branch_datetime_operator.py for tasks to queue
[2024-06-17T18:04:20.523+0000] {logging_mixin.py:151} INFO - [2024-06-17T18:04:20.523+0000] {dagbag.py:539} INFO - Filling up the DagBag from /home/airflow/.local/lib/python3.8/site-packages/airflow/example_dags/example_branch_datetime_operator.py
[2024-06-17T18:04:20.529+0000] {processor.py:839} INFO - DAG(s) dict_keys(['example_branch_datetime_operator_2', 'example_branch_datetime_operator_3', 'example_branch_datetime_operator']) retrieved from /home/airflow/.local/lib/python3.8/site-packages/airflow/example_dags/example_branch_datetime_operator.py
[2024-06-17T18:04:20.542+0000] {logging_mixin.py:151} INFO - [2024-06-17T18:04:20.542+0000] {dag.py:2907} INFO - Sync 3 DAGs
[2024-06-17T18:04:20.552+0000] {logging_mixin.py:151} INFO - [2024-06-17T18:04:20.552+0000] {dag.py:3677} INFO - Setting next_dagrun for example_branch_datetime_operator to 2024-06-16T00:00:00+00:00, run_after=2024-06-17T00:00:00+00:00
[2024-06-17T18:04:20.555+0000] {logging_mixin.py:151} INFO - [2024-06-17T18:04:20.554+0000] {dag.py:3677} INFO - Setting next_dagrun for example_branch_datetime_operator_2 to 2024-06-16T00:00:00+00:00, run_after=2024-06-17T00:00:00+00:00
[2024-06-17T18:04:20.556+0000] {logging_mixin.py:151} INFO - [2024-06-17T18:04:20.556+0000] {dag.py:3677} INFO - Setting next_dagrun for example_branch_datetime_operator_3 to 2024-06-16T00:00:00+00:00, run_after=2024-06-17T00:00:00+00:00
[2024-06-17T18:04:20.563+0000] {processor.py:179} INFO - Processing /home/airflow/.local/lib/python3.8/site-packages/airflow/example_dags/example_branch_datetime_operator.py took 0.044 seconds
[2024-06-17T18:04:44.589+0000] {processor.py:157} INFO - Started process (PID=69) to work on /home/airflow/.local/lib/python3.8/site-packages/airflow/example_dags/example_branch_datetime_operator.py
[2024-06-17T18:04:44.589+0000] {processor.py:829} INFO - Processing file /home/airflow/.local/lib/python3.8/site-packages/airflow/example_dags/example_branch_datetime_operator.py for tasks to queue
[2024-06-17T18:04:44.591+0000] {logging_mixin.py:151} INFO - [2024-06-17T18:04:44.591+0000] {dagbag.py:539} INFO - Filling up the DagBag from /home/airflow/.local/lib/python3.8/site-packages/airflow/example_dags/example_branch_datetime_operator.py
[2024-06-17T18:04:44.596+0000] {processor.py:839} INFO - DAG(s) dict_keys(['example_branch_datetime_operator', 'example_branch_datetime_operator_3', 'example_branch_datetime_operator_2']) retrieved from /home/airflow/.local/lib/python3.8/site-packages/airflow/example_dags/example_branch_datetime_operator.py
[2024-06-17T18:04:44.608+0000] {logging_mixin.py:151} INFO - [2024-06-17T18:04:44.608+0000] {dag.py:2907} INFO - Sync 3 DAGs
[2024-06-17T18:04:44.626+0000] {logging_mixin.py:151} INFO - [2024-06-17T18:04:44.626+0000] {dag.py:3677} INFO - Setting next_dagrun for example_branch_datetime_operator to 2024-06-16T00:00:00+00:00, run_after=2024-06-17T00:00:00+00:00
[2024-06-17T18:04:44.628+0000] {logging_mixin.py:151} INFO - [2024-06-17T18:04:44.628+0000] {dag.py:3677} INFO - Setting next_dagrun for example_branch_datetime_operator_2 to 2024-06-16T00:00:00+00:00, run_after=2024-06-17T00:00:00+00:00
[2024-06-17T18:04:44.724+0000] {logging_mixin.py:151} INFO - [2024-06-17T18:04:44.724+0000] {dag.py:3677} INFO - Setting next_dagrun for example_branch_datetime_operator_3 to 2024-06-16T00:00:00+00:00, run_after=2024-06-17T00:00:00+00:00
[2024-06-17T18:04:44.734+0000] {processor.py:179} INFO - Processing /home/airflow/.local/lib/python3.8/site-packages/airflow/example_dags/example_branch_datetime_operator.py took 0.147 seconds
[2024-06-17T18:05:15.835+0000] {processor.py:157} INFO - Started process (PID=124) to work on /home/airflow/.local/lib/python3.8/site-packages/airflow/example_dags/example_branch_datetime_operator.py
[2024-06-17T18:05:15.836+0000] {processor.py:829} INFO - Processing file /home/airflow/.local/lib/python3.8/site-packages/airflow/example_dags/example_branch_datetime_operator.py for tasks to queue
[2024-06-17T18:05:15.837+0000] {logging_mixin.py:151} INFO - [2024-06-17T18:05:15.837+0000] {dagbag.py:539} INFO - Filling up the DagBag from /home/airflow/.local/lib/python3.8/site-packages/airflow/example_dags/example_branch_datetime_operator.py
[2024-06-17T18:05:15.842+0000] {processor.py:839} INFO - DAG(s) dict_keys(['example_branch_datetime_operator', 'example_branch_datetime_operator_2', 'example_branch_datetime_operator_3']) retrieved from /home/airflow/.local/lib/python3.8/site-packages/airflow/example_dags/example_branch_datetime_operator.py
[2024-06-17T18:05:15.853+0000] {logging_mixin.py:151} INFO - [2024-06-17T18:05:15.853+0000] {dag.py:2907} INFO - Sync 3 DAGs
[2024-06-17T18:05:15.862+0000] {logging_mixin.py:151} INFO - [2024-06-17T18:05:15.862+0000] {dag.py:3677} INFO - Setting next_dagrun for example_branch_datetime_operator to 2024-06-16T00:00:00+00:00, run_after=2024-06-17T00:00:00+00:00
[2024-06-17T18:05:15.864+0000] {logging_mixin.py:151} INFO - [2024-06-17T18:05:15.864+0000] {dag.py:3677} INFO - Setting next_dagrun for example_branch_datetime_operator_2 to 2024-06-16T00:00:00+00:00, run_after=2024-06-17T00:00:00+00:00
[2024-06-17T18:05:15.865+0000] {logging_mixin.py:151} INFO - [2024-06-17T18:05:15.865+0000] {dag.py:3677} INFO - Setting next_dagrun for example_branch_datetime_operator_3 to 2024-06-16T00:00:00+00:00, run_after=2024-06-17T00:00:00+00:00
[2024-06-17T18:05:15.871+0000] {processor.py:179} INFO - Processing /home/airflow/.local/lib/python3.8/site-packages/airflow/example_dags/example_branch_datetime_operator.py took 0.038 seconds
[2024-06-17T18:05:46.511+0000] {processor.py:157} INFO - Started process (PID=179) to work on /home/airflow/.local/lib/python3.8/site-packages/airflow/example_dags/example_branch_datetime_operator.py
[2024-06-17T18:05:46.512+0000] {processor.py:829} INFO - Processing file /home/airflow/.local/lib/python3.8/site-packages/airflow/example_dags/example_branch_datetime_operator.py for tasks to queue
[2024-06-17T18:05:46.513+0000] {logging_mixin.py:151} INFO - [2024-06-17T18:05:46.513+0000] {dagbag.py:539} INFO - Filling up the DagBag from /home/airflow/.local/lib/python3.8/site-packages/airflow/example_dags/example_branch_datetime_operator.py
[2024-06-17T18:05:46.517+0000] {processor.py:839} INFO - DAG(s) dict_keys(['example_branch_datetime_operator', 'example_branch_datetime_operator_2', 'example_branch_datetime_operator_3']) retrieved from /home/airflow/.local/lib/python3.8/site-packages/airflow/example_dags/example_branch_datetime_operator.py
[2024-06-17T18:05:46.529+0000] {logging_mixin.py:151} INFO - [2024-06-17T18:05:46.529+0000] {dag.py:2907} INFO - Sync 3 DAGs
[2024-06-17T18:05:46.538+0000] {logging_mixin.py:151} INFO - [2024-06-17T18:05:46.538+0000] {dag.py:3677} INFO - Setting next_dagrun for example_branch_datetime_operator to 2024-06-16T00:00:00+00:00, run_after=2024-06-17T00:00:00+00:00
[2024-06-17T18:05:46.540+0000] {logging_mixin.py:151} INFO - [2024-06-17T18:05:46.539+0000] {dag.py:3677} INFO - Setting next_dagrun for example_branch_datetime_operator_2 to 2024-06-16T00:00:00+00:00, run_after=2024-06-17T00:00:00+00:00
[2024-06-17T18:05:46.541+0000] {logging_mixin.py:151} INFO - [2024-06-17T18:05:46.541+0000] {dag.py:3677} INFO - Setting next_dagrun for example_branch_datetime_operator_3 to 2024-06-16T00:00:00+00:00, run_after=2024-06-17T00:00:00+00:00
[2024-06-17T18:05:46.546+0000] {processor.py:179} INFO - Processing /home/airflow/.local/lib/python3.8/site-packages/airflow/example_dags/example_branch_datetime_operator.py took 0.036 seconds
[2024-06-17T18:06:17.123+0000] {processor.py:157} INFO - Started process (PID=234) to work on /home/airflow/.local/lib/python3.8/site-packages/airflow/example_dags/example_branch_datetime_operator.py
[2024-06-17T18:06:17.123+0000] {processor.py:829} INFO - Processing file /home/airflow/.local/lib/python3.8/site-packages/airflow/example_dags/example_branch_datetime_operator.py for tasks to queue
[2024-06-17T18:06:17.124+0000] {logging_mixin.py:151} INFO - [2024-06-17T18:06:17.124+0000] {dagbag.py:539} INFO - Filling up the DagBag from /home/airflow/.local/lib/python3.8/site-packages/airflow/example_dags/example_branch_datetime_operator.py
[2024-06-17T18:06:17.129+0000] {processor.py:839} INFO - DAG(s) dict_keys(['example_branch_datetime_operator', 'example_branch_datetime_operator_2', 'example_branch_datetime_operator_3']) retrieved from /home/airflow/.local/lib/python3.8/site-packages/airflow/example_dags/example_branch_datetime_operator.py
[2024-06-17T18:06:17.140+0000] {logging_mixin.py:151} INFO - [2024-06-17T18:06:17.140+0000] {dag.py:2907} INFO - Sync 3 DAGs
[2024-06-17T18:06:17.149+0000] {logging_mixin.py:151} INFO - [2024-06-17T18:06:17.149+0000] {dag.py:3677} INFO - Setting next_dagrun for example_branch_datetime_operator to 2024-06-16T00:00:00+00:00, run_after=2024-06-17T00:00:00+00:00
[2024-06-17T18:06:17.151+0000] {logging_mixin.py:151} INFO - [2024-06-17T18:06:17.151+0000] {dag.py:3677} INFO - Setting next_dagrun for example_branch_datetime_operator_2 to 2024-06-16T00:00:00+00:00, run_after=2024-06-17T00:00:00+00:00
[2024-06-17T18:06:17.152+0000] {logging_mixin.py:151} INFO - [2024-06-17T18:06:17.152+0000] {dag.py:3677} INFO - Setting next_dagrun for example_branch_datetime_operator_3 to 2024-06-16T00:00:00+00:00, run_after=2024-06-17T00:00:00+00:00
[2024-06-17T18:06:17.158+0000] {processor.py:179} INFO - Processing /home/airflow/.local/lib/python3.8/site-packages/airflow/example_dags/example_branch_datetime_operator.py took 0.037 seconds
[2024-06-17T18:06:47.676+0000] {processor.py:157} INFO - Started process (PID=289) to work on /home/airflow/.local/lib/python3.8/site-packages/airflow/example_dags/example_branch_datetime_operator.py
[2024-06-17T18:06:47.676+0000] {processor.py:829} INFO - Processing file /home/airflow/.local/lib/python3.8/site-packages/airflow/example_dags/example_branch_datetime_operator.py for tasks to queue
[2024-06-17T18:06:47.677+0000] {logging_mixin.py:151} INFO - [2024-06-17T18:06:47.677+0000] {dagbag.py:539} INFO - Filling up the DagBag from /home/airflow/.local/lib/python3.8/site-packages/airflow/example_dags/example_branch_datetime_operator.py
[2024-06-17T18:06:47.682+0000] {processor.py:839} INFO - DAG(s) dict_keys(['example_branch_datetime_operator_3', 'example_branch_datetime_operator', 'example_branch_datetime_operator_2']) retrieved from /home/airflow/.local/lib/python3.8/site-packages/airflow/example_dags/example_branch_datetime_operator.py
[2024-06-17T18:06:47.693+0000] {logging_mixin.py:151} INFO - [2024-06-17T18:06:47.693+0000] {dag.py:2907} INFO - Sync 3 DAGs
[2024-06-17T18:06:47.702+0000] {logging_mixin.py:151} INFO - [2024-06-17T18:06:47.701+0000] {dag.py:3677} INFO - Setting next_dagrun for example_branch_datetime_operator to 2024-06-16T00:00:00+00:00, run_after=2024-06-17T00:00:00+00:00
[2024-06-17T18:06:47.704+0000] {logging_mixin.py:151} INFO - [2024-06-17T18:06:47.703+0000] {dag.py:3677} INFO - Setting next_dagrun for example_branch_datetime_operator_2 to 2024-06-16T00:00:00+00:00, run_after=2024-06-17T00:00:00+00:00
[2024-06-17T18:06:47.705+0000] {logging_mixin.py:151} INFO - [2024-06-17T18:06:47.705+0000] {dag.py:3677} INFO - Setting next_dagrun for example_branch_datetime_operator_3 to 2024-06-16T00:00:00+00:00, run_after=2024-06-17T00:00:00+00:00
[2024-06-17T18:06:47.710+0000] {processor.py:179} INFO - Processing /home/airflow/.local/lib/python3.8/site-packages/airflow/example_dags/example_branch_datetime_operator.py took 0.036 seconds
[2024-06-17T18:07:18.051+0000] {processor.py:157} INFO - Started process (PID=344) to work on /home/airflow/.local/lib/python3.8/site-packages/airflow/example_dags/example_branch_datetime_operator.py
[2024-06-17T18:07:18.051+0000] {processor.py:829} INFO - Processing file /home/airflow/.local/lib/python3.8/site-packages/airflow/example_dags/example_branch_datetime_operator.py for tasks to queue
[2024-06-17T18:07:18.052+0000] {logging_mixin.py:151} INFO - [2024-06-17T18:07:18.052+0000] {dagbag.py:539} INFO - Filling up the DagBag from /home/airflow/.local/lib/python3.8/site-packages/airflow/example_dags/example_branch_datetime_operator.py
[2024-06-17T18:07:18.057+0000] {processor.py:839} INFO - DAG(s) dict_keys(['example_branch_datetime_operator_2', 'example_branch_datetime_operator_3', 'example_branch_datetime_operator']) retrieved from /home/airflow/.local/lib/python3.8/site-packages/airflow/example_dags/example_branch_datetime_operator.py
[2024-06-17T18:07:18.068+0000] {logging_mixin.py:151} INFO - [2024-06-17T18:07:18.068+0000] {dag.py:2907} INFO - Sync 3 DAGs
[2024-06-17T18:07:18.076+0000] {logging_mixin.py:151} INFO - [2024-06-17T18:07:18.076+0000] {dag.py:3677} INFO - Setting next_dagrun for example_branch_datetime_operator to 2024-06-16T00:00:00+00:00, run_after=2024-06-17T00:00:00+00:00
[2024-06-17T18:07:18.078+0000] {logging_mixin.py:151} INFO - [2024-06-17T18:07:18.078+0000] {dag.py:3677} INFO - Setting next_dagrun for example_branch_datetime_operator_2 to 2024-06-16T00:00:00+00:00, run_after=2024-06-17T00:00:00+00:00
[2024-06-17T18:07:18.079+0000] {logging_mixin.py:151} INFO - [2024-06-17T18:07:18.079+0000] {dag.py:3677} INFO - Setting next_dagrun for example_branch_datetime_operator_3 to 2024-06-16T00:00:00+00:00, run_after=2024-06-17T00:00:00+00:00
[2024-06-17T18:07:18.085+0000] {processor.py:179} INFO - Processing /home/airflow/.local/lib/python3.8/site-packages/airflow/example_dags/example_branch_datetime_operator.py took 0.036 seconds
