[2024-06-17T17:56:40.300+0000] {processor.py:157} INFO - Started process (PID=46) to work on /home/airflow/.local/lib/python3.8/site-packages/airflow/example_dags/example_latest_only.py
[2024-06-17T17:56:40.301+0000] {processor.py:829} INFO - Processing file /home/airflow/.local/lib/python3.8/site-packages/airflow/example_dags/example_latest_only.py for tasks to queue
[2024-06-17T17:56:40.302+0000] {logging_mixin.py:151} INFO - [2024-06-17T17:56:40.302+0000] {dagbag.py:539} INFO - Filling up the DagBag from /home/airflow/.local/lib/python3.8/site-packages/airflow/example_dags/example_latest_only.py
[2024-06-17T17:56:40.304+0000] {processor.py:839} INFO - DAG(s) dict_keys(['latest_only']) retrieved from /home/airflow/.local/lib/python3.8/site-packages/airflow/example_dags/example_latest_only.py
[2024-06-17T17:56:40.420+0000] {logging_mixin.py:151} INFO - [2024-06-17T17:56:40.420+0000] {manager.py:501} INFO - Created Permission View: can delete on DAG:latest_only
[2024-06-17T17:56:40.423+0000] {logging_mixin.py:151} INFO - [2024-06-17T17:56:40.423+0000] {manager.py:501} INFO - Created Permission View: can read on DAG:latest_only
[2024-06-17T17:56:40.426+0000] {logging_mixin.py:151} INFO - [2024-06-17T17:56:40.426+0000] {manager.py:501} INFO - Created Permission View: can edit on DAG:latest_only
[2024-06-17T17:56:40.430+0000] {logging_mixin.py:151} INFO - [2024-06-17T17:56:40.430+0000] {dag.py:2907} INFO - Sync 1 DAGs
[2024-06-17T17:56:40.434+0000] {logging_mixin.py:151} INFO - [2024-06-17T17:56:40.434+0000] {dag.py:2929} INFO - Creating ORM DAG for latest_only
[2024-06-17T17:56:40.437+0000] {logging_mixin.py:151} INFO - [2024-06-17T17:56:40.437+0000] {dag.py:3677} INFO - Setting next_dagrun for latest_only to 2024-06-17T13:56:40.437830+00:00, run_after=2024-06-17T17:56:40.437830+00:00
[2024-06-17T17:56:40.445+0000] {processor.py:179} INFO - Processing /home/airflow/.local/lib/python3.8/site-packages/airflow/example_dags/example_latest_only.py took 0.147 seconds
[2024-06-17T17:57:11.341+0000] {processor.py:157} INFO - Started process (PID=101) to work on /home/airflow/.local/lib/python3.8/site-packages/airflow/example_dags/example_latest_only.py
[2024-06-17T17:57:11.342+0000] {processor.py:829} INFO - Processing file /home/airflow/.local/lib/python3.8/site-packages/airflow/example_dags/example_latest_only.py for tasks to queue
[2024-06-17T17:57:11.343+0000] {logging_mixin.py:151} INFO - [2024-06-17T17:57:11.343+0000] {dagbag.py:539} INFO - Filling up the DagBag from /home/airflow/.local/lib/python3.8/site-packages/airflow/example_dags/example_latest_only.py
[2024-06-17T17:57:11.346+0000] {processor.py:839} INFO - DAG(s) dict_keys(['latest_only']) retrieved from /home/airflow/.local/lib/python3.8/site-packages/airflow/example_dags/example_latest_only.py
[2024-06-17T17:57:11.354+0000] {logging_mixin.py:151} INFO - [2024-06-17T17:57:11.354+0000] {dag.py:2907} INFO - Sync 1 DAGs
[2024-06-17T17:57:11.363+0000] {logging_mixin.py:151} INFO - [2024-06-17T17:57:11.363+0000] {dag.py:3677} INFO - Setting next_dagrun for latest_only to 2024-06-17T13:57:11.362919+00:00, run_after=2024-06-17T17:57:11.362919+00:00
[2024-06-17T17:57:11.369+0000] {processor.py:179} INFO - Processing /home/airflow/.local/lib/python3.8/site-packages/airflow/example_dags/example_latest_only.py took 0.030 seconds
[2024-06-17T17:57:41.907+0000] {processor.py:157} INFO - Started process (PID=156) to work on /home/airflow/.local/lib/python3.8/site-packages/airflow/example_dags/example_latest_only.py
[2024-06-17T17:57:41.907+0000] {processor.py:829} INFO - Processing file /home/airflow/.local/lib/python3.8/site-packages/airflow/example_dags/example_latest_only.py for tasks to queue
[2024-06-17T17:57:41.908+0000] {logging_mixin.py:151} INFO - [2024-06-17T17:57:41.908+0000] {dagbag.py:539} INFO - Filling up the DagBag from /home/airflow/.local/lib/python3.8/site-packages/airflow/example_dags/example_latest_only.py
[2024-06-17T17:57:41.911+0000] {processor.py:839} INFO - DAG(s) dict_keys(['latest_only']) retrieved from /home/airflow/.local/lib/python3.8/site-packages/airflow/example_dags/example_latest_only.py
[2024-06-17T17:57:41.920+0000] {logging_mixin.py:151} INFO - [2024-06-17T17:57:41.920+0000] {dag.py:2907} INFO - Sync 1 DAGs
[2024-06-17T17:57:41.928+0000] {logging_mixin.py:151} INFO - [2024-06-17T17:57:41.928+0000] {dag.py:3677} INFO - Setting next_dagrun for latest_only to 2024-06-17T13:57:41.928251+00:00, run_after=2024-06-17T17:57:41.928251+00:00
[2024-06-17T17:57:41.935+0000] {processor.py:179} INFO - Processing /home/airflow/.local/lib/python3.8/site-packages/airflow/example_dags/example_latest_only.py took 0.030 seconds
[2024-06-17T17:58:12.478+0000] {processor.py:157} INFO - Started process (PID=211) to work on /home/airflow/.local/lib/python3.8/site-packages/airflow/example_dags/example_latest_only.py
[2024-06-17T17:58:12.479+0000] {processor.py:829} INFO - Processing file /home/airflow/.local/lib/python3.8/site-packages/airflow/example_dags/example_latest_only.py for tasks to queue
[2024-06-17T17:58:12.480+0000] {logging_mixin.py:151} INFO - [2024-06-17T17:58:12.480+0000] {dagbag.py:539} INFO - Filling up the DagBag from /home/airflow/.local/lib/python3.8/site-packages/airflow/example_dags/example_latest_only.py
[2024-06-17T17:58:12.482+0000] {processor.py:839} INFO - DAG(s) dict_keys(['latest_only']) retrieved from /home/airflow/.local/lib/python3.8/site-packages/airflow/example_dags/example_latest_only.py
[2024-06-17T17:58:12.491+0000] {logging_mixin.py:151} INFO - [2024-06-17T17:58:12.491+0000] {dag.py:2907} INFO - Sync 1 DAGs
[2024-06-17T17:58:12.499+0000] {logging_mixin.py:151} INFO - [2024-06-17T17:58:12.499+0000] {dag.py:3677} INFO - Setting next_dagrun for latest_only to 2024-06-17T13:58:12.499016+00:00, run_after=2024-06-17T17:58:12.499016+00:00
[2024-06-17T17:58:12.506+0000] {processor.py:179} INFO - Processing /home/airflow/.local/lib/python3.8/site-packages/airflow/example_dags/example_latest_only.py took 0.029 seconds
[2024-06-17T17:58:42.991+0000] {processor.py:157} INFO - Started process (PID=266) to work on /home/airflow/.local/lib/python3.8/site-packages/airflow/example_dags/example_latest_only.py
[2024-06-17T17:58:42.991+0000] {processor.py:829} INFO - Processing file /home/airflow/.local/lib/python3.8/site-packages/airflow/example_dags/example_latest_only.py for tasks to queue
[2024-06-17T17:58:42.992+0000] {logging_mixin.py:151} INFO - [2024-06-17T17:58:42.992+0000] {dagbag.py:539} INFO - Filling up the DagBag from /home/airflow/.local/lib/python3.8/site-packages/airflow/example_dags/example_latest_only.py
[2024-06-17T17:58:42.995+0000] {processor.py:839} INFO - DAG(s) dict_keys(['latest_only']) retrieved from /home/airflow/.local/lib/python3.8/site-packages/airflow/example_dags/example_latest_only.py
[2024-06-17T17:58:43.003+0000] {logging_mixin.py:151} INFO - [2024-06-17T17:58:43.003+0000] {dag.py:2907} INFO - Sync 1 DAGs
[2024-06-17T17:58:43.012+0000] {logging_mixin.py:151} INFO - [2024-06-17T17:58:43.012+0000] {dag.py:3677} INFO - Setting next_dagrun for latest_only to 2024-06-17T13:58:43.012018+00:00, run_after=2024-06-17T17:58:43.012018+00:00
[2024-06-17T17:58:43.019+0000] {processor.py:179} INFO - Processing /home/airflow/.local/lib/python3.8/site-packages/airflow/example_dags/example_latest_only.py took 0.030 seconds
[2024-06-17T17:59:13.538+0000] {processor.py:157} INFO - Started process (PID=321) to work on /home/airflow/.local/lib/python3.8/site-packages/airflow/example_dags/example_latest_only.py
[2024-06-17T17:59:13.538+0000] {processor.py:829} INFO - Processing file /home/airflow/.local/lib/python3.8/site-packages/airflow/example_dags/example_latest_only.py for tasks to queue
[2024-06-17T17:59:13.539+0000] {logging_mixin.py:151} INFO - [2024-06-17T17:59:13.539+0000] {dagbag.py:539} INFO - Filling up the DagBag from /home/airflow/.local/lib/python3.8/site-packages/airflow/example_dags/example_latest_only.py
[2024-06-17T17:59:13.542+0000] {processor.py:839} INFO - DAG(s) dict_keys(['latest_only']) retrieved from /home/airflow/.local/lib/python3.8/site-packages/airflow/example_dags/example_latest_only.py
[2024-06-17T17:59:13.551+0000] {logging_mixin.py:151} INFO - [2024-06-17T17:59:13.550+0000] {dag.py:2907} INFO - Sync 1 DAGs
[2024-06-17T17:59:13.559+0000] {logging_mixin.py:151} INFO - [2024-06-17T17:59:13.559+0000] {dag.py:3677} INFO - Setting next_dagrun for latest_only to 2024-06-17T13:59:13.558915+00:00, run_after=2024-06-17T17:59:13.558915+00:00
[2024-06-17T17:59:13.566+0000] {processor.py:179} INFO - Processing /home/airflow/.local/lib/python3.8/site-packages/airflow/example_dags/example_latest_only.py took 0.030 seconds
[2024-06-17T17:59:44.004+0000] {processor.py:157} INFO - Started process (PID=376) to work on /home/airflow/.local/lib/python3.8/site-packages/airflow/example_dags/example_latest_only.py
[2024-06-17T17:59:44.004+0000] {processor.py:829} INFO - Processing file /home/airflow/.local/lib/python3.8/site-packages/airflow/example_dags/example_latest_only.py for tasks to queue
[2024-06-17T17:59:44.005+0000] {logging_mixin.py:151} INFO - [2024-06-17T17:59:44.005+0000] {dagbag.py:539} INFO - Filling up the DagBag from /home/airflow/.local/lib/python3.8/site-packages/airflow/example_dags/example_latest_only.py
[2024-06-17T17:59:44.008+0000] {processor.py:839} INFO - DAG(s) dict_keys(['latest_only']) retrieved from /home/airflow/.local/lib/python3.8/site-packages/airflow/example_dags/example_latest_only.py
[2024-06-17T17:59:44.016+0000] {logging_mixin.py:151} INFO - [2024-06-17T17:59:44.016+0000] {dag.py:2907} INFO - Sync 1 DAGs
[2024-06-17T17:59:44.025+0000] {logging_mixin.py:151} INFO - [2024-06-17T17:59:44.025+0000] {dag.py:3677} INFO - Setting next_dagrun for latest_only to 2024-06-17T13:59:44.025046+00:00, run_after=2024-06-17T17:59:44.025046+00:00
[2024-06-17T17:59:44.032+0000] {processor.py:179} INFO - Processing /home/airflow/.local/lib/python3.8/site-packages/airflow/example_dags/example_latest_only.py took 0.029 seconds
[2024-06-17T18:00:14.559+0000] {processor.py:157} INFO - Started process (PID=431) to work on /home/airflow/.local/lib/python3.8/site-packages/airflow/example_dags/example_latest_only.py
[2024-06-17T18:00:14.559+0000] {processor.py:829} INFO - Processing file /home/airflow/.local/lib/python3.8/site-packages/airflow/example_dags/example_latest_only.py for tasks to queue
[2024-06-17T18:00:14.560+0000] {logging_mixin.py:151} INFO - [2024-06-17T18:00:14.560+0000] {dagbag.py:539} INFO - Filling up the DagBag from /home/airflow/.local/lib/python3.8/site-packages/airflow/example_dags/example_latest_only.py
[2024-06-17T18:00:14.563+0000] {processor.py:839} INFO - DAG(s) dict_keys(['latest_only']) retrieved from /home/airflow/.local/lib/python3.8/site-packages/airflow/example_dags/example_latest_only.py
[2024-06-17T18:00:14.571+0000] {logging_mixin.py:151} INFO - [2024-06-17T18:00:14.571+0000] {dag.py:2907} INFO - Sync 1 DAGs
[2024-06-17T18:00:14.580+0000] {logging_mixin.py:151} INFO - [2024-06-17T18:00:14.580+0000] {dag.py:3677} INFO - Setting next_dagrun for latest_only to 2024-06-17T14:00:14.580028+00:00, run_after=2024-06-17T18:00:14.580028+00:00
[2024-06-17T18:00:14.586+0000] {processor.py:179} INFO - Processing /home/airflow/.local/lib/python3.8/site-packages/airflow/example_dags/example_latest_only.py took 0.029 seconds
[2024-06-17T18:00:45.045+0000] {processor.py:157} INFO - Started process (PID=486) to work on /home/airflow/.local/lib/python3.8/site-packages/airflow/example_dags/example_latest_only.py
[2024-06-17T18:00:45.045+0000] {processor.py:829} INFO - Processing file /home/airflow/.local/lib/python3.8/site-packages/airflow/example_dags/example_latest_only.py for tasks to queue
[2024-06-17T18:00:45.046+0000] {logging_mixin.py:151} INFO - [2024-06-17T18:00:45.046+0000] {dagbag.py:539} INFO - Filling up the DagBag from /home/airflow/.local/lib/python3.8/site-packages/airflow/example_dags/example_latest_only.py
[2024-06-17T18:00:45.049+0000] {processor.py:839} INFO - DAG(s) dict_keys(['latest_only']) retrieved from /home/airflow/.local/lib/python3.8/site-packages/airflow/example_dags/example_latest_only.py
[2024-06-17T18:00:45.057+0000] {logging_mixin.py:151} INFO - [2024-06-17T18:00:45.057+0000] {dag.py:2907} INFO - Sync 1 DAGs
[2024-06-17T18:00:45.066+0000] {logging_mixin.py:151} INFO - [2024-06-17T18:00:45.066+0000] {dag.py:3677} INFO - Setting next_dagrun for latest_only to 2024-06-17T14:00:45.065991+00:00, run_after=2024-06-17T18:00:45.065991+00:00
[2024-06-17T18:00:45.073+0000] {processor.py:179} INFO - Processing /home/airflow/.local/lib/python3.8/site-packages/airflow/example_dags/example_latest_only.py took 0.030 seconds
[2024-06-17T18:01:15.619+0000] {processor.py:157} INFO - Started process (PID=541) to work on /home/airflow/.local/lib/python3.8/site-packages/airflow/example_dags/example_latest_only.py
[2024-06-17T18:01:15.619+0000] {processor.py:829} INFO - Processing file /home/airflow/.local/lib/python3.8/site-packages/airflow/example_dags/example_latest_only.py for tasks to queue
[2024-06-17T18:01:15.620+0000] {logging_mixin.py:151} INFO - [2024-06-17T18:01:15.620+0000] {dagbag.py:539} INFO - Filling up the DagBag from /home/airflow/.local/lib/python3.8/site-packages/airflow/example_dags/example_latest_only.py
[2024-06-17T18:01:15.623+0000] {processor.py:839} INFO - DAG(s) dict_keys(['latest_only']) retrieved from /home/airflow/.local/lib/python3.8/site-packages/airflow/example_dags/example_latest_only.py
[2024-06-17T18:01:15.631+0000] {logging_mixin.py:151} INFO - [2024-06-17T18:01:15.631+0000] {dag.py:2907} INFO - Sync 1 DAGs
[2024-06-17T18:01:15.639+0000] {logging_mixin.py:151} INFO - [2024-06-17T18:01:15.639+0000] {dag.py:3677} INFO - Setting next_dagrun for latest_only to 2024-06-17T14:01:15.639511+00:00, run_after=2024-06-17T18:01:15.639511+00:00
[2024-06-17T18:01:15.646+0000] {processor.py:179} INFO - Processing /home/airflow/.local/lib/python3.8/site-packages/airflow/example_dags/example_latest_only.py took 0.029 seconds
[2024-06-17T18:01:46.178+0000] {processor.py:157} INFO - Started process (PID=596) to work on /home/airflow/.local/lib/python3.8/site-packages/airflow/example_dags/example_latest_only.py
[2024-06-17T18:01:46.179+0000] {processor.py:829} INFO - Processing file /home/airflow/.local/lib/python3.8/site-packages/airflow/example_dags/example_latest_only.py for tasks to queue
[2024-06-17T18:01:46.180+0000] {logging_mixin.py:151} INFO - [2024-06-17T18:01:46.180+0000] {dagbag.py:539} INFO - Filling up the DagBag from /home/airflow/.local/lib/python3.8/site-packages/airflow/example_dags/example_latest_only.py
[2024-06-17T18:01:46.183+0000] {processor.py:839} INFO - DAG(s) dict_keys(['latest_only']) retrieved from /home/airflow/.local/lib/python3.8/site-packages/airflow/example_dags/example_latest_only.py
[2024-06-17T18:01:46.192+0000] {logging_mixin.py:151} INFO - [2024-06-17T18:01:46.192+0000] {dag.py:2907} INFO - Sync 1 DAGs
[2024-06-17T18:01:46.202+0000] {logging_mixin.py:151} INFO - [2024-06-17T18:01:46.202+0000] {dag.py:3677} INFO - Setting next_dagrun for latest_only to 2024-06-17T14:01:46.202133+00:00, run_after=2024-06-17T18:01:46.202133+00:00
[2024-06-17T18:01:46.210+0000] {processor.py:179} INFO - Processing /home/airflow/.local/lib/python3.8/site-packages/airflow/example_dags/example_latest_only.py took 0.033 seconds
[2024-06-17T18:02:16.763+0000] {processor.py:157} INFO - Started process (PID=651) to work on /home/airflow/.local/lib/python3.8/site-packages/airflow/example_dags/example_latest_only.py
[2024-06-17T18:02:16.764+0000] {processor.py:829} INFO - Processing file /home/airflow/.local/lib/python3.8/site-packages/airflow/example_dags/example_latest_only.py for tasks to queue
[2024-06-17T18:02:16.765+0000] {logging_mixin.py:151} INFO - [2024-06-17T18:02:16.765+0000] {dagbag.py:539} INFO - Filling up the DagBag from /home/airflow/.local/lib/python3.8/site-packages/airflow/example_dags/example_latest_only.py
[2024-06-17T18:02:16.767+0000] {processor.py:839} INFO - DAG(s) dict_keys(['latest_only']) retrieved from /home/airflow/.local/lib/python3.8/site-packages/airflow/example_dags/example_latest_only.py
[2024-06-17T18:02:16.775+0000] {logging_mixin.py:151} INFO - [2024-06-17T18:02:16.775+0000] {dag.py:2907} INFO - Sync 1 DAGs
[2024-06-17T18:02:16.784+0000] {logging_mixin.py:151} INFO - [2024-06-17T18:02:16.784+0000] {dag.py:3677} INFO - Setting next_dagrun for latest_only to 2024-06-17T14:02:16.784356+00:00, run_after=2024-06-17T18:02:16.784356+00:00
[2024-06-17T18:02:16.791+0000] {processor.py:179} INFO - Processing /home/airflow/.local/lib/python3.8/site-packages/airflow/example_dags/example_latest_only.py took 0.029 seconds
[2024-06-17T18:02:47.320+0000] {processor.py:157} INFO - Started process (PID=706) to work on /home/airflow/.local/lib/python3.8/site-packages/airflow/example_dags/example_latest_only.py
[2024-06-17T18:02:47.321+0000] {processor.py:829} INFO - Processing file /home/airflow/.local/lib/python3.8/site-packages/airflow/example_dags/example_latest_only.py for tasks to queue
[2024-06-17T18:02:47.322+0000] {logging_mixin.py:151} INFO - [2024-06-17T18:02:47.322+0000] {dagbag.py:539} INFO - Filling up the DagBag from /home/airflow/.local/lib/python3.8/site-packages/airflow/example_dags/example_latest_only.py
[2024-06-17T18:02:47.325+0000] {processor.py:839} INFO - DAG(s) dict_keys(['latest_only']) retrieved from /home/airflow/.local/lib/python3.8/site-packages/airflow/example_dags/example_latest_only.py
[2024-06-17T18:02:47.332+0000] {logging_mixin.py:151} INFO - [2024-06-17T18:02:47.332+0000] {dag.py:2907} INFO - Sync 1 DAGs
[2024-06-17T18:02:47.340+0000] {logging_mixin.py:151} INFO - [2024-06-17T18:02:47.340+0000] {dag.py:3677} INFO - Setting next_dagrun for latest_only to 2024-06-17T14:02:47.340790+00:00, run_after=2024-06-17T18:02:47.340790+00:00
[2024-06-17T18:02:47.347+0000] {processor.py:179} INFO - Processing /home/airflow/.local/lib/python3.8/site-packages/airflow/example_dags/example_latest_only.py took 0.028 seconds
[2024-06-17T18:03:17.814+0000] {processor.py:157} INFO - Started process (PID=761) to work on /home/airflow/.local/lib/python3.8/site-packages/airflow/example_dags/example_latest_only.py
[2024-06-17T18:03:17.814+0000] {processor.py:829} INFO - Processing file /home/airflow/.local/lib/python3.8/site-packages/airflow/example_dags/example_latest_only.py for tasks to queue
[2024-06-17T18:03:17.815+0000] {logging_mixin.py:151} INFO - [2024-06-17T18:03:17.815+0000] {dagbag.py:539} INFO - Filling up the DagBag from /home/airflow/.local/lib/python3.8/site-packages/airflow/example_dags/example_latest_only.py
[2024-06-17T18:03:17.817+0000] {processor.py:839} INFO - DAG(s) dict_keys(['latest_only']) retrieved from /home/airflow/.local/lib/python3.8/site-packages/airflow/example_dags/example_latest_only.py
[2024-06-17T18:03:17.826+0000] {logging_mixin.py:151} INFO - [2024-06-17T18:03:17.826+0000] {dag.py:2907} INFO - Sync 1 DAGs
[2024-06-17T18:03:17.834+0000] {logging_mixin.py:151} INFO - [2024-06-17T18:03:17.834+0000] {dag.py:3677} INFO - Setting next_dagrun for latest_only to 2024-06-17T14:03:17.834321+00:00, run_after=2024-06-17T18:03:17.834321+00:00
[2024-06-17T18:03:17.841+0000] {processor.py:179} INFO - Processing /home/airflow/.local/lib/python3.8/site-packages/airflow/example_dags/example_latest_only.py took 0.029 seconds
[2024-06-17T18:03:48.292+0000] {processor.py:157} INFO - Started process (PID=816) to work on /home/airflow/.local/lib/python3.8/site-packages/airflow/example_dags/example_latest_only.py
[2024-06-17T18:03:48.292+0000] {processor.py:829} INFO - Processing file /home/airflow/.local/lib/python3.8/site-packages/airflow/example_dags/example_latest_only.py for tasks to queue
[2024-06-17T18:03:48.293+0000] {logging_mixin.py:151} INFO - [2024-06-17T18:03:48.293+0000] {dagbag.py:539} INFO - Filling up the DagBag from /home/airflow/.local/lib/python3.8/site-packages/airflow/example_dags/example_latest_only.py
[2024-06-17T18:03:48.296+0000] {processor.py:839} INFO - DAG(s) dict_keys(['latest_only']) retrieved from /home/airflow/.local/lib/python3.8/site-packages/airflow/example_dags/example_latest_only.py
[2024-06-17T18:03:48.303+0000] {logging_mixin.py:151} INFO - [2024-06-17T18:03:48.303+0000] {dag.py:2907} INFO - Sync 1 DAGs
[2024-06-17T18:03:48.312+0000] {logging_mixin.py:151} INFO - [2024-06-17T18:03:48.312+0000] {dag.py:3677} INFO - Setting next_dagrun for latest_only to 2024-06-17T14:03:48.312215+00:00, run_after=2024-06-17T18:03:48.312215+00:00
[2024-06-17T18:03:48.320+0000] {processor.py:179} INFO - Processing /home/airflow/.local/lib/python3.8/site-packages/airflow/example_dags/example_latest_only.py took 0.030 seconds
[2024-06-17T18:04:18.789+0000] {processor.py:157} INFO - Started process (PID=871) to work on /home/airflow/.local/lib/python3.8/site-packages/airflow/example_dags/example_latest_only.py
[2024-06-17T18:04:18.789+0000] {processor.py:829} INFO - Processing file /home/airflow/.local/lib/python3.8/site-packages/airflow/example_dags/example_latest_only.py for tasks to queue
[2024-06-17T18:04:18.790+0000] {logging_mixin.py:151} INFO - [2024-06-17T18:04:18.790+0000] {dagbag.py:539} INFO - Filling up the DagBag from /home/airflow/.local/lib/python3.8/site-packages/airflow/example_dags/example_latest_only.py
[2024-06-17T18:04:18.793+0000] {processor.py:839} INFO - DAG(s) dict_keys(['latest_only']) retrieved from /home/airflow/.local/lib/python3.8/site-packages/airflow/example_dags/example_latest_only.py
[2024-06-17T18:04:18.801+0000] {logging_mixin.py:151} INFO - [2024-06-17T18:04:18.801+0000] {dag.py:2907} INFO - Sync 1 DAGs
[2024-06-17T18:04:18.809+0000] {logging_mixin.py:151} INFO - [2024-06-17T18:04:18.809+0000] {dag.py:3677} INFO - Setting next_dagrun for latest_only to 2024-06-17T14:04:18.809579+00:00, run_after=2024-06-17T18:04:18.809579+00:00
[2024-06-17T18:04:18.816+0000] {processor.py:179} INFO - Processing /home/airflow/.local/lib/python3.8/site-packages/airflow/example_dags/example_latest_only.py took 0.029 seconds
[2024-06-17T18:04:43.369+0000] {processor.py:157} INFO - Started process (PID=45) to work on /home/airflow/.local/lib/python3.8/site-packages/airflow/example_dags/example_latest_only.py
[2024-06-17T18:04:43.369+0000] {processor.py:829} INFO - Processing file /home/airflow/.local/lib/python3.8/site-packages/airflow/example_dags/example_latest_only.py for tasks to queue
[2024-06-17T18:04:43.370+0000] {logging_mixin.py:151} INFO - [2024-06-17T18:04:43.370+0000] {dagbag.py:539} INFO - Filling up the DagBag from /home/airflow/.local/lib/python3.8/site-packages/airflow/example_dags/example_latest_only.py
[2024-06-17T18:04:43.373+0000] {processor.py:839} INFO - DAG(s) dict_keys(['latest_only']) retrieved from /home/airflow/.local/lib/python3.8/site-packages/airflow/example_dags/example_latest_only.py
[2024-06-17T18:04:43.379+0000] {logging_mixin.py:151} INFO - [2024-06-17T18:04:43.379+0000] {dag.py:2907} INFO - Sync 1 DAGs
[2024-06-17T18:04:43.390+0000] {logging_mixin.py:151} INFO - [2024-06-17T18:04:43.390+0000] {dag.py:3677} INFO - Setting next_dagrun for latest_only to 2024-06-17T14:04:43.390228+00:00, run_after=2024-06-17T18:04:43.390228+00:00
[2024-06-17T18:04:43.398+0000] {processor.py:179} INFO - Processing /home/airflow/.local/lib/python3.8/site-packages/airflow/example_dags/example_latest_only.py took 0.031 seconds
[2024-06-17T18:05:14.402+0000] {processor.py:157} INFO - Started process (PID=100) to work on /home/airflow/.local/lib/python3.8/site-packages/airflow/example_dags/example_latest_only.py
[2024-06-17T18:05:14.402+0000] {processor.py:829} INFO - Processing file /home/airflow/.local/lib/python3.8/site-packages/airflow/example_dags/example_latest_only.py for tasks to queue
[2024-06-17T18:05:14.403+0000] {logging_mixin.py:151} INFO - [2024-06-17T18:05:14.403+0000] {dagbag.py:539} INFO - Filling up the DagBag from /home/airflow/.local/lib/python3.8/site-packages/airflow/example_dags/example_latest_only.py
[2024-06-17T18:05:14.405+0000] {processor.py:839} INFO - DAG(s) dict_keys(['latest_only']) retrieved from /home/airflow/.local/lib/python3.8/site-packages/airflow/example_dags/example_latest_only.py
[2024-06-17T18:05:14.484+0000] {logging_mixin.py:151} INFO - [2024-06-17T18:05:14.484+0000] {dag.py:2907} INFO - Sync 1 DAGs
[2024-06-17T18:05:14.493+0000] {logging_mixin.py:151} INFO - [2024-06-17T18:05:14.493+0000] {dag.py:3677} INFO - Setting next_dagrun for latest_only to 2024-06-17T14:05:14.493093+00:00, run_after=2024-06-17T18:05:14.493093+00:00
[2024-06-17T18:05:14.500+0000] {processor.py:179} INFO - Processing /home/airflow/.local/lib/python3.8/site-packages/airflow/example_dags/example_latest_only.py took 0.099 seconds
[2024-06-17T18:05:44.706+0000] {processor.py:157} INFO - Started process (PID=155) to work on /home/airflow/.local/lib/python3.8/site-packages/airflow/example_dags/example_latest_only.py
[2024-06-17T18:05:44.706+0000] {processor.py:829} INFO - Processing file /home/airflow/.local/lib/python3.8/site-packages/airflow/example_dags/example_latest_only.py for tasks to queue
[2024-06-17T18:05:44.707+0000] {logging_mixin.py:151} INFO - [2024-06-17T18:05:44.707+0000] {dagbag.py:539} INFO - Filling up the DagBag from /home/airflow/.local/lib/python3.8/site-packages/airflow/example_dags/example_latest_only.py
[2024-06-17T18:05:44.710+0000] {processor.py:839} INFO - DAG(s) dict_keys(['latest_only']) retrieved from /home/airflow/.local/lib/python3.8/site-packages/airflow/example_dags/example_latest_only.py
[2024-06-17T18:05:44.718+0000] {logging_mixin.py:151} INFO - [2024-06-17T18:05:44.718+0000] {dag.py:2907} INFO - Sync 1 DAGs
[2024-06-17T18:05:44.727+0000] {logging_mixin.py:151} INFO - [2024-06-17T18:05:44.727+0000] {dag.py:3677} INFO - Setting next_dagrun for latest_only to 2024-06-17T14:05:44.727239+00:00, run_after=2024-06-17T18:05:44.727239+00:00
[2024-06-17T18:05:44.739+0000] {processor.py:179} INFO - Processing /home/airflow/.local/lib/python3.8/site-packages/airflow/example_dags/example_latest_only.py took 0.035 seconds
[2024-06-17T18:06:15.372+0000] {processor.py:157} INFO - Started process (PID=210) to work on /home/airflow/.local/lib/python3.8/site-packages/airflow/example_dags/example_latest_only.py
[2024-06-17T18:06:15.372+0000] {processor.py:829} INFO - Processing file /home/airflow/.local/lib/python3.8/site-packages/airflow/example_dags/example_latest_only.py for tasks to queue
[2024-06-17T18:06:15.373+0000] {logging_mixin.py:151} INFO - [2024-06-17T18:06:15.373+0000] {dagbag.py:539} INFO - Filling up the DagBag from /home/airflow/.local/lib/python3.8/site-packages/airflow/example_dags/example_latest_only.py
[2024-06-17T18:06:15.375+0000] {processor.py:839} INFO - DAG(s) dict_keys(['latest_only']) retrieved from /home/airflow/.local/lib/python3.8/site-packages/airflow/example_dags/example_latest_only.py
[2024-06-17T18:06:15.383+0000] {logging_mixin.py:151} INFO - [2024-06-17T18:06:15.383+0000] {dag.py:2907} INFO - Sync 1 DAGs
[2024-06-17T18:06:15.391+0000] {logging_mixin.py:151} INFO - [2024-06-17T18:06:15.391+0000] {dag.py:3677} INFO - Setting next_dagrun for latest_only to 2024-06-17T14:06:15.391510+00:00, run_after=2024-06-17T18:06:15.391510+00:00
[2024-06-17T18:06:15.402+0000] {processor.py:179} INFO - Processing /home/airflow/.local/lib/python3.8/site-packages/airflow/example_dags/example_latest_only.py took 0.032 seconds
[2024-06-17T18:06:46.008+0000] {processor.py:157} INFO - Started process (PID=265) to work on /home/airflow/.local/lib/python3.8/site-packages/airflow/example_dags/example_latest_only.py
[2024-06-17T18:06:46.009+0000] {processor.py:829} INFO - Processing file /home/airflow/.local/lib/python3.8/site-packages/airflow/example_dags/example_latest_only.py for tasks to queue
[2024-06-17T18:06:46.009+0000] {logging_mixin.py:151} INFO - [2024-06-17T18:06:46.009+0000] {dagbag.py:539} INFO - Filling up the DagBag from /home/airflow/.local/lib/python3.8/site-packages/airflow/example_dags/example_latest_only.py
[2024-06-17T18:06:46.012+0000] {processor.py:839} INFO - DAG(s) dict_keys(['latest_only']) retrieved from /home/airflow/.local/lib/python3.8/site-packages/airflow/example_dags/example_latest_only.py
[2024-06-17T18:06:46.020+0000] {logging_mixin.py:151} INFO - [2024-06-17T18:06:46.020+0000] {dag.py:2907} INFO - Sync 1 DAGs
[2024-06-17T18:06:46.028+0000] {logging_mixin.py:151} INFO - [2024-06-17T18:06:46.028+0000] {dag.py:3677} INFO - Setting next_dagrun for latest_only to 2024-06-17T14:06:46.028632+00:00, run_after=2024-06-17T18:06:46.028632+00:00
[2024-06-17T18:06:46.035+0000] {processor.py:179} INFO - Processing /home/airflow/.local/lib/python3.8/site-packages/airflow/example_dags/example_latest_only.py took 0.028 seconds
[2024-06-17T18:07:16.412+0000] {processor.py:157} INFO - Started process (PID=320) to work on /home/airflow/.local/lib/python3.8/site-packages/airflow/example_dags/example_latest_only.py
[2024-06-17T18:07:16.413+0000] {processor.py:829} INFO - Processing file /home/airflow/.local/lib/python3.8/site-packages/airflow/example_dags/example_latest_only.py for tasks to queue
[2024-06-17T18:07:16.414+0000] {logging_mixin.py:151} INFO - [2024-06-17T18:07:16.414+0000] {dagbag.py:539} INFO - Filling up the DagBag from /home/airflow/.local/lib/python3.8/site-packages/airflow/example_dags/example_latest_only.py
[2024-06-17T18:07:16.416+0000] {processor.py:839} INFO - DAG(s) dict_keys(['latest_only']) retrieved from /home/airflow/.local/lib/python3.8/site-packages/airflow/example_dags/example_latest_only.py
[2024-06-17T18:07:16.424+0000] {logging_mixin.py:151} INFO - [2024-06-17T18:07:16.424+0000] {dag.py:2907} INFO - Sync 1 DAGs
[2024-06-17T18:07:16.433+0000] {logging_mixin.py:151} INFO - [2024-06-17T18:07:16.432+0000] {dag.py:3677} INFO - Setting next_dagrun for latest_only to 2024-06-17T14:07:16.432841+00:00, run_after=2024-06-17T18:07:16.432841+00:00
[2024-06-17T18:07:16.439+0000] {processor.py:179} INFO - Processing /home/airflow/.local/lib/python3.8/site-packages/airflow/example_dags/example_latest_only.py took 0.029 seconds
