[2024-06-17T17:56:41.994+0000] {processor.py:157} INFO - Started process (PID=59) to work on /home/airflow/.local/lib/python3.8/site-packages/airflow/example_dags/example_bash_operator.py
[2024-06-17T17:56:41.995+0000] {processor.py:829} INFO - Processing file /home/airflow/.local/lib/python3.8/site-packages/airflow/example_dags/example_bash_operator.py for tasks to queue
[2024-06-17T17:56:41.996+0000] {logging_mixin.py:151} INFO - [2024-06-17T17:56:41.996+0000] {dagbag.py:539} INFO - Filling up the DagBag from /home/airflow/.local/lib/python3.8/site-packages/airflow/example_dags/example_bash_operator.py
[2024-06-17T17:56:42.106+0000] {processor.py:839} INFO - DAG(s) dict_keys(['example_bash_operator']) retrieved from /home/airflow/.local/lib/python3.8/site-packages/airflow/example_dags/example_bash_operator.py
[2024-06-17T17:56:42.163+0000] {logging_mixin.py:151} INFO - [2024-06-17T17:56:42.163+0000] {manager.py:501} INFO - Created Permission View: can delete on DAG:example_bash_operator
[2024-06-17T17:56:42.167+0000] {logging_mixin.py:151} INFO - [2024-06-17T17:56:42.167+0000] {manager.py:501} INFO - Created Permission View: can read on DAG:example_bash_operator
[2024-06-17T17:56:42.170+0000] {logging_mixin.py:151} INFO - [2024-06-17T17:56:42.170+0000] {manager.py:501} INFO - Created Permission View: can edit on DAG:example_bash_operator
[2024-06-17T17:56:42.176+0000] {logging_mixin.py:151} INFO - [2024-06-17T17:56:42.175+0000] {dag.py:2907} INFO - Sync 1 DAGs
[2024-06-17T17:56:42.180+0000] {logging_mixin.py:151} INFO - [2024-06-17T17:56:42.180+0000] {dag.py:2929} INFO - Creating ORM DAG for example_bash_operator
[2024-06-17T17:56:42.184+0000] {logging_mixin.py:151} INFO - [2024-06-17T17:56:42.184+0000] {dag.py:3677} INFO - Setting next_dagrun for example_bash_operator to 2024-06-16T00:00:00+00:00, run_after=2024-06-17T00:00:00+00:00
[2024-06-17T17:56:42.192+0000] {processor.py:179} INFO - Processing /home/airflow/.local/lib/python3.8/site-packages/airflow/example_dags/example_bash_operator.py took 0.201 seconds
[2024-06-17T17:57:12.715+0000] {processor.py:157} INFO - Started process (PID=114) to work on /home/airflow/.local/lib/python3.8/site-packages/airflow/example_dags/example_bash_operator.py
[2024-06-17T17:57:12.715+0000] {processor.py:829} INFO - Processing file /home/airflow/.local/lib/python3.8/site-packages/airflow/example_dags/example_bash_operator.py for tasks to queue
[2024-06-17T17:57:12.716+0000] {logging_mixin.py:151} INFO - [2024-06-17T17:57:12.716+0000] {dagbag.py:539} INFO - Filling up the DagBag from /home/airflow/.local/lib/python3.8/site-packages/airflow/example_dags/example_bash_operator.py
[2024-06-17T17:57:12.721+0000] {processor.py:839} INFO - DAG(s) dict_keys(['example_bash_operator']) retrieved from /home/airflow/.local/lib/python3.8/site-packages/airflow/example_dags/example_bash_operator.py
[2024-06-17T17:57:12.733+0000] {logging_mixin.py:151} INFO - [2024-06-17T17:57:12.733+0000] {dag.py:2907} INFO - Sync 1 DAGs
[2024-06-17T17:57:12.742+0000] {logging_mixin.py:151} INFO - [2024-06-17T17:57:12.742+0000] {dag.py:3677} INFO - Setting next_dagrun for example_bash_operator to 2024-06-16T00:00:00+00:00, run_after=2024-06-17T00:00:00+00:00
[2024-06-17T17:57:12.749+0000] {processor.py:179} INFO - Processing /home/airflow/.local/lib/python3.8/site-packages/airflow/example_dags/example_bash_operator.py took 0.036 seconds
[2024-06-17T17:57:43.295+0000] {processor.py:157} INFO - Started process (PID=169) to work on /home/airflow/.local/lib/python3.8/site-packages/airflow/example_dags/example_bash_operator.py
[2024-06-17T17:57:43.295+0000] {processor.py:829} INFO - Processing file /home/airflow/.local/lib/python3.8/site-packages/airflow/example_dags/example_bash_operator.py for tasks to queue
[2024-06-17T17:57:43.296+0000] {logging_mixin.py:151} INFO - [2024-06-17T17:57:43.296+0000] {dagbag.py:539} INFO - Filling up the DagBag from /home/airflow/.local/lib/python3.8/site-packages/airflow/example_dags/example_bash_operator.py
[2024-06-17T17:57:43.301+0000] {processor.py:839} INFO - DAG(s) dict_keys(['example_bash_operator']) retrieved from /home/airflow/.local/lib/python3.8/site-packages/airflow/example_dags/example_bash_operator.py
[2024-06-17T17:57:43.313+0000] {logging_mixin.py:151} INFO - [2024-06-17T17:57:43.313+0000] {dag.py:2907} INFO - Sync 1 DAGs
[2024-06-17T17:57:43.323+0000] {logging_mixin.py:151} INFO - [2024-06-17T17:57:43.323+0000] {dag.py:3677} INFO - Setting next_dagrun for example_bash_operator to 2024-06-16T00:00:00+00:00, run_after=2024-06-17T00:00:00+00:00
[2024-06-17T17:57:43.330+0000] {processor.py:179} INFO - Processing /home/airflow/.local/lib/python3.8/site-packages/airflow/example_dags/example_bash_operator.py took 0.037 seconds
[2024-06-17T17:58:13.857+0000] {processor.py:157} INFO - Started process (PID=224) to work on /home/airflow/.local/lib/python3.8/site-packages/airflow/example_dags/example_bash_operator.py
[2024-06-17T17:58:13.857+0000] {processor.py:829} INFO - Processing file /home/airflow/.local/lib/python3.8/site-packages/airflow/example_dags/example_bash_operator.py for tasks to queue
[2024-06-17T17:58:13.858+0000] {logging_mixin.py:151} INFO - [2024-06-17T17:58:13.858+0000] {dagbag.py:539} INFO - Filling up the DagBag from /home/airflow/.local/lib/python3.8/site-packages/airflow/example_dags/example_bash_operator.py
[2024-06-17T17:58:13.863+0000] {processor.py:839} INFO - DAG(s) dict_keys(['example_bash_operator']) retrieved from /home/airflow/.local/lib/python3.8/site-packages/airflow/example_dags/example_bash_operator.py
[2024-06-17T17:58:13.875+0000] {logging_mixin.py:151} INFO - [2024-06-17T17:58:13.875+0000] {dag.py:2907} INFO - Sync 1 DAGs
[2024-06-17T17:58:13.884+0000] {logging_mixin.py:151} INFO - [2024-06-17T17:58:13.884+0000] {dag.py:3677} INFO - Setting next_dagrun for example_bash_operator to 2024-06-16T00:00:00+00:00, run_after=2024-06-17T00:00:00+00:00
[2024-06-17T17:58:13.891+0000] {processor.py:179} INFO - Processing /home/airflow/.local/lib/python3.8/site-packages/airflow/example_dags/example_bash_operator.py took 0.036 seconds
[2024-06-17T17:58:44.373+0000] {processor.py:157} INFO - Started process (PID=279) to work on /home/airflow/.local/lib/python3.8/site-packages/airflow/example_dags/example_bash_operator.py
[2024-06-17T17:58:44.373+0000] {processor.py:829} INFO - Processing file /home/airflow/.local/lib/python3.8/site-packages/airflow/example_dags/example_bash_operator.py for tasks to queue
[2024-06-17T17:58:44.374+0000] {logging_mixin.py:151} INFO - [2024-06-17T17:58:44.374+0000] {dagbag.py:539} INFO - Filling up the DagBag from /home/airflow/.local/lib/python3.8/site-packages/airflow/example_dags/example_bash_operator.py
[2024-06-17T17:58:44.379+0000] {processor.py:839} INFO - DAG(s) dict_keys(['example_bash_operator']) retrieved from /home/airflow/.local/lib/python3.8/site-packages/airflow/example_dags/example_bash_operator.py
[2024-06-17T17:58:44.391+0000] {logging_mixin.py:151} INFO - [2024-06-17T17:58:44.391+0000] {dag.py:2907} INFO - Sync 1 DAGs
[2024-06-17T17:58:44.404+0000] {logging_mixin.py:151} INFO - [2024-06-17T17:58:44.404+0000] {dag.py:3677} INFO - Setting next_dagrun for example_bash_operator to 2024-06-16T00:00:00+00:00, run_after=2024-06-17T00:00:00+00:00
[2024-06-17T17:58:44.411+0000] {processor.py:179} INFO - Processing /home/airflow/.local/lib/python3.8/site-packages/airflow/example_dags/example_bash_operator.py took 0.040 seconds
[2024-06-17T17:59:14.911+0000] {processor.py:157} INFO - Started process (PID=334) to work on /home/airflow/.local/lib/python3.8/site-packages/airflow/example_dags/example_bash_operator.py
[2024-06-17T17:59:14.912+0000] {processor.py:829} INFO - Processing file /home/airflow/.local/lib/python3.8/site-packages/airflow/example_dags/example_bash_operator.py for tasks to queue
[2024-06-17T17:59:14.913+0000] {logging_mixin.py:151} INFO - [2024-06-17T17:59:14.913+0000] {dagbag.py:539} INFO - Filling up the DagBag from /home/airflow/.local/lib/python3.8/site-packages/airflow/example_dags/example_bash_operator.py
[2024-06-17T17:59:14.918+0000] {processor.py:839} INFO - DAG(s) dict_keys(['example_bash_operator']) retrieved from /home/airflow/.local/lib/python3.8/site-packages/airflow/example_dags/example_bash_operator.py
[2024-06-17T17:59:14.930+0000] {logging_mixin.py:151} INFO - [2024-06-17T17:59:14.930+0000] {dag.py:2907} INFO - Sync 1 DAGs
[2024-06-17T17:59:14.940+0000] {logging_mixin.py:151} INFO - [2024-06-17T17:59:14.940+0000] {dag.py:3677} INFO - Setting next_dagrun for example_bash_operator to 2024-06-16T00:00:00+00:00, run_after=2024-06-17T00:00:00+00:00
[2024-06-17T17:59:14.947+0000] {processor.py:179} INFO - Processing /home/airflow/.local/lib/python3.8/site-packages/airflow/example_dags/example_bash_operator.py took 0.037 seconds
[2024-06-17T17:59:45.385+0000] {processor.py:157} INFO - Started process (PID=389) to work on /home/airflow/.local/lib/python3.8/site-packages/airflow/example_dags/example_bash_operator.py
[2024-06-17T17:59:45.385+0000] {processor.py:829} INFO - Processing file /home/airflow/.local/lib/python3.8/site-packages/airflow/example_dags/example_bash_operator.py for tasks to queue
[2024-06-17T17:59:45.386+0000] {logging_mixin.py:151} INFO - [2024-06-17T17:59:45.386+0000] {dagbag.py:539} INFO - Filling up the DagBag from /home/airflow/.local/lib/python3.8/site-packages/airflow/example_dags/example_bash_operator.py
[2024-06-17T17:59:45.391+0000] {processor.py:839} INFO - DAG(s) dict_keys(['example_bash_operator']) retrieved from /home/airflow/.local/lib/python3.8/site-packages/airflow/example_dags/example_bash_operator.py
[2024-06-17T17:59:45.403+0000] {logging_mixin.py:151} INFO - [2024-06-17T17:59:45.403+0000] {dag.py:2907} INFO - Sync 1 DAGs
[2024-06-17T17:59:45.412+0000] {logging_mixin.py:151} INFO - [2024-06-17T17:59:45.412+0000] {dag.py:3677} INFO - Setting next_dagrun for example_bash_operator to 2024-06-16T00:00:00+00:00, run_after=2024-06-17T00:00:00+00:00
[2024-06-17T17:59:45.419+0000] {processor.py:179} INFO - Processing /home/airflow/.local/lib/python3.8/site-packages/airflow/example_dags/example_bash_operator.py took 0.036 seconds
[2024-06-17T18:00:15.944+0000] {processor.py:157} INFO - Started process (PID=444) to work on /home/airflow/.local/lib/python3.8/site-packages/airflow/example_dags/example_bash_operator.py
[2024-06-17T18:00:15.944+0000] {processor.py:829} INFO - Processing file /home/airflow/.local/lib/python3.8/site-packages/airflow/example_dags/example_bash_operator.py for tasks to queue
[2024-06-17T18:00:15.945+0000] {logging_mixin.py:151} INFO - [2024-06-17T18:00:15.945+0000] {dagbag.py:539} INFO - Filling up the DagBag from /home/airflow/.local/lib/python3.8/site-packages/airflow/example_dags/example_bash_operator.py
[2024-06-17T18:00:15.950+0000] {processor.py:839} INFO - DAG(s) dict_keys(['example_bash_operator']) retrieved from /home/airflow/.local/lib/python3.8/site-packages/airflow/example_dags/example_bash_operator.py
[2024-06-17T18:00:15.963+0000] {logging_mixin.py:151} INFO - [2024-06-17T18:00:15.962+0000] {dag.py:2907} INFO - Sync 1 DAGs
[2024-06-17T18:00:15.972+0000] {logging_mixin.py:151} INFO - [2024-06-17T18:00:15.972+0000] {dag.py:3677} INFO - Setting next_dagrun for example_bash_operator to 2024-06-16T00:00:00+00:00, run_after=2024-06-17T00:00:00+00:00
[2024-06-17T18:00:15.979+0000] {processor.py:179} INFO - Processing /home/airflow/.local/lib/python3.8/site-packages/airflow/example_dags/example_bash_operator.py took 0.037 seconds
[2024-06-17T18:00:46.423+0000] {processor.py:157} INFO - Started process (PID=499) to work on /home/airflow/.local/lib/python3.8/site-packages/airflow/example_dags/example_bash_operator.py
[2024-06-17T18:00:46.424+0000] {processor.py:829} INFO - Processing file /home/airflow/.local/lib/python3.8/site-packages/airflow/example_dags/example_bash_operator.py for tasks to queue
[2024-06-17T18:00:46.425+0000] {logging_mixin.py:151} INFO - [2024-06-17T18:00:46.425+0000] {dagbag.py:539} INFO - Filling up the DagBag from /home/airflow/.local/lib/python3.8/site-packages/airflow/example_dags/example_bash_operator.py
[2024-06-17T18:00:46.430+0000] {processor.py:839} INFO - DAG(s) dict_keys(['example_bash_operator']) retrieved from /home/airflow/.local/lib/python3.8/site-packages/airflow/example_dags/example_bash_operator.py
[2024-06-17T18:00:46.442+0000] {logging_mixin.py:151} INFO - [2024-06-17T18:00:46.442+0000] {dag.py:2907} INFO - Sync 1 DAGs
[2024-06-17T18:00:46.452+0000] {logging_mixin.py:151} INFO - [2024-06-17T18:00:46.452+0000] {dag.py:3677} INFO - Setting next_dagrun for example_bash_operator to 2024-06-16T00:00:00+00:00, run_after=2024-06-17T00:00:00+00:00
[2024-06-17T18:00:46.459+0000] {processor.py:179} INFO - Processing /home/airflow/.local/lib/python3.8/site-packages/airflow/example_dags/example_bash_operator.py took 0.037 seconds
[2024-06-17T18:01:17.010+0000] {processor.py:157} INFO - Started process (PID=554) to work on /home/airflow/.local/lib/python3.8/site-packages/airflow/example_dags/example_bash_operator.py
[2024-06-17T18:01:17.011+0000] {processor.py:829} INFO - Processing file /home/airflow/.local/lib/python3.8/site-packages/airflow/example_dags/example_bash_operator.py for tasks to queue
[2024-06-17T18:01:17.012+0000] {logging_mixin.py:151} INFO - [2024-06-17T18:01:17.011+0000] {dagbag.py:539} INFO - Filling up the DagBag from /home/airflow/.local/lib/python3.8/site-packages/airflow/example_dags/example_bash_operator.py
[2024-06-17T18:01:17.017+0000] {processor.py:839} INFO - DAG(s) dict_keys(['example_bash_operator']) retrieved from /home/airflow/.local/lib/python3.8/site-packages/airflow/example_dags/example_bash_operator.py
[2024-06-17T18:01:17.030+0000] {logging_mixin.py:151} INFO - [2024-06-17T18:01:17.030+0000] {dag.py:2907} INFO - Sync 1 DAGs
[2024-06-17T18:01:17.041+0000] {logging_mixin.py:151} INFO - [2024-06-17T18:01:17.041+0000] {dag.py:3677} INFO - Setting next_dagrun for example_bash_operator to 2024-06-16T00:00:00+00:00, run_after=2024-06-17T00:00:00+00:00
[2024-06-17T18:01:17.049+0000] {processor.py:179} INFO - Processing /home/airflow/.local/lib/python3.8/site-packages/airflow/example_dags/example_bash_operator.py took 0.040 seconds
[2024-06-17T18:01:47.581+0000] {processor.py:157} INFO - Started process (PID=609) to work on /home/airflow/.local/lib/python3.8/site-packages/airflow/example_dags/example_bash_operator.py
[2024-06-17T18:01:47.582+0000] {processor.py:829} INFO - Processing file /home/airflow/.local/lib/python3.8/site-packages/airflow/example_dags/example_bash_operator.py for tasks to queue
[2024-06-17T18:01:47.583+0000] {logging_mixin.py:151} INFO - [2024-06-17T18:01:47.583+0000] {dagbag.py:539} INFO - Filling up the DagBag from /home/airflow/.local/lib/python3.8/site-packages/airflow/example_dags/example_bash_operator.py
[2024-06-17T18:01:47.588+0000] {processor.py:839} INFO - DAG(s) dict_keys(['example_bash_operator']) retrieved from /home/airflow/.local/lib/python3.8/site-packages/airflow/example_dags/example_bash_operator.py
[2024-06-17T18:01:47.601+0000] {logging_mixin.py:151} INFO - [2024-06-17T18:01:47.601+0000] {dag.py:2907} INFO - Sync 1 DAGs
[2024-06-17T18:01:47.610+0000] {logging_mixin.py:151} INFO - [2024-06-17T18:01:47.610+0000] {dag.py:3677} INFO - Setting next_dagrun for example_bash_operator to 2024-06-16T00:00:00+00:00, run_after=2024-06-17T00:00:00+00:00
[2024-06-17T18:01:47.617+0000] {processor.py:179} INFO - Processing /home/airflow/.local/lib/python3.8/site-packages/airflow/example_dags/example_bash_operator.py took 0.038 seconds
[2024-06-17T18:02:18.142+0000] {processor.py:157} INFO - Started process (PID=664) to work on /home/airflow/.local/lib/python3.8/site-packages/airflow/example_dags/example_bash_operator.py
[2024-06-17T18:02:18.142+0000] {processor.py:829} INFO - Processing file /home/airflow/.local/lib/python3.8/site-packages/airflow/example_dags/example_bash_operator.py for tasks to queue
[2024-06-17T18:02:18.143+0000] {logging_mixin.py:151} INFO - [2024-06-17T18:02:18.143+0000] {dagbag.py:539} INFO - Filling up the DagBag from /home/airflow/.local/lib/python3.8/site-packages/airflow/example_dags/example_bash_operator.py
[2024-06-17T18:02:18.148+0000] {processor.py:839} INFO - DAG(s) dict_keys(['example_bash_operator']) retrieved from /home/airflow/.local/lib/python3.8/site-packages/airflow/example_dags/example_bash_operator.py
[2024-06-17T18:02:18.160+0000] {logging_mixin.py:151} INFO - [2024-06-17T18:02:18.160+0000] {dag.py:2907} INFO - Sync 1 DAGs
[2024-06-17T18:02:18.170+0000] {logging_mixin.py:151} INFO - [2024-06-17T18:02:18.170+0000] {dag.py:3677} INFO - Setting next_dagrun for example_bash_operator to 2024-06-16T00:00:00+00:00, run_after=2024-06-17T00:00:00+00:00
[2024-06-17T18:02:18.177+0000] {processor.py:179} INFO - Processing /home/airflow/.local/lib/python3.8/site-packages/airflow/example_dags/example_bash_operator.py took 0.037 seconds
[2024-06-17T18:02:48.713+0000] {processor.py:157} INFO - Started process (PID=719) to work on /home/airflow/.local/lib/python3.8/site-packages/airflow/example_dags/example_bash_operator.py
[2024-06-17T18:02:48.714+0000] {processor.py:829} INFO - Processing file /home/airflow/.local/lib/python3.8/site-packages/airflow/example_dags/example_bash_operator.py for tasks to queue
[2024-06-17T18:02:48.715+0000] {logging_mixin.py:151} INFO - [2024-06-17T18:02:48.715+0000] {dagbag.py:539} INFO - Filling up the DagBag from /home/airflow/.local/lib/python3.8/site-packages/airflow/example_dags/example_bash_operator.py
[2024-06-17T18:02:48.720+0000] {processor.py:839} INFO - DAG(s) dict_keys(['example_bash_operator']) retrieved from /home/airflow/.local/lib/python3.8/site-packages/airflow/example_dags/example_bash_operator.py
[2024-06-17T18:02:48.733+0000] {logging_mixin.py:151} INFO - [2024-06-17T18:02:48.732+0000] {dag.py:2907} INFO - Sync 1 DAGs
[2024-06-17T18:02:48.742+0000] {logging_mixin.py:151} INFO - [2024-06-17T18:02:48.742+0000] {dag.py:3677} INFO - Setting next_dagrun for example_bash_operator to 2024-06-16T00:00:00+00:00, run_after=2024-06-17T00:00:00+00:00
[2024-06-17T18:02:48.749+0000] {processor.py:179} INFO - Processing /home/airflow/.local/lib/python3.8/site-packages/airflow/example_dags/example_bash_operator.py took 0.037 seconds
[2024-06-17T18:03:19.186+0000] {processor.py:157} INFO - Started process (PID=774) to work on /home/airflow/.local/lib/python3.8/site-packages/airflow/example_dags/example_bash_operator.py
[2024-06-17T18:03:19.186+0000] {processor.py:829} INFO - Processing file /home/airflow/.local/lib/python3.8/site-packages/airflow/example_dags/example_bash_operator.py for tasks to queue
[2024-06-17T18:03:19.187+0000] {logging_mixin.py:151} INFO - [2024-06-17T18:03:19.187+0000] {dagbag.py:539} INFO - Filling up the DagBag from /home/airflow/.local/lib/python3.8/site-packages/airflow/example_dags/example_bash_operator.py
[2024-06-17T18:03:19.192+0000] {processor.py:839} INFO - DAG(s) dict_keys(['example_bash_operator']) retrieved from /home/airflow/.local/lib/python3.8/site-packages/airflow/example_dags/example_bash_operator.py
[2024-06-17T18:03:19.204+0000] {logging_mixin.py:151} INFO - [2024-06-17T18:03:19.204+0000] {dag.py:2907} INFO - Sync 1 DAGs
[2024-06-17T18:03:19.215+0000] {logging_mixin.py:151} INFO - [2024-06-17T18:03:19.215+0000] {dag.py:3677} INFO - Setting next_dagrun for example_bash_operator to 2024-06-16T00:00:00+00:00, run_after=2024-06-17T00:00:00+00:00
[2024-06-17T18:03:19.222+0000] {processor.py:179} INFO - Processing /home/airflow/.local/lib/python3.8/site-packages/airflow/example_dags/example_bash_operator.py took 0.038 seconds
[2024-06-17T18:03:49.676+0000] {processor.py:157} INFO - Started process (PID=829) to work on /home/airflow/.local/lib/python3.8/site-packages/airflow/example_dags/example_bash_operator.py
[2024-06-17T18:03:49.677+0000] {processor.py:829} INFO - Processing file /home/airflow/.local/lib/python3.8/site-packages/airflow/example_dags/example_bash_operator.py for tasks to queue
[2024-06-17T18:03:49.678+0000] {logging_mixin.py:151} INFO - [2024-06-17T18:03:49.678+0000] {dagbag.py:539} INFO - Filling up the DagBag from /home/airflow/.local/lib/python3.8/site-packages/airflow/example_dags/example_bash_operator.py
[2024-06-17T18:03:49.683+0000] {processor.py:839} INFO - DAG(s) dict_keys(['example_bash_operator']) retrieved from /home/airflow/.local/lib/python3.8/site-packages/airflow/example_dags/example_bash_operator.py
[2024-06-17T18:03:49.695+0000] {logging_mixin.py:151} INFO - [2024-06-17T18:03:49.695+0000] {dag.py:2907} INFO - Sync 1 DAGs
[2024-06-17T18:03:49.704+0000] {logging_mixin.py:151} INFO - [2024-06-17T18:03:49.704+0000] {dag.py:3677} INFO - Setting next_dagrun for example_bash_operator to 2024-06-16T00:00:00+00:00, run_after=2024-06-17T00:00:00+00:00
[2024-06-17T18:03:49.712+0000] {processor.py:179} INFO - Processing /home/airflow/.local/lib/python3.8/site-packages/airflow/example_dags/example_bash_operator.py took 0.037 seconds
[2024-06-17T18:04:20.197+0000] {processor.py:157} INFO - Started process (PID=884) to work on /home/airflow/.local/lib/python3.8/site-packages/airflow/example_dags/example_bash_operator.py
[2024-06-17T18:04:20.197+0000] {processor.py:829} INFO - Processing file /home/airflow/.local/lib/python3.8/site-packages/airflow/example_dags/example_bash_operator.py for tasks to queue
[2024-06-17T18:04:20.198+0000] {logging_mixin.py:151} INFO - [2024-06-17T18:04:20.198+0000] {dagbag.py:539} INFO - Filling up the DagBag from /home/airflow/.local/lib/python3.8/site-packages/airflow/example_dags/example_bash_operator.py
[2024-06-17T18:04:20.204+0000] {processor.py:839} INFO - DAG(s) dict_keys(['example_bash_operator']) retrieved from /home/airflow/.local/lib/python3.8/site-packages/airflow/example_dags/example_bash_operator.py
[2024-06-17T18:04:20.217+0000] {logging_mixin.py:151} INFO - [2024-06-17T18:04:20.217+0000] {dag.py:2907} INFO - Sync 1 DAGs
[2024-06-17T18:04:20.227+0000] {logging_mixin.py:151} INFO - [2024-06-17T18:04:20.227+0000] {dag.py:3677} INFO - Setting next_dagrun for example_bash_operator to 2024-06-16T00:00:00+00:00, run_after=2024-06-17T00:00:00+00:00
[2024-06-17T18:04:20.234+0000] {processor.py:179} INFO - Processing /home/airflow/.local/lib/python3.8/site-packages/airflow/example_dags/example_bash_operator.py took 0.039 seconds
[2024-06-17T18:04:43.939+0000] {processor.py:157} INFO - Started process (PID=58) to work on /home/airflow/.local/lib/python3.8/site-packages/airflow/example_dags/example_bash_operator.py
[2024-06-17T18:04:43.940+0000] {processor.py:829} INFO - Processing file /home/airflow/.local/lib/python3.8/site-packages/airflow/example_dags/example_bash_operator.py for tasks to queue
[2024-06-17T18:04:43.941+0000] {logging_mixin.py:151} INFO - [2024-06-17T18:04:43.941+0000] {dagbag.py:539} INFO - Filling up the DagBag from /home/airflow/.local/lib/python3.8/site-packages/airflow/example_dags/example_bash_operator.py
[2024-06-17T18:04:43.949+0000] {processor.py:839} INFO - DAG(s) dict_keys(['example_bash_operator']) retrieved from /home/airflow/.local/lib/python3.8/site-packages/airflow/example_dags/example_bash_operator.py
[2024-06-17T18:04:43.959+0000] {logging_mixin.py:151} INFO - [2024-06-17T18:04:43.959+0000] {dag.py:2907} INFO - Sync 1 DAGs
[2024-06-17T18:04:43.975+0000] {logging_mixin.py:151} INFO - [2024-06-17T18:04:43.975+0000] {dag.py:3677} INFO - Setting next_dagrun for example_bash_operator to 2024-06-16T00:00:00+00:00, run_after=2024-06-17T00:00:00+00:00
[2024-06-17T18:04:43.985+0000] {processor.py:179} INFO - Processing /home/airflow/.local/lib/python3.8/site-packages/airflow/example_dags/example_bash_operator.py took 0.049 seconds
[2024-06-17T18:05:15.287+0000] {processor.py:157} INFO - Started process (PID=113) to work on /home/airflow/.local/lib/python3.8/site-packages/airflow/example_dags/example_bash_operator.py
[2024-06-17T18:05:15.288+0000] {processor.py:829} INFO - Processing file /home/airflow/.local/lib/python3.8/site-packages/airflow/example_dags/example_bash_operator.py for tasks to queue
[2024-06-17T18:05:15.289+0000] {logging_mixin.py:151} INFO - [2024-06-17T18:05:15.289+0000] {dagbag.py:539} INFO - Filling up the DagBag from /home/airflow/.local/lib/python3.8/site-packages/airflow/example_dags/example_bash_operator.py
[2024-06-17T18:05:15.361+0000] {processor.py:839} INFO - DAG(s) dict_keys(['example_bash_operator']) retrieved from /home/airflow/.local/lib/python3.8/site-packages/airflow/example_dags/example_bash_operator.py
[2024-06-17T18:05:15.372+0000] {logging_mixin.py:151} INFO - [2024-06-17T18:05:15.372+0000] {dag.py:2907} INFO - Sync 1 DAGs
[2024-06-17T18:05:15.381+0000] {logging_mixin.py:151} INFO - [2024-06-17T18:05:15.381+0000] {dag.py:3677} INFO - Setting next_dagrun for example_bash_operator to 2024-06-16T00:00:00+00:00, run_after=2024-06-17T00:00:00+00:00
[2024-06-17T18:05:15.387+0000] {processor.py:179} INFO - Processing /home/airflow/.local/lib/python3.8/site-packages/airflow/example_dags/example_bash_operator.py took 0.102 seconds
[2024-06-17T18:05:46.091+0000] {processor.py:157} INFO - Started process (PID=168) to work on /home/airflow/.local/lib/python3.8/site-packages/airflow/example_dags/example_bash_operator.py
[2024-06-17T18:05:46.092+0000] {processor.py:829} INFO - Processing file /home/airflow/.local/lib/python3.8/site-packages/airflow/example_dags/example_bash_operator.py for tasks to queue
[2024-06-17T18:05:46.093+0000] {logging_mixin.py:151} INFO - [2024-06-17T18:05:46.093+0000] {dagbag.py:539} INFO - Filling up the DagBag from /home/airflow/.local/lib/python3.8/site-packages/airflow/example_dags/example_bash_operator.py
[2024-06-17T18:05:46.098+0000] {processor.py:839} INFO - DAG(s) dict_keys(['example_bash_operator']) retrieved from /home/airflow/.local/lib/python3.8/site-packages/airflow/example_dags/example_bash_operator.py
[2024-06-17T18:05:46.110+0000] {logging_mixin.py:151} INFO - [2024-06-17T18:05:46.110+0000] {dag.py:2907} INFO - Sync 1 DAGs
[2024-06-17T18:05:46.119+0000] {logging_mixin.py:151} INFO - [2024-06-17T18:05:46.119+0000] {dag.py:3677} INFO - Setting next_dagrun for example_bash_operator to 2024-06-16T00:00:00+00:00, run_after=2024-06-17T00:00:00+00:00
[2024-06-17T18:05:46.125+0000] {processor.py:179} INFO - Processing /home/airflow/.local/lib/python3.8/site-packages/airflow/example_dags/example_bash_operator.py took 0.035 seconds
[2024-06-17T18:06:16.721+0000] {processor.py:157} INFO - Started process (PID=223) to work on /home/airflow/.local/lib/python3.8/site-packages/airflow/example_dags/example_bash_operator.py
[2024-06-17T18:06:16.722+0000] {processor.py:829} INFO - Processing file /home/airflow/.local/lib/python3.8/site-packages/airflow/example_dags/example_bash_operator.py for tasks to queue
[2024-06-17T18:06:16.723+0000] {logging_mixin.py:151} INFO - [2024-06-17T18:06:16.723+0000] {dagbag.py:539} INFO - Filling up the DagBag from /home/airflow/.local/lib/python3.8/site-packages/airflow/example_dags/example_bash_operator.py
[2024-06-17T18:06:16.728+0000] {processor.py:839} INFO - DAG(s) dict_keys(['example_bash_operator']) retrieved from /home/airflow/.local/lib/python3.8/site-packages/airflow/example_dags/example_bash_operator.py
[2024-06-17T18:06:16.739+0000] {logging_mixin.py:151} INFO - [2024-06-17T18:06:16.739+0000] {dag.py:2907} INFO - Sync 1 DAGs
[2024-06-17T18:06:16.749+0000] {logging_mixin.py:151} INFO - [2024-06-17T18:06:16.748+0000] {dag.py:3677} INFO - Setting next_dagrun for example_bash_operator to 2024-06-16T00:00:00+00:00, run_after=2024-06-17T00:00:00+00:00
[2024-06-17T18:06:16.755+0000] {processor.py:179} INFO - Processing /home/airflow/.local/lib/python3.8/site-packages/airflow/example_dags/example_bash_operator.py took 0.035 seconds
[2024-06-17T18:06:47.362+0000] {processor.py:157} INFO - Started process (PID=278) to work on /home/airflow/.local/lib/python3.8/site-packages/airflow/example_dags/example_bash_operator.py
[2024-06-17T18:06:47.362+0000] {processor.py:829} INFO - Processing file /home/airflow/.local/lib/python3.8/site-packages/airflow/example_dags/example_bash_operator.py for tasks to queue
[2024-06-17T18:06:47.363+0000] {logging_mixin.py:151} INFO - [2024-06-17T18:06:47.363+0000] {dagbag.py:539} INFO - Filling up the DagBag from /home/airflow/.local/lib/python3.8/site-packages/airflow/example_dags/example_bash_operator.py
[2024-06-17T18:06:47.368+0000] {processor.py:839} INFO - DAG(s) dict_keys(['example_bash_operator']) retrieved from /home/airflow/.local/lib/python3.8/site-packages/airflow/example_dags/example_bash_operator.py
[2024-06-17T18:06:47.379+0000] {logging_mixin.py:151} INFO - [2024-06-17T18:06:47.379+0000] {dag.py:2907} INFO - Sync 1 DAGs
[2024-06-17T18:06:47.388+0000] {logging_mixin.py:151} INFO - [2024-06-17T18:06:47.388+0000] {dag.py:3677} INFO - Setting next_dagrun for example_bash_operator to 2024-06-16T00:00:00+00:00, run_after=2024-06-17T00:00:00+00:00
[2024-06-17T18:06:47.395+0000] {processor.py:179} INFO - Processing /home/airflow/.local/lib/python3.8/site-packages/airflow/example_dags/example_bash_operator.py took 0.034 seconds
[2024-06-17T18:07:17.762+0000] {processor.py:157} INFO - Started process (PID=333) to work on /home/airflow/.local/lib/python3.8/site-packages/airflow/example_dags/example_bash_operator.py
[2024-06-17T18:07:17.763+0000] {processor.py:829} INFO - Processing file /home/airflow/.local/lib/python3.8/site-packages/airflow/example_dags/example_bash_operator.py for tasks to queue
[2024-06-17T18:07:17.764+0000] {logging_mixin.py:151} INFO - [2024-06-17T18:07:17.763+0000] {dagbag.py:539} INFO - Filling up the DagBag from /home/airflow/.local/lib/python3.8/site-packages/airflow/example_dags/example_bash_operator.py
[2024-06-17T18:07:17.768+0000] {processor.py:839} INFO - DAG(s) dict_keys(['example_bash_operator']) retrieved from /home/airflow/.local/lib/python3.8/site-packages/airflow/example_dags/example_bash_operator.py
[2024-06-17T18:07:17.780+0000] {logging_mixin.py:151} INFO - [2024-06-17T18:07:17.780+0000] {dag.py:2907} INFO - Sync 1 DAGs
[2024-06-17T18:07:17.789+0000] {logging_mixin.py:151} INFO - [2024-06-17T18:07:17.789+0000] {dag.py:3677} INFO - Setting next_dagrun for example_bash_operator to 2024-06-16T00:00:00+00:00, run_after=2024-06-17T00:00:00+00:00
[2024-06-17T18:07:17.795+0000] {processor.py:179} INFO - Processing /home/airflow/.local/lib/python3.8/site-packages/airflow/example_dags/example_bash_operator.py took 0.035 seconds
