[2024-06-17T17:56:43.098+0000] {processor.py:157} INFO - Started process (PID=77) to work on /home/airflow/.local/lib/python3.8/site-packages/airflow/example_dags/example_xcom.py
[2024-06-17T17:56:43.098+0000] {processor.py:829} INFO - Processing file /home/airflow/.local/lib/python3.8/site-packages/airflow/example_dags/example_xcom.py for tasks to queue
[2024-06-17T17:56:43.099+0000] {logging_mixin.py:151} INFO - [2024-06-17T17:56:43.099+0000] {dagbag.py:539} INFO - Filling up the DagBag from /home/airflow/.local/lib/python3.8/site-packages/airflow/example_dags/example_xcom.py
[2024-06-17T17:56:43.104+0000] {processor.py:839} INFO - DAG(s) dict_keys(['example_xcom']) retrieved from /home/airflow/.local/lib/python3.8/site-packages/airflow/example_dags/example_xcom.py
[2024-06-17T17:56:43.154+0000] {logging_mixin.py:151} INFO - [2024-06-17T17:56:43.153+0000] {manager.py:501} INFO - Created Permission View: can delete on DAG:example_xcom
[2024-06-17T17:56:43.157+0000] {logging_mixin.py:151} INFO - [2024-06-17T17:56:43.157+0000] {manager.py:501} INFO - Created Permission View: can read on DAG:example_xcom
[2024-06-17T17:56:43.159+0000] {logging_mixin.py:151} INFO - [2024-06-17T17:56:43.159+0000] {manager.py:501} INFO - Created Permission View: can edit on DAG:example_xcom
[2024-06-17T17:56:43.165+0000] {logging_mixin.py:151} INFO - [2024-06-17T17:56:43.165+0000] {dag.py:2907} INFO - Sync 1 DAGs
[2024-06-17T17:56:43.170+0000] {logging_mixin.py:151} INFO - [2024-06-17T17:56:43.170+0000] {dag.py:2929} INFO - Creating ORM DAG for example_xcom
[2024-06-17T17:56:43.173+0000] {logging_mixin.py:151} INFO - [2024-06-17T17:56:43.173+0000] {dag.py:3677} INFO - Setting next_dagrun for example_xcom to 2021-01-01T00:00:00+00:00, run_after=2021-01-01T00:00:00+00:00
[2024-06-17T17:56:43.179+0000] {processor.py:179} INFO - Processing /home/airflow/.local/lib/python3.8/site-packages/airflow/example_dags/example_xcom.py took 0.083 seconds
[2024-06-17T17:57:14.181+0000] {processor.py:157} INFO - Started process (PID=132) to work on /home/airflow/.local/lib/python3.8/site-packages/airflow/example_dags/example_xcom.py
[2024-06-17T17:57:14.183+0000] {processor.py:829} INFO - Processing file /home/airflow/.local/lib/python3.8/site-packages/airflow/example_dags/example_xcom.py for tasks to queue
[2024-06-17T17:57:14.187+0000] {logging_mixin.py:151} INFO - [2024-06-17T17:57:14.187+0000] {dagbag.py:539} INFO - Filling up the DagBag from /home/airflow/.local/lib/python3.8/site-packages/airflow/example_dags/example_xcom.py
[2024-06-17T17:57:14.196+0000] {processor.py:839} INFO - DAG(s) dict_keys(['example_xcom']) retrieved from /home/airflow/.local/lib/python3.8/site-packages/airflow/example_dags/example_xcom.py
[2024-06-17T17:57:14.213+0000] {logging_mixin.py:151} INFO - [2024-06-17T17:57:14.212+0000] {dag.py:2907} INFO - Sync 1 DAGs
[2024-06-17T17:57:14.225+0000] {logging_mixin.py:151} INFO - [2024-06-17T17:57:14.224+0000] {dag.py:3677} INFO - Setting next_dagrun for example_xcom to 2021-01-01T00:00:00+00:00, run_after=2021-01-01T00:00:00+00:00
[2024-06-17T17:57:14.233+0000] {processor.py:179} INFO - Processing /home/airflow/.local/lib/python3.8/site-packages/airflow/example_dags/example_xcom.py took 0.056 seconds
[2024-06-17T17:57:44.749+0000] {processor.py:157} INFO - Started process (PID=187) to work on /home/airflow/.local/lib/python3.8/site-packages/airflow/example_dags/example_xcom.py
[2024-06-17T17:57:44.751+0000] {processor.py:829} INFO - Processing file /home/airflow/.local/lib/python3.8/site-packages/airflow/example_dags/example_xcom.py for tasks to queue
[2024-06-17T17:57:44.755+0000] {logging_mixin.py:151} INFO - [2024-06-17T17:57:44.754+0000] {dagbag.py:539} INFO - Filling up the DagBag from /home/airflow/.local/lib/python3.8/site-packages/airflow/example_dags/example_xcom.py
[2024-06-17T17:57:44.763+0000] {processor.py:839} INFO - DAG(s) dict_keys(['example_xcom']) retrieved from /home/airflow/.local/lib/python3.8/site-packages/airflow/example_dags/example_xcom.py
[2024-06-17T17:57:44.779+0000] {logging_mixin.py:151} INFO - [2024-06-17T17:57:44.779+0000] {dag.py:2907} INFO - Sync 1 DAGs
[2024-06-17T17:57:44.792+0000] {logging_mixin.py:151} INFO - [2024-06-17T17:57:44.792+0000] {dag.py:3677} INFO - Setting next_dagrun for example_xcom to 2021-01-01T00:00:00+00:00, run_after=2021-01-01T00:00:00+00:00
[2024-06-17T17:57:44.801+0000] {processor.py:179} INFO - Processing /home/airflow/.local/lib/python3.8/site-packages/airflow/example_dags/example_xcom.py took 0.058 seconds
[2024-06-17T17:58:15.314+0000] {processor.py:157} INFO - Started process (PID=242) to work on /home/airflow/.local/lib/python3.8/site-packages/airflow/example_dags/example_xcom.py
[2024-06-17T17:58:15.316+0000] {processor.py:829} INFO - Processing file /home/airflow/.local/lib/python3.8/site-packages/airflow/example_dags/example_xcom.py for tasks to queue
[2024-06-17T17:58:15.319+0000] {logging_mixin.py:151} INFO - [2024-06-17T17:58:15.319+0000] {dagbag.py:539} INFO - Filling up the DagBag from /home/airflow/.local/lib/python3.8/site-packages/airflow/example_dags/example_xcom.py
[2024-06-17T17:58:15.327+0000] {processor.py:839} INFO - DAG(s) dict_keys(['example_xcom']) retrieved from /home/airflow/.local/lib/python3.8/site-packages/airflow/example_dags/example_xcom.py
[2024-06-17T17:58:15.345+0000] {logging_mixin.py:151} INFO - [2024-06-17T17:58:15.345+0000] {dag.py:2907} INFO - Sync 1 DAGs
[2024-06-17T17:58:15.359+0000] {logging_mixin.py:151} INFO - [2024-06-17T17:58:15.359+0000] {dag.py:3677} INFO - Setting next_dagrun for example_xcom to 2021-01-01T00:00:00+00:00, run_after=2021-01-01T00:00:00+00:00
[2024-06-17T17:58:15.368+0000] {processor.py:179} INFO - Processing /home/airflow/.local/lib/python3.8/site-packages/airflow/example_dags/example_xcom.py took 0.059 seconds
[2024-06-17T17:58:45.828+0000] {processor.py:157} INFO - Started process (PID=297) to work on /home/airflow/.local/lib/python3.8/site-packages/airflow/example_dags/example_xcom.py
[2024-06-17T17:58:45.830+0000] {processor.py:829} INFO - Processing file /home/airflow/.local/lib/python3.8/site-packages/airflow/example_dags/example_xcom.py for tasks to queue
[2024-06-17T17:58:45.833+0000] {logging_mixin.py:151} INFO - [2024-06-17T17:58:45.833+0000] {dagbag.py:539} INFO - Filling up the DagBag from /home/airflow/.local/lib/python3.8/site-packages/airflow/example_dags/example_xcom.py
[2024-06-17T17:58:45.841+0000] {processor.py:839} INFO - DAG(s) dict_keys(['example_xcom']) retrieved from /home/airflow/.local/lib/python3.8/site-packages/airflow/example_dags/example_xcom.py
[2024-06-17T17:58:45.859+0000] {logging_mixin.py:151} INFO - [2024-06-17T17:58:45.859+0000] {dag.py:2907} INFO - Sync 1 DAGs
[2024-06-17T17:58:45.872+0000] {logging_mixin.py:151} INFO - [2024-06-17T17:58:45.872+0000] {dag.py:3677} INFO - Setting next_dagrun for example_xcom to 2021-01-01T00:00:00+00:00, run_after=2021-01-01T00:00:00+00:00
[2024-06-17T17:58:45.880+0000] {processor.py:179} INFO - Processing /home/airflow/.local/lib/python3.8/site-packages/airflow/example_dags/example_xcom.py took 0.057 seconds
[2024-06-17T17:59:16.352+0000] {processor.py:157} INFO - Started process (PID=352) to work on /home/airflow/.local/lib/python3.8/site-packages/airflow/example_dags/example_xcom.py
[2024-06-17T17:59:16.355+0000] {processor.py:829} INFO - Processing file /home/airflow/.local/lib/python3.8/site-packages/airflow/example_dags/example_xcom.py for tasks to queue
[2024-06-17T17:59:16.359+0000] {logging_mixin.py:151} INFO - [2024-06-17T17:59:16.358+0000] {dagbag.py:539} INFO - Filling up the DagBag from /home/airflow/.local/lib/python3.8/site-packages/airflow/example_dags/example_xcom.py
[2024-06-17T17:59:16.368+0000] {processor.py:839} INFO - DAG(s) dict_keys(['example_xcom']) retrieved from /home/airflow/.local/lib/python3.8/site-packages/airflow/example_dags/example_xcom.py
[2024-06-17T17:59:16.386+0000] {logging_mixin.py:151} INFO - [2024-06-17T17:59:16.386+0000] {dag.py:2907} INFO - Sync 1 DAGs
[2024-06-17T17:59:16.399+0000] {logging_mixin.py:151} INFO - [2024-06-17T17:59:16.399+0000] {dag.py:3677} INFO - Setting next_dagrun for example_xcom to 2021-01-01T00:00:00+00:00, run_after=2021-01-01T00:00:00+00:00
[2024-06-17T17:59:16.407+0000] {processor.py:179} INFO - Processing /home/airflow/.local/lib/python3.8/site-packages/airflow/example_dags/example_xcom.py took 0.060 seconds
[2024-06-17T17:59:46.886+0000] {processor.py:157} INFO - Started process (PID=407) to work on /home/airflow/.local/lib/python3.8/site-packages/airflow/example_dags/example_xcom.py
[2024-06-17T17:59:46.887+0000] {processor.py:829} INFO - Processing file /home/airflow/.local/lib/python3.8/site-packages/airflow/example_dags/example_xcom.py for tasks to queue
[2024-06-17T17:59:46.890+0000] {logging_mixin.py:151} INFO - [2024-06-17T17:59:46.889+0000] {dagbag.py:539} INFO - Filling up the DagBag from /home/airflow/.local/lib/python3.8/site-packages/airflow/example_dags/example_xcom.py
[2024-06-17T17:59:46.897+0000] {processor.py:839} INFO - DAG(s) dict_keys(['example_xcom']) retrieved from /home/airflow/.local/lib/python3.8/site-packages/airflow/example_dags/example_xcom.py
[2024-06-17T17:59:46.910+0000] {logging_mixin.py:151} INFO - [2024-06-17T17:59:46.910+0000] {dag.py:2907} INFO - Sync 1 DAGs
[2024-06-17T17:59:46.921+0000] {logging_mixin.py:151} INFO - [2024-06-17T17:59:46.921+0000] {dag.py:3677} INFO - Setting next_dagrun for example_xcom to 2021-01-01T00:00:00+00:00, run_after=2021-01-01T00:00:00+00:00
[2024-06-17T17:59:46.930+0000] {processor.py:179} INFO - Processing /home/airflow/.local/lib/python3.8/site-packages/airflow/example_dags/example_xcom.py took 0.048 seconds
[2024-06-17T18:00:17.392+0000] {processor.py:157} INFO - Started process (PID=462) to work on /home/airflow/.local/lib/python3.8/site-packages/airflow/example_dags/example_xcom.py
[2024-06-17T18:00:17.397+0000] {processor.py:829} INFO - Processing file /home/airflow/.local/lib/python3.8/site-packages/airflow/example_dags/example_xcom.py for tasks to queue
[2024-06-17T18:00:17.400+0000] {logging_mixin.py:151} INFO - [2024-06-17T18:00:17.399+0000] {dagbag.py:539} INFO - Filling up the DagBag from /home/airflow/.local/lib/python3.8/site-packages/airflow/example_dags/example_xcom.py
[2024-06-17T18:00:17.408+0000] {processor.py:839} INFO - DAG(s) dict_keys(['example_xcom']) retrieved from /home/airflow/.local/lib/python3.8/site-packages/airflow/example_dags/example_xcom.py
[2024-06-17T18:00:17.424+0000] {logging_mixin.py:151} INFO - [2024-06-17T18:00:17.424+0000] {dag.py:2907} INFO - Sync 1 DAGs
[2024-06-17T18:00:17.436+0000] {logging_mixin.py:151} INFO - [2024-06-17T18:00:17.436+0000] {dag.py:3677} INFO - Setting next_dagrun for example_xcom to 2021-01-01T00:00:00+00:00, run_after=2021-01-01T00:00:00+00:00
[2024-06-17T18:00:17.444+0000] {processor.py:179} INFO - Processing /home/airflow/.local/lib/python3.8/site-packages/airflow/example_dags/example_xcom.py took 0.056 seconds
[2024-06-17T18:00:47.940+0000] {processor.py:157} INFO - Started process (PID=517) to work on /home/airflow/.local/lib/python3.8/site-packages/airflow/example_dags/example_xcom.py
[2024-06-17T18:00:47.942+0000] {processor.py:829} INFO - Processing file /home/airflow/.local/lib/python3.8/site-packages/airflow/example_dags/example_xcom.py for tasks to queue
[2024-06-17T18:00:47.944+0000] {logging_mixin.py:151} INFO - [2024-06-17T18:00:47.944+0000] {dagbag.py:539} INFO - Filling up the DagBag from /home/airflow/.local/lib/python3.8/site-packages/airflow/example_dags/example_xcom.py
[2024-06-17T18:00:47.951+0000] {processor.py:839} INFO - DAG(s) dict_keys(['example_xcom']) retrieved from /home/airflow/.local/lib/python3.8/site-packages/airflow/example_dags/example_xcom.py
[2024-06-17T18:00:47.967+0000] {logging_mixin.py:151} INFO - [2024-06-17T18:00:47.967+0000] {dag.py:2907} INFO - Sync 1 DAGs
[2024-06-17T18:00:47.985+0000] {logging_mixin.py:151} INFO - [2024-06-17T18:00:47.985+0000] {dag.py:3677} INFO - Setting next_dagrun for example_xcom to 2021-01-01T00:00:00+00:00, run_after=2021-01-01T00:00:00+00:00
[2024-06-17T18:00:47.998+0000] {processor.py:179} INFO - Processing /home/airflow/.local/lib/python3.8/site-packages/airflow/example_dags/example_xcom.py took 0.079 seconds
[2024-06-17T18:01:18.512+0000] {processor.py:157} INFO - Started process (PID=572) to work on /home/airflow/.local/lib/python3.8/site-packages/airflow/example_dags/example_xcom.py
[2024-06-17T18:01:18.513+0000] {processor.py:829} INFO - Processing file /home/airflow/.local/lib/python3.8/site-packages/airflow/example_dags/example_xcom.py for tasks to queue
[2024-06-17T18:01:18.516+0000] {logging_mixin.py:151} INFO - [2024-06-17T18:01:18.515+0000] {dagbag.py:539} INFO - Filling up the DagBag from /home/airflow/.local/lib/python3.8/site-packages/airflow/example_dags/example_xcom.py
[2024-06-17T18:01:18.523+0000] {processor.py:839} INFO - DAG(s) dict_keys(['example_xcom']) retrieved from /home/airflow/.local/lib/python3.8/site-packages/airflow/example_dags/example_xcom.py
[2024-06-17T18:01:18.537+0000] {logging_mixin.py:151} INFO - [2024-06-17T18:01:18.537+0000] {dag.py:2907} INFO - Sync 1 DAGs
[2024-06-17T18:01:18.548+0000] {logging_mixin.py:151} INFO - [2024-06-17T18:01:18.548+0000] {dag.py:3677} INFO - Setting next_dagrun for example_xcom to 2021-01-01T00:00:00+00:00, run_after=2021-01-01T00:00:00+00:00
[2024-06-17T18:01:18.557+0000] {processor.py:179} INFO - Processing /home/airflow/.local/lib/python3.8/site-packages/airflow/example_dags/example_xcom.py took 0.049 seconds
[2024-06-17T18:01:49.103+0000] {processor.py:157} INFO - Started process (PID=627) to work on /home/airflow/.local/lib/python3.8/site-packages/airflow/example_dags/example_xcom.py
[2024-06-17T18:01:49.103+0000] {processor.py:829} INFO - Processing file /home/airflow/.local/lib/python3.8/site-packages/airflow/example_dags/example_xcom.py for tasks to queue
[2024-06-17T18:01:49.105+0000] {logging_mixin.py:151} INFO - [2024-06-17T18:01:49.105+0000] {dagbag.py:539} INFO - Filling up the DagBag from /home/airflow/.local/lib/python3.8/site-packages/airflow/example_dags/example_xcom.py
[2024-06-17T18:01:49.112+0000] {processor.py:839} INFO - DAG(s) dict_keys(['example_xcom']) retrieved from /home/airflow/.local/lib/python3.8/site-packages/airflow/example_dags/example_xcom.py
[2024-06-17T18:01:49.128+0000] {logging_mixin.py:151} INFO - [2024-06-17T18:01:49.128+0000] {dag.py:2907} INFO - Sync 1 DAGs
[2024-06-17T18:01:49.141+0000] {logging_mixin.py:151} INFO - [2024-06-17T18:01:49.141+0000] {dag.py:3677} INFO - Setting next_dagrun for example_xcom to 2021-01-01T00:00:00+00:00, run_after=2021-01-01T00:00:00+00:00
[2024-06-17T18:01:49.151+0000] {processor.py:179} INFO - Processing /home/airflow/.local/lib/python3.8/site-packages/airflow/example_dags/example_xcom.py took 0.053 seconds
[2024-06-17T18:02:19.609+0000] {processor.py:157} INFO - Started process (PID=682) to work on /home/airflow/.local/lib/python3.8/site-packages/airflow/example_dags/example_xcom.py
[2024-06-17T18:02:19.612+0000] {processor.py:829} INFO - Processing file /home/airflow/.local/lib/python3.8/site-packages/airflow/example_dags/example_xcom.py for tasks to queue
[2024-06-17T18:02:19.616+0000] {logging_mixin.py:151} INFO - [2024-06-17T18:02:19.615+0000] {dagbag.py:539} INFO - Filling up the DagBag from /home/airflow/.local/lib/python3.8/site-packages/airflow/example_dags/example_xcom.py
[2024-06-17T18:02:19.624+0000] {processor.py:839} INFO - DAG(s) dict_keys(['example_xcom']) retrieved from /home/airflow/.local/lib/python3.8/site-packages/airflow/example_dags/example_xcom.py
[2024-06-17T18:02:19.641+0000] {logging_mixin.py:151} INFO - [2024-06-17T18:02:19.641+0000] {dag.py:2907} INFO - Sync 1 DAGs
[2024-06-17T18:02:19.655+0000] {logging_mixin.py:151} INFO - [2024-06-17T18:02:19.655+0000] {dag.py:3677} INFO - Setting next_dagrun for example_xcom to 2021-01-01T00:00:00+00:00, run_after=2021-01-01T00:00:00+00:00
[2024-06-17T18:02:19.666+0000] {processor.py:179} INFO - Processing /home/airflow/.local/lib/python3.8/site-packages/airflow/example_dags/example_xcom.py took 0.061 seconds
[2024-06-17T18:02:50.189+0000] {processor.py:157} INFO - Started process (PID=737) to work on /home/airflow/.local/lib/python3.8/site-packages/airflow/example_dags/example_xcom.py
[2024-06-17T18:02:50.190+0000] {processor.py:829} INFO - Processing file /home/airflow/.local/lib/python3.8/site-packages/airflow/example_dags/example_xcom.py for tasks to queue
[2024-06-17T18:02:50.193+0000] {logging_mixin.py:151} INFO - [2024-06-17T18:02:50.193+0000] {dagbag.py:539} INFO - Filling up the DagBag from /home/airflow/.local/lib/python3.8/site-packages/airflow/example_dags/example_xcom.py
[2024-06-17T18:02:50.199+0000] {processor.py:839} INFO - DAG(s) dict_keys(['example_xcom']) retrieved from /home/airflow/.local/lib/python3.8/site-packages/airflow/example_dags/example_xcom.py
[2024-06-17T18:02:50.214+0000] {logging_mixin.py:151} INFO - [2024-06-17T18:02:50.213+0000] {dag.py:2907} INFO - Sync 1 DAGs
[2024-06-17T18:02:50.226+0000] {logging_mixin.py:151} INFO - [2024-06-17T18:02:50.226+0000] {dag.py:3677} INFO - Setting next_dagrun for example_xcom to 2021-01-01T00:00:00+00:00, run_after=2021-01-01T00:00:00+00:00
[2024-06-17T18:02:50.236+0000] {processor.py:179} INFO - Processing /home/airflow/.local/lib/python3.8/site-packages/airflow/example_dags/example_xcom.py took 0.052 seconds
[2024-06-17T18:03:20.656+0000] {processor.py:157} INFO - Started process (PID=792) to work on /home/airflow/.local/lib/python3.8/site-packages/airflow/example_dags/example_xcom.py
[2024-06-17T18:03:20.658+0000] {processor.py:829} INFO - Processing file /home/airflow/.local/lib/python3.8/site-packages/airflow/example_dags/example_xcom.py for tasks to queue
[2024-06-17T18:03:20.660+0000] {logging_mixin.py:151} INFO - [2024-06-17T18:03:20.660+0000] {dagbag.py:539} INFO - Filling up the DagBag from /home/airflow/.local/lib/python3.8/site-packages/airflow/example_dags/example_xcom.py
[2024-06-17T18:03:20.668+0000] {processor.py:839} INFO - DAG(s) dict_keys(['example_xcom']) retrieved from /home/airflow/.local/lib/python3.8/site-packages/airflow/example_dags/example_xcom.py
[2024-06-17T18:03:20.685+0000] {logging_mixin.py:151} INFO - [2024-06-17T18:03:20.685+0000] {dag.py:2907} INFO - Sync 1 DAGs
[2024-06-17T18:03:20.698+0000] {logging_mixin.py:151} INFO - [2024-06-17T18:03:20.697+0000] {dag.py:3677} INFO - Setting next_dagrun for example_xcom to 2021-01-01T00:00:00+00:00, run_after=2021-01-01T00:00:00+00:00
[2024-06-17T18:03:20.706+0000] {processor.py:179} INFO - Processing /home/airflow/.local/lib/python3.8/site-packages/airflow/example_dags/example_xcom.py took 0.055 seconds
[2024-06-17T18:03:51.143+0000] {processor.py:157} INFO - Started process (PID=847) to work on /home/airflow/.local/lib/python3.8/site-packages/airflow/example_dags/example_xcom.py
[2024-06-17T18:03:51.145+0000] {processor.py:829} INFO - Processing file /home/airflow/.local/lib/python3.8/site-packages/airflow/example_dags/example_xcom.py for tasks to queue
[2024-06-17T18:03:51.147+0000] {logging_mixin.py:151} INFO - [2024-06-17T18:03:51.147+0000] {dagbag.py:539} INFO - Filling up the DagBag from /home/airflow/.local/lib/python3.8/site-packages/airflow/example_dags/example_xcom.py
[2024-06-17T18:03:51.155+0000] {processor.py:839} INFO - DAG(s) dict_keys(['example_xcom']) retrieved from /home/airflow/.local/lib/python3.8/site-packages/airflow/example_dags/example_xcom.py
[2024-06-17T18:03:51.166+0000] {logging_mixin.py:151} INFO - [2024-06-17T18:03:51.166+0000] {dag.py:2907} INFO - Sync 1 DAGs
[2024-06-17T18:03:51.175+0000] {logging_mixin.py:151} INFO - [2024-06-17T18:03:51.175+0000] {dag.py:3677} INFO - Setting next_dagrun for example_xcom to 2021-01-01T00:00:00+00:00, run_after=2021-01-01T00:00:00+00:00
[2024-06-17T18:03:51.184+0000] {processor.py:179} INFO - Processing /home/airflow/.local/lib/python3.8/site-packages/airflow/example_dags/example_xcom.py took 0.045 seconds
[2024-06-17T18:04:21.705+0000] {processor.py:157} INFO - Started process (PID=902) to work on /home/airflow/.local/lib/python3.8/site-packages/airflow/example_dags/example_xcom.py
[2024-06-17T18:04:21.708+0000] {processor.py:829} INFO - Processing file /home/airflow/.local/lib/python3.8/site-packages/airflow/example_dags/example_xcom.py for tasks to queue
[2024-06-17T18:04:21.711+0000] {logging_mixin.py:151} INFO - [2024-06-17T18:04:21.711+0000] {dagbag.py:539} INFO - Filling up the DagBag from /home/airflow/.local/lib/python3.8/site-packages/airflow/example_dags/example_xcom.py
[2024-06-17T18:04:21.720+0000] {processor.py:839} INFO - DAG(s) dict_keys(['example_xcom']) retrieved from /home/airflow/.local/lib/python3.8/site-packages/airflow/example_dags/example_xcom.py
[2024-06-17T18:04:21.737+0000] {logging_mixin.py:151} INFO - [2024-06-17T18:04:21.737+0000] {dag.py:2907} INFO - Sync 1 DAGs
[2024-06-17T18:04:21.749+0000] {logging_mixin.py:151} INFO - [2024-06-17T18:04:21.749+0000] {dag.py:3677} INFO - Setting next_dagrun for example_xcom to 2021-01-01T00:00:00+00:00, run_after=2021-01-01T00:00:00+00:00
[2024-06-17T18:04:21.757+0000] {processor.py:179} INFO - Processing /home/airflow/.local/lib/python3.8/site-packages/airflow/example_dags/example_xcom.py took 0.056 seconds
[2024-06-17T18:04:45.173+0000] {processor.py:157} INFO - Started process (PID=76) to work on /home/airflow/.local/lib/python3.8/site-packages/airflow/example_dags/example_xcom.py
[2024-06-17T18:04:45.174+0000] {processor.py:829} INFO - Processing file /home/airflow/.local/lib/python3.8/site-packages/airflow/example_dags/example_xcom.py for tasks to queue
[2024-06-17T18:04:45.176+0000] {logging_mixin.py:151} INFO - [2024-06-17T18:04:45.175+0000] {dagbag.py:539} INFO - Filling up the DagBag from /home/airflow/.local/lib/python3.8/site-packages/airflow/example_dags/example_xcom.py
[2024-06-17T18:04:45.182+0000] {processor.py:839} INFO - DAG(s) dict_keys(['example_xcom']) retrieved from /home/airflow/.local/lib/python3.8/site-packages/airflow/example_dags/example_xcom.py
[2024-06-17T18:04:45.190+0000] {logging_mixin.py:151} INFO - [2024-06-17T18:04:45.190+0000] {dag.py:2907} INFO - Sync 1 DAGs
[2024-06-17T18:04:45.209+0000] {logging_mixin.py:151} INFO - [2024-06-17T18:04:45.209+0000] {dag.py:3677} INFO - Setting next_dagrun for example_xcom to 2021-01-01T00:00:00+00:00, run_after=2021-01-01T00:00:00+00:00
[2024-06-17T18:04:45.324+0000] {processor.py:179} INFO - Processing /home/airflow/.local/lib/python3.8/site-packages/airflow/example_dags/example_xcom.py took 0.152 seconds
[2024-06-17T18:05:16.007+0000] {processor.py:157} INFO - Started process (PID=131) to work on /home/airflow/.local/lib/python3.8/site-packages/airflow/example_dags/example_xcom.py
[2024-06-17T18:05:16.008+0000] {processor.py:829} INFO - Processing file /home/airflow/.local/lib/python3.8/site-packages/airflow/example_dags/example_xcom.py for tasks to queue
[2024-06-17T18:05:16.009+0000] {logging_mixin.py:151} INFO - [2024-06-17T18:05:16.009+0000] {dagbag.py:539} INFO - Filling up the DagBag from /home/airflow/.local/lib/python3.8/site-packages/airflow/example_dags/example_xcom.py
[2024-06-17T18:05:16.012+0000] {processor.py:839} INFO - DAG(s) dict_keys(['example_xcom']) retrieved from /home/airflow/.local/lib/python3.8/site-packages/airflow/example_dags/example_xcom.py
[2024-06-17T18:05:16.020+0000] {logging_mixin.py:151} INFO - [2024-06-17T18:05:16.020+0000] {dag.py:2907} INFO - Sync 1 DAGs
[2024-06-17T18:05:16.028+0000] {logging_mixin.py:151} INFO - [2024-06-17T18:05:16.028+0000] {dag.py:3677} INFO - Setting next_dagrun for example_xcom to 2021-01-01T00:00:00+00:00, run_after=2021-01-01T00:00:00+00:00
[2024-06-17T18:05:16.034+0000] {processor.py:179} INFO - Processing /home/airflow/.local/lib/python3.8/site-packages/airflow/example_dags/example_xcom.py took 0.028 seconds
[2024-06-17T18:05:46.686+0000] {processor.py:157} INFO - Started process (PID=186) to work on /home/airflow/.local/lib/python3.8/site-packages/airflow/example_dags/example_xcom.py
[2024-06-17T18:05:46.687+0000] {processor.py:829} INFO - Processing file /home/airflow/.local/lib/python3.8/site-packages/airflow/example_dags/example_xcom.py for tasks to queue
[2024-06-17T18:05:46.688+0000] {logging_mixin.py:151} INFO - [2024-06-17T18:05:46.688+0000] {dagbag.py:539} INFO - Filling up the DagBag from /home/airflow/.local/lib/python3.8/site-packages/airflow/example_dags/example_xcom.py
[2024-06-17T18:05:46.691+0000] {processor.py:839} INFO - DAG(s) dict_keys(['example_xcom']) retrieved from /home/airflow/.local/lib/python3.8/site-packages/airflow/example_dags/example_xcom.py
[2024-06-17T18:05:46.699+0000] {logging_mixin.py:151} INFO - [2024-06-17T18:05:46.699+0000] {dag.py:2907} INFO - Sync 1 DAGs
[2024-06-17T18:05:46.707+0000] {logging_mixin.py:151} INFO - [2024-06-17T18:05:46.707+0000] {dag.py:3677} INFO - Setting next_dagrun for example_xcom to 2021-01-01T00:00:00+00:00, run_after=2021-01-01T00:00:00+00:00
[2024-06-17T18:05:46.714+0000] {processor.py:179} INFO - Processing /home/airflow/.local/lib/python3.8/site-packages/airflow/example_dags/example_xcom.py took 0.029 seconds
[2024-06-17T18:06:17.298+0000] {processor.py:157} INFO - Started process (PID=241) to work on /home/airflow/.local/lib/python3.8/site-packages/airflow/example_dags/example_xcom.py
[2024-06-17T18:06:17.299+0000] {processor.py:829} INFO - Processing file /home/airflow/.local/lib/python3.8/site-packages/airflow/example_dags/example_xcom.py for tasks to queue
[2024-06-17T18:06:17.300+0000] {logging_mixin.py:151} INFO - [2024-06-17T18:06:17.300+0000] {dagbag.py:539} INFO - Filling up the DagBag from /home/airflow/.local/lib/python3.8/site-packages/airflow/example_dags/example_xcom.py
[2024-06-17T18:06:17.303+0000] {processor.py:839} INFO - DAG(s) dict_keys(['example_xcom']) retrieved from /home/airflow/.local/lib/python3.8/site-packages/airflow/example_dags/example_xcom.py
[2024-06-17T18:06:17.311+0000] {logging_mixin.py:151} INFO - [2024-06-17T18:06:17.311+0000] {dag.py:2907} INFO - Sync 1 DAGs
[2024-06-17T18:06:17.319+0000] {logging_mixin.py:151} INFO - [2024-06-17T18:06:17.319+0000] {dag.py:3677} INFO - Setting next_dagrun for example_xcom to 2021-01-01T00:00:00+00:00, run_after=2021-01-01T00:00:00+00:00
[2024-06-17T18:06:17.326+0000] {processor.py:179} INFO - Processing /home/airflow/.local/lib/python3.8/site-packages/airflow/example_dags/example_xcom.py took 0.029 seconds
[2024-06-17T18:06:47.805+0000] {processor.py:157} INFO - Started process (PID=296) to work on /home/airflow/.local/lib/python3.8/site-packages/airflow/example_dags/example_xcom.py
[2024-06-17T18:06:47.805+0000] {processor.py:829} INFO - Processing file /home/airflow/.local/lib/python3.8/site-packages/airflow/example_dags/example_xcom.py for tasks to queue
[2024-06-17T18:06:47.806+0000] {logging_mixin.py:151} INFO - [2024-06-17T18:06:47.806+0000] {dagbag.py:539} INFO - Filling up the DagBag from /home/airflow/.local/lib/python3.8/site-packages/airflow/example_dags/example_xcom.py
[2024-06-17T18:06:47.809+0000] {processor.py:839} INFO - DAG(s) dict_keys(['example_xcom']) retrieved from /home/airflow/.local/lib/python3.8/site-packages/airflow/example_dags/example_xcom.py
[2024-06-17T18:06:47.818+0000] {logging_mixin.py:151} INFO - [2024-06-17T18:06:47.818+0000] {dag.py:2907} INFO - Sync 1 DAGs
[2024-06-17T18:06:47.826+0000] {logging_mixin.py:151} INFO - [2024-06-17T18:06:47.826+0000] {dag.py:3677} INFO - Setting next_dagrun for example_xcom to 2021-01-01T00:00:00+00:00, run_after=2021-01-01T00:00:00+00:00
[2024-06-17T18:06:47.833+0000] {processor.py:179} INFO - Processing /home/airflow/.local/lib/python3.8/site-packages/airflow/example_dags/example_xcom.py took 0.030 seconds
[2024-06-17T18:07:18.209+0000] {processor.py:157} INFO - Started process (PID=351) to work on /home/airflow/.local/lib/python3.8/site-packages/airflow/example_dags/example_xcom.py
[2024-06-17T18:07:18.210+0000] {processor.py:829} INFO - Processing file /home/airflow/.local/lib/python3.8/site-packages/airflow/example_dags/example_xcom.py for tasks to queue
[2024-06-17T18:07:18.210+0000] {logging_mixin.py:151} INFO - [2024-06-17T18:07:18.210+0000] {dagbag.py:539} INFO - Filling up the DagBag from /home/airflow/.local/lib/python3.8/site-packages/airflow/example_dags/example_xcom.py
[2024-06-17T18:07:18.214+0000] {processor.py:839} INFO - DAG(s) dict_keys(['example_xcom']) retrieved from /home/airflow/.local/lib/python3.8/site-packages/airflow/example_dags/example_xcom.py
[2024-06-17T18:07:18.223+0000] {logging_mixin.py:151} INFO - [2024-06-17T18:07:18.222+0000] {dag.py:2907} INFO - Sync 1 DAGs
[2024-06-17T18:07:18.231+0000] {logging_mixin.py:151} INFO - [2024-06-17T18:07:18.231+0000] {dag.py:3677} INFO - Setting next_dagrun for example_xcom to 2021-01-01T00:00:00+00:00, run_after=2021-01-01T00:00:00+00:00
[2024-06-17T18:07:18.238+0000] {processor.py:179} INFO - Processing /home/airflow/.local/lib/python3.8/site-packages/airflow/example_dags/example_xcom.py took 0.031 seconds
