[2024-06-17T17:56:41.947+0000] {processor.py:157} INFO - Started process (PID=58) to work on /home/airflow/.local/lib/python3.8/site-packages/airflow/example_dags/example_setup_teardown_taskflow.py
[2024-06-17T17:56:41.948+0000] {processor.py:829} INFO - Processing file /home/airflow/.local/lib/python3.8/site-packages/airflow/example_dags/example_setup_teardown_taskflow.py for tasks to queue
[2024-06-17T17:56:41.949+0000] {logging_mixin.py:151} INFO - [2024-06-17T17:56:41.949+0000] {dagbag.py:539} INFO - Filling up the DagBag from /home/airflow/.local/lib/python3.8/site-packages/airflow/example_dags/example_setup_teardown_taskflow.py
[2024-06-17T17:56:42.060+0000] {processor.py:839} INFO - DAG(s) dict_keys(['example_setup_teardown_taskflow']) retrieved from /home/airflow/.local/lib/python3.8/site-packages/airflow/example_dags/example_setup_teardown_taskflow.py
[2024-06-17T17:56:42.117+0000] {logging_mixin.py:151} INFO - [2024-06-17T17:56:42.117+0000] {manager.py:501} INFO - Created Permission View: can delete on DAG:example_setup_teardown_taskflow
[2024-06-17T17:56:42.121+0000] {logging_mixin.py:151} INFO - [2024-06-17T17:56:42.121+0000] {manager.py:501} INFO - Created Permission View: can read on DAG:example_setup_teardown_taskflow
[2024-06-17T17:56:42.124+0000] {logging_mixin.py:151} INFO - [2024-06-17T17:56:42.124+0000] {manager.py:501} INFO - Created Permission View: can edit on DAG:example_setup_teardown_taskflow
[2024-06-17T17:56:42.130+0000] {logging_mixin.py:151} INFO - [2024-06-17T17:56:42.130+0000] {dag.py:2907} INFO - Sync 1 DAGs
[2024-06-17T17:56:42.137+0000] {logging_mixin.py:151} INFO - [2024-06-17T17:56:42.137+0000] {dag.py:2929} INFO - Creating ORM DAG for example_setup_teardown_taskflow
[2024-06-17T17:56:42.142+0000] {logging_mixin.py:151} INFO - [2024-06-17T17:56:42.141+0000] {dag.py:3677} INFO - Setting next_dagrun for example_setup_teardown_taskflow to 2024-06-16T17:56:42.141878+00:00, run_after=2024-06-17T17:56:42.141878+00:00
[2024-06-17T17:56:42.152+0000] {processor.py:179} INFO - Processing /home/airflow/.local/lib/python3.8/site-packages/airflow/example_dags/example_setup_teardown_taskflow.py took 0.207 seconds
[2024-06-17T17:57:12.677+0000] {processor.py:157} INFO - Started process (PID=113) to work on /home/airflow/.local/lib/python3.8/site-packages/airflow/example_dags/example_setup_teardown_taskflow.py
[2024-06-17T17:57:12.677+0000] {processor.py:829} INFO - Processing file /home/airflow/.local/lib/python3.8/site-packages/airflow/example_dags/example_setup_teardown_taskflow.py for tasks to queue
[2024-06-17T17:57:12.678+0000] {logging_mixin.py:151} INFO - [2024-06-17T17:57:12.678+0000] {dagbag.py:539} INFO - Filling up the DagBag from /home/airflow/.local/lib/python3.8/site-packages/airflow/example_dags/example_setup_teardown_taskflow.py
[2024-06-17T17:57:12.682+0000] {processor.py:839} INFO - DAG(s) dict_keys(['example_setup_teardown_taskflow']) retrieved from /home/airflow/.local/lib/python3.8/site-packages/airflow/example_dags/example_setup_teardown_taskflow.py
[2024-06-17T17:57:12.691+0000] {logging_mixin.py:151} INFO - [2024-06-17T17:57:12.691+0000] {dag.py:2907} INFO - Sync 1 DAGs
[2024-06-17T17:57:12.700+0000] {logging_mixin.py:151} INFO - [2024-06-17T17:57:12.700+0000] {dag.py:3677} INFO - Setting next_dagrun for example_setup_teardown_taskflow to 2024-06-16T17:57:12.700219+00:00, run_after=2024-06-17T17:57:12.700219+00:00
[2024-06-17T17:57:12.707+0000] {processor.py:179} INFO - Processing /home/airflow/.local/lib/python3.8/site-packages/airflow/example_dags/example_setup_teardown_taskflow.py took 0.032 seconds
[2024-06-17T17:57:43.254+0000] {processor.py:157} INFO - Started process (PID=168) to work on /home/airflow/.local/lib/python3.8/site-packages/airflow/example_dags/example_setup_teardown_taskflow.py
[2024-06-17T17:57:43.255+0000] {processor.py:829} INFO - Processing file /home/airflow/.local/lib/python3.8/site-packages/airflow/example_dags/example_setup_teardown_taskflow.py for tasks to queue
[2024-06-17T17:57:43.256+0000] {logging_mixin.py:151} INFO - [2024-06-17T17:57:43.256+0000] {dagbag.py:539} INFO - Filling up the DagBag from /home/airflow/.local/lib/python3.8/site-packages/airflow/example_dags/example_setup_teardown_taskflow.py
[2024-06-17T17:57:43.260+0000] {processor.py:839} INFO - DAG(s) dict_keys(['example_setup_teardown_taskflow']) retrieved from /home/airflow/.local/lib/python3.8/site-packages/airflow/example_dags/example_setup_teardown_taskflow.py
[2024-06-17T17:57:43.270+0000] {logging_mixin.py:151} INFO - [2024-06-17T17:57:43.270+0000] {dag.py:2907} INFO - Sync 1 DAGs
[2024-06-17T17:57:43.279+0000] {logging_mixin.py:151} INFO - [2024-06-17T17:57:43.279+0000] {dag.py:3677} INFO - Setting next_dagrun for example_setup_teardown_taskflow to 2024-06-16T17:57:43.279146+00:00, run_after=2024-06-17T17:57:43.279146+00:00
[2024-06-17T17:57:43.286+0000] {processor.py:179} INFO - Processing /home/airflow/.local/lib/python3.8/site-packages/airflow/example_dags/example_setup_teardown_taskflow.py took 0.033 seconds
[2024-06-17T17:58:13.817+0000] {processor.py:157} INFO - Started process (PID=223) to work on /home/airflow/.local/lib/python3.8/site-packages/airflow/example_dags/example_setup_teardown_taskflow.py
[2024-06-17T17:58:13.818+0000] {processor.py:829} INFO - Processing file /home/airflow/.local/lib/python3.8/site-packages/airflow/example_dags/example_setup_teardown_taskflow.py for tasks to queue
[2024-06-17T17:58:13.819+0000] {logging_mixin.py:151} INFO - [2024-06-17T17:58:13.819+0000] {dagbag.py:539} INFO - Filling up the DagBag from /home/airflow/.local/lib/python3.8/site-packages/airflow/example_dags/example_setup_teardown_taskflow.py
[2024-06-17T17:58:13.823+0000] {processor.py:839} INFO - DAG(s) dict_keys(['example_setup_teardown_taskflow']) retrieved from /home/airflow/.local/lib/python3.8/site-packages/airflow/example_dags/example_setup_teardown_taskflow.py
[2024-06-17T17:58:13.832+0000] {logging_mixin.py:151} INFO - [2024-06-17T17:58:13.832+0000] {dag.py:2907} INFO - Sync 1 DAGs
[2024-06-17T17:58:13.841+0000] {logging_mixin.py:151} INFO - [2024-06-17T17:58:13.841+0000] {dag.py:3677} INFO - Setting next_dagrun for example_setup_teardown_taskflow to 2024-06-16T17:58:13.841319+00:00, run_after=2024-06-17T17:58:13.841319+00:00
[2024-06-17T17:58:13.848+0000] {processor.py:179} INFO - Processing /home/airflow/.local/lib/python3.8/site-packages/airflow/example_dags/example_setup_teardown_taskflow.py took 0.032 seconds
[2024-06-17T17:58:44.333+0000] {processor.py:157} INFO - Started process (PID=278) to work on /home/airflow/.local/lib/python3.8/site-packages/airflow/example_dags/example_setup_teardown_taskflow.py
[2024-06-17T17:58:44.334+0000] {processor.py:829} INFO - Processing file /home/airflow/.local/lib/python3.8/site-packages/airflow/example_dags/example_setup_teardown_taskflow.py for tasks to queue
[2024-06-17T17:58:44.335+0000] {logging_mixin.py:151} INFO - [2024-06-17T17:58:44.334+0000] {dagbag.py:539} INFO - Filling up the DagBag from /home/airflow/.local/lib/python3.8/site-packages/airflow/example_dags/example_setup_teardown_taskflow.py
[2024-06-17T17:58:44.339+0000] {processor.py:839} INFO - DAG(s) dict_keys(['example_setup_teardown_taskflow']) retrieved from /home/airflow/.local/lib/python3.8/site-packages/airflow/example_dags/example_setup_teardown_taskflow.py
[2024-06-17T17:58:44.348+0000] {logging_mixin.py:151} INFO - [2024-06-17T17:58:44.348+0000] {dag.py:2907} INFO - Sync 1 DAGs
[2024-06-17T17:58:44.357+0000] {logging_mixin.py:151} INFO - [2024-06-17T17:58:44.357+0000] {dag.py:3677} INFO - Setting next_dagrun for example_setup_teardown_taskflow to 2024-06-16T17:58:44.356893+00:00, run_after=2024-06-17T17:58:44.356893+00:00
[2024-06-17T17:58:44.364+0000] {processor.py:179} INFO - Processing /home/airflow/.local/lib/python3.8/site-packages/airflow/example_dags/example_setup_teardown_taskflow.py took 0.032 seconds
[2024-06-17T17:59:14.871+0000] {processor.py:157} INFO - Started process (PID=333) to work on /home/airflow/.local/lib/python3.8/site-packages/airflow/example_dags/example_setup_teardown_taskflow.py
[2024-06-17T17:59:14.871+0000] {processor.py:829} INFO - Processing file /home/airflow/.local/lib/python3.8/site-packages/airflow/example_dags/example_setup_teardown_taskflow.py for tasks to queue
[2024-06-17T17:59:14.872+0000] {logging_mixin.py:151} INFO - [2024-06-17T17:59:14.872+0000] {dagbag.py:539} INFO - Filling up the DagBag from /home/airflow/.local/lib/python3.8/site-packages/airflow/example_dags/example_setup_teardown_taskflow.py
[2024-06-17T17:59:14.877+0000] {processor.py:839} INFO - DAG(s) dict_keys(['example_setup_teardown_taskflow']) retrieved from /home/airflow/.local/lib/python3.8/site-packages/airflow/example_dags/example_setup_teardown_taskflow.py
[2024-06-17T17:59:14.885+0000] {logging_mixin.py:151} INFO - [2024-06-17T17:59:14.885+0000] {dag.py:2907} INFO - Sync 1 DAGs
[2024-06-17T17:59:14.894+0000] {logging_mixin.py:151} INFO - [2024-06-17T17:59:14.894+0000] {dag.py:3677} INFO - Setting next_dagrun for example_setup_teardown_taskflow to 2024-06-16T17:59:14.894544+00:00, run_after=2024-06-17T17:59:14.894544+00:00
[2024-06-17T17:59:14.902+0000] {processor.py:179} INFO - Processing /home/airflow/.local/lib/python3.8/site-packages/airflow/example_dags/example_setup_teardown_taskflow.py took 0.032 seconds
[2024-06-17T17:59:45.345+0000] {processor.py:157} INFO - Started process (PID=388) to work on /home/airflow/.local/lib/python3.8/site-packages/airflow/example_dags/example_setup_teardown_taskflow.py
[2024-06-17T17:59:45.346+0000] {processor.py:829} INFO - Processing file /home/airflow/.local/lib/python3.8/site-packages/airflow/example_dags/example_setup_teardown_taskflow.py for tasks to queue
[2024-06-17T17:59:45.347+0000] {logging_mixin.py:151} INFO - [2024-06-17T17:59:45.347+0000] {dagbag.py:539} INFO - Filling up the DagBag from /home/airflow/.local/lib/python3.8/site-packages/airflow/example_dags/example_setup_teardown_taskflow.py
[2024-06-17T17:59:45.351+0000] {processor.py:839} INFO - DAG(s) dict_keys(['example_setup_teardown_taskflow']) retrieved from /home/airflow/.local/lib/python3.8/site-packages/airflow/example_dags/example_setup_teardown_taskflow.py
[2024-06-17T17:59:45.360+0000] {logging_mixin.py:151} INFO - [2024-06-17T17:59:45.360+0000] {dag.py:2907} INFO - Sync 1 DAGs
[2024-06-17T17:59:45.369+0000] {logging_mixin.py:151} INFO - [2024-06-17T17:59:45.369+0000] {dag.py:3677} INFO - Setting next_dagrun for example_setup_teardown_taskflow to 2024-06-16T17:59:45.368910+00:00, run_after=2024-06-17T17:59:45.368910+00:00
[2024-06-17T17:59:45.376+0000] {processor.py:179} INFO - Processing /home/airflow/.local/lib/python3.8/site-packages/airflow/example_dags/example_setup_teardown_taskflow.py took 0.032 seconds
[2024-06-17T18:00:15.904+0000] {processor.py:157} INFO - Started process (PID=443) to work on /home/airflow/.local/lib/python3.8/site-packages/airflow/example_dags/example_setup_teardown_taskflow.py
[2024-06-17T18:00:15.905+0000] {processor.py:829} INFO - Processing file /home/airflow/.local/lib/python3.8/site-packages/airflow/example_dags/example_setup_teardown_taskflow.py for tasks to queue
[2024-06-17T18:00:15.906+0000] {logging_mixin.py:151} INFO - [2024-06-17T18:00:15.906+0000] {dagbag.py:539} INFO - Filling up the DagBag from /home/airflow/.local/lib/python3.8/site-packages/airflow/example_dags/example_setup_teardown_taskflow.py
[2024-06-17T18:00:15.910+0000] {processor.py:839} INFO - DAG(s) dict_keys(['example_setup_teardown_taskflow']) retrieved from /home/airflow/.local/lib/python3.8/site-packages/airflow/example_dags/example_setup_teardown_taskflow.py
[2024-06-17T18:00:15.919+0000] {logging_mixin.py:151} INFO - [2024-06-17T18:00:15.919+0000] {dag.py:2907} INFO - Sync 1 DAGs
[2024-06-17T18:00:15.928+0000] {logging_mixin.py:151} INFO - [2024-06-17T18:00:15.928+0000] {dag.py:3677} INFO - Setting next_dagrun for example_setup_teardown_taskflow to 2024-06-16T18:00:15.928181+00:00, run_after=2024-06-17T18:00:15.928181+00:00
[2024-06-17T18:00:15.935+0000] {processor.py:179} INFO - Processing /home/airflow/.local/lib/python3.8/site-packages/airflow/example_dags/example_setup_teardown_taskflow.py took 0.032 seconds
[2024-06-17T18:00:46.382+0000] {processor.py:157} INFO - Started process (PID=498) to work on /home/airflow/.local/lib/python3.8/site-packages/airflow/example_dags/example_setup_teardown_taskflow.py
[2024-06-17T18:00:46.383+0000] {processor.py:829} INFO - Processing file /home/airflow/.local/lib/python3.8/site-packages/airflow/example_dags/example_setup_teardown_taskflow.py for tasks to queue
[2024-06-17T18:00:46.384+0000] {logging_mixin.py:151} INFO - [2024-06-17T18:00:46.383+0000] {dagbag.py:539} INFO - Filling up the DagBag from /home/airflow/.local/lib/python3.8/site-packages/airflow/example_dags/example_setup_teardown_taskflow.py
[2024-06-17T18:00:46.388+0000] {processor.py:839} INFO - DAG(s) dict_keys(['example_setup_teardown_taskflow']) retrieved from /home/airflow/.local/lib/python3.8/site-packages/airflow/example_dags/example_setup_teardown_taskflow.py
[2024-06-17T18:00:46.398+0000] {logging_mixin.py:151} INFO - [2024-06-17T18:00:46.397+0000] {dag.py:2907} INFO - Sync 1 DAGs
[2024-06-17T18:00:46.407+0000] {logging_mixin.py:151} INFO - [2024-06-17T18:00:46.407+0000] {dag.py:3677} INFO - Setting next_dagrun for example_setup_teardown_taskflow to 2024-06-16T18:00:46.407212+00:00, run_after=2024-06-17T18:00:46.407212+00:00
[2024-06-17T18:00:46.414+0000] {processor.py:179} INFO - Processing /home/airflow/.local/lib/python3.8/site-packages/airflow/example_dags/example_setup_teardown_taskflow.py took 0.034 seconds
[2024-06-17T18:01:16.965+0000] {processor.py:157} INFO - Started process (PID=553) to work on /home/airflow/.local/lib/python3.8/site-packages/airflow/example_dags/example_setup_teardown_taskflow.py
[2024-06-17T18:01:16.966+0000] {processor.py:829} INFO - Processing file /home/airflow/.local/lib/python3.8/site-packages/airflow/example_dags/example_setup_teardown_taskflow.py for tasks to queue
[2024-06-17T18:01:16.967+0000] {logging_mixin.py:151} INFO - [2024-06-17T18:01:16.967+0000] {dagbag.py:539} INFO - Filling up the DagBag from /home/airflow/.local/lib/python3.8/site-packages/airflow/example_dags/example_setup_teardown_taskflow.py
[2024-06-17T18:01:16.971+0000] {processor.py:839} INFO - DAG(s) dict_keys(['example_setup_teardown_taskflow']) retrieved from /home/airflow/.local/lib/python3.8/site-packages/airflow/example_dags/example_setup_teardown_taskflow.py
[2024-06-17T18:01:16.981+0000] {logging_mixin.py:151} INFO - [2024-06-17T18:01:16.981+0000] {dag.py:2907} INFO - Sync 1 DAGs
[2024-06-17T18:01:16.991+0000] {logging_mixin.py:151} INFO - [2024-06-17T18:01:16.991+0000] {dag.py:3677} INFO - Setting next_dagrun for example_setup_teardown_taskflow to 2024-06-16T18:01:16.991443+00:00, run_after=2024-06-17T18:01:16.991443+00:00
[2024-06-17T18:01:17.000+0000] {processor.py:179} INFO - Processing /home/airflow/.local/lib/python3.8/site-packages/airflow/example_dags/example_setup_teardown_taskflow.py took 0.036 seconds
[2024-06-17T18:01:47.539+0000] {processor.py:157} INFO - Started process (PID=608) to work on /home/airflow/.local/lib/python3.8/site-packages/airflow/example_dags/example_setup_teardown_taskflow.py
[2024-06-17T18:01:47.540+0000] {processor.py:829} INFO - Processing file /home/airflow/.local/lib/python3.8/site-packages/airflow/example_dags/example_setup_teardown_taskflow.py for tasks to queue
[2024-06-17T18:01:47.541+0000] {logging_mixin.py:151} INFO - [2024-06-17T18:01:47.541+0000] {dagbag.py:539} INFO - Filling up the DagBag from /home/airflow/.local/lib/python3.8/site-packages/airflow/example_dags/example_setup_teardown_taskflow.py
[2024-06-17T18:01:47.545+0000] {processor.py:839} INFO - DAG(s) dict_keys(['example_setup_teardown_taskflow']) retrieved from /home/airflow/.local/lib/python3.8/site-packages/airflow/example_dags/example_setup_teardown_taskflow.py
[2024-06-17T18:01:47.555+0000] {logging_mixin.py:151} INFO - [2024-06-17T18:01:47.555+0000] {dag.py:2907} INFO - Sync 1 DAGs
[2024-06-17T18:01:47.564+0000] {logging_mixin.py:151} INFO - [2024-06-17T18:01:47.564+0000] {dag.py:3677} INFO - Setting next_dagrun for example_setup_teardown_taskflow to 2024-06-16T18:01:47.564284+00:00, run_after=2024-06-17T18:01:47.564284+00:00
[2024-06-17T18:01:47.571+0000] {processor.py:179} INFO - Processing /home/airflow/.local/lib/python3.8/site-packages/airflow/example_dags/example_setup_teardown_taskflow.py took 0.034 seconds
[2024-06-17T18:02:18.100+0000] {processor.py:157} INFO - Started process (PID=663) to work on /home/airflow/.local/lib/python3.8/site-packages/airflow/example_dags/example_setup_teardown_taskflow.py
[2024-06-17T18:02:18.100+0000] {processor.py:829} INFO - Processing file /home/airflow/.local/lib/python3.8/site-packages/airflow/example_dags/example_setup_teardown_taskflow.py for tasks to queue
[2024-06-17T18:02:18.101+0000] {logging_mixin.py:151} INFO - [2024-06-17T18:02:18.101+0000] {dagbag.py:539} INFO - Filling up the DagBag from /home/airflow/.local/lib/python3.8/site-packages/airflow/example_dags/example_setup_teardown_taskflow.py
[2024-06-17T18:02:18.106+0000] {processor.py:839} INFO - DAG(s) dict_keys(['example_setup_teardown_taskflow']) retrieved from /home/airflow/.local/lib/python3.8/site-packages/airflow/example_dags/example_setup_teardown_taskflow.py
[2024-06-17T18:02:18.115+0000] {logging_mixin.py:151} INFO - [2024-06-17T18:02:18.115+0000] {dag.py:2907} INFO - Sync 1 DAGs
[2024-06-17T18:02:18.124+0000] {logging_mixin.py:151} INFO - [2024-06-17T18:02:18.124+0000] {dag.py:3677} INFO - Setting next_dagrun for example_setup_teardown_taskflow to 2024-06-16T18:02:18.124584+00:00, run_after=2024-06-17T18:02:18.124584+00:00
[2024-06-17T18:02:18.132+0000] {processor.py:179} INFO - Processing /home/airflow/.local/lib/python3.8/site-packages/airflow/example_dags/example_setup_teardown_taskflow.py took 0.034 seconds
[2024-06-17T18:02:48.673+0000] {processor.py:157} INFO - Started process (PID=718) to work on /home/airflow/.local/lib/python3.8/site-packages/airflow/example_dags/example_setup_teardown_taskflow.py
[2024-06-17T18:02:48.674+0000] {processor.py:829} INFO - Processing file /home/airflow/.local/lib/python3.8/site-packages/airflow/example_dags/example_setup_teardown_taskflow.py for tasks to queue
[2024-06-17T18:02:48.675+0000] {logging_mixin.py:151} INFO - [2024-06-17T18:02:48.675+0000] {dagbag.py:539} INFO - Filling up the DagBag from /home/airflow/.local/lib/python3.8/site-packages/airflow/example_dags/example_setup_teardown_taskflow.py
[2024-06-17T18:02:48.679+0000] {processor.py:839} INFO - DAG(s) dict_keys(['example_setup_teardown_taskflow']) retrieved from /home/airflow/.local/lib/python3.8/site-packages/airflow/example_dags/example_setup_teardown_taskflow.py
[2024-06-17T18:02:48.689+0000] {logging_mixin.py:151} INFO - [2024-06-17T18:02:48.689+0000] {dag.py:2907} INFO - Sync 1 DAGs
[2024-06-17T18:02:48.697+0000] {logging_mixin.py:151} INFO - [2024-06-17T18:02:48.697+0000] {dag.py:3677} INFO - Setting next_dagrun for example_setup_teardown_taskflow to 2024-06-16T18:02:48.697755+00:00, run_after=2024-06-17T18:02:48.697755+00:00
[2024-06-17T18:02:48.704+0000] {processor.py:179} INFO - Processing /home/airflow/.local/lib/python3.8/site-packages/airflow/example_dags/example_setup_teardown_taskflow.py took 0.033 seconds
[2024-06-17T18:03:19.147+0000] {processor.py:157} INFO - Started process (PID=773) to work on /home/airflow/.local/lib/python3.8/site-packages/airflow/example_dags/example_setup_teardown_taskflow.py
[2024-06-17T18:03:19.147+0000] {processor.py:829} INFO - Processing file /home/airflow/.local/lib/python3.8/site-packages/airflow/example_dags/example_setup_teardown_taskflow.py for tasks to queue
[2024-06-17T18:03:19.148+0000] {logging_mixin.py:151} INFO - [2024-06-17T18:03:19.148+0000] {dagbag.py:539} INFO - Filling up the DagBag from /home/airflow/.local/lib/python3.8/site-packages/airflow/example_dags/example_setup_teardown_taskflow.py
[2024-06-17T18:03:19.152+0000] {processor.py:839} INFO - DAG(s) dict_keys(['example_setup_teardown_taskflow']) retrieved from /home/airflow/.local/lib/python3.8/site-packages/airflow/example_dags/example_setup_teardown_taskflow.py
[2024-06-17T18:03:19.161+0000] {logging_mixin.py:151} INFO - [2024-06-17T18:03:19.161+0000] {dag.py:2907} INFO - Sync 1 DAGs
[2024-06-17T18:03:19.170+0000] {logging_mixin.py:151} INFO - [2024-06-17T18:03:19.170+0000] {dag.py:3677} INFO - Setting next_dagrun for example_setup_teardown_taskflow to 2024-06-16T18:03:19.170046+00:00, run_after=2024-06-17T18:03:19.170046+00:00
[2024-06-17T18:03:19.177+0000] {processor.py:179} INFO - Processing /home/airflow/.local/lib/python3.8/site-packages/airflow/example_dags/example_setup_teardown_taskflow.py took 0.032 seconds
[2024-06-17T18:03:49.637+0000] {processor.py:157} INFO - Started process (PID=828) to work on /home/airflow/.local/lib/python3.8/site-packages/airflow/example_dags/example_setup_teardown_taskflow.py
[2024-06-17T18:03:49.637+0000] {processor.py:829} INFO - Processing file /home/airflow/.local/lib/python3.8/site-packages/airflow/example_dags/example_setup_teardown_taskflow.py for tasks to queue
[2024-06-17T18:03:49.638+0000] {logging_mixin.py:151} INFO - [2024-06-17T18:03:49.638+0000] {dagbag.py:539} INFO - Filling up the DagBag from /home/airflow/.local/lib/python3.8/site-packages/airflow/example_dags/example_setup_teardown_taskflow.py
[2024-06-17T18:03:49.643+0000] {processor.py:839} INFO - DAG(s) dict_keys(['example_setup_teardown_taskflow']) retrieved from /home/airflow/.local/lib/python3.8/site-packages/airflow/example_dags/example_setup_teardown_taskflow.py
[2024-06-17T18:03:49.652+0000] {logging_mixin.py:151} INFO - [2024-06-17T18:03:49.652+0000] {dag.py:2907} INFO - Sync 1 DAGs
[2024-06-17T18:03:49.661+0000] {logging_mixin.py:151} INFO - [2024-06-17T18:03:49.661+0000] {dag.py:3677} INFO - Setting next_dagrun for example_setup_teardown_taskflow to 2024-06-16T18:03:49.660928+00:00, run_after=2024-06-17T18:03:49.660928+00:00
[2024-06-17T18:03:49.668+0000] {processor.py:179} INFO - Processing /home/airflow/.local/lib/python3.8/site-packages/airflow/example_dags/example_setup_teardown_taskflow.py took 0.032 seconds
[2024-06-17T18:04:20.150+0000] {processor.py:157} INFO - Started process (PID=883) to work on /home/airflow/.local/lib/python3.8/site-packages/airflow/example_dags/example_setup_teardown_taskflow.py
[2024-06-17T18:04:20.150+0000] {processor.py:829} INFO - Processing file /home/airflow/.local/lib/python3.8/site-packages/airflow/example_dags/example_setup_teardown_taskflow.py for tasks to queue
[2024-06-17T18:04:20.152+0000] {logging_mixin.py:151} INFO - [2024-06-17T18:04:20.152+0000] {dagbag.py:539} INFO - Filling up the DagBag from /home/airflow/.local/lib/python3.8/site-packages/airflow/example_dags/example_setup_teardown_taskflow.py
[2024-06-17T18:04:20.157+0000] {processor.py:839} INFO - DAG(s) dict_keys(['example_setup_teardown_taskflow']) retrieved from /home/airflow/.local/lib/python3.8/site-packages/airflow/example_dags/example_setup_teardown_taskflow.py
[2024-06-17T18:04:20.168+0000] {logging_mixin.py:151} INFO - [2024-06-17T18:04:20.168+0000] {dag.py:2907} INFO - Sync 1 DAGs
[2024-06-17T18:04:20.179+0000] {logging_mixin.py:151} INFO - [2024-06-17T18:04:20.179+0000] {dag.py:3677} INFO - Setting next_dagrun for example_setup_teardown_taskflow to 2024-06-16T18:04:20.179021+00:00, run_after=2024-06-17T18:04:20.179021+00:00
[2024-06-17T18:04:20.187+0000] {processor.py:179} INFO - Processing /home/airflow/.local/lib/python3.8/site-packages/airflow/example_dags/example_setup_teardown_taskflow.py took 0.039 seconds
[2024-06-17T18:04:43.874+0000] {processor.py:157} INFO - Started process (PID=57) to work on /home/airflow/.local/lib/python3.8/site-packages/airflow/example_dags/example_setup_teardown_taskflow.py
[2024-06-17T18:04:43.875+0000] {processor.py:829} INFO - Processing file /home/airflow/.local/lib/python3.8/site-packages/airflow/example_dags/example_setup_teardown_taskflow.py for tasks to queue
[2024-06-17T18:04:43.877+0000] {logging_mixin.py:151} INFO - [2024-06-17T18:04:43.877+0000] {dagbag.py:539} INFO - Filling up the DagBag from /home/airflow/.local/lib/python3.8/site-packages/airflow/example_dags/example_setup_teardown_taskflow.py
[2024-06-17T18:04:43.883+0000] {processor.py:839} INFO - DAG(s) dict_keys(['example_setup_teardown_taskflow']) retrieved from /home/airflow/.local/lib/python3.8/site-packages/airflow/example_dags/example_setup_teardown_taskflow.py
[2024-06-17T18:04:43.893+0000] {logging_mixin.py:151} INFO - [2024-06-17T18:04:43.893+0000] {dag.py:2907} INFO - Sync 1 DAGs
[2024-06-17T18:04:43.908+0000] {logging_mixin.py:151} INFO - [2024-06-17T18:04:43.907+0000] {dag.py:3677} INFO - Setting next_dagrun for example_setup_teardown_taskflow to 2024-06-16T18:04:43.907829+00:00, run_after=2024-06-17T18:04:43.907829+00:00
[2024-06-17T18:04:43.918+0000] {processor.py:179} INFO - Processing /home/airflow/.local/lib/python3.8/site-packages/airflow/example_dags/example_setup_teardown_taskflow.py took 0.048 seconds
[2024-06-17T18:05:15.268+0000] {processor.py:157} INFO - Started process (PID=112) to work on /home/airflow/.local/lib/python3.8/site-packages/airflow/example_dags/example_setup_teardown_taskflow.py
[2024-06-17T18:05:15.269+0000] {processor.py:829} INFO - Processing file /home/airflow/.local/lib/python3.8/site-packages/airflow/example_dags/example_setup_teardown_taskflow.py for tasks to queue
[2024-06-17T18:05:15.270+0000] {logging_mixin.py:151} INFO - [2024-06-17T18:05:15.270+0000] {dagbag.py:539} INFO - Filling up the DagBag from /home/airflow/.local/lib/python3.8/site-packages/airflow/example_dags/example_setup_teardown_taskflow.py
[2024-06-17T18:05:15.346+0000] {processor.py:839} INFO - DAG(s) dict_keys(['example_setup_teardown_taskflow']) retrieved from /home/airflow/.local/lib/python3.8/site-packages/airflow/example_dags/example_setup_teardown_taskflow.py
[2024-06-17T18:05:15.355+0000] {logging_mixin.py:151} INFO - [2024-06-17T18:05:15.355+0000] {dag.py:2907} INFO - Sync 1 DAGs
[2024-06-17T18:05:15.365+0000] {logging_mixin.py:151} INFO - [2024-06-17T18:05:15.364+0000] {dag.py:3677} INFO - Setting next_dagrun for example_setup_teardown_taskflow to 2024-06-16T18:05:15.364854+00:00, run_after=2024-06-17T18:05:15.364854+00:00
[2024-06-17T18:05:15.372+0000] {processor.py:179} INFO - Processing /home/airflow/.local/lib/python3.8/site-packages/airflow/example_dags/example_setup_teardown_taskflow.py took 0.105 seconds
[2024-06-17T18:05:46.055+0000] {processor.py:157} INFO - Started process (PID=167) to work on /home/airflow/.local/lib/python3.8/site-packages/airflow/example_dags/example_setup_teardown_taskflow.py
[2024-06-17T18:05:46.055+0000] {processor.py:829} INFO - Processing file /home/airflow/.local/lib/python3.8/site-packages/airflow/example_dags/example_setup_teardown_taskflow.py for tasks to queue
[2024-06-17T18:05:46.056+0000] {logging_mixin.py:151} INFO - [2024-06-17T18:05:46.056+0000] {dagbag.py:539} INFO - Filling up the DagBag from /home/airflow/.local/lib/python3.8/site-packages/airflow/example_dags/example_setup_teardown_taskflow.py
[2024-06-17T18:05:46.060+0000] {processor.py:839} INFO - DAG(s) dict_keys(['example_setup_teardown_taskflow']) retrieved from /home/airflow/.local/lib/python3.8/site-packages/airflow/example_dags/example_setup_teardown_taskflow.py
[2024-06-17T18:05:46.069+0000] {logging_mixin.py:151} INFO - [2024-06-17T18:05:46.069+0000] {dag.py:2907} INFO - Sync 1 DAGs
[2024-06-17T18:05:46.077+0000] {logging_mixin.py:151} INFO - [2024-06-17T18:05:46.077+0000] {dag.py:3677} INFO - Setting next_dagrun for example_setup_teardown_taskflow to 2024-06-16T18:05:46.076943+00:00, run_after=2024-06-17T18:05:46.076943+00:00
[2024-06-17T18:05:46.083+0000] {processor.py:179} INFO - Processing /home/airflow/.local/lib/python3.8/site-packages/airflow/example_dags/example_setup_teardown_taskflow.py took 0.030 seconds
[2024-06-17T18:06:16.714+0000] {processor.py:157} INFO - Started process (PID=222) to work on /home/airflow/.local/lib/python3.8/site-packages/airflow/example_dags/example_setup_teardown_taskflow.py
[2024-06-17T18:06:16.714+0000] {processor.py:829} INFO - Processing file /home/airflow/.local/lib/python3.8/site-packages/airflow/example_dags/example_setup_teardown_taskflow.py for tasks to queue
[2024-06-17T18:06:16.715+0000] {logging_mixin.py:151} INFO - [2024-06-17T18:06:16.715+0000] {dagbag.py:539} INFO - Filling up the DagBag from /home/airflow/.local/lib/python3.8/site-packages/airflow/example_dags/example_setup_teardown_taskflow.py
[2024-06-17T18:06:16.720+0000] {processor.py:839} INFO - DAG(s) dict_keys(['example_setup_teardown_taskflow']) retrieved from /home/airflow/.local/lib/python3.8/site-packages/airflow/example_dags/example_setup_teardown_taskflow.py
[2024-06-17T18:06:16.729+0000] {logging_mixin.py:151} INFO - [2024-06-17T18:06:16.728+0000] {dag.py:2907} INFO - Sync 1 DAGs
[2024-06-17T18:06:16.737+0000] {logging_mixin.py:151} INFO - [2024-06-17T18:06:16.737+0000] {dag.py:3677} INFO - Setting next_dagrun for example_setup_teardown_taskflow to 2024-06-16T18:06:16.737561+00:00, run_after=2024-06-17T18:06:16.737561+00:00
[2024-06-17T18:06:16.745+0000] {processor.py:179} INFO - Processing /home/airflow/.local/lib/python3.8/site-packages/airflow/example_dags/example_setup_teardown_taskflow.py took 0.032 seconds
[2024-06-17T18:06:47.351+0000] {processor.py:157} INFO - Started process (PID=277) to work on /home/airflow/.local/lib/python3.8/site-packages/airflow/example_dags/example_setup_teardown_taskflow.py
[2024-06-17T18:06:47.352+0000] {processor.py:829} INFO - Processing file /home/airflow/.local/lib/python3.8/site-packages/airflow/example_dags/example_setup_teardown_taskflow.py for tasks to queue
[2024-06-17T18:06:47.353+0000] {logging_mixin.py:151} INFO - [2024-06-17T18:06:47.353+0000] {dagbag.py:539} INFO - Filling up the DagBag from /home/airflow/.local/lib/python3.8/site-packages/airflow/example_dags/example_setup_teardown_taskflow.py
[2024-06-17T18:06:47.357+0000] {processor.py:839} INFO - DAG(s) dict_keys(['example_setup_teardown_taskflow']) retrieved from /home/airflow/.local/lib/python3.8/site-packages/airflow/example_dags/example_setup_teardown_taskflow.py
[2024-06-17T18:06:47.366+0000] {logging_mixin.py:151} INFO - [2024-06-17T18:06:47.366+0000] {dag.py:2907} INFO - Sync 1 DAGs
[2024-06-17T18:06:47.375+0000] {logging_mixin.py:151} INFO - [2024-06-17T18:06:47.375+0000] {dag.py:3677} INFO - Setting next_dagrun for example_setup_teardown_taskflow to 2024-06-16T18:06:47.375013+00:00, run_after=2024-06-17T18:06:47.375013+00:00
[2024-06-17T18:06:47.381+0000] {processor.py:179} INFO - Processing /home/airflow/.local/lib/python3.8/site-packages/airflow/example_dags/example_setup_teardown_taskflow.py took 0.032 seconds
[2024-06-17T18:07:17.753+0000] {processor.py:157} INFO - Started process (PID=332) to work on /home/airflow/.local/lib/python3.8/site-packages/airflow/example_dags/example_setup_teardown_taskflow.py
[2024-06-17T18:07:17.754+0000] {processor.py:829} INFO - Processing file /home/airflow/.local/lib/python3.8/site-packages/airflow/example_dags/example_setup_teardown_taskflow.py for tasks to queue
[2024-06-17T18:07:17.755+0000] {logging_mixin.py:151} INFO - [2024-06-17T18:07:17.755+0000] {dagbag.py:539} INFO - Filling up the DagBag from /home/airflow/.local/lib/python3.8/site-packages/airflow/example_dags/example_setup_teardown_taskflow.py
[2024-06-17T18:07:17.759+0000] {processor.py:839} INFO - DAG(s) dict_keys(['example_setup_teardown_taskflow']) retrieved from /home/airflow/.local/lib/python3.8/site-packages/airflow/example_dags/example_setup_teardown_taskflow.py
[2024-06-17T18:07:17.768+0000] {logging_mixin.py:151} INFO - [2024-06-17T18:07:17.768+0000] {dag.py:2907} INFO - Sync 1 DAGs
[2024-06-17T18:07:17.776+0000] {logging_mixin.py:151} INFO - [2024-06-17T18:07:17.776+0000] {dag.py:3677} INFO - Setting next_dagrun for example_setup_teardown_taskflow to 2024-06-16T18:07:17.776746+00:00, run_after=2024-06-17T18:07:17.776746+00:00
[2024-06-17T18:07:17.783+0000] {processor.py:179} INFO - Processing /home/airflow/.local/lib/python3.8/site-packages/airflow/example_dags/example_setup_teardown_taskflow.py took 0.032 seconds
