[2024-06-17T17:56:40.975+0000] {processor.py:157} INFO - Started process (PID=52) to work on /home/airflow/.local/lib/python3.8/site-packages/airflow/example_dags/example_dynamic_task_mapping_with_no_taskflow_operators.py
[2024-06-17T17:56:40.975+0000] {processor.py:829} INFO - Processing file /home/airflow/.local/lib/python3.8/site-packages/airflow/example_dags/example_dynamic_task_mapping_with_no_taskflow_operators.py for tasks to queue
[2024-06-17T17:56:40.977+0000] {logging_mixin.py:151} INFO - [2024-06-17T17:56:40.976+0000] {dagbag.py:539} INFO - Filling up the DagBag from /home/airflow/.local/lib/python3.8/site-packages/airflow/example_dags/example_dynamic_task_mapping_with_no_taskflow_operators.py
[2024-06-17T17:56:40.981+0000] {processor.py:839} INFO - DAG(s) dict_keys(['example_dynamic_task_mapping_with_no_taskflow_operators']) retrieved from /home/airflow/.local/lib/python3.8/site-packages/airflow/example_dags/example_dynamic_task_mapping_with_no_taskflow_operators.py
[2024-06-17T17:56:41.106+0000] {logging_mixin.py:151} INFO - [2024-06-17T17:56:41.106+0000] {manager.py:501} INFO - Created Permission View: can delete on DAG:example_dynamic_task_mapping_with_no_taskflow_operators
[2024-06-17T17:56:41.110+0000] {logging_mixin.py:151} INFO - [2024-06-17T17:56:41.109+0000] {manager.py:501} INFO - Created Permission View: can read on DAG:example_dynamic_task_mapping_with_no_taskflow_operators
[2024-06-17T17:56:41.112+0000] {logging_mixin.py:151} INFO - [2024-06-17T17:56:41.112+0000] {manager.py:501} INFO - Created Permission View: can edit on DAG:example_dynamic_task_mapping_with_no_taskflow_operators
[2024-06-17T17:56:41.117+0000] {logging_mixin.py:151} INFO - [2024-06-17T17:56:41.117+0000] {dag.py:2907} INFO - Sync 1 DAGs
[2024-06-17T17:56:41.121+0000] {logging_mixin.py:151} INFO - [2024-06-17T17:56:41.121+0000] {dag.py:2929} INFO - Creating ORM DAG for example_dynamic_task_mapping_with_no_taskflow_operators
[2024-06-17T17:56:41.125+0000] {logging_mixin.py:151} INFO - [2024-06-17T17:56:41.125+0000] {dag.py:3677} INFO - Setting next_dagrun for example_dynamic_task_mapping_with_no_taskflow_operators to 2024-06-16T17:56:41.125301+00:00, run_after=2024-06-17T17:56:41.125301+00:00
[2024-06-17T17:56:41.131+0000] {processor.py:179} INFO - Processing /home/airflow/.local/lib/python3.8/site-packages/airflow/example_dags/example_dynamic_task_mapping_with_no_taskflow_operators.py took 0.158 seconds
[2024-06-17T17:57:11.485+0000] {processor.py:157} INFO - Started process (PID=107) to work on /home/airflow/.local/lib/python3.8/site-packages/airflow/example_dags/example_dynamic_task_mapping_with_no_taskflow_operators.py
[2024-06-17T17:57:11.485+0000] {processor.py:829} INFO - Processing file /home/airflow/.local/lib/python3.8/site-packages/airflow/example_dags/example_dynamic_task_mapping_with_no_taskflow_operators.py for tasks to queue
[2024-06-17T17:57:11.486+0000] {logging_mixin.py:151} INFO - [2024-06-17T17:57:11.486+0000] {dagbag.py:539} INFO - Filling up the DagBag from /home/airflow/.local/lib/python3.8/site-packages/airflow/example_dags/example_dynamic_task_mapping_with_no_taskflow_operators.py
[2024-06-17T17:57:11.488+0000] {processor.py:839} INFO - DAG(s) dict_keys(['example_dynamic_task_mapping_with_no_taskflow_operators']) retrieved from /home/airflow/.local/lib/python3.8/site-packages/airflow/example_dags/example_dynamic_task_mapping_with_no_taskflow_operators.py
[2024-06-17T17:57:11.497+0000] {logging_mixin.py:151} INFO - [2024-06-17T17:57:11.496+0000] {dag.py:2907} INFO - Sync 1 DAGs
[2024-06-17T17:57:11.505+0000] {logging_mixin.py:151} INFO - [2024-06-17T17:57:11.505+0000] {dag.py:3677} INFO - Setting next_dagrun for example_dynamic_task_mapping_with_no_taskflow_operators to 2024-06-16T17:57:11.505682+00:00, run_after=2024-06-17T17:57:11.505682+00:00
[2024-06-17T17:57:11.512+0000] {processor.py:179} INFO - Processing /home/airflow/.local/lib/python3.8/site-packages/airflow/example_dags/example_dynamic_task_mapping_with_no_taskflow_operators.py took 0.029 seconds
[2024-06-17T17:57:42.052+0000] {processor.py:157} INFO - Started process (PID=162) to work on /home/airflow/.local/lib/python3.8/site-packages/airflow/example_dags/example_dynamic_task_mapping_with_no_taskflow_operators.py
[2024-06-17T17:57:42.053+0000] {processor.py:829} INFO - Processing file /home/airflow/.local/lib/python3.8/site-packages/airflow/example_dags/example_dynamic_task_mapping_with_no_taskflow_operators.py for tasks to queue
[2024-06-17T17:57:42.054+0000] {logging_mixin.py:151} INFO - [2024-06-17T17:57:42.054+0000] {dagbag.py:539} INFO - Filling up the DagBag from /home/airflow/.local/lib/python3.8/site-packages/airflow/example_dags/example_dynamic_task_mapping_with_no_taskflow_operators.py
[2024-06-17T17:57:42.056+0000] {processor.py:839} INFO - DAG(s) dict_keys(['example_dynamic_task_mapping_with_no_taskflow_operators']) retrieved from /home/airflow/.local/lib/python3.8/site-packages/airflow/example_dags/example_dynamic_task_mapping_with_no_taskflow_operators.py
[2024-06-17T17:57:42.065+0000] {logging_mixin.py:151} INFO - [2024-06-17T17:57:42.064+0000] {dag.py:2907} INFO - Sync 1 DAGs
[2024-06-17T17:57:42.073+0000] {logging_mixin.py:151} INFO - [2024-06-17T17:57:42.073+0000] {dag.py:3677} INFO - Setting next_dagrun for example_dynamic_task_mapping_with_no_taskflow_operators to 2024-06-16T17:57:42.073676+00:00, run_after=2024-06-17T17:57:42.073676+00:00
[2024-06-17T17:57:42.080+0000] {processor.py:179} INFO - Processing /home/airflow/.local/lib/python3.8/site-packages/airflow/example_dags/example_dynamic_task_mapping_with_no_taskflow_operators.py took 0.029 seconds
[2024-06-17T17:58:12.627+0000] {processor.py:157} INFO - Started process (PID=217) to work on /home/airflow/.local/lib/python3.8/site-packages/airflow/example_dags/example_dynamic_task_mapping_with_no_taskflow_operators.py
[2024-06-17T17:58:12.627+0000] {processor.py:829} INFO - Processing file /home/airflow/.local/lib/python3.8/site-packages/airflow/example_dags/example_dynamic_task_mapping_with_no_taskflow_operators.py for tasks to queue
[2024-06-17T17:58:12.628+0000] {logging_mixin.py:151} INFO - [2024-06-17T17:58:12.628+0000] {dagbag.py:539} INFO - Filling up the DagBag from /home/airflow/.local/lib/python3.8/site-packages/airflow/example_dags/example_dynamic_task_mapping_with_no_taskflow_operators.py
[2024-06-17T17:58:12.631+0000] {processor.py:839} INFO - DAG(s) dict_keys(['example_dynamic_task_mapping_with_no_taskflow_operators']) retrieved from /home/airflow/.local/lib/python3.8/site-packages/airflow/example_dags/example_dynamic_task_mapping_with_no_taskflow_operators.py
[2024-06-17T17:58:12.639+0000] {logging_mixin.py:151} INFO - [2024-06-17T17:58:12.639+0000] {dag.py:2907} INFO - Sync 1 DAGs
[2024-06-17T17:58:12.647+0000] {logging_mixin.py:151} INFO - [2024-06-17T17:58:12.647+0000] {dag.py:3677} INFO - Setting next_dagrun for example_dynamic_task_mapping_with_no_taskflow_operators to 2024-06-16T17:58:12.647112+00:00, run_after=2024-06-17T17:58:12.647112+00:00
[2024-06-17T17:58:12.653+0000] {processor.py:179} INFO - Processing /home/airflow/.local/lib/python3.8/site-packages/airflow/example_dags/example_dynamic_task_mapping_with_no_taskflow_operators.py took 0.028 seconds
[2024-06-17T17:58:43.136+0000] {processor.py:157} INFO - Started process (PID=272) to work on /home/airflow/.local/lib/python3.8/site-packages/airflow/example_dags/example_dynamic_task_mapping_with_no_taskflow_operators.py
[2024-06-17T17:58:43.136+0000] {processor.py:829} INFO - Processing file /home/airflow/.local/lib/python3.8/site-packages/airflow/example_dags/example_dynamic_task_mapping_with_no_taskflow_operators.py for tasks to queue
[2024-06-17T17:58:43.137+0000] {logging_mixin.py:151} INFO - [2024-06-17T17:58:43.137+0000] {dagbag.py:539} INFO - Filling up the DagBag from /home/airflow/.local/lib/python3.8/site-packages/airflow/example_dags/example_dynamic_task_mapping_with_no_taskflow_operators.py
[2024-06-17T17:58:43.139+0000] {processor.py:839} INFO - DAG(s) dict_keys(['example_dynamic_task_mapping_with_no_taskflow_operators']) retrieved from /home/airflow/.local/lib/python3.8/site-packages/airflow/example_dags/example_dynamic_task_mapping_with_no_taskflow_operators.py
[2024-06-17T17:58:43.148+0000] {logging_mixin.py:151} INFO - [2024-06-17T17:58:43.148+0000] {dag.py:2907} INFO - Sync 1 DAGs
[2024-06-17T17:58:43.157+0000] {logging_mixin.py:151} INFO - [2024-06-17T17:58:43.157+0000] {dag.py:3677} INFO - Setting next_dagrun for example_dynamic_task_mapping_with_no_taskflow_operators to 2024-06-16T17:58:43.157072+00:00, run_after=2024-06-17T17:58:43.157072+00:00
[2024-06-17T17:58:43.164+0000] {processor.py:179} INFO - Processing /home/airflow/.local/lib/python3.8/site-packages/airflow/example_dags/example_dynamic_task_mapping_with_no_taskflow_operators.py took 0.030 seconds
[2024-06-17T17:59:13.683+0000] {processor.py:157} INFO - Started process (PID=327) to work on /home/airflow/.local/lib/python3.8/site-packages/airflow/example_dags/example_dynamic_task_mapping_with_no_taskflow_operators.py
[2024-06-17T17:59:13.683+0000] {processor.py:829} INFO - Processing file /home/airflow/.local/lib/python3.8/site-packages/airflow/example_dags/example_dynamic_task_mapping_with_no_taskflow_operators.py for tasks to queue
[2024-06-17T17:59:13.684+0000] {logging_mixin.py:151} INFO - [2024-06-17T17:59:13.684+0000] {dagbag.py:539} INFO - Filling up the DagBag from /home/airflow/.local/lib/python3.8/site-packages/airflow/example_dags/example_dynamic_task_mapping_with_no_taskflow_operators.py
[2024-06-17T17:59:13.687+0000] {processor.py:839} INFO - DAG(s) dict_keys(['example_dynamic_task_mapping_with_no_taskflow_operators']) retrieved from /home/airflow/.local/lib/python3.8/site-packages/airflow/example_dags/example_dynamic_task_mapping_with_no_taskflow_operators.py
[2024-06-17T17:59:13.695+0000] {logging_mixin.py:151} INFO - [2024-06-17T17:59:13.695+0000] {dag.py:2907} INFO - Sync 1 DAGs
[2024-06-17T17:59:13.704+0000] {logging_mixin.py:151} INFO - [2024-06-17T17:59:13.704+0000] {dag.py:3677} INFO - Setting next_dagrun for example_dynamic_task_mapping_with_no_taskflow_operators to 2024-06-16T17:59:13.704500+00:00, run_after=2024-06-17T17:59:13.704500+00:00
[2024-06-17T17:59:13.711+0000] {processor.py:179} INFO - Processing /home/airflow/.local/lib/python3.8/site-packages/airflow/example_dags/example_dynamic_task_mapping_with_no_taskflow_operators.py took 0.029 seconds
[2024-06-17T17:59:44.151+0000] {processor.py:157} INFO - Started process (PID=382) to work on /home/airflow/.local/lib/python3.8/site-packages/airflow/example_dags/example_dynamic_task_mapping_with_no_taskflow_operators.py
[2024-06-17T17:59:44.151+0000] {processor.py:829} INFO - Processing file /home/airflow/.local/lib/python3.8/site-packages/airflow/example_dags/example_dynamic_task_mapping_with_no_taskflow_operators.py for tasks to queue
[2024-06-17T17:59:44.153+0000] {logging_mixin.py:151} INFO - [2024-06-17T17:59:44.153+0000] {dagbag.py:539} INFO - Filling up the DagBag from /home/airflow/.local/lib/python3.8/site-packages/airflow/example_dags/example_dynamic_task_mapping_with_no_taskflow_operators.py
[2024-06-17T17:59:44.155+0000] {processor.py:839} INFO - DAG(s) dict_keys(['example_dynamic_task_mapping_with_no_taskflow_operators']) retrieved from /home/airflow/.local/lib/python3.8/site-packages/airflow/example_dags/example_dynamic_task_mapping_with_no_taskflow_operators.py
[2024-06-17T17:59:44.164+0000] {logging_mixin.py:151} INFO - [2024-06-17T17:59:44.164+0000] {dag.py:2907} INFO - Sync 1 DAGs
[2024-06-17T17:59:44.172+0000] {logging_mixin.py:151} INFO - [2024-06-17T17:59:44.172+0000] {dag.py:3677} INFO - Setting next_dagrun for example_dynamic_task_mapping_with_no_taskflow_operators to 2024-06-16T17:59:44.172503+00:00, run_after=2024-06-17T17:59:44.172503+00:00
[2024-06-17T17:59:44.179+0000] {processor.py:179} INFO - Processing /home/airflow/.local/lib/python3.8/site-packages/airflow/example_dags/example_dynamic_task_mapping_with_no_taskflow_operators.py took 0.029 seconds
[2024-06-17T18:00:14.703+0000] {processor.py:157} INFO - Started process (PID=437) to work on /home/airflow/.local/lib/python3.8/site-packages/airflow/example_dags/example_dynamic_task_mapping_with_no_taskflow_operators.py
[2024-06-17T18:00:14.703+0000] {processor.py:829} INFO - Processing file /home/airflow/.local/lib/python3.8/site-packages/airflow/example_dags/example_dynamic_task_mapping_with_no_taskflow_operators.py for tasks to queue
[2024-06-17T18:00:14.704+0000] {logging_mixin.py:151} INFO - [2024-06-17T18:00:14.704+0000] {dagbag.py:539} INFO - Filling up the DagBag from /home/airflow/.local/lib/python3.8/site-packages/airflow/example_dags/example_dynamic_task_mapping_with_no_taskflow_operators.py
[2024-06-17T18:00:14.707+0000] {processor.py:839} INFO - DAG(s) dict_keys(['example_dynamic_task_mapping_with_no_taskflow_operators']) retrieved from /home/airflow/.local/lib/python3.8/site-packages/airflow/example_dags/example_dynamic_task_mapping_with_no_taskflow_operators.py
[2024-06-17T18:00:14.715+0000] {logging_mixin.py:151} INFO - [2024-06-17T18:00:14.714+0000] {dag.py:2907} INFO - Sync 1 DAGs
[2024-06-17T18:00:14.722+0000] {logging_mixin.py:151} INFO - [2024-06-17T18:00:14.722+0000] {dag.py:3677} INFO - Setting next_dagrun for example_dynamic_task_mapping_with_no_taskflow_operators to 2024-06-16T18:00:14.722754+00:00, run_after=2024-06-17T18:00:14.722754+00:00
[2024-06-17T18:00:14.728+0000] {processor.py:179} INFO - Processing /home/airflow/.local/lib/python3.8/site-packages/airflow/example_dags/example_dynamic_task_mapping_with_no_taskflow_operators.py took 0.027 seconds
[2024-06-17T18:00:45.200+0000] {processor.py:157} INFO - Started process (PID=492) to work on /home/airflow/.local/lib/python3.8/site-packages/airflow/example_dags/example_dynamic_task_mapping_with_no_taskflow_operators.py
[2024-06-17T18:00:45.200+0000] {processor.py:829} INFO - Processing file /home/airflow/.local/lib/python3.8/site-packages/airflow/example_dags/example_dynamic_task_mapping_with_no_taskflow_operators.py for tasks to queue
[2024-06-17T18:00:45.202+0000] {logging_mixin.py:151} INFO - [2024-06-17T18:00:45.201+0000] {dagbag.py:539} INFO - Filling up the DagBag from /home/airflow/.local/lib/python3.8/site-packages/airflow/example_dags/example_dynamic_task_mapping_with_no_taskflow_operators.py
[2024-06-17T18:00:45.204+0000] {processor.py:839} INFO - DAG(s) dict_keys(['example_dynamic_task_mapping_with_no_taskflow_operators']) retrieved from /home/airflow/.local/lib/python3.8/site-packages/airflow/example_dags/example_dynamic_task_mapping_with_no_taskflow_operators.py
[2024-06-17T18:00:45.213+0000] {logging_mixin.py:151} INFO - [2024-06-17T18:00:45.213+0000] {dag.py:2907} INFO - Sync 1 DAGs
[2024-06-17T18:00:45.222+0000] {logging_mixin.py:151} INFO - [2024-06-17T18:00:45.222+0000] {dag.py:3677} INFO - Setting next_dagrun for example_dynamic_task_mapping_with_no_taskflow_operators to 2024-06-16T18:00:45.222292+00:00, run_after=2024-06-17T18:00:45.222292+00:00
[2024-06-17T18:00:45.229+0000] {processor.py:179} INFO - Processing /home/airflow/.local/lib/python3.8/site-packages/airflow/example_dags/example_dynamic_task_mapping_with_no_taskflow_operators.py took 0.030 seconds
[2024-06-17T18:01:15.763+0000] {processor.py:157} INFO - Started process (PID=547) to work on /home/airflow/.local/lib/python3.8/site-packages/airflow/example_dags/example_dynamic_task_mapping_with_no_taskflow_operators.py
[2024-06-17T18:01:15.764+0000] {processor.py:829} INFO - Processing file /home/airflow/.local/lib/python3.8/site-packages/airflow/example_dags/example_dynamic_task_mapping_with_no_taskflow_operators.py for tasks to queue
[2024-06-17T18:01:15.765+0000] {logging_mixin.py:151} INFO - [2024-06-17T18:01:15.765+0000] {dagbag.py:539} INFO - Filling up the DagBag from /home/airflow/.local/lib/python3.8/site-packages/airflow/example_dags/example_dynamic_task_mapping_with_no_taskflow_operators.py
[2024-06-17T18:01:15.767+0000] {processor.py:839} INFO - DAG(s) dict_keys(['example_dynamic_task_mapping_with_no_taskflow_operators']) retrieved from /home/airflow/.local/lib/python3.8/site-packages/airflow/example_dags/example_dynamic_task_mapping_with_no_taskflow_operators.py
[2024-06-17T18:01:15.776+0000] {logging_mixin.py:151} INFO - [2024-06-17T18:01:15.776+0000] {dag.py:2907} INFO - Sync 1 DAGs
[2024-06-17T18:01:15.785+0000] {logging_mixin.py:151} INFO - [2024-06-17T18:01:15.785+0000] {dag.py:3677} INFO - Setting next_dagrun for example_dynamic_task_mapping_with_no_taskflow_operators to 2024-06-16T18:01:15.784895+00:00, run_after=2024-06-17T18:01:15.784895+00:00
[2024-06-17T18:01:15.791+0000] {processor.py:179} INFO - Processing /home/airflow/.local/lib/python3.8/site-packages/airflow/example_dags/example_dynamic_task_mapping_with_no_taskflow_operators.py took 0.029 seconds
[2024-06-17T18:01:46.335+0000] {processor.py:157} INFO - Started process (PID=602) to work on /home/airflow/.local/lib/python3.8/site-packages/airflow/example_dags/example_dynamic_task_mapping_with_no_taskflow_operators.py
[2024-06-17T18:01:46.336+0000] {processor.py:829} INFO - Processing file /home/airflow/.local/lib/python3.8/site-packages/airflow/example_dags/example_dynamic_task_mapping_with_no_taskflow_operators.py for tasks to queue
[2024-06-17T18:01:46.337+0000] {logging_mixin.py:151} INFO - [2024-06-17T18:01:46.337+0000] {dagbag.py:539} INFO - Filling up the DagBag from /home/airflow/.local/lib/python3.8/site-packages/airflow/example_dags/example_dynamic_task_mapping_with_no_taskflow_operators.py
[2024-06-17T18:01:46.340+0000] {processor.py:839} INFO - DAG(s) dict_keys(['example_dynamic_task_mapping_with_no_taskflow_operators']) retrieved from /home/airflow/.local/lib/python3.8/site-packages/airflow/example_dags/example_dynamic_task_mapping_with_no_taskflow_operators.py
[2024-06-17T18:01:46.348+0000] {logging_mixin.py:151} INFO - [2024-06-17T18:01:46.348+0000] {dag.py:2907} INFO - Sync 1 DAGs
[2024-06-17T18:01:46.357+0000] {logging_mixin.py:151} INFO - [2024-06-17T18:01:46.357+0000] {dag.py:3677} INFO - Setting next_dagrun for example_dynamic_task_mapping_with_no_taskflow_operators to 2024-06-16T18:01:46.357219+00:00, run_after=2024-06-17T18:01:46.357219+00:00
[2024-06-17T18:01:46.364+0000] {processor.py:179} INFO - Processing /home/airflow/.local/lib/python3.8/site-packages/airflow/example_dags/example_dynamic_task_mapping_with_no_taskflow_operators.py took 0.030 seconds
[2024-06-17T18:02:16.910+0000] {processor.py:157} INFO - Started process (PID=657) to work on /home/airflow/.local/lib/python3.8/site-packages/airflow/example_dags/example_dynamic_task_mapping_with_no_taskflow_operators.py
[2024-06-17T18:02:16.910+0000] {processor.py:829} INFO - Processing file /home/airflow/.local/lib/python3.8/site-packages/airflow/example_dags/example_dynamic_task_mapping_with_no_taskflow_operators.py for tasks to queue
[2024-06-17T18:02:16.911+0000] {logging_mixin.py:151} INFO - [2024-06-17T18:02:16.911+0000] {dagbag.py:539} INFO - Filling up the DagBag from /home/airflow/.local/lib/python3.8/site-packages/airflow/example_dags/example_dynamic_task_mapping_with_no_taskflow_operators.py
[2024-06-17T18:02:16.914+0000] {processor.py:839} INFO - DAG(s) dict_keys(['example_dynamic_task_mapping_with_no_taskflow_operators']) retrieved from /home/airflow/.local/lib/python3.8/site-packages/airflow/example_dags/example_dynamic_task_mapping_with_no_taskflow_operators.py
[2024-06-17T18:02:16.923+0000] {logging_mixin.py:151} INFO - [2024-06-17T18:02:16.923+0000] {dag.py:2907} INFO - Sync 1 DAGs
[2024-06-17T18:02:16.932+0000] {logging_mixin.py:151} INFO - [2024-06-17T18:02:16.932+0000] {dag.py:3677} INFO - Setting next_dagrun for example_dynamic_task_mapping_with_no_taskflow_operators to 2024-06-16T18:02:16.932496+00:00, run_after=2024-06-17T18:02:16.932496+00:00
[2024-06-17T18:02:16.939+0000] {processor.py:179} INFO - Processing /home/airflow/.local/lib/python3.8/site-packages/airflow/example_dags/example_dynamic_task_mapping_with_no_taskflow_operators.py took 0.031 seconds
[2024-06-17T18:02:47.469+0000] {processor.py:157} INFO - Started process (PID=712) to work on /home/airflow/.local/lib/python3.8/site-packages/airflow/example_dags/example_dynamic_task_mapping_with_no_taskflow_operators.py
[2024-06-17T18:02:47.470+0000] {processor.py:829} INFO - Processing file /home/airflow/.local/lib/python3.8/site-packages/airflow/example_dags/example_dynamic_task_mapping_with_no_taskflow_operators.py for tasks to queue
[2024-06-17T18:02:47.471+0000] {logging_mixin.py:151} INFO - [2024-06-17T18:02:47.471+0000] {dagbag.py:539} INFO - Filling up the DagBag from /home/airflow/.local/lib/python3.8/site-packages/airflow/example_dags/example_dynamic_task_mapping_with_no_taskflow_operators.py
[2024-06-17T18:02:47.473+0000] {processor.py:839} INFO - DAG(s) dict_keys(['example_dynamic_task_mapping_with_no_taskflow_operators']) retrieved from /home/airflow/.local/lib/python3.8/site-packages/airflow/example_dags/example_dynamic_task_mapping_with_no_taskflow_operators.py
[2024-06-17T18:02:47.482+0000] {logging_mixin.py:151} INFO - [2024-06-17T18:02:47.482+0000] {dag.py:2907} INFO - Sync 1 DAGs
[2024-06-17T18:02:47.491+0000] {logging_mixin.py:151} INFO - [2024-06-17T18:02:47.491+0000] {dag.py:3677} INFO - Setting next_dagrun for example_dynamic_task_mapping_with_no_taskflow_operators to 2024-06-16T18:02:47.491388+00:00, run_after=2024-06-17T18:02:47.491388+00:00
[2024-06-17T18:02:47.498+0000] {processor.py:179} INFO - Processing /home/airflow/.local/lib/python3.8/site-packages/airflow/example_dags/example_dynamic_task_mapping_with_no_taskflow_operators.py took 0.030 seconds
[2024-06-17T18:03:17.958+0000] {processor.py:157} INFO - Started process (PID=767) to work on /home/airflow/.local/lib/python3.8/site-packages/airflow/example_dags/example_dynamic_task_mapping_with_no_taskflow_operators.py
[2024-06-17T18:03:17.959+0000] {processor.py:829} INFO - Processing file /home/airflow/.local/lib/python3.8/site-packages/airflow/example_dags/example_dynamic_task_mapping_with_no_taskflow_operators.py for tasks to queue
[2024-06-17T18:03:17.960+0000] {logging_mixin.py:151} INFO - [2024-06-17T18:03:17.960+0000] {dagbag.py:539} INFO - Filling up the DagBag from /home/airflow/.local/lib/python3.8/site-packages/airflow/example_dags/example_dynamic_task_mapping_with_no_taskflow_operators.py
[2024-06-17T18:03:17.962+0000] {processor.py:839} INFO - DAG(s) dict_keys(['example_dynamic_task_mapping_with_no_taskflow_operators']) retrieved from /home/airflow/.local/lib/python3.8/site-packages/airflow/example_dags/example_dynamic_task_mapping_with_no_taskflow_operators.py
[2024-06-17T18:03:17.971+0000] {logging_mixin.py:151} INFO - [2024-06-17T18:03:17.971+0000] {dag.py:2907} INFO - Sync 1 DAGs
[2024-06-17T18:03:17.979+0000] {logging_mixin.py:151} INFO - [2024-06-17T18:03:17.979+0000] {dag.py:3677} INFO - Setting next_dagrun for example_dynamic_task_mapping_with_no_taskflow_operators to 2024-06-16T18:03:17.979548+00:00, run_after=2024-06-17T18:03:17.979548+00:00
[2024-06-17T18:03:17.986+0000] {processor.py:179} INFO - Processing /home/airflow/.local/lib/python3.8/site-packages/airflow/example_dags/example_dynamic_task_mapping_with_no_taskflow_operators.py took 0.029 seconds
[2024-06-17T18:03:48.440+0000] {processor.py:157} INFO - Started process (PID=822) to work on /home/airflow/.local/lib/python3.8/site-packages/airflow/example_dags/example_dynamic_task_mapping_with_no_taskflow_operators.py
[2024-06-17T18:03:48.440+0000] {processor.py:829} INFO - Processing file /home/airflow/.local/lib/python3.8/site-packages/airflow/example_dags/example_dynamic_task_mapping_with_no_taskflow_operators.py for tasks to queue
[2024-06-17T18:03:48.441+0000] {logging_mixin.py:151} INFO - [2024-06-17T18:03:48.441+0000] {dagbag.py:539} INFO - Filling up the DagBag from /home/airflow/.local/lib/python3.8/site-packages/airflow/example_dags/example_dynamic_task_mapping_with_no_taskflow_operators.py
[2024-06-17T18:03:48.444+0000] {processor.py:839} INFO - DAG(s) dict_keys(['example_dynamic_task_mapping_with_no_taskflow_operators']) retrieved from /home/airflow/.local/lib/python3.8/site-packages/airflow/example_dags/example_dynamic_task_mapping_with_no_taskflow_operators.py
[2024-06-17T18:03:48.452+0000] {logging_mixin.py:151} INFO - [2024-06-17T18:03:48.452+0000] {dag.py:2907} INFO - Sync 1 DAGs
[2024-06-17T18:03:48.461+0000] {logging_mixin.py:151} INFO - [2024-06-17T18:03:48.461+0000] {dag.py:3677} INFO - Setting next_dagrun for example_dynamic_task_mapping_with_no_taskflow_operators to 2024-06-16T18:03:48.461654+00:00, run_after=2024-06-17T18:03:48.461654+00:00
[2024-06-17T18:03:48.469+0000] {processor.py:179} INFO - Processing /home/airflow/.local/lib/python3.8/site-packages/airflow/example_dags/example_dynamic_task_mapping_with_no_taskflow_operators.py took 0.030 seconds
[2024-06-17T18:04:18.933+0000] {processor.py:157} INFO - Started process (PID=877) to work on /home/airflow/.local/lib/python3.8/site-packages/airflow/example_dags/example_dynamic_task_mapping_with_no_taskflow_operators.py
[2024-06-17T18:04:18.934+0000] {processor.py:829} INFO - Processing file /home/airflow/.local/lib/python3.8/site-packages/airflow/example_dags/example_dynamic_task_mapping_with_no_taskflow_operators.py for tasks to queue
[2024-06-17T18:04:18.935+0000] {logging_mixin.py:151} INFO - [2024-06-17T18:04:18.935+0000] {dagbag.py:539} INFO - Filling up the DagBag from /home/airflow/.local/lib/python3.8/site-packages/airflow/example_dags/example_dynamic_task_mapping_with_no_taskflow_operators.py
[2024-06-17T18:04:18.937+0000] {processor.py:839} INFO - DAG(s) dict_keys(['example_dynamic_task_mapping_with_no_taskflow_operators']) retrieved from /home/airflow/.local/lib/python3.8/site-packages/airflow/example_dags/example_dynamic_task_mapping_with_no_taskflow_operators.py
[2024-06-17T18:04:18.946+0000] {logging_mixin.py:151} INFO - [2024-06-17T18:04:18.946+0000] {dag.py:2907} INFO - Sync 1 DAGs
[2024-06-17T18:04:18.954+0000] {logging_mixin.py:151} INFO - [2024-06-17T18:04:18.954+0000] {dag.py:3677} INFO - Setting next_dagrun for example_dynamic_task_mapping_with_no_taskflow_operators to 2024-06-16T18:04:18.954767+00:00, run_after=2024-06-17T18:04:18.954767+00:00
[2024-06-17T18:04:18.961+0000] {processor.py:179} INFO - Processing /home/airflow/.local/lib/python3.8/site-packages/airflow/example_dags/example_dynamic_task_mapping_with_no_taskflow_operators.py took 0.029 seconds
[2024-06-17T18:04:43.510+0000] {processor.py:157} INFO - Started process (PID=51) to work on /home/airflow/.local/lib/python3.8/site-packages/airflow/example_dags/example_dynamic_task_mapping_with_no_taskflow_operators.py
[2024-06-17T18:04:43.512+0000] {processor.py:829} INFO - Processing file /home/airflow/.local/lib/python3.8/site-packages/airflow/example_dags/example_dynamic_task_mapping_with_no_taskflow_operators.py for tasks to queue
[2024-06-17T18:04:43.513+0000] {logging_mixin.py:151} INFO - [2024-06-17T18:04:43.513+0000] {dagbag.py:539} INFO - Filling up the DagBag from /home/airflow/.local/lib/python3.8/site-packages/airflow/example_dags/example_dynamic_task_mapping_with_no_taskflow_operators.py
[2024-06-17T18:04:43.517+0000] {processor.py:839} INFO - DAG(s) dict_keys(['example_dynamic_task_mapping_with_no_taskflow_operators']) retrieved from /home/airflow/.local/lib/python3.8/site-packages/airflow/example_dags/example_dynamic_task_mapping_with_no_taskflow_operators.py
[2024-06-17T18:04:43.523+0000] {logging_mixin.py:151} INFO - [2024-06-17T18:04:43.523+0000] {dag.py:2907} INFO - Sync 1 DAGs
[2024-06-17T18:04:43.534+0000] {logging_mixin.py:151} INFO - [2024-06-17T18:04:43.534+0000] {dag.py:3677} INFO - Setting next_dagrun for example_dynamic_task_mapping_with_no_taskflow_operators to 2024-06-16T18:04:43.534570+00:00, run_after=2024-06-17T18:04:43.534570+00:00
[2024-06-17T18:04:43.542+0000] {processor.py:179} INFO - Processing /home/airflow/.local/lib/python3.8/site-packages/airflow/example_dags/example_dynamic_task_mapping_with_no_taskflow_operators.py took 0.034 seconds
[2024-06-17T18:05:14.845+0000] {processor.py:157} INFO - Started process (PID=106) to work on /home/airflow/.local/lib/python3.8/site-packages/airflow/example_dags/example_dynamic_task_mapping_with_no_taskflow_operators.py
[2024-06-17T18:05:14.845+0000] {processor.py:829} INFO - Processing file /home/airflow/.local/lib/python3.8/site-packages/airflow/example_dags/example_dynamic_task_mapping_with_no_taskflow_operators.py for tasks to queue
[2024-06-17T18:05:14.847+0000] {logging_mixin.py:151} INFO - [2024-06-17T18:05:14.847+0000] {dagbag.py:539} INFO - Filling up the DagBag from /home/airflow/.local/lib/python3.8/site-packages/airflow/example_dags/example_dynamic_task_mapping_with_no_taskflow_operators.py
[2024-06-17T18:05:14.909+0000] {processor.py:839} INFO - DAG(s) dict_keys(['example_dynamic_task_mapping_with_no_taskflow_operators']) retrieved from /home/airflow/.local/lib/python3.8/site-packages/airflow/example_dags/example_dynamic_task_mapping_with_no_taskflow_operators.py
[2024-06-17T18:05:14.916+0000] {logging_mixin.py:151} INFO - [2024-06-17T18:05:14.916+0000] {dag.py:2907} INFO - Sync 1 DAGs
[2024-06-17T18:05:14.923+0000] {logging_mixin.py:151} INFO - [2024-06-17T18:05:14.923+0000] {dag.py:3677} INFO - Setting next_dagrun for example_dynamic_task_mapping_with_no_taskflow_operators to 2024-06-16T18:05:14.923534+00:00, run_after=2024-06-17T18:05:14.923534+00:00
[2024-06-17T18:05:14.930+0000] {processor.py:179} INFO - Processing /home/airflow/.local/lib/python3.8/site-packages/airflow/example_dags/example_dynamic_task_mapping_with_no_taskflow_operators.py took 0.087 seconds
[2024-06-17T18:05:45.868+0000] {processor.py:157} INFO - Started process (PID=161) to work on /home/airflow/.local/lib/python3.8/site-packages/airflow/example_dags/example_dynamic_task_mapping_with_no_taskflow_operators.py
[2024-06-17T18:05:45.869+0000] {processor.py:829} INFO - Processing file /home/airflow/.local/lib/python3.8/site-packages/airflow/example_dags/example_dynamic_task_mapping_with_no_taskflow_operators.py for tasks to queue
[2024-06-17T18:05:45.870+0000] {logging_mixin.py:151} INFO - [2024-06-17T18:05:45.870+0000] {dagbag.py:539} INFO - Filling up the DagBag from /home/airflow/.local/lib/python3.8/site-packages/airflow/example_dags/example_dynamic_task_mapping_with_no_taskflow_operators.py
[2024-06-17T18:05:45.873+0000] {processor.py:839} INFO - DAG(s) dict_keys(['example_dynamic_task_mapping_with_no_taskflow_operators']) retrieved from /home/airflow/.local/lib/python3.8/site-packages/airflow/example_dags/example_dynamic_task_mapping_with_no_taskflow_operators.py
[2024-06-17T18:05:45.882+0000] {logging_mixin.py:151} INFO - [2024-06-17T18:05:45.881+0000] {dag.py:2907} INFO - Sync 1 DAGs
[2024-06-17T18:05:45.890+0000] {logging_mixin.py:151} INFO - [2024-06-17T18:05:45.890+0000] {dag.py:3677} INFO - Setting next_dagrun for example_dynamic_task_mapping_with_no_taskflow_operators to 2024-06-16T18:05:45.890256+00:00, run_after=2024-06-17T18:05:45.890256+00:00
[2024-06-17T18:05:45.896+0000] {processor.py:179} INFO - Processing /home/airflow/.local/lib/python3.8/site-packages/airflow/example_dags/example_dynamic_task_mapping_with_no_taskflow_operators.py took 0.030 seconds
[2024-06-17T18:06:16.541+0000] {processor.py:157} INFO - Started process (PID=216) to work on /home/airflow/.local/lib/python3.8/site-packages/airflow/example_dags/example_dynamic_task_mapping_with_no_taskflow_operators.py
[2024-06-17T18:06:16.542+0000] {processor.py:829} INFO - Processing file /home/airflow/.local/lib/python3.8/site-packages/airflow/example_dags/example_dynamic_task_mapping_with_no_taskflow_operators.py for tasks to queue
[2024-06-17T18:06:16.543+0000] {logging_mixin.py:151} INFO - [2024-06-17T18:06:16.543+0000] {dagbag.py:539} INFO - Filling up the DagBag from /home/airflow/.local/lib/python3.8/site-packages/airflow/example_dags/example_dynamic_task_mapping_with_no_taskflow_operators.py
[2024-06-17T18:06:16.546+0000] {processor.py:839} INFO - DAG(s) dict_keys(['example_dynamic_task_mapping_with_no_taskflow_operators']) retrieved from /home/airflow/.local/lib/python3.8/site-packages/airflow/example_dags/example_dynamic_task_mapping_with_no_taskflow_operators.py
[2024-06-17T18:06:16.554+0000] {logging_mixin.py:151} INFO - [2024-06-17T18:06:16.554+0000] {dag.py:2907} INFO - Sync 1 DAGs
[2024-06-17T18:06:16.563+0000] {logging_mixin.py:151} INFO - [2024-06-17T18:06:16.562+0000] {dag.py:3677} INFO - Setting next_dagrun for example_dynamic_task_mapping_with_no_taskflow_operators to 2024-06-16T18:06:16.562849+00:00, run_after=2024-06-17T18:06:16.562849+00:00
[2024-06-17T18:06:16.569+0000] {processor.py:179} INFO - Processing /home/airflow/.local/lib/python3.8/site-packages/airflow/example_dags/example_dynamic_task_mapping_with_no_taskflow_operators.py took 0.030 seconds
[2024-06-17T18:06:47.180+0000] {processor.py:157} INFO - Started process (PID=271) to work on /home/airflow/.local/lib/python3.8/site-packages/airflow/example_dags/example_dynamic_task_mapping_with_no_taskflow_operators.py
[2024-06-17T18:06:47.181+0000] {processor.py:829} INFO - Processing file /home/airflow/.local/lib/python3.8/site-packages/airflow/example_dags/example_dynamic_task_mapping_with_no_taskflow_operators.py for tasks to queue
[2024-06-17T18:06:47.182+0000] {logging_mixin.py:151} INFO - [2024-06-17T18:06:47.182+0000] {dagbag.py:539} INFO - Filling up the DagBag from /home/airflow/.local/lib/python3.8/site-packages/airflow/example_dags/example_dynamic_task_mapping_with_no_taskflow_operators.py
[2024-06-17T18:06:47.185+0000] {processor.py:839} INFO - DAG(s) dict_keys(['example_dynamic_task_mapping_with_no_taskflow_operators']) retrieved from /home/airflow/.local/lib/python3.8/site-packages/airflow/example_dags/example_dynamic_task_mapping_with_no_taskflow_operators.py
[2024-06-17T18:06:47.193+0000] {logging_mixin.py:151} INFO - [2024-06-17T18:06:47.193+0000] {dag.py:2907} INFO - Sync 1 DAGs
[2024-06-17T18:06:47.201+0000] {logging_mixin.py:151} INFO - [2024-06-17T18:06:47.201+0000] {dag.py:3677} INFO - Setting next_dagrun for example_dynamic_task_mapping_with_no_taskflow_operators to 2024-06-16T18:06:47.201517+00:00, run_after=2024-06-17T18:06:47.201517+00:00
[2024-06-17T18:06:47.208+0000] {processor.py:179} INFO - Processing /home/airflow/.local/lib/python3.8/site-packages/airflow/example_dags/example_dynamic_task_mapping_with_no_taskflow_operators.py took 0.029 seconds
[2024-06-17T18:07:17.579+0000] {processor.py:157} INFO - Started process (PID=326) to work on /home/airflow/.local/lib/python3.8/site-packages/airflow/example_dags/example_dynamic_task_mapping_with_no_taskflow_operators.py
[2024-06-17T18:07:17.579+0000] {processor.py:829} INFO - Processing file /home/airflow/.local/lib/python3.8/site-packages/airflow/example_dags/example_dynamic_task_mapping_with_no_taskflow_operators.py for tasks to queue
[2024-06-17T18:07:17.581+0000] {logging_mixin.py:151} INFO - [2024-06-17T18:07:17.580+0000] {dagbag.py:539} INFO - Filling up the DagBag from /home/airflow/.local/lib/python3.8/site-packages/airflow/example_dags/example_dynamic_task_mapping_with_no_taskflow_operators.py
[2024-06-17T18:07:17.584+0000] {processor.py:839} INFO - DAG(s) dict_keys(['example_dynamic_task_mapping_with_no_taskflow_operators']) retrieved from /home/airflow/.local/lib/python3.8/site-packages/airflow/example_dags/example_dynamic_task_mapping_with_no_taskflow_operators.py
[2024-06-17T18:07:17.593+0000] {logging_mixin.py:151} INFO - [2024-06-17T18:07:17.593+0000] {dag.py:2907} INFO - Sync 1 DAGs
[2024-06-17T18:07:17.602+0000] {logging_mixin.py:151} INFO - [2024-06-17T18:07:17.602+0000] {dag.py:3677} INFO - Setting next_dagrun for example_dynamic_task_mapping_with_no_taskflow_operators to 2024-06-16T18:07:17.602063+00:00, run_after=2024-06-17T18:07:17.602063+00:00
[2024-06-17T18:07:17.608+0000] {processor.py:179} INFO - Processing /home/airflow/.local/lib/python3.8/site-packages/airflow/example_dags/example_dynamic_task_mapping_with_no_taskflow_operators.py took 0.031 seconds
