[2024-06-17T17:56:42.609+0000] {processor.py:157} INFO - Started process (PID=67) to work on /home/airflow/.local/lib/python3.8/site-packages/airflow/example_dags/example_dag_decorator.py
[2024-06-17T17:56:42.610+0000] {processor.py:829} INFO - Processing file /home/airflow/.local/lib/python3.8/site-packages/airflow/example_dags/example_dag_decorator.py for tasks to queue
[2024-06-17T17:56:42.611+0000] {logging_mixin.py:151} INFO - [2024-06-17T17:56:42.611+0000] {dagbag.py:539} INFO - Filling up the DagBag from /home/airflow/.local/lib/python3.8/site-packages/airflow/example_dags/example_dag_decorator.py
[2024-06-17T17:56:42.676+0000] {processor.py:839} INFO - DAG(s) dict_keys(['example_dag_decorator']) retrieved from /home/airflow/.local/lib/python3.8/site-packages/airflow/example_dags/example_dag_decorator.py
[2024-06-17T17:56:42.717+0000] {logging_mixin.py:151} INFO - [2024-06-17T17:56:42.717+0000] {manager.py:501} INFO - Created Permission View: can delete on DAG:example_dag_decorator
[2024-06-17T17:56:42.721+0000] {logging_mixin.py:151} INFO - [2024-06-17T17:56:42.721+0000] {manager.py:501} INFO - Created Permission View: can read on DAG:example_dag_decorator
[2024-06-17T17:56:42.723+0000] {logging_mixin.py:151} INFO - [2024-06-17T17:56:42.723+0000] {manager.py:501} INFO - Created Permission View: can edit on DAG:example_dag_decorator
[2024-06-17T17:56:42.727+0000] {logging_mixin.py:151} INFO - [2024-06-17T17:56:42.727+0000] {dag.py:2907} INFO - Sync 1 DAGs
[2024-06-17T17:56:42.732+0000] {logging_mixin.py:151} INFO - [2024-06-17T17:56:42.732+0000] {dag.py:2929} INFO - Creating ORM DAG for example_dag_decorator
[2024-06-17T17:56:42.732+0000] {logging_mixin.py:151} INFO - [2024-06-17T17:56:42.732+0000] {dag.py:3677} INFO - Setting next_dagrun for example_dag_decorator to None, run_after=None
[2024-06-17T17:56:42.738+0000] {processor.py:179} INFO - Processing /home/airflow/.local/lib/python3.8/site-packages/airflow/example_dags/example_dag_decorator.py took 0.130 seconds
[2024-06-17T17:57:12.886+0000] {processor.py:157} INFO - Started process (PID=122) to work on /home/airflow/.local/lib/python3.8/site-packages/airflow/example_dags/example_dag_decorator.py
[2024-06-17T17:57:12.887+0000] {processor.py:829} INFO - Processing file /home/airflow/.local/lib/python3.8/site-packages/airflow/example_dags/example_dag_decorator.py for tasks to queue
[2024-06-17T17:57:12.888+0000] {logging_mixin.py:151} INFO - [2024-06-17T17:57:12.888+0000] {dagbag.py:539} INFO - Filling up the DagBag from /home/airflow/.local/lib/python3.8/site-packages/airflow/example_dags/example_dag_decorator.py
[2024-06-17T17:57:12.917+0000] {processor.py:839} INFO - DAG(s) dict_keys(['example_dag_decorator']) retrieved from /home/airflow/.local/lib/python3.8/site-packages/airflow/example_dags/example_dag_decorator.py
[2024-06-17T17:57:12.962+0000] {logging_mixin.py:151} INFO - [2024-06-17T17:57:12.962+0000] {dag.py:2907} INFO - Sync 1 DAGs
[2024-06-17T17:57:12.966+0000] {logging_mixin.py:151} INFO - [2024-06-17T17:57:12.966+0000] {dag.py:3677} INFO - Setting next_dagrun for example_dag_decorator to None, run_after=None
[2024-06-17T17:57:12.973+0000] {processor.py:179} INFO - Processing /home/airflow/.local/lib/python3.8/site-packages/airflow/example_dags/example_dag_decorator.py took 0.088 seconds
[2024-06-17T17:57:43.484+0000] {processor.py:157} INFO - Started process (PID=177) to work on /home/airflow/.local/lib/python3.8/site-packages/airflow/example_dags/example_dag_decorator.py
[2024-06-17T17:57:43.484+0000] {processor.py:829} INFO - Processing file /home/airflow/.local/lib/python3.8/site-packages/airflow/example_dags/example_dag_decorator.py for tasks to queue
[2024-06-17T17:57:43.485+0000] {logging_mixin.py:151} INFO - [2024-06-17T17:57:43.485+0000] {dagbag.py:539} INFO - Filling up the DagBag from /home/airflow/.local/lib/python3.8/site-packages/airflow/example_dags/example_dag_decorator.py
[2024-06-17T17:57:43.514+0000] {processor.py:839} INFO - DAG(s) dict_keys(['example_dag_decorator']) retrieved from /home/airflow/.local/lib/python3.8/site-packages/airflow/example_dags/example_dag_decorator.py
[2024-06-17T17:57:43.558+0000] {logging_mixin.py:151} INFO - [2024-06-17T17:57:43.558+0000] {dag.py:2907} INFO - Sync 1 DAGs
[2024-06-17T17:57:43.563+0000] {logging_mixin.py:151} INFO - [2024-06-17T17:57:43.563+0000] {dag.py:3677} INFO - Setting next_dagrun for example_dag_decorator to None, run_after=None
[2024-06-17T17:57:43.570+0000] {processor.py:179} INFO - Processing /home/airflow/.local/lib/python3.8/site-packages/airflow/example_dags/example_dag_decorator.py took 0.087 seconds
[2024-06-17T17:58:14.043+0000] {processor.py:157} INFO - Started process (PID=232) to work on /home/airflow/.local/lib/python3.8/site-packages/airflow/example_dags/example_dag_decorator.py
[2024-06-17T17:58:14.043+0000] {processor.py:829} INFO - Processing file /home/airflow/.local/lib/python3.8/site-packages/airflow/example_dags/example_dag_decorator.py for tasks to queue
[2024-06-17T17:58:14.044+0000] {logging_mixin.py:151} INFO - [2024-06-17T17:58:14.044+0000] {dagbag.py:539} INFO - Filling up the DagBag from /home/airflow/.local/lib/python3.8/site-packages/airflow/example_dags/example_dag_decorator.py
[2024-06-17T17:58:14.073+0000] {processor.py:839} INFO - DAG(s) dict_keys(['example_dag_decorator']) retrieved from /home/airflow/.local/lib/python3.8/site-packages/airflow/example_dags/example_dag_decorator.py
[2024-06-17T17:58:14.117+0000] {logging_mixin.py:151} INFO - [2024-06-17T17:58:14.117+0000] {dag.py:2907} INFO - Sync 1 DAGs
[2024-06-17T17:58:14.122+0000] {logging_mixin.py:151} INFO - [2024-06-17T17:58:14.122+0000] {dag.py:3677} INFO - Setting next_dagrun for example_dag_decorator to None, run_after=None
[2024-06-17T17:58:14.129+0000] {processor.py:179} INFO - Processing /home/airflow/.local/lib/python3.8/site-packages/airflow/example_dags/example_dag_decorator.py took 0.087 seconds
[2024-06-17T17:58:44.563+0000] {processor.py:157} INFO - Started process (PID=287) to work on /home/airflow/.local/lib/python3.8/site-packages/airflow/example_dags/example_dag_decorator.py
[2024-06-17T17:58:44.564+0000] {processor.py:829} INFO - Processing file /home/airflow/.local/lib/python3.8/site-packages/airflow/example_dags/example_dag_decorator.py for tasks to queue
[2024-06-17T17:58:44.565+0000] {logging_mixin.py:151} INFO - [2024-06-17T17:58:44.564+0000] {dagbag.py:539} INFO - Filling up the DagBag from /home/airflow/.local/lib/python3.8/site-packages/airflow/example_dags/example_dag_decorator.py
[2024-06-17T17:58:44.594+0000] {processor.py:839} INFO - DAG(s) dict_keys(['example_dag_decorator']) retrieved from /home/airflow/.local/lib/python3.8/site-packages/airflow/example_dags/example_dag_decorator.py
[2024-06-17T17:58:44.638+0000] {logging_mixin.py:151} INFO - [2024-06-17T17:58:44.638+0000] {dag.py:2907} INFO - Sync 1 DAGs
[2024-06-17T17:58:44.642+0000] {logging_mixin.py:151} INFO - [2024-06-17T17:58:44.642+0000] {dag.py:3677} INFO - Setting next_dagrun for example_dag_decorator to None, run_after=None
[2024-06-17T17:58:44.649+0000] {processor.py:179} INFO - Processing /home/airflow/.local/lib/python3.8/site-packages/airflow/example_dags/example_dag_decorator.py took 0.088 seconds
[2024-06-17T17:59:15.098+0000] {processor.py:157} INFO - Started process (PID=342) to work on /home/airflow/.local/lib/python3.8/site-packages/airflow/example_dags/example_dag_decorator.py
[2024-06-17T17:59:15.098+0000] {processor.py:829} INFO - Processing file /home/airflow/.local/lib/python3.8/site-packages/airflow/example_dags/example_dag_decorator.py for tasks to queue
[2024-06-17T17:59:15.099+0000] {logging_mixin.py:151} INFO - [2024-06-17T17:59:15.099+0000] {dagbag.py:539} INFO - Filling up the DagBag from /home/airflow/.local/lib/python3.8/site-packages/airflow/example_dags/example_dag_decorator.py
[2024-06-17T17:59:15.129+0000] {processor.py:839} INFO - DAG(s) dict_keys(['example_dag_decorator']) retrieved from /home/airflow/.local/lib/python3.8/site-packages/airflow/example_dags/example_dag_decorator.py
[2024-06-17T17:59:15.138+0000] {logging_mixin.py:151} INFO - [2024-06-17T17:59:15.138+0000] {dag.py:2907} INFO - Sync 1 DAGs
[2024-06-17T17:59:15.143+0000] {logging_mixin.py:151} INFO - [2024-06-17T17:59:15.143+0000] {dag.py:3677} INFO - Setting next_dagrun for example_dag_decorator to None, run_after=None
[2024-06-17T17:59:15.150+0000] {processor.py:179} INFO - Processing /home/airflow/.local/lib/python3.8/site-packages/airflow/example_dags/example_dag_decorator.py took 0.054 seconds
[2024-06-17T17:59:45.568+0000] {processor.py:157} INFO - Started process (PID=397) to work on /home/airflow/.local/lib/python3.8/site-packages/airflow/example_dags/example_dag_decorator.py
[2024-06-17T17:59:45.568+0000] {processor.py:829} INFO - Processing file /home/airflow/.local/lib/python3.8/site-packages/airflow/example_dags/example_dag_decorator.py for tasks to queue
[2024-06-17T17:59:45.569+0000] {logging_mixin.py:151} INFO - [2024-06-17T17:59:45.569+0000] {dagbag.py:539} INFO - Filling up the DagBag from /home/airflow/.local/lib/python3.8/site-packages/airflow/example_dags/example_dag_decorator.py
[2024-06-17T17:59:45.599+0000] {processor.py:839} INFO - DAG(s) dict_keys(['example_dag_decorator']) retrieved from /home/airflow/.local/lib/python3.8/site-packages/airflow/example_dags/example_dag_decorator.py
[2024-06-17T17:59:45.643+0000] {logging_mixin.py:151} INFO - [2024-06-17T17:59:45.643+0000] {dag.py:2907} INFO - Sync 1 DAGs
[2024-06-17T17:59:45.647+0000] {logging_mixin.py:151} INFO - [2024-06-17T17:59:45.647+0000] {dag.py:3677} INFO - Setting next_dagrun for example_dag_decorator to None, run_after=None
[2024-06-17T17:59:45.654+0000] {processor.py:179} INFO - Processing /home/airflow/.local/lib/python3.8/site-packages/airflow/example_dags/example_dag_decorator.py took 0.087 seconds
[2024-06-17T18:00:16.131+0000] {processor.py:157} INFO - Started process (PID=452) to work on /home/airflow/.local/lib/python3.8/site-packages/airflow/example_dags/example_dag_decorator.py
[2024-06-17T18:00:16.131+0000] {processor.py:829} INFO - Processing file /home/airflow/.local/lib/python3.8/site-packages/airflow/example_dags/example_dag_decorator.py for tasks to queue
[2024-06-17T18:00:16.132+0000] {logging_mixin.py:151} INFO - [2024-06-17T18:00:16.132+0000] {dagbag.py:539} INFO - Filling up the DagBag from /home/airflow/.local/lib/python3.8/site-packages/airflow/example_dags/example_dag_decorator.py
[2024-06-17T18:00:16.162+0000] {processor.py:839} INFO - DAG(s) dict_keys(['example_dag_decorator']) retrieved from /home/airflow/.local/lib/python3.8/site-packages/airflow/example_dags/example_dag_decorator.py
[2024-06-17T18:00:16.206+0000] {logging_mixin.py:151} INFO - [2024-06-17T18:00:16.206+0000] {dag.py:2907} INFO - Sync 1 DAGs
[2024-06-17T18:00:16.210+0000] {logging_mixin.py:151} INFO - [2024-06-17T18:00:16.210+0000] {dag.py:3677} INFO - Setting next_dagrun for example_dag_decorator to None, run_after=None
[2024-06-17T18:00:16.218+0000] {processor.py:179} INFO - Processing /home/airflow/.local/lib/python3.8/site-packages/airflow/example_dags/example_dag_decorator.py took 0.088 seconds
[2024-06-17T18:00:46.619+0000] {processor.py:157} INFO - Started process (PID=507) to work on /home/airflow/.local/lib/python3.8/site-packages/airflow/example_dags/example_dag_decorator.py
[2024-06-17T18:00:46.619+0000] {processor.py:829} INFO - Processing file /home/airflow/.local/lib/python3.8/site-packages/airflow/example_dags/example_dag_decorator.py for tasks to queue
[2024-06-17T18:00:46.620+0000] {logging_mixin.py:151} INFO - [2024-06-17T18:00:46.620+0000] {dagbag.py:539} INFO - Filling up the DagBag from /home/airflow/.local/lib/python3.8/site-packages/airflow/example_dags/example_dag_decorator.py
[2024-06-17T18:00:46.653+0000] {processor.py:839} INFO - DAG(s) dict_keys(['example_dag_decorator']) retrieved from /home/airflow/.local/lib/python3.8/site-packages/airflow/example_dags/example_dag_decorator.py
[2024-06-17T18:00:46.706+0000] {logging_mixin.py:151} INFO - [2024-06-17T18:00:46.706+0000] {dag.py:2907} INFO - Sync 1 DAGs
[2024-06-17T18:00:46.712+0000] {logging_mixin.py:151} INFO - [2024-06-17T18:00:46.711+0000] {dag.py:3677} INFO - Setting next_dagrun for example_dag_decorator to None, run_after=None
[2024-06-17T18:00:46.720+0000] {processor.py:179} INFO - Processing /home/airflow/.local/lib/python3.8/site-packages/airflow/example_dags/example_dag_decorator.py took 0.103 seconds
[2024-06-17T18:01:17.227+0000] {processor.py:157} INFO - Started process (PID=562) to work on /home/airflow/.local/lib/python3.8/site-packages/airflow/example_dags/example_dag_decorator.py
[2024-06-17T18:01:17.227+0000] {processor.py:829} INFO - Processing file /home/airflow/.local/lib/python3.8/site-packages/airflow/example_dags/example_dag_decorator.py for tasks to queue
[2024-06-17T18:01:17.228+0000] {logging_mixin.py:151} INFO - [2024-06-17T18:01:17.228+0000] {dagbag.py:539} INFO - Filling up the DagBag from /home/airflow/.local/lib/python3.8/site-packages/airflow/example_dags/example_dag_decorator.py
[2024-06-17T18:01:17.261+0000] {processor.py:839} INFO - DAG(s) dict_keys(['example_dag_decorator']) retrieved from /home/airflow/.local/lib/python3.8/site-packages/airflow/example_dags/example_dag_decorator.py
[2024-06-17T18:01:17.310+0000] {logging_mixin.py:151} INFO - [2024-06-17T18:01:17.310+0000] {dag.py:2907} INFO - Sync 1 DAGs
[2024-06-17T18:01:17.315+0000] {logging_mixin.py:151} INFO - [2024-06-17T18:01:17.314+0000] {dag.py:3677} INFO - Setting next_dagrun for example_dag_decorator to None, run_after=None
[2024-06-17T18:01:17.322+0000] {processor.py:179} INFO - Processing /home/airflow/.local/lib/python3.8/site-packages/airflow/example_dags/example_dag_decorator.py took 0.097 seconds
[2024-06-17T18:01:47.773+0000] {processor.py:157} INFO - Started process (PID=617) to work on /home/airflow/.local/lib/python3.8/site-packages/airflow/example_dags/example_dag_decorator.py
[2024-06-17T18:01:47.774+0000] {processor.py:829} INFO - Processing file /home/airflow/.local/lib/python3.8/site-packages/airflow/example_dags/example_dag_decorator.py for tasks to queue
[2024-06-17T18:01:47.775+0000] {logging_mixin.py:151} INFO - [2024-06-17T18:01:47.775+0000] {dagbag.py:539} INFO - Filling up the DagBag from /home/airflow/.local/lib/python3.8/site-packages/airflow/example_dags/example_dag_decorator.py
[2024-06-17T18:01:47.806+0000] {processor.py:839} INFO - DAG(s) dict_keys(['example_dag_decorator']) retrieved from /home/airflow/.local/lib/python3.8/site-packages/airflow/example_dags/example_dag_decorator.py
[2024-06-17T18:01:47.854+0000] {logging_mixin.py:151} INFO - [2024-06-17T18:01:47.854+0000] {dag.py:2907} INFO - Sync 1 DAGs
[2024-06-17T18:01:47.858+0000] {logging_mixin.py:151} INFO - [2024-06-17T18:01:47.858+0000] {dag.py:3677} INFO - Setting next_dagrun for example_dag_decorator to None, run_after=None
[2024-06-17T18:01:47.865+0000] {processor.py:179} INFO - Processing /home/airflow/.local/lib/python3.8/site-packages/airflow/example_dags/example_dag_decorator.py took 0.093 seconds
[2024-06-17T18:02:18.333+0000] {processor.py:157} INFO - Started process (PID=672) to work on /home/airflow/.local/lib/python3.8/site-packages/airflow/example_dags/example_dag_decorator.py
[2024-06-17T18:02:18.333+0000] {processor.py:829} INFO - Processing file /home/airflow/.local/lib/python3.8/site-packages/airflow/example_dags/example_dag_decorator.py for tasks to queue
[2024-06-17T18:02:18.334+0000] {logging_mixin.py:151} INFO - [2024-06-17T18:02:18.334+0000] {dagbag.py:539} INFO - Filling up the DagBag from /home/airflow/.local/lib/python3.8/site-packages/airflow/example_dags/example_dag_decorator.py
[2024-06-17T18:02:18.364+0000] {processor.py:839} INFO - DAG(s) dict_keys(['example_dag_decorator']) retrieved from /home/airflow/.local/lib/python3.8/site-packages/airflow/example_dags/example_dag_decorator.py
[2024-06-17T18:02:18.408+0000] {logging_mixin.py:151} INFO - [2024-06-17T18:02:18.408+0000] {dag.py:2907} INFO - Sync 1 DAGs
[2024-06-17T18:02:18.413+0000] {logging_mixin.py:151} INFO - [2024-06-17T18:02:18.413+0000] {dag.py:3677} INFO - Setting next_dagrun for example_dag_decorator to None, run_after=None
[2024-06-17T18:02:18.420+0000] {processor.py:179} INFO - Processing /home/airflow/.local/lib/python3.8/site-packages/airflow/example_dags/example_dag_decorator.py took 0.089 seconds
[2024-06-17T18:02:48.909+0000] {processor.py:157} INFO - Started process (PID=727) to work on /home/airflow/.local/lib/python3.8/site-packages/airflow/example_dags/example_dag_decorator.py
[2024-06-17T18:02:48.910+0000] {processor.py:829} INFO - Processing file /home/airflow/.local/lib/python3.8/site-packages/airflow/example_dags/example_dag_decorator.py for tasks to queue
[2024-06-17T18:02:48.911+0000] {logging_mixin.py:151} INFO - [2024-06-17T18:02:48.911+0000] {dagbag.py:539} INFO - Filling up the DagBag from /home/airflow/.local/lib/python3.8/site-packages/airflow/example_dags/example_dag_decorator.py
[2024-06-17T18:02:48.942+0000] {processor.py:839} INFO - DAG(s) dict_keys(['example_dag_decorator']) retrieved from /home/airflow/.local/lib/python3.8/site-packages/airflow/example_dags/example_dag_decorator.py
[2024-06-17T18:02:48.989+0000] {logging_mixin.py:151} INFO - [2024-06-17T18:02:48.989+0000] {dag.py:2907} INFO - Sync 1 DAGs
[2024-06-17T18:02:48.994+0000] {logging_mixin.py:151} INFO - [2024-06-17T18:02:48.993+0000] {dag.py:3677} INFO - Setting next_dagrun for example_dag_decorator to None, run_after=None
[2024-06-17T18:02:49.000+0000] {processor.py:179} INFO - Processing /home/airflow/.local/lib/python3.8/site-packages/airflow/example_dags/example_dag_decorator.py took 0.092 seconds
[2024-06-17T18:03:19.379+0000] {processor.py:157} INFO - Started process (PID=782) to work on /home/airflow/.local/lib/python3.8/site-packages/airflow/example_dags/example_dag_decorator.py
[2024-06-17T18:03:19.380+0000] {processor.py:829} INFO - Processing file /home/airflow/.local/lib/python3.8/site-packages/airflow/example_dags/example_dag_decorator.py for tasks to queue
[2024-06-17T18:03:19.381+0000] {logging_mixin.py:151} INFO - [2024-06-17T18:03:19.380+0000] {dagbag.py:539} INFO - Filling up the DagBag from /home/airflow/.local/lib/python3.8/site-packages/airflow/example_dags/example_dag_decorator.py
[2024-06-17T18:03:19.410+0000] {processor.py:839} INFO - DAG(s) dict_keys(['example_dag_decorator']) retrieved from /home/airflow/.local/lib/python3.8/site-packages/airflow/example_dags/example_dag_decorator.py
[2024-06-17T18:03:19.456+0000] {logging_mixin.py:151} INFO - [2024-06-17T18:03:19.456+0000] {dag.py:2907} INFO - Sync 1 DAGs
[2024-06-17T18:03:19.461+0000] {logging_mixin.py:151} INFO - [2024-06-17T18:03:19.461+0000] {dag.py:3677} INFO - Setting next_dagrun for example_dag_decorator to None, run_after=None
[2024-06-17T18:03:19.467+0000] {processor.py:179} INFO - Processing /home/airflow/.local/lib/python3.8/site-packages/airflow/example_dags/example_dag_decorator.py took 0.090 seconds
[2024-06-17T18:03:49.876+0000] {processor.py:157} INFO - Started process (PID=837) to work on /home/airflow/.local/lib/python3.8/site-packages/airflow/example_dags/example_dag_decorator.py
[2024-06-17T18:03:49.877+0000] {processor.py:829} INFO - Processing file /home/airflow/.local/lib/python3.8/site-packages/airflow/example_dags/example_dag_decorator.py for tasks to queue
[2024-06-17T18:03:49.878+0000] {logging_mixin.py:151} INFO - [2024-06-17T18:03:49.878+0000] {dagbag.py:539} INFO - Filling up the DagBag from /home/airflow/.local/lib/python3.8/site-packages/airflow/example_dags/example_dag_decorator.py
[2024-06-17T18:03:49.909+0000] {processor.py:839} INFO - DAG(s) dict_keys(['example_dag_decorator']) retrieved from /home/airflow/.local/lib/python3.8/site-packages/airflow/example_dags/example_dag_decorator.py
[2024-06-17T18:03:49.955+0000] {logging_mixin.py:151} INFO - [2024-06-17T18:03:49.955+0000] {dag.py:2907} INFO - Sync 1 DAGs
[2024-06-17T18:03:49.960+0000] {logging_mixin.py:151} INFO - [2024-06-17T18:03:49.960+0000] {dag.py:3677} INFO - Setting next_dagrun for example_dag_decorator to None, run_after=None
[2024-06-17T18:03:49.967+0000] {processor.py:179} INFO - Processing /home/airflow/.local/lib/python3.8/site-packages/airflow/example_dags/example_dag_decorator.py took 0.092 seconds
[2024-06-17T18:04:20.408+0000] {processor.py:157} INFO - Started process (PID=892) to work on /home/airflow/.local/lib/python3.8/site-packages/airflow/example_dags/example_dag_decorator.py
[2024-06-17T18:04:20.409+0000] {processor.py:829} INFO - Processing file /home/airflow/.local/lib/python3.8/site-packages/airflow/example_dags/example_dag_decorator.py for tasks to queue
[2024-06-17T18:04:20.410+0000] {logging_mixin.py:151} INFO - [2024-06-17T18:04:20.409+0000] {dagbag.py:539} INFO - Filling up the DagBag from /home/airflow/.local/lib/python3.8/site-packages/airflow/example_dags/example_dag_decorator.py
[2024-06-17T18:04:20.441+0000] {processor.py:839} INFO - DAG(s) dict_keys(['example_dag_decorator']) retrieved from /home/airflow/.local/lib/python3.8/site-packages/airflow/example_dags/example_dag_decorator.py
[2024-06-17T18:04:20.493+0000] {logging_mixin.py:151} INFO - [2024-06-17T18:04:20.492+0000] {dag.py:2907} INFO - Sync 1 DAGs
[2024-06-17T18:04:20.498+0000] {logging_mixin.py:151} INFO - [2024-06-17T18:04:20.498+0000] {dag.py:3677} INFO - Setting next_dagrun for example_dag_decorator to None, run_after=None
[2024-06-17T18:04:20.508+0000] {processor.py:179} INFO - Processing /home/airflow/.local/lib/python3.8/site-packages/airflow/example_dags/example_dag_decorator.py took 0.102 seconds
[2024-06-17T18:04:44.399+0000] {processor.py:157} INFO - Started process (PID=66) to work on /home/airflow/.local/lib/python3.8/site-packages/airflow/example_dags/example_dag_decorator.py
[2024-06-17T18:04:44.401+0000] {processor.py:829} INFO - Processing file /home/airflow/.local/lib/python3.8/site-packages/airflow/example_dags/example_dag_decorator.py for tasks to queue
[2024-06-17T18:04:44.403+0000] {logging_mixin.py:151} INFO - [2024-06-17T18:04:44.402+0000] {dagbag.py:539} INFO - Filling up the DagBag from /home/airflow/.local/lib/python3.8/site-packages/airflow/example_dags/example_dag_decorator.py
[2024-06-17T18:04:44.552+0000] {processor.py:839} INFO - DAG(s) dict_keys(['example_dag_decorator']) retrieved from /home/airflow/.local/lib/python3.8/site-packages/airflow/example_dags/example_dag_decorator.py
[2024-06-17T18:04:44.558+0000] {logging_mixin.py:151} INFO - [2024-06-17T18:04:44.558+0000] {dag.py:2907} INFO - Sync 1 DAGs
[2024-06-17T18:04:44.564+0000] {logging_mixin.py:151} INFO - [2024-06-17T18:04:44.564+0000] {dag.py:3677} INFO - Setting next_dagrun for example_dag_decorator to None, run_after=None
[2024-06-17T18:04:44.572+0000] {processor.py:179} INFO - Processing /home/airflow/.local/lib/python3.8/site-packages/airflow/example_dags/example_dag_decorator.py took 0.178 seconds
[2024-06-17T18:05:15.709+0000] {processor.py:157} INFO - Started process (PID=121) to work on /home/airflow/.local/lib/python3.8/site-packages/airflow/example_dags/example_dag_decorator.py
[2024-06-17T18:05:15.710+0000] {processor.py:829} INFO - Processing file /home/airflow/.local/lib/python3.8/site-packages/airflow/example_dags/example_dag_decorator.py for tasks to queue
[2024-06-17T18:05:15.710+0000] {logging_mixin.py:151} INFO - [2024-06-17T18:05:15.710+0000] {dagbag.py:539} INFO - Filling up the DagBag from /home/airflow/.local/lib/python3.8/site-packages/airflow/example_dags/example_dag_decorator.py
[2024-06-17T18:05:15.740+0000] {processor.py:839} INFO - DAG(s) dict_keys(['example_dag_decorator']) retrieved from /home/airflow/.local/lib/python3.8/site-packages/airflow/example_dags/example_dag_decorator.py
[2024-06-17T18:05:15.781+0000] {logging_mixin.py:151} INFO - [2024-06-17T18:05:15.781+0000] {dag.py:2907} INFO - Sync 1 DAGs
[2024-06-17T18:05:15.785+0000] {logging_mixin.py:151} INFO - [2024-06-17T18:05:15.785+0000] {dag.py:3677} INFO - Setting next_dagrun for example_dag_decorator to None, run_after=None
[2024-06-17T18:05:15.791+0000] {processor.py:179} INFO - Processing /home/airflow/.local/lib/python3.8/site-packages/airflow/example_dags/example_dag_decorator.py took 0.084 seconds
[2024-06-17T18:05:46.375+0000] {processor.py:157} INFO - Started process (PID=176) to work on /home/airflow/.local/lib/python3.8/site-packages/airflow/example_dags/example_dag_decorator.py
[2024-06-17T18:05:46.375+0000] {processor.py:829} INFO - Processing file /home/airflow/.local/lib/python3.8/site-packages/airflow/example_dags/example_dag_decorator.py for tasks to queue
[2024-06-17T18:05:46.376+0000] {logging_mixin.py:151} INFO - [2024-06-17T18:05:46.376+0000] {dagbag.py:539} INFO - Filling up the DagBag from /home/airflow/.local/lib/python3.8/site-packages/airflow/example_dags/example_dag_decorator.py
[2024-06-17T18:05:46.406+0000] {processor.py:839} INFO - DAG(s) dict_keys(['example_dag_decorator']) retrieved from /home/airflow/.local/lib/python3.8/site-packages/airflow/example_dags/example_dag_decorator.py
[2024-06-17T18:05:46.456+0000] {logging_mixin.py:151} INFO - [2024-06-17T18:05:46.456+0000] {dag.py:2907} INFO - Sync 1 DAGs
[2024-06-17T18:05:46.460+0000] {logging_mixin.py:151} INFO - [2024-06-17T18:05:46.460+0000] {dag.py:3677} INFO - Setting next_dagrun for example_dag_decorator to None, run_after=None
[2024-06-17T18:05:46.467+0000] {processor.py:179} INFO - Processing /home/airflow/.local/lib/python3.8/site-packages/airflow/example_dags/example_dag_decorator.py took 0.094 seconds
[2024-06-17T18:06:16.997+0000] {processor.py:157} INFO - Started process (PID=231) to work on /home/airflow/.local/lib/python3.8/site-packages/airflow/example_dags/example_dag_decorator.py
[2024-06-17T18:06:16.997+0000] {processor.py:829} INFO - Processing file /home/airflow/.local/lib/python3.8/site-packages/airflow/example_dags/example_dag_decorator.py for tasks to queue
[2024-06-17T18:06:16.998+0000] {logging_mixin.py:151} INFO - [2024-06-17T18:06:16.998+0000] {dagbag.py:539} INFO - Filling up the DagBag from /home/airflow/.local/lib/python3.8/site-packages/airflow/example_dags/example_dag_decorator.py
[2024-06-17T18:06:17.027+0000] {processor.py:839} INFO - DAG(s) dict_keys(['example_dag_decorator']) retrieved from /home/airflow/.local/lib/python3.8/site-packages/airflow/example_dags/example_dag_decorator.py
[2024-06-17T18:06:17.069+0000] {logging_mixin.py:151} INFO - [2024-06-17T18:06:17.069+0000] {dag.py:2907} INFO - Sync 1 DAGs
[2024-06-17T18:06:17.073+0000] {logging_mixin.py:151} INFO - [2024-06-17T18:06:17.073+0000] {dag.py:3677} INFO - Setting next_dagrun for example_dag_decorator to None, run_after=None
[2024-06-17T18:06:17.080+0000] {processor.py:179} INFO - Processing /home/airflow/.local/lib/python3.8/site-packages/airflow/example_dags/example_dag_decorator.py took 0.084 seconds
[2024-06-17T18:06:47.544+0000] {processor.py:157} INFO - Started process (PID=286) to work on /home/airflow/.local/lib/python3.8/site-packages/airflow/example_dags/example_dag_decorator.py
[2024-06-17T18:06:47.544+0000] {processor.py:829} INFO - Processing file /home/airflow/.local/lib/python3.8/site-packages/airflow/example_dags/example_dag_decorator.py for tasks to queue
[2024-06-17T18:06:47.545+0000] {logging_mixin.py:151} INFO - [2024-06-17T18:06:47.545+0000] {dagbag.py:539} INFO - Filling up the DagBag from /home/airflow/.local/lib/python3.8/site-packages/airflow/example_dags/example_dag_decorator.py
[2024-06-17T18:06:47.574+0000] {processor.py:839} INFO - DAG(s) dict_keys(['example_dag_decorator']) retrieved from /home/airflow/.local/lib/python3.8/site-packages/airflow/example_dags/example_dag_decorator.py
[2024-06-17T18:06:47.618+0000] {logging_mixin.py:151} INFO - [2024-06-17T18:06:47.618+0000] {dag.py:2907} INFO - Sync 1 DAGs
[2024-06-17T18:06:47.622+0000] {logging_mixin.py:151} INFO - [2024-06-17T18:06:47.622+0000] {dag.py:3677} INFO - Setting next_dagrun for example_dag_decorator to None, run_after=None
[2024-06-17T18:06:47.629+0000] {processor.py:179} INFO - Processing /home/airflow/.local/lib/python3.8/site-packages/airflow/example_dags/example_dag_decorator.py took 0.087 seconds
[2024-06-17T18:07:17.959+0000] {processor.py:157} INFO - Started process (PID=341) to work on /home/airflow/.local/lib/python3.8/site-packages/airflow/example_dags/example_dag_decorator.py
[2024-06-17T18:07:17.959+0000] {processor.py:829} INFO - Processing file /home/airflow/.local/lib/python3.8/site-packages/airflow/example_dags/example_dag_decorator.py for tasks to queue
[2024-06-17T18:07:17.960+0000] {logging_mixin.py:151} INFO - [2024-06-17T18:07:17.960+0000] {dagbag.py:539} INFO - Filling up the DagBag from /home/airflow/.local/lib/python3.8/site-packages/airflow/example_dags/example_dag_decorator.py
[2024-06-17T18:07:17.989+0000] {processor.py:839} INFO - DAG(s) dict_keys(['example_dag_decorator']) retrieved from /home/airflow/.local/lib/python3.8/site-packages/airflow/example_dags/example_dag_decorator.py
[2024-06-17T18:07:17.999+0000] {logging_mixin.py:151} INFO - [2024-06-17T18:07:17.999+0000] {dag.py:2907} INFO - Sync 1 DAGs
[2024-06-17T18:07:18.004+0000] {logging_mixin.py:151} INFO - [2024-06-17T18:07:18.004+0000] {dag.py:3677} INFO - Setting next_dagrun for example_dag_decorator to None, run_after=None
[2024-06-17T18:07:18.010+0000] {processor.py:179} INFO - Processing /home/airflow/.local/lib/python3.8/site-packages/airflow/example_dags/example_dag_decorator.py took 0.053 seconds
