[2024-06-17T17:56:43.238+0000] {processor.py:157} INFO - Started process (PID=80) to work on /home/airflow/.local/lib/python3.8/site-packages/airflow/example_dags/example_branch_day_of_week_operator.py
[2024-06-17T17:56:43.239+0000] {processor.py:829} INFO - Processing file /home/airflow/.local/lib/python3.8/site-packages/airflow/example_dags/example_branch_day_of_week_operator.py for tasks to queue
[2024-06-17T17:56:43.240+0000] {logging_mixin.py:151} INFO - [2024-06-17T17:56:43.240+0000] {dagbag.py:539} INFO - Filling up the DagBag from /home/airflow/.local/lib/python3.8/site-packages/airflow/example_dags/example_branch_day_of_week_operator.py
[2024-06-17T17:56:43.244+0000] {processor.py:839} INFO - DAG(s) dict_keys(['example_weekday_branch_operator']) retrieved from /home/airflow/.local/lib/python3.8/site-packages/airflow/example_dags/example_branch_day_of_week_operator.py
[2024-06-17T17:56:43.285+0000] {logging_mixin.py:151} INFO - [2024-06-17T17:56:43.285+0000] {manager.py:501} INFO - Created Permission View: can delete on DAG:example_weekday_branch_operator
[2024-06-17T17:56:43.288+0000] {logging_mixin.py:151} INFO - [2024-06-17T17:56:43.288+0000] {manager.py:501} INFO - Created Permission View: can read on DAG:example_weekday_branch_operator
[2024-06-17T17:56:43.291+0000] {logging_mixin.py:151} INFO - [2024-06-17T17:56:43.291+0000] {manager.py:501} INFO - Created Permission View: can edit on DAG:example_weekday_branch_operator
[2024-06-17T17:56:43.295+0000] {logging_mixin.py:151} INFO - [2024-06-17T17:56:43.295+0000] {dag.py:2907} INFO - Sync 1 DAGs
[2024-06-17T17:56:43.300+0000] {logging_mixin.py:151} INFO - [2024-06-17T17:56:43.300+0000] {dag.py:2929} INFO - Creating ORM DAG for example_weekday_branch_operator
[2024-06-17T17:56:43.305+0000] {logging_mixin.py:151} INFO - [2024-06-17T17:56:43.304+0000] {dag.py:3677} INFO - Setting next_dagrun for example_weekday_branch_operator to 2024-06-16T00:00:00+00:00, run_after=2024-06-17T00:00:00+00:00
[2024-06-17T17:56:43.311+0000] {processor.py:179} INFO - Processing /home/airflow/.local/lib/python3.8/site-packages/airflow/example_dags/example_branch_day_of_week_operator.py took 0.074 seconds
[2024-06-17T17:57:14.266+0000] {processor.py:157} INFO - Started process (PID=135) to work on /home/airflow/.local/lib/python3.8/site-packages/airflow/example_dags/example_branch_day_of_week_operator.py
[2024-06-17T17:57:14.266+0000] {processor.py:829} INFO - Processing file /home/airflow/.local/lib/python3.8/site-packages/airflow/example_dags/example_branch_day_of_week_operator.py for tasks to queue
[2024-06-17T17:57:14.267+0000] {logging_mixin.py:151} INFO - [2024-06-17T17:57:14.267+0000] {dagbag.py:539} INFO - Filling up the DagBag from /home/airflow/.local/lib/python3.8/site-packages/airflow/example_dags/example_branch_day_of_week_operator.py
[2024-06-17T17:57:14.271+0000] {processor.py:839} INFO - DAG(s) dict_keys(['example_weekday_branch_operator']) retrieved from /home/airflow/.local/lib/python3.8/site-packages/airflow/example_dags/example_branch_day_of_week_operator.py
[2024-06-17T17:57:14.281+0000] {logging_mixin.py:151} INFO - [2024-06-17T17:57:14.281+0000] {dag.py:2907} INFO - Sync 1 DAGs
[2024-06-17T17:57:14.291+0000] {logging_mixin.py:151} INFO - [2024-06-17T17:57:14.290+0000] {dag.py:3677} INFO - Setting next_dagrun for example_weekday_branch_operator to 2024-06-16T00:00:00+00:00, run_after=2024-06-17T00:00:00+00:00
[2024-06-17T17:57:14.297+0000] {processor.py:179} INFO - Processing /home/airflow/.local/lib/python3.8/site-packages/airflow/example_dags/example_branch_day_of_week_operator.py took 0.033 seconds
[2024-06-17T17:57:44.834+0000] {processor.py:157} INFO - Started process (PID=190) to work on /home/airflow/.local/lib/python3.8/site-packages/airflow/example_dags/example_branch_day_of_week_operator.py
[2024-06-17T17:57:44.834+0000] {processor.py:829} INFO - Processing file /home/airflow/.local/lib/python3.8/site-packages/airflow/example_dags/example_branch_day_of_week_operator.py for tasks to queue
[2024-06-17T17:57:44.835+0000] {logging_mixin.py:151} INFO - [2024-06-17T17:57:44.835+0000] {dagbag.py:539} INFO - Filling up the DagBag from /home/airflow/.local/lib/python3.8/site-packages/airflow/example_dags/example_branch_day_of_week_operator.py
[2024-06-17T17:57:44.839+0000] {processor.py:839} INFO - DAG(s) dict_keys(['example_weekday_branch_operator']) retrieved from /home/airflow/.local/lib/python3.8/site-packages/airflow/example_dags/example_branch_day_of_week_operator.py
[2024-06-17T17:57:44.849+0000] {logging_mixin.py:151} INFO - [2024-06-17T17:57:44.849+0000] {dag.py:2907} INFO - Sync 1 DAGs
[2024-06-17T17:57:44.858+0000] {logging_mixin.py:151} INFO - [2024-06-17T17:57:44.858+0000] {dag.py:3677} INFO - Setting next_dagrun for example_weekday_branch_operator to 2024-06-16T00:00:00+00:00, run_after=2024-06-17T00:00:00+00:00
[2024-06-17T17:57:44.865+0000] {processor.py:179} INFO - Processing /home/airflow/.local/lib/python3.8/site-packages/airflow/example_dags/example_branch_day_of_week_operator.py took 0.033 seconds
[2024-06-17T17:58:15.401+0000] {processor.py:157} INFO - Started process (PID=245) to work on /home/airflow/.local/lib/python3.8/site-packages/airflow/example_dags/example_branch_day_of_week_operator.py
[2024-06-17T17:58:15.401+0000] {processor.py:829} INFO - Processing file /home/airflow/.local/lib/python3.8/site-packages/airflow/example_dags/example_branch_day_of_week_operator.py for tasks to queue
[2024-06-17T17:58:15.402+0000] {logging_mixin.py:151} INFO - [2024-06-17T17:58:15.402+0000] {dagbag.py:539} INFO - Filling up the DagBag from /home/airflow/.local/lib/python3.8/site-packages/airflow/example_dags/example_branch_day_of_week_operator.py
[2024-06-17T17:58:15.406+0000] {processor.py:839} INFO - DAG(s) dict_keys(['example_weekday_branch_operator']) retrieved from /home/airflow/.local/lib/python3.8/site-packages/airflow/example_dags/example_branch_day_of_week_operator.py
[2024-06-17T17:58:15.415+0000] {logging_mixin.py:151} INFO - [2024-06-17T17:58:15.415+0000] {dag.py:2907} INFO - Sync 1 DAGs
[2024-06-17T17:58:15.425+0000] {logging_mixin.py:151} INFO - [2024-06-17T17:58:15.425+0000] {dag.py:3677} INFO - Setting next_dagrun for example_weekday_branch_operator to 2024-06-16T00:00:00+00:00, run_after=2024-06-17T00:00:00+00:00
[2024-06-17T17:58:15.432+0000] {processor.py:179} INFO - Processing /home/airflow/.local/lib/python3.8/site-packages/airflow/example_dags/example_branch_day_of_week_operator.py took 0.033 seconds
[2024-06-17T17:58:45.912+0000] {processor.py:157} INFO - Started process (PID=300) to work on /home/airflow/.local/lib/python3.8/site-packages/airflow/example_dags/example_branch_day_of_week_operator.py
[2024-06-17T17:58:45.912+0000] {processor.py:829} INFO - Processing file /home/airflow/.local/lib/python3.8/site-packages/airflow/example_dags/example_branch_day_of_week_operator.py for tasks to queue
[2024-06-17T17:58:45.913+0000] {logging_mixin.py:151} INFO - [2024-06-17T17:58:45.913+0000] {dagbag.py:539} INFO - Filling up the DagBag from /home/airflow/.local/lib/python3.8/site-packages/airflow/example_dags/example_branch_day_of_week_operator.py
[2024-06-17T17:58:45.917+0000] {processor.py:839} INFO - DAG(s) dict_keys(['example_weekday_branch_operator']) retrieved from /home/airflow/.local/lib/python3.8/site-packages/airflow/example_dags/example_branch_day_of_week_operator.py
[2024-06-17T17:58:45.926+0000] {logging_mixin.py:151} INFO - [2024-06-17T17:58:45.926+0000] {dag.py:2907} INFO - Sync 1 DAGs
[2024-06-17T17:58:45.936+0000] {logging_mixin.py:151} INFO - [2024-06-17T17:58:45.936+0000] {dag.py:3677} INFO - Setting next_dagrun for example_weekday_branch_operator to 2024-06-16T00:00:00+00:00, run_after=2024-06-17T00:00:00+00:00
[2024-06-17T17:58:45.942+0000] {processor.py:179} INFO - Processing /home/airflow/.local/lib/python3.8/site-packages/airflow/example_dags/example_branch_day_of_week_operator.py took 0.032 seconds
[2024-06-17T17:59:16.441+0000] {processor.py:157} INFO - Started process (PID=355) to work on /home/airflow/.local/lib/python3.8/site-packages/airflow/example_dags/example_branch_day_of_week_operator.py
[2024-06-17T17:59:16.441+0000] {processor.py:829} INFO - Processing file /home/airflow/.local/lib/python3.8/site-packages/airflow/example_dags/example_branch_day_of_week_operator.py for tasks to queue
[2024-06-17T17:59:16.442+0000] {logging_mixin.py:151} INFO - [2024-06-17T17:59:16.442+0000] {dagbag.py:539} INFO - Filling up the DagBag from /home/airflow/.local/lib/python3.8/site-packages/airflow/example_dags/example_branch_day_of_week_operator.py
[2024-06-17T17:59:16.446+0000] {processor.py:839} INFO - DAG(s) dict_keys(['example_weekday_branch_operator']) retrieved from /home/airflow/.local/lib/python3.8/site-packages/airflow/example_dags/example_branch_day_of_week_operator.py
[2024-06-17T17:59:16.455+0000] {logging_mixin.py:151} INFO - [2024-06-17T17:59:16.455+0000] {dag.py:2907} INFO - Sync 1 DAGs
[2024-06-17T17:59:16.465+0000] {logging_mixin.py:151} INFO - [2024-06-17T17:59:16.465+0000] {dag.py:3677} INFO - Setting next_dagrun for example_weekday_branch_operator to 2024-06-16T00:00:00+00:00, run_after=2024-06-17T00:00:00+00:00
[2024-06-17T17:59:16.472+0000] {processor.py:179} INFO - Processing /home/airflow/.local/lib/python3.8/site-packages/airflow/example_dags/example_branch_day_of_week_operator.py took 0.032 seconds
[2024-06-17T17:59:46.961+0000] {processor.py:157} INFO - Started process (PID=410) to work on /home/airflow/.local/lib/python3.8/site-packages/airflow/example_dags/example_branch_day_of_week_operator.py
[2024-06-17T17:59:46.961+0000] {processor.py:829} INFO - Processing file /home/airflow/.local/lib/python3.8/site-packages/airflow/example_dags/example_branch_day_of_week_operator.py for tasks to queue
[2024-06-17T17:59:46.962+0000] {logging_mixin.py:151} INFO - [2024-06-17T17:59:46.962+0000] {dagbag.py:539} INFO - Filling up the DagBag from /home/airflow/.local/lib/python3.8/site-packages/airflow/example_dags/example_branch_day_of_week_operator.py
[2024-06-17T17:59:46.966+0000] {processor.py:839} INFO - DAG(s) dict_keys(['example_weekday_branch_operator']) retrieved from /home/airflow/.local/lib/python3.8/site-packages/airflow/example_dags/example_branch_day_of_week_operator.py
[2024-06-17T17:59:46.975+0000] {logging_mixin.py:151} INFO - [2024-06-17T17:59:46.975+0000] {dag.py:2907} INFO - Sync 1 DAGs
[2024-06-17T17:59:46.984+0000] {logging_mixin.py:151} INFO - [2024-06-17T17:59:46.984+0000] {dag.py:3677} INFO - Setting next_dagrun for example_weekday_branch_operator to 2024-06-16T00:00:00+00:00, run_after=2024-06-17T00:00:00+00:00
[2024-06-17T17:59:46.991+0000] {processor.py:179} INFO - Processing /home/airflow/.local/lib/python3.8/site-packages/airflow/example_dags/example_branch_day_of_week_operator.py took 0.032 seconds
[2024-06-17T18:00:17.477+0000] {processor.py:157} INFO - Started process (PID=465) to work on /home/airflow/.local/lib/python3.8/site-packages/airflow/example_dags/example_branch_day_of_week_operator.py
[2024-06-17T18:00:17.477+0000] {processor.py:829} INFO - Processing file /home/airflow/.local/lib/python3.8/site-packages/airflow/example_dags/example_branch_day_of_week_operator.py for tasks to queue
[2024-06-17T18:00:17.478+0000] {logging_mixin.py:151} INFO - [2024-06-17T18:00:17.478+0000] {dagbag.py:539} INFO - Filling up the DagBag from /home/airflow/.local/lib/python3.8/site-packages/airflow/example_dags/example_branch_day_of_week_operator.py
[2024-06-17T18:00:17.482+0000] {processor.py:839} INFO - DAG(s) dict_keys(['example_weekday_branch_operator']) retrieved from /home/airflow/.local/lib/python3.8/site-packages/airflow/example_dags/example_branch_day_of_week_operator.py
[2024-06-17T18:00:17.491+0000] {logging_mixin.py:151} INFO - [2024-06-17T18:00:17.491+0000] {dag.py:2907} INFO - Sync 1 DAGs
[2024-06-17T18:00:17.501+0000] {logging_mixin.py:151} INFO - [2024-06-17T18:00:17.500+0000] {dag.py:3677} INFO - Setting next_dagrun for example_weekday_branch_operator to 2024-06-16T00:00:00+00:00, run_after=2024-06-17T00:00:00+00:00
[2024-06-17T18:00:17.508+0000] {processor.py:179} INFO - Processing /home/airflow/.local/lib/python3.8/site-packages/airflow/example_dags/example_branch_day_of_week_operator.py took 0.032 seconds
[2024-06-17T18:00:48.062+0000] {processor.py:157} INFO - Started process (PID=520) to work on /home/airflow/.local/lib/python3.8/site-packages/airflow/example_dags/example_branch_day_of_week_operator.py
[2024-06-17T18:00:48.063+0000] {processor.py:829} INFO - Processing file /home/airflow/.local/lib/python3.8/site-packages/airflow/example_dags/example_branch_day_of_week_operator.py for tasks to queue
[2024-06-17T18:00:48.064+0000] {logging_mixin.py:151} INFO - [2024-06-17T18:00:48.064+0000] {dagbag.py:539} INFO - Filling up the DagBag from /home/airflow/.local/lib/python3.8/site-packages/airflow/example_dags/example_branch_day_of_week_operator.py
[2024-06-17T18:00:48.070+0000] {processor.py:839} INFO - DAG(s) dict_keys(['example_weekday_branch_operator']) retrieved from /home/airflow/.local/lib/python3.8/site-packages/airflow/example_dags/example_branch_day_of_week_operator.py
[2024-06-17T18:00:48.085+0000] {logging_mixin.py:151} INFO - [2024-06-17T18:00:48.085+0000] {dag.py:2907} INFO - Sync 1 DAGs
[2024-06-17T18:00:48.099+0000] {logging_mixin.py:151} INFO - [2024-06-17T18:00:48.099+0000] {dag.py:3677} INFO - Setting next_dagrun for example_weekday_branch_operator to 2024-06-16T00:00:00+00:00, run_after=2024-06-17T00:00:00+00:00
[2024-06-17T18:00:48.112+0000] {processor.py:179} INFO - Processing /home/airflow/.local/lib/python3.8/site-packages/airflow/example_dags/example_branch_day_of_week_operator.py took 0.052 seconds
[2024-06-17T18:01:18.590+0000] {processor.py:157} INFO - Started process (PID=575) to work on /home/airflow/.local/lib/python3.8/site-packages/airflow/example_dags/example_branch_day_of_week_operator.py
[2024-06-17T18:01:18.590+0000] {processor.py:829} INFO - Processing file /home/airflow/.local/lib/python3.8/site-packages/airflow/example_dags/example_branch_day_of_week_operator.py for tasks to queue
[2024-06-17T18:01:18.591+0000] {logging_mixin.py:151} INFO - [2024-06-17T18:01:18.591+0000] {dagbag.py:539} INFO - Filling up the DagBag from /home/airflow/.local/lib/python3.8/site-packages/airflow/example_dags/example_branch_day_of_week_operator.py
[2024-06-17T18:01:18.595+0000] {processor.py:839} INFO - DAG(s) dict_keys(['example_weekday_branch_operator']) retrieved from /home/airflow/.local/lib/python3.8/site-packages/airflow/example_dags/example_branch_day_of_week_operator.py
[2024-06-17T18:01:18.604+0000] {logging_mixin.py:151} INFO - [2024-06-17T18:01:18.604+0000] {dag.py:2907} INFO - Sync 1 DAGs
[2024-06-17T18:01:18.614+0000] {logging_mixin.py:151} INFO - [2024-06-17T18:01:18.614+0000] {dag.py:3677} INFO - Setting next_dagrun for example_weekday_branch_operator to 2024-06-16T00:00:00+00:00, run_after=2024-06-17T00:00:00+00:00
[2024-06-17T18:01:18.620+0000] {processor.py:179} INFO - Processing /home/airflow/.local/lib/python3.8/site-packages/airflow/example_dags/example_branch_day_of_week_operator.py took 0.032 seconds
[2024-06-17T18:01:49.189+0000] {processor.py:157} INFO - Started process (PID=630) to work on /home/airflow/.local/lib/python3.8/site-packages/airflow/example_dags/example_branch_day_of_week_operator.py
[2024-06-17T18:01:49.189+0000] {processor.py:829} INFO - Processing file /home/airflow/.local/lib/python3.8/site-packages/airflow/example_dags/example_branch_day_of_week_operator.py for tasks to queue
[2024-06-17T18:01:49.190+0000] {logging_mixin.py:151} INFO - [2024-06-17T18:01:49.190+0000] {dagbag.py:539} INFO - Filling up the DagBag from /home/airflow/.local/lib/python3.8/site-packages/airflow/example_dags/example_branch_day_of_week_operator.py
[2024-06-17T18:01:49.194+0000] {processor.py:839} INFO - DAG(s) dict_keys(['example_weekday_branch_operator']) retrieved from /home/airflow/.local/lib/python3.8/site-packages/airflow/example_dags/example_branch_day_of_week_operator.py
[2024-06-17T18:01:49.204+0000] {logging_mixin.py:151} INFO - [2024-06-17T18:01:49.204+0000] {dag.py:2907} INFO - Sync 1 DAGs
[2024-06-17T18:01:49.215+0000] {logging_mixin.py:151} INFO - [2024-06-17T18:01:49.214+0000] {dag.py:3677} INFO - Setting next_dagrun for example_weekday_branch_operator to 2024-06-16T00:00:00+00:00, run_after=2024-06-17T00:00:00+00:00
[2024-06-17T18:01:49.222+0000] {processor.py:179} INFO - Processing /home/airflow/.local/lib/python3.8/site-packages/airflow/example_dags/example_branch_day_of_week_operator.py took 0.035 seconds
[2024-06-17T18:02:19.703+0000] {processor.py:157} INFO - Started process (PID=685) to work on /home/airflow/.local/lib/python3.8/site-packages/airflow/example_dags/example_branch_day_of_week_operator.py
[2024-06-17T18:02:19.703+0000] {processor.py:829} INFO - Processing file /home/airflow/.local/lib/python3.8/site-packages/airflow/example_dags/example_branch_day_of_week_operator.py for tasks to queue
[2024-06-17T18:02:19.704+0000] {logging_mixin.py:151} INFO - [2024-06-17T18:02:19.704+0000] {dagbag.py:539} INFO - Filling up the DagBag from /home/airflow/.local/lib/python3.8/site-packages/airflow/example_dags/example_branch_day_of_week_operator.py
[2024-06-17T18:02:19.709+0000] {processor.py:839} INFO - DAG(s) dict_keys(['example_weekday_branch_operator']) retrieved from /home/airflow/.local/lib/python3.8/site-packages/airflow/example_dags/example_branch_day_of_week_operator.py
[2024-06-17T18:02:19.719+0000] {logging_mixin.py:151} INFO - [2024-06-17T18:02:19.719+0000] {dag.py:2907} INFO - Sync 1 DAGs
[2024-06-17T18:02:19.729+0000] {logging_mixin.py:151} INFO - [2024-06-17T18:02:19.729+0000] {dag.py:3677} INFO - Setting next_dagrun for example_weekday_branch_operator to 2024-06-16T00:00:00+00:00, run_after=2024-06-17T00:00:00+00:00
[2024-06-17T18:02:19.737+0000] {processor.py:179} INFO - Processing /home/airflow/.local/lib/python3.8/site-packages/airflow/example_dags/example_branch_day_of_week_operator.py took 0.036 seconds
[2024-06-17T18:02:50.266+0000] {processor.py:157} INFO - Started process (PID=740) to work on /home/airflow/.local/lib/python3.8/site-packages/airflow/example_dags/example_branch_day_of_week_operator.py
[2024-06-17T18:02:50.267+0000] {processor.py:829} INFO - Processing file /home/airflow/.local/lib/python3.8/site-packages/airflow/example_dags/example_branch_day_of_week_operator.py for tasks to queue
[2024-06-17T18:02:50.268+0000] {logging_mixin.py:151} INFO - [2024-06-17T18:02:50.268+0000] {dagbag.py:539} INFO - Filling up the DagBag from /home/airflow/.local/lib/python3.8/site-packages/airflow/example_dags/example_branch_day_of_week_operator.py
[2024-06-17T18:02:50.272+0000] {processor.py:839} INFO - DAG(s) dict_keys(['example_weekday_branch_operator']) retrieved from /home/airflow/.local/lib/python3.8/site-packages/airflow/example_dags/example_branch_day_of_week_operator.py
[2024-06-17T18:02:50.280+0000] {logging_mixin.py:151} INFO - [2024-06-17T18:02:50.280+0000] {dag.py:2907} INFO - Sync 1 DAGs
[2024-06-17T18:02:50.290+0000] {logging_mixin.py:151} INFO - [2024-06-17T18:02:50.290+0000] {dag.py:3677} INFO - Setting next_dagrun for example_weekday_branch_operator to 2024-06-16T00:00:00+00:00, run_after=2024-06-17T00:00:00+00:00
[2024-06-17T18:02:50.297+0000] {processor.py:179} INFO - Processing /home/airflow/.local/lib/python3.8/site-packages/airflow/example_dags/example_branch_day_of_week_operator.py took 0.032 seconds
[2024-06-17T18:03:20.743+0000] {processor.py:157} INFO - Started process (PID=795) to work on /home/airflow/.local/lib/python3.8/site-packages/airflow/example_dags/example_branch_day_of_week_operator.py
[2024-06-17T18:03:20.743+0000] {processor.py:829} INFO - Processing file /home/airflow/.local/lib/python3.8/site-packages/airflow/example_dags/example_branch_day_of_week_operator.py for tasks to queue
[2024-06-17T18:03:20.744+0000] {logging_mixin.py:151} INFO - [2024-06-17T18:03:20.744+0000] {dagbag.py:539} INFO - Filling up the DagBag from /home/airflow/.local/lib/python3.8/site-packages/airflow/example_dags/example_branch_day_of_week_operator.py
[2024-06-17T18:03:20.748+0000] {processor.py:839} INFO - DAG(s) dict_keys(['example_weekday_branch_operator']) retrieved from /home/airflow/.local/lib/python3.8/site-packages/airflow/example_dags/example_branch_day_of_week_operator.py
[2024-06-17T18:03:20.757+0000] {logging_mixin.py:151} INFO - [2024-06-17T18:03:20.757+0000] {dag.py:2907} INFO - Sync 1 DAGs
[2024-06-17T18:03:20.767+0000] {logging_mixin.py:151} INFO - [2024-06-17T18:03:20.767+0000] {dag.py:3677} INFO - Setting next_dagrun for example_weekday_branch_operator to 2024-06-16T00:00:00+00:00, run_after=2024-06-17T00:00:00+00:00
[2024-06-17T18:03:20.774+0000] {processor.py:179} INFO - Processing /home/airflow/.local/lib/python3.8/site-packages/airflow/example_dags/example_branch_day_of_week_operator.py took 0.033 seconds
[2024-06-17T18:03:51.228+0000] {processor.py:157} INFO - Started process (PID=850) to work on /home/airflow/.local/lib/python3.8/site-packages/airflow/example_dags/example_branch_day_of_week_operator.py
[2024-06-17T18:03:51.228+0000] {processor.py:829} INFO - Processing file /home/airflow/.local/lib/python3.8/site-packages/airflow/example_dags/example_branch_day_of_week_operator.py for tasks to queue
[2024-06-17T18:03:51.229+0000] {logging_mixin.py:151} INFO - [2024-06-17T18:03:51.229+0000] {dagbag.py:539} INFO - Filling up the DagBag from /home/airflow/.local/lib/python3.8/site-packages/airflow/example_dags/example_branch_day_of_week_operator.py
[2024-06-17T18:03:51.233+0000] {processor.py:839} INFO - DAG(s) dict_keys(['example_weekday_branch_operator']) retrieved from /home/airflow/.local/lib/python3.8/site-packages/airflow/example_dags/example_branch_day_of_week_operator.py
[2024-06-17T18:03:51.242+0000] {logging_mixin.py:151} INFO - [2024-06-17T18:03:51.242+0000] {dag.py:2907} INFO - Sync 1 DAGs
[2024-06-17T18:03:51.252+0000] {logging_mixin.py:151} INFO - [2024-06-17T18:03:51.252+0000] {dag.py:3677} INFO - Setting next_dagrun for example_weekday_branch_operator to 2024-06-16T00:00:00+00:00, run_after=2024-06-17T00:00:00+00:00
[2024-06-17T18:03:51.259+0000] {processor.py:179} INFO - Processing /home/airflow/.local/lib/python3.8/site-packages/airflow/example_dags/example_branch_day_of_week_operator.py took 0.033 seconds
[2024-06-17T18:04:21.790+0000] {processor.py:157} INFO - Started process (PID=905) to work on /home/airflow/.local/lib/python3.8/site-packages/airflow/example_dags/example_branch_day_of_week_operator.py
[2024-06-17T18:04:21.790+0000] {processor.py:829} INFO - Processing file /home/airflow/.local/lib/python3.8/site-packages/airflow/example_dags/example_branch_day_of_week_operator.py for tasks to queue
[2024-06-17T18:04:21.791+0000] {logging_mixin.py:151} INFO - [2024-06-17T18:04:21.791+0000] {dagbag.py:539} INFO - Filling up the DagBag from /home/airflow/.local/lib/python3.8/site-packages/airflow/example_dags/example_branch_day_of_week_operator.py
[2024-06-17T18:04:21.795+0000] {processor.py:839} INFO - DAG(s) dict_keys(['example_weekday_branch_operator']) retrieved from /home/airflow/.local/lib/python3.8/site-packages/airflow/example_dags/example_branch_day_of_week_operator.py
[2024-06-17T18:04:21.804+0000] {logging_mixin.py:151} INFO - [2024-06-17T18:04:21.804+0000] {dag.py:2907} INFO - Sync 1 DAGs
[2024-06-17T18:04:21.814+0000] {logging_mixin.py:151} INFO - [2024-06-17T18:04:21.814+0000] {dag.py:3677} INFO - Setting next_dagrun for example_weekday_branch_operator to 2024-06-16T00:00:00+00:00, run_after=2024-06-17T00:00:00+00:00
[2024-06-17T18:04:21.822+0000] {processor.py:179} INFO - Processing /home/airflow/.local/lib/python3.8/site-packages/airflow/example_dags/example_branch_day_of_week_operator.py took 0.034 seconds
[2024-06-17T18:04:45.430+0000] {processor.py:157} INFO - Started process (PID=79) to work on /home/airflow/.local/lib/python3.8/site-packages/airflow/example_dags/example_branch_day_of_week_operator.py
[2024-06-17T18:04:45.431+0000] {processor.py:829} INFO - Processing file /home/airflow/.local/lib/python3.8/site-packages/airflow/example_dags/example_branch_day_of_week_operator.py for tasks to queue
[2024-06-17T18:04:45.432+0000] {logging_mixin.py:151} INFO - [2024-06-17T18:04:45.432+0000] {dagbag.py:539} INFO - Filling up the DagBag from /home/airflow/.local/lib/python3.8/site-packages/airflow/example_dags/example_branch_day_of_week_operator.py
[2024-06-17T18:04:45.436+0000] {processor.py:839} INFO - DAG(s) dict_keys(['example_weekday_branch_operator']) retrieved from /home/airflow/.local/lib/python3.8/site-packages/airflow/example_dags/example_branch_day_of_week_operator.py
[2024-06-17T18:04:45.443+0000] {logging_mixin.py:151} INFO - [2024-06-17T18:04:45.443+0000] {dag.py:2907} INFO - Sync 1 DAGs
[2024-06-17T18:04:45.567+0000] {logging_mixin.py:151} INFO - [2024-06-17T18:04:45.567+0000] {dag.py:3677} INFO - Setting next_dagrun for example_weekday_branch_operator to 2024-06-16T00:00:00+00:00, run_after=2024-06-17T00:00:00+00:00
[2024-06-17T18:04:45.575+0000] {processor.py:179} INFO - Processing /home/airflow/.local/lib/python3.8/site-packages/airflow/example_dags/example_branch_day_of_week_operator.py took 0.147 seconds
[2024-06-17T18:05:16.084+0000] {processor.py:157} INFO - Started process (PID=134) to work on /home/airflow/.local/lib/python3.8/site-packages/airflow/example_dags/example_branch_day_of_week_operator.py
[2024-06-17T18:05:16.085+0000] {processor.py:829} INFO - Processing file /home/airflow/.local/lib/python3.8/site-packages/airflow/example_dags/example_branch_day_of_week_operator.py for tasks to queue
[2024-06-17T18:05:16.086+0000] {logging_mixin.py:151} INFO - [2024-06-17T18:05:16.086+0000] {dagbag.py:539} INFO - Filling up the DagBag from /home/airflow/.local/lib/python3.8/site-packages/airflow/example_dags/example_branch_day_of_week_operator.py
[2024-06-17T18:05:16.090+0000] {processor.py:839} INFO - DAG(s) dict_keys(['example_weekday_branch_operator']) retrieved from /home/airflow/.local/lib/python3.8/site-packages/airflow/example_dags/example_branch_day_of_week_operator.py
[2024-06-17T18:05:16.099+0000] {logging_mixin.py:151} INFO - [2024-06-17T18:05:16.099+0000] {dag.py:2907} INFO - Sync 1 DAGs
[2024-06-17T18:05:16.109+0000] {logging_mixin.py:151} INFO - [2024-06-17T18:05:16.108+0000] {dag.py:3677} INFO - Setting next_dagrun for example_weekday_branch_operator to 2024-06-16T00:00:00+00:00, run_after=2024-06-17T00:00:00+00:00
[2024-06-17T18:05:16.116+0000] {processor.py:179} INFO - Processing /home/airflow/.local/lib/python3.8/site-packages/airflow/example_dags/example_branch_day_of_week_operator.py took 0.033 seconds
[2024-06-17T18:05:46.781+0000] {processor.py:157} INFO - Started process (PID=189) to work on /home/airflow/.local/lib/python3.8/site-packages/airflow/example_dags/example_branch_day_of_week_operator.py
[2024-06-17T18:05:46.782+0000] {processor.py:829} INFO - Processing file /home/airflow/.local/lib/python3.8/site-packages/airflow/example_dags/example_branch_day_of_week_operator.py for tasks to queue
[2024-06-17T18:05:46.783+0000] {logging_mixin.py:151} INFO - [2024-06-17T18:05:46.783+0000] {dagbag.py:539} INFO - Filling up the DagBag from /home/airflow/.local/lib/python3.8/site-packages/airflow/example_dags/example_branch_day_of_week_operator.py
[2024-06-17T18:05:46.787+0000] {processor.py:839} INFO - DAG(s) dict_keys(['example_weekday_branch_operator']) retrieved from /home/airflow/.local/lib/python3.8/site-packages/airflow/example_dags/example_branch_day_of_week_operator.py
[2024-06-17T18:05:46.795+0000] {logging_mixin.py:151} INFO - [2024-06-17T18:05:46.795+0000] {dag.py:2907} INFO - Sync 1 DAGs
[2024-06-17T18:05:46.804+0000] {logging_mixin.py:151} INFO - [2024-06-17T18:05:46.804+0000] {dag.py:3677} INFO - Setting next_dagrun for example_weekday_branch_operator to 2024-06-16T00:00:00+00:00, run_after=2024-06-17T00:00:00+00:00
[2024-06-17T18:05:46.811+0000] {processor.py:179} INFO - Processing /home/airflow/.local/lib/python3.8/site-packages/airflow/example_dags/example_branch_day_of_week_operator.py took 0.031 seconds
[2024-06-17T18:06:17.393+0000] {processor.py:157} INFO - Started process (PID=244) to work on /home/airflow/.local/lib/python3.8/site-packages/airflow/example_dags/example_branch_day_of_week_operator.py
[2024-06-17T18:06:17.394+0000] {processor.py:829} INFO - Processing file /home/airflow/.local/lib/python3.8/site-packages/airflow/example_dags/example_branch_day_of_week_operator.py for tasks to queue
[2024-06-17T18:06:17.395+0000] {logging_mixin.py:151} INFO - [2024-06-17T18:06:17.395+0000] {dagbag.py:539} INFO - Filling up the DagBag from /home/airflow/.local/lib/python3.8/site-packages/airflow/example_dags/example_branch_day_of_week_operator.py
[2024-06-17T18:06:17.398+0000] {processor.py:839} INFO - DAG(s) dict_keys(['example_weekday_branch_operator']) retrieved from /home/airflow/.local/lib/python3.8/site-packages/airflow/example_dags/example_branch_day_of_week_operator.py
[2024-06-17T18:06:17.406+0000] {logging_mixin.py:151} INFO - [2024-06-17T18:06:17.406+0000] {dag.py:2907} INFO - Sync 1 DAGs
[2024-06-17T18:06:17.415+0000] {logging_mixin.py:151} INFO - [2024-06-17T18:06:17.415+0000] {dag.py:3677} INFO - Setting next_dagrun for example_weekday_branch_operator to 2024-06-16T00:00:00+00:00, run_after=2024-06-17T00:00:00+00:00
[2024-06-17T18:06:17.421+0000] {processor.py:179} INFO - Processing /home/airflow/.local/lib/python3.8/site-packages/airflow/example_dags/example_branch_day_of_week_operator.py took 0.030 seconds
[2024-06-17T18:06:47.879+0000] {processor.py:157} INFO - Started process (PID=299) to work on /home/airflow/.local/lib/python3.8/site-packages/airflow/example_dags/example_branch_day_of_week_operator.py
[2024-06-17T18:06:47.880+0000] {processor.py:829} INFO - Processing file /home/airflow/.local/lib/python3.8/site-packages/airflow/example_dags/example_branch_day_of_week_operator.py for tasks to queue
[2024-06-17T18:06:47.881+0000] {logging_mixin.py:151} INFO - [2024-06-17T18:06:47.881+0000] {dagbag.py:539} INFO - Filling up the DagBag from /home/airflow/.local/lib/python3.8/site-packages/airflow/example_dags/example_branch_day_of_week_operator.py
[2024-06-17T18:06:47.884+0000] {processor.py:839} INFO - DAG(s) dict_keys(['example_weekday_branch_operator']) retrieved from /home/airflow/.local/lib/python3.8/site-packages/airflow/example_dags/example_branch_day_of_week_operator.py
[2024-06-17T18:06:47.893+0000] {logging_mixin.py:151} INFO - [2024-06-17T18:06:47.893+0000] {dag.py:2907} INFO - Sync 1 DAGs
[2024-06-17T18:06:47.903+0000] {logging_mixin.py:151} INFO - [2024-06-17T18:06:47.903+0000] {dag.py:3677} INFO - Setting next_dagrun for example_weekday_branch_operator to 2024-06-16T00:00:00+00:00, run_after=2024-06-17T00:00:00+00:00
[2024-06-17T18:06:47.910+0000] {processor.py:179} INFO - Processing /home/airflow/.local/lib/python3.8/site-packages/airflow/example_dags/example_branch_day_of_week_operator.py took 0.032 seconds
[2024-06-17T18:07:18.283+0000] {processor.py:157} INFO - Started process (PID=354) to work on /home/airflow/.local/lib/python3.8/site-packages/airflow/example_dags/example_branch_day_of_week_operator.py
[2024-06-17T18:07:18.283+0000] {processor.py:829} INFO - Processing file /home/airflow/.local/lib/python3.8/site-packages/airflow/example_dags/example_branch_day_of_week_operator.py for tasks to queue
[2024-06-17T18:07:18.284+0000] {logging_mixin.py:151} INFO - [2024-06-17T18:07:18.284+0000] {dagbag.py:539} INFO - Filling up the DagBag from /home/airflow/.local/lib/python3.8/site-packages/airflow/example_dags/example_branch_day_of_week_operator.py
[2024-06-17T18:07:18.288+0000] {processor.py:839} INFO - DAG(s) dict_keys(['example_weekday_branch_operator']) retrieved from /home/airflow/.local/lib/python3.8/site-packages/airflow/example_dags/example_branch_day_of_week_operator.py
[2024-06-17T18:07:18.296+0000] {logging_mixin.py:151} INFO - [2024-06-17T18:07:18.296+0000] {dag.py:2907} INFO - Sync 1 DAGs
[2024-06-17T18:07:18.305+0000] {logging_mixin.py:151} INFO - [2024-06-17T18:07:18.305+0000] {dag.py:3677} INFO - Setting next_dagrun for example_weekday_branch_operator to 2024-06-16T00:00:00+00:00, run_after=2024-06-17T00:00:00+00:00
[2024-06-17T18:07:18.312+0000] {processor.py:179} INFO - Processing /home/airflow/.local/lib/python3.8/site-packages/airflow/example_dags/example_branch_day_of_week_operator.py took 0.030 seconds
