[2024-06-17T17:56:42.695+0000] {processor.py:157} INFO - Started process (PID=69) to work on /home/airflow/.local/lib/python3.8/site-packages/airflow/example_dags/example_short_circuit_decorator.py
[2024-06-17T17:56:42.696+0000] {processor.py:829} INFO - Processing file /home/airflow/.local/lib/python3.8/site-packages/airflow/example_dags/example_short_circuit_decorator.py for tasks to queue
[2024-06-17T17:56:42.697+0000] {logging_mixin.py:151} INFO - [2024-06-17T17:56:42.696+0000] {dagbag.py:539} INFO - Filling up the DagBag from /home/airflow/.local/lib/python3.8/site-packages/airflow/example_dags/example_short_circuit_decorator.py
[2024-06-17T17:56:42.701+0000] {processor.py:839} INFO - DAG(s) dict_keys(['example_short_circuit_decorator']) retrieved from /home/airflow/.local/lib/python3.8/site-packages/airflow/example_dags/example_short_circuit_decorator.py
[2024-06-17T17:56:42.743+0000] {logging_mixin.py:151} INFO - [2024-06-17T17:56:42.743+0000] {manager.py:501} INFO - Created Permission View: can delete on DAG:example_short_circuit_decorator
[2024-06-17T17:56:42.746+0000] {logging_mixin.py:151} INFO - [2024-06-17T17:56:42.746+0000] {manager.py:501} INFO - Created Permission View: can read on DAG:example_short_circuit_decorator
[2024-06-17T17:56:42.749+0000] {logging_mixin.py:151} INFO - [2024-06-17T17:56:42.749+0000] {manager.py:501} INFO - Created Permission View: can edit on DAG:example_short_circuit_decorator
[2024-06-17T17:56:42.754+0000] {logging_mixin.py:151} INFO - [2024-06-17T17:56:42.754+0000] {dag.py:2907} INFO - Sync 1 DAGs
[2024-06-17T17:56:42.758+0000] {logging_mixin.py:151} INFO - [2024-06-17T17:56:42.758+0000] {dag.py:2929} INFO - Creating ORM DAG for example_short_circuit_decorator
[2024-06-17T17:56:42.763+0000] {logging_mixin.py:151} INFO - [2024-06-17T17:56:42.763+0000] {dag.py:3677} INFO - Setting next_dagrun for example_short_circuit_decorator to 2024-06-16T17:56:42.763125+00:00, run_after=2024-06-17T17:56:42.763125+00:00
[2024-06-17T17:56:42.769+0000] {processor.py:179} INFO - Processing /home/airflow/.local/lib/python3.8/site-packages/airflow/example_dags/example_short_circuit_decorator.py took 0.076 seconds
[2024-06-17T17:57:12.982+0000] {processor.py:157} INFO - Started process (PID=124) to work on /home/airflow/.local/lib/python3.8/site-packages/airflow/example_dags/example_short_circuit_decorator.py
[2024-06-17T17:57:12.982+0000] {processor.py:829} INFO - Processing file /home/airflow/.local/lib/python3.8/site-packages/airflow/example_dags/example_short_circuit_decorator.py for tasks to queue
[2024-06-17T17:57:12.983+0000] {logging_mixin.py:151} INFO - [2024-06-17T17:57:12.983+0000] {dagbag.py:539} INFO - Filling up the DagBag from /home/airflow/.local/lib/python3.8/site-packages/airflow/example_dags/example_short_circuit_decorator.py
[2024-06-17T17:57:12.987+0000] {processor.py:839} INFO - DAG(s) dict_keys(['example_short_circuit_decorator']) retrieved from /home/airflow/.local/lib/python3.8/site-packages/airflow/example_dags/example_short_circuit_decorator.py
[2024-06-17T17:57:12.997+0000] {logging_mixin.py:151} INFO - [2024-06-17T17:57:12.997+0000] {dag.py:2907} INFO - Sync 1 DAGs
[2024-06-17T17:57:13.006+0000] {logging_mixin.py:151} INFO - [2024-06-17T17:57:13.006+0000] {dag.py:3677} INFO - Setting next_dagrun for example_short_circuit_decorator to 2024-06-16T17:57:13.006318+00:00, run_after=2024-06-17T17:57:13.006318+00:00
[2024-06-17T17:57:13.013+0000] {processor.py:179} INFO - Processing /home/airflow/.local/lib/python3.8/site-packages/airflow/example_dags/example_short_circuit_decorator.py took 0.032 seconds
[2024-06-17T17:57:43.564+0000] {processor.py:157} INFO - Started process (PID=179) to work on /home/airflow/.local/lib/python3.8/site-packages/airflow/example_dags/example_short_circuit_decorator.py
[2024-06-17T17:57:43.565+0000] {processor.py:829} INFO - Processing file /home/airflow/.local/lib/python3.8/site-packages/airflow/example_dags/example_short_circuit_decorator.py for tasks to queue
[2024-06-17T17:57:43.566+0000] {logging_mixin.py:151} INFO - [2024-06-17T17:57:43.566+0000] {dagbag.py:539} INFO - Filling up the DagBag from /home/airflow/.local/lib/python3.8/site-packages/airflow/example_dags/example_short_circuit_decorator.py
[2024-06-17T17:57:43.570+0000] {processor.py:839} INFO - DAG(s) dict_keys(['example_short_circuit_decorator']) retrieved from /home/airflow/.local/lib/python3.8/site-packages/airflow/example_dags/example_short_circuit_decorator.py
[2024-06-17T17:57:43.579+0000] {logging_mixin.py:151} INFO - [2024-06-17T17:57:43.579+0000] {dag.py:2907} INFO - Sync 1 DAGs
[2024-06-17T17:57:43.589+0000] {logging_mixin.py:151} INFO - [2024-06-17T17:57:43.588+0000] {dag.py:3677} INFO - Setting next_dagrun for example_short_circuit_decorator to 2024-06-16T17:57:43.588810+00:00, run_after=2024-06-17T17:57:43.588810+00:00
[2024-06-17T17:57:43.595+0000] {processor.py:179} INFO - Processing /home/airflow/.local/lib/python3.8/site-packages/airflow/example_dags/example_short_circuit_decorator.py took 0.033 seconds
[2024-06-17T17:58:14.124+0000] {processor.py:157} INFO - Started process (PID=234) to work on /home/airflow/.local/lib/python3.8/site-packages/airflow/example_dags/example_short_circuit_decorator.py
[2024-06-17T17:58:14.124+0000] {processor.py:829} INFO - Processing file /home/airflow/.local/lib/python3.8/site-packages/airflow/example_dags/example_short_circuit_decorator.py for tasks to queue
[2024-06-17T17:58:14.125+0000] {logging_mixin.py:151} INFO - [2024-06-17T17:58:14.125+0000] {dagbag.py:539} INFO - Filling up the DagBag from /home/airflow/.local/lib/python3.8/site-packages/airflow/example_dags/example_short_circuit_decorator.py
[2024-06-17T17:58:14.129+0000] {processor.py:839} INFO - DAG(s) dict_keys(['example_short_circuit_decorator']) retrieved from /home/airflow/.local/lib/python3.8/site-packages/airflow/example_dags/example_short_circuit_decorator.py
[2024-06-17T17:58:14.139+0000] {logging_mixin.py:151} INFO - [2024-06-17T17:58:14.139+0000] {dag.py:2907} INFO - Sync 1 DAGs
[2024-06-17T17:58:14.148+0000] {logging_mixin.py:151} INFO - [2024-06-17T17:58:14.148+0000] {dag.py:3677} INFO - Setting next_dagrun for example_short_circuit_decorator to 2024-06-16T17:58:14.147953+00:00, run_after=2024-06-17T17:58:14.147953+00:00
[2024-06-17T17:58:14.155+0000] {processor.py:179} INFO - Processing /home/airflow/.local/lib/python3.8/site-packages/airflow/example_dags/example_short_circuit_decorator.py took 0.033 seconds
[2024-06-17T17:58:44.646+0000] {processor.py:157} INFO - Started process (PID=289) to work on /home/airflow/.local/lib/python3.8/site-packages/airflow/example_dags/example_short_circuit_decorator.py
[2024-06-17T17:58:44.646+0000] {processor.py:829} INFO - Processing file /home/airflow/.local/lib/python3.8/site-packages/airflow/example_dags/example_short_circuit_decorator.py for tasks to queue
[2024-06-17T17:58:44.647+0000] {logging_mixin.py:151} INFO - [2024-06-17T17:58:44.647+0000] {dagbag.py:539} INFO - Filling up the DagBag from /home/airflow/.local/lib/python3.8/site-packages/airflow/example_dags/example_short_circuit_decorator.py
[2024-06-17T17:58:44.651+0000] {processor.py:839} INFO - DAG(s) dict_keys(['example_short_circuit_decorator']) retrieved from /home/airflow/.local/lib/python3.8/site-packages/airflow/example_dags/example_short_circuit_decorator.py
[2024-06-17T17:58:44.661+0000] {logging_mixin.py:151} INFO - [2024-06-17T17:58:44.661+0000] {dag.py:2907} INFO - Sync 1 DAGs
[2024-06-17T17:58:44.670+0000] {logging_mixin.py:151} INFO - [2024-06-17T17:58:44.670+0000] {dag.py:3677} INFO - Setting next_dagrun for example_short_circuit_decorator to 2024-06-16T17:58:44.669944+00:00, run_after=2024-06-17T17:58:44.669944+00:00
[2024-06-17T17:58:44.676+0000] {processor.py:179} INFO - Processing /home/airflow/.local/lib/python3.8/site-packages/airflow/example_dags/example_short_circuit_decorator.py took 0.032 seconds
[2024-06-17T17:59:15.159+0000] {processor.py:157} INFO - Started process (PID=344) to work on /home/airflow/.local/lib/python3.8/site-packages/airflow/example_dags/example_short_circuit_decorator.py
[2024-06-17T17:59:15.160+0000] {processor.py:829} INFO - Processing file /home/airflow/.local/lib/python3.8/site-packages/airflow/example_dags/example_short_circuit_decorator.py for tasks to queue
[2024-06-17T17:59:15.161+0000] {logging_mixin.py:151} INFO - [2024-06-17T17:59:15.160+0000] {dagbag.py:539} INFO - Filling up the DagBag from /home/airflow/.local/lib/python3.8/site-packages/airflow/example_dags/example_short_circuit_decorator.py
[2024-06-17T17:59:15.165+0000] {processor.py:839} INFO - DAG(s) dict_keys(['example_short_circuit_decorator']) retrieved from /home/airflow/.local/lib/python3.8/site-packages/airflow/example_dags/example_short_circuit_decorator.py
[2024-06-17T17:59:15.174+0000] {logging_mixin.py:151} INFO - [2024-06-17T17:59:15.174+0000] {dag.py:2907} INFO - Sync 1 DAGs
[2024-06-17T17:59:15.183+0000] {logging_mixin.py:151} INFO - [2024-06-17T17:59:15.183+0000] {dag.py:3677} INFO - Setting next_dagrun for example_short_circuit_decorator to 2024-06-16T17:59:15.182940+00:00, run_after=2024-06-17T17:59:15.182940+00:00
[2024-06-17T17:59:15.189+0000] {processor.py:179} INFO - Processing /home/airflow/.local/lib/python3.8/site-packages/airflow/example_dags/example_short_circuit_decorator.py took 0.032 seconds
[2024-06-17T17:59:45.662+0000] {processor.py:157} INFO - Started process (PID=399) to work on /home/airflow/.local/lib/python3.8/site-packages/airflow/example_dags/example_short_circuit_decorator.py
[2024-06-17T17:59:45.662+0000] {processor.py:829} INFO - Processing file /home/airflow/.local/lib/python3.8/site-packages/airflow/example_dags/example_short_circuit_decorator.py for tasks to queue
[2024-06-17T17:59:45.663+0000] {logging_mixin.py:151} INFO - [2024-06-17T17:59:45.663+0000] {dagbag.py:539} INFO - Filling up the DagBag from /home/airflow/.local/lib/python3.8/site-packages/airflow/example_dags/example_short_circuit_decorator.py
[2024-06-17T17:59:45.667+0000] {processor.py:839} INFO - DAG(s) dict_keys(['example_short_circuit_decorator']) retrieved from /home/airflow/.local/lib/python3.8/site-packages/airflow/example_dags/example_short_circuit_decorator.py
[2024-06-17T17:59:45.676+0000] {logging_mixin.py:151} INFO - [2024-06-17T17:59:45.676+0000] {dag.py:2907} INFO - Sync 1 DAGs
[2024-06-17T17:59:45.685+0000] {logging_mixin.py:151} INFO - [2024-06-17T17:59:45.684+0000] {dag.py:3677} INFO - Setting next_dagrun for example_short_circuit_decorator to 2024-06-16T17:59:45.684877+00:00, run_after=2024-06-17T17:59:45.684877+00:00
[2024-06-17T17:59:45.691+0000] {processor.py:179} INFO - Processing /home/airflow/.local/lib/python3.8/site-packages/airflow/example_dags/example_short_circuit_decorator.py took 0.030 seconds
[2024-06-17T18:00:16.208+0000] {processor.py:157} INFO - Started process (PID=454) to work on /home/airflow/.local/lib/python3.8/site-packages/airflow/example_dags/example_short_circuit_decorator.py
[2024-06-17T18:00:16.208+0000] {processor.py:829} INFO - Processing file /home/airflow/.local/lib/python3.8/site-packages/airflow/example_dags/example_short_circuit_decorator.py for tasks to queue
[2024-06-17T18:00:16.209+0000] {logging_mixin.py:151} INFO - [2024-06-17T18:00:16.209+0000] {dagbag.py:539} INFO - Filling up the DagBag from /home/airflow/.local/lib/python3.8/site-packages/airflow/example_dags/example_short_circuit_decorator.py
[2024-06-17T18:00:16.213+0000] {processor.py:839} INFO - DAG(s) dict_keys(['example_short_circuit_decorator']) retrieved from /home/airflow/.local/lib/python3.8/site-packages/airflow/example_dags/example_short_circuit_decorator.py
[2024-06-17T18:00:16.223+0000] {logging_mixin.py:151} INFO - [2024-06-17T18:00:16.223+0000] {dag.py:2907} INFO - Sync 1 DAGs
[2024-06-17T18:00:16.232+0000] {logging_mixin.py:151} INFO - [2024-06-17T18:00:16.232+0000] {dag.py:3677} INFO - Setting next_dagrun for example_short_circuit_decorator to 2024-06-16T18:00:16.231942+00:00, run_after=2024-06-17T18:00:16.231942+00:00
[2024-06-17T18:00:16.239+0000] {processor.py:179} INFO - Processing /home/airflow/.local/lib/python3.8/site-packages/airflow/example_dags/example_short_circuit_decorator.py took 0.032 seconds
[2024-06-17T18:00:46.715+0000] {processor.py:157} INFO - Started process (PID=509) to work on /home/airflow/.local/lib/python3.8/site-packages/airflow/example_dags/example_short_circuit_decorator.py
[2024-06-17T18:00:46.715+0000] {processor.py:829} INFO - Processing file /home/airflow/.local/lib/python3.8/site-packages/airflow/example_dags/example_short_circuit_decorator.py for tasks to queue
[2024-06-17T18:00:46.716+0000] {logging_mixin.py:151} INFO - [2024-06-17T18:00:46.716+0000] {dagbag.py:539} INFO - Filling up the DagBag from /home/airflow/.local/lib/python3.8/site-packages/airflow/example_dags/example_short_circuit_decorator.py
[2024-06-17T18:00:46.721+0000] {processor.py:839} INFO - DAG(s) dict_keys(['example_short_circuit_decorator']) retrieved from /home/airflow/.local/lib/python3.8/site-packages/airflow/example_dags/example_short_circuit_decorator.py
[2024-06-17T18:00:46.732+0000] {logging_mixin.py:151} INFO - [2024-06-17T18:00:46.731+0000] {dag.py:2907} INFO - Sync 1 DAGs
[2024-06-17T18:00:46.742+0000] {logging_mixin.py:151} INFO - [2024-06-17T18:00:46.742+0000] {dag.py:3677} INFO - Setting next_dagrun for example_short_circuit_decorator to 2024-06-16T18:00:46.742224+00:00, run_after=2024-06-17T18:00:46.742224+00:00
[2024-06-17T18:00:46.749+0000] {processor.py:179} INFO - Processing /home/airflow/.local/lib/python3.8/site-packages/airflow/example_dags/example_short_circuit_decorator.py took 0.036 seconds
[2024-06-17T18:01:17.312+0000] {processor.py:157} INFO - Started process (PID=564) to work on /home/airflow/.local/lib/python3.8/site-packages/airflow/example_dags/example_short_circuit_decorator.py
[2024-06-17T18:01:17.312+0000] {processor.py:829} INFO - Processing file /home/airflow/.local/lib/python3.8/site-packages/airflow/example_dags/example_short_circuit_decorator.py for tasks to queue
[2024-06-17T18:01:17.313+0000] {logging_mixin.py:151} INFO - [2024-06-17T18:01:17.313+0000] {dagbag.py:539} INFO - Filling up the DagBag from /home/airflow/.local/lib/python3.8/site-packages/airflow/example_dags/example_short_circuit_decorator.py
[2024-06-17T18:01:17.318+0000] {processor.py:839} INFO - DAG(s) dict_keys(['example_short_circuit_decorator']) retrieved from /home/airflow/.local/lib/python3.8/site-packages/airflow/example_dags/example_short_circuit_decorator.py
[2024-06-17T18:01:17.328+0000] {logging_mixin.py:151} INFO - [2024-06-17T18:01:17.328+0000] {dag.py:2907} INFO - Sync 1 DAGs
[2024-06-17T18:01:17.338+0000] {logging_mixin.py:151} INFO - [2024-06-17T18:01:17.338+0000] {dag.py:3677} INFO - Setting next_dagrun for example_short_circuit_decorator to 2024-06-16T18:01:17.337981+00:00, run_after=2024-06-17T18:01:17.337981+00:00
[2024-06-17T18:01:17.346+0000] {processor.py:179} INFO - Processing /home/airflow/.local/lib/python3.8/site-packages/airflow/example_dags/example_short_circuit_decorator.py took 0.036 seconds
[2024-06-17T18:01:47.868+0000] {processor.py:157} INFO - Started process (PID=619) to work on /home/airflow/.local/lib/python3.8/site-packages/airflow/example_dags/example_short_circuit_decorator.py
[2024-06-17T18:01:47.869+0000] {processor.py:829} INFO - Processing file /home/airflow/.local/lib/python3.8/site-packages/airflow/example_dags/example_short_circuit_decorator.py for tasks to queue
[2024-06-17T18:01:47.870+0000] {logging_mixin.py:151} INFO - [2024-06-17T18:01:47.869+0000] {dagbag.py:539} INFO - Filling up the DagBag from /home/airflow/.local/lib/python3.8/site-packages/airflow/example_dags/example_short_circuit_decorator.py
[2024-06-17T18:01:47.874+0000] {processor.py:839} INFO - DAG(s) dict_keys(['example_short_circuit_decorator']) retrieved from /home/airflow/.local/lib/python3.8/site-packages/airflow/example_dags/example_short_circuit_decorator.py
[2024-06-17T18:01:47.885+0000] {logging_mixin.py:151} INFO - [2024-06-17T18:01:47.885+0000] {dag.py:2907} INFO - Sync 1 DAGs
[2024-06-17T18:01:47.897+0000] {logging_mixin.py:151} INFO - [2024-06-17T18:01:47.897+0000] {dag.py:3677} INFO - Setting next_dagrun for example_short_circuit_decorator to 2024-06-16T18:01:47.897242+00:00, run_after=2024-06-17T18:01:47.897242+00:00
[2024-06-17T18:01:47.906+0000] {processor.py:179} INFO - Processing /home/airflow/.local/lib/python3.8/site-packages/airflow/example_dags/example_short_circuit_decorator.py took 0.039 seconds
[2024-06-17T18:02:18.419+0000] {processor.py:157} INFO - Started process (PID=674) to work on /home/airflow/.local/lib/python3.8/site-packages/airflow/example_dags/example_short_circuit_decorator.py
[2024-06-17T18:02:18.419+0000] {processor.py:829} INFO - Processing file /home/airflow/.local/lib/python3.8/site-packages/airflow/example_dags/example_short_circuit_decorator.py for tasks to queue
[2024-06-17T18:02:18.421+0000] {logging_mixin.py:151} INFO - [2024-06-17T18:02:18.421+0000] {dagbag.py:539} INFO - Filling up the DagBag from /home/airflow/.local/lib/python3.8/site-packages/airflow/example_dags/example_short_circuit_decorator.py
[2024-06-17T18:02:18.425+0000] {processor.py:839} INFO - DAG(s) dict_keys(['example_short_circuit_decorator']) retrieved from /home/airflow/.local/lib/python3.8/site-packages/airflow/example_dags/example_short_circuit_decorator.py
[2024-06-17T18:02:18.435+0000] {logging_mixin.py:151} INFO - [2024-06-17T18:02:18.434+0000] {dag.py:2907} INFO - Sync 1 DAGs
[2024-06-17T18:02:18.443+0000] {logging_mixin.py:151} INFO - [2024-06-17T18:02:18.443+0000] {dag.py:3677} INFO - Setting next_dagrun for example_short_circuit_decorator to 2024-06-16T18:02:18.443540+00:00, run_after=2024-06-17T18:02:18.443540+00:00
[2024-06-17T18:02:18.451+0000] {processor.py:179} INFO - Processing /home/airflow/.local/lib/python3.8/site-packages/airflow/example_dags/example_short_circuit_decorator.py took 0.033 seconds
[2024-06-17T18:02:48.996+0000] {processor.py:157} INFO - Started process (PID=729) to work on /home/airflow/.local/lib/python3.8/site-packages/airflow/example_dags/example_short_circuit_decorator.py
[2024-06-17T18:02:48.997+0000] {processor.py:829} INFO - Processing file /home/airflow/.local/lib/python3.8/site-packages/airflow/example_dags/example_short_circuit_decorator.py for tasks to queue
[2024-06-17T18:02:48.998+0000] {logging_mixin.py:151} INFO - [2024-06-17T18:02:48.998+0000] {dagbag.py:539} INFO - Filling up the DagBag from /home/airflow/.local/lib/python3.8/site-packages/airflow/example_dags/example_short_circuit_decorator.py
[2024-06-17T18:02:49.002+0000] {processor.py:839} INFO - DAG(s) dict_keys(['example_short_circuit_decorator']) retrieved from /home/airflow/.local/lib/python3.8/site-packages/airflow/example_dags/example_short_circuit_decorator.py
[2024-06-17T18:02:49.012+0000] {logging_mixin.py:151} INFO - [2024-06-17T18:02:49.011+0000] {dag.py:2907} INFO - Sync 1 DAGs
[2024-06-17T18:02:49.021+0000] {logging_mixin.py:151} INFO - [2024-06-17T18:02:49.021+0000] {dag.py:3677} INFO - Setting next_dagrun for example_short_circuit_decorator to 2024-06-16T18:02:49.020918+00:00, run_after=2024-06-17T18:02:49.020918+00:00
[2024-06-17T18:02:49.028+0000] {processor.py:179} INFO - Processing /home/airflow/.local/lib/python3.8/site-packages/airflow/example_dags/example_short_circuit_decorator.py took 0.033 seconds
[2024-06-17T18:03:19.465+0000] {processor.py:157} INFO - Started process (PID=784) to work on /home/airflow/.local/lib/python3.8/site-packages/airflow/example_dags/example_short_circuit_decorator.py
[2024-06-17T18:03:19.465+0000] {processor.py:829} INFO - Processing file /home/airflow/.local/lib/python3.8/site-packages/airflow/example_dags/example_short_circuit_decorator.py for tasks to queue
[2024-06-17T18:03:19.466+0000] {logging_mixin.py:151} INFO - [2024-06-17T18:03:19.466+0000] {dagbag.py:539} INFO - Filling up the DagBag from /home/airflow/.local/lib/python3.8/site-packages/airflow/example_dags/example_short_circuit_decorator.py
[2024-06-17T18:03:19.470+0000] {processor.py:839} INFO - DAG(s) dict_keys(['example_short_circuit_decorator']) retrieved from /home/airflow/.local/lib/python3.8/site-packages/airflow/example_dags/example_short_circuit_decorator.py
[2024-06-17T18:03:19.480+0000] {logging_mixin.py:151} INFO - [2024-06-17T18:03:19.480+0000] {dag.py:2907} INFO - Sync 1 DAGs
[2024-06-17T18:03:19.489+0000] {logging_mixin.py:151} INFO - [2024-06-17T18:03:19.489+0000] {dag.py:3677} INFO - Setting next_dagrun for example_short_circuit_decorator to 2024-06-16T18:03:19.489436+00:00, run_after=2024-06-17T18:03:19.489436+00:00
[2024-06-17T18:03:19.496+0000] {processor.py:179} INFO - Processing /home/airflow/.local/lib/python3.8/site-packages/airflow/example_dags/example_short_circuit_decorator.py took 0.033 seconds
[2024-06-17T18:03:49.962+0000] {processor.py:157} INFO - Started process (PID=839) to work on /home/airflow/.local/lib/python3.8/site-packages/airflow/example_dags/example_short_circuit_decorator.py
[2024-06-17T18:03:49.962+0000] {processor.py:829} INFO - Processing file /home/airflow/.local/lib/python3.8/site-packages/airflow/example_dags/example_short_circuit_decorator.py for tasks to queue
[2024-06-17T18:03:49.963+0000] {logging_mixin.py:151} INFO - [2024-06-17T18:03:49.963+0000] {dagbag.py:539} INFO - Filling up the DagBag from /home/airflow/.local/lib/python3.8/site-packages/airflow/example_dags/example_short_circuit_decorator.py
[2024-06-17T18:03:49.968+0000] {processor.py:839} INFO - DAG(s) dict_keys(['example_short_circuit_decorator']) retrieved from /home/airflow/.local/lib/python3.8/site-packages/airflow/example_dags/example_short_circuit_decorator.py
[2024-06-17T18:03:49.978+0000] {logging_mixin.py:151} INFO - [2024-06-17T18:03:49.978+0000] {dag.py:2907} INFO - Sync 1 DAGs
[2024-06-17T18:03:49.987+0000] {logging_mixin.py:151} INFO - [2024-06-17T18:03:49.987+0000] {dag.py:3677} INFO - Setting next_dagrun for example_short_circuit_decorator to 2024-06-16T18:03:49.987669+00:00, run_after=2024-06-17T18:03:49.987669+00:00
[2024-06-17T18:03:49.995+0000] {processor.py:179} INFO - Processing /home/airflow/.local/lib/python3.8/site-packages/airflow/example_dags/example_short_circuit_decorator.py took 0.034 seconds
[2024-06-17T18:04:20.483+0000] {processor.py:157} INFO - Started process (PID=894) to work on /home/airflow/.local/lib/python3.8/site-packages/airflow/example_dags/example_short_circuit_decorator.py
[2024-06-17T18:04:20.484+0000] {processor.py:829} INFO - Processing file /home/airflow/.local/lib/python3.8/site-packages/airflow/example_dags/example_short_circuit_decorator.py for tasks to queue
[2024-06-17T18:04:20.485+0000] {logging_mixin.py:151} INFO - [2024-06-17T18:04:20.485+0000] {dagbag.py:539} INFO - Filling up the DagBag from /home/airflow/.local/lib/python3.8/site-packages/airflow/example_dags/example_short_circuit_decorator.py
[2024-06-17T18:04:20.489+0000] {processor.py:839} INFO - DAG(s) dict_keys(['example_short_circuit_decorator']) retrieved from /home/airflow/.local/lib/python3.8/site-packages/airflow/example_dags/example_short_circuit_decorator.py
[2024-06-17T18:04:20.501+0000] {logging_mixin.py:151} INFO - [2024-06-17T18:04:20.501+0000] {dag.py:2907} INFO - Sync 1 DAGs
[2024-06-17T18:04:20.512+0000] {logging_mixin.py:151} INFO - [2024-06-17T18:04:20.512+0000] {dag.py:3677} INFO - Setting next_dagrun for example_short_circuit_decorator to 2024-06-16T18:04:20.512105+00:00, run_after=2024-06-17T18:04:20.512105+00:00
[2024-06-17T18:04:20.522+0000] {processor.py:179} INFO - Processing /home/airflow/.local/lib/python3.8/site-packages/airflow/example_dags/example_short_circuit_decorator.py took 0.041 seconds
[2024-06-17T18:04:44.505+0000] {processor.py:157} INFO - Started process (PID=68) to work on /home/airflow/.local/lib/python3.8/site-packages/airflow/example_dags/example_short_circuit_decorator.py
[2024-06-17T18:04:44.506+0000] {processor.py:829} INFO - Processing file /home/airflow/.local/lib/python3.8/site-packages/airflow/example_dags/example_short_circuit_decorator.py for tasks to queue
[2024-06-17T18:04:44.508+0000] {logging_mixin.py:151} INFO - [2024-06-17T18:04:44.508+0000] {dagbag.py:539} INFO - Filling up the DagBag from /home/airflow/.local/lib/python3.8/site-packages/airflow/example_dags/example_short_circuit_decorator.py
[2024-06-17T18:04:44.518+0000] {processor.py:839} INFO - DAG(s) dict_keys(['example_short_circuit_decorator']) retrieved from /home/airflow/.local/lib/python3.8/site-packages/airflow/example_dags/example_short_circuit_decorator.py
[2024-06-17T18:04:44.536+0000] {logging_mixin.py:151} INFO - [2024-06-17T18:04:44.536+0000] {dag.py:2907} INFO - Sync 1 DAGs
[2024-06-17T18:04:44.554+0000] {logging_mixin.py:151} INFO - [2024-06-17T18:04:44.554+0000] {dag.py:3677} INFO - Setting next_dagrun for example_short_circuit_decorator to 2024-06-16T18:04:44.554556+00:00, run_after=2024-06-17T18:04:44.554556+00:00
[2024-06-17T18:04:44.661+0000] {processor.py:179} INFO - Processing /home/airflow/.local/lib/python3.8/site-packages/airflow/example_dags/example_short_circuit_decorator.py took 0.159 seconds
[2024-06-17T18:05:15.802+0000] {processor.py:157} INFO - Started process (PID=123) to work on /home/airflow/.local/lib/python3.8/site-packages/airflow/example_dags/example_short_circuit_decorator.py
[2024-06-17T18:05:15.803+0000] {processor.py:829} INFO - Processing file /home/airflow/.local/lib/python3.8/site-packages/airflow/example_dags/example_short_circuit_decorator.py for tasks to queue
[2024-06-17T18:05:15.804+0000] {logging_mixin.py:151} INFO - [2024-06-17T18:05:15.804+0000] {dagbag.py:539} INFO - Filling up the DagBag from /home/airflow/.local/lib/python3.8/site-packages/airflow/example_dags/example_short_circuit_decorator.py
[2024-06-17T18:05:15.808+0000] {processor.py:839} INFO - DAG(s) dict_keys(['example_short_circuit_decorator']) retrieved from /home/airflow/.local/lib/python3.8/site-packages/airflow/example_dags/example_short_circuit_decorator.py
[2024-06-17T18:05:15.817+0000] {logging_mixin.py:151} INFO - [2024-06-17T18:05:15.817+0000] {dag.py:2907} INFO - Sync 1 DAGs
[2024-06-17T18:05:15.825+0000] {logging_mixin.py:151} INFO - [2024-06-17T18:05:15.825+0000] {dag.py:3677} INFO - Setting next_dagrun for example_short_circuit_decorator to 2024-06-16T18:05:15.825800+00:00, run_after=2024-06-17T18:05:15.825800+00:00
[2024-06-17T18:05:15.832+0000] {processor.py:179} INFO - Processing /home/airflow/.local/lib/python3.8/site-packages/airflow/example_dags/example_short_circuit_decorator.py took 0.031 seconds
[2024-06-17T18:05:46.478+0000] {processor.py:157} INFO - Started process (PID=178) to work on /home/airflow/.local/lib/python3.8/site-packages/airflow/example_dags/example_short_circuit_decorator.py
[2024-06-17T18:05:46.478+0000] {processor.py:829} INFO - Processing file /home/airflow/.local/lib/python3.8/site-packages/airflow/example_dags/example_short_circuit_decorator.py for tasks to queue
[2024-06-17T18:05:46.479+0000] {logging_mixin.py:151} INFO - [2024-06-17T18:05:46.479+0000] {dagbag.py:539} INFO - Filling up the DagBag from /home/airflow/.local/lib/python3.8/site-packages/airflow/example_dags/example_short_circuit_decorator.py
[2024-06-17T18:05:46.483+0000] {processor.py:839} INFO - DAG(s) dict_keys(['example_short_circuit_decorator']) retrieved from /home/airflow/.local/lib/python3.8/site-packages/airflow/example_dags/example_short_circuit_decorator.py
[2024-06-17T18:05:46.493+0000] {logging_mixin.py:151} INFO - [2024-06-17T18:05:46.492+0000] {dag.py:2907} INFO - Sync 1 DAGs
[2024-06-17T18:05:46.501+0000] {logging_mixin.py:151} INFO - [2024-06-17T18:05:46.501+0000] {dag.py:3677} INFO - Setting next_dagrun for example_short_circuit_decorator to 2024-06-16T18:05:46.501283+00:00, run_after=2024-06-17T18:05:46.501283+00:00
[2024-06-17T18:05:46.507+0000] {processor.py:179} INFO - Processing /home/airflow/.local/lib/python3.8/site-packages/airflow/example_dags/example_short_circuit_decorator.py took 0.031 seconds
[2024-06-17T18:06:17.090+0000] {processor.py:157} INFO - Started process (PID=233) to work on /home/airflow/.local/lib/python3.8/site-packages/airflow/example_dags/example_short_circuit_decorator.py
[2024-06-17T18:06:17.091+0000] {processor.py:829} INFO - Processing file /home/airflow/.local/lib/python3.8/site-packages/airflow/example_dags/example_short_circuit_decorator.py for tasks to queue
[2024-06-17T18:06:17.092+0000] {logging_mixin.py:151} INFO - [2024-06-17T18:06:17.092+0000] {dagbag.py:539} INFO - Filling up the DagBag from /home/airflow/.local/lib/python3.8/site-packages/airflow/example_dags/example_short_circuit_decorator.py
[2024-06-17T18:06:17.096+0000] {processor.py:839} INFO - DAG(s) dict_keys(['example_short_circuit_decorator']) retrieved from /home/airflow/.local/lib/python3.8/site-packages/airflow/example_dags/example_short_circuit_decorator.py
[2024-06-17T18:06:17.105+0000] {logging_mixin.py:151} INFO - [2024-06-17T18:06:17.104+0000] {dag.py:2907} INFO - Sync 1 DAGs
[2024-06-17T18:06:17.113+0000] {logging_mixin.py:151} INFO - [2024-06-17T18:06:17.113+0000] {dag.py:3677} INFO - Setting next_dagrun for example_short_circuit_decorator to 2024-06-16T18:06:17.113311+00:00, run_after=2024-06-17T18:06:17.113311+00:00
[2024-06-17T18:06:17.120+0000] {processor.py:179} INFO - Processing /home/airflow/.local/lib/python3.8/site-packages/airflow/example_dags/example_short_circuit_decorator.py took 0.031 seconds
[2024-06-17T18:06:47.639+0000] {processor.py:157} INFO - Started process (PID=288) to work on /home/airflow/.local/lib/python3.8/site-packages/airflow/example_dags/example_short_circuit_decorator.py
[2024-06-17T18:06:47.639+0000] {processor.py:829} INFO - Processing file /home/airflow/.local/lib/python3.8/site-packages/airflow/example_dags/example_short_circuit_decorator.py for tasks to queue
[2024-06-17T18:06:47.640+0000] {logging_mixin.py:151} INFO - [2024-06-17T18:06:47.640+0000] {dagbag.py:539} INFO - Filling up the DagBag from /home/airflow/.local/lib/python3.8/site-packages/airflow/example_dags/example_short_circuit_decorator.py
[2024-06-17T18:06:47.644+0000] {processor.py:839} INFO - DAG(s) dict_keys(['example_short_circuit_decorator']) retrieved from /home/airflow/.local/lib/python3.8/site-packages/airflow/example_dags/example_short_circuit_decorator.py
[2024-06-17T18:06:47.653+0000] {logging_mixin.py:151} INFO - [2024-06-17T18:06:47.653+0000] {dag.py:2907} INFO - Sync 1 DAGs
[2024-06-17T18:06:47.661+0000] {logging_mixin.py:151} INFO - [2024-06-17T18:06:47.661+0000] {dag.py:3677} INFO - Setting next_dagrun for example_short_circuit_decorator to 2024-06-16T18:06:47.661660+00:00, run_after=2024-06-17T18:06:47.661660+00:00
[2024-06-17T18:06:47.667+0000] {processor.py:179} INFO - Processing /home/airflow/.local/lib/python3.8/site-packages/airflow/example_dags/example_short_circuit_decorator.py took 0.030 seconds
[2024-06-17T18:07:18.049+0000] {processor.py:157} INFO - Started process (PID=343) to work on /home/airflow/.local/lib/python3.8/site-packages/airflow/example_dags/example_short_circuit_decorator.py
[2024-06-17T18:07:18.050+0000] {processor.py:829} INFO - Processing file /home/airflow/.local/lib/python3.8/site-packages/airflow/example_dags/example_short_circuit_decorator.py for tasks to queue
[2024-06-17T18:07:18.051+0000] {logging_mixin.py:151} INFO - [2024-06-17T18:07:18.051+0000] {dagbag.py:539} INFO - Filling up the DagBag from /home/airflow/.local/lib/python3.8/site-packages/airflow/example_dags/example_short_circuit_decorator.py
[2024-06-17T18:07:18.055+0000] {processor.py:839} INFO - DAG(s) dict_keys(['example_short_circuit_decorator']) retrieved from /home/airflow/.local/lib/python3.8/site-packages/airflow/example_dags/example_short_circuit_decorator.py
[2024-06-17T18:07:18.065+0000] {logging_mixin.py:151} INFO - [2024-06-17T18:07:18.065+0000] {dag.py:2907} INFO - Sync 1 DAGs
[2024-06-17T18:07:18.074+0000] {logging_mixin.py:151} INFO - [2024-06-17T18:07:18.074+0000] {dag.py:3677} INFO - Setting next_dagrun for example_short_circuit_decorator to 2024-06-16T18:07:18.074149+00:00, run_after=2024-06-17T18:07:18.074149+00:00
[2024-06-17T18:07:18.081+0000] {processor.py:179} INFO - Processing /home/airflow/.local/lib/python3.8/site-packages/airflow/example_dags/example_short_circuit_decorator.py took 0.033 seconds
