[2024-06-17T17:56:42.944+0000] {processor.py:157} INFO - Started process (PID=74) to work on /home/airflow/.local/lib/python3.8/site-packages/airflow/example_dags/example_branch_operator_decorator.py
[2024-06-17T17:56:42.944+0000] {processor.py:829} INFO - Processing file /home/airflow/.local/lib/python3.8/site-packages/airflow/example_dags/example_branch_operator_decorator.py for tasks to queue
[2024-06-17T17:56:42.946+0000] {logging_mixin.py:151} INFO - [2024-06-17T17:56:42.945+0000] {dagbag.py:539} INFO - Filling up the DagBag from /home/airflow/.local/lib/python3.8/site-packages/airflow/example_dags/example_branch_operator_decorator.py
[2024-06-17T17:56:42.951+0000] {processor.py:839} INFO - DAG(s) dict_keys(['example_branch_python_operator_decorator']) retrieved from /home/airflow/.local/lib/python3.8/site-packages/airflow/example_dags/example_branch_operator_decorator.py
[2024-06-17T17:56:42.999+0000] {logging_mixin.py:151} INFO - [2024-06-17T17:56:42.999+0000] {manager.py:501} INFO - Created Permission View: can delete on DAG:example_branch_python_operator_decorator
[2024-06-17T17:56:43.003+0000] {logging_mixin.py:151} INFO - [2024-06-17T17:56:43.003+0000] {manager.py:501} INFO - Created Permission View: can read on DAG:example_branch_python_operator_decorator
[2024-06-17T17:56:43.006+0000] {logging_mixin.py:151} INFO - [2024-06-17T17:56:43.006+0000] {manager.py:501} INFO - Created Permission View: can edit on DAG:example_branch_python_operator_decorator
[2024-06-17T17:56:43.012+0000] {logging_mixin.py:151} INFO - [2024-06-17T17:56:43.012+0000] {dag.py:2907} INFO - Sync 1 DAGs
[2024-06-17T17:56:43.017+0000] {logging_mixin.py:151} INFO - [2024-06-17T17:56:43.017+0000] {dag.py:2929} INFO - Creating ORM DAG for example_branch_python_operator_decorator
[2024-06-17T17:56:43.021+0000] {logging_mixin.py:151} INFO - [2024-06-17T17:56:43.021+0000] {dag.py:3677} INFO - Setting next_dagrun for example_branch_python_operator_decorator to 2024-06-16T00:00:00+00:00, run_after=2024-06-17T00:00:00+00:00
[2024-06-17T17:56:43.029+0000] {processor.py:179} INFO - Processing /home/airflow/.local/lib/python3.8/site-packages/airflow/example_dags/example_branch_operator_decorator.py took 0.087 seconds
[2024-06-17T17:57:13.089+0000] {processor.py:157} INFO - Started process (PID=129) to work on /home/airflow/.local/lib/python3.8/site-packages/airflow/example_dags/example_branch_operator_decorator.py
[2024-06-17T17:57:13.090+0000] {processor.py:829} INFO - Processing file /home/airflow/.local/lib/python3.8/site-packages/airflow/example_dags/example_branch_operator_decorator.py for tasks to queue
[2024-06-17T17:57:13.091+0000] {logging_mixin.py:151} INFO - [2024-06-17T17:57:13.091+0000] {dagbag.py:539} INFO - Filling up the DagBag from /home/airflow/.local/lib/python3.8/site-packages/airflow/example_dags/example_branch_operator_decorator.py
[2024-06-17T17:57:13.096+0000] {processor.py:839} INFO - DAG(s) dict_keys(['example_branch_python_operator_decorator']) retrieved from /home/airflow/.local/lib/python3.8/site-packages/airflow/example_dags/example_branch_operator_decorator.py
[2024-06-17T17:57:13.105+0000] {logging_mixin.py:151} INFO - [2024-06-17T17:57:13.105+0000] {dag.py:2907} INFO - Sync 1 DAGs
[2024-06-17T17:57:13.115+0000] {logging_mixin.py:151} INFO - [2024-06-17T17:57:13.114+0000] {dag.py:3677} INFO - Setting next_dagrun for example_branch_python_operator_decorator to 2024-06-16T00:00:00+00:00, run_after=2024-06-17T00:00:00+00:00
[2024-06-17T17:57:13.121+0000] {processor.py:179} INFO - Processing /home/airflow/.local/lib/python3.8/site-packages/airflow/example_dags/example_branch_operator_decorator.py took 0.033 seconds
[2024-06-17T17:57:43.677+0000] {processor.py:157} INFO - Started process (PID=184) to work on /home/airflow/.local/lib/python3.8/site-packages/airflow/example_dags/example_branch_operator_decorator.py
[2024-06-17T17:57:43.678+0000] {processor.py:829} INFO - Processing file /home/airflow/.local/lib/python3.8/site-packages/airflow/example_dags/example_branch_operator_decorator.py for tasks to queue
[2024-06-17T17:57:43.679+0000] {logging_mixin.py:151} INFO - [2024-06-17T17:57:43.679+0000] {dagbag.py:539} INFO - Filling up the DagBag from /home/airflow/.local/lib/python3.8/site-packages/airflow/example_dags/example_branch_operator_decorator.py
[2024-06-17T17:57:43.684+0000] {processor.py:839} INFO - DAG(s) dict_keys(['example_branch_python_operator_decorator']) retrieved from /home/airflow/.local/lib/python3.8/site-packages/airflow/example_dags/example_branch_operator_decorator.py
[2024-06-17T17:57:43.693+0000] {logging_mixin.py:151} INFO - [2024-06-17T17:57:43.693+0000] {dag.py:2907} INFO - Sync 1 DAGs
[2024-06-17T17:57:43.702+0000] {logging_mixin.py:151} INFO - [2024-06-17T17:57:43.702+0000] {dag.py:3677} INFO - Setting next_dagrun for example_branch_python_operator_decorator to 2024-06-16T00:00:00+00:00, run_after=2024-06-17T00:00:00+00:00
[2024-06-17T17:57:43.709+0000] {processor.py:179} INFO - Processing /home/airflow/.local/lib/python3.8/site-packages/airflow/example_dags/example_branch_operator_decorator.py took 0.033 seconds
[2024-06-17T17:58:14.236+0000] {processor.py:157} INFO - Started process (PID=239) to work on /home/airflow/.local/lib/python3.8/site-packages/airflow/example_dags/example_branch_operator_decorator.py
[2024-06-17T17:58:14.237+0000] {processor.py:829} INFO - Processing file /home/airflow/.local/lib/python3.8/site-packages/airflow/example_dags/example_branch_operator_decorator.py for tasks to queue
[2024-06-17T17:58:14.238+0000] {logging_mixin.py:151} INFO - [2024-06-17T17:58:14.237+0000] {dagbag.py:539} INFO - Filling up the DagBag from /home/airflow/.local/lib/python3.8/site-packages/airflow/example_dags/example_branch_operator_decorator.py
[2024-06-17T17:58:14.242+0000] {processor.py:839} INFO - DAG(s) dict_keys(['example_branch_python_operator_decorator']) retrieved from /home/airflow/.local/lib/python3.8/site-packages/airflow/example_dags/example_branch_operator_decorator.py
[2024-06-17T17:58:14.251+0000] {logging_mixin.py:151} INFO - [2024-06-17T17:58:14.251+0000] {dag.py:2907} INFO - Sync 1 DAGs
[2024-06-17T17:58:14.260+0000] {logging_mixin.py:151} INFO - [2024-06-17T17:58:14.260+0000] {dag.py:3677} INFO - Setting next_dagrun for example_branch_python_operator_decorator to 2024-06-16T00:00:00+00:00, run_after=2024-06-17T00:00:00+00:00
[2024-06-17T17:58:14.268+0000] {processor.py:179} INFO - Processing /home/airflow/.local/lib/python3.8/site-packages/airflow/example_dags/example_branch_operator_decorator.py took 0.033 seconds
[2024-06-17T17:58:44.756+0000] {processor.py:157} INFO - Started process (PID=294) to work on /home/airflow/.local/lib/python3.8/site-packages/airflow/example_dags/example_branch_operator_decorator.py
[2024-06-17T17:58:44.757+0000] {processor.py:829} INFO - Processing file /home/airflow/.local/lib/python3.8/site-packages/airflow/example_dags/example_branch_operator_decorator.py for tasks to queue
[2024-06-17T17:58:44.758+0000] {logging_mixin.py:151} INFO - [2024-06-17T17:58:44.758+0000] {dagbag.py:539} INFO - Filling up the DagBag from /home/airflow/.local/lib/python3.8/site-packages/airflow/example_dags/example_branch_operator_decorator.py
[2024-06-17T17:58:44.763+0000] {processor.py:839} INFO - DAG(s) dict_keys(['example_branch_python_operator_decorator']) retrieved from /home/airflow/.local/lib/python3.8/site-packages/airflow/example_dags/example_branch_operator_decorator.py
[2024-06-17T17:58:44.772+0000] {logging_mixin.py:151} INFO - [2024-06-17T17:58:44.772+0000] {dag.py:2907} INFO - Sync 1 DAGs
[2024-06-17T17:58:44.781+0000] {logging_mixin.py:151} INFO - [2024-06-17T17:58:44.781+0000] {dag.py:3677} INFO - Setting next_dagrun for example_branch_python_operator_decorator to 2024-06-16T00:00:00+00:00, run_after=2024-06-17T00:00:00+00:00
[2024-06-17T17:58:44.788+0000] {processor.py:179} INFO - Processing /home/airflow/.local/lib/python3.8/site-packages/airflow/example_dags/example_branch_operator_decorator.py took 0.033 seconds
[2024-06-17T17:59:15.276+0000] {processor.py:157} INFO - Started process (PID=349) to work on /home/airflow/.local/lib/python3.8/site-packages/airflow/example_dags/example_branch_operator_decorator.py
[2024-06-17T17:59:15.277+0000] {processor.py:829} INFO - Processing file /home/airflow/.local/lib/python3.8/site-packages/airflow/example_dags/example_branch_operator_decorator.py for tasks to queue
[2024-06-17T17:59:15.278+0000] {logging_mixin.py:151} INFO - [2024-06-17T17:59:15.278+0000] {dagbag.py:539} INFO - Filling up the DagBag from /home/airflow/.local/lib/python3.8/site-packages/airflow/example_dags/example_branch_operator_decorator.py
[2024-06-17T17:59:15.283+0000] {processor.py:839} INFO - DAG(s) dict_keys(['example_branch_python_operator_decorator']) retrieved from /home/airflow/.local/lib/python3.8/site-packages/airflow/example_dags/example_branch_operator_decorator.py
[2024-06-17T17:59:15.292+0000] {logging_mixin.py:151} INFO - [2024-06-17T17:59:15.292+0000] {dag.py:2907} INFO - Sync 1 DAGs
[2024-06-17T17:59:15.301+0000] {logging_mixin.py:151} INFO - [2024-06-17T17:59:15.301+0000] {dag.py:3677} INFO - Setting next_dagrun for example_branch_python_operator_decorator to 2024-06-16T00:00:00+00:00, run_after=2024-06-17T00:00:00+00:00
[2024-06-17T17:59:15.308+0000] {processor.py:179} INFO - Processing /home/airflow/.local/lib/python3.8/site-packages/airflow/example_dags/example_branch_operator_decorator.py took 0.033 seconds
[2024-06-17T17:59:45.792+0000] {processor.py:157} INFO - Started process (PID=404) to work on /home/airflow/.local/lib/python3.8/site-packages/airflow/example_dags/example_branch_operator_decorator.py
[2024-06-17T17:59:45.793+0000] {processor.py:829} INFO - Processing file /home/airflow/.local/lib/python3.8/site-packages/airflow/example_dags/example_branch_operator_decorator.py for tasks to queue
[2024-06-17T17:59:45.793+0000] {logging_mixin.py:151} INFO - [2024-06-17T17:59:45.793+0000] {dagbag.py:539} INFO - Filling up the DagBag from /home/airflow/.local/lib/python3.8/site-packages/airflow/example_dags/example_branch_operator_decorator.py
[2024-06-17T17:59:45.798+0000] {processor.py:839} INFO - DAG(s) dict_keys(['example_branch_python_operator_decorator']) retrieved from /home/airflow/.local/lib/python3.8/site-packages/airflow/example_dags/example_branch_operator_decorator.py
[2024-06-17T17:59:45.808+0000] {logging_mixin.py:151} INFO - [2024-06-17T17:59:45.808+0000] {dag.py:2907} INFO - Sync 1 DAGs
[2024-06-17T17:59:45.817+0000] {logging_mixin.py:151} INFO - [2024-06-17T17:59:45.817+0000] {dag.py:3677} INFO - Setting next_dagrun for example_branch_python_operator_decorator to 2024-06-16T00:00:00+00:00, run_after=2024-06-17T00:00:00+00:00
[2024-06-17T17:59:45.824+0000] {processor.py:179} INFO - Processing /home/airflow/.local/lib/python3.8/site-packages/airflow/example_dags/example_branch_operator_decorator.py took 0.033 seconds
[2024-06-17T18:00:16.322+0000] {processor.py:157} INFO - Started process (PID=459) to work on /home/airflow/.local/lib/python3.8/site-packages/airflow/example_dags/example_branch_operator_decorator.py
[2024-06-17T18:00:16.323+0000] {processor.py:829} INFO - Processing file /home/airflow/.local/lib/python3.8/site-packages/airflow/example_dags/example_branch_operator_decorator.py for tasks to queue
[2024-06-17T18:00:16.324+0000] {logging_mixin.py:151} INFO - [2024-06-17T18:00:16.324+0000] {dagbag.py:539} INFO - Filling up the DagBag from /home/airflow/.local/lib/python3.8/site-packages/airflow/example_dags/example_branch_operator_decorator.py
[2024-06-17T18:00:16.329+0000] {processor.py:839} INFO - DAG(s) dict_keys(['example_branch_python_operator_decorator']) retrieved from /home/airflow/.local/lib/python3.8/site-packages/airflow/example_dags/example_branch_operator_decorator.py
[2024-06-17T18:00:16.337+0000] {logging_mixin.py:151} INFO - [2024-06-17T18:00:16.337+0000] {dag.py:2907} INFO - Sync 1 DAGs
[2024-06-17T18:00:16.346+0000] {logging_mixin.py:151} INFO - [2024-06-17T18:00:16.346+0000] {dag.py:3677} INFO - Setting next_dagrun for example_branch_python_operator_decorator to 2024-06-16T00:00:00+00:00, run_after=2024-06-17T00:00:00+00:00
[2024-06-17T18:00:16.352+0000] {processor.py:179} INFO - Processing /home/airflow/.local/lib/python3.8/site-packages/airflow/example_dags/example_branch_operator_decorator.py took 0.032 seconds
[2024-06-17T18:00:46.844+0000] {processor.py:157} INFO - Started process (PID=514) to work on /home/airflow/.local/lib/python3.8/site-packages/airflow/example_dags/example_branch_operator_decorator.py
[2024-06-17T18:00:46.844+0000] {processor.py:829} INFO - Processing file /home/airflow/.local/lib/python3.8/site-packages/airflow/example_dags/example_branch_operator_decorator.py for tasks to queue
[2024-06-17T18:00:46.845+0000] {logging_mixin.py:151} INFO - [2024-06-17T18:00:46.845+0000] {dagbag.py:539} INFO - Filling up the DagBag from /home/airflow/.local/lib/python3.8/site-packages/airflow/example_dags/example_branch_operator_decorator.py
[2024-06-17T18:00:46.850+0000] {processor.py:839} INFO - DAG(s) dict_keys(['example_branch_python_operator_decorator']) retrieved from /home/airflow/.local/lib/python3.8/site-packages/airflow/example_dags/example_branch_operator_decorator.py
[2024-06-17T18:00:46.860+0000] {logging_mixin.py:151} INFO - [2024-06-17T18:00:46.860+0000] {dag.py:2907} INFO - Sync 1 DAGs
[2024-06-17T18:00:46.870+0000] {logging_mixin.py:151} INFO - [2024-06-17T18:00:46.870+0000] {dag.py:3677} INFO - Setting next_dagrun for example_branch_python_operator_decorator to 2024-06-16T00:00:00+00:00, run_after=2024-06-17T00:00:00+00:00
[2024-06-17T18:00:46.877+0000] {processor.py:179} INFO - Processing /home/airflow/.local/lib/python3.8/site-packages/airflow/example_dags/example_branch_operator_decorator.py took 0.034 seconds
[2024-06-17T18:01:17.440+0000] {processor.py:157} INFO - Started process (PID=569) to work on /home/airflow/.local/lib/python3.8/site-packages/airflow/example_dags/example_branch_operator_decorator.py
[2024-06-17T18:01:17.441+0000] {processor.py:829} INFO - Processing file /home/airflow/.local/lib/python3.8/site-packages/airflow/example_dags/example_branch_operator_decorator.py for tasks to queue
[2024-06-17T18:01:17.442+0000] {logging_mixin.py:151} INFO - [2024-06-17T18:01:17.442+0000] {dagbag.py:539} INFO - Filling up the DagBag from /home/airflow/.local/lib/python3.8/site-packages/airflow/example_dags/example_branch_operator_decorator.py
[2024-06-17T18:01:17.447+0000] {processor.py:839} INFO - DAG(s) dict_keys(['example_branch_python_operator_decorator']) retrieved from /home/airflow/.local/lib/python3.8/site-packages/airflow/example_dags/example_branch_operator_decorator.py
[2024-06-17T18:01:17.456+0000] {logging_mixin.py:151} INFO - [2024-06-17T18:01:17.456+0000] {dag.py:2907} INFO - Sync 1 DAGs
[2024-06-17T18:01:17.465+0000] {logging_mixin.py:151} INFO - [2024-06-17T18:01:17.465+0000] {dag.py:3677} INFO - Setting next_dagrun for example_branch_python_operator_decorator to 2024-06-16T00:00:00+00:00, run_after=2024-06-17T00:00:00+00:00
[2024-06-17T18:01:17.472+0000] {processor.py:179} INFO - Processing /home/airflow/.local/lib/python3.8/site-packages/airflow/example_dags/example_branch_operator_decorator.py took 0.033 seconds
[2024-06-17T18:01:48.000+0000] {processor.py:157} INFO - Started process (PID=624) to work on /home/airflow/.local/lib/python3.8/site-packages/airflow/example_dags/example_branch_operator_decorator.py
[2024-06-17T18:01:48.001+0000] {processor.py:829} INFO - Processing file /home/airflow/.local/lib/python3.8/site-packages/airflow/example_dags/example_branch_operator_decorator.py for tasks to queue
[2024-06-17T18:01:48.002+0000] {logging_mixin.py:151} INFO - [2024-06-17T18:01:48.002+0000] {dagbag.py:539} INFO - Filling up the DagBag from /home/airflow/.local/lib/python3.8/site-packages/airflow/example_dags/example_branch_operator_decorator.py
[2024-06-17T18:01:48.007+0000] {processor.py:839} INFO - DAG(s) dict_keys(['example_branch_python_operator_decorator']) retrieved from /home/airflow/.local/lib/python3.8/site-packages/airflow/example_dags/example_branch_operator_decorator.py
[2024-06-17T18:01:48.018+0000] {logging_mixin.py:151} INFO - [2024-06-17T18:01:48.018+0000] {dag.py:2907} INFO - Sync 1 DAGs
[2024-06-17T18:01:48.029+0000] {logging_mixin.py:151} INFO - [2024-06-17T18:01:48.029+0000] {dag.py:3677} INFO - Setting next_dagrun for example_branch_python_operator_decorator to 2024-06-16T00:00:00+00:00, run_after=2024-06-17T00:00:00+00:00
[2024-06-17T18:01:48.037+0000] {processor.py:179} INFO - Processing /home/airflow/.local/lib/python3.8/site-packages/airflow/example_dags/example_branch_operator_decorator.py took 0.038 seconds
[2024-06-17T18:02:18.538+0000] {processor.py:157} INFO - Started process (PID=679) to work on /home/airflow/.local/lib/python3.8/site-packages/airflow/example_dags/example_branch_operator_decorator.py
[2024-06-17T18:02:18.538+0000] {processor.py:829} INFO - Processing file /home/airflow/.local/lib/python3.8/site-packages/airflow/example_dags/example_branch_operator_decorator.py for tasks to queue
[2024-06-17T18:02:18.539+0000] {logging_mixin.py:151} INFO - [2024-06-17T18:02:18.539+0000] {dagbag.py:539} INFO - Filling up the DagBag from /home/airflow/.local/lib/python3.8/site-packages/airflow/example_dags/example_branch_operator_decorator.py
[2024-06-17T18:02:18.545+0000] {processor.py:839} INFO - DAG(s) dict_keys(['example_branch_python_operator_decorator']) retrieved from /home/airflow/.local/lib/python3.8/site-packages/airflow/example_dags/example_branch_operator_decorator.py
[2024-06-17T18:02:18.555+0000] {logging_mixin.py:151} INFO - [2024-06-17T18:02:18.554+0000] {dag.py:2907} INFO - Sync 1 DAGs
[2024-06-17T18:02:18.564+0000] {logging_mixin.py:151} INFO - [2024-06-17T18:02:18.564+0000] {dag.py:3677} INFO - Setting next_dagrun for example_branch_python_operator_decorator to 2024-06-16T00:00:00+00:00, run_after=2024-06-17T00:00:00+00:00
[2024-06-17T18:02:18.570+0000] {processor.py:179} INFO - Processing /home/airflow/.local/lib/python3.8/site-packages/airflow/example_dags/example_branch_operator_decorator.py took 0.034 seconds
[2024-06-17T18:02:49.110+0000] {processor.py:157} INFO - Started process (PID=734) to work on /home/airflow/.local/lib/python3.8/site-packages/airflow/example_dags/example_branch_operator_decorator.py
[2024-06-17T18:02:49.110+0000] {processor.py:829} INFO - Processing file /home/airflow/.local/lib/python3.8/site-packages/airflow/example_dags/example_branch_operator_decorator.py for tasks to queue
[2024-06-17T18:02:49.111+0000] {logging_mixin.py:151} INFO - [2024-06-17T18:02:49.111+0000] {dagbag.py:539} INFO - Filling up the DagBag from /home/airflow/.local/lib/python3.8/site-packages/airflow/example_dags/example_branch_operator_decorator.py
[2024-06-17T18:02:49.116+0000] {processor.py:839} INFO - DAG(s) dict_keys(['example_branch_python_operator_decorator']) retrieved from /home/airflow/.local/lib/python3.8/site-packages/airflow/example_dags/example_branch_operator_decorator.py
[2024-06-17T18:02:49.125+0000] {logging_mixin.py:151} INFO - [2024-06-17T18:02:49.125+0000] {dag.py:2907} INFO - Sync 1 DAGs
[2024-06-17T18:02:49.134+0000] {logging_mixin.py:151} INFO - [2024-06-17T18:02:49.134+0000] {dag.py:3677} INFO - Setting next_dagrun for example_branch_python_operator_decorator to 2024-06-16T00:00:00+00:00, run_after=2024-06-17T00:00:00+00:00
[2024-06-17T18:02:49.141+0000] {processor.py:179} INFO - Processing /home/airflow/.local/lib/python3.8/site-packages/airflow/example_dags/example_branch_operator_decorator.py took 0.033 seconds
[2024-06-17T18:03:19.576+0000] {processor.py:157} INFO - Started process (PID=789) to work on /home/airflow/.local/lib/python3.8/site-packages/airflow/example_dags/example_branch_operator_decorator.py
[2024-06-17T18:03:19.576+0000] {processor.py:829} INFO - Processing file /home/airflow/.local/lib/python3.8/site-packages/airflow/example_dags/example_branch_operator_decorator.py for tasks to queue
[2024-06-17T18:03:19.577+0000] {logging_mixin.py:151} INFO - [2024-06-17T18:03:19.577+0000] {dagbag.py:539} INFO - Filling up the DagBag from /home/airflow/.local/lib/python3.8/site-packages/airflow/example_dags/example_branch_operator_decorator.py
[2024-06-17T18:03:19.582+0000] {processor.py:839} INFO - DAG(s) dict_keys(['example_branch_python_operator_decorator']) retrieved from /home/airflow/.local/lib/python3.8/site-packages/airflow/example_dags/example_branch_operator_decorator.py
[2024-06-17T18:03:19.591+0000] {logging_mixin.py:151} INFO - [2024-06-17T18:03:19.591+0000] {dag.py:2907} INFO - Sync 1 DAGs
[2024-06-17T18:03:19.601+0000] {logging_mixin.py:151} INFO - [2024-06-17T18:03:19.600+0000] {dag.py:3677} INFO - Setting next_dagrun for example_branch_python_operator_decorator to 2024-06-16T00:00:00+00:00, run_after=2024-06-17T00:00:00+00:00
[2024-06-17T18:03:19.607+0000] {processor.py:179} INFO - Processing /home/airflow/.local/lib/python3.8/site-packages/airflow/example_dags/example_branch_operator_decorator.py took 0.033 seconds
[2024-06-17T18:03:50.079+0000] {processor.py:157} INFO - Started process (PID=844) to work on /home/airflow/.local/lib/python3.8/site-packages/airflow/example_dags/example_branch_operator_decorator.py
[2024-06-17T18:03:50.080+0000] {processor.py:829} INFO - Processing file /home/airflow/.local/lib/python3.8/site-packages/airflow/example_dags/example_branch_operator_decorator.py for tasks to queue
[2024-06-17T18:03:50.081+0000] {logging_mixin.py:151} INFO - [2024-06-17T18:03:50.081+0000] {dagbag.py:539} INFO - Filling up the DagBag from /home/airflow/.local/lib/python3.8/site-packages/airflow/example_dags/example_branch_operator_decorator.py
[2024-06-17T18:03:50.086+0000] {processor.py:839} INFO - DAG(s) dict_keys(['example_branch_python_operator_decorator']) retrieved from /home/airflow/.local/lib/python3.8/site-packages/airflow/example_dags/example_branch_operator_decorator.py
[2024-06-17T18:03:50.096+0000] {logging_mixin.py:151} INFO - [2024-06-17T18:03:50.096+0000] {dag.py:2907} INFO - Sync 1 DAGs
[2024-06-17T18:03:50.106+0000] {logging_mixin.py:151} INFO - [2024-06-17T18:03:50.106+0000] {dag.py:3677} INFO - Setting next_dagrun for example_branch_python_operator_decorator to 2024-06-16T00:00:00+00:00, run_after=2024-06-17T00:00:00+00:00
[2024-06-17T18:03:50.112+0000] {processor.py:179} INFO - Processing /home/airflow/.local/lib/python3.8/site-packages/airflow/example_dags/example_branch_operator_decorator.py took 0.035 seconds
[2024-06-17T18:04:20.628+0000] {processor.py:157} INFO - Started process (PID=899) to work on /home/airflow/.local/lib/python3.8/site-packages/airflow/example_dags/example_branch_operator_decorator.py
[2024-06-17T18:04:20.628+0000] {processor.py:829} INFO - Processing file /home/airflow/.local/lib/python3.8/site-packages/airflow/example_dags/example_branch_operator_decorator.py for tasks to queue
[2024-06-17T18:04:20.630+0000] {logging_mixin.py:151} INFO - [2024-06-17T18:04:20.629+0000] {dagbag.py:539} INFO - Filling up the DagBag from /home/airflow/.local/lib/python3.8/site-packages/airflow/example_dags/example_branch_operator_decorator.py
[2024-06-17T18:04:20.634+0000] {processor.py:839} INFO - DAG(s) dict_keys(['example_branch_python_operator_decorator']) retrieved from /home/airflow/.local/lib/python3.8/site-packages/airflow/example_dags/example_branch_operator_decorator.py
[2024-06-17T18:04:20.644+0000] {logging_mixin.py:151} INFO - [2024-06-17T18:04:20.644+0000] {dag.py:2907} INFO - Sync 1 DAGs
[2024-06-17T18:04:20.654+0000] {logging_mixin.py:151} INFO - [2024-06-17T18:04:20.654+0000] {dag.py:3677} INFO - Setting next_dagrun for example_branch_python_operator_decorator to 2024-06-16T00:00:00+00:00, run_after=2024-06-17T00:00:00+00:00
[2024-06-17T18:04:20.662+0000] {processor.py:179} INFO - Processing /home/airflow/.local/lib/python3.8/site-packages/airflow/example_dags/example_branch_operator_decorator.py took 0.035 seconds
[2024-06-17T18:04:44.949+0000] {processor.py:157} INFO - Started process (PID=73) to work on /home/airflow/.local/lib/python3.8/site-packages/airflow/example_dags/example_branch_operator_decorator.py
[2024-06-17T18:04:44.950+0000] {processor.py:829} INFO - Processing file /home/airflow/.local/lib/python3.8/site-packages/airflow/example_dags/example_branch_operator_decorator.py for tasks to queue
[2024-06-17T18:04:44.951+0000] {logging_mixin.py:151} INFO - [2024-06-17T18:04:44.951+0000] {dagbag.py:539} INFO - Filling up the DagBag from /home/airflow/.local/lib/python3.8/site-packages/airflow/example_dags/example_branch_operator_decorator.py
[2024-06-17T18:04:44.957+0000] {processor.py:839} INFO - DAG(s) dict_keys(['example_branch_python_operator_decorator']) retrieved from /home/airflow/.local/lib/python3.8/site-packages/airflow/example_dags/example_branch_operator_decorator.py
[2024-06-17T18:04:44.965+0000] {logging_mixin.py:151} INFO - [2024-06-17T18:04:44.965+0000] {dag.py:2907} INFO - Sync 1 DAGs
[2024-06-17T18:04:45.087+0000] {logging_mixin.py:151} INFO - [2024-06-17T18:04:45.087+0000] {dag.py:3677} INFO - Setting next_dagrun for example_branch_python_operator_decorator to 2024-06-16T00:00:00+00:00, run_after=2024-06-17T00:00:00+00:00
[2024-06-17T18:04:45.096+0000] {processor.py:179} INFO - Processing /home/airflow/.local/lib/python3.8/site-packages/airflow/example_dags/example_branch_operator_decorator.py took 0.149 seconds
[2024-06-17T18:05:15.930+0000] {processor.py:157} INFO - Started process (PID=128) to work on /home/airflow/.local/lib/python3.8/site-packages/airflow/example_dags/example_branch_operator_decorator.py
[2024-06-17T18:05:15.931+0000] {processor.py:829} INFO - Processing file /home/airflow/.local/lib/python3.8/site-packages/airflow/example_dags/example_branch_operator_decorator.py for tasks to queue
[2024-06-17T18:05:15.931+0000] {logging_mixin.py:151} INFO - [2024-06-17T18:05:15.931+0000] {dagbag.py:539} INFO - Filling up the DagBag from /home/airflow/.local/lib/python3.8/site-packages/airflow/example_dags/example_branch_operator_decorator.py
[2024-06-17T18:05:15.936+0000] {processor.py:839} INFO - DAG(s) dict_keys(['example_branch_python_operator_decorator']) retrieved from /home/airflow/.local/lib/python3.8/site-packages/airflow/example_dags/example_branch_operator_decorator.py
[2024-06-17T18:05:15.945+0000] {logging_mixin.py:151} INFO - [2024-06-17T18:05:15.945+0000] {dag.py:2907} INFO - Sync 1 DAGs
[2024-06-17T18:05:15.953+0000] {logging_mixin.py:151} INFO - [2024-06-17T18:05:15.953+0000] {dag.py:3677} INFO - Setting next_dagrun for example_branch_python_operator_decorator to 2024-06-16T00:00:00+00:00, run_after=2024-06-17T00:00:00+00:00
[2024-06-17T18:05:15.961+0000] {processor.py:179} INFO - Processing /home/airflow/.local/lib/python3.8/site-packages/airflow/example_dags/example_branch_operator_decorator.py took 0.032 seconds
[2024-06-17T18:05:46.607+0000] {processor.py:157} INFO - Started process (PID=183) to work on /home/airflow/.local/lib/python3.8/site-packages/airflow/example_dags/example_branch_operator_decorator.py
[2024-06-17T18:05:46.607+0000] {processor.py:829} INFO - Processing file /home/airflow/.local/lib/python3.8/site-packages/airflow/example_dags/example_branch_operator_decorator.py for tasks to queue
[2024-06-17T18:05:46.608+0000] {logging_mixin.py:151} INFO - [2024-06-17T18:05:46.608+0000] {dagbag.py:539} INFO - Filling up the DagBag from /home/airflow/.local/lib/python3.8/site-packages/airflow/example_dags/example_branch_operator_decorator.py
[2024-06-17T18:05:46.612+0000] {processor.py:839} INFO - DAG(s) dict_keys(['example_branch_python_operator_decorator']) retrieved from /home/airflow/.local/lib/python3.8/site-packages/airflow/example_dags/example_branch_operator_decorator.py
[2024-06-17T18:05:46.621+0000] {logging_mixin.py:151} INFO - [2024-06-17T18:05:46.621+0000] {dag.py:2907} INFO - Sync 1 DAGs
[2024-06-17T18:05:46.630+0000] {logging_mixin.py:151} INFO - [2024-06-17T18:05:46.630+0000] {dag.py:3677} INFO - Setting next_dagrun for example_branch_python_operator_decorator to 2024-06-16T00:00:00+00:00, run_after=2024-06-17T00:00:00+00:00
[2024-06-17T18:05:46.637+0000] {processor.py:179} INFO - Processing /home/airflow/.local/lib/python3.8/site-packages/airflow/example_dags/example_branch_operator_decorator.py took 0.032 seconds
[2024-06-17T18:06:17.218+0000] {processor.py:157} INFO - Started process (PID=238) to work on /home/airflow/.local/lib/python3.8/site-packages/airflow/example_dags/example_branch_operator_decorator.py
[2024-06-17T18:06:17.218+0000] {processor.py:829} INFO - Processing file /home/airflow/.local/lib/python3.8/site-packages/airflow/example_dags/example_branch_operator_decorator.py for tasks to queue
[2024-06-17T18:06:17.219+0000] {logging_mixin.py:151} INFO - [2024-06-17T18:06:17.219+0000] {dagbag.py:539} INFO - Filling up the DagBag from /home/airflow/.local/lib/python3.8/site-packages/airflow/example_dags/example_branch_operator_decorator.py
[2024-06-17T18:06:17.224+0000] {processor.py:839} INFO - DAG(s) dict_keys(['example_branch_python_operator_decorator']) retrieved from /home/airflow/.local/lib/python3.8/site-packages/airflow/example_dags/example_branch_operator_decorator.py
[2024-06-17T18:06:17.232+0000] {logging_mixin.py:151} INFO - [2024-06-17T18:06:17.232+0000] {dag.py:2907} INFO - Sync 1 DAGs
[2024-06-17T18:06:17.242+0000] {logging_mixin.py:151} INFO - [2024-06-17T18:06:17.242+0000] {dag.py:3677} INFO - Setting next_dagrun for example_branch_python_operator_decorator to 2024-06-16T00:00:00+00:00, run_after=2024-06-17T00:00:00+00:00
[2024-06-17T18:06:17.248+0000] {processor.py:179} INFO - Processing /home/airflow/.local/lib/python3.8/site-packages/airflow/example_dags/example_branch_operator_decorator.py took 0.032 seconds
[2024-06-17T18:06:47.758+0000] {processor.py:157} INFO - Started process (PID=293) to work on /home/airflow/.local/lib/python3.8/site-packages/airflow/example_dags/example_branch_operator_decorator.py
[2024-06-17T18:06:47.759+0000] {processor.py:829} INFO - Processing file /home/airflow/.local/lib/python3.8/site-packages/airflow/example_dags/example_branch_operator_decorator.py for tasks to queue
[2024-06-17T18:06:47.760+0000] {logging_mixin.py:151} INFO - [2024-06-17T18:06:47.760+0000] {dagbag.py:539} INFO - Filling up the DagBag from /home/airflow/.local/lib/python3.8/site-packages/airflow/example_dags/example_branch_operator_decorator.py
[2024-06-17T18:06:47.765+0000] {processor.py:839} INFO - DAG(s) dict_keys(['example_branch_python_operator_decorator']) retrieved from /home/airflow/.local/lib/python3.8/site-packages/airflow/example_dags/example_branch_operator_decorator.py
[2024-06-17T18:06:47.774+0000] {logging_mixin.py:151} INFO - [2024-06-17T18:06:47.774+0000] {dag.py:2907} INFO - Sync 1 DAGs
[2024-06-17T18:06:47.783+0000] {logging_mixin.py:151} INFO - [2024-06-17T18:06:47.783+0000] {dag.py:3677} INFO - Setting next_dagrun for example_branch_python_operator_decorator to 2024-06-16T00:00:00+00:00, run_after=2024-06-17T00:00:00+00:00
[2024-06-17T18:06:47.789+0000] {processor.py:179} INFO - Processing /home/airflow/.local/lib/python3.8/site-packages/airflow/example_dags/example_branch_operator_decorator.py took 0.033 seconds
[2024-06-17T18:07:18.147+0000] {processor.py:157} INFO - Started process (PID=348) to work on /home/airflow/.local/lib/python3.8/site-packages/airflow/example_dags/example_branch_operator_decorator.py
[2024-06-17T18:07:18.147+0000] {processor.py:829} INFO - Processing file /home/airflow/.local/lib/python3.8/site-packages/airflow/example_dags/example_branch_operator_decorator.py for tasks to queue
[2024-06-17T18:07:18.148+0000] {logging_mixin.py:151} INFO - [2024-06-17T18:07:18.148+0000] {dagbag.py:539} INFO - Filling up the DagBag from /home/airflow/.local/lib/python3.8/site-packages/airflow/example_dags/example_branch_operator_decorator.py
[2024-06-17T18:07:18.153+0000] {processor.py:839} INFO - DAG(s) dict_keys(['example_branch_python_operator_decorator']) retrieved from /home/airflow/.local/lib/python3.8/site-packages/airflow/example_dags/example_branch_operator_decorator.py
[2024-06-17T18:07:18.163+0000] {logging_mixin.py:151} INFO - [2024-06-17T18:07:18.163+0000] {dag.py:2907} INFO - Sync 1 DAGs
[2024-06-17T18:07:18.172+0000] {logging_mixin.py:151} INFO - [2024-06-17T18:07:18.172+0000] {dag.py:3677} INFO - Setting next_dagrun for example_branch_python_operator_decorator to 2024-06-16T00:00:00+00:00, run_after=2024-06-17T00:00:00+00:00
[2024-06-17T18:07:18.179+0000] {processor.py:179} INFO - Processing /home/airflow/.local/lib/python3.8/site-packages/airflow/example_dags/example_branch_operator_decorator.py took 0.034 seconds
