[2024-06-17T17:56:40.795+0000] {processor.py:157} INFO - Started process (PID=51) to work on /home/airflow/.local/lib/python3.8/site-packages/airflow/example_dags/example_nested_branch_dag.py
[2024-06-17T17:56:40.796+0000] {processor.py:829} INFO - Processing file /home/airflow/.local/lib/python3.8/site-packages/airflow/example_dags/example_nested_branch_dag.py for tasks to queue
[2024-06-17T17:56:40.797+0000] {logging_mixin.py:151} INFO - [2024-06-17T17:56:40.797+0000] {dagbag.py:539} INFO - Filling up the DagBag from /home/airflow/.local/lib/python3.8/site-packages/airflow/example_dags/example_nested_branch_dag.py
[2024-06-17T17:56:40.802+0000] {processor.py:839} INFO - DAG(s) dict_keys(['example_nested_branch_dag']) retrieved from /home/airflow/.local/lib/python3.8/site-packages/airflow/example_dags/example_nested_branch_dag.py
[2024-06-17T17:56:40.935+0000] {logging_mixin.py:151} INFO - [2024-06-17T17:56:40.935+0000] {manager.py:501} INFO - Created Permission View: can delete on DAG:example_nested_branch_dag
[2024-06-17T17:56:40.939+0000] {logging_mixin.py:151} INFO - [2024-06-17T17:56:40.939+0000] {manager.py:501} INFO - Created Permission View: can read on DAG:example_nested_branch_dag
[2024-06-17T17:56:40.942+0000] {logging_mixin.py:151} INFO - [2024-06-17T17:56:40.942+0000] {manager.py:501} INFO - Created Permission View: can edit on DAG:example_nested_branch_dag
[2024-06-17T17:56:40.947+0000] {logging_mixin.py:151} INFO - [2024-06-17T17:56:40.947+0000] {dag.py:2907} INFO - Sync 1 DAGs
[2024-06-17T17:56:40.951+0000] {logging_mixin.py:151} INFO - [2024-06-17T17:56:40.951+0000] {dag.py:2929} INFO - Creating ORM DAG for example_nested_branch_dag
[2024-06-17T17:56:40.956+0000] {logging_mixin.py:151} INFO - [2024-06-17T17:56:40.956+0000] {dag.py:3677} INFO - Setting next_dagrun for example_nested_branch_dag to 2024-06-16T00:00:00+00:00, run_after=2024-06-17T00:00:00+00:00
[2024-06-17T17:56:40.961+0000] {processor.py:179} INFO - Processing /home/airflow/.local/lib/python3.8/site-packages/airflow/example_dags/example_nested_branch_dag.py took 0.168 seconds
[2024-06-17T17:57:11.483+0000] {processor.py:157} INFO - Started process (PID=106) to work on /home/airflow/.local/lib/python3.8/site-packages/airflow/example_dags/example_nested_branch_dag.py
[2024-06-17T17:57:11.484+0000] {processor.py:829} INFO - Processing file /home/airflow/.local/lib/python3.8/site-packages/airflow/example_dags/example_nested_branch_dag.py for tasks to queue
[2024-06-17T17:57:11.485+0000] {logging_mixin.py:151} INFO - [2024-06-17T17:57:11.485+0000] {dagbag.py:539} INFO - Filling up the DagBag from /home/airflow/.local/lib/python3.8/site-packages/airflow/example_dags/example_nested_branch_dag.py
[2024-06-17T17:57:11.489+0000] {processor.py:839} INFO - DAG(s) dict_keys(['example_nested_branch_dag']) retrieved from /home/airflow/.local/lib/python3.8/site-packages/airflow/example_dags/example_nested_branch_dag.py
[2024-06-17T17:57:11.497+0000] {logging_mixin.py:151} INFO - [2024-06-17T17:57:11.497+0000] {dag.py:2907} INFO - Sync 1 DAGs
[2024-06-17T17:57:11.506+0000] {logging_mixin.py:151} INFO - [2024-06-17T17:57:11.506+0000] {dag.py:3677} INFO - Setting next_dagrun for example_nested_branch_dag to 2024-06-16T00:00:00+00:00, run_after=2024-06-17T00:00:00+00:00
[2024-06-17T17:57:11.512+0000] {processor.py:179} INFO - Processing /home/airflow/.local/lib/python3.8/site-packages/airflow/example_dags/example_nested_branch_dag.py took 0.031 seconds
[2024-06-17T17:57:42.051+0000] {processor.py:157} INFO - Started process (PID=161) to work on /home/airflow/.local/lib/python3.8/site-packages/airflow/example_dags/example_nested_branch_dag.py
[2024-06-17T17:57:42.051+0000] {processor.py:829} INFO - Processing file /home/airflow/.local/lib/python3.8/site-packages/airflow/example_dags/example_nested_branch_dag.py for tasks to queue
[2024-06-17T17:57:42.052+0000] {logging_mixin.py:151} INFO - [2024-06-17T17:57:42.052+0000] {dagbag.py:539} INFO - Filling up the DagBag from /home/airflow/.local/lib/python3.8/site-packages/airflow/example_dags/example_nested_branch_dag.py
[2024-06-17T17:57:42.057+0000] {processor.py:839} INFO - DAG(s) dict_keys(['example_nested_branch_dag']) retrieved from /home/airflow/.local/lib/python3.8/site-packages/airflow/example_dags/example_nested_branch_dag.py
[2024-06-17T17:57:42.065+0000] {logging_mixin.py:151} INFO - [2024-06-17T17:57:42.065+0000] {dag.py:2907} INFO - Sync 1 DAGs
[2024-06-17T17:57:42.074+0000] {logging_mixin.py:151} INFO - [2024-06-17T17:57:42.074+0000] {dag.py:3677} INFO - Setting next_dagrun for example_nested_branch_dag to 2024-06-16T00:00:00+00:00, run_after=2024-06-17T00:00:00+00:00
[2024-06-17T17:57:42.081+0000] {processor.py:179} INFO - Processing /home/airflow/.local/lib/python3.8/site-packages/airflow/example_dags/example_nested_branch_dag.py took 0.032 seconds
[2024-06-17T17:58:12.592+0000] {processor.py:157} INFO - Started process (PID=216) to work on /home/airflow/.local/lib/python3.8/site-packages/airflow/example_dags/example_nested_branch_dag.py
[2024-06-17T17:58:12.592+0000] {processor.py:829} INFO - Processing file /home/airflow/.local/lib/python3.8/site-packages/airflow/example_dags/example_nested_branch_dag.py for tasks to queue
[2024-06-17T17:58:12.593+0000] {logging_mixin.py:151} INFO - [2024-06-17T17:58:12.593+0000] {dagbag.py:539} INFO - Filling up the DagBag from /home/airflow/.local/lib/python3.8/site-packages/airflow/example_dags/example_nested_branch_dag.py
[2024-06-17T17:58:12.598+0000] {processor.py:839} INFO - DAG(s) dict_keys(['example_nested_branch_dag']) retrieved from /home/airflow/.local/lib/python3.8/site-packages/airflow/example_dags/example_nested_branch_dag.py
[2024-06-17T17:58:12.606+0000] {logging_mixin.py:151} INFO - [2024-06-17T17:58:12.606+0000] {dag.py:2907} INFO - Sync 1 DAGs
[2024-06-17T17:58:12.615+0000] {logging_mixin.py:151} INFO - [2024-06-17T17:58:12.615+0000] {dag.py:3677} INFO - Setting next_dagrun for example_nested_branch_dag to 2024-06-16T00:00:00+00:00, run_after=2024-06-17T00:00:00+00:00
[2024-06-17T17:58:12.621+0000] {processor.py:179} INFO - Processing /home/airflow/.local/lib/python3.8/site-packages/airflow/example_dags/example_nested_branch_dag.py took 0.030 seconds
[2024-06-17T17:58:43.134+0000] {processor.py:157} INFO - Started process (PID=271) to work on /home/airflow/.local/lib/python3.8/site-packages/airflow/example_dags/example_nested_branch_dag.py
[2024-06-17T17:58:43.135+0000] {processor.py:829} INFO - Processing file /home/airflow/.local/lib/python3.8/site-packages/airflow/example_dags/example_nested_branch_dag.py for tasks to queue
[2024-06-17T17:58:43.136+0000] {logging_mixin.py:151} INFO - [2024-06-17T17:58:43.136+0000] {dagbag.py:539} INFO - Filling up the DagBag from /home/airflow/.local/lib/python3.8/site-packages/airflow/example_dags/example_nested_branch_dag.py
[2024-06-17T17:58:43.140+0000] {processor.py:839} INFO - DAG(s) dict_keys(['example_nested_branch_dag']) retrieved from /home/airflow/.local/lib/python3.8/site-packages/airflow/example_dags/example_nested_branch_dag.py
[2024-06-17T17:58:43.149+0000] {logging_mixin.py:151} INFO - [2024-06-17T17:58:43.149+0000] {dag.py:2907} INFO - Sync 1 DAGs
[2024-06-17T17:58:43.158+0000] {logging_mixin.py:151} INFO - [2024-06-17T17:58:43.158+0000] {dag.py:3677} INFO - Setting next_dagrun for example_nested_branch_dag to 2024-06-16T00:00:00+00:00, run_after=2024-06-17T00:00:00+00:00
[2024-06-17T17:58:43.165+0000] {processor.py:179} INFO - Processing /home/airflow/.local/lib/python3.8/site-packages/airflow/example_dags/example_nested_branch_dag.py took 0.032 seconds
[2024-06-17T17:59:13.682+0000] {processor.py:157} INFO - Started process (PID=326) to work on /home/airflow/.local/lib/python3.8/site-packages/airflow/example_dags/example_nested_branch_dag.py
[2024-06-17T17:59:13.682+0000] {processor.py:829} INFO - Processing file /home/airflow/.local/lib/python3.8/site-packages/airflow/example_dags/example_nested_branch_dag.py for tasks to queue
[2024-06-17T17:59:13.683+0000] {logging_mixin.py:151} INFO - [2024-06-17T17:59:13.683+0000] {dagbag.py:539} INFO - Filling up the DagBag from /home/airflow/.local/lib/python3.8/site-packages/airflow/example_dags/example_nested_branch_dag.py
[2024-06-17T17:59:13.688+0000] {processor.py:839} INFO - DAG(s) dict_keys(['example_nested_branch_dag']) retrieved from /home/airflow/.local/lib/python3.8/site-packages/airflow/example_dags/example_nested_branch_dag.py
[2024-06-17T17:59:13.696+0000] {logging_mixin.py:151} INFO - [2024-06-17T17:59:13.696+0000] {dag.py:2907} INFO - Sync 1 DAGs
[2024-06-17T17:59:13.705+0000] {logging_mixin.py:151} INFO - [2024-06-17T17:59:13.705+0000] {dag.py:3677} INFO - Setting next_dagrun for example_nested_branch_dag to 2024-06-16T00:00:00+00:00, run_after=2024-06-17T00:00:00+00:00
[2024-06-17T17:59:13.711+0000] {processor.py:179} INFO - Processing /home/airflow/.local/lib/python3.8/site-packages/airflow/example_dags/example_nested_branch_dag.py took 0.031 seconds
[2024-06-17T17:59:44.149+0000] {processor.py:157} INFO - Started process (PID=381) to work on /home/airflow/.local/lib/python3.8/site-packages/airflow/example_dags/example_nested_branch_dag.py
[2024-06-17T17:59:44.150+0000] {processor.py:829} INFO - Processing file /home/airflow/.local/lib/python3.8/site-packages/airflow/example_dags/example_nested_branch_dag.py for tasks to queue
[2024-06-17T17:59:44.151+0000] {logging_mixin.py:151} INFO - [2024-06-17T17:59:44.151+0000] {dagbag.py:539} INFO - Filling up the DagBag from /home/airflow/.local/lib/python3.8/site-packages/airflow/example_dags/example_nested_branch_dag.py
[2024-06-17T17:59:44.156+0000] {processor.py:839} INFO - DAG(s) dict_keys(['example_nested_branch_dag']) retrieved from /home/airflow/.local/lib/python3.8/site-packages/airflow/example_dags/example_nested_branch_dag.py
[2024-06-17T17:59:44.164+0000] {logging_mixin.py:151} INFO - [2024-06-17T17:59:44.164+0000] {dag.py:2907} INFO - Sync 1 DAGs
[2024-06-17T17:59:44.173+0000] {logging_mixin.py:151} INFO - [2024-06-17T17:59:44.173+0000] {dag.py:3677} INFO - Setting next_dagrun for example_nested_branch_dag to 2024-06-16T00:00:00+00:00, run_after=2024-06-17T00:00:00+00:00
[2024-06-17T17:59:44.179+0000] {processor.py:179} INFO - Processing /home/airflow/.local/lib/python3.8/site-packages/airflow/example_dags/example_nested_branch_dag.py took 0.031 seconds
[2024-06-17T18:00:14.669+0000] {processor.py:157} INFO - Started process (PID=436) to work on /home/airflow/.local/lib/python3.8/site-packages/airflow/example_dags/example_nested_branch_dag.py
[2024-06-17T18:00:14.669+0000] {processor.py:829} INFO - Processing file /home/airflow/.local/lib/python3.8/site-packages/airflow/example_dags/example_nested_branch_dag.py for tasks to queue
[2024-06-17T18:00:14.670+0000] {logging_mixin.py:151} INFO - [2024-06-17T18:00:14.670+0000] {dagbag.py:539} INFO - Filling up the DagBag from /home/airflow/.local/lib/python3.8/site-packages/airflow/example_dags/example_nested_branch_dag.py
[2024-06-17T18:00:14.675+0000] {processor.py:839} INFO - DAG(s) dict_keys(['example_nested_branch_dag']) retrieved from /home/airflow/.local/lib/python3.8/site-packages/airflow/example_dags/example_nested_branch_dag.py
[2024-06-17T18:00:14.683+0000] {logging_mixin.py:151} INFO - [2024-06-17T18:00:14.683+0000] {dag.py:2907} INFO - Sync 1 DAGs
[2024-06-17T18:00:14.692+0000] {logging_mixin.py:151} INFO - [2024-06-17T18:00:14.692+0000] {dag.py:3677} INFO - Setting next_dagrun for example_nested_branch_dag to 2024-06-16T00:00:00+00:00, run_after=2024-06-17T00:00:00+00:00
[2024-06-17T18:00:14.698+0000] {processor.py:179} INFO - Processing /home/airflow/.local/lib/python3.8/site-packages/airflow/example_dags/example_nested_branch_dag.py took 0.031 seconds
[2024-06-17T18:00:45.199+0000] {processor.py:157} INFO - Started process (PID=491) to work on /home/airflow/.local/lib/python3.8/site-packages/airflow/example_dags/example_nested_branch_dag.py
[2024-06-17T18:00:45.199+0000] {processor.py:829} INFO - Processing file /home/airflow/.local/lib/python3.8/site-packages/airflow/example_dags/example_nested_branch_dag.py for tasks to queue
[2024-06-17T18:00:45.200+0000] {logging_mixin.py:151} INFO - [2024-06-17T18:00:45.200+0000] {dagbag.py:539} INFO - Filling up the DagBag from /home/airflow/.local/lib/python3.8/site-packages/airflow/example_dags/example_nested_branch_dag.py
[2024-06-17T18:00:45.205+0000] {processor.py:839} INFO - DAG(s) dict_keys(['example_nested_branch_dag']) retrieved from /home/airflow/.local/lib/python3.8/site-packages/airflow/example_dags/example_nested_branch_dag.py
[2024-06-17T18:00:45.214+0000] {logging_mixin.py:151} INFO - [2024-06-17T18:00:45.213+0000] {dag.py:2907} INFO - Sync 1 DAGs
[2024-06-17T18:00:45.223+0000] {logging_mixin.py:151} INFO - [2024-06-17T18:00:45.223+0000] {dag.py:3677} INFO - Setting next_dagrun for example_nested_branch_dag to 2024-06-16T00:00:00+00:00, run_after=2024-06-17T00:00:00+00:00
[2024-06-17T18:00:45.229+0000] {processor.py:179} INFO - Processing /home/airflow/.local/lib/python3.8/site-packages/airflow/example_dags/example_nested_branch_dag.py took 0.032 seconds
[2024-06-17T18:01:15.762+0000] {processor.py:157} INFO - Started process (PID=546) to work on /home/airflow/.local/lib/python3.8/site-packages/airflow/example_dags/example_nested_branch_dag.py
[2024-06-17T18:01:15.762+0000] {processor.py:829} INFO - Processing file /home/airflow/.local/lib/python3.8/site-packages/airflow/example_dags/example_nested_branch_dag.py for tasks to queue
[2024-06-17T18:01:15.764+0000] {logging_mixin.py:151} INFO - [2024-06-17T18:01:15.764+0000] {dagbag.py:539} INFO - Filling up the DagBag from /home/airflow/.local/lib/python3.8/site-packages/airflow/example_dags/example_nested_branch_dag.py
[2024-06-17T18:01:15.768+0000] {processor.py:839} INFO - DAG(s) dict_keys(['example_nested_branch_dag']) retrieved from /home/airflow/.local/lib/python3.8/site-packages/airflow/example_dags/example_nested_branch_dag.py
[2024-06-17T18:01:15.777+0000] {logging_mixin.py:151} INFO - [2024-06-17T18:01:15.777+0000] {dag.py:2907} INFO - Sync 1 DAGs
[2024-06-17T18:01:15.785+0000] {logging_mixin.py:151} INFO - [2024-06-17T18:01:15.785+0000] {dag.py:3677} INFO - Setting next_dagrun for example_nested_branch_dag to 2024-06-16T00:00:00+00:00, run_after=2024-06-17T00:00:00+00:00
[2024-06-17T18:01:15.791+0000] {processor.py:179} INFO - Processing /home/airflow/.local/lib/python3.8/site-packages/airflow/example_dags/example_nested_branch_dag.py took 0.031 seconds
[2024-06-17T18:01:46.334+0000] {processor.py:157} INFO - Started process (PID=601) to work on /home/airflow/.local/lib/python3.8/site-packages/airflow/example_dags/example_nested_branch_dag.py
[2024-06-17T18:01:46.334+0000] {processor.py:829} INFO - Processing file /home/airflow/.local/lib/python3.8/site-packages/airflow/example_dags/example_nested_branch_dag.py for tasks to queue
[2024-06-17T18:01:46.336+0000] {logging_mixin.py:151} INFO - [2024-06-17T18:01:46.335+0000] {dagbag.py:539} INFO - Filling up the DagBag from /home/airflow/.local/lib/python3.8/site-packages/airflow/example_dags/example_nested_branch_dag.py
[2024-06-17T18:01:46.340+0000] {processor.py:839} INFO - DAG(s) dict_keys(['example_nested_branch_dag']) retrieved from /home/airflow/.local/lib/python3.8/site-packages/airflow/example_dags/example_nested_branch_dag.py
[2024-06-17T18:01:46.349+0000] {logging_mixin.py:151} INFO - [2024-06-17T18:01:46.349+0000] {dag.py:2907} INFO - Sync 1 DAGs
[2024-06-17T18:01:46.358+0000] {logging_mixin.py:151} INFO - [2024-06-17T18:01:46.358+0000] {dag.py:3677} INFO - Setting next_dagrun for example_nested_branch_dag to 2024-06-16T00:00:00+00:00, run_after=2024-06-17T00:00:00+00:00
[2024-06-17T18:01:46.370+0000] {processor.py:179} INFO - Processing /home/airflow/.local/lib/python3.8/site-packages/airflow/example_dags/example_nested_branch_dag.py took 0.038 seconds
[2024-06-17T18:02:16.908+0000] {processor.py:157} INFO - Started process (PID=656) to work on /home/airflow/.local/lib/python3.8/site-packages/airflow/example_dags/example_nested_branch_dag.py
[2024-06-17T18:02:16.909+0000] {processor.py:829} INFO - Processing file /home/airflow/.local/lib/python3.8/site-packages/airflow/example_dags/example_nested_branch_dag.py for tasks to queue
[2024-06-17T18:02:16.910+0000] {logging_mixin.py:151} INFO - [2024-06-17T18:02:16.910+0000] {dagbag.py:539} INFO - Filling up the DagBag from /home/airflow/.local/lib/python3.8/site-packages/airflow/example_dags/example_nested_branch_dag.py
[2024-06-17T18:02:16.915+0000] {processor.py:839} INFO - DAG(s) dict_keys(['example_nested_branch_dag']) retrieved from /home/airflow/.local/lib/python3.8/site-packages/airflow/example_dags/example_nested_branch_dag.py
[2024-06-17T18:02:16.924+0000] {logging_mixin.py:151} INFO - [2024-06-17T18:02:16.924+0000] {dag.py:2907} INFO - Sync 1 DAGs
[2024-06-17T18:02:16.933+0000] {logging_mixin.py:151} INFO - [2024-06-17T18:02:16.933+0000] {dag.py:3677} INFO - Setting next_dagrun for example_nested_branch_dag to 2024-06-16T00:00:00+00:00, run_after=2024-06-17T00:00:00+00:00
[2024-06-17T18:02:16.940+0000] {processor.py:179} INFO - Processing /home/airflow/.local/lib/python3.8/site-packages/airflow/example_dags/example_nested_branch_dag.py took 0.033 seconds
[2024-06-17T18:02:47.468+0000] {processor.py:157} INFO - Started process (PID=711) to work on /home/airflow/.local/lib/python3.8/site-packages/airflow/example_dags/example_nested_branch_dag.py
[2024-06-17T18:02:47.468+0000] {processor.py:829} INFO - Processing file /home/airflow/.local/lib/python3.8/site-packages/airflow/example_dags/example_nested_branch_dag.py for tasks to queue
[2024-06-17T18:02:47.470+0000] {logging_mixin.py:151} INFO - [2024-06-17T18:02:47.470+0000] {dagbag.py:539} INFO - Filling up the DagBag from /home/airflow/.local/lib/python3.8/site-packages/airflow/example_dags/example_nested_branch_dag.py
[2024-06-17T18:02:47.474+0000] {processor.py:839} INFO - DAG(s) dict_keys(['example_nested_branch_dag']) retrieved from /home/airflow/.local/lib/python3.8/site-packages/airflow/example_dags/example_nested_branch_dag.py
[2024-06-17T18:02:47.483+0000] {logging_mixin.py:151} INFO - [2024-06-17T18:02:47.483+0000] {dag.py:2907} INFO - Sync 1 DAGs
[2024-06-17T18:02:47.492+0000] {logging_mixin.py:151} INFO - [2024-06-17T18:02:47.492+0000] {dag.py:3677} INFO - Setting next_dagrun for example_nested_branch_dag to 2024-06-16T00:00:00+00:00, run_after=2024-06-17T00:00:00+00:00
[2024-06-17T18:02:47.499+0000] {processor.py:179} INFO - Processing /home/airflow/.local/lib/python3.8/site-packages/airflow/example_dags/example_nested_branch_dag.py took 0.032 seconds
[2024-06-17T18:03:17.957+0000] {processor.py:157} INFO - Started process (PID=766) to work on /home/airflow/.local/lib/python3.8/site-packages/airflow/example_dags/example_nested_branch_dag.py
[2024-06-17T18:03:17.958+0000] {processor.py:829} INFO - Processing file /home/airflow/.local/lib/python3.8/site-packages/airflow/example_dags/example_nested_branch_dag.py for tasks to queue
[2024-06-17T18:03:17.959+0000] {logging_mixin.py:151} INFO - [2024-06-17T18:03:17.959+0000] {dagbag.py:539} INFO - Filling up the DagBag from /home/airflow/.local/lib/python3.8/site-packages/airflow/example_dags/example_nested_branch_dag.py
[2024-06-17T18:03:17.963+0000] {processor.py:839} INFO - DAG(s) dict_keys(['example_nested_branch_dag']) retrieved from /home/airflow/.local/lib/python3.8/site-packages/airflow/example_dags/example_nested_branch_dag.py
[2024-06-17T18:03:17.971+0000] {logging_mixin.py:151} INFO - [2024-06-17T18:03:17.971+0000] {dag.py:2907} INFO - Sync 1 DAGs
[2024-06-17T18:03:17.980+0000] {logging_mixin.py:151} INFO - [2024-06-17T18:03:17.980+0000] {dag.py:3677} INFO - Setting next_dagrun for example_nested_branch_dag to 2024-06-16T00:00:00+00:00, run_after=2024-06-17T00:00:00+00:00
[2024-06-17T18:03:17.986+0000] {processor.py:179} INFO - Processing /home/airflow/.local/lib/python3.8/site-packages/airflow/example_dags/example_nested_branch_dag.py took 0.031 seconds
[2024-06-17T18:03:48.438+0000] {processor.py:157} INFO - Started process (PID=821) to work on /home/airflow/.local/lib/python3.8/site-packages/airflow/example_dags/example_nested_branch_dag.py
[2024-06-17T18:03:48.439+0000] {processor.py:829} INFO - Processing file /home/airflow/.local/lib/python3.8/site-packages/airflow/example_dags/example_nested_branch_dag.py for tasks to queue
[2024-06-17T18:03:48.440+0000] {logging_mixin.py:151} INFO - [2024-06-17T18:03:48.440+0000] {dagbag.py:539} INFO - Filling up the DagBag from /home/airflow/.local/lib/python3.8/site-packages/airflow/example_dags/example_nested_branch_dag.py
[2024-06-17T18:03:48.444+0000] {processor.py:839} INFO - DAG(s) dict_keys(['example_nested_branch_dag']) retrieved from /home/airflow/.local/lib/python3.8/site-packages/airflow/example_dags/example_nested_branch_dag.py
[2024-06-17T18:03:48.453+0000] {logging_mixin.py:151} INFO - [2024-06-17T18:03:48.453+0000] {dag.py:2907} INFO - Sync 1 DAGs
[2024-06-17T18:03:48.462+0000] {logging_mixin.py:151} INFO - [2024-06-17T18:03:48.462+0000] {dag.py:3677} INFO - Setting next_dagrun for example_nested_branch_dag to 2024-06-16T00:00:00+00:00, run_after=2024-06-17T00:00:00+00:00
[2024-06-17T18:03:48.469+0000] {processor.py:179} INFO - Processing /home/airflow/.local/lib/python3.8/site-packages/airflow/example_dags/example_nested_branch_dag.py took 0.032 seconds
[2024-06-17T18:04:18.932+0000] {processor.py:157} INFO - Started process (PID=876) to work on /home/airflow/.local/lib/python3.8/site-packages/airflow/example_dags/example_nested_branch_dag.py
[2024-06-17T18:04:18.932+0000] {processor.py:829} INFO - Processing file /home/airflow/.local/lib/python3.8/site-packages/airflow/example_dags/example_nested_branch_dag.py for tasks to queue
[2024-06-17T18:04:18.934+0000] {logging_mixin.py:151} INFO - [2024-06-17T18:04:18.933+0000] {dagbag.py:539} INFO - Filling up the DagBag from /home/airflow/.local/lib/python3.8/site-packages/airflow/example_dags/example_nested_branch_dag.py
[2024-06-17T18:04:18.938+0000] {processor.py:839} INFO - DAG(s) dict_keys(['example_nested_branch_dag']) retrieved from /home/airflow/.local/lib/python3.8/site-packages/airflow/example_dags/example_nested_branch_dag.py
[2024-06-17T18:04:18.947+0000] {logging_mixin.py:151} INFO - [2024-06-17T18:04:18.946+0000] {dag.py:2907} INFO - Sync 1 DAGs
[2024-06-17T18:04:18.955+0000] {logging_mixin.py:151} INFO - [2024-06-17T18:04:18.955+0000] {dag.py:3677} INFO - Setting next_dagrun for example_nested_branch_dag to 2024-06-16T00:00:00+00:00, run_after=2024-06-17T00:00:00+00:00
[2024-06-17T18:04:18.961+0000] {processor.py:179} INFO - Processing /home/airflow/.local/lib/python3.8/site-packages/airflow/example_dags/example_nested_branch_dag.py took 0.031 seconds
[2024-06-17T18:04:43.496+0000] {processor.py:157} INFO - Started process (PID=50) to work on /home/airflow/.local/lib/python3.8/site-packages/airflow/example_dags/example_nested_branch_dag.py
[2024-06-17T18:04:43.497+0000] {processor.py:829} INFO - Processing file /home/airflow/.local/lib/python3.8/site-packages/airflow/example_dags/example_nested_branch_dag.py for tasks to queue
[2024-06-17T18:04:43.498+0000] {logging_mixin.py:151} INFO - [2024-06-17T18:04:43.498+0000] {dagbag.py:539} INFO - Filling up the DagBag from /home/airflow/.local/lib/python3.8/site-packages/airflow/example_dags/example_nested_branch_dag.py
[2024-06-17T18:04:43.502+0000] {processor.py:839} INFO - DAG(s) dict_keys(['example_nested_branch_dag']) retrieved from /home/airflow/.local/lib/python3.8/site-packages/airflow/example_dags/example_nested_branch_dag.py
[2024-06-17T18:04:43.508+0000] {logging_mixin.py:151} INFO - [2024-06-17T18:04:43.508+0000] {dag.py:2907} INFO - Sync 1 DAGs
[2024-06-17T18:04:43.519+0000] {logging_mixin.py:151} INFO - [2024-06-17T18:04:43.519+0000] {dag.py:3677} INFO - Setting next_dagrun for example_nested_branch_dag to 2024-06-16T00:00:00+00:00, run_after=2024-06-17T00:00:00+00:00
[2024-06-17T18:04:43.528+0000] {processor.py:179} INFO - Processing /home/airflow/.local/lib/python3.8/site-packages/airflow/example_dags/example_nested_branch_dag.py took 0.034 seconds
[2024-06-17T18:05:14.730+0000] {processor.py:157} INFO - Started process (PID=105) to work on /home/airflow/.local/lib/python3.8/site-packages/airflow/example_dags/example_nested_branch_dag.py
[2024-06-17T18:05:14.733+0000] {processor.py:829} INFO - Processing file /home/airflow/.local/lib/python3.8/site-packages/airflow/example_dags/example_nested_branch_dag.py for tasks to queue
[2024-06-17T18:05:14.734+0000] {logging_mixin.py:151} INFO - [2024-06-17T18:05:14.734+0000] {dagbag.py:539} INFO - Filling up the DagBag from /home/airflow/.local/lib/python3.8/site-packages/airflow/example_dags/example_nested_branch_dag.py
[2024-06-17T18:05:14.738+0000] {processor.py:839} INFO - DAG(s) dict_keys(['example_nested_branch_dag']) retrieved from /home/airflow/.local/lib/python3.8/site-packages/airflow/example_dags/example_nested_branch_dag.py
[2024-06-17T18:05:14.821+0000] {logging_mixin.py:151} INFO - [2024-06-17T18:05:14.821+0000] {dag.py:2907} INFO - Sync 1 DAGs
[2024-06-17T18:05:14.829+0000] {logging_mixin.py:151} INFO - [2024-06-17T18:05:14.829+0000] {dag.py:3677} INFO - Setting next_dagrun for example_nested_branch_dag to 2024-06-16T00:00:00+00:00, run_after=2024-06-17T00:00:00+00:00
[2024-06-17T18:05:14.836+0000] {processor.py:179} INFO - Processing /home/airflow/.local/lib/python3.8/site-packages/airflow/example_dags/example_nested_branch_dag.py took 0.107 seconds
[2024-06-17T18:05:45.818+0000] {processor.py:157} INFO - Started process (PID=160) to work on /home/airflow/.local/lib/python3.8/site-packages/airflow/example_dags/example_nested_branch_dag.py
[2024-06-17T18:05:45.819+0000] {processor.py:829} INFO - Processing file /home/airflow/.local/lib/python3.8/site-packages/airflow/example_dags/example_nested_branch_dag.py for tasks to queue
[2024-06-17T18:05:45.821+0000] {logging_mixin.py:151} INFO - [2024-06-17T18:05:45.821+0000] {dagbag.py:539} INFO - Filling up the DagBag from /home/airflow/.local/lib/python3.8/site-packages/airflow/example_dags/example_nested_branch_dag.py
[2024-06-17T18:05:45.830+0000] {processor.py:839} INFO - DAG(s) dict_keys(['example_nested_branch_dag']) retrieved from /home/airflow/.local/lib/python3.8/site-packages/airflow/example_dags/example_nested_branch_dag.py
[2024-06-17T18:05:45.843+0000] {logging_mixin.py:151} INFO - [2024-06-17T18:05:45.842+0000] {dag.py:2907} INFO - Sync 1 DAGs
[2024-06-17T18:05:45.853+0000] {logging_mixin.py:151} INFO - [2024-06-17T18:05:45.853+0000] {dag.py:3677} INFO - Setting next_dagrun for example_nested_branch_dag to 2024-06-16T00:00:00+00:00, run_after=2024-06-17T00:00:00+00:00
[2024-06-17T18:05:45.861+0000] {processor.py:179} INFO - Processing /home/airflow/.local/lib/python3.8/site-packages/airflow/example_dags/example_nested_branch_dag.py took 0.046 seconds
[2024-06-17T18:06:16.487+0000] {processor.py:157} INFO - Started process (PID=215) to work on /home/airflow/.local/lib/python3.8/site-packages/airflow/example_dags/example_nested_branch_dag.py
[2024-06-17T18:06:16.489+0000] {processor.py:829} INFO - Processing file /home/airflow/.local/lib/python3.8/site-packages/airflow/example_dags/example_nested_branch_dag.py for tasks to queue
[2024-06-17T18:06:16.491+0000] {logging_mixin.py:151} INFO - [2024-06-17T18:06:16.491+0000] {dagbag.py:539} INFO - Filling up the DagBag from /home/airflow/.local/lib/python3.8/site-packages/airflow/example_dags/example_nested_branch_dag.py
[2024-06-17T18:06:16.500+0000] {processor.py:839} INFO - DAG(s) dict_keys(['example_nested_branch_dag']) retrieved from /home/airflow/.local/lib/python3.8/site-packages/airflow/example_dags/example_nested_branch_dag.py
[2024-06-17T18:06:16.513+0000] {logging_mixin.py:151} INFO - [2024-06-17T18:06:16.513+0000] {dag.py:2907} INFO - Sync 1 DAGs
[2024-06-17T18:06:16.525+0000] {logging_mixin.py:151} INFO - [2024-06-17T18:06:16.525+0000] {dag.py:3677} INFO - Setting next_dagrun for example_nested_branch_dag to 2024-06-16T00:00:00+00:00, run_after=2024-06-17T00:00:00+00:00
[2024-06-17T18:06:16.533+0000] {processor.py:179} INFO - Processing /home/airflow/.local/lib/python3.8/site-packages/airflow/example_dags/example_nested_branch_dag.py took 0.050 seconds
[2024-06-17T18:06:47.131+0000] {processor.py:157} INFO - Started process (PID=270) to work on /home/airflow/.local/lib/python3.8/site-packages/airflow/example_dags/example_nested_branch_dag.py
[2024-06-17T18:06:47.132+0000] {processor.py:829} INFO - Processing file /home/airflow/.local/lib/python3.8/site-packages/airflow/example_dags/example_nested_branch_dag.py for tasks to queue
[2024-06-17T18:06:47.135+0000] {logging_mixin.py:151} INFO - [2024-06-17T18:06:47.135+0000] {dagbag.py:539} INFO - Filling up the DagBag from /home/airflow/.local/lib/python3.8/site-packages/airflow/example_dags/example_nested_branch_dag.py
[2024-06-17T18:06:47.142+0000] {processor.py:839} INFO - DAG(s) dict_keys(['example_nested_branch_dag']) retrieved from /home/airflow/.local/lib/python3.8/site-packages/airflow/example_dags/example_nested_branch_dag.py
[2024-06-17T18:06:47.155+0000] {logging_mixin.py:151} INFO - [2024-06-17T18:06:47.155+0000] {dag.py:2907} INFO - Sync 1 DAGs
[2024-06-17T18:06:47.167+0000] {logging_mixin.py:151} INFO - [2024-06-17T18:06:47.167+0000] {dag.py:3677} INFO - Setting next_dagrun for example_nested_branch_dag to 2024-06-16T00:00:00+00:00, run_after=2024-06-17T00:00:00+00:00
[2024-06-17T18:06:47.174+0000] {processor.py:179} INFO - Processing /home/airflow/.local/lib/python3.8/site-packages/airflow/example_dags/example_nested_branch_dag.py took 0.046 seconds
[2024-06-17T18:07:17.524+0000] {processor.py:157} INFO - Started process (PID=325) to work on /home/airflow/.local/lib/python3.8/site-packages/airflow/example_dags/example_nested_branch_dag.py
[2024-06-17T18:07:17.525+0000] {processor.py:829} INFO - Processing file /home/airflow/.local/lib/python3.8/site-packages/airflow/example_dags/example_nested_branch_dag.py for tasks to queue
[2024-06-17T18:07:17.527+0000] {logging_mixin.py:151} INFO - [2024-06-17T18:07:17.527+0000] {dagbag.py:539} INFO - Filling up the DagBag from /home/airflow/.local/lib/python3.8/site-packages/airflow/example_dags/example_nested_branch_dag.py
[2024-06-17T18:07:17.536+0000] {processor.py:839} INFO - DAG(s) dict_keys(['example_nested_branch_dag']) retrieved from /home/airflow/.local/lib/python3.8/site-packages/airflow/example_dags/example_nested_branch_dag.py
[2024-06-17T18:07:17.551+0000] {logging_mixin.py:151} INFO - [2024-06-17T18:07:17.551+0000] {dag.py:2907} INFO - Sync 1 DAGs
[2024-06-17T18:07:17.563+0000] {logging_mixin.py:151} INFO - [2024-06-17T18:07:17.563+0000] {dag.py:3677} INFO - Setting next_dagrun for example_nested_branch_dag to 2024-06-16T00:00:00+00:00, run_after=2024-06-17T00:00:00+00:00
[2024-06-17T18:07:17.571+0000] {processor.py:179} INFO - Processing /home/airflow/.local/lib/python3.8/site-packages/airflow/example_dags/example_nested_branch_dag.py took 0.050 seconds
