[2024-06-17T17:56:39.746+0000] {processor.py:157} INFO - Started process (PID=40) to work on /home/airflow/.local/lib/python3.8/site-packages/airflow/example_dags/example_params_trigger_ui.py
[2024-06-17T17:56:39.747+0000] {processor.py:829} INFO - Processing file /home/airflow/.local/lib/python3.8/site-packages/airflow/example_dags/example_params_trigger_ui.py for tasks to queue
[2024-06-17T17:56:39.748+0000] {logging_mixin.py:151} INFO - [2024-06-17T17:56:39.747+0000] {dagbag.py:539} INFO - Filling up the DagBag from /home/airflow/.local/lib/python3.8/site-packages/airflow/example_dags/example_params_trigger_ui.py
[2024-06-17T17:56:39.759+0000] {processor.py:839} INFO - DAG(s) dict_keys(['example_params_trigger_ui']) retrieved from /home/airflow/.local/lib/python3.8/site-packages/airflow/example_dags/example_params_trigger_ui.py
[2024-06-17T17:56:39.936+0000] {logging_mixin.py:151} INFO - [2024-06-17T17:56:39.935+0000] {manager.py:501} INFO - Created Permission View: can delete on DAG:example_params_trigger_ui
[2024-06-17T17:56:39.939+0000] {logging_mixin.py:151} INFO - [2024-06-17T17:56:39.939+0000] {manager.py:501} INFO - Created Permission View: can read on DAG:example_params_trigger_ui
[2024-06-17T17:56:39.941+0000] {logging_mixin.py:151} INFO - [2024-06-17T17:56:39.941+0000] {manager.py:501} INFO - Created Permission View: can edit on DAG:example_params_trigger_ui
[2024-06-17T17:56:39.946+0000] {logging_mixin.py:151} INFO - [2024-06-17T17:56:39.946+0000] {dag.py:2907} INFO - Sync 1 DAGs
[2024-06-17T17:56:39.950+0000] {logging_mixin.py:151} INFO - [2024-06-17T17:56:39.950+0000] {dag.py:2929} INFO - Creating ORM DAG for example_params_trigger_ui
[2024-06-17T17:56:39.950+0000] {logging_mixin.py:151} INFO - [2024-06-17T17:56:39.950+0000] {dag.py:3677} INFO - Setting next_dagrun for example_params_trigger_ui to None, run_after=None
[2024-06-17T17:56:39.956+0000] {processor.py:179} INFO - Processing /home/airflow/.local/lib/python3.8/site-packages/airflow/example_dags/example_params_trigger_ui.py took 0.212 seconds
[2024-06-17T17:57:10.174+0000] {processor.py:157} INFO - Started process (PID=95) to work on /home/airflow/.local/lib/python3.8/site-packages/airflow/example_dags/example_params_trigger_ui.py
[2024-06-17T17:57:10.176+0000] {processor.py:829} INFO - Processing file /home/airflow/.local/lib/python3.8/site-packages/airflow/example_dags/example_params_trigger_ui.py for tasks to queue
[2024-06-17T17:57:10.177+0000] {logging_mixin.py:151} INFO - [2024-06-17T17:57:10.177+0000] {dagbag.py:539} INFO - Filling up the DagBag from /home/airflow/.local/lib/python3.8/site-packages/airflow/example_dags/example_params_trigger_ui.py
[2024-06-17T17:57:10.192+0000] {processor.py:839} INFO - DAG(s) dict_keys(['example_params_trigger_ui']) retrieved from /home/airflow/.local/lib/python3.8/site-packages/airflow/example_dags/example_params_trigger_ui.py
[2024-06-17T17:57:10.219+0000] {logging_mixin.py:151} INFO - [2024-06-17T17:57:10.219+0000] {dag.py:2907} INFO - Sync 1 DAGs
[2024-06-17T17:57:10.226+0000] {logging_mixin.py:151} INFO - [2024-06-17T17:57:10.226+0000] {dag.py:3677} INFO - Setting next_dagrun for example_params_trigger_ui to None, run_after=None
[2024-06-17T17:57:10.233+0000] {processor.py:179} INFO - Processing /home/airflow/.local/lib/python3.8/site-packages/airflow/example_dags/example_params_trigger_ui.py took 0.063 seconds
[2024-06-17T17:57:40.748+0000] {processor.py:157} INFO - Started process (PID=150) to work on /home/airflow/.local/lib/python3.8/site-packages/airflow/example_dags/example_params_trigger_ui.py
[2024-06-17T17:57:40.749+0000] {processor.py:829} INFO - Processing file /home/airflow/.local/lib/python3.8/site-packages/airflow/example_dags/example_params_trigger_ui.py for tasks to queue
[2024-06-17T17:57:40.751+0000] {logging_mixin.py:151} INFO - [2024-06-17T17:57:40.751+0000] {dagbag.py:539} INFO - Filling up the DagBag from /home/airflow/.local/lib/python3.8/site-packages/airflow/example_dags/example_params_trigger_ui.py
[2024-06-17T17:57:40.764+0000] {processor.py:839} INFO - DAG(s) dict_keys(['example_params_trigger_ui']) retrieved from /home/airflow/.local/lib/python3.8/site-packages/airflow/example_dags/example_params_trigger_ui.py
[2024-06-17T17:57:40.790+0000] {logging_mixin.py:151} INFO - [2024-06-17T17:57:40.790+0000] {dag.py:2907} INFO - Sync 1 DAGs
[2024-06-17T17:57:40.795+0000] {logging_mixin.py:151} INFO - [2024-06-17T17:57:40.795+0000] {dag.py:3677} INFO - Setting next_dagrun for example_params_trigger_ui to None, run_after=None
[2024-06-17T17:57:40.803+0000] {processor.py:179} INFO - Processing /home/airflow/.local/lib/python3.8/site-packages/airflow/example_dags/example_params_trigger_ui.py took 0.057 seconds
[2024-06-17T17:58:11.322+0000] {processor.py:157} INFO - Started process (PID=205) to work on /home/airflow/.local/lib/python3.8/site-packages/airflow/example_dags/example_params_trigger_ui.py
[2024-06-17T17:58:11.324+0000] {processor.py:829} INFO - Processing file /home/airflow/.local/lib/python3.8/site-packages/airflow/example_dags/example_params_trigger_ui.py for tasks to queue
[2024-06-17T17:58:11.326+0000] {logging_mixin.py:151} INFO - [2024-06-17T17:58:11.325+0000] {dagbag.py:539} INFO - Filling up the DagBag from /home/airflow/.local/lib/python3.8/site-packages/airflow/example_dags/example_params_trigger_ui.py
[2024-06-17T17:58:11.340+0000] {processor.py:839} INFO - DAG(s) dict_keys(['example_params_trigger_ui']) retrieved from /home/airflow/.local/lib/python3.8/site-packages/airflow/example_dags/example_params_trigger_ui.py
[2024-06-17T17:58:11.366+0000] {logging_mixin.py:151} INFO - [2024-06-17T17:58:11.366+0000] {dag.py:2907} INFO - Sync 1 DAGs
[2024-06-17T17:58:11.373+0000] {logging_mixin.py:151} INFO - [2024-06-17T17:58:11.372+0000] {dag.py:3677} INFO - Setting next_dagrun for example_params_trigger_ui to None, run_after=None
[2024-06-17T17:58:11.380+0000] {processor.py:179} INFO - Processing /home/airflow/.local/lib/python3.8/site-packages/airflow/example_dags/example_params_trigger_ui.py took 0.061 seconds
[2024-06-17T17:58:41.845+0000] {processor.py:157} INFO - Started process (PID=260) to work on /home/airflow/.local/lib/python3.8/site-packages/airflow/example_dags/example_params_trigger_ui.py
[2024-06-17T17:58:41.846+0000] {processor.py:829} INFO - Processing file /home/airflow/.local/lib/python3.8/site-packages/airflow/example_dags/example_params_trigger_ui.py for tasks to queue
[2024-06-17T17:58:41.847+0000] {logging_mixin.py:151} INFO - [2024-06-17T17:58:41.847+0000] {dagbag.py:539} INFO - Filling up the DagBag from /home/airflow/.local/lib/python3.8/site-packages/airflow/example_dags/example_params_trigger_ui.py
[2024-06-17T17:58:41.857+0000] {processor.py:839} INFO - DAG(s) dict_keys(['example_params_trigger_ui']) retrieved from /home/airflow/.local/lib/python3.8/site-packages/airflow/example_dags/example_params_trigger_ui.py
[2024-06-17T17:58:41.887+0000] {logging_mixin.py:151} INFO - [2024-06-17T17:58:41.887+0000] {dag.py:2907} INFO - Sync 1 DAGs
[2024-06-17T17:58:41.894+0000] {logging_mixin.py:151} INFO - [2024-06-17T17:58:41.894+0000] {dag.py:3677} INFO - Setting next_dagrun for example_params_trigger_ui to None, run_after=None
[2024-06-17T17:58:41.902+0000] {processor.py:179} INFO - Processing /home/airflow/.local/lib/python3.8/site-packages/airflow/example_dags/example_params_trigger_ui.py took 0.058 seconds
[2024-06-17T17:59:12.368+0000] {processor.py:157} INFO - Started process (PID=315) to work on /home/airflow/.local/lib/python3.8/site-packages/airflow/example_dags/example_params_trigger_ui.py
[2024-06-17T17:59:12.370+0000] {processor.py:829} INFO - Processing file /home/airflow/.local/lib/python3.8/site-packages/airflow/example_dags/example_params_trigger_ui.py for tasks to queue
[2024-06-17T17:59:12.372+0000] {logging_mixin.py:151} INFO - [2024-06-17T17:59:12.372+0000] {dagbag.py:539} INFO - Filling up the DagBag from /home/airflow/.local/lib/python3.8/site-packages/airflow/example_dags/example_params_trigger_ui.py
[2024-06-17T17:59:12.383+0000] {processor.py:839} INFO - DAG(s) dict_keys(['example_params_trigger_ui']) retrieved from /home/airflow/.local/lib/python3.8/site-packages/airflow/example_dags/example_params_trigger_ui.py
[2024-06-17T17:59:12.415+0000] {logging_mixin.py:151} INFO - [2024-06-17T17:59:12.415+0000] {dag.py:2907} INFO - Sync 1 DAGs
[2024-06-17T17:59:12.422+0000] {logging_mixin.py:151} INFO - [2024-06-17T17:59:12.422+0000] {dag.py:3677} INFO - Setting next_dagrun for example_params_trigger_ui to None, run_after=None
[2024-06-17T17:59:12.431+0000] {processor.py:179} INFO - Processing /home/airflow/.local/lib/python3.8/site-packages/airflow/example_dags/example_params_trigger_ui.py took 0.067 seconds
[2024-06-17T17:59:42.842+0000] {processor.py:157} INFO - Started process (PID=370) to work on /home/airflow/.local/lib/python3.8/site-packages/airflow/example_dags/example_params_trigger_ui.py
[2024-06-17T17:59:42.843+0000] {processor.py:829} INFO - Processing file /home/airflow/.local/lib/python3.8/site-packages/airflow/example_dags/example_params_trigger_ui.py for tasks to queue
[2024-06-17T17:59:42.845+0000] {logging_mixin.py:151} INFO - [2024-06-17T17:59:42.845+0000] {dagbag.py:539} INFO - Filling up the DagBag from /home/airflow/.local/lib/python3.8/site-packages/airflow/example_dags/example_params_trigger_ui.py
[2024-06-17T17:59:42.857+0000] {processor.py:839} INFO - DAG(s) dict_keys(['example_params_trigger_ui']) retrieved from /home/airflow/.local/lib/python3.8/site-packages/airflow/example_dags/example_params_trigger_ui.py
[2024-06-17T17:59:42.883+0000] {logging_mixin.py:151} INFO - [2024-06-17T17:59:42.882+0000] {dag.py:2907} INFO - Sync 1 DAGs
[2024-06-17T17:59:42.888+0000] {logging_mixin.py:151} INFO - [2024-06-17T17:59:42.888+0000] {dag.py:3677} INFO - Setting next_dagrun for example_params_trigger_ui to None, run_after=None
[2024-06-17T17:59:42.895+0000] {processor.py:179} INFO - Processing /home/airflow/.local/lib/python3.8/site-packages/airflow/example_dags/example_params_trigger_ui.py took 0.056 seconds
[2024-06-17T18:00:13.402+0000] {processor.py:157} INFO - Started process (PID=425) to work on /home/airflow/.local/lib/python3.8/site-packages/airflow/example_dags/example_params_trigger_ui.py
[2024-06-17T18:00:13.403+0000] {processor.py:829} INFO - Processing file /home/airflow/.local/lib/python3.8/site-packages/airflow/example_dags/example_params_trigger_ui.py for tasks to queue
[2024-06-17T18:00:13.404+0000] {logging_mixin.py:151} INFO - [2024-06-17T18:00:13.404+0000] {dagbag.py:539} INFO - Filling up the DagBag from /home/airflow/.local/lib/python3.8/site-packages/airflow/example_dags/example_params_trigger_ui.py
[2024-06-17T18:00:13.417+0000] {processor.py:839} INFO - DAG(s) dict_keys(['example_params_trigger_ui']) retrieved from /home/airflow/.local/lib/python3.8/site-packages/airflow/example_dags/example_params_trigger_ui.py
[2024-06-17T18:00:13.444+0000] {logging_mixin.py:151} INFO - [2024-06-17T18:00:13.444+0000] {dag.py:2907} INFO - Sync 1 DAGs
[2024-06-17T18:00:13.450+0000] {logging_mixin.py:151} INFO - [2024-06-17T18:00:13.449+0000] {dag.py:3677} INFO - Setting next_dagrun for example_params_trigger_ui to None, run_after=None
[2024-06-17T18:00:13.457+0000] {processor.py:179} INFO - Processing /home/airflow/.local/lib/python3.8/site-packages/airflow/example_dags/example_params_trigger_ui.py took 0.059 seconds
[2024-06-17T18:00:43.895+0000] {processor.py:157} INFO - Started process (PID=480) to work on /home/airflow/.local/lib/python3.8/site-packages/airflow/example_dags/example_params_trigger_ui.py
[2024-06-17T18:00:43.896+0000] {processor.py:829} INFO - Processing file /home/airflow/.local/lib/python3.8/site-packages/airflow/example_dags/example_params_trigger_ui.py for tasks to queue
[2024-06-17T18:00:43.898+0000] {logging_mixin.py:151} INFO - [2024-06-17T18:00:43.898+0000] {dagbag.py:539} INFO - Filling up the DagBag from /home/airflow/.local/lib/python3.8/site-packages/airflow/example_dags/example_params_trigger_ui.py
[2024-06-17T18:00:43.913+0000] {processor.py:839} INFO - DAG(s) dict_keys(['example_params_trigger_ui']) retrieved from /home/airflow/.local/lib/python3.8/site-packages/airflow/example_dags/example_params_trigger_ui.py
[2024-06-17T18:00:43.938+0000] {logging_mixin.py:151} INFO - [2024-06-17T18:00:43.937+0000] {dag.py:2907} INFO - Sync 1 DAGs
[2024-06-17T18:00:43.944+0000] {logging_mixin.py:151} INFO - [2024-06-17T18:00:43.944+0000] {dag.py:3677} INFO - Setting next_dagrun for example_params_trigger_ui to None, run_after=None
[2024-06-17T18:00:43.953+0000] {processor.py:179} INFO - Processing /home/airflow/.local/lib/python3.8/site-packages/airflow/example_dags/example_params_trigger_ui.py took 0.060 seconds
[2024-06-17T18:01:14.470+0000] {processor.py:157} INFO - Started process (PID=535) to work on /home/airflow/.local/lib/python3.8/site-packages/airflow/example_dags/example_params_trigger_ui.py
[2024-06-17T18:01:14.471+0000] {processor.py:829} INFO - Processing file /home/airflow/.local/lib/python3.8/site-packages/airflow/example_dags/example_params_trigger_ui.py for tasks to queue
[2024-06-17T18:01:14.473+0000] {logging_mixin.py:151} INFO - [2024-06-17T18:01:14.472+0000] {dagbag.py:539} INFO - Filling up the DagBag from /home/airflow/.local/lib/python3.8/site-packages/airflow/example_dags/example_params_trigger_ui.py
[2024-06-17T18:01:14.487+0000] {processor.py:839} INFO - DAG(s) dict_keys(['example_params_trigger_ui']) retrieved from /home/airflow/.local/lib/python3.8/site-packages/airflow/example_dags/example_params_trigger_ui.py
[2024-06-17T18:01:14.512+0000] {logging_mixin.py:151} INFO - [2024-06-17T18:01:14.511+0000] {dag.py:2907} INFO - Sync 1 DAGs
[2024-06-17T18:01:14.517+0000] {logging_mixin.py:151} INFO - [2024-06-17T18:01:14.517+0000] {dag.py:3677} INFO - Setting next_dagrun for example_params_trigger_ui to None, run_after=None
[2024-06-17T18:01:14.525+0000] {processor.py:179} INFO - Processing /home/airflow/.local/lib/python3.8/site-packages/airflow/example_dags/example_params_trigger_ui.py took 0.059 seconds
[2024-06-17T18:01:45.005+0000] {processor.py:157} INFO - Started process (PID=590) to work on /home/airflow/.local/lib/python3.8/site-packages/airflow/example_dags/example_params_trigger_ui.py
[2024-06-17T18:01:45.006+0000] {processor.py:829} INFO - Processing file /home/airflow/.local/lib/python3.8/site-packages/airflow/example_dags/example_params_trigger_ui.py for tasks to queue
[2024-06-17T18:01:45.008+0000] {logging_mixin.py:151} INFO - [2024-06-17T18:01:45.008+0000] {dagbag.py:539} INFO - Filling up the DagBag from /home/airflow/.local/lib/python3.8/site-packages/airflow/example_dags/example_params_trigger_ui.py
[2024-06-17T18:01:45.024+0000] {processor.py:839} INFO - DAG(s) dict_keys(['example_params_trigger_ui']) retrieved from /home/airflow/.local/lib/python3.8/site-packages/airflow/example_dags/example_params_trigger_ui.py
[2024-06-17T18:01:45.049+0000] {logging_mixin.py:151} INFO - [2024-06-17T18:01:45.049+0000] {dag.py:2907} INFO - Sync 1 DAGs
[2024-06-17T18:01:45.056+0000] {logging_mixin.py:151} INFO - [2024-06-17T18:01:45.056+0000] {dag.py:3677} INFO - Setting next_dagrun for example_params_trigger_ui to None, run_after=None
[2024-06-17T18:01:45.063+0000] {processor.py:179} INFO - Processing /home/airflow/.local/lib/python3.8/site-packages/airflow/example_dags/example_params_trigger_ui.py took 0.062 seconds
[2024-06-17T18:02:15.596+0000] {processor.py:157} INFO - Started process (PID=645) to work on /home/airflow/.local/lib/python3.8/site-packages/airflow/example_dags/example_params_trigger_ui.py
[2024-06-17T18:02:15.597+0000] {processor.py:829} INFO - Processing file /home/airflow/.local/lib/python3.8/site-packages/airflow/example_dags/example_params_trigger_ui.py for tasks to queue
[2024-06-17T18:02:15.600+0000] {logging_mixin.py:151} INFO - [2024-06-17T18:02:15.599+0000] {dagbag.py:539} INFO - Filling up the DagBag from /home/airflow/.local/lib/python3.8/site-packages/airflow/example_dags/example_params_trigger_ui.py
[2024-06-17T18:02:15.613+0000] {processor.py:839} INFO - DAG(s) dict_keys(['example_params_trigger_ui']) retrieved from /home/airflow/.local/lib/python3.8/site-packages/airflow/example_dags/example_params_trigger_ui.py
[2024-06-17T18:02:15.639+0000] {logging_mixin.py:151} INFO - [2024-06-17T18:02:15.638+0000] {dag.py:2907} INFO - Sync 1 DAGs
[2024-06-17T18:02:15.645+0000] {logging_mixin.py:151} INFO - [2024-06-17T18:02:15.645+0000] {dag.py:3677} INFO - Setting next_dagrun for example_params_trigger_ui to None, run_after=None
[2024-06-17T18:02:15.652+0000] {processor.py:179} INFO - Processing /home/airflow/.local/lib/python3.8/site-packages/airflow/example_dags/example_params_trigger_ui.py took 0.059 seconds
[2024-06-17T18:02:46.162+0000] {processor.py:157} INFO - Started process (PID=700) to work on /home/airflow/.local/lib/python3.8/site-packages/airflow/example_dags/example_params_trigger_ui.py
[2024-06-17T18:02:46.163+0000] {processor.py:829} INFO - Processing file /home/airflow/.local/lib/python3.8/site-packages/airflow/example_dags/example_params_trigger_ui.py for tasks to queue
[2024-06-17T18:02:46.165+0000] {logging_mixin.py:151} INFO - [2024-06-17T18:02:46.165+0000] {dagbag.py:539} INFO - Filling up the DagBag from /home/airflow/.local/lib/python3.8/site-packages/airflow/example_dags/example_params_trigger_ui.py
[2024-06-17T18:02:46.181+0000] {processor.py:839} INFO - DAG(s) dict_keys(['example_params_trigger_ui']) retrieved from /home/airflow/.local/lib/python3.8/site-packages/airflow/example_dags/example_params_trigger_ui.py
[2024-06-17T18:02:46.207+0000] {logging_mixin.py:151} INFO - [2024-06-17T18:02:46.206+0000] {dag.py:2907} INFO - Sync 1 DAGs
[2024-06-17T18:02:46.213+0000] {logging_mixin.py:151} INFO - [2024-06-17T18:02:46.213+0000] {dag.py:3677} INFO - Setting next_dagrun for example_params_trigger_ui to None, run_after=None
[2024-06-17T18:02:46.220+0000] {processor.py:179} INFO - Processing /home/airflow/.local/lib/python3.8/site-packages/airflow/example_dags/example_params_trigger_ui.py took 0.062 seconds
[2024-06-17T18:03:16.671+0000] {processor.py:157} INFO - Started process (PID=755) to work on /home/airflow/.local/lib/python3.8/site-packages/airflow/example_dags/example_params_trigger_ui.py
[2024-06-17T18:03:16.672+0000] {processor.py:829} INFO - Processing file /home/airflow/.local/lib/python3.8/site-packages/airflow/example_dags/example_params_trigger_ui.py for tasks to queue
[2024-06-17T18:03:16.674+0000] {logging_mixin.py:151} INFO - [2024-06-17T18:03:16.674+0000] {dagbag.py:539} INFO - Filling up the DagBag from /home/airflow/.local/lib/python3.8/site-packages/airflow/example_dags/example_params_trigger_ui.py
[2024-06-17T18:03:16.689+0000] {processor.py:839} INFO - DAG(s) dict_keys(['example_params_trigger_ui']) retrieved from /home/airflow/.local/lib/python3.8/site-packages/airflow/example_dags/example_params_trigger_ui.py
[2024-06-17T18:03:16.720+0000] {logging_mixin.py:151} INFO - [2024-06-17T18:03:16.720+0000] {dag.py:2907} INFO - Sync 1 DAGs
[2024-06-17T18:03:16.727+0000] {logging_mixin.py:151} INFO - [2024-06-17T18:03:16.727+0000] {dag.py:3677} INFO - Setting next_dagrun for example_params_trigger_ui to None, run_after=None
[2024-06-17T18:03:16.735+0000] {processor.py:179} INFO - Processing /home/airflow/.local/lib/python3.8/site-packages/airflow/example_dags/example_params_trigger_ui.py took 0.069 seconds
[2024-06-17T18:03:47.133+0000] {processor.py:157} INFO - Started process (PID=810) to work on /home/airflow/.local/lib/python3.8/site-packages/airflow/example_dags/example_params_trigger_ui.py
[2024-06-17T18:03:47.133+0000] {processor.py:829} INFO - Processing file /home/airflow/.local/lib/python3.8/site-packages/airflow/example_dags/example_params_trigger_ui.py for tasks to queue
[2024-06-17T18:03:47.135+0000] {logging_mixin.py:151} INFO - [2024-06-17T18:03:47.135+0000] {dagbag.py:539} INFO - Filling up the DagBag from /home/airflow/.local/lib/python3.8/site-packages/airflow/example_dags/example_params_trigger_ui.py
[2024-06-17T18:03:47.148+0000] {processor.py:839} INFO - DAG(s) dict_keys(['example_params_trigger_ui']) retrieved from /home/airflow/.local/lib/python3.8/site-packages/airflow/example_dags/example_params_trigger_ui.py
[2024-06-17T18:03:47.173+0000] {logging_mixin.py:151} INFO - [2024-06-17T18:03:47.173+0000] {dag.py:2907} INFO - Sync 1 DAGs
[2024-06-17T18:03:47.179+0000] {logging_mixin.py:151} INFO - [2024-06-17T18:03:47.179+0000] {dag.py:3677} INFO - Setting next_dagrun for example_params_trigger_ui to None, run_after=None
[2024-06-17T18:03:47.187+0000] {processor.py:179} INFO - Processing /home/airflow/.local/lib/python3.8/site-packages/airflow/example_dags/example_params_trigger_ui.py took 0.058 seconds
[2024-06-17T18:04:17.633+0000] {processor.py:157} INFO - Started process (PID=865) to work on /home/airflow/.local/lib/python3.8/site-packages/airflow/example_dags/example_params_trigger_ui.py
[2024-06-17T18:04:17.633+0000] {processor.py:829} INFO - Processing file /home/airflow/.local/lib/python3.8/site-packages/airflow/example_dags/example_params_trigger_ui.py for tasks to queue
[2024-06-17T18:04:17.634+0000] {logging_mixin.py:151} INFO - [2024-06-17T18:04:17.634+0000] {dagbag.py:539} INFO - Filling up the DagBag from /home/airflow/.local/lib/python3.8/site-packages/airflow/example_dags/example_params_trigger_ui.py
[2024-06-17T18:04:17.645+0000] {processor.py:839} INFO - DAG(s) dict_keys(['example_params_trigger_ui']) retrieved from /home/airflow/.local/lib/python3.8/site-packages/airflow/example_dags/example_params_trigger_ui.py
[2024-06-17T18:04:17.668+0000] {logging_mixin.py:151} INFO - [2024-06-17T18:04:17.668+0000] {dag.py:2907} INFO - Sync 1 DAGs
[2024-06-17T18:04:17.676+0000] {logging_mixin.py:151} INFO - [2024-06-17T18:04:17.675+0000] {dag.py:3677} INFO - Setting next_dagrun for example_params_trigger_ui to None, run_after=None
[2024-06-17T18:04:17.684+0000] {processor.py:179} INFO - Processing /home/airflow/.local/lib/python3.8/site-packages/airflow/example_dags/example_params_trigger_ui.py took 0.053 seconds
[2024-06-17T18:04:43.230+0000] {processor.py:157} INFO - Started process (PID=39) to work on /home/airflow/.local/lib/python3.8/site-packages/airflow/example_dags/example_params_trigger_ui.py
[2024-06-17T18:04:43.231+0000] {processor.py:829} INFO - Processing file /home/airflow/.local/lib/python3.8/site-packages/airflow/example_dags/example_params_trigger_ui.py for tasks to queue
[2024-06-17T18:04:43.233+0000] {logging_mixin.py:151} INFO - [2024-06-17T18:04:43.232+0000] {dagbag.py:539} INFO - Filling up the DagBag from /home/airflow/.local/lib/python3.8/site-packages/airflow/example_dags/example_params_trigger_ui.py
[2024-06-17T18:04:43.242+0000] {processor.py:839} INFO - DAG(s) dict_keys(['example_params_trigger_ui']) retrieved from /home/airflow/.local/lib/python3.8/site-packages/airflow/example_dags/example_params_trigger_ui.py
[2024-06-17T18:04:43.253+0000] {logging_mixin.py:151} INFO - [2024-06-17T18:04:43.253+0000] {dag.py:2907} INFO - Sync 1 DAGs
[2024-06-17T18:04:43.259+0000] {logging_mixin.py:151} INFO - [2024-06-17T18:04:43.259+0000] {dag.py:3677} INFO - Setting next_dagrun for example_params_trigger_ui to None, run_after=None
[2024-06-17T18:04:43.267+0000] {processor.py:179} INFO - Processing /home/airflow/.local/lib/python3.8/site-packages/airflow/example_dags/example_params_trigger_ui.py took 0.039 seconds
[2024-06-17T18:05:14.025+0000] {processor.py:157} INFO - Started process (PID=94) to work on /home/airflow/.local/lib/python3.8/site-packages/airflow/example_dags/example_params_trigger_ui.py
[2024-06-17T18:05:14.026+0000] {processor.py:829} INFO - Processing file /home/airflow/.local/lib/python3.8/site-packages/airflow/example_dags/example_params_trigger_ui.py for tasks to queue
[2024-06-17T18:05:14.029+0000] {logging_mixin.py:151} INFO - [2024-06-17T18:05:14.029+0000] {dagbag.py:539} INFO - Filling up the DagBag from /home/airflow/.local/lib/python3.8/site-packages/airflow/example_dags/example_params_trigger_ui.py
[2024-06-17T18:05:14.147+0000] {processor.py:839} INFO - DAG(s) dict_keys(['example_params_trigger_ui']) retrieved from /home/airflow/.local/lib/python3.8/site-packages/airflow/example_dags/example_params_trigger_ui.py
[2024-06-17T18:05:14.167+0000] {logging_mixin.py:151} INFO - [2024-06-17T18:05:14.167+0000] {dag.py:2907} INFO - Sync 1 DAGs
[2024-06-17T18:05:14.172+0000] {logging_mixin.py:151} INFO - [2024-06-17T18:05:14.171+0000] {dag.py:3677} INFO - Setting next_dagrun for example_params_trigger_ui to None, run_after=None
[2024-06-17T18:05:14.179+0000] {processor.py:179} INFO - Processing /home/airflow/.local/lib/python3.8/site-packages/airflow/example_dags/example_params_trigger_ui.py took 0.157 seconds
[2024-06-17T18:05:44.563+0000] {processor.py:157} INFO - Started process (PID=149) to work on /home/airflow/.local/lib/python3.8/site-packages/airflow/example_dags/example_params_trigger_ui.py
[2024-06-17T18:05:44.564+0000] {processor.py:829} INFO - Processing file /home/airflow/.local/lib/python3.8/site-packages/airflow/example_dags/example_params_trigger_ui.py for tasks to queue
[2024-06-17T18:05:44.566+0000] {logging_mixin.py:151} INFO - [2024-06-17T18:05:44.565+0000] {dagbag.py:539} INFO - Filling up the DagBag from /home/airflow/.local/lib/python3.8/site-packages/airflow/example_dags/example_params_trigger_ui.py
[2024-06-17T18:05:44.579+0000] {processor.py:839} INFO - DAG(s) dict_keys(['example_params_trigger_ui']) retrieved from /home/airflow/.local/lib/python3.8/site-packages/airflow/example_dags/example_params_trigger_ui.py
[2024-06-17T18:05:44.605+0000] {logging_mixin.py:151} INFO - [2024-06-17T18:05:44.605+0000] {dag.py:2907} INFO - Sync 1 DAGs
[2024-06-17T18:05:44.611+0000] {logging_mixin.py:151} INFO - [2024-06-17T18:05:44.611+0000] {dag.py:3677} INFO - Setting next_dagrun for example_params_trigger_ui to None, run_after=None
[2024-06-17T18:05:44.618+0000] {processor.py:179} INFO - Processing /home/airflow/.local/lib/python3.8/site-packages/airflow/example_dags/example_params_trigger_ui.py took 0.058 seconds
[2024-06-17T18:06:15.230+0000] {processor.py:157} INFO - Started process (PID=204) to work on /home/airflow/.local/lib/python3.8/site-packages/airflow/example_dags/example_params_trigger_ui.py
[2024-06-17T18:06:15.232+0000] {processor.py:829} INFO - Processing file /home/airflow/.local/lib/python3.8/site-packages/airflow/example_dags/example_params_trigger_ui.py for tasks to queue
[2024-06-17T18:06:15.233+0000] {logging_mixin.py:151} INFO - [2024-06-17T18:06:15.233+0000] {dagbag.py:539} INFO - Filling up the DagBag from /home/airflow/.local/lib/python3.8/site-packages/airflow/example_dags/example_params_trigger_ui.py
[2024-06-17T18:06:15.245+0000] {processor.py:839} INFO - DAG(s) dict_keys(['example_params_trigger_ui']) retrieved from /home/airflow/.local/lib/python3.8/site-packages/airflow/example_dags/example_params_trigger_ui.py
[2024-06-17T18:06:15.270+0000] {logging_mixin.py:151} INFO - [2024-06-17T18:06:15.270+0000] {dag.py:2907} INFO - Sync 1 DAGs
[2024-06-17T18:06:15.276+0000] {logging_mixin.py:151} INFO - [2024-06-17T18:06:15.276+0000] {dag.py:3677} INFO - Setting next_dagrun for example_params_trigger_ui to None, run_after=None
[2024-06-17T18:06:15.284+0000] {processor.py:179} INFO - Processing /home/airflow/.local/lib/python3.8/site-packages/airflow/example_dags/example_params_trigger_ui.py took 0.057 seconds
[2024-06-17T18:06:45.867+0000] {processor.py:157} INFO - Started process (PID=259) to work on /home/airflow/.local/lib/python3.8/site-packages/airflow/example_dags/example_params_trigger_ui.py
[2024-06-17T18:06:45.868+0000] {processor.py:829} INFO - Processing file /home/airflow/.local/lib/python3.8/site-packages/airflow/example_dags/example_params_trigger_ui.py for tasks to queue
[2024-06-17T18:06:45.869+0000] {logging_mixin.py:151} INFO - [2024-06-17T18:06:45.869+0000] {dagbag.py:539} INFO - Filling up the DagBag from /home/airflow/.local/lib/python3.8/site-packages/airflow/example_dags/example_params_trigger_ui.py
[2024-06-17T18:06:45.883+0000] {processor.py:839} INFO - DAG(s) dict_keys(['example_params_trigger_ui']) retrieved from /home/airflow/.local/lib/python3.8/site-packages/airflow/example_dags/example_params_trigger_ui.py
[2024-06-17T18:06:45.908+0000] {logging_mixin.py:151} INFO - [2024-06-17T18:06:45.908+0000] {dag.py:2907} INFO - Sync 1 DAGs
[2024-06-17T18:06:45.914+0000] {logging_mixin.py:151} INFO - [2024-06-17T18:06:45.914+0000] {dag.py:3677} INFO - Setting next_dagrun for example_params_trigger_ui to None, run_after=None
[2024-06-17T18:06:45.922+0000] {processor.py:179} INFO - Processing /home/airflow/.local/lib/python3.8/site-packages/airflow/example_dags/example_params_trigger_ui.py took 0.058 seconds
[2024-06-17T18:07:16.265+0000] {processor.py:157} INFO - Started process (PID=314) to work on /home/airflow/.local/lib/python3.8/site-packages/airflow/example_dags/example_params_trigger_ui.py
[2024-06-17T18:07:16.267+0000] {processor.py:829} INFO - Processing file /home/airflow/.local/lib/python3.8/site-packages/airflow/example_dags/example_params_trigger_ui.py for tasks to queue
[2024-06-17T18:07:16.269+0000] {logging_mixin.py:151} INFO - [2024-06-17T18:07:16.269+0000] {dagbag.py:539} INFO - Filling up the DagBag from /home/airflow/.local/lib/python3.8/site-packages/airflow/example_dags/example_params_trigger_ui.py
[2024-06-17T18:07:16.283+0000] {processor.py:839} INFO - DAG(s) dict_keys(['example_params_trigger_ui']) retrieved from /home/airflow/.local/lib/python3.8/site-packages/airflow/example_dags/example_params_trigger_ui.py
[2024-06-17T18:07:16.309+0000] {logging_mixin.py:151} INFO - [2024-06-17T18:07:16.309+0000] {dag.py:2907} INFO - Sync 1 DAGs
[2024-06-17T18:07:16.316+0000] {logging_mixin.py:151} INFO - [2024-06-17T18:07:16.315+0000] {dag.py:3677} INFO - Setting next_dagrun for example_params_trigger_ui to None, run_after=None
[2024-06-17T18:07:16.323+0000] {processor.py:179} INFO - Processing /home/airflow/.local/lib/python3.8/site-packages/airflow/example_dags/example_params_trigger_ui.py took 0.062 seconds
[2024-06-17T18:07:46.700+0000] {processor.py:157} INFO - Started process (PID=369) to work on /home/airflow/.local/lib/python3.8/site-packages/airflow/example_dags/example_params_trigger_ui.py
[2024-06-17T18:07:46.701+0000] {processor.py:829} INFO - Processing file /home/airflow/.local/lib/python3.8/site-packages/airflow/example_dags/example_params_trigger_ui.py for tasks to queue
[2024-06-17T18:07:46.703+0000] {logging_mixin.py:151} INFO - [2024-06-17T18:07:46.703+0000] {dagbag.py:539} INFO - Filling up the DagBag from /home/airflow/.local/lib/python3.8/site-packages/airflow/example_dags/example_params_trigger_ui.py
[2024-06-17T18:07:46.722+0000] {processor.py:839} INFO - DAG(s) dict_keys(['example_params_trigger_ui']) retrieved from /home/airflow/.local/lib/python3.8/site-packages/airflow/example_dags/example_params_trigger_ui.py
[2024-06-17T18:07:46.896+0000] {logging_mixin.py:151} INFO - [2024-06-17T18:07:46.896+0000] {process_utils.py:259} INFO - Waiting up to 5 seconds for processes to exit...
