[2024-06-17T17:56:40.456+0000] {processor.py:157} INFO - Started process (PID=47) to work on /home/airflow/.local/lib/python3.8/site-packages/airflow/example_dags/example_setup_teardown.py
[2024-06-17T17:56:40.458+0000] {processor.py:829} INFO - Processing file /home/airflow/.local/lib/python3.8/site-packages/airflow/example_dags/example_setup_teardown.py for tasks to queue
[2024-06-17T17:56:40.460+0000] {logging_mixin.py:151} INFO - [2024-06-17T17:56:40.460+0000] {dagbag.py:539} INFO - Filling up the DagBag from /home/airflow/.local/lib/python3.8/site-packages/airflow/example_dags/example_setup_teardown.py
[2024-06-17T17:56:40.464+0000] {processor.py:839} INFO - DAG(s) dict_keys(['example_setup_teardown']) retrieved from /home/airflow/.local/lib/python3.8/site-packages/airflow/example_dags/example_setup_teardown.py
[2024-06-17T17:56:40.586+0000] {logging_mixin.py:151} INFO - [2024-06-17T17:56:40.586+0000] {manager.py:501} INFO - Created Permission View: can delete on DAG:example_setup_teardown
[2024-06-17T17:56:40.590+0000] {logging_mixin.py:151} INFO - [2024-06-17T17:56:40.590+0000] {manager.py:501} INFO - Created Permission View: can read on DAG:example_setup_teardown
[2024-06-17T17:56:40.593+0000] {logging_mixin.py:151} INFO - [2024-06-17T17:56:40.593+0000] {manager.py:501} INFO - Created Permission View: can edit on DAG:example_setup_teardown
[2024-06-17T17:56:40.598+0000] {logging_mixin.py:151} INFO - [2024-06-17T17:56:40.598+0000] {dag.py:2907} INFO - Sync 1 DAGs
[2024-06-17T17:56:40.605+0000] {logging_mixin.py:151} INFO - [2024-06-17T17:56:40.605+0000] {dag.py:2929} INFO - Creating ORM DAG for example_setup_teardown
[2024-06-17T17:56:40.609+0000] {logging_mixin.py:151} INFO - [2024-06-17T17:56:40.609+0000] {dag.py:3677} INFO - Setting next_dagrun for example_setup_teardown to 2024-06-16T17:56:40.609379+00:00, run_after=2024-06-17T17:56:40.609379+00:00
[2024-06-17T17:56:40.617+0000] {processor.py:179} INFO - Processing /home/airflow/.local/lib/python3.8/site-packages/airflow/example_dags/example_setup_teardown.py took 0.162 seconds
[2024-06-17T17:57:11.377+0000] {processor.py:157} INFO - Started process (PID=102) to work on /home/airflow/.local/lib/python3.8/site-packages/airflow/example_dags/example_setup_teardown.py
[2024-06-17T17:57:11.378+0000] {processor.py:829} INFO - Processing file /home/airflow/.local/lib/python3.8/site-packages/airflow/example_dags/example_setup_teardown.py for tasks to queue
[2024-06-17T17:57:11.379+0000] {logging_mixin.py:151} INFO - [2024-06-17T17:57:11.379+0000] {dagbag.py:539} INFO - Filling up the DagBag from /home/airflow/.local/lib/python3.8/site-packages/airflow/example_dags/example_setup_teardown.py
[2024-06-17T17:57:11.381+0000] {processor.py:839} INFO - DAG(s) dict_keys(['example_setup_teardown']) retrieved from /home/airflow/.local/lib/python3.8/site-packages/airflow/example_dags/example_setup_teardown.py
[2024-06-17T17:57:11.390+0000] {logging_mixin.py:151} INFO - [2024-06-17T17:57:11.390+0000] {dag.py:2907} INFO - Sync 1 DAGs
[2024-06-17T17:57:11.399+0000] {logging_mixin.py:151} INFO - [2024-06-17T17:57:11.399+0000] {dag.py:3677} INFO - Setting next_dagrun for example_setup_teardown to 2024-06-16T17:57:11.399089+00:00, run_after=2024-06-17T17:57:11.399089+00:00
[2024-06-17T17:57:11.405+0000] {processor.py:179} INFO - Processing /home/airflow/.local/lib/python3.8/site-packages/airflow/example_dags/example_setup_teardown.py took 0.029 seconds
[2024-06-17T17:57:41.944+0000] {processor.py:157} INFO - Started process (PID=157) to work on /home/airflow/.local/lib/python3.8/site-packages/airflow/example_dags/example_setup_teardown.py
[2024-06-17T17:57:41.944+0000] {processor.py:829} INFO - Processing file /home/airflow/.local/lib/python3.8/site-packages/airflow/example_dags/example_setup_teardown.py for tasks to queue
[2024-06-17T17:57:41.945+0000] {logging_mixin.py:151} INFO - [2024-06-17T17:57:41.945+0000] {dagbag.py:539} INFO - Filling up the DagBag from /home/airflow/.local/lib/python3.8/site-packages/airflow/example_dags/example_setup_teardown.py
[2024-06-17T17:57:41.948+0000] {processor.py:839} INFO - DAG(s) dict_keys(['example_setup_teardown']) retrieved from /home/airflow/.local/lib/python3.8/site-packages/airflow/example_dags/example_setup_teardown.py
[2024-06-17T17:57:41.956+0000] {logging_mixin.py:151} INFO - [2024-06-17T17:57:41.956+0000] {dag.py:2907} INFO - Sync 1 DAGs
[2024-06-17T17:57:41.965+0000] {logging_mixin.py:151} INFO - [2024-06-17T17:57:41.964+0000] {dag.py:3677} INFO - Setting next_dagrun for example_setup_teardown to 2024-06-16T17:57:41.964492+00:00, run_after=2024-06-17T17:57:41.964492+00:00
[2024-06-17T17:57:41.971+0000] {processor.py:179} INFO - Processing /home/airflow/.local/lib/python3.8/site-packages/airflow/example_dags/example_setup_teardown.py took 0.029 seconds
[2024-06-17T17:58:12.515+0000] {processor.py:157} INFO - Started process (PID=212) to work on /home/airflow/.local/lib/python3.8/site-packages/airflow/example_dags/example_setup_teardown.py
[2024-06-17T17:58:12.516+0000] {processor.py:829} INFO - Processing file /home/airflow/.local/lib/python3.8/site-packages/airflow/example_dags/example_setup_teardown.py for tasks to queue
[2024-06-17T17:58:12.517+0000] {logging_mixin.py:151} INFO - [2024-06-17T17:58:12.517+0000] {dagbag.py:539} INFO - Filling up the DagBag from /home/airflow/.local/lib/python3.8/site-packages/airflow/example_dags/example_setup_teardown.py
[2024-06-17T17:58:12.520+0000] {processor.py:839} INFO - DAG(s) dict_keys(['example_setup_teardown']) retrieved from /home/airflow/.local/lib/python3.8/site-packages/airflow/example_dags/example_setup_teardown.py
[2024-06-17T17:58:12.529+0000] {logging_mixin.py:151} INFO - [2024-06-17T17:58:12.529+0000] {dag.py:2907} INFO - Sync 1 DAGs
[2024-06-17T17:58:12.537+0000] {logging_mixin.py:151} INFO - [2024-06-17T17:58:12.537+0000] {dag.py:3677} INFO - Setting next_dagrun for example_setup_teardown to 2024-06-16T17:58:12.537636+00:00, run_after=2024-06-17T17:58:12.537636+00:00
[2024-06-17T17:58:12.544+0000] {processor.py:179} INFO - Processing /home/airflow/.local/lib/python3.8/site-packages/airflow/example_dags/example_setup_teardown.py took 0.030 seconds
[2024-06-17T17:58:43.027+0000] {processor.py:157} INFO - Started process (PID=267) to work on /home/airflow/.local/lib/python3.8/site-packages/airflow/example_dags/example_setup_teardown.py
[2024-06-17T17:58:43.028+0000] {processor.py:829} INFO - Processing file /home/airflow/.local/lib/python3.8/site-packages/airflow/example_dags/example_setup_teardown.py for tasks to queue
[2024-06-17T17:58:43.028+0000] {logging_mixin.py:151} INFO - [2024-06-17T17:58:43.028+0000] {dagbag.py:539} INFO - Filling up the DagBag from /home/airflow/.local/lib/python3.8/site-packages/airflow/example_dags/example_setup_teardown.py
[2024-06-17T17:58:43.031+0000] {processor.py:839} INFO - DAG(s) dict_keys(['example_setup_teardown']) retrieved from /home/airflow/.local/lib/python3.8/site-packages/airflow/example_dags/example_setup_teardown.py
[2024-06-17T17:58:43.040+0000] {logging_mixin.py:151} INFO - [2024-06-17T17:58:43.040+0000] {dag.py:2907} INFO - Sync 1 DAGs
[2024-06-17T17:58:43.048+0000] {logging_mixin.py:151} INFO - [2024-06-17T17:58:43.048+0000] {dag.py:3677} INFO - Setting next_dagrun for example_setup_teardown to 2024-06-16T17:58:43.048240+00:00, run_after=2024-06-17T17:58:43.048240+00:00
[2024-06-17T17:58:43.055+0000] {processor.py:179} INFO - Processing /home/airflow/.local/lib/python3.8/site-packages/airflow/example_dags/example_setup_teardown.py took 0.029 seconds
[2024-06-17T17:59:13.574+0000] {processor.py:157} INFO - Started process (PID=322) to work on /home/airflow/.local/lib/python3.8/site-packages/airflow/example_dags/example_setup_teardown.py
[2024-06-17T17:59:13.575+0000] {processor.py:829} INFO - Processing file /home/airflow/.local/lib/python3.8/site-packages/airflow/example_dags/example_setup_teardown.py for tasks to queue
[2024-06-17T17:59:13.576+0000] {logging_mixin.py:151} INFO - [2024-06-17T17:59:13.575+0000] {dagbag.py:539} INFO - Filling up the DagBag from /home/airflow/.local/lib/python3.8/site-packages/airflow/example_dags/example_setup_teardown.py
[2024-06-17T17:59:13.578+0000] {processor.py:839} INFO - DAG(s) dict_keys(['example_setup_teardown']) retrieved from /home/airflow/.local/lib/python3.8/site-packages/airflow/example_dags/example_setup_teardown.py
[2024-06-17T17:59:13.586+0000] {logging_mixin.py:151} INFO - [2024-06-17T17:59:13.586+0000] {dag.py:2907} INFO - Sync 1 DAGs
[2024-06-17T17:59:13.595+0000] {logging_mixin.py:151} INFO - [2024-06-17T17:59:13.595+0000] {dag.py:3677} INFO - Setting next_dagrun for example_setup_teardown to 2024-06-16T17:59:13.595277+00:00, run_after=2024-06-17T17:59:13.595277+00:00
[2024-06-17T17:59:13.602+0000] {processor.py:179} INFO - Processing /home/airflow/.local/lib/python3.8/site-packages/airflow/example_dags/example_setup_teardown.py took 0.029 seconds
[2024-06-17T17:59:44.041+0000] {processor.py:157} INFO - Started process (PID=377) to work on /home/airflow/.local/lib/python3.8/site-packages/airflow/example_dags/example_setup_teardown.py
[2024-06-17T17:59:44.041+0000] {processor.py:829} INFO - Processing file /home/airflow/.local/lib/python3.8/site-packages/airflow/example_dags/example_setup_teardown.py for tasks to queue
[2024-06-17T17:59:44.042+0000] {logging_mixin.py:151} INFO - [2024-06-17T17:59:44.042+0000] {dagbag.py:539} INFO - Filling up the DagBag from /home/airflow/.local/lib/python3.8/site-packages/airflow/example_dags/example_setup_teardown.py
[2024-06-17T17:59:44.045+0000] {processor.py:839} INFO - DAG(s) dict_keys(['example_setup_teardown']) retrieved from /home/airflow/.local/lib/python3.8/site-packages/airflow/example_dags/example_setup_teardown.py
[2024-06-17T17:59:44.054+0000] {logging_mixin.py:151} INFO - [2024-06-17T17:59:44.054+0000] {dag.py:2907} INFO - Sync 1 DAGs
[2024-06-17T17:59:44.062+0000] {logging_mixin.py:151} INFO - [2024-06-17T17:59:44.062+0000] {dag.py:3677} INFO - Setting next_dagrun for example_setup_teardown to 2024-06-16T17:59:44.062219+00:00, run_after=2024-06-17T17:59:44.062219+00:00
[2024-06-17T17:59:44.068+0000] {processor.py:179} INFO - Processing /home/airflow/.local/lib/python3.8/site-packages/airflow/example_dags/example_setup_teardown.py took 0.029 seconds
[2024-06-17T18:00:14.596+0000] {processor.py:157} INFO - Started process (PID=432) to work on /home/airflow/.local/lib/python3.8/site-packages/airflow/example_dags/example_setup_teardown.py
[2024-06-17T18:00:14.596+0000] {processor.py:829} INFO - Processing file /home/airflow/.local/lib/python3.8/site-packages/airflow/example_dags/example_setup_teardown.py for tasks to queue
[2024-06-17T18:00:14.597+0000] {logging_mixin.py:151} INFO - [2024-06-17T18:00:14.597+0000] {dagbag.py:539} INFO - Filling up the DagBag from /home/airflow/.local/lib/python3.8/site-packages/airflow/example_dags/example_setup_teardown.py
[2024-06-17T18:00:14.600+0000] {processor.py:839} INFO - DAG(s) dict_keys(['example_setup_teardown']) retrieved from /home/airflow/.local/lib/python3.8/site-packages/airflow/example_dags/example_setup_teardown.py
[2024-06-17T18:00:14.609+0000] {logging_mixin.py:151} INFO - [2024-06-17T18:00:14.609+0000] {dag.py:2907} INFO - Sync 1 DAGs
[2024-06-17T18:00:14.618+0000] {logging_mixin.py:151} INFO - [2024-06-17T18:00:14.618+0000] {dag.py:3677} INFO - Setting next_dagrun for example_setup_teardown to 2024-06-16T18:00:14.618347+00:00, run_after=2024-06-17T18:00:14.618347+00:00
[2024-06-17T18:00:14.625+0000] {processor.py:179} INFO - Processing /home/airflow/.local/lib/python3.8/site-packages/airflow/example_dags/example_setup_teardown.py took 0.031 seconds
[2024-06-17T18:00:45.082+0000] {processor.py:157} INFO - Started process (PID=487) to work on /home/airflow/.local/lib/python3.8/site-packages/airflow/example_dags/example_setup_teardown.py
[2024-06-17T18:00:45.082+0000] {processor.py:829} INFO - Processing file /home/airflow/.local/lib/python3.8/site-packages/airflow/example_dags/example_setup_teardown.py for tasks to queue
[2024-06-17T18:00:45.083+0000] {logging_mixin.py:151} INFO - [2024-06-17T18:00:45.083+0000] {dagbag.py:539} INFO - Filling up the DagBag from /home/airflow/.local/lib/python3.8/site-packages/airflow/example_dags/example_setup_teardown.py
[2024-06-17T18:00:45.086+0000] {processor.py:839} INFO - DAG(s) dict_keys(['example_setup_teardown']) retrieved from /home/airflow/.local/lib/python3.8/site-packages/airflow/example_dags/example_setup_teardown.py
[2024-06-17T18:00:45.096+0000] {logging_mixin.py:151} INFO - [2024-06-17T18:00:45.096+0000] {dag.py:2907} INFO - Sync 1 DAGs
[2024-06-17T18:00:45.106+0000] {logging_mixin.py:151} INFO - [2024-06-17T18:00:45.105+0000] {dag.py:3677} INFO - Setting next_dagrun for example_setup_teardown to 2024-06-16T18:00:45.105809+00:00, run_after=2024-06-17T18:00:45.105809+00:00
[2024-06-17T18:00:45.113+0000] {processor.py:179} INFO - Processing /home/airflow/.local/lib/python3.8/site-packages/airflow/example_dags/example_setup_teardown.py took 0.033 seconds
[2024-06-17T18:01:15.654+0000] {processor.py:157} INFO - Started process (PID=542) to work on /home/airflow/.local/lib/python3.8/site-packages/airflow/example_dags/example_setup_teardown.py
[2024-06-17T18:01:15.654+0000] {processor.py:829} INFO - Processing file /home/airflow/.local/lib/python3.8/site-packages/airflow/example_dags/example_setup_teardown.py for tasks to queue
[2024-06-17T18:01:15.655+0000] {logging_mixin.py:151} INFO - [2024-06-17T18:01:15.655+0000] {dagbag.py:539} INFO - Filling up the DagBag from /home/airflow/.local/lib/python3.8/site-packages/airflow/example_dags/example_setup_teardown.py
[2024-06-17T18:01:15.658+0000] {processor.py:839} INFO - DAG(s) dict_keys(['example_setup_teardown']) retrieved from /home/airflow/.local/lib/python3.8/site-packages/airflow/example_dags/example_setup_teardown.py
[2024-06-17T18:01:15.666+0000] {logging_mixin.py:151} INFO - [2024-06-17T18:01:15.666+0000] {dag.py:2907} INFO - Sync 1 DAGs
[2024-06-17T18:01:15.675+0000] {logging_mixin.py:151} INFO - [2024-06-17T18:01:15.675+0000] {dag.py:3677} INFO - Setting next_dagrun for example_setup_teardown to 2024-06-16T18:01:15.675032+00:00, run_after=2024-06-17T18:01:15.675032+00:00
[2024-06-17T18:01:15.681+0000] {processor.py:179} INFO - Processing /home/airflow/.local/lib/python3.8/site-packages/airflow/example_dags/example_setup_teardown.py took 0.029 seconds
[2024-06-17T18:01:46.220+0000] {processor.py:157} INFO - Started process (PID=597) to work on /home/airflow/.local/lib/python3.8/site-packages/airflow/example_dags/example_setup_teardown.py
[2024-06-17T18:01:46.220+0000] {processor.py:829} INFO - Processing file /home/airflow/.local/lib/python3.8/site-packages/airflow/example_dags/example_setup_teardown.py for tasks to queue
[2024-06-17T18:01:46.221+0000] {logging_mixin.py:151} INFO - [2024-06-17T18:01:46.221+0000] {dagbag.py:539} INFO - Filling up the DagBag from /home/airflow/.local/lib/python3.8/site-packages/airflow/example_dags/example_setup_teardown.py
[2024-06-17T18:01:46.225+0000] {processor.py:839} INFO - DAG(s) dict_keys(['example_setup_teardown']) retrieved from /home/airflow/.local/lib/python3.8/site-packages/airflow/example_dags/example_setup_teardown.py
[2024-06-17T18:01:46.235+0000] {logging_mixin.py:151} INFO - [2024-06-17T18:01:46.235+0000] {dag.py:2907} INFO - Sync 1 DAGs
[2024-06-17T18:01:46.244+0000] {logging_mixin.py:151} INFO - [2024-06-17T18:01:46.243+0000] {dag.py:3677} INFO - Setting next_dagrun for example_setup_teardown to 2024-06-16T18:01:46.243853+00:00, run_after=2024-06-17T18:01:46.243853+00:00
[2024-06-17T18:01:46.251+0000] {processor.py:179} INFO - Processing /home/airflow/.local/lib/python3.8/site-packages/airflow/example_dags/example_setup_teardown.py took 0.033 seconds
[2024-06-17T18:02:16.799+0000] {processor.py:157} INFO - Started process (PID=652) to work on /home/airflow/.local/lib/python3.8/site-packages/airflow/example_dags/example_setup_teardown.py
[2024-06-17T18:02:16.800+0000] {processor.py:829} INFO - Processing file /home/airflow/.local/lib/python3.8/site-packages/airflow/example_dags/example_setup_teardown.py for tasks to queue
[2024-06-17T18:02:16.800+0000] {logging_mixin.py:151} INFO - [2024-06-17T18:02:16.800+0000] {dagbag.py:539} INFO - Filling up the DagBag from /home/airflow/.local/lib/python3.8/site-packages/airflow/example_dags/example_setup_teardown.py
[2024-06-17T18:02:16.803+0000] {processor.py:839} INFO - DAG(s) dict_keys(['example_setup_teardown']) retrieved from /home/airflow/.local/lib/python3.8/site-packages/airflow/example_dags/example_setup_teardown.py
[2024-06-17T18:02:16.812+0000] {logging_mixin.py:151} INFO - [2024-06-17T18:02:16.812+0000] {dag.py:2907} INFO - Sync 1 DAGs
[2024-06-17T18:02:16.820+0000] {logging_mixin.py:151} INFO - [2024-06-17T18:02:16.820+0000] {dag.py:3677} INFO - Setting next_dagrun for example_setup_teardown to 2024-06-16T18:02:16.820635+00:00, run_after=2024-06-17T18:02:16.820635+00:00
[2024-06-17T18:02:16.827+0000] {processor.py:179} INFO - Processing /home/airflow/.local/lib/python3.8/site-packages/airflow/example_dags/example_setup_teardown.py took 0.029 seconds
[2024-06-17T18:02:47.355+0000] {processor.py:157} INFO - Started process (PID=707) to work on /home/airflow/.local/lib/python3.8/site-packages/airflow/example_dags/example_setup_teardown.py
[2024-06-17T18:02:47.356+0000] {processor.py:829} INFO - Processing file /home/airflow/.local/lib/python3.8/site-packages/airflow/example_dags/example_setup_teardown.py for tasks to queue
[2024-06-17T18:02:47.357+0000] {logging_mixin.py:151} INFO - [2024-06-17T18:02:47.357+0000] {dagbag.py:539} INFO - Filling up the DagBag from /home/airflow/.local/lib/python3.8/site-packages/airflow/example_dags/example_setup_teardown.py
[2024-06-17T18:02:47.360+0000] {processor.py:839} INFO - DAG(s) dict_keys(['example_setup_teardown']) retrieved from /home/airflow/.local/lib/python3.8/site-packages/airflow/example_dags/example_setup_teardown.py
[2024-06-17T18:02:47.369+0000] {logging_mixin.py:151} INFO - [2024-06-17T18:02:47.369+0000] {dag.py:2907} INFO - Sync 1 DAGs
[2024-06-17T18:02:47.377+0000] {logging_mixin.py:151} INFO - [2024-06-17T18:02:47.377+0000] {dag.py:3677} INFO - Setting next_dagrun for example_setup_teardown to 2024-06-16T18:02:47.377475+00:00, run_after=2024-06-17T18:02:47.377475+00:00
[2024-06-17T18:02:47.384+0000] {processor.py:179} INFO - Processing /home/airflow/.local/lib/python3.8/site-packages/airflow/example_dags/example_setup_teardown.py took 0.030 seconds
[2024-06-17T18:03:17.849+0000] {processor.py:157} INFO - Started process (PID=762) to work on /home/airflow/.local/lib/python3.8/site-packages/airflow/example_dags/example_setup_teardown.py
[2024-06-17T18:03:17.850+0000] {processor.py:829} INFO - Processing file /home/airflow/.local/lib/python3.8/site-packages/airflow/example_dags/example_setup_teardown.py for tasks to queue
[2024-06-17T18:03:17.851+0000] {logging_mixin.py:151} INFO - [2024-06-17T18:03:17.851+0000] {dagbag.py:539} INFO - Filling up the DagBag from /home/airflow/.local/lib/python3.8/site-packages/airflow/example_dags/example_setup_teardown.py
[2024-06-17T18:03:17.854+0000] {processor.py:839} INFO - DAG(s) dict_keys(['example_setup_teardown']) retrieved from /home/airflow/.local/lib/python3.8/site-packages/airflow/example_dags/example_setup_teardown.py
[2024-06-17T18:03:17.862+0000] {logging_mixin.py:151} INFO - [2024-06-17T18:03:17.862+0000] {dag.py:2907} INFO - Sync 1 DAGs
[2024-06-17T18:03:17.871+0000] {logging_mixin.py:151} INFO - [2024-06-17T18:03:17.870+0000] {dag.py:3677} INFO - Setting next_dagrun for example_setup_teardown to 2024-06-16T18:03:17.870872+00:00, run_after=2024-06-17T18:03:17.870872+00:00
[2024-06-17T18:03:17.877+0000] {processor.py:179} INFO - Processing /home/airflow/.local/lib/python3.8/site-packages/airflow/example_dags/example_setup_teardown.py took 0.029 seconds
[2024-06-17T18:03:48.329+0000] {processor.py:157} INFO - Started process (PID=817) to work on /home/airflow/.local/lib/python3.8/site-packages/airflow/example_dags/example_setup_teardown.py
[2024-06-17T18:03:48.329+0000] {processor.py:829} INFO - Processing file /home/airflow/.local/lib/python3.8/site-packages/airflow/example_dags/example_setup_teardown.py for tasks to queue
[2024-06-17T18:03:48.330+0000] {logging_mixin.py:151} INFO - [2024-06-17T18:03:48.330+0000] {dagbag.py:539} INFO - Filling up the DagBag from /home/airflow/.local/lib/python3.8/site-packages/airflow/example_dags/example_setup_teardown.py
[2024-06-17T18:03:48.333+0000] {processor.py:839} INFO - DAG(s) dict_keys(['example_setup_teardown']) retrieved from /home/airflow/.local/lib/python3.8/site-packages/airflow/example_dags/example_setup_teardown.py
[2024-06-17T18:03:48.342+0000] {logging_mixin.py:151} INFO - [2024-06-17T18:03:48.342+0000] {dag.py:2907} INFO - Sync 1 DAGs
[2024-06-17T18:03:48.351+0000] {logging_mixin.py:151} INFO - [2024-06-17T18:03:48.351+0000] {dag.py:3677} INFO - Setting next_dagrun for example_setup_teardown to 2024-06-16T18:03:48.351018+00:00, run_after=2024-06-17T18:03:48.351018+00:00
[2024-06-17T18:03:48.357+0000] {processor.py:179} INFO - Processing /home/airflow/.local/lib/python3.8/site-packages/airflow/example_dags/example_setup_teardown.py took 0.030 seconds
[2024-06-17T18:04:18.824+0000] {processor.py:157} INFO - Started process (PID=872) to work on /home/airflow/.local/lib/python3.8/site-packages/airflow/example_dags/example_setup_teardown.py
[2024-06-17T18:04:18.825+0000] {processor.py:829} INFO - Processing file /home/airflow/.local/lib/python3.8/site-packages/airflow/example_dags/example_setup_teardown.py for tasks to queue
[2024-06-17T18:04:18.826+0000] {logging_mixin.py:151} INFO - [2024-06-17T18:04:18.825+0000] {dagbag.py:539} INFO - Filling up the DagBag from /home/airflow/.local/lib/python3.8/site-packages/airflow/example_dags/example_setup_teardown.py
[2024-06-17T18:04:18.829+0000] {processor.py:839} INFO - DAG(s) dict_keys(['example_setup_teardown']) retrieved from /home/airflow/.local/lib/python3.8/site-packages/airflow/example_dags/example_setup_teardown.py
[2024-06-17T18:04:18.837+0000] {logging_mixin.py:151} INFO - [2024-06-17T18:04:18.837+0000] {dag.py:2907} INFO - Sync 1 DAGs
[2024-06-17T18:04:18.846+0000] {logging_mixin.py:151} INFO - [2024-06-17T18:04:18.845+0000] {dag.py:3677} INFO - Setting next_dagrun for example_setup_teardown to 2024-06-16T18:04:18.845855+00:00, run_after=2024-06-17T18:04:18.845855+00:00
[2024-06-17T18:04:18.852+0000] {processor.py:179} INFO - Processing /home/airflow/.local/lib/python3.8/site-packages/airflow/example_dags/example_setup_teardown.py took 0.029 seconds
[2024-06-17T18:04:43.407+0000] {processor.py:157} INFO - Started process (PID=46) to work on /home/airflow/.local/lib/python3.8/site-packages/airflow/example_dags/example_setup_teardown.py
[2024-06-17T18:04:43.408+0000] {processor.py:829} INFO - Processing file /home/airflow/.local/lib/python3.8/site-packages/airflow/example_dags/example_setup_teardown.py for tasks to queue
[2024-06-17T18:04:43.409+0000] {logging_mixin.py:151} INFO - [2024-06-17T18:04:43.409+0000] {dagbag.py:539} INFO - Filling up the DagBag from /home/airflow/.local/lib/python3.8/site-packages/airflow/example_dags/example_setup_teardown.py
[2024-06-17T18:04:43.413+0000] {processor.py:839} INFO - DAG(s) dict_keys(['example_setup_teardown']) retrieved from /home/airflow/.local/lib/python3.8/site-packages/airflow/example_dags/example_setup_teardown.py
[2024-06-17T18:04:43.420+0000] {logging_mixin.py:151} INFO - [2024-06-17T18:04:43.420+0000] {dag.py:2907} INFO - Sync 1 DAGs
[2024-06-17T18:04:43.432+0000] {logging_mixin.py:151} INFO - [2024-06-17T18:04:43.432+0000] {dag.py:3677} INFO - Setting next_dagrun for example_setup_teardown to 2024-06-16T18:04:43.431990+00:00, run_after=2024-06-17T18:04:43.431990+00:00
[2024-06-17T18:04:43.441+0000] {processor.py:179} INFO - Processing /home/airflow/.local/lib/python3.8/site-packages/airflow/example_dags/example_setup_teardown.py took 0.035 seconds
[2024-06-17T18:05:14.510+0000] {processor.py:157} INFO - Started process (PID=101) to work on /home/airflow/.local/lib/python3.8/site-packages/airflow/example_dags/example_setup_teardown.py
[2024-06-17T18:05:14.511+0000] {processor.py:829} INFO - Processing file /home/airflow/.local/lib/python3.8/site-packages/airflow/example_dags/example_setup_teardown.py for tasks to queue
[2024-06-17T18:05:14.512+0000] {logging_mixin.py:151} INFO - [2024-06-17T18:05:14.512+0000] {dagbag.py:539} INFO - Filling up the DagBag from /home/airflow/.local/lib/python3.8/site-packages/airflow/example_dags/example_setup_teardown.py
[2024-06-17T18:05:14.593+0000] {processor.py:839} INFO - DAG(s) dict_keys(['example_setup_teardown']) retrieved from /home/airflow/.local/lib/python3.8/site-packages/airflow/example_dags/example_setup_teardown.py
[2024-06-17T18:05:14.602+0000] {logging_mixin.py:151} INFO - [2024-06-17T18:05:14.601+0000] {dag.py:2907} INFO - Sync 1 DAGs
[2024-06-17T18:05:14.609+0000] {logging_mixin.py:151} INFO - [2024-06-17T18:05:14.609+0000] {dag.py:3677} INFO - Setting next_dagrun for example_setup_teardown to 2024-06-16T18:05:14.609453+00:00, run_after=2024-06-17T18:05:14.609453+00:00
[2024-06-17T18:05:14.616+0000] {processor.py:179} INFO - Processing /home/airflow/.local/lib/python3.8/site-packages/airflow/example_dags/example_setup_teardown.py took 0.107 seconds
[2024-06-17T18:05:44.712+0000] {processor.py:157} INFO - Started process (PID=156) to work on /home/airflow/.local/lib/python3.8/site-packages/airflow/example_dags/example_setup_teardown.py
[2024-06-17T18:05:44.713+0000] {processor.py:829} INFO - Processing file /home/airflow/.local/lib/python3.8/site-packages/airflow/example_dags/example_setup_teardown.py for tasks to queue
[2024-06-17T18:05:44.714+0000] {logging_mixin.py:151} INFO - [2024-06-17T18:05:44.714+0000] {dagbag.py:539} INFO - Filling up the DagBag from /home/airflow/.local/lib/python3.8/site-packages/airflow/example_dags/example_setup_teardown.py
[2024-06-17T18:05:44.717+0000] {processor.py:839} INFO - DAG(s) dict_keys(['example_setup_teardown']) retrieved from /home/airflow/.local/lib/python3.8/site-packages/airflow/example_dags/example_setup_teardown.py
[2024-06-17T18:05:44.725+0000] {logging_mixin.py:151} INFO - [2024-06-17T18:05:44.725+0000] {dag.py:2907} INFO - Sync 1 DAGs
[2024-06-17T18:05:44.734+0000] {logging_mixin.py:151} INFO - [2024-06-17T18:05:44.734+0000] {dag.py:3677} INFO - Setting next_dagrun for example_setup_teardown to 2024-06-16T18:05:44.733997+00:00, run_after=2024-06-17T18:05:44.733997+00:00
[2024-06-17T18:05:44.742+0000] {processor.py:179} INFO - Processing /home/airflow/.local/lib/python3.8/site-packages/airflow/example_dags/example_setup_teardown.py took 0.031 seconds
[2024-06-17T18:06:15.410+0000] {processor.py:157} INFO - Started process (PID=211) to work on /home/airflow/.local/lib/python3.8/site-packages/airflow/example_dags/example_setup_teardown.py
[2024-06-17T18:06:15.411+0000] {processor.py:829} INFO - Processing file /home/airflow/.local/lib/python3.8/site-packages/airflow/example_dags/example_setup_teardown.py for tasks to queue
[2024-06-17T18:06:15.412+0000] {logging_mixin.py:151} INFO - [2024-06-17T18:06:15.412+0000] {dagbag.py:539} INFO - Filling up the DagBag from /home/airflow/.local/lib/python3.8/site-packages/airflow/example_dags/example_setup_teardown.py
[2024-06-17T18:06:15.415+0000] {processor.py:839} INFO - DAG(s) dict_keys(['example_setup_teardown']) retrieved from /home/airflow/.local/lib/python3.8/site-packages/airflow/example_dags/example_setup_teardown.py
[2024-06-17T18:06:15.423+0000] {logging_mixin.py:151} INFO - [2024-06-17T18:06:15.423+0000] {dag.py:2907} INFO - Sync 1 DAGs
[2024-06-17T18:06:15.431+0000] {logging_mixin.py:151} INFO - [2024-06-17T18:06:15.431+0000] {dag.py:3677} INFO - Setting next_dagrun for example_setup_teardown to 2024-06-16T18:06:15.431713+00:00, run_after=2024-06-17T18:06:15.431713+00:00
[2024-06-17T18:06:15.438+0000] {processor.py:179} INFO - Processing /home/airflow/.local/lib/python3.8/site-packages/airflow/example_dags/example_setup_teardown.py took 0.029 seconds
[2024-06-17T18:06:46.044+0000] {processor.py:157} INFO - Started process (PID=266) to work on /home/airflow/.local/lib/python3.8/site-packages/airflow/example_dags/example_setup_teardown.py
[2024-06-17T18:06:46.045+0000] {processor.py:829} INFO - Processing file /home/airflow/.local/lib/python3.8/site-packages/airflow/example_dags/example_setup_teardown.py for tasks to queue
[2024-06-17T18:06:46.045+0000] {logging_mixin.py:151} INFO - [2024-06-17T18:06:46.045+0000] {dagbag.py:539} INFO - Filling up the DagBag from /home/airflow/.local/lib/python3.8/site-packages/airflow/example_dags/example_setup_teardown.py
[2024-06-17T18:06:46.049+0000] {processor.py:839} INFO - DAG(s) dict_keys(['example_setup_teardown']) retrieved from /home/airflow/.local/lib/python3.8/site-packages/airflow/example_dags/example_setup_teardown.py
[2024-06-17T18:06:46.057+0000] {logging_mixin.py:151} INFO - [2024-06-17T18:06:46.057+0000] {dag.py:2907} INFO - Sync 1 DAGs
[2024-06-17T18:06:46.066+0000] {logging_mixin.py:151} INFO - [2024-06-17T18:06:46.066+0000] {dag.py:3677} INFO - Setting next_dagrun for example_setup_teardown to 2024-06-16T18:06:46.066221+00:00, run_after=2024-06-17T18:06:46.066221+00:00
[2024-06-17T18:06:46.073+0000] {processor.py:179} INFO - Processing /home/airflow/.local/lib/python3.8/site-packages/airflow/example_dags/example_setup_teardown.py took 0.030 seconds
[2024-06-17T18:07:16.448+0000] {processor.py:157} INFO - Started process (PID=321) to work on /home/airflow/.local/lib/python3.8/site-packages/airflow/example_dags/example_setup_teardown.py
[2024-06-17T18:07:16.448+0000] {processor.py:829} INFO - Processing file /home/airflow/.local/lib/python3.8/site-packages/airflow/example_dags/example_setup_teardown.py for tasks to queue
[2024-06-17T18:07:16.449+0000] {logging_mixin.py:151} INFO - [2024-06-17T18:07:16.449+0000] {dagbag.py:539} INFO - Filling up the DagBag from /home/airflow/.local/lib/python3.8/site-packages/airflow/example_dags/example_setup_teardown.py
[2024-06-17T18:07:16.452+0000] {processor.py:839} INFO - DAG(s) dict_keys(['example_setup_teardown']) retrieved from /home/airflow/.local/lib/python3.8/site-packages/airflow/example_dags/example_setup_teardown.py
[2024-06-17T18:07:16.460+0000] {logging_mixin.py:151} INFO - [2024-06-17T18:07:16.460+0000] {dag.py:2907} INFO - Sync 1 DAGs
[2024-06-17T18:07:16.468+0000] {logging_mixin.py:151} INFO - [2024-06-17T18:07:16.468+0000] {dag.py:3677} INFO - Setting next_dagrun for example_setup_teardown to 2024-06-16T18:07:16.468851+00:00, run_after=2024-06-17T18:07:16.468851+00:00
[2024-06-17T18:07:16.475+0000] {processor.py:179} INFO - Processing /home/airflow/.local/lib/python3.8/site-packages/airflow/example_dags/example_setup_teardown.py took 0.029 seconds
