[2024-06-17T17:56:42.859+0000] {processor.py:157} INFO - Started process (PID=72) to work on /home/airflow/.local/lib/python3.8/site-packages/airflow/example_dags/example_datasets.py
[2024-06-17T17:56:42.859+0000] {processor.py:829} INFO - Processing file /home/airflow/.local/lib/python3.8/site-packages/airflow/example_dags/example_datasets.py for tasks to queue
[2024-06-17T17:56:42.860+0000] {logging_mixin.py:151} INFO - [2024-06-17T17:56:42.860+0000] {dagbag.py:539} INFO - Filling up the DagBag from /home/airflow/.local/lib/python3.8/site-packages/airflow/example_dags/example_datasets.py
[2024-06-17T17:56:42.865+0000] {processor.py:839} INFO - DAG(s) dict_keys(['dataset_consumes_1_never_scheduled', 'dataset_produces_1', 'dataset_produces_2', 'dataset_consumes_1_and_2', 'dataset_consumes_1', 'dataset_consumes_unknown_never_scheduled']) retrieved from /home/airflow/.local/lib/python3.8/site-packages/airflow/example_dags/example_datasets.py
[2024-06-17T17:56:42.905+0000] {logging_mixin.py:151} INFO - [2024-06-17T17:56:42.904+0000] {manager.py:501} INFO - Created Permission View: can delete on DAG:dataset_consumes_1_never_scheduled
[2024-06-17T17:56:42.909+0000] {logging_mixin.py:151} INFO - [2024-06-17T17:56:42.909+0000] {manager.py:501} INFO - Created Permission View: can read on DAG:dataset_consumes_1_never_scheduled
[2024-06-17T17:56:42.911+0000] {logging_mixin.py:151} INFO - [2024-06-17T17:56:42.911+0000] {manager.py:501} INFO - Created Permission View: can edit on DAG:dataset_consumes_1_never_scheduled
[2024-06-17T17:56:42.920+0000] {logging_mixin.py:151} INFO - [2024-06-17T17:56:42.920+0000] {manager.py:501} INFO - Created Permission View: can delete on DAG:dataset_produces_1
[2024-06-17T17:56:42.923+0000] {logging_mixin.py:151} INFO - [2024-06-17T17:56:42.923+0000] {manager.py:501} INFO - Created Permission View: can read on DAG:dataset_produces_1
[2024-06-17T17:56:42.925+0000] {logging_mixin.py:151} INFO - [2024-06-17T17:56:42.925+0000] {manager.py:501} INFO - Created Permission View: can edit on DAG:dataset_produces_1
[2024-06-17T17:56:42.932+0000] {logging_mixin.py:151} INFO - [2024-06-17T17:56:42.932+0000] {manager.py:501} INFO - Created Permission View: can delete on DAG:dataset_produces_2
[2024-06-17T17:56:42.934+0000] {logging_mixin.py:151} INFO - [2024-06-17T17:56:42.934+0000] {manager.py:501} INFO - Created Permission View: can read on DAG:dataset_produces_2
[2024-06-17T17:56:42.936+0000] {logging_mixin.py:151} INFO - [2024-06-17T17:56:42.936+0000] {manager.py:501} INFO - Created Permission View: can edit on DAG:dataset_produces_2
[2024-06-17T17:56:42.942+0000] {logging_mixin.py:151} INFO - [2024-06-17T17:56:42.942+0000] {manager.py:501} INFO - Created Permission View: can delete on DAG:dataset_consumes_1_and_2
[2024-06-17T17:56:42.944+0000] {logging_mixin.py:151} INFO - [2024-06-17T17:56:42.944+0000] {manager.py:501} INFO - Created Permission View: can read on DAG:dataset_consumes_1_and_2
[2024-06-17T17:56:42.946+0000] {logging_mixin.py:151} INFO - [2024-06-17T17:56:42.946+0000] {manager.py:501} INFO - Created Permission View: can edit on DAG:dataset_consumes_1_and_2
[2024-06-17T17:56:42.953+0000] {logging_mixin.py:151} INFO - [2024-06-17T17:56:42.953+0000] {manager.py:501} INFO - Created Permission View: can delete on DAG:dataset_consumes_1
[2024-06-17T17:56:42.955+0000] {logging_mixin.py:151} INFO - [2024-06-17T17:56:42.955+0000] {manager.py:501} INFO - Created Permission View: can read on DAG:dataset_consumes_1
[2024-06-17T17:56:42.957+0000] {logging_mixin.py:151} INFO - [2024-06-17T17:56:42.957+0000] {manager.py:501} INFO - Created Permission View: can edit on DAG:dataset_consumes_1
[2024-06-17T17:56:42.963+0000] {logging_mixin.py:151} INFO - [2024-06-17T17:56:42.963+0000] {manager.py:501} INFO - Created Permission View: can delete on DAG:dataset_consumes_unknown_never_scheduled
[2024-06-17T17:56:42.965+0000] {logging_mixin.py:151} INFO - [2024-06-17T17:56:42.965+0000] {manager.py:501} INFO - Created Permission View: can read on DAG:dataset_consumes_unknown_never_scheduled
[2024-06-17T17:56:42.968+0000] {logging_mixin.py:151} INFO - [2024-06-17T17:56:42.968+0000] {manager.py:501} INFO - Created Permission View: can edit on DAG:dataset_consumes_unknown_never_scheduled
[2024-06-17T17:56:42.970+0000] {logging_mixin.py:151} INFO - [2024-06-17T17:56:42.970+0000] {dag.py:2907} INFO - Sync 6 DAGs
[2024-06-17T17:56:42.977+0000] {logging_mixin.py:151} INFO - [2024-06-17T17:56:42.977+0000] {dag.py:2929} INFO - Creating ORM DAG for dataset_consumes_1_never_scheduled
[2024-06-17T17:56:42.977+0000] {logging_mixin.py:151} INFO - [2024-06-17T17:56:42.977+0000] {dag.py:2929} INFO - Creating ORM DAG for dataset_consumes_1
[2024-06-17T17:56:42.977+0000] {logging_mixin.py:151} INFO - [2024-06-17T17:56:42.977+0000] {dag.py:2929} INFO - Creating ORM DAG for dataset_consumes_1_and_2
[2024-06-17T17:56:42.977+0000] {logging_mixin.py:151} INFO - [2024-06-17T17:56:42.977+0000] {dag.py:2929} INFO - Creating ORM DAG for dataset_produces_2
[2024-06-17T17:56:42.978+0000] {logging_mixin.py:151} INFO - [2024-06-17T17:56:42.978+0000] {dag.py:2929} INFO - Creating ORM DAG for dataset_produces_1
[2024-06-17T17:56:42.978+0000] {logging_mixin.py:151} INFO - [2024-06-17T17:56:42.978+0000] {dag.py:2929} INFO - Creating ORM DAG for dataset_consumes_unknown_never_scheduled
[2024-06-17T17:56:42.982+0000] {logging_mixin.py:151} INFO - [2024-06-17T17:56:42.982+0000] {dag.py:3677} INFO - Setting next_dagrun for dataset_consumes_1 to None, run_after=None
[2024-06-17T17:56:42.982+0000] {logging_mixin.py:151} INFO - [2024-06-17T17:56:42.982+0000] {dag.py:3677} INFO - Setting next_dagrun for dataset_consumes_1_and_2 to None, run_after=None
[2024-06-17T17:56:42.983+0000] {logging_mixin.py:151} INFO - [2024-06-17T17:56:42.983+0000] {dag.py:3677} INFO - Setting next_dagrun for dataset_consumes_1_never_scheduled to None, run_after=None
[2024-06-17T17:56:42.983+0000] {logging_mixin.py:151} INFO - [2024-06-17T17:56:42.983+0000] {dag.py:3677} INFO - Setting next_dagrun for dataset_consumes_unknown_never_scheduled to None, run_after=None
[2024-06-17T17:56:42.984+0000] {logging_mixin.py:151} INFO - [2024-06-17T17:56:42.984+0000] {dag.py:3677} INFO - Setting next_dagrun for dataset_produces_1 to 2024-06-16T00:00:00+00:00, run_after=2024-06-17T00:00:00+00:00
[2024-06-17T17:56:42.984+0000] {logging_mixin.py:151} INFO - [2024-06-17T17:56:42.984+0000] {dag.py:3677} INFO - Setting next_dagrun for dataset_produces_2 to None, run_after=None
[2024-06-17T17:56:43.000+0000] {processor.py:179} INFO - Processing /home/airflow/.local/lib/python3.8/site-packages/airflow/example_dags/example_datasets.py took 0.142 seconds
[2024-06-17T17:57:13.061+0000] {processor.py:157} INFO - Started process (PID=128) to work on /home/airflow/.local/lib/python3.8/site-packages/airflow/example_dags/example_datasets.py
[2024-06-17T17:57:13.062+0000] {processor.py:829} INFO - Processing file /home/airflow/.local/lib/python3.8/site-packages/airflow/example_dags/example_datasets.py for tasks to queue
[2024-06-17T17:57:13.063+0000] {logging_mixin.py:151} INFO - [2024-06-17T17:57:13.063+0000] {dagbag.py:539} INFO - Filling up the DagBag from /home/airflow/.local/lib/python3.8/site-packages/airflow/example_dags/example_datasets.py
[2024-06-17T17:57:13.067+0000] {processor.py:839} INFO - DAG(s) dict_keys(['dataset_consumes_1', 'dataset_consumes_1_never_scheduled', 'dataset_consumes_1_and_2', 'dataset_produces_1', 'dataset_consumes_unknown_never_scheduled', 'dataset_produces_2']) retrieved from /home/airflow/.local/lib/python3.8/site-packages/airflow/example_dags/example_datasets.py
[2024-06-17T17:57:13.082+0000] {logging_mixin.py:151} INFO - [2024-06-17T17:57:13.082+0000] {dag.py:2907} INFO - Sync 6 DAGs
[2024-06-17T17:57:13.091+0000] {logging_mixin.py:151} INFO - [2024-06-17T17:57:13.091+0000] {dag.py:3677} INFO - Setting next_dagrun for dataset_consumes_1 to None, run_after=None
[2024-06-17T17:57:13.092+0000] {logging_mixin.py:151} INFO - [2024-06-17T17:57:13.092+0000] {dag.py:3677} INFO - Setting next_dagrun for dataset_consumes_1_and_2 to None, run_after=None
[2024-06-17T17:57:13.093+0000] {logging_mixin.py:151} INFO - [2024-06-17T17:57:13.093+0000] {dag.py:3677} INFO - Setting next_dagrun for dataset_consumes_1_never_scheduled to None, run_after=None
[2024-06-17T17:57:13.093+0000] {logging_mixin.py:151} INFO - [2024-06-17T17:57:13.093+0000] {dag.py:3677} INFO - Setting next_dagrun for dataset_consumes_unknown_never_scheduled to None, run_after=None
[2024-06-17T17:57:13.094+0000] {logging_mixin.py:151} INFO - [2024-06-17T17:57:13.094+0000] {dag.py:3677} INFO - Setting next_dagrun for dataset_produces_1 to 2024-06-16T00:00:00+00:00, run_after=2024-06-17T00:00:00+00:00
[2024-06-17T17:57:13.095+0000] {logging_mixin.py:151} INFO - [2024-06-17T17:57:13.095+0000] {dag.py:3677} INFO - Setting next_dagrun for dataset_produces_2 to None, run_after=None
[2024-06-17T17:57:13.107+0000] {processor.py:179} INFO - Processing /home/airflow/.local/lib/python3.8/site-packages/airflow/example_dags/example_datasets.py took 0.047 seconds
[2024-06-17T17:57:43.624+0000] {processor.py:157} INFO - Started process (PID=182) to work on /home/airflow/.local/lib/python3.8/site-packages/airflow/example_dags/example_datasets.py
[2024-06-17T17:57:43.624+0000] {processor.py:829} INFO - Processing file /home/airflow/.local/lib/python3.8/site-packages/airflow/example_dags/example_datasets.py for tasks to queue
[2024-06-17T17:57:43.625+0000] {logging_mixin.py:151} INFO - [2024-06-17T17:57:43.625+0000] {dagbag.py:539} INFO - Filling up the DagBag from /home/airflow/.local/lib/python3.8/site-packages/airflow/example_dags/example_datasets.py
[2024-06-17T17:57:43.630+0000] {processor.py:839} INFO - DAG(s) dict_keys(['dataset_produces_2', 'dataset_consumes_unknown_never_scheduled', 'dataset_produces_1', 'dataset_consumes_1', 'dataset_consumes_1_never_scheduled', 'dataset_consumes_1_and_2']) retrieved from /home/airflow/.local/lib/python3.8/site-packages/airflow/example_dags/example_datasets.py
[2024-06-17T17:57:43.644+0000] {logging_mixin.py:151} INFO - [2024-06-17T17:57:43.644+0000] {dag.py:2907} INFO - Sync 6 DAGs
[2024-06-17T17:57:43.653+0000] {logging_mixin.py:151} INFO - [2024-06-17T17:57:43.653+0000] {dag.py:3677} INFO - Setting next_dagrun for dataset_consumes_1 to None, run_after=None
[2024-06-17T17:57:43.655+0000] {logging_mixin.py:151} INFO - [2024-06-17T17:57:43.654+0000] {dag.py:3677} INFO - Setting next_dagrun for dataset_consumes_1_and_2 to None, run_after=None
[2024-06-17T17:57:43.655+0000] {logging_mixin.py:151} INFO - [2024-06-17T17:57:43.655+0000] {dag.py:3677} INFO - Setting next_dagrun for dataset_consumes_1_never_scheduled to None, run_after=None
[2024-06-17T17:57:43.656+0000] {logging_mixin.py:151} INFO - [2024-06-17T17:57:43.656+0000] {dag.py:3677} INFO - Setting next_dagrun for dataset_consumes_unknown_never_scheduled to None, run_after=None
[2024-06-17T17:57:43.657+0000] {logging_mixin.py:151} INFO - [2024-06-17T17:57:43.657+0000] {dag.py:3677} INFO - Setting next_dagrun for dataset_produces_1 to 2024-06-16T00:00:00+00:00, run_after=2024-06-17T00:00:00+00:00
[2024-06-17T17:57:43.657+0000] {logging_mixin.py:151} INFO - [2024-06-17T17:57:43.657+0000] {dag.py:3677} INFO - Setting next_dagrun for dataset_produces_2 to None, run_after=None
[2024-06-17T17:57:43.669+0000] {processor.py:179} INFO - Processing /home/airflow/.local/lib/python3.8/site-packages/airflow/example_dags/example_datasets.py took 0.046 seconds
[2024-06-17T17:58:14.182+0000] {processor.py:157} INFO - Started process (PID=237) to work on /home/airflow/.local/lib/python3.8/site-packages/airflow/example_dags/example_datasets.py
[2024-06-17T17:58:14.183+0000] {processor.py:829} INFO - Processing file /home/airflow/.local/lib/python3.8/site-packages/airflow/example_dags/example_datasets.py for tasks to queue
[2024-06-17T17:58:14.184+0000] {logging_mixin.py:151} INFO - [2024-06-17T17:58:14.184+0000] {dagbag.py:539} INFO - Filling up the DagBag from /home/airflow/.local/lib/python3.8/site-packages/airflow/example_dags/example_datasets.py
[2024-06-17T17:58:14.188+0000] {processor.py:839} INFO - DAG(s) dict_keys(['dataset_produces_2', 'dataset_consumes_1_never_scheduled', 'dataset_consumes_1', 'dataset_consumes_1_and_2', 'dataset_consumes_unknown_never_scheduled', 'dataset_produces_1']) retrieved from /home/airflow/.local/lib/python3.8/site-packages/airflow/example_dags/example_datasets.py
[2024-06-17T17:58:14.202+0000] {logging_mixin.py:151} INFO - [2024-06-17T17:58:14.202+0000] {dag.py:2907} INFO - Sync 6 DAGs
[2024-06-17T17:58:14.211+0000] {logging_mixin.py:151} INFO - [2024-06-17T17:58:14.211+0000] {dag.py:3677} INFO - Setting next_dagrun for dataset_consumes_1 to None, run_after=None
[2024-06-17T17:58:14.213+0000] {logging_mixin.py:151} INFO - [2024-06-17T17:58:14.213+0000] {dag.py:3677} INFO - Setting next_dagrun for dataset_consumes_1_and_2 to None, run_after=None
[2024-06-17T17:58:14.213+0000] {logging_mixin.py:151} INFO - [2024-06-17T17:58:14.213+0000] {dag.py:3677} INFO - Setting next_dagrun for dataset_consumes_1_never_scheduled to None, run_after=None
[2024-06-17T17:58:14.214+0000] {logging_mixin.py:151} INFO - [2024-06-17T17:58:14.214+0000] {dag.py:3677} INFO - Setting next_dagrun for dataset_consumes_unknown_never_scheduled to None, run_after=None
[2024-06-17T17:58:14.215+0000] {logging_mixin.py:151} INFO - [2024-06-17T17:58:14.215+0000] {dag.py:3677} INFO - Setting next_dagrun for dataset_produces_1 to 2024-06-16T00:00:00+00:00, run_after=2024-06-17T00:00:00+00:00
[2024-06-17T17:58:14.215+0000] {logging_mixin.py:151} INFO - [2024-06-17T17:58:14.215+0000] {dag.py:3677} INFO - Setting next_dagrun for dataset_produces_2 to None, run_after=None
[2024-06-17T17:58:14.227+0000] {processor.py:179} INFO - Processing /home/airflow/.local/lib/python3.8/site-packages/airflow/example_dags/example_datasets.py took 0.046 seconds
[2024-06-17T17:58:44.703+0000] {processor.py:157} INFO - Started process (PID=292) to work on /home/airflow/.local/lib/python3.8/site-packages/airflow/example_dags/example_datasets.py
[2024-06-17T17:58:44.703+0000] {processor.py:829} INFO - Processing file /home/airflow/.local/lib/python3.8/site-packages/airflow/example_dags/example_datasets.py for tasks to queue
[2024-06-17T17:58:44.704+0000] {logging_mixin.py:151} INFO - [2024-06-17T17:58:44.704+0000] {dagbag.py:539} INFO - Filling up the DagBag from /home/airflow/.local/lib/python3.8/site-packages/airflow/example_dags/example_datasets.py
[2024-06-17T17:58:44.708+0000] {processor.py:839} INFO - DAG(s) dict_keys(['dataset_produces_2', 'dataset_consumes_unknown_never_scheduled', 'dataset_consumes_1', 'dataset_produces_1', 'dataset_consumes_1_never_scheduled', 'dataset_consumes_1_and_2']) retrieved from /home/airflow/.local/lib/python3.8/site-packages/airflow/example_dags/example_datasets.py
[2024-06-17T17:58:44.722+0000] {logging_mixin.py:151} INFO - [2024-06-17T17:58:44.722+0000] {dag.py:2907} INFO - Sync 6 DAGs
[2024-06-17T17:58:44.732+0000] {logging_mixin.py:151} INFO - [2024-06-17T17:58:44.732+0000] {dag.py:3677} INFO - Setting next_dagrun for dataset_consumes_1 to None, run_after=None
[2024-06-17T17:58:44.733+0000] {logging_mixin.py:151} INFO - [2024-06-17T17:58:44.733+0000] {dag.py:3677} INFO - Setting next_dagrun for dataset_consumes_1_and_2 to None, run_after=None
[2024-06-17T17:58:44.734+0000] {logging_mixin.py:151} INFO - [2024-06-17T17:58:44.734+0000] {dag.py:3677} INFO - Setting next_dagrun for dataset_consumes_1_never_scheduled to None, run_after=None
[2024-06-17T17:58:44.734+0000] {logging_mixin.py:151} INFO - [2024-06-17T17:58:44.734+0000] {dag.py:3677} INFO - Setting next_dagrun for dataset_consumes_unknown_never_scheduled to None, run_after=None
[2024-06-17T17:58:44.735+0000] {logging_mixin.py:151} INFO - [2024-06-17T17:58:44.735+0000] {dag.py:3677} INFO - Setting next_dagrun for dataset_produces_1 to 2024-06-16T00:00:00+00:00, run_after=2024-06-17T00:00:00+00:00
[2024-06-17T17:58:44.736+0000] {logging_mixin.py:151} INFO - [2024-06-17T17:58:44.736+0000] {dag.py:3677} INFO - Setting next_dagrun for dataset_produces_2 to None, run_after=None
[2024-06-17T17:58:44.747+0000] {processor.py:179} INFO - Processing /home/airflow/.local/lib/python3.8/site-packages/airflow/example_dags/example_datasets.py took 0.046 seconds
[2024-06-17T17:59:15.230+0000] {processor.py:157} INFO - Started process (PID=347) to work on /home/airflow/.local/lib/python3.8/site-packages/airflow/example_dags/example_datasets.py
[2024-06-17T17:59:15.230+0000] {processor.py:829} INFO - Processing file /home/airflow/.local/lib/python3.8/site-packages/airflow/example_dags/example_datasets.py for tasks to queue
[2024-06-17T17:59:15.231+0000] {logging_mixin.py:151} INFO - [2024-06-17T17:59:15.231+0000] {dagbag.py:539} INFO - Filling up the DagBag from /home/airflow/.local/lib/python3.8/site-packages/airflow/example_dags/example_datasets.py
[2024-06-17T17:59:15.236+0000] {processor.py:839} INFO - DAG(s) dict_keys(['dataset_consumes_unknown_never_scheduled', 'dataset_produces_1', 'dataset_consumes_1_and_2', 'dataset_consumes_1', 'dataset_consumes_1_never_scheduled', 'dataset_produces_2']) retrieved from /home/airflow/.local/lib/python3.8/site-packages/airflow/example_dags/example_datasets.py
[2024-06-17T17:59:15.250+0000] {logging_mixin.py:151} INFO - [2024-06-17T17:59:15.250+0000] {dag.py:2907} INFO - Sync 6 DAGs
[2024-06-17T17:59:15.259+0000] {logging_mixin.py:151} INFO - [2024-06-17T17:59:15.259+0000] {dag.py:3677} INFO - Setting next_dagrun for dataset_consumes_1 to None, run_after=None
[2024-06-17T17:59:15.260+0000] {logging_mixin.py:151} INFO - [2024-06-17T17:59:15.260+0000] {dag.py:3677} INFO - Setting next_dagrun for dataset_consumes_1_and_2 to None, run_after=None
[2024-06-17T17:59:15.261+0000] {logging_mixin.py:151} INFO - [2024-06-17T17:59:15.261+0000] {dag.py:3677} INFO - Setting next_dagrun for dataset_consumes_1_never_scheduled to None, run_after=None
[2024-06-17T17:59:15.261+0000] {logging_mixin.py:151} INFO - [2024-06-17T17:59:15.261+0000] {dag.py:3677} INFO - Setting next_dagrun for dataset_consumes_unknown_never_scheduled to None, run_after=None
[2024-06-17T17:59:15.262+0000] {logging_mixin.py:151} INFO - [2024-06-17T17:59:15.262+0000] {dag.py:3677} INFO - Setting next_dagrun for dataset_produces_1 to 2024-06-16T00:00:00+00:00, run_after=2024-06-17T00:00:00+00:00
[2024-06-17T17:59:15.263+0000] {logging_mixin.py:151} INFO - [2024-06-17T17:59:15.263+0000] {dag.py:3677} INFO - Setting next_dagrun for dataset_produces_2 to None, run_after=None
[2024-06-17T17:59:15.274+0000] {processor.py:179} INFO - Processing /home/airflow/.local/lib/python3.8/site-packages/airflow/example_dags/example_datasets.py took 0.045 seconds
[2024-06-17T17:59:45.742+0000] {processor.py:157} INFO - Started process (PID=402) to work on /home/airflow/.local/lib/python3.8/site-packages/airflow/example_dags/example_datasets.py
[2024-06-17T17:59:45.742+0000] {processor.py:829} INFO - Processing file /home/airflow/.local/lib/python3.8/site-packages/airflow/example_dags/example_datasets.py for tasks to queue
[2024-06-17T17:59:45.743+0000] {logging_mixin.py:151} INFO - [2024-06-17T17:59:45.743+0000] {dagbag.py:539} INFO - Filling up the DagBag from /home/airflow/.local/lib/python3.8/site-packages/airflow/example_dags/example_datasets.py
[2024-06-17T17:59:45.747+0000] {processor.py:839} INFO - DAG(s) dict_keys(['dataset_consumes_1_never_scheduled', 'dataset_produces_2', 'dataset_consumes_unknown_never_scheduled', 'dataset_consumes_1_and_2', 'dataset_produces_1', 'dataset_consumes_1']) retrieved from /home/airflow/.local/lib/python3.8/site-packages/airflow/example_dags/example_datasets.py
[2024-06-17T17:59:45.760+0000] {logging_mixin.py:151} INFO - [2024-06-17T17:59:45.760+0000] {dag.py:2907} INFO - Sync 6 DAGs
[2024-06-17T17:59:45.769+0000] {logging_mixin.py:151} INFO - [2024-06-17T17:59:45.769+0000] {dag.py:3677} INFO - Setting next_dagrun for dataset_consumes_1 to None, run_after=None
[2024-06-17T17:59:45.771+0000] {logging_mixin.py:151} INFO - [2024-06-17T17:59:45.771+0000] {dag.py:3677} INFO - Setting next_dagrun for dataset_consumes_1_and_2 to None, run_after=None
[2024-06-17T17:59:45.771+0000] {logging_mixin.py:151} INFO - [2024-06-17T17:59:45.771+0000] {dag.py:3677} INFO - Setting next_dagrun for dataset_consumes_1_never_scheduled to None, run_after=None
[2024-06-17T17:59:45.772+0000] {logging_mixin.py:151} INFO - [2024-06-17T17:59:45.772+0000] {dag.py:3677} INFO - Setting next_dagrun for dataset_consumes_unknown_never_scheduled to None, run_after=None
[2024-06-17T17:59:45.773+0000] {logging_mixin.py:151} INFO - [2024-06-17T17:59:45.773+0000] {dag.py:3677} INFO - Setting next_dagrun for dataset_produces_1 to 2024-06-16T00:00:00+00:00, run_after=2024-06-17T00:00:00+00:00
[2024-06-17T17:59:45.773+0000] {logging_mixin.py:151} INFO - [2024-06-17T17:59:45.773+0000] {dag.py:3677} INFO - Setting next_dagrun for dataset_produces_2 to None, run_after=None
[2024-06-17T17:59:45.784+0000] {processor.py:179} INFO - Processing /home/airflow/.local/lib/python3.8/site-packages/airflow/example_dags/example_datasets.py took 0.043 seconds
[2024-06-17T18:00:16.272+0000] {processor.py:157} INFO - Started process (PID=457) to work on /home/airflow/.local/lib/python3.8/site-packages/airflow/example_dags/example_datasets.py
[2024-06-17T18:00:16.272+0000] {processor.py:829} INFO - Processing file /home/airflow/.local/lib/python3.8/site-packages/airflow/example_dags/example_datasets.py for tasks to queue
[2024-06-17T18:00:16.273+0000] {logging_mixin.py:151} INFO - [2024-06-17T18:00:16.273+0000] {dagbag.py:539} INFO - Filling up the DagBag from /home/airflow/.local/lib/python3.8/site-packages/airflow/example_dags/example_datasets.py
[2024-06-17T18:00:16.278+0000] {processor.py:839} INFO - DAG(s) dict_keys(['dataset_consumes_1_and_2', 'dataset_consumes_1', 'dataset_produces_1', 'dataset_produces_2', 'dataset_consumes_1_never_scheduled', 'dataset_consumes_unknown_never_scheduled']) retrieved from /home/airflow/.local/lib/python3.8/site-packages/airflow/example_dags/example_datasets.py
[2024-06-17T18:00:16.291+0000] {logging_mixin.py:151} INFO - [2024-06-17T18:00:16.291+0000] {dag.py:2907} INFO - Sync 6 DAGs
[2024-06-17T18:00:16.300+0000] {logging_mixin.py:151} INFO - [2024-06-17T18:00:16.300+0000] {dag.py:3677} INFO - Setting next_dagrun for dataset_consumes_1 to None, run_after=None
[2024-06-17T18:00:16.301+0000] {logging_mixin.py:151} INFO - [2024-06-17T18:00:16.301+0000] {dag.py:3677} INFO - Setting next_dagrun for dataset_consumes_1_and_2 to None, run_after=None
[2024-06-17T18:00:16.302+0000] {logging_mixin.py:151} INFO - [2024-06-17T18:00:16.302+0000] {dag.py:3677} INFO - Setting next_dagrun for dataset_consumes_1_never_scheduled to None, run_after=None
[2024-06-17T18:00:16.303+0000] {logging_mixin.py:151} INFO - [2024-06-17T18:00:16.302+0000] {dag.py:3677} INFO - Setting next_dagrun for dataset_consumes_unknown_never_scheduled to None, run_after=None
[2024-06-17T18:00:16.304+0000] {logging_mixin.py:151} INFO - [2024-06-17T18:00:16.304+0000] {dag.py:3677} INFO - Setting next_dagrun for dataset_produces_1 to 2024-06-16T00:00:00+00:00, run_after=2024-06-17T00:00:00+00:00
[2024-06-17T18:00:16.304+0000] {logging_mixin.py:151} INFO - [2024-06-17T18:00:16.304+0000] {dag.py:3677} INFO - Setting next_dagrun for dataset_produces_2 to None, run_after=None
[2024-06-17T18:00:16.315+0000] {processor.py:179} INFO - Processing /home/airflow/.local/lib/python3.8/site-packages/airflow/example_dags/example_datasets.py took 0.045 seconds
[2024-06-17T18:00:46.780+0000] {processor.py:157} INFO - Started process (PID=512) to work on /home/airflow/.local/lib/python3.8/site-packages/airflow/example_dags/example_datasets.py
[2024-06-17T18:00:46.781+0000] {processor.py:829} INFO - Processing file /home/airflow/.local/lib/python3.8/site-packages/airflow/example_dags/example_datasets.py for tasks to queue
[2024-06-17T18:00:46.782+0000] {logging_mixin.py:151} INFO - [2024-06-17T18:00:46.782+0000] {dagbag.py:539} INFO - Filling up the DagBag from /home/airflow/.local/lib/python3.8/site-packages/airflow/example_dags/example_datasets.py
[2024-06-17T18:00:46.787+0000] {processor.py:839} INFO - DAG(s) dict_keys(['dataset_consumes_1_never_scheduled', 'dataset_consumes_1_and_2', 'dataset_consumes_1', 'dataset_produces_2', 'dataset_produces_1', 'dataset_consumes_unknown_never_scheduled']) retrieved from /home/airflow/.local/lib/python3.8/site-packages/airflow/example_dags/example_datasets.py
[2024-06-17T18:00:46.802+0000] {logging_mixin.py:151} INFO - [2024-06-17T18:00:46.802+0000] {dag.py:2907} INFO - Sync 6 DAGs
[2024-06-17T18:00:46.813+0000] {logging_mixin.py:151} INFO - [2024-06-17T18:00:46.813+0000] {dag.py:3677} INFO - Setting next_dagrun for dataset_consumes_1 to None, run_after=None
[2024-06-17T18:00:46.815+0000] {logging_mixin.py:151} INFO - [2024-06-17T18:00:46.814+0000] {dag.py:3677} INFO - Setting next_dagrun for dataset_consumes_1_and_2 to None, run_after=None
[2024-06-17T18:00:46.815+0000] {logging_mixin.py:151} INFO - [2024-06-17T18:00:46.815+0000] {dag.py:3677} INFO - Setting next_dagrun for dataset_consumes_1_never_scheduled to None, run_after=None
[2024-06-17T18:00:46.816+0000] {logging_mixin.py:151} INFO - [2024-06-17T18:00:46.816+0000] {dag.py:3677} INFO - Setting next_dagrun for dataset_consumes_unknown_never_scheduled to None, run_after=None
[2024-06-17T18:00:46.819+0000] {logging_mixin.py:151} INFO - [2024-06-17T18:00:46.818+0000] {dag.py:3677} INFO - Setting next_dagrun for dataset_produces_1 to 2024-06-16T00:00:00+00:00, run_after=2024-06-17T00:00:00+00:00
[2024-06-17T18:00:46.819+0000] {logging_mixin.py:151} INFO - [2024-06-17T18:00:46.819+0000] {dag.py:3677} INFO - Setting next_dagrun for dataset_produces_2 to None, run_after=None
[2024-06-17T18:00:46.835+0000] {processor.py:179} INFO - Processing /home/airflow/.local/lib/python3.8/site-packages/airflow/example_dags/example_datasets.py took 0.056 seconds
[2024-06-17T18:01:17.383+0000] {processor.py:157} INFO - Started process (PID=567) to work on /home/airflow/.local/lib/python3.8/site-packages/airflow/example_dags/example_datasets.py
[2024-06-17T18:01:17.384+0000] {processor.py:829} INFO - Processing file /home/airflow/.local/lib/python3.8/site-packages/airflow/example_dags/example_datasets.py for tasks to queue
[2024-06-17T18:01:17.385+0000] {logging_mixin.py:151} INFO - [2024-06-17T18:01:17.385+0000] {dagbag.py:539} INFO - Filling up the DagBag from /home/airflow/.local/lib/python3.8/site-packages/airflow/example_dags/example_datasets.py
[2024-06-17T18:01:17.389+0000] {processor.py:839} INFO - DAG(s) dict_keys(['dataset_consumes_1', 'dataset_produces_2', 'dataset_consumes_unknown_never_scheduled', 'dataset_consumes_1_and_2', 'dataset_consumes_1_never_scheduled', 'dataset_produces_1']) retrieved from /home/airflow/.local/lib/python3.8/site-packages/airflow/example_dags/example_datasets.py
[2024-06-17T18:01:17.405+0000] {logging_mixin.py:151} INFO - [2024-06-17T18:01:17.405+0000] {dag.py:2907} INFO - Sync 6 DAGs
[2024-06-17T18:01:17.414+0000] {logging_mixin.py:151} INFO - [2024-06-17T18:01:17.414+0000] {dag.py:3677} INFO - Setting next_dagrun for dataset_consumes_1 to None, run_after=None
[2024-06-17T18:01:17.417+0000] {logging_mixin.py:151} INFO - [2024-06-17T18:01:17.417+0000] {dag.py:3677} INFO - Setting next_dagrun for dataset_consumes_1_and_2 to None, run_after=None
[2024-06-17T18:01:17.417+0000] {logging_mixin.py:151} INFO - [2024-06-17T18:01:17.417+0000] {dag.py:3677} INFO - Setting next_dagrun for dataset_consumes_1_never_scheduled to None, run_after=None
[2024-06-17T18:01:17.418+0000] {logging_mixin.py:151} INFO - [2024-06-17T18:01:17.418+0000] {dag.py:3677} INFO - Setting next_dagrun for dataset_consumes_unknown_never_scheduled to None, run_after=None
[2024-06-17T18:01:17.420+0000] {logging_mixin.py:151} INFO - [2024-06-17T18:01:17.419+0000] {dag.py:3677} INFO - Setting next_dagrun for dataset_produces_1 to 2024-06-16T00:00:00+00:00, run_after=2024-06-17T00:00:00+00:00
[2024-06-17T18:01:17.423+0000] {logging_mixin.py:151} INFO - [2024-06-17T18:01:17.423+0000] {dag.py:3677} INFO - Setting next_dagrun for dataset_produces_2 to None, run_after=None
[2024-06-17T18:01:17.435+0000] {processor.py:179} INFO - Processing /home/airflow/.local/lib/python3.8/site-packages/airflow/example_dags/example_datasets.py took 0.053 seconds
[2024-06-17T18:01:47.932+0000] {processor.py:157} INFO - Started process (PID=622) to work on /home/airflow/.local/lib/python3.8/site-packages/airflow/example_dags/example_datasets.py
[2024-06-17T18:01:47.935+0000] {processor.py:829} INFO - Processing file /home/airflow/.local/lib/python3.8/site-packages/airflow/example_dags/example_datasets.py for tasks to queue
[2024-06-17T18:01:47.939+0000] {logging_mixin.py:151} INFO - [2024-06-17T18:01:47.939+0000] {dagbag.py:539} INFO - Filling up the DagBag from /home/airflow/.local/lib/python3.8/site-packages/airflow/example_dags/example_datasets.py
[2024-06-17T18:01:47.944+0000] {processor.py:839} INFO - DAG(s) dict_keys(['dataset_consumes_unknown_never_scheduled', 'dataset_consumes_1', 'dataset_produces_1', 'dataset_consumes_1_never_scheduled', 'dataset_consumes_1_and_2', 'dataset_produces_2']) retrieved from /home/airflow/.local/lib/python3.8/site-packages/airflow/example_dags/example_datasets.py
[2024-06-17T18:01:47.962+0000] {logging_mixin.py:151} INFO - [2024-06-17T18:01:47.962+0000] {dag.py:2907} INFO - Sync 6 DAGs
[2024-06-17T18:01:47.974+0000] {logging_mixin.py:151} INFO - [2024-06-17T18:01:47.973+0000] {dag.py:3677} INFO - Setting next_dagrun for dataset_consumes_1 to None, run_after=None
[2024-06-17T18:01:47.975+0000] {logging_mixin.py:151} INFO - [2024-06-17T18:01:47.975+0000] {dag.py:3677} INFO - Setting next_dagrun for dataset_consumes_1_and_2 to None, run_after=None
[2024-06-17T18:01:47.975+0000] {logging_mixin.py:151} INFO - [2024-06-17T18:01:47.975+0000] {dag.py:3677} INFO - Setting next_dagrun for dataset_consumes_1_never_scheduled to None, run_after=None
[2024-06-17T18:01:47.976+0000] {logging_mixin.py:151} INFO - [2024-06-17T18:01:47.976+0000] {dag.py:3677} INFO - Setting next_dagrun for dataset_consumes_unknown_never_scheduled to None, run_after=None
[2024-06-17T18:01:47.977+0000] {logging_mixin.py:151} INFO - [2024-06-17T18:01:47.977+0000] {dag.py:3677} INFO - Setting next_dagrun for dataset_produces_1 to 2024-06-16T00:00:00+00:00, run_after=2024-06-17T00:00:00+00:00
[2024-06-17T18:01:47.978+0000] {logging_mixin.py:151} INFO - [2024-06-17T18:01:47.978+0000] {dag.py:3677} INFO - Setting next_dagrun for dataset_produces_2 to None, run_after=None
[2024-06-17T18:01:47.990+0000] {processor.py:179} INFO - Processing /home/airflow/.local/lib/python3.8/site-packages/airflow/example_dags/example_datasets.py took 0.061 seconds
[2024-06-17T18:02:18.482+0000] {processor.py:157} INFO - Started process (PID=677) to work on /home/airflow/.local/lib/python3.8/site-packages/airflow/example_dags/example_datasets.py
[2024-06-17T18:02:18.483+0000] {processor.py:829} INFO - Processing file /home/airflow/.local/lib/python3.8/site-packages/airflow/example_dags/example_datasets.py for tasks to queue
[2024-06-17T18:02:18.484+0000] {logging_mixin.py:151} INFO - [2024-06-17T18:02:18.484+0000] {dagbag.py:539} INFO - Filling up the DagBag from /home/airflow/.local/lib/python3.8/site-packages/airflow/example_dags/example_datasets.py
[2024-06-17T18:02:18.488+0000] {processor.py:839} INFO - DAG(s) dict_keys(['dataset_consumes_unknown_never_scheduled', 'dataset_produces_2', 'dataset_consumes_1_never_scheduled', 'dataset_produces_1', 'dataset_consumes_1_and_2', 'dataset_consumes_1']) retrieved from /home/airflow/.local/lib/python3.8/site-packages/airflow/example_dags/example_datasets.py
[2024-06-17T18:02:18.503+0000] {logging_mixin.py:151} INFO - [2024-06-17T18:02:18.503+0000] {dag.py:2907} INFO - Sync 6 DAGs
[2024-06-17T18:02:18.512+0000] {logging_mixin.py:151} INFO - [2024-06-17T18:02:18.512+0000] {dag.py:3677} INFO - Setting next_dagrun for dataset_consumes_1 to None, run_after=None
[2024-06-17T18:02:18.514+0000] {logging_mixin.py:151} INFO - [2024-06-17T18:02:18.514+0000] {dag.py:3677} INFO - Setting next_dagrun for dataset_consumes_1_and_2 to None, run_after=None
[2024-06-17T18:02:18.515+0000] {logging_mixin.py:151} INFO - [2024-06-17T18:02:18.515+0000] {dag.py:3677} INFO - Setting next_dagrun for dataset_consumes_1_never_scheduled to None, run_after=None
[2024-06-17T18:02:18.515+0000] {logging_mixin.py:151} INFO - [2024-06-17T18:02:18.515+0000] {dag.py:3677} INFO - Setting next_dagrun for dataset_consumes_unknown_never_scheduled to None, run_after=None
[2024-06-17T18:02:18.516+0000] {logging_mixin.py:151} INFO - [2024-06-17T18:02:18.516+0000] {dag.py:3677} INFO - Setting next_dagrun for dataset_produces_1 to 2024-06-16T00:00:00+00:00, run_after=2024-06-17T00:00:00+00:00
[2024-06-17T18:02:18.517+0000] {logging_mixin.py:151} INFO - [2024-06-17T18:02:18.517+0000] {dag.py:3677} INFO - Setting next_dagrun for dataset_produces_2 to None, run_after=None
[2024-06-17T18:02:18.529+0000] {processor.py:179} INFO - Processing /home/airflow/.local/lib/python3.8/site-packages/airflow/example_dags/example_datasets.py took 0.048 seconds
[2024-06-17T18:02:49.056+0000] {processor.py:157} INFO - Started process (PID=732) to work on /home/airflow/.local/lib/python3.8/site-packages/airflow/example_dags/example_datasets.py
[2024-06-17T18:02:49.056+0000] {processor.py:829} INFO - Processing file /home/airflow/.local/lib/python3.8/site-packages/airflow/example_dags/example_datasets.py for tasks to queue
[2024-06-17T18:02:49.057+0000] {logging_mixin.py:151} INFO - [2024-06-17T18:02:49.057+0000] {dagbag.py:539} INFO - Filling up the DagBag from /home/airflow/.local/lib/python3.8/site-packages/airflow/example_dags/example_datasets.py
[2024-06-17T18:02:49.061+0000] {processor.py:839} INFO - DAG(s) dict_keys(['dataset_consumes_unknown_never_scheduled', 'dataset_consumes_1', 'dataset_produces_2', 'dataset_produces_1', 'dataset_consumes_1_never_scheduled', 'dataset_consumes_1_and_2']) retrieved from /home/airflow/.local/lib/python3.8/site-packages/airflow/example_dags/example_datasets.py
[2024-06-17T18:02:49.075+0000] {logging_mixin.py:151} INFO - [2024-06-17T18:02:49.075+0000] {dag.py:2907} INFO - Sync 6 DAGs
[2024-06-17T18:02:49.085+0000] {logging_mixin.py:151} INFO - [2024-06-17T18:02:49.085+0000] {dag.py:3677} INFO - Setting next_dagrun for dataset_consumes_1 to None, run_after=None
[2024-06-17T18:02:49.087+0000] {logging_mixin.py:151} INFO - [2024-06-17T18:02:49.087+0000] {dag.py:3677} INFO - Setting next_dagrun for dataset_consumes_1_and_2 to None, run_after=None
[2024-06-17T18:02:49.087+0000] {logging_mixin.py:151} INFO - [2024-06-17T18:02:49.087+0000] {dag.py:3677} INFO - Setting next_dagrun for dataset_consumes_1_never_scheduled to None, run_after=None
[2024-06-17T18:02:49.088+0000] {logging_mixin.py:151} INFO - [2024-06-17T18:02:49.088+0000] {dag.py:3677} INFO - Setting next_dagrun for dataset_consumes_unknown_never_scheduled to None, run_after=None
[2024-06-17T18:02:49.089+0000] {logging_mixin.py:151} INFO - [2024-06-17T18:02:49.089+0000] {dag.py:3677} INFO - Setting next_dagrun for dataset_produces_1 to 2024-06-16T00:00:00+00:00, run_after=2024-06-17T00:00:00+00:00
[2024-06-17T18:02:49.089+0000] {logging_mixin.py:151} INFO - [2024-06-17T18:02:49.089+0000] {dag.py:3677} INFO - Setting next_dagrun for dataset_produces_2 to None, run_after=None
[2024-06-17T18:02:49.100+0000] {processor.py:179} INFO - Processing /home/airflow/.local/lib/python3.8/site-packages/airflow/example_dags/example_datasets.py took 0.046 seconds
[2024-06-17T18:03:19.522+0000] {processor.py:157} INFO - Started process (PID=787) to work on /home/airflow/.local/lib/python3.8/site-packages/airflow/example_dags/example_datasets.py
[2024-06-17T18:03:19.522+0000] {processor.py:829} INFO - Processing file /home/airflow/.local/lib/python3.8/site-packages/airflow/example_dags/example_datasets.py for tasks to queue
[2024-06-17T18:03:19.523+0000] {logging_mixin.py:151} INFO - [2024-06-17T18:03:19.523+0000] {dagbag.py:539} INFO - Filling up the DagBag from /home/airflow/.local/lib/python3.8/site-packages/airflow/example_dags/example_datasets.py
[2024-06-17T18:03:19.527+0000] {processor.py:839} INFO - DAG(s) dict_keys(['dataset_produces_2', 'dataset_consumes_1_and_2', 'dataset_produces_1', 'dataset_consumes_1', 'dataset_consumes_1_never_scheduled', 'dataset_consumes_unknown_never_scheduled']) retrieved from /home/airflow/.local/lib/python3.8/site-packages/airflow/example_dags/example_datasets.py
[2024-06-17T18:03:19.541+0000] {logging_mixin.py:151} INFO - [2024-06-17T18:03:19.541+0000] {dag.py:2907} INFO - Sync 6 DAGs
[2024-06-17T18:03:19.551+0000] {logging_mixin.py:151} INFO - [2024-06-17T18:03:19.551+0000] {dag.py:3677} INFO - Setting next_dagrun for dataset_consumes_1 to None, run_after=None
[2024-06-17T18:03:19.552+0000] {logging_mixin.py:151} INFO - [2024-06-17T18:03:19.552+0000] {dag.py:3677} INFO - Setting next_dagrun for dataset_consumes_1_and_2 to None, run_after=None
[2024-06-17T18:03:19.553+0000] {logging_mixin.py:151} INFO - [2024-06-17T18:03:19.553+0000] {dag.py:3677} INFO - Setting next_dagrun for dataset_consumes_1_never_scheduled to None, run_after=None
[2024-06-17T18:03:19.553+0000] {logging_mixin.py:151} INFO - [2024-06-17T18:03:19.553+0000] {dag.py:3677} INFO - Setting next_dagrun for dataset_consumes_unknown_never_scheduled to None, run_after=None
[2024-06-17T18:03:19.555+0000] {logging_mixin.py:151} INFO - [2024-06-17T18:03:19.555+0000] {dag.py:3677} INFO - Setting next_dagrun for dataset_produces_1 to 2024-06-16T00:00:00+00:00, run_after=2024-06-17T00:00:00+00:00
[2024-06-17T18:03:19.555+0000] {logging_mixin.py:151} INFO - [2024-06-17T18:03:19.555+0000] {dag.py:3677} INFO - Setting next_dagrun for dataset_produces_2 to None, run_after=None
[2024-06-17T18:03:19.567+0000] {processor.py:179} INFO - Processing /home/airflow/.local/lib/python3.8/site-packages/airflow/example_dags/example_datasets.py took 0.046 seconds
[2024-06-17T18:03:50.024+0000] {processor.py:157} INFO - Started process (PID=842) to work on /home/airflow/.local/lib/python3.8/site-packages/airflow/example_dags/example_datasets.py
[2024-06-17T18:03:50.025+0000] {processor.py:829} INFO - Processing file /home/airflow/.local/lib/python3.8/site-packages/airflow/example_dags/example_datasets.py for tasks to queue
[2024-06-17T18:03:50.026+0000] {logging_mixin.py:151} INFO - [2024-06-17T18:03:50.026+0000] {dagbag.py:539} INFO - Filling up the DagBag from /home/airflow/.local/lib/python3.8/site-packages/airflow/example_dags/example_datasets.py
[2024-06-17T18:03:50.030+0000] {processor.py:839} INFO - DAG(s) dict_keys(['dataset_consumes_1', 'dataset_produces_2', 'dataset_consumes_unknown_never_scheduled', 'dataset_consumes_1_never_scheduled', 'dataset_produces_1', 'dataset_consumes_1_and_2']) retrieved from /home/airflow/.local/lib/python3.8/site-packages/airflow/example_dags/example_datasets.py
[2024-06-17T18:03:50.045+0000] {logging_mixin.py:151} INFO - [2024-06-17T18:03:50.045+0000] {dag.py:2907} INFO - Sync 6 DAGs
[2024-06-17T18:03:50.054+0000] {logging_mixin.py:151} INFO - [2024-06-17T18:03:50.054+0000] {dag.py:3677} INFO - Setting next_dagrun for dataset_consumes_1 to None, run_after=None
[2024-06-17T18:03:50.056+0000] {logging_mixin.py:151} INFO - [2024-06-17T18:03:50.056+0000] {dag.py:3677} INFO - Setting next_dagrun for dataset_consumes_1_and_2 to None, run_after=None
[2024-06-17T18:03:50.056+0000] {logging_mixin.py:151} INFO - [2024-06-17T18:03:50.056+0000] {dag.py:3677} INFO - Setting next_dagrun for dataset_consumes_1_never_scheduled to None, run_after=None
[2024-06-17T18:03:50.057+0000] {logging_mixin.py:151} INFO - [2024-06-17T18:03:50.057+0000] {dag.py:3677} INFO - Setting next_dagrun for dataset_consumes_unknown_never_scheduled to None, run_after=None
[2024-06-17T18:03:50.058+0000] {logging_mixin.py:151} INFO - [2024-06-17T18:03:50.058+0000] {dag.py:3677} INFO - Setting next_dagrun for dataset_produces_1 to 2024-06-16T00:00:00+00:00, run_after=2024-06-17T00:00:00+00:00
[2024-06-17T18:03:50.059+0000] {logging_mixin.py:151} INFO - [2024-06-17T18:03:50.059+0000] {dag.py:3677} INFO - Setting next_dagrun for dataset_produces_2 to None, run_after=None
[2024-06-17T18:03:50.070+0000] {processor.py:179} INFO - Processing /home/airflow/.local/lib/python3.8/site-packages/airflow/example_dags/example_datasets.py took 0.048 seconds
[2024-06-17T18:04:20.573+0000] {processor.py:157} INFO - Started process (PID=897) to work on /home/airflow/.local/lib/python3.8/site-packages/airflow/example_dags/example_datasets.py
[2024-06-17T18:04:20.573+0000] {processor.py:829} INFO - Processing file /home/airflow/.local/lib/python3.8/site-packages/airflow/example_dags/example_datasets.py for tasks to queue
[2024-06-17T18:04:20.574+0000] {logging_mixin.py:151} INFO - [2024-06-17T18:04:20.574+0000] {dagbag.py:539} INFO - Filling up the DagBag from /home/airflow/.local/lib/python3.8/site-packages/airflow/example_dags/example_datasets.py
[2024-06-17T18:04:20.579+0000] {processor.py:839} INFO - DAG(s) dict_keys(['dataset_consumes_unknown_never_scheduled', 'dataset_produces_2', 'dataset_consumes_1_never_scheduled', 'dataset_consumes_1', 'dataset_consumes_1_and_2', 'dataset_produces_1']) retrieved from /home/airflow/.local/lib/python3.8/site-packages/airflow/example_dags/example_datasets.py
[2024-06-17T18:04:20.593+0000] {logging_mixin.py:151} INFO - [2024-06-17T18:04:20.593+0000] {dag.py:2907} INFO - Sync 6 DAGs
[2024-06-17T18:04:20.603+0000] {logging_mixin.py:151} INFO - [2024-06-17T18:04:20.603+0000] {dag.py:3677} INFO - Setting next_dagrun for dataset_consumes_1 to None, run_after=None
[2024-06-17T18:04:20.604+0000] {logging_mixin.py:151} INFO - [2024-06-17T18:04:20.604+0000] {dag.py:3677} INFO - Setting next_dagrun for dataset_consumes_1_and_2 to None, run_after=None
[2024-06-17T18:04:20.605+0000] {logging_mixin.py:151} INFO - [2024-06-17T18:04:20.605+0000] {dag.py:3677} INFO - Setting next_dagrun for dataset_consumes_1_never_scheduled to None, run_after=None
[2024-06-17T18:04:20.605+0000] {logging_mixin.py:151} INFO - [2024-06-17T18:04:20.605+0000] {dag.py:3677} INFO - Setting next_dagrun for dataset_consumes_unknown_never_scheduled to None, run_after=None
[2024-06-17T18:04:20.606+0000] {logging_mixin.py:151} INFO - [2024-06-17T18:04:20.606+0000] {dag.py:3677} INFO - Setting next_dagrun for dataset_produces_1 to 2024-06-16T00:00:00+00:00, run_after=2024-06-17T00:00:00+00:00
[2024-06-17T18:04:20.607+0000] {logging_mixin.py:151} INFO - [2024-06-17T18:04:20.607+0000] {dag.py:3677} INFO - Setting next_dagrun for dataset_produces_2 to None, run_after=None
[2024-06-17T18:04:20.618+0000] {processor.py:179} INFO - Processing /home/airflow/.local/lib/python3.8/site-packages/airflow/example_dags/example_datasets.py took 0.047 seconds
[2024-06-17T18:04:44.755+0000] {processor.py:157} INFO - Started process (PID=71) to work on /home/airflow/.local/lib/python3.8/site-packages/airflow/example_dags/example_datasets.py
[2024-06-17T18:04:44.756+0000] {processor.py:829} INFO - Processing file /home/airflow/.local/lib/python3.8/site-packages/airflow/example_dags/example_datasets.py for tasks to queue
[2024-06-17T18:04:44.758+0000] {logging_mixin.py:151} INFO - [2024-06-17T18:04:44.758+0000] {dagbag.py:539} INFO - Filling up the DagBag from /home/airflow/.local/lib/python3.8/site-packages/airflow/example_dags/example_datasets.py
[2024-06-17T18:04:44.766+0000] {processor.py:839} INFO - DAG(s) dict_keys(['dataset_consumes_unknown_never_scheduled', 'dataset_consumes_1_never_scheduled', 'dataset_produces_1', 'dataset_consumes_1', 'dataset_produces_2', 'dataset_consumes_1_and_2']) retrieved from /home/airflow/.local/lib/python3.8/site-packages/airflow/example_dags/example_datasets.py
[2024-06-17T18:04:44.779+0000] {logging_mixin.py:151} INFO - [2024-06-17T18:04:44.778+0000] {dag.py:2907} INFO - Sync 6 DAGs
[2024-06-17T18:04:44.915+0000] {logging_mixin.py:151} INFO - [2024-06-17T18:04:44.915+0000] {dag.py:3677} INFO - Setting next_dagrun for dataset_consumes_1 to None, run_after=None
[2024-06-17T18:04:44.917+0000] {logging_mixin.py:151} INFO - [2024-06-17T18:04:44.917+0000] {dag.py:3677} INFO - Setting next_dagrun for dataset_consumes_1_and_2 to None, run_after=None
[2024-06-17T18:04:44.918+0000] {logging_mixin.py:151} INFO - [2024-06-17T18:04:44.918+0000] {dag.py:3677} INFO - Setting next_dagrun for dataset_consumes_1_never_scheduled to None, run_after=None
[2024-06-17T18:04:44.918+0000] {logging_mixin.py:151} INFO - [2024-06-17T18:04:44.918+0000] {dag.py:3677} INFO - Setting next_dagrun for dataset_consumes_unknown_never_scheduled to None, run_after=None
[2024-06-17T18:04:44.920+0000] {logging_mixin.py:151} INFO - [2024-06-17T18:04:44.920+0000] {dag.py:3677} INFO - Setting next_dagrun for dataset_produces_1 to 2024-06-16T00:00:00+00:00, run_after=2024-06-17T00:00:00+00:00
[2024-06-17T18:04:44.921+0000] {logging_mixin.py:151} INFO - [2024-06-17T18:04:44.921+0000] {dag.py:3677} INFO - Setting next_dagrun for dataset_produces_2 to None, run_after=None
[2024-06-17T18:04:44.935+0000] {processor.py:179} INFO - Processing /home/airflow/.local/lib/python3.8/site-packages/airflow/example_dags/example_datasets.py took 0.184 seconds
[2024-06-17T18:05:15.877+0000] {processor.py:157} INFO - Started process (PID=126) to work on /home/airflow/.local/lib/python3.8/site-packages/airflow/example_dags/example_datasets.py
[2024-06-17T18:05:15.878+0000] {processor.py:829} INFO - Processing file /home/airflow/.local/lib/python3.8/site-packages/airflow/example_dags/example_datasets.py for tasks to queue
[2024-06-17T18:05:15.879+0000] {logging_mixin.py:151} INFO - [2024-06-17T18:05:15.879+0000] {dagbag.py:539} INFO - Filling up the DagBag from /home/airflow/.local/lib/python3.8/site-packages/airflow/example_dags/example_datasets.py
[2024-06-17T18:05:15.883+0000] {processor.py:839} INFO - DAG(s) dict_keys(['dataset_produces_2', 'dataset_consumes_unknown_never_scheduled', 'dataset_consumes_1', 'dataset_produces_1', 'dataset_consumes_1_and_2', 'dataset_consumes_1_never_scheduled']) retrieved from /home/airflow/.local/lib/python3.8/site-packages/airflow/example_dags/example_datasets.py
[2024-06-17T18:05:15.896+0000] {logging_mixin.py:151} INFO - [2024-06-17T18:05:15.896+0000] {dag.py:2907} INFO - Sync 6 DAGs
[2024-06-17T18:05:15.905+0000] {logging_mixin.py:151} INFO - [2024-06-17T18:05:15.905+0000] {dag.py:3677} INFO - Setting next_dagrun for dataset_consumes_1 to None, run_after=None
[2024-06-17T18:05:15.906+0000] {logging_mixin.py:151} INFO - [2024-06-17T18:05:15.906+0000] {dag.py:3677} INFO - Setting next_dagrun for dataset_consumes_1_and_2 to None, run_after=None
[2024-06-17T18:05:15.907+0000] {logging_mixin.py:151} INFO - [2024-06-17T18:05:15.907+0000] {dag.py:3677} INFO - Setting next_dagrun for dataset_consumes_1_never_scheduled to None, run_after=None
[2024-06-17T18:05:15.907+0000] {logging_mixin.py:151} INFO - [2024-06-17T18:05:15.907+0000] {dag.py:3677} INFO - Setting next_dagrun for dataset_consumes_unknown_never_scheduled to None, run_after=None
[2024-06-17T18:05:15.909+0000] {logging_mixin.py:151} INFO - [2024-06-17T18:05:15.909+0000] {dag.py:3677} INFO - Setting next_dagrun for dataset_produces_1 to 2024-06-16T00:00:00+00:00, run_after=2024-06-17T00:00:00+00:00
[2024-06-17T18:05:15.909+0000] {logging_mixin.py:151} INFO - [2024-06-17T18:05:15.909+0000] {dag.py:3677} INFO - Setting next_dagrun for dataset_produces_2 to None, run_after=None
[2024-06-17T18:05:15.920+0000] {processor.py:179} INFO - Processing /home/airflow/.local/lib/python3.8/site-packages/airflow/example_dags/example_datasets.py took 0.044 seconds
[2024-06-17T18:05:46.554+0000] {processor.py:157} INFO - Started process (PID=181) to work on /home/airflow/.local/lib/python3.8/site-packages/airflow/example_dags/example_datasets.py
[2024-06-17T18:05:46.555+0000] {processor.py:829} INFO - Processing file /home/airflow/.local/lib/python3.8/site-packages/airflow/example_dags/example_datasets.py for tasks to queue
[2024-06-17T18:05:46.556+0000] {logging_mixin.py:151} INFO - [2024-06-17T18:05:46.555+0000] {dagbag.py:539} INFO - Filling up the DagBag from /home/airflow/.local/lib/python3.8/site-packages/airflow/example_dags/example_datasets.py
[2024-06-17T18:05:46.560+0000] {processor.py:839} INFO - DAG(s) dict_keys(['dataset_produces_1', 'dataset_consumes_1_never_scheduled', 'dataset_consumes_unknown_never_scheduled', 'dataset_consumes_1_and_2', 'dataset_produces_2', 'dataset_consumes_1']) retrieved from /home/airflow/.local/lib/python3.8/site-packages/airflow/example_dags/example_datasets.py
[2024-06-17T18:05:46.573+0000] {logging_mixin.py:151} INFO - [2024-06-17T18:05:46.573+0000] {dag.py:2907} INFO - Sync 6 DAGs
[2024-06-17T18:05:46.582+0000] {logging_mixin.py:151} INFO - [2024-06-17T18:05:46.582+0000] {dag.py:3677} INFO - Setting next_dagrun for dataset_consumes_1 to None, run_after=None
[2024-06-17T18:05:46.583+0000] {logging_mixin.py:151} INFO - [2024-06-17T18:05:46.583+0000] {dag.py:3677} INFO - Setting next_dagrun for dataset_consumes_1_and_2 to None, run_after=None
[2024-06-17T18:05:46.584+0000] {logging_mixin.py:151} INFO - [2024-06-17T18:05:46.584+0000] {dag.py:3677} INFO - Setting next_dagrun for dataset_consumes_1_never_scheduled to None, run_after=None
[2024-06-17T18:05:46.584+0000] {logging_mixin.py:151} INFO - [2024-06-17T18:05:46.584+0000] {dag.py:3677} INFO - Setting next_dagrun for dataset_consumes_unknown_never_scheduled to None, run_after=None
[2024-06-17T18:05:46.585+0000] {logging_mixin.py:151} INFO - [2024-06-17T18:05:46.585+0000] {dag.py:3677} INFO - Setting next_dagrun for dataset_produces_1 to 2024-06-16T00:00:00+00:00, run_after=2024-06-17T00:00:00+00:00
[2024-06-17T18:05:46.586+0000] {logging_mixin.py:151} INFO - [2024-06-17T18:05:46.586+0000] {dag.py:3677} INFO - Setting next_dagrun for dataset_produces_2 to None, run_after=None
[2024-06-17T18:05:46.597+0000] {processor.py:179} INFO - Processing /home/airflow/.local/lib/python3.8/site-packages/airflow/example_dags/example_datasets.py took 0.044 seconds
[2024-06-17T18:06:17.165+0000] {processor.py:157} INFO - Started process (PID=236) to work on /home/airflow/.local/lib/python3.8/site-packages/airflow/example_dags/example_datasets.py
[2024-06-17T18:06:17.166+0000] {processor.py:829} INFO - Processing file /home/airflow/.local/lib/python3.8/site-packages/airflow/example_dags/example_datasets.py for tasks to queue
[2024-06-17T18:06:17.167+0000] {logging_mixin.py:151} INFO - [2024-06-17T18:06:17.167+0000] {dagbag.py:539} INFO - Filling up the DagBag from /home/airflow/.local/lib/python3.8/site-packages/airflow/example_dags/example_datasets.py
[2024-06-17T18:06:17.171+0000] {processor.py:839} INFO - DAG(s) dict_keys(['dataset_consumes_1_never_scheduled', 'dataset_produces_1', 'dataset_consumes_1_and_2', 'dataset_consumes_unknown_never_scheduled', 'dataset_consumes_1', 'dataset_produces_2']) retrieved from /home/airflow/.local/lib/python3.8/site-packages/airflow/example_dags/example_datasets.py
[2024-06-17T18:06:17.184+0000] {logging_mixin.py:151} INFO - [2024-06-17T18:06:17.184+0000] {dag.py:2907} INFO - Sync 6 DAGs
[2024-06-17T18:06:17.193+0000] {logging_mixin.py:151} INFO - [2024-06-17T18:06:17.193+0000] {dag.py:3677} INFO - Setting next_dagrun for dataset_consumes_1 to None, run_after=None
[2024-06-17T18:06:17.194+0000] {logging_mixin.py:151} INFO - [2024-06-17T18:06:17.194+0000] {dag.py:3677} INFO - Setting next_dagrun for dataset_consumes_1_and_2 to None, run_after=None
[2024-06-17T18:06:17.195+0000] {logging_mixin.py:151} INFO - [2024-06-17T18:06:17.195+0000] {dag.py:3677} INFO - Setting next_dagrun for dataset_consumes_1_never_scheduled to None, run_after=None
[2024-06-17T18:06:17.195+0000] {logging_mixin.py:151} INFO - [2024-06-17T18:06:17.195+0000] {dag.py:3677} INFO - Setting next_dagrun for dataset_consumes_unknown_never_scheduled to None, run_after=None
[2024-06-17T18:06:17.197+0000] {logging_mixin.py:151} INFO - [2024-06-17T18:06:17.196+0000] {dag.py:3677} INFO - Setting next_dagrun for dataset_produces_1 to 2024-06-16T00:00:00+00:00, run_after=2024-06-17T00:00:00+00:00
[2024-06-17T18:06:17.197+0000] {logging_mixin.py:151} INFO - [2024-06-17T18:06:17.197+0000] {dag.py:3677} INFO - Setting next_dagrun for dataset_produces_2 to None, run_after=None
[2024-06-17T18:06:17.208+0000] {processor.py:179} INFO - Processing /home/airflow/.local/lib/python3.8/site-packages/airflow/example_dags/example_datasets.py took 0.044 seconds
[2024-06-17T18:06:47.715+0000] {processor.py:157} INFO - Started process (PID=291) to work on /home/airflow/.local/lib/python3.8/site-packages/airflow/example_dags/example_datasets.py
[2024-06-17T18:06:47.716+0000] {processor.py:829} INFO - Processing file /home/airflow/.local/lib/python3.8/site-packages/airflow/example_dags/example_datasets.py for tasks to queue
[2024-06-17T18:06:47.717+0000] {logging_mixin.py:151} INFO - [2024-06-17T18:06:47.716+0000] {dagbag.py:539} INFO - Filling up the DagBag from /home/airflow/.local/lib/python3.8/site-packages/airflow/example_dags/example_datasets.py
[2024-06-17T18:06:47.721+0000] {processor.py:839} INFO - DAG(s) dict_keys(['dataset_produces_1', 'dataset_consumes_1_never_scheduled', 'dataset_consumes_1', 'dataset_produces_2', 'dataset_consumes_1_and_2', 'dataset_consumes_unknown_never_scheduled']) retrieved from /home/airflow/.local/lib/python3.8/site-packages/airflow/example_dags/example_datasets.py
[2024-06-17T18:06:47.735+0000] {logging_mixin.py:151} INFO - [2024-06-17T18:06:47.735+0000] {dag.py:2907} INFO - Sync 6 DAGs
[2024-06-17T18:06:47.744+0000] {logging_mixin.py:151} INFO - [2024-06-17T18:06:47.743+0000] {dag.py:3677} INFO - Setting next_dagrun for dataset_consumes_1 to None, run_after=None
[2024-06-17T18:06:47.745+0000] {logging_mixin.py:151} INFO - [2024-06-17T18:06:47.745+0000] {dag.py:3677} INFO - Setting next_dagrun for dataset_consumes_1_and_2 to None, run_after=None
[2024-06-17T18:06:47.745+0000] {logging_mixin.py:151} INFO - [2024-06-17T18:06:47.745+0000] {dag.py:3677} INFO - Setting next_dagrun for dataset_consumes_1_never_scheduled to None, run_after=None
[2024-06-17T18:06:47.746+0000] {logging_mixin.py:151} INFO - [2024-06-17T18:06:47.746+0000] {dag.py:3677} INFO - Setting next_dagrun for dataset_consumes_unknown_never_scheduled to None, run_after=None
[2024-06-17T18:06:47.747+0000] {logging_mixin.py:151} INFO - [2024-06-17T18:06:47.747+0000] {dag.py:3677} INFO - Setting next_dagrun for dataset_produces_1 to 2024-06-16T00:00:00+00:00, run_after=2024-06-17T00:00:00+00:00
[2024-06-17T18:06:47.748+0000] {logging_mixin.py:151} INFO - [2024-06-17T18:06:47.748+0000] {dag.py:3677} INFO - Setting next_dagrun for dataset_produces_2 to None, run_after=None
[2024-06-17T18:06:47.759+0000] {processor.py:179} INFO - Processing /home/airflow/.local/lib/python3.8/site-packages/airflow/example_dags/example_datasets.py took 0.045 seconds
[2024-06-17T18:07:18.094+0000] {processor.py:157} INFO - Started process (PID=346) to work on /home/airflow/.local/lib/python3.8/site-packages/airflow/example_dags/example_datasets.py
[2024-06-17T18:07:18.094+0000] {processor.py:829} INFO - Processing file /home/airflow/.local/lib/python3.8/site-packages/airflow/example_dags/example_datasets.py for tasks to queue
[2024-06-17T18:07:18.095+0000] {logging_mixin.py:151} INFO - [2024-06-17T18:07:18.095+0000] {dagbag.py:539} INFO - Filling up the DagBag from /home/airflow/.local/lib/python3.8/site-packages/airflow/example_dags/example_datasets.py
[2024-06-17T18:07:18.100+0000] {processor.py:839} INFO - DAG(s) dict_keys(['dataset_produces_2', 'dataset_consumes_1_never_scheduled', 'dataset_consumes_1', 'dataset_consumes_unknown_never_scheduled', 'dataset_produces_1', 'dataset_consumes_1_and_2']) retrieved from /home/airflow/.local/lib/python3.8/site-packages/airflow/example_dags/example_datasets.py
[2024-06-17T18:07:18.113+0000] {logging_mixin.py:151} INFO - [2024-06-17T18:07:18.113+0000] {dag.py:2907} INFO - Sync 6 DAGs
[2024-06-17T18:07:18.122+0000] {logging_mixin.py:151} INFO - [2024-06-17T18:07:18.122+0000] {dag.py:3677} INFO - Setting next_dagrun for dataset_consumes_1 to None, run_after=None
[2024-06-17T18:07:18.124+0000] {logging_mixin.py:151} INFO - [2024-06-17T18:07:18.124+0000] {dag.py:3677} INFO - Setting next_dagrun for dataset_consumes_1_and_2 to None, run_after=None
[2024-06-17T18:07:18.124+0000] {logging_mixin.py:151} INFO - [2024-06-17T18:07:18.124+0000] {dag.py:3677} INFO - Setting next_dagrun for dataset_consumes_1_never_scheduled to None, run_after=None
[2024-06-17T18:07:18.125+0000] {logging_mixin.py:151} INFO - [2024-06-17T18:07:18.125+0000] {dag.py:3677} INFO - Setting next_dagrun for dataset_consumes_unknown_never_scheduled to None, run_after=None
[2024-06-17T18:07:18.126+0000] {logging_mixin.py:151} INFO - [2024-06-17T18:07:18.126+0000] {dag.py:3677} INFO - Setting next_dagrun for dataset_produces_1 to 2024-06-16T00:00:00+00:00, run_after=2024-06-17T00:00:00+00:00
[2024-06-17T18:07:18.126+0000] {logging_mixin.py:151} INFO - [2024-06-17T18:07:18.126+0000] {dag.py:3677} INFO - Setting next_dagrun for dataset_produces_2 to None, run_after=None
[2024-06-17T18:07:18.138+0000] {processor.py:179} INFO - Processing /home/airflow/.local/lib/python3.8/site-packages/airflow/example_dags/example_datasets.py took 0.046 seconds
