[2024-06-17T17:56:39.968+0000] {processor.py:157} INFO - Started process (PID=42) to work on /home/airflow/.local/lib/python3.8/site-packages/airflow/example_dags/example_sla_dag.py
[2024-06-17T17:56:39.968+0000] {processor.py:829} INFO - Processing file /home/airflow/.local/lib/python3.8/site-packages/airflow/example_dags/example_sla_dag.py for tasks to queue
[2024-06-17T17:56:39.969+0000] {logging_mixin.py:151} INFO - [2024-06-17T17:56:39.969+0000] {dagbag.py:539} INFO - Filling up the DagBag from /home/airflow/.local/lib/python3.8/site-packages/airflow/example_dags/example_sla_dag.py
[2024-06-17T17:56:39.974+0000] {processor.py:839} INFO - DAG(s) dict_keys(['example_sla_dag']) retrieved from /home/airflow/.local/lib/python3.8/site-packages/airflow/example_dags/example_sla_dag.py
[2024-06-17T17:56:40.087+0000] {logging_mixin.py:151} INFO - [2024-06-17T17:56:40.087+0000] {manager.py:501} INFO - Created Permission View: can delete on DAG:example_sla_dag
[2024-06-17T17:56:40.091+0000] {logging_mixin.py:151} INFO - [2024-06-17T17:56:40.091+0000] {manager.py:501} INFO - Created Permission View: can read on DAG:example_sla_dag
[2024-06-17T17:56:40.093+0000] {logging_mixin.py:151} INFO - [2024-06-17T17:56:40.093+0000] {manager.py:501} INFO - Created Permission View: can edit on DAG:example_sla_dag
[2024-06-17T17:56:40.099+0000] {logging_mixin.py:151} INFO - [2024-06-17T17:56:40.099+0000] {dag.py:2907} INFO - Sync 1 DAGs
[2024-06-17T17:56:40.103+0000] {logging_mixin.py:151} INFO - [2024-06-17T17:56:40.103+0000] {dag.py:2929} INFO - Creating ORM DAG for example_sla_dag
[2024-06-17T17:56:40.107+0000] {logging_mixin.py:151} INFO - [2024-06-17T17:56:40.107+0000] {dag.py:3677} INFO - Setting next_dagrun for example_sla_dag to 2024-06-17T17:54:00+00:00, run_after=2024-06-17T17:56:00+00:00
[2024-06-17T17:56:40.113+0000] {processor.py:179} INFO - Processing /home/airflow/.local/lib/python3.8/site-packages/airflow/example_dags/example_sla_dag.py took 0.147 seconds
[2024-06-17T17:57:10.242+0000] {processor.py:157} INFO - Started process (PID=97) to work on /home/airflow/.local/lib/python3.8/site-packages/airflow/example_dags/example_sla_dag.py
[2024-06-17T17:57:10.242+0000] {processor.py:829} INFO - Processing file /home/airflow/.local/lib/python3.8/site-packages/airflow/example_dags/example_sla_dag.py for tasks to queue
[2024-06-17T17:57:10.243+0000] {logging_mixin.py:151} INFO - [2024-06-17T17:57:10.243+0000] {dagbag.py:539} INFO - Filling up the DagBag from /home/airflow/.local/lib/python3.8/site-packages/airflow/example_dags/example_sla_dag.py
[2024-06-17T17:57:10.247+0000] {processor.py:839} INFO - DAG(s) dict_keys(['example_sla_dag']) retrieved from /home/airflow/.local/lib/python3.8/site-packages/airflow/example_dags/example_sla_dag.py
[2024-06-17T17:57:10.255+0000] {logging_mixin.py:151} INFO - [2024-06-17T17:57:10.255+0000] {dag.py:2907} INFO - Sync 1 DAGs
[2024-06-17T17:57:10.265+0000] {logging_mixin.py:151} INFO - [2024-06-17T17:57:10.265+0000] {dag.py:3677} INFO - Setting next_dagrun for example_sla_dag to 2024-06-17T17:54:00+00:00, run_after=2024-06-17T17:56:00+00:00
[2024-06-17T17:57:10.271+0000] {processor.py:179} INFO - Processing /home/airflow/.local/lib/python3.8/site-packages/airflow/example_dags/example_sla_dag.py took 0.031 seconds
[2024-06-17T17:57:40.810+0000] {processor.py:157} INFO - Started process (PID=152) to work on /home/airflow/.local/lib/python3.8/site-packages/airflow/example_dags/example_sla_dag.py
[2024-06-17T17:57:40.811+0000] {processor.py:829} INFO - Processing file /home/airflow/.local/lib/python3.8/site-packages/airflow/example_dags/example_sla_dag.py for tasks to queue
[2024-06-17T17:57:40.811+0000] {logging_mixin.py:151} INFO - [2024-06-17T17:57:40.811+0000] {dagbag.py:539} INFO - Filling up the DagBag from /home/airflow/.local/lib/python3.8/site-packages/airflow/example_dags/example_sla_dag.py
[2024-06-17T17:57:40.815+0000] {processor.py:839} INFO - DAG(s) dict_keys(['example_sla_dag']) retrieved from /home/airflow/.local/lib/python3.8/site-packages/airflow/example_dags/example_sla_dag.py
[2024-06-17T17:57:40.822+0000] {logging_mixin.py:151} INFO - [2024-06-17T17:57:40.822+0000] {dag.py:2907} INFO - Sync 1 DAGs
[2024-06-17T17:57:40.832+0000] {logging_mixin.py:151} INFO - [2024-06-17T17:57:40.831+0000] {dag.py:3677} INFO - Setting next_dagrun for example_sla_dag to 2024-06-17T17:54:00+00:00, run_after=2024-06-17T17:56:00+00:00
[2024-06-17T17:57:40.838+0000] {processor.py:179} INFO - Processing /home/airflow/.local/lib/python3.8/site-packages/airflow/example_dags/example_sla_dag.py took 0.029 seconds
[2024-06-17T17:58:11.388+0000] {processor.py:157} INFO - Started process (PID=207) to work on /home/airflow/.local/lib/python3.8/site-packages/airflow/example_dags/example_sla_dag.py
[2024-06-17T17:58:11.389+0000] {processor.py:829} INFO - Processing file /home/airflow/.local/lib/python3.8/site-packages/airflow/example_dags/example_sla_dag.py for tasks to queue
[2024-06-17T17:58:11.389+0000] {logging_mixin.py:151} INFO - [2024-06-17T17:58:11.389+0000] {dagbag.py:539} INFO - Filling up the DagBag from /home/airflow/.local/lib/python3.8/site-packages/airflow/example_dags/example_sla_dag.py
[2024-06-17T17:58:11.393+0000] {processor.py:839} INFO - DAG(s) dict_keys(['example_sla_dag']) retrieved from /home/airflow/.local/lib/python3.8/site-packages/airflow/example_dags/example_sla_dag.py
[2024-06-17T17:58:11.404+0000] {logging_mixin.py:151} INFO - [2024-06-17T17:58:11.404+0000] {dag.py:2907} INFO - Sync 1 DAGs
[2024-06-17T17:58:11.414+0000] {logging_mixin.py:151} INFO - [2024-06-17T17:58:11.414+0000] {dag.py:3677} INFO - Setting next_dagrun for example_sla_dag to 2024-06-17T17:56:00+00:00, run_after=2024-06-17T17:58:00+00:00
[2024-06-17T17:58:11.420+0000] {processor.py:179} INFO - Processing /home/airflow/.local/lib/python3.8/site-packages/airflow/example_dags/example_sla_dag.py took 0.033 seconds
[2024-06-17T17:58:41.912+0000] {processor.py:157} INFO - Started process (PID=262) to work on /home/airflow/.local/lib/python3.8/site-packages/airflow/example_dags/example_sla_dag.py
[2024-06-17T17:58:41.912+0000] {processor.py:829} INFO - Processing file /home/airflow/.local/lib/python3.8/site-packages/airflow/example_dags/example_sla_dag.py for tasks to queue
[2024-06-17T17:58:41.913+0000] {logging_mixin.py:151} INFO - [2024-06-17T17:58:41.913+0000] {dagbag.py:539} INFO - Filling up the DagBag from /home/airflow/.local/lib/python3.8/site-packages/airflow/example_dags/example_sla_dag.py
[2024-06-17T17:58:41.917+0000] {processor.py:839} INFO - DAG(s) dict_keys(['example_sla_dag']) retrieved from /home/airflow/.local/lib/python3.8/site-packages/airflow/example_dags/example_sla_dag.py
[2024-06-17T17:58:41.925+0000] {logging_mixin.py:151} INFO - [2024-06-17T17:58:41.925+0000] {dag.py:2907} INFO - Sync 1 DAGs
[2024-06-17T17:58:41.934+0000] {logging_mixin.py:151} INFO - [2024-06-17T17:58:41.934+0000] {dag.py:3677} INFO - Setting next_dagrun for example_sla_dag to 2024-06-17T17:56:00+00:00, run_after=2024-06-17T17:58:00+00:00
[2024-06-17T17:58:41.941+0000] {processor.py:179} INFO - Processing /home/airflow/.local/lib/python3.8/site-packages/airflow/example_dags/example_sla_dag.py took 0.031 seconds
[2024-06-17T17:59:12.442+0000] {processor.py:157} INFO - Started process (PID=317) to work on /home/airflow/.local/lib/python3.8/site-packages/airflow/example_dags/example_sla_dag.py
[2024-06-17T17:59:12.442+0000] {processor.py:829} INFO - Processing file /home/airflow/.local/lib/python3.8/site-packages/airflow/example_dags/example_sla_dag.py for tasks to queue
[2024-06-17T17:59:12.443+0000] {logging_mixin.py:151} INFO - [2024-06-17T17:59:12.443+0000] {dagbag.py:539} INFO - Filling up the DagBag from /home/airflow/.local/lib/python3.8/site-packages/airflow/example_dags/example_sla_dag.py
[2024-06-17T17:59:12.447+0000] {processor.py:839} INFO - DAG(s) dict_keys(['example_sla_dag']) retrieved from /home/airflow/.local/lib/python3.8/site-packages/airflow/example_dags/example_sla_dag.py
[2024-06-17T17:59:12.456+0000] {logging_mixin.py:151} INFO - [2024-06-17T17:59:12.456+0000] {dag.py:2907} INFO - Sync 1 DAGs
[2024-06-17T17:59:12.465+0000] {logging_mixin.py:151} INFO - [2024-06-17T17:59:12.465+0000] {dag.py:3677} INFO - Setting next_dagrun for example_sla_dag to 2024-06-17T17:56:00+00:00, run_after=2024-06-17T17:58:00+00:00
[2024-06-17T17:59:12.472+0000] {processor.py:179} INFO - Processing /home/airflow/.local/lib/python3.8/site-packages/airflow/example_dags/example_sla_dag.py took 0.033 seconds
[2024-06-17T17:59:42.904+0000] {processor.py:157} INFO - Started process (PID=372) to work on /home/airflow/.local/lib/python3.8/site-packages/airflow/example_dags/example_sla_dag.py
[2024-06-17T17:59:42.905+0000] {processor.py:829} INFO - Processing file /home/airflow/.local/lib/python3.8/site-packages/airflow/example_dags/example_sla_dag.py for tasks to queue
[2024-06-17T17:59:42.905+0000] {logging_mixin.py:151} INFO - [2024-06-17T17:59:42.905+0000] {dagbag.py:539} INFO - Filling up the DagBag from /home/airflow/.local/lib/python3.8/site-packages/airflow/example_dags/example_sla_dag.py
[2024-06-17T17:59:42.909+0000] {processor.py:839} INFO - DAG(s) dict_keys(['example_sla_dag']) retrieved from /home/airflow/.local/lib/python3.8/site-packages/airflow/example_dags/example_sla_dag.py
[2024-06-17T17:59:42.918+0000] {logging_mixin.py:151} INFO - [2024-06-17T17:59:42.918+0000] {dag.py:2907} INFO - Sync 1 DAGs
[2024-06-17T17:59:42.927+0000] {logging_mixin.py:151} INFO - [2024-06-17T17:59:42.927+0000] {dag.py:3677} INFO - Setting next_dagrun for example_sla_dag to 2024-06-17T17:56:00+00:00, run_after=2024-06-17T17:58:00+00:00
[2024-06-17T17:59:42.934+0000] {processor.py:179} INFO - Processing /home/airflow/.local/lib/python3.8/site-packages/airflow/example_dags/example_sla_dag.py took 0.031 seconds
[2024-06-17T18:00:13.465+0000] {processor.py:157} INFO - Started process (PID=427) to work on /home/airflow/.local/lib/python3.8/site-packages/airflow/example_dags/example_sla_dag.py
[2024-06-17T18:00:13.465+0000] {processor.py:829} INFO - Processing file /home/airflow/.local/lib/python3.8/site-packages/airflow/example_dags/example_sla_dag.py for tasks to queue
[2024-06-17T18:00:13.466+0000] {logging_mixin.py:151} INFO - [2024-06-17T18:00:13.466+0000] {dagbag.py:539} INFO - Filling up the DagBag from /home/airflow/.local/lib/python3.8/site-packages/airflow/example_dags/example_sla_dag.py
[2024-06-17T18:00:13.470+0000] {processor.py:839} INFO - DAG(s) dict_keys(['example_sla_dag']) retrieved from /home/airflow/.local/lib/python3.8/site-packages/airflow/example_dags/example_sla_dag.py
[2024-06-17T18:00:13.478+0000] {logging_mixin.py:151} INFO - [2024-06-17T18:00:13.478+0000] {dag.py:2907} INFO - Sync 1 DAGs
[2024-06-17T18:00:13.488+0000] {logging_mixin.py:151} INFO - [2024-06-17T18:00:13.488+0000] {dag.py:3677} INFO - Setting next_dagrun for example_sla_dag to 2024-06-17T17:58:00+00:00, run_after=2024-06-17T18:00:00+00:00
[2024-06-17T18:00:13.494+0000] {processor.py:179} INFO - Processing /home/airflow/.local/lib/python3.8/site-packages/airflow/example_dags/example_sla_dag.py took 0.031 seconds
[2024-06-17T18:00:43.962+0000] {processor.py:157} INFO - Started process (PID=482) to work on /home/airflow/.local/lib/python3.8/site-packages/airflow/example_dags/example_sla_dag.py
[2024-06-17T18:00:43.962+0000] {processor.py:829} INFO - Processing file /home/airflow/.local/lib/python3.8/site-packages/airflow/example_dags/example_sla_dag.py for tasks to queue
[2024-06-17T18:00:43.963+0000] {logging_mixin.py:151} INFO - [2024-06-17T18:00:43.963+0000] {dagbag.py:539} INFO - Filling up the DagBag from /home/airflow/.local/lib/python3.8/site-packages/airflow/example_dags/example_sla_dag.py
[2024-06-17T18:00:43.968+0000] {processor.py:839} INFO - DAG(s) dict_keys(['example_sla_dag']) retrieved from /home/airflow/.local/lib/python3.8/site-packages/airflow/example_dags/example_sla_dag.py
[2024-06-17T18:00:43.977+0000] {logging_mixin.py:151} INFO - [2024-06-17T18:00:43.977+0000] {dag.py:2907} INFO - Sync 1 DAGs
[2024-06-17T18:00:43.987+0000] {logging_mixin.py:151} INFO - [2024-06-17T18:00:43.987+0000] {dag.py:3677} INFO - Setting next_dagrun for example_sla_dag to 2024-06-17T17:58:00+00:00, run_after=2024-06-17T18:00:00+00:00
[2024-06-17T18:00:43.994+0000] {processor.py:179} INFO - Processing /home/airflow/.local/lib/python3.8/site-packages/airflow/example_dags/example_sla_dag.py took 0.034 seconds
[2024-06-17T18:01:14.533+0000] {processor.py:157} INFO - Started process (PID=537) to work on /home/airflow/.local/lib/python3.8/site-packages/airflow/example_dags/example_sla_dag.py
[2024-06-17T18:01:14.533+0000] {processor.py:829} INFO - Processing file /home/airflow/.local/lib/python3.8/site-packages/airflow/example_dags/example_sla_dag.py for tasks to queue
[2024-06-17T18:01:14.534+0000] {logging_mixin.py:151} INFO - [2024-06-17T18:01:14.534+0000] {dagbag.py:539} INFO - Filling up the DagBag from /home/airflow/.local/lib/python3.8/site-packages/airflow/example_dags/example_sla_dag.py
[2024-06-17T18:01:14.538+0000] {processor.py:839} INFO - DAG(s) dict_keys(['example_sla_dag']) retrieved from /home/airflow/.local/lib/python3.8/site-packages/airflow/example_dags/example_sla_dag.py
[2024-06-17T18:01:14.547+0000] {logging_mixin.py:151} INFO - [2024-06-17T18:01:14.546+0000] {dag.py:2907} INFO - Sync 1 DAGs
[2024-06-17T18:01:14.556+0000] {logging_mixin.py:151} INFO - [2024-06-17T18:01:14.556+0000] {dag.py:3677} INFO - Setting next_dagrun for example_sla_dag to 2024-06-17T17:58:00+00:00, run_after=2024-06-17T18:00:00+00:00
[2024-06-17T18:01:14.562+0000] {processor.py:179} INFO - Processing /home/airflow/.local/lib/python3.8/site-packages/airflow/example_dags/example_sla_dag.py took 0.031 seconds
[2024-06-17T18:01:45.075+0000] {processor.py:157} INFO - Started process (PID=592) to work on /home/airflow/.local/lib/python3.8/site-packages/airflow/example_dags/example_sla_dag.py
[2024-06-17T18:01:45.075+0000] {processor.py:829} INFO - Processing file /home/airflow/.local/lib/python3.8/site-packages/airflow/example_dags/example_sla_dag.py for tasks to queue
[2024-06-17T18:01:45.076+0000] {logging_mixin.py:151} INFO - [2024-06-17T18:01:45.076+0000] {dagbag.py:539} INFO - Filling up the DagBag from /home/airflow/.local/lib/python3.8/site-packages/airflow/example_dags/example_sla_dag.py
[2024-06-17T18:01:45.080+0000] {processor.py:839} INFO - DAG(s) dict_keys(['example_sla_dag']) retrieved from /home/airflow/.local/lib/python3.8/site-packages/airflow/example_dags/example_sla_dag.py
[2024-06-17T18:01:45.089+0000] {logging_mixin.py:151} INFO - [2024-06-17T18:01:45.089+0000] {dag.py:2907} INFO - Sync 1 DAGs
[2024-06-17T18:01:45.099+0000] {logging_mixin.py:151} INFO - [2024-06-17T18:01:45.099+0000] {dag.py:3677} INFO - Setting next_dagrun for example_sla_dag to 2024-06-17T17:58:00+00:00, run_after=2024-06-17T18:00:00+00:00
[2024-06-17T18:01:45.105+0000] {processor.py:179} INFO - Processing /home/airflow/.local/lib/python3.8/site-packages/airflow/example_dags/example_sla_dag.py took 0.032 seconds
[2024-06-17T18:02:15.660+0000] {processor.py:157} INFO - Started process (PID=647) to work on /home/airflow/.local/lib/python3.8/site-packages/airflow/example_dags/example_sla_dag.py
[2024-06-17T18:02:15.661+0000] {processor.py:829} INFO - Processing file /home/airflow/.local/lib/python3.8/site-packages/airflow/example_dags/example_sla_dag.py for tasks to queue
[2024-06-17T18:02:15.662+0000] {logging_mixin.py:151} INFO - [2024-06-17T18:02:15.662+0000] {dagbag.py:539} INFO - Filling up the DagBag from /home/airflow/.local/lib/python3.8/site-packages/airflow/example_dags/example_sla_dag.py
[2024-06-17T18:02:15.665+0000] {processor.py:839} INFO - DAG(s) dict_keys(['example_sla_dag']) retrieved from /home/airflow/.local/lib/python3.8/site-packages/airflow/example_dags/example_sla_dag.py
[2024-06-17T18:02:15.674+0000] {logging_mixin.py:151} INFO - [2024-06-17T18:02:15.673+0000] {dag.py:2907} INFO - Sync 1 DAGs
[2024-06-17T18:02:15.683+0000] {logging_mixin.py:151} INFO - [2024-06-17T18:02:15.683+0000] {dag.py:3677} INFO - Setting next_dagrun for example_sla_dag to 2024-06-17T18:00:00+00:00, run_after=2024-06-17T18:02:00+00:00
[2024-06-17T18:02:15.690+0000] {processor.py:179} INFO - Processing /home/airflow/.local/lib/python3.8/site-packages/airflow/example_dags/example_sla_dag.py took 0.031 seconds
[2024-06-17T18:02:46.228+0000] {processor.py:157} INFO - Started process (PID=702) to work on /home/airflow/.local/lib/python3.8/site-packages/airflow/example_dags/example_sla_dag.py
[2024-06-17T18:02:46.229+0000] {processor.py:829} INFO - Processing file /home/airflow/.local/lib/python3.8/site-packages/airflow/example_dags/example_sla_dag.py for tasks to queue
[2024-06-17T18:02:46.230+0000] {logging_mixin.py:151} INFO - [2024-06-17T18:02:46.230+0000] {dagbag.py:539} INFO - Filling up the DagBag from /home/airflow/.local/lib/python3.8/site-packages/airflow/example_dags/example_sla_dag.py
[2024-06-17T18:02:46.234+0000] {processor.py:839} INFO - DAG(s) dict_keys(['example_sla_dag']) retrieved from /home/airflow/.local/lib/python3.8/site-packages/airflow/example_dags/example_sla_dag.py
[2024-06-17T18:02:46.242+0000] {logging_mixin.py:151} INFO - [2024-06-17T18:02:46.242+0000] {dag.py:2907} INFO - Sync 1 DAGs
[2024-06-17T18:02:46.252+0000] {logging_mixin.py:151} INFO - [2024-06-17T18:02:46.252+0000] {dag.py:3677} INFO - Setting next_dagrun for example_sla_dag to 2024-06-17T18:00:00+00:00, run_after=2024-06-17T18:02:00+00:00
[2024-06-17T18:02:46.258+0000] {processor.py:179} INFO - Processing /home/airflow/.local/lib/python3.8/site-packages/airflow/example_dags/example_sla_dag.py took 0.031 seconds
[2024-06-17T18:03:16.745+0000] {processor.py:157} INFO - Started process (PID=757) to work on /home/airflow/.local/lib/python3.8/site-packages/airflow/example_dags/example_sla_dag.py
[2024-06-17T18:03:16.746+0000] {processor.py:829} INFO - Processing file /home/airflow/.local/lib/python3.8/site-packages/airflow/example_dags/example_sla_dag.py for tasks to queue
[2024-06-17T18:03:16.747+0000] {logging_mixin.py:151} INFO - [2024-06-17T18:03:16.746+0000] {dagbag.py:539} INFO - Filling up the DagBag from /home/airflow/.local/lib/python3.8/site-packages/airflow/example_dags/example_sla_dag.py
[2024-06-17T18:03:16.751+0000] {processor.py:839} INFO - DAG(s) dict_keys(['example_sla_dag']) retrieved from /home/airflow/.local/lib/python3.8/site-packages/airflow/example_dags/example_sla_dag.py
[2024-06-17T18:03:16.759+0000] {logging_mixin.py:151} INFO - [2024-06-17T18:03:16.759+0000] {dag.py:2907} INFO - Sync 1 DAGs
[2024-06-17T18:03:16.769+0000] {logging_mixin.py:151} INFO - [2024-06-17T18:03:16.769+0000] {dag.py:3677} INFO - Setting next_dagrun for example_sla_dag to 2024-06-17T18:00:00+00:00, run_after=2024-06-17T18:02:00+00:00
[2024-06-17T18:03:16.776+0000] {processor.py:179} INFO - Processing /home/airflow/.local/lib/python3.8/site-packages/airflow/example_dags/example_sla_dag.py took 0.033 seconds
[2024-06-17T18:03:47.196+0000] {processor.py:157} INFO - Started process (PID=812) to work on /home/airflow/.local/lib/python3.8/site-packages/airflow/example_dags/example_sla_dag.py
[2024-06-17T18:03:47.197+0000] {processor.py:829} INFO - Processing file /home/airflow/.local/lib/python3.8/site-packages/airflow/example_dags/example_sla_dag.py for tasks to queue
[2024-06-17T18:03:47.198+0000] {logging_mixin.py:151} INFO - [2024-06-17T18:03:47.198+0000] {dagbag.py:539} INFO - Filling up the DagBag from /home/airflow/.local/lib/python3.8/site-packages/airflow/example_dags/example_sla_dag.py
[2024-06-17T18:03:47.202+0000] {processor.py:839} INFO - DAG(s) dict_keys(['example_sla_dag']) retrieved from /home/airflow/.local/lib/python3.8/site-packages/airflow/example_dags/example_sla_dag.py
[2024-06-17T18:03:47.210+0000] {logging_mixin.py:151} INFO - [2024-06-17T18:03:47.210+0000] {dag.py:2907} INFO - Sync 1 DAGs
[2024-06-17T18:03:47.220+0000] {logging_mixin.py:151} INFO - [2024-06-17T18:03:47.220+0000] {dag.py:3677} INFO - Setting next_dagrun for example_sla_dag to 2024-06-17T18:00:00+00:00, run_after=2024-06-17T18:02:00+00:00
[2024-06-17T18:03:47.226+0000] {processor.py:179} INFO - Processing /home/airflow/.local/lib/python3.8/site-packages/airflow/example_dags/example_sla_dag.py took 0.032 seconds
[2024-06-17T18:04:17.696+0000] {processor.py:157} INFO - Started process (PID=867) to work on /home/airflow/.local/lib/python3.8/site-packages/airflow/example_dags/example_sla_dag.py
[2024-06-17T18:04:17.697+0000] {processor.py:829} INFO - Processing file /home/airflow/.local/lib/python3.8/site-packages/airflow/example_dags/example_sla_dag.py for tasks to queue
[2024-06-17T18:04:17.699+0000] {logging_mixin.py:151} INFO - [2024-06-17T18:04:17.698+0000] {dagbag.py:539} INFO - Filling up the DagBag from /home/airflow/.local/lib/python3.8/site-packages/airflow/example_dags/example_sla_dag.py
[2024-06-17T18:04:17.704+0000] {processor.py:839} INFO - DAG(s) dict_keys(['example_sla_dag']) retrieved from /home/airflow/.local/lib/python3.8/site-packages/airflow/example_dags/example_sla_dag.py
[2024-06-17T18:04:17.716+0000] {logging_mixin.py:151} INFO - [2024-06-17T18:04:17.716+0000] {dag.py:2907} INFO - Sync 1 DAGs
[2024-06-17T18:04:17.729+0000] {logging_mixin.py:151} INFO - [2024-06-17T18:04:17.729+0000] {dag.py:3677} INFO - Setting next_dagrun for example_sla_dag to 2024-06-17T18:02:00+00:00, run_after=2024-06-17T18:04:00+00:00
[2024-06-17T18:04:17.739+0000] {processor.py:179} INFO - Processing /home/airflow/.local/lib/python3.8/site-packages/airflow/example_dags/example_sla_dag.py took 0.045 seconds
[2024-06-17T18:04:43.277+0000] {processor.py:157} INFO - Started process (PID=41) to work on /home/airflow/.local/lib/python3.8/site-packages/airflow/example_dags/example_sla_dag.py
[2024-06-17T18:04:43.278+0000] {processor.py:829} INFO - Processing file /home/airflow/.local/lib/python3.8/site-packages/airflow/example_dags/example_sla_dag.py for tasks to queue
[2024-06-17T18:04:43.279+0000] {logging_mixin.py:151} INFO - [2024-06-17T18:04:43.279+0000] {dagbag.py:539} INFO - Filling up the DagBag from /home/airflow/.local/lib/python3.8/site-packages/airflow/example_dags/example_sla_dag.py
[2024-06-17T18:04:43.284+0000] {processor.py:839} INFO - DAG(s) dict_keys(['example_sla_dag']) retrieved from /home/airflow/.local/lib/python3.8/site-packages/airflow/example_dags/example_sla_dag.py
[2024-06-17T18:04:43.289+0000] {logging_mixin.py:151} INFO - [2024-06-17T18:04:43.289+0000] {dag.py:2907} INFO - Sync 1 DAGs
[2024-06-17T18:04:43.300+0000] {logging_mixin.py:151} INFO - [2024-06-17T18:04:43.300+0000] {dag.py:3677} INFO - Setting next_dagrun for example_sla_dag to 2024-06-17T18:02:00+00:00, run_after=2024-06-17T18:04:00+00:00
[2024-06-17T18:04:43.308+0000] {processor.py:179} INFO - Processing /home/airflow/.local/lib/python3.8/site-packages/airflow/example_dags/example_sla_dag.py took 0.033 seconds
[2024-06-17T18:05:14.189+0000] {processor.py:157} INFO - Started process (PID=96) to work on /home/airflow/.local/lib/python3.8/site-packages/airflow/example_dags/example_sla_dag.py
[2024-06-17T18:05:14.189+0000] {processor.py:829} INFO - Processing file /home/airflow/.local/lib/python3.8/site-packages/airflow/example_dags/example_sla_dag.py for tasks to queue
[2024-06-17T18:05:14.190+0000] {logging_mixin.py:151} INFO - [2024-06-17T18:05:14.190+0000] {dagbag.py:539} INFO - Filling up the DagBag from /home/airflow/.local/lib/python3.8/site-packages/airflow/example_dags/example_sla_dag.py
[2024-06-17T18:05:14.194+0000] {processor.py:839} INFO - DAG(s) dict_keys(['example_sla_dag']) retrieved from /home/airflow/.local/lib/python3.8/site-packages/airflow/example_dags/example_sla_dag.py
[2024-06-17T18:05:14.273+0000] {logging_mixin.py:151} INFO - [2024-06-17T18:05:14.273+0000] {dag.py:2907} INFO - Sync 1 DAGs
[2024-06-17T18:05:14.283+0000] {logging_mixin.py:151} INFO - [2024-06-17T18:05:14.283+0000] {dag.py:3677} INFO - Setting next_dagrun for example_sla_dag to 2024-06-17T18:02:00+00:00, run_after=2024-06-17T18:04:00+00:00
[2024-06-17T18:05:14.290+0000] {processor.py:179} INFO - Processing /home/airflow/.local/lib/python3.8/site-packages/airflow/example_dags/example_sla_dag.py took 0.103 seconds
[2024-06-17T18:05:44.627+0000] {processor.py:157} INFO - Started process (PID=151) to work on /home/airflow/.local/lib/python3.8/site-packages/airflow/example_dags/example_sla_dag.py
[2024-06-17T18:05:44.628+0000] {processor.py:829} INFO - Processing file /home/airflow/.local/lib/python3.8/site-packages/airflow/example_dags/example_sla_dag.py for tasks to queue
[2024-06-17T18:05:44.629+0000] {logging_mixin.py:151} INFO - [2024-06-17T18:05:44.629+0000] {dagbag.py:539} INFO - Filling up the DagBag from /home/airflow/.local/lib/python3.8/site-packages/airflow/example_dags/example_sla_dag.py
[2024-06-17T18:05:44.633+0000] {processor.py:839} INFO - DAG(s) dict_keys(['example_sla_dag']) retrieved from /home/airflow/.local/lib/python3.8/site-packages/airflow/example_dags/example_sla_dag.py
[2024-06-17T18:05:44.641+0000] {logging_mixin.py:151} INFO - [2024-06-17T18:05:44.641+0000] {dag.py:2907} INFO - Sync 1 DAGs
[2024-06-17T18:05:44.652+0000] {logging_mixin.py:151} INFO - [2024-06-17T18:05:44.652+0000] {dag.py:3677} INFO - Setting next_dagrun for example_sla_dag to 2024-06-17T18:02:00+00:00, run_after=2024-06-17T18:04:00+00:00
[2024-06-17T18:05:44.658+0000] {processor.py:179} INFO - Processing /home/airflow/.local/lib/python3.8/site-packages/airflow/example_dags/example_sla_dag.py took 0.032 seconds
[2024-06-17T18:06:15.292+0000] {processor.py:157} INFO - Started process (PID=206) to work on /home/airflow/.local/lib/python3.8/site-packages/airflow/example_dags/example_sla_dag.py
[2024-06-17T18:06:15.293+0000] {processor.py:829} INFO - Processing file /home/airflow/.local/lib/python3.8/site-packages/airflow/example_dags/example_sla_dag.py for tasks to queue
[2024-06-17T18:06:15.294+0000] {logging_mixin.py:151} INFO - [2024-06-17T18:06:15.294+0000] {dagbag.py:539} INFO - Filling up the DagBag from /home/airflow/.local/lib/python3.8/site-packages/airflow/example_dags/example_sla_dag.py
[2024-06-17T18:06:15.297+0000] {processor.py:839} INFO - DAG(s) dict_keys(['example_sla_dag']) retrieved from /home/airflow/.local/lib/python3.8/site-packages/airflow/example_dags/example_sla_dag.py
[2024-06-17T18:06:15.305+0000] {logging_mixin.py:151} INFO - [2024-06-17T18:06:15.305+0000] {dag.py:2907} INFO - Sync 1 DAGs
[2024-06-17T18:06:15.315+0000] {logging_mixin.py:151} INFO - [2024-06-17T18:06:15.315+0000] {dag.py:3677} INFO - Setting next_dagrun for example_sla_dag to 2024-06-17T18:04:00+00:00, run_after=2024-06-17T18:06:00+00:00
[2024-06-17T18:06:15.322+0000] {processor.py:179} INFO - Processing /home/airflow/.local/lib/python3.8/site-packages/airflow/example_dags/example_sla_dag.py took 0.031 seconds
[2024-06-17T18:06:45.931+0000] {processor.py:157} INFO - Started process (PID=261) to work on /home/airflow/.local/lib/python3.8/site-packages/airflow/example_dags/example_sla_dag.py
[2024-06-17T18:06:45.931+0000] {processor.py:829} INFO - Processing file /home/airflow/.local/lib/python3.8/site-packages/airflow/example_dags/example_sla_dag.py for tasks to queue
[2024-06-17T18:06:45.932+0000] {logging_mixin.py:151} INFO - [2024-06-17T18:06:45.932+0000] {dagbag.py:539} INFO - Filling up the DagBag from /home/airflow/.local/lib/python3.8/site-packages/airflow/example_dags/example_sla_dag.py
[2024-06-17T18:06:45.936+0000] {processor.py:839} INFO - DAG(s) dict_keys(['example_sla_dag']) retrieved from /home/airflow/.local/lib/python3.8/site-packages/airflow/example_dags/example_sla_dag.py
[2024-06-17T18:06:45.944+0000] {logging_mixin.py:151} INFO - [2024-06-17T18:06:45.944+0000] {dag.py:2907} INFO - Sync 1 DAGs
[2024-06-17T18:06:45.954+0000] {logging_mixin.py:151} INFO - [2024-06-17T18:06:45.954+0000] {dag.py:3677} INFO - Setting next_dagrun for example_sla_dag to 2024-06-17T18:04:00+00:00, run_after=2024-06-17T18:06:00+00:00
[2024-06-17T18:06:45.961+0000] {processor.py:179} INFO - Processing /home/airflow/.local/lib/python3.8/site-packages/airflow/example_dags/example_sla_dag.py took 0.032 seconds
[2024-06-17T18:07:16.332+0000] {processor.py:157} INFO - Started process (PID=316) to work on /home/airflow/.local/lib/python3.8/site-packages/airflow/example_dags/example_sla_dag.py
[2024-06-17T18:07:16.332+0000] {processor.py:829} INFO - Processing file /home/airflow/.local/lib/python3.8/site-packages/airflow/example_dags/example_sla_dag.py for tasks to queue
[2024-06-17T18:07:16.333+0000] {logging_mixin.py:151} INFO - [2024-06-17T18:07:16.333+0000] {dagbag.py:539} INFO - Filling up the DagBag from /home/airflow/.local/lib/python3.8/site-packages/airflow/example_dags/example_sla_dag.py
[2024-06-17T18:07:16.337+0000] {processor.py:839} INFO - DAG(s) dict_keys(['example_sla_dag']) retrieved from /home/airflow/.local/lib/python3.8/site-packages/airflow/example_dags/example_sla_dag.py
[2024-06-17T18:07:16.346+0000] {logging_mixin.py:151} INFO - [2024-06-17T18:07:16.346+0000] {dag.py:2907} INFO - Sync 1 DAGs
[2024-06-17T18:07:16.356+0000] {logging_mixin.py:151} INFO - [2024-06-17T18:07:16.356+0000] {dag.py:3677} INFO - Setting next_dagrun for example_sla_dag to 2024-06-17T18:04:00+00:00, run_after=2024-06-17T18:06:00+00:00
[2024-06-17T18:07:16.362+0000] {processor.py:179} INFO - Processing /home/airflow/.local/lib/python3.8/site-packages/airflow/example_dags/example_sla_dag.py took 0.031 seconds
