[2024-06-17T17:56:40.293+0000] {processor.py:157} INFO - Started process (PID=45) to work on /home/airflow/.local/lib/python3.8/site-packages/airflow/example_dags/example_subdag_operator.py
[2024-06-17T17:56:40.297+0000] {processor.py:829} INFO - Processing file /home/airflow/.local/lib/python3.8/site-packages/airflow/example_dags/example_subdag_operator.py for tasks to queue
[2024-06-17T17:56:40.298+0000] {logging_mixin.py:151} INFO - [2024-06-17T17:56:40.298+0000] {dagbag.py:539} INFO - Filling up the DagBag from /home/airflow/.local/lib/python3.8/site-packages/airflow/example_dags/example_subdag_operator.py
[2024-06-17T17:56:40.309+0000] {processor.py:839} INFO - DAG(s) dict_keys(['example_subdag_operator.section-1', 'example_subdag_operator.section-2', 'example_subdag_operator']) retrieved from /home/airflow/.local/lib/python3.8/site-packages/airflow/example_dags/example_subdag_operator.py
[2024-06-17T17:56:40.422+0000] {logging_mixin.py:151} INFO - [2024-06-17T17:56:40.421+0000] {manager.py:501} INFO - Created Permission View: can delete on DAG:example_subdag_operator
[2024-06-17T17:56:40.425+0000] {logging_mixin.py:151} INFO - [2024-06-17T17:56:40.425+0000] {manager.py:501} INFO - Created Permission View: can read on DAG:example_subdag_operator
[2024-06-17T17:56:40.427+0000] {logging_mixin.py:151} INFO - [2024-06-17T17:56:40.427+0000] {manager.py:501} INFO - Created Permission View: can edit on DAG:example_subdag_operator
[2024-06-17T17:56:40.432+0000] {logging_mixin.py:151} INFO - [2024-06-17T17:56:40.432+0000] {dag.py:2907} INFO - Sync 3 DAGs
[2024-06-17T17:56:40.436+0000] {logging_mixin.py:151} INFO - [2024-06-17T17:56:40.436+0000] {dag.py:2929} INFO - Creating ORM DAG for example_subdag_operator.section-1
[2024-06-17T17:56:40.436+0000] {logging_mixin.py:151} INFO - [2024-06-17T17:56:40.436+0000] {dag.py:2929} INFO - Creating ORM DAG for example_subdag_operator
[2024-06-17T17:56:40.436+0000] {logging_mixin.py:151} INFO - [2024-06-17T17:56:40.436+0000] {dag.py:2929} INFO - Creating ORM DAG for example_subdag_operator.section-2
[2024-06-17T17:56:40.440+0000] {logging_mixin.py:151} INFO - [2024-06-17T17:56:40.440+0000] {dag.py:3677} INFO - Setting next_dagrun for example_subdag_operator to 2022-01-01T00:00:00+00:00, run_after=2022-01-01T00:00:00+00:00
[2024-06-17T17:56:40.440+0000] {logging_mixin.py:151} INFO - [2024-06-17T17:56:40.440+0000] {dag.py:3677} INFO - Setting next_dagrun for example_subdag_operator.section-1 to None, run_after=None
[2024-06-17T17:56:40.440+0000] {logging_mixin.py:151} INFO - [2024-06-17T17:56:40.440+0000] {dag.py:3677} INFO - Setting next_dagrun for example_subdag_operator.section-2 to None, run_after=None
[2024-06-17T17:56:40.444+0000] {logging_mixin.py:151} INFO - [2024-06-17T17:56:40.444+0000] {dag.py:2907} INFO - Sync 2 DAGs
[2024-06-17T17:56:40.446+0000] {logging_mixin.py:151} INFO - [2024-06-17T17:56:40.446+0000] {dag.py:3677} INFO - Setting next_dagrun for example_subdag_operator.section-1 to None, run_after=None
[2024-06-17T17:56:40.447+0000] {logging_mixin.py:151} INFO - [2024-06-17T17:56:40.447+0000] {dag.py:3677} INFO - Setting next_dagrun for example_subdag_operator.section-2 to None, run_after=None
[2024-06-17T17:56:40.452+0000] {processor.py:179} INFO - Processing /home/airflow/.local/lib/python3.8/site-packages/airflow/example_dags/example_subdag_operator.py took 0.160 seconds
[2024-06-17T17:57:11.331+0000] {processor.py:157} INFO - Started process (PID=100) to work on /home/airflow/.local/lib/python3.8/site-packages/airflow/example_dags/example_subdag_operator.py
[2024-06-17T17:57:11.332+0000] {processor.py:829} INFO - Processing file /home/airflow/.local/lib/python3.8/site-packages/airflow/example_dags/example_subdag_operator.py for tasks to queue
[2024-06-17T17:57:11.333+0000] {logging_mixin.py:151} INFO - [2024-06-17T17:57:11.333+0000] {dagbag.py:539} INFO - Filling up the DagBag from /home/airflow/.local/lib/python3.8/site-packages/airflow/example_dags/example_subdag_operator.py
[2024-06-17T17:57:11.345+0000] {processor.py:839} INFO - DAG(s) dict_keys(['example_subdag_operator.section-1', 'example_subdag_operator.section-2', 'example_subdag_operator']) retrieved from /home/airflow/.local/lib/python3.8/site-packages/airflow/example_dags/example_subdag_operator.py
[2024-06-17T17:57:11.351+0000] {logging_mixin.py:151} INFO - [2024-06-17T17:57:11.351+0000] {dag.py:2907} INFO - Sync 3 DAGs
[2024-06-17T17:57:11.360+0000] {logging_mixin.py:151} INFO - [2024-06-17T17:57:11.360+0000] {dag.py:3677} INFO - Setting next_dagrun for example_subdag_operator to 2022-01-01T00:00:00+00:00, run_after=2022-01-01T00:00:00+00:00
[2024-06-17T17:57:11.361+0000] {logging_mixin.py:151} INFO - [2024-06-17T17:57:11.361+0000] {dag.py:3677} INFO - Setting next_dagrun for example_subdag_operator.section-1 to None, run_after=None
[2024-06-17T17:57:11.362+0000] {logging_mixin.py:151} INFO - [2024-06-17T17:57:11.362+0000] {dag.py:3677} INFO - Setting next_dagrun for example_subdag_operator.section-2 to None, run_after=None
[2024-06-17T17:57:11.364+0000] {logging_mixin.py:151} INFO - [2024-06-17T17:57:11.364+0000] {dag.py:2907} INFO - Sync 2 DAGs
[2024-06-17T17:57:11.366+0000] {logging_mixin.py:151} INFO - [2024-06-17T17:57:11.366+0000] {dag.py:3677} INFO - Setting next_dagrun for example_subdag_operator.section-1 to None, run_after=None
[2024-06-17T17:57:11.367+0000] {logging_mixin.py:151} INFO - [2024-06-17T17:57:11.367+0000] {dag.py:3677} INFO - Setting next_dagrun for example_subdag_operator.section-2 to None, run_after=None
[2024-06-17T17:57:11.370+0000] {processor.py:179} INFO - Processing /home/airflow/.local/lib/python3.8/site-packages/airflow/example_dags/example_subdag_operator.py took 0.041 seconds
[2024-06-17T17:57:41.896+0000] {processor.py:157} INFO - Started process (PID=155) to work on /home/airflow/.local/lib/python3.8/site-packages/airflow/example_dags/example_subdag_operator.py
[2024-06-17T17:57:41.897+0000] {processor.py:829} INFO - Processing file /home/airflow/.local/lib/python3.8/site-packages/airflow/example_dags/example_subdag_operator.py for tasks to queue
[2024-06-17T17:57:41.898+0000] {logging_mixin.py:151} INFO - [2024-06-17T17:57:41.898+0000] {dagbag.py:539} INFO - Filling up the DagBag from /home/airflow/.local/lib/python3.8/site-packages/airflow/example_dags/example_subdag_operator.py
[2024-06-17T17:57:41.910+0000] {processor.py:839} INFO - DAG(s) dict_keys(['example_subdag_operator.section-1', 'example_subdag_operator.section-2', 'example_subdag_operator']) retrieved from /home/airflow/.local/lib/python3.8/site-packages/airflow/example_dags/example_subdag_operator.py
[2024-06-17T17:57:41.916+0000] {logging_mixin.py:151} INFO - [2024-06-17T17:57:41.916+0000] {dag.py:2907} INFO - Sync 3 DAGs
[2024-06-17T17:57:41.925+0000] {logging_mixin.py:151} INFO - [2024-06-17T17:57:41.925+0000] {dag.py:3677} INFO - Setting next_dagrun for example_subdag_operator to 2022-01-01T00:00:00+00:00, run_after=2022-01-01T00:00:00+00:00
[2024-06-17T17:57:41.927+0000] {logging_mixin.py:151} INFO - [2024-06-17T17:57:41.927+0000] {dag.py:3677} INFO - Setting next_dagrun for example_subdag_operator.section-1 to None, run_after=None
[2024-06-17T17:57:41.927+0000] {logging_mixin.py:151} INFO - [2024-06-17T17:57:41.927+0000] {dag.py:3677} INFO - Setting next_dagrun for example_subdag_operator.section-2 to None, run_after=None
[2024-06-17T17:57:41.930+0000] {logging_mixin.py:151} INFO - [2024-06-17T17:57:41.930+0000] {dag.py:2907} INFO - Sync 2 DAGs
[2024-06-17T17:57:41.932+0000] {logging_mixin.py:151} INFO - [2024-06-17T17:57:41.932+0000] {dag.py:3677} INFO - Setting next_dagrun for example_subdag_operator.section-1 to None, run_after=None
[2024-06-17T17:57:41.932+0000] {logging_mixin.py:151} INFO - [2024-06-17T17:57:41.932+0000] {dag.py:3677} INFO - Setting next_dagrun for example_subdag_operator.section-2 to None, run_after=None
[2024-06-17T17:57:41.936+0000] {processor.py:179} INFO - Processing /home/airflow/.local/lib/python3.8/site-packages/airflow/example_dags/example_subdag_operator.py took 0.041 seconds
[2024-06-17T17:58:12.468+0000] {processor.py:157} INFO - Started process (PID=210) to work on /home/airflow/.local/lib/python3.8/site-packages/airflow/example_dags/example_subdag_operator.py
[2024-06-17T17:58:12.469+0000] {processor.py:829} INFO - Processing file /home/airflow/.local/lib/python3.8/site-packages/airflow/example_dags/example_subdag_operator.py for tasks to queue
[2024-06-17T17:58:12.470+0000] {logging_mixin.py:151} INFO - [2024-06-17T17:58:12.470+0000] {dagbag.py:539} INFO - Filling up the DagBag from /home/airflow/.local/lib/python3.8/site-packages/airflow/example_dags/example_subdag_operator.py
[2024-06-17T17:58:12.482+0000] {processor.py:839} INFO - DAG(s) dict_keys(['example_subdag_operator.section-1', 'example_subdag_operator.section-2', 'example_subdag_operator']) retrieved from /home/airflow/.local/lib/python3.8/site-packages/airflow/example_dags/example_subdag_operator.py
[2024-06-17T17:58:12.488+0000] {logging_mixin.py:151} INFO - [2024-06-17T17:58:12.488+0000] {dag.py:2907} INFO - Sync 3 DAGs
[2024-06-17T17:58:12.497+0000] {logging_mixin.py:151} INFO - [2024-06-17T17:58:12.496+0000] {dag.py:3677} INFO - Setting next_dagrun for example_subdag_operator to 2022-01-01T00:00:00+00:00, run_after=2022-01-01T00:00:00+00:00
[2024-06-17T17:58:12.498+0000] {logging_mixin.py:151} INFO - [2024-06-17T17:58:12.498+0000] {dag.py:3677} INFO - Setting next_dagrun for example_subdag_operator.section-1 to None, run_after=None
[2024-06-17T17:58:12.498+0000] {logging_mixin.py:151} INFO - [2024-06-17T17:58:12.498+0000] {dag.py:3677} INFO - Setting next_dagrun for example_subdag_operator.section-2 to None, run_after=None
[2024-06-17T17:58:12.501+0000] {logging_mixin.py:151} INFO - [2024-06-17T17:58:12.501+0000] {dag.py:2907} INFO - Sync 2 DAGs
[2024-06-17T17:58:12.503+0000] {logging_mixin.py:151} INFO - [2024-06-17T17:58:12.503+0000] {dag.py:3677} INFO - Setting next_dagrun for example_subdag_operator.section-1 to None, run_after=None
[2024-06-17T17:58:12.503+0000] {logging_mixin.py:151} INFO - [2024-06-17T17:58:12.503+0000] {dag.py:3677} INFO - Setting next_dagrun for example_subdag_operator.section-2 to None, run_after=None
[2024-06-17T17:58:12.507+0000] {processor.py:179} INFO - Processing /home/airflow/.local/lib/python3.8/site-packages/airflow/example_dags/example_subdag_operator.py took 0.041 seconds
[2024-06-17T17:58:42.983+0000] {processor.py:157} INFO - Started process (PID=265) to work on /home/airflow/.local/lib/python3.8/site-packages/airflow/example_dags/example_subdag_operator.py
[2024-06-17T17:58:42.984+0000] {processor.py:829} INFO - Processing file /home/airflow/.local/lib/python3.8/site-packages/airflow/example_dags/example_subdag_operator.py for tasks to queue
[2024-06-17T17:58:42.985+0000] {logging_mixin.py:151} INFO - [2024-06-17T17:58:42.985+0000] {dagbag.py:539} INFO - Filling up the DagBag from /home/airflow/.local/lib/python3.8/site-packages/airflow/example_dags/example_subdag_operator.py
[2024-06-17T17:58:42.996+0000] {processor.py:839} INFO - DAG(s) dict_keys(['example_subdag_operator.section-1', 'example_subdag_operator.section-2', 'example_subdag_operator']) retrieved from /home/airflow/.local/lib/python3.8/site-packages/airflow/example_dags/example_subdag_operator.py
[2024-06-17T17:58:43.002+0000] {logging_mixin.py:151} INFO - [2024-06-17T17:58:43.002+0000] {dag.py:2907} INFO - Sync 3 DAGs
[2024-06-17T17:58:43.011+0000] {logging_mixin.py:151} INFO - [2024-06-17T17:58:43.011+0000] {dag.py:3677} INFO - Setting next_dagrun for example_subdag_operator to 2022-01-01T00:00:00+00:00, run_after=2022-01-01T00:00:00+00:00
[2024-06-17T17:58:43.012+0000] {logging_mixin.py:151} INFO - [2024-06-17T17:58:43.012+0000] {dag.py:3677} INFO - Setting next_dagrun for example_subdag_operator.section-1 to None, run_after=None
[2024-06-17T17:58:43.013+0000] {logging_mixin.py:151} INFO - [2024-06-17T17:58:43.013+0000] {dag.py:3677} INFO - Setting next_dagrun for example_subdag_operator.section-2 to None, run_after=None
[2024-06-17T17:58:43.015+0000] {logging_mixin.py:151} INFO - [2024-06-17T17:58:43.015+0000] {dag.py:2907} INFO - Sync 2 DAGs
[2024-06-17T17:58:43.018+0000] {logging_mixin.py:151} INFO - [2024-06-17T17:58:43.018+0000] {dag.py:3677} INFO - Setting next_dagrun for example_subdag_operator.section-1 to None, run_after=None
[2024-06-17T17:58:43.018+0000] {logging_mixin.py:151} INFO - [2024-06-17T17:58:43.018+0000] {dag.py:3677} INFO - Setting next_dagrun for example_subdag_operator.section-2 to None, run_after=None
[2024-06-17T17:58:43.022+0000] {processor.py:179} INFO - Processing /home/airflow/.local/lib/python3.8/site-packages/airflow/example_dags/example_subdag_operator.py took 0.040 seconds
[2024-06-17T17:59:13.528+0000] {processor.py:157} INFO - Started process (PID=320) to work on /home/airflow/.local/lib/python3.8/site-packages/airflow/example_dags/example_subdag_operator.py
[2024-06-17T17:59:13.529+0000] {processor.py:829} INFO - Processing file /home/airflow/.local/lib/python3.8/site-packages/airflow/example_dags/example_subdag_operator.py for tasks to queue
[2024-06-17T17:59:13.530+0000] {logging_mixin.py:151} INFO - [2024-06-17T17:59:13.530+0000] {dagbag.py:539} INFO - Filling up the DagBag from /home/airflow/.local/lib/python3.8/site-packages/airflow/example_dags/example_subdag_operator.py
[2024-06-17T17:59:13.542+0000] {processor.py:839} INFO - DAG(s) dict_keys(['example_subdag_operator.section-1', 'example_subdag_operator.section-2', 'example_subdag_operator']) retrieved from /home/airflow/.local/lib/python3.8/site-packages/airflow/example_dags/example_subdag_operator.py
[2024-06-17T17:59:13.548+0000] {logging_mixin.py:151} INFO - [2024-06-17T17:59:13.548+0000] {dag.py:2907} INFO - Sync 3 DAGs
[2024-06-17T17:59:13.557+0000] {logging_mixin.py:151} INFO - [2024-06-17T17:59:13.557+0000] {dag.py:3677} INFO - Setting next_dagrun for example_subdag_operator to 2022-01-01T00:00:00+00:00, run_after=2022-01-01T00:00:00+00:00
[2024-06-17T17:59:13.558+0000] {logging_mixin.py:151} INFO - [2024-06-17T17:59:13.558+0000] {dag.py:3677} INFO - Setting next_dagrun for example_subdag_operator.section-1 to None, run_after=None
[2024-06-17T17:59:13.559+0000] {logging_mixin.py:151} INFO - [2024-06-17T17:59:13.559+0000] {dag.py:3677} INFO - Setting next_dagrun for example_subdag_operator.section-2 to None, run_after=None
[2024-06-17T17:59:13.562+0000] {logging_mixin.py:151} INFO - [2024-06-17T17:59:13.562+0000] {dag.py:2907} INFO - Sync 2 DAGs
[2024-06-17T17:59:13.564+0000] {logging_mixin.py:151} INFO - [2024-06-17T17:59:13.564+0000] {dag.py:3677} INFO - Setting next_dagrun for example_subdag_operator.section-1 to None, run_after=None
[2024-06-17T17:59:13.564+0000] {logging_mixin.py:151} INFO - [2024-06-17T17:59:13.564+0000] {dag.py:3677} INFO - Setting next_dagrun for example_subdag_operator.section-2 to None, run_after=None
[2024-06-17T17:59:13.568+0000] {processor.py:179} INFO - Processing /home/airflow/.local/lib/python3.8/site-packages/airflow/example_dags/example_subdag_operator.py took 0.042 seconds
[2024-06-17T17:59:43.994+0000] {processor.py:157} INFO - Started process (PID=375) to work on /home/airflow/.local/lib/python3.8/site-packages/airflow/example_dags/example_subdag_operator.py
[2024-06-17T17:59:43.995+0000] {processor.py:829} INFO - Processing file /home/airflow/.local/lib/python3.8/site-packages/airflow/example_dags/example_subdag_operator.py for tasks to queue
[2024-06-17T17:59:43.996+0000] {logging_mixin.py:151} INFO - [2024-06-17T17:59:43.996+0000] {dagbag.py:539} INFO - Filling up the DagBag from /home/airflow/.local/lib/python3.8/site-packages/airflow/example_dags/example_subdag_operator.py
[2024-06-17T17:59:44.007+0000] {processor.py:839} INFO - DAG(s) dict_keys(['example_subdag_operator.section-1', 'example_subdag_operator.section-2', 'example_subdag_operator']) retrieved from /home/airflow/.local/lib/python3.8/site-packages/airflow/example_dags/example_subdag_operator.py
[2024-06-17T17:59:44.014+0000] {logging_mixin.py:151} INFO - [2024-06-17T17:59:44.014+0000] {dag.py:2907} INFO - Sync 3 DAGs
[2024-06-17T17:59:44.023+0000] {logging_mixin.py:151} INFO - [2024-06-17T17:59:44.022+0000] {dag.py:3677} INFO - Setting next_dagrun for example_subdag_operator to 2022-01-01T00:00:00+00:00, run_after=2022-01-01T00:00:00+00:00
[2024-06-17T17:59:44.024+0000] {logging_mixin.py:151} INFO - [2024-06-17T17:59:44.024+0000] {dag.py:3677} INFO - Setting next_dagrun for example_subdag_operator.section-1 to None, run_after=None
[2024-06-17T17:59:44.025+0000] {logging_mixin.py:151} INFO - [2024-06-17T17:59:44.025+0000] {dag.py:3677} INFO - Setting next_dagrun for example_subdag_operator.section-2 to None, run_after=None
[2024-06-17T17:59:44.027+0000] {logging_mixin.py:151} INFO - [2024-06-17T17:59:44.027+0000] {dag.py:2907} INFO - Sync 2 DAGs
[2024-06-17T17:59:44.029+0000] {logging_mixin.py:151} INFO - [2024-06-17T17:59:44.029+0000] {dag.py:3677} INFO - Setting next_dagrun for example_subdag_operator.section-1 to None, run_after=None
[2024-06-17T17:59:44.030+0000] {logging_mixin.py:151} INFO - [2024-06-17T17:59:44.030+0000] {dag.py:3677} INFO - Setting next_dagrun for example_subdag_operator.section-2 to None, run_after=None
[2024-06-17T17:59:44.033+0000] {processor.py:179} INFO - Processing /home/airflow/.local/lib/python3.8/site-packages/airflow/example_dags/example_subdag_operator.py took 0.041 seconds
[2024-06-17T18:00:14.547+0000] {processor.py:157} INFO - Started process (PID=430) to work on /home/airflow/.local/lib/python3.8/site-packages/airflow/example_dags/example_subdag_operator.py
[2024-06-17T18:00:14.547+0000] {processor.py:829} INFO - Processing file /home/airflow/.local/lib/python3.8/site-packages/airflow/example_dags/example_subdag_operator.py for tasks to queue
[2024-06-17T18:00:14.548+0000] {logging_mixin.py:151} INFO - [2024-06-17T18:00:14.548+0000] {dagbag.py:539} INFO - Filling up the DagBag from /home/airflow/.local/lib/python3.8/site-packages/airflow/example_dags/example_subdag_operator.py
[2024-06-17T18:00:14.560+0000] {processor.py:839} INFO - DAG(s) dict_keys(['example_subdag_operator.section-1', 'example_subdag_operator.section-2', 'example_subdag_operator']) retrieved from /home/airflow/.local/lib/python3.8/site-packages/airflow/example_dags/example_subdag_operator.py
[2024-06-17T18:00:14.566+0000] {logging_mixin.py:151} INFO - [2024-06-17T18:00:14.566+0000] {dag.py:2907} INFO - Sync 3 DAGs
[2024-06-17T18:00:14.575+0000] {logging_mixin.py:151} INFO - [2024-06-17T18:00:14.575+0000] {dag.py:3677} INFO - Setting next_dagrun for example_subdag_operator to 2022-01-01T00:00:00+00:00, run_after=2022-01-01T00:00:00+00:00
[2024-06-17T18:00:14.576+0000] {logging_mixin.py:151} INFO - [2024-06-17T18:00:14.576+0000] {dag.py:3677} INFO - Setting next_dagrun for example_subdag_operator.section-1 to None, run_after=None
[2024-06-17T18:00:14.577+0000] {logging_mixin.py:151} INFO - [2024-06-17T18:00:14.577+0000] {dag.py:3677} INFO - Setting next_dagrun for example_subdag_operator.section-2 to None, run_after=None
[2024-06-17T18:00:14.579+0000] {logging_mixin.py:151} INFO - [2024-06-17T18:00:14.579+0000] {dag.py:2907} INFO - Sync 2 DAGs
[2024-06-17T18:00:14.582+0000] {logging_mixin.py:151} INFO - [2024-06-17T18:00:14.581+0000] {dag.py:3677} INFO - Setting next_dagrun for example_subdag_operator.section-1 to None, run_after=None
[2024-06-17T18:00:14.582+0000] {logging_mixin.py:151} INFO - [2024-06-17T18:00:14.582+0000] {dag.py:3677} INFO - Setting next_dagrun for example_subdag_operator.section-2 to None, run_after=None
[2024-06-17T18:00:14.586+0000] {processor.py:179} INFO - Processing /home/airflow/.local/lib/python3.8/site-packages/airflow/example_dags/example_subdag_operator.py took 0.041 seconds
[2024-06-17T18:00:45.034+0000] {processor.py:157} INFO - Started process (PID=485) to work on /home/airflow/.local/lib/python3.8/site-packages/airflow/example_dags/example_subdag_operator.py
[2024-06-17T18:00:45.034+0000] {processor.py:829} INFO - Processing file /home/airflow/.local/lib/python3.8/site-packages/airflow/example_dags/example_subdag_operator.py for tasks to queue
[2024-06-17T18:00:45.036+0000] {logging_mixin.py:151} INFO - [2024-06-17T18:00:45.035+0000] {dagbag.py:539} INFO - Filling up the DagBag from /home/airflow/.local/lib/python3.8/site-packages/airflow/example_dags/example_subdag_operator.py
[2024-06-17T18:00:45.047+0000] {processor.py:839} INFO - DAG(s) dict_keys(['example_subdag_operator.section-1', 'example_subdag_operator.section-2', 'example_subdag_operator']) retrieved from /home/airflow/.local/lib/python3.8/site-packages/airflow/example_dags/example_subdag_operator.py
[2024-06-17T18:00:45.054+0000] {logging_mixin.py:151} INFO - [2024-06-17T18:00:45.054+0000] {dag.py:2907} INFO - Sync 3 DAGs
[2024-06-17T18:00:45.063+0000] {logging_mixin.py:151} INFO - [2024-06-17T18:00:45.063+0000] {dag.py:3677} INFO - Setting next_dagrun for example_subdag_operator to 2022-01-01T00:00:00+00:00, run_after=2022-01-01T00:00:00+00:00
[2024-06-17T18:00:45.064+0000] {logging_mixin.py:151} INFO - [2024-06-17T18:00:45.064+0000] {dag.py:3677} INFO - Setting next_dagrun for example_subdag_operator.section-1 to None, run_after=None
[2024-06-17T18:00:45.065+0000] {logging_mixin.py:151} INFO - [2024-06-17T18:00:45.065+0000] {dag.py:3677} INFO - Setting next_dagrun for example_subdag_operator.section-2 to None, run_after=None
[2024-06-17T18:00:45.068+0000] {logging_mixin.py:151} INFO - [2024-06-17T18:00:45.068+0000] {dag.py:2907} INFO - Sync 2 DAGs
[2024-06-17T18:00:45.070+0000] {logging_mixin.py:151} INFO - [2024-06-17T18:00:45.070+0000] {dag.py:3677} INFO - Setting next_dagrun for example_subdag_operator.section-1 to None, run_after=None
[2024-06-17T18:00:45.070+0000] {logging_mixin.py:151} INFO - [2024-06-17T18:00:45.070+0000] {dag.py:3677} INFO - Setting next_dagrun for example_subdag_operator.section-2 to None, run_after=None
[2024-06-17T18:00:45.074+0000] {processor.py:179} INFO - Processing /home/airflow/.local/lib/python3.8/site-packages/airflow/example_dags/example_subdag_operator.py took 0.042 seconds
[2024-06-17T18:01:15.610+0000] {processor.py:157} INFO - Started process (PID=540) to work on /home/airflow/.local/lib/python3.8/site-packages/airflow/example_dags/example_subdag_operator.py
[2024-06-17T18:01:15.610+0000] {processor.py:829} INFO - Processing file /home/airflow/.local/lib/python3.8/site-packages/airflow/example_dags/example_subdag_operator.py for tasks to queue
[2024-06-17T18:01:15.611+0000] {logging_mixin.py:151} INFO - [2024-06-17T18:01:15.611+0000] {dagbag.py:539} INFO - Filling up the DagBag from /home/airflow/.local/lib/python3.8/site-packages/airflow/example_dags/example_subdag_operator.py
[2024-06-17T18:01:15.623+0000] {processor.py:839} INFO - DAG(s) dict_keys(['example_subdag_operator.section-1', 'example_subdag_operator.section-2', 'example_subdag_operator']) retrieved from /home/airflow/.local/lib/python3.8/site-packages/airflow/example_dags/example_subdag_operator.py
[2024-06-17T18:01:15.629+0000] {logging_mixin.py:151} INFO - [2024-06-17T18:01:15.629+0000] {dag.py:2907} INFO - Sync 3 DAGs
[2024-06-17T18:01:15.638+0000] {logging_mixin.py:151} INFO - [2024-06-17T18:01:15.638+0000] {dag.py:3677} INFO - Setting next_dagrun for example_subdag_operator to 2022-01-01T00:00:00+00:00, run_after=2022-01-01T00:00:00+00:00
[2024-06-17T18:01:15.639+0000] {logging_mixin.py:151} INFO - [2024-06-17T18:01:15.639+0000] {dag.py:3677} INFO - Setting next_dagrun for example_subdag_operator.section-1 to None, run_after=None
[2024-06-17T18:01:15.640+0000] {logging_mixin.py:151} INFO - [2024-06-17T18:01:15.640+0000] {dag.py:3677} INFO - Setting next_dagrun for example_subdag_operator.section-2 to None, run_after=None
[2024-06-17T18:01:15.642+0000] {logging_mixin.py:151} INFO - [2024-06-17T18:01:15.642+0000] {dag.py:2907} INFO - Sync 2 DAGs
[2024-06-17T18:01:15.645+0000] {logging_mixin.py:151} INFO - [2024-06-17T18:01:15.644+0000] {dag.py:3677} INFO - Setting next_dagrun for example_subdag_operator.section-1 to None, run_after=None
[2024-06-17T18:01:15.645+0000] {logging_mixin.py:151} INFO - [2024-06-17T18:01:15.645+0000] {dag.py:3677} INFO - Setting next_dagrun for example_subdag_operator.section-2 to None, run_after=None
[2024-06-17T18:01:15.648+0000] {processor.py:179} INFO - Processing /home/airflow/.local/lib/python3.8/site-packages/airflow/example_dags/example_subdag_operator.py took 0.040 seconds
[2024-06-17T18:01:46.169+0000] {processor.py:157} INFO - Started process (PID=595) to work on /home/airflow/.local/lib/python3.8/site-packages/airflow/example_dags/example_subdag_operator.py
[2024-06-17T18:01:46.170+0000] {processor.py:829} INFO - Processing file /home/airflow/.local/lib/python3.8/site-packages/airflow/example_dags/example_subdag_operator.py for tasks to queue
[2024-06-17T18:01:46.171+0000] {logging_mixin.py:151} INFO - [2024-06-17T18:01:46.171+0000] {dagbag.py:539} INFO - Filling up the DagBag from /home/airflow/.local/lib/python3.8/site-packages/airflow/example_dags/example_subdag_operator.py
[2024-06-17T18:01:46.184+0000] {processor.py:839} INFO - DAG(s) dict_keys(['example_subdag_operator.section-1', 'example_subdag_operator.section-2', 'example_subdag_operator']) retrieved from /home/airflow/.local/lib/python3.8/site-packages/airflow/example_dags/example_subdag_operator.py
[2024-06-17T18:01:46.191+0000] {logging_mixin.py:151} INFO - [2024-06-17T18:01:46.191+0000] {dag.py:2907} INFO - Sync 3 DAGs
[2024-06-17T18:01:46.201+0000] {logging_mixin.py:151} INFO - [2024-06-17T18:01:46.201+0000] {dag.py:3677} INFO - Setting next_dagrun for example_subdag_operator to 2022-01-01T00:00:00+00:00, run_after=2022-01-01T00:00:00+00:00
[2024-06-17T18:01:46.203+0000] {logging_mixin.py:151} INFO - [2024-06-17T18:01:46.203+0000] {dag.py:3677} INFO - Setting next_dagrun for example_subdag_operator.section-1 to None, run_after=None
[2024-06-17T18:01:46.203+0000] {logging_mixin.py:151} INFO - [2024-06-17T18:01:46.203+0000] {dag.py:3677} INFO - Setting next_dagrun for example_subdag_operator.section-2 to None, run_after=None
[2024-06-17T18:01:46.206+0000] {logging_mixin.py:151} INFO - [2024-06-17T18:01:46.206+0000] {dag.py:2907} INFO - Sync 2 DAGs
[2024-06-17T18:01:46.208+0000] {logging_mixin.py:151} INFO - [2024-06-17T18:01:46.208+0000] {dag.py:3677} INFO - Setting next_dagrun for example_subdag_operator.section-1 to None, run_after=None
[2024-06-17T18:01:46.208+0000] {logging_mixin.py:151} INFO - [2024-06-17T18:01:46.208+0000] {dag.py:3677} INFO - Setting next_dagrun for example_subdag_operator.section-2 to None, run_after=None
[2024-06-17T18:01:46.213+0000] {processor.py:179} INFO - Processing /home/airflow/.local/lib/python3.8/site-packages/airflow/example_dags/example_subdag_operator.py took 0.045 seconds
[2024-06-17T18:02:16.754+0000] {processor.py:157} INFO - Started process (PID=650) to work on /home/airflow/.local/lib/python3.8/site-packages/airflow/example_dags/example_subdag_operator.py
[2024-06-17T18:02:16.754+0000] {processor.py:829} INFO - Processing file /home/airflow/.local/lib/python3.8/site-packages/airflow/example_dags/example_subdag_operator.py for tasks to queue
[2024-06-17T18:02:16.755+0000] {logging_mixin.py:151} INFO - [2024-06-17T18:02:16.755+0000] {dagbag.py:539} INFO - Filling up the DagBag from /home/airflow/.local/lib/python3.8/site-packages/airflow/example_dags/example_subdag_operator.py
[2024-06-17T18:02:16.767+0000] {processor.py:839} INFO - DAG(s) dict_keys(['example_subdag_operator.section-1', 'example_subdag_operator.section-2', 'example_subdag_operator']) retrieved from /home/airflow/.local/lib/python3.8/site-packages/airflow/example_dags/example_subdag_operator.py
[2024-06-17T18:02:16.773+0000] {logging_mixin.py:151} INFO - [2024-06-17T18:02:16.773+0000] {dag.py:2907} INFO - Sync 3 DAGs
[2024-06-17T18:02:16.782+0000] {logging_mixin.py:151} INFO - [2024-06-17T18:02:16.782+0000] {dag.py:3677} INFO - Setting next_dagrun for example_subdag_operator to 2022-01-01T00:00:00+00:00, run_after=2022-01-01T00:00:00+00:00
[2024-06-17T18:02:16.784+0000] {logging_mixin.py:151} INFO - [2024-06-17T18:02:16.784+0000] {dag.py:3677} INFO - Setting next_dagrun for example_subdag_operator.section-1 to None, run_after=None
[2024-06-17T18:02:16.784+0000] {logging_mixin.py:151} INFO - [2024-06-17T18:02:16.784+0000] {dag.py:3677} INFO - Setting next_dagrun for example_subdag_operator.section-2 to None, run_after=None
[2024-06-17T18:02:16.787+0000] {logging_mixin.py:151} INFO - [2024-06-17T18:02:16.787+0000] {dag.py:2907} INFO - Sync 2 DAGs
[2024-06-17T18:02:16.789+0000] {logging_mixin.py:151} INFO - [2024-06-17T18:02:16.789+0000] {dag.py:3677} INFO - Setting next_dagrun for example_subdag_operator.section-1 to None, run_after=None
[2024-06-17T18:02:16.790+0000] {logging_mixin.py:151} INFO - [2024-06-17T18:02:16.790+0000] {dag.py:3677} INFO - Setting next_dagrun for example_subdag_operator.section-2 to None, run_after=None
[2024-06-17T18:02:16.794+0000] {processor.py:179} INFO - Processing /home/airflow/.local/lib/python3.8/site-packages/airflow/example_dags/example_subdag_operator.py took 0.042 seconds
[2024-06-17T18:02:47.310+0000] {processor.py:157} INFO - Started process (PID=705) to work on /home/airflow/.local/lib/python3.8/site-packages/airflow/example_dags/example_subdag_operator.py
[2024-06-17T18:02:47.311+0000] {processor.py:829} INFO - Processing file /home/airflow/.local/lib/python3.8/site-packages/airflow/example_dags/example_subdag_operator.py for tasks to queue
[2024-06-17T18:02:47.312+0000] {logging_mixin.py:151} INFO - [2024-06-17T18:02:47.312+0000] {dagbag.py:539} INFO - Filling up the DagBag from /home/airflow/.local/lib/python3.8/site-packages/airflow/example_dags/example_subdag_operator.py
[2024-06-17T18:02:47.324+0000] {processor.py:839} INFO - DAG(s) dict_keys(['example_subdag_operator.section-1', 'example_subdag_operator.section-2', 'example_subdag_operator']) retrieved from /home/airflow/.local/lib/python3.8/site-packages/airflow/example_dags/example_subdag_operator.py
[2024-06-17T18:02:47.330+0000] {logging_mixin.py:151} INFO - [2024-06-17T18:02:47.330+0000] {dag.py:2907} INFO - Sync 3 DAGs
[2024-06-17T18:02:47.339+0000] {logging_mixin.py:151} INFO - [2024-06-17T18:02:47.339+0000] {dag.py:3677} INFO - Setting next_dagrun for example_subdag_operator to 2022-01-01T00:00:00+00:00, run_after=2022-01-01T00:00:00+00:00
[2024-06-17T18:02:47.340+0000] {logging_mixin.py:151} INFO - [2024-06-17T18:02:47.340+0000] {dag.py:3677} INFO - Setting next_dagrun for example_subdag_operator.section-1 to None, run_after=None
[2024-06-17T18:02:47.340+0000] {logging_mixin.py:151} INFO - [2024-06-17T18:02:47.340+0000] {dag.py:3677} INFO - Setting next_dagrun for example_subdag_operator.section-2 to None, run_after=None
[2024-06-17T18:02:47.344+0000] {logging_mixin.py:151} INFO - [2024-06-17T18:02:47.343+0000] {dag.py:2907} INFO - Sync 2 DAGs
[2024-06-17T18:02:47.346+0000] {logging_mixin.py:151} INFO - [2024-06-17T18:02:47.346+0000] {dag.py:3677} INFO - Setting next_dagrun for example_subdag_operator.section-1 to None, run_after=None
[2024-06-17T18:02:47.346+0000] {logging_mixin.py:151} INFO - [2024-06-17T18:02:47.346+0000] {dag.py:3677} INFO - Setting next_dagrun for example_subdag_operator.section-2 to None, run_after=None
[2024-06-17T18:02:47.350+0000] {processor.py:179} INFO - Processing /home/airflow/.local/lib/python3.8/site-packages/airflow/example_dags/example_subdag_operator.py took 0.041 seconds
[2024-06-17T18:03:17.804+0000] {processor.py:157} INFO - Started process (PID=760) to work on /home/airflow/.local/lib/python3.8/site-packages/airflow/example_dags/example_subdag_operator.py
[2024-06-17T18:03:17.805+0000] {processor.py:829} INFO - Processing file /home/airflow/.local/lib/python3.8/site-packages/airflow/example_dags/example_subdag_operator.py for tasks to queue
[2024-06-17T18:03:17.806+0000] {logging_mixin.py:151} INFO - [2024-06-17T18:03:17.806+0000] {dagbag.py:539} INFO - Filling up the DagBag from /home/airflow/.local/lib/python3.8/site-packages/airflow/example_dags/example_subdag_operator.py
[2024-06-17T18:03:17.818+0000] {processor.py:839} INFO - DAG(s) dict_keys(['example_subdag_operator.section-1', 'example_subdag_operator.section-2', 'example_subdag_operator']) retrieved from /home/airflow/.local/lib/python3.8/site-packages/airflow/example_dags/example_subdag_operator.py
[2024-06-17T18:03:17.824+0000] {logging_mixin.py:151} INFO - [2024-06-17T18:03:17.824+0000] {dag.py:2907} INFO - Sync 3 DAGs
[2024-06-17T18:03:17.833+0000] {logging_mixin.py:151} INFO - [2024-06-17T18:03:17.833+0000] {dag.py:3677} INFO - Setting next_dagrun for example_subdag_operator to 2022-01-01T00:00:00+00:00, run_after=2022-01-01T00:00:00+00:00
[2024-06-17T18:03:17.834+0000] {logging_mixin.py:151} INFO - [2024-06-17T18:03:17.834+0000] {dag.py:3677} INFO - Setting next_dagrun for example_subdag_operator.section-1 to None, run_after=None
[2024-06-17T18:03:17.835+0000] {logging_mixin.py:151} INFO - [2024-06-17T18:03:17.835+0000] {dag.py:3677} INFO - Setting next_dagrun for example_subdag_operator.section-2 to None, run_after=None
[2024-06-17T18:03:17.837+0000] {logging_mixin.py:151} INFO - [2024-06-17T18:03:17.837+0000] {dag.py:2907} INFO - Sync 2 DAGs
[2024-06-17T18:03:17.839+0000] {logging_mixin.py:151} INFO - [2024-06-17T18:03:17.839+0000] {dag.py:3677} INFO - Setting next_dagrun for example_subdag_operator.section-1 to None, run_after=None
[2024-06-17T18:03:17.839+0000] {logging_mixin.py:151} INFO - [2024-06-17T18:03:17.839+0000] {dag.py:3677} INFO - Setting next_dagrun for example_subdag_operator.section-2 to None, run_after=None
[2024-06-17T18:03:17.844+0000] {processor.py:179} INFO - Processing /home/airflow/.local/lib/python3.8/site-packages/airflow/example_dags/example_subdag_operator.py took 0.041 seconds
[2024-06-17T18:03:48.282+0000] {processor.py:157} INFO - Started process (PID=815) to work on /home/airflow/.local/lib/python3.8/site-packages/airflow/example_dags/example_subdag_operator.py
[2024-06-17T18:03:48.283+0000] {processor.py:829} INFO - Processing file /home/airflow/.local/lib/python3.8/site-packages/airflow/example_dags/example_subdag_operator.py for tasks to queue
[2024-06-17T18:03:48.284+0000] {logging_mixin.py:151} INFO - [2024-06-17T18:03:48.284+0000] {dagbag.py:539} INFO - Filling up the DagBag from /home/airflow/.local/lib/python3.8/site-packages/airflow/example_dags/example_subdag_operator.py
[2024-06-17T18:03:48.295+0000] {processor.py:839} INFO - DAG(s) dict_keys(['example_subdag_operator.section-1', 'example_subdag_operator.section-2', 'example_subdag_operator']) retrieved from /home/airflow/.local/lib/python3.8/site-packages/airflow/example_dags/example_subdag_operator.py
[2024-06-17T18:03:48.302+0000] {logging_mixin.py:151} INFO - [2024-06-17T18:03:48.302+0000] {dag.py:2907} INFO - Sync 3 DAGs
[2024-06-17T18:03:48.310+0000] {logging_mixin.py:151} INFO - [2024-06-17T18:03:48.310+0000] {dag.py:3677} INFO - Setting next_dagrun for example_subdag_operator to 2022-01-01T00:00:00+00:00, run_after=2022-01-01T00:00:00+00:00
[2024-06-17T18:03:48.312+0000] {logging_mixin.py:151} INFO - [2024-06-17T18:03:48.312+0000] {dag.py:3677} INFO - Setting next_dagrun for example_subdag_operator.section-1 to None, run_after=None
[2024-06-17T18:03:48.312+0000] {logging_mixin.py:151} INFO - [2024-06-17T18:03:48.312+0000] {dag.py:3677} INFO - Setting next_dagrun for example_subdag_operator.section-2 to None, run_after=None
[2024-06-17T18:03:48.316+0000] {logging_mixin.py:151} INFO - [2024-06-17T18:03:48.316+0000] {dag.py:2907} INFO - Sync 2 DAGs
[2024-06-17T18:03:48.318+0000] {logging_mixin.py:151} INFO - [2024-06-17T18:03:48.318+0000] {dag.py:3677} INFO - Setting next_dagrun for example_subdag_operator.section-1 to None, run_after=None
[2024-06-17T18:03:48.319+0000] {logging_mixin.py:151} INFO - [2024-06-17T18:03:48.319+0000] {dag.py:3677} INFO - Setting next_dagrun for example_subdag_operator.section-2 to None, run_after=None
[2024-06-17T18:03:48.323+0000] {processor.py:179} INFO - Processing /home/airflow/.local/lib/python3.8/site-packages/airflow/example_dags/example_subdag_operator.py took 0.042 seconds
[2024-06-17T18:04:18.779+0000] {processor.py:157} INFO - Started process (PID=870) to work on /home/airflow/.local/lib/python3.8/site-packages/airflow/example_dags/example_subdag_operator.py
[2024-06-17T18:04:18.780+0000] {processor.py:829} INFO - Processing file /home/airflow/.local/lib/python3.8/site-packages/airflow/example_dags/example_subdag_operator.py for tasks to queue
[2024-06-17T18:04:18.781+0000] {logging_mixin.py:151} INFO - [2024-06-17T18:04:18.781+0000] {dagbag.py:539} INFO - Filling up the DagBag from /home/airflow/.local/lib/python3.8/site-packages/airflow/example_dags/example_subdag_operator.py
[2024-06-17T18:04:18.792+0000] {processor.py:839} INFO - DAG(s) dict_keys(['example_subdag_operator.section-1', 'example_subdag_operator.section-2', 'example_subdag_operator']) retrieved from /home/airflow/.local/lib/python3.8/site-packages/airflow/example_dags/example_subdag_operator.py
[2024-06-17T18:04:18.799+0000] {logging_mixin.py:151} INFO - [2024-06-17T18:04:18.799+0000] {dag.py:2907} INFO - Sync 3 DAGs
[2024-06-17T18:04:18.807+0000] {logging_mixin.py:151} INFO - [2024-06-17T18:04:18.807+0000] {dag.py:3677} INFO - Setting next_dagrun for example_subdag_operator to 2022-01-01T00:00:00+00:00, run_after=2022-01-01T00:00:00+00:00
[2024-06-17T18:04:18.809+0000] {logging_mixin.py:151} INFO - [2024-06-17T18:04:18.809+0000] {dag.py:3677} INFO - Setting next_dagrun for example_subdag_operator.section-1 to None, run_after=None
[2024-06-17T18:04:18.809+0000] {logging_mixin.py:151} INFO - [2024-06-17T18:04:18.809+0000] {dag.py:3677} INFO - Setting next_dagrun for example_subdag_operator.section-2 to None, run_after=None
[2024-06-17T18:04:18.812+0000] {logging_mixin.py:151} INFO - [2024-06-17T18:04:18.812+0000] {dag.py:2907} INFO - Sync 2 DAGs
[2024-06-17T18:04:18.814+0000] {logging_mixin.py:151} INFO - [2024-06-17T18:04:18.814+0000] {dag.py:3677} INFO - Setting next_dagrun for example_subdag_operator.section-1 to None, run_after=None
[2024-06-17T18:04:18.814+0000] {logging_mixin.py:151} INFO - [2024-06-17T18:04:18.814+0000] {dag.py:3677} INFO - Setting next_dagrun for example_subdag_operator.section-2 to None, run_after=None
[2024-06-17T18:04:18.818+0000] {processor.py:179} INFO - Processing /home/airflow/.local/lib/python3.8/site-packages/airflow/example_dags/example_subdag_operator.py took 0.040 seconds
[2024-06-17T18:04:43.366+0000] {processor.py:157} INFO - Started process (PID=44) to work on /home/airflow/.local/lib/python3.8/site-packages/airflow/example_dags/example_subdag_operator.py
[2024-06-17T18:04:43.367+0000] {processor.py:829} INFO - Processing file /home/airflow/.local/lib/python3.8/site-packages/airflow/example_dags/example_subdag_operator.py for tasks to queue
[2024-06-17T18:04:43.368+0000] {logging_mixin.py:151} INFO - [2024-06-17T18:04:43.368+0000] {dagbag.py:539} INFO - Filling up the DagBag from /home/airflow/.local/lib/python3.8/site-packages/airflow/example_dags/example_subdag_operator.py
[2024-06-17T18:04:43.381+0000] {processor.py:839} INFO - DAG(s) dict_keys(['example_subdag_operator.section-1', 'example_subdag_operator.section-2', 'example_subdag_operator']) retrieved from /home/airflow/.local/lib/python3.8/site-packages/airflow/example_dags/example_subdag_operator.py
[2024-06-17T18:04:43.382+0000] {logging_mixin.py:151} INFO - [2024-06-17T18:04:43.382+0000] {dag.py:2907} INFO - Sync 3 DAGs
[2024-06-17T18:04:43.393+0000] {logging_mixin.py:151} INFO - [2024-06-17T18:04:43.393+0000] {dag.py:3677} INFO - Setting next_dagrun for example_subdag_operator to 2022-01-01T00:00:00+00:00, run_after=2022-01-01T00:00:00+00:00
[2024-06-17T18:04:43.394+0000] {logging_mixin.py:151} INFO - [2024-06-17T18:04:43.394+0000] {dag.py:3677} INFO - Setting next_dagrun for example_subdag_operator.section-1 to None, run_after=None
[2024-06-17T18:04:43.398+0000] {logging_mixin.py:151} INFO - [2024-06-17T18:04:43.398+0000] {dag.py:3677} INFO - Setting next_dagrun for example_subdag_operator.section-2 to None, run_after=None
[2024-06-17T18:04:43.402+0000] {logging_mixin.py:151} INFO - [2024-06-17T18:04:43.402+0000] {dag.py:2907} INFO - Sync 2 DAGs
[2024-06-17T18:04:43.404+0000] {logging_mixin.py:151} INFO - [2024-06-17T18:04:43.404+0000] {dag.py:3677} INFO - Setting next_dagrun for example_subdag_operator.section-1 to None, run_after=None
[2024-06-17T18:04:43.404+0000] {logging_mixin.py:151} INFO - [2024-06-17T18:04:43.404+0000] {dag.py:3677} INFO - Setting next_dagrun for example_subdag_operator.section-2 to None, run_after=None
[2024-06-17T18:04:43.409+0000] {processor.py:179} INFO - Processing /home/airflow/.local/lib/python3.8/site-packages/airflow/example_dags/example_subdag_operator.py took 0.044 seconds
[2024-06-17T18:05:14.401+0000] {processor.py:157} INFO - Started process (PID=99) to work on /home/airflow/.local/lib/python3.8/site-packages/airflow/example_dags/example_subdag_operator.py
[2024-06-17T18:05:14.402+0000] {processor.py:829} INFO - Processing file /home/airflow/.local/lib/python3.8/site-packages/airflow/example_dags/example_subdag_operator.py for tasks to queue
[2024-06-17T18:05:14.403+0000] {logging_mixin.py:151} INFO - [2024-06-17T18:05:14.403+0000] {dagbag.py:539} INFO - Filling up the DagBag from /home/airflow/.local/lib/python3.8/site-packages/airflow/example_dags/example_subdag_operator.py
[2024-06-17T18:05:14.413+0000] {processor.py:839} INFO - DAG(s) dict_keys(['example_subdag_operator.section-1', 'example_subdag_operator.section-2', 'example_subdag_operator']) retrieved from /home/airflow/.local/lib/python3.8/site-packages/airflow/example_dags/example_subdag_operator.py
[2024-06-17T18:05:14.487+0000] {logging_mixin.py:151} INFO - [2024-06-17T18:05:14.487+0000] {dag.py:2907} INFO - Sync 3 DAGs
[2024-06-17T18:05:14.495+0000] {logging_mixin.py:151} INFO - [2024-06-17T18:05:14.495+0000] {dag.py:3677} INFO - Setting next_dagrun for example_subdag_operator to 2022-01-01T00:00:00+00:00, run_after=2022-01-01T00:00:00+00:00
[2024-06-17T18:05:14.496+0000] {logging_mixin.py:151} INFO - [2024-06-17T18:05:14.496+0000] {dag.py:3677} INFO - Setting next_dagrun for example_subdag_operator.section-1 to None, run_after=None
[2024-06-17T18:05:14.497+0000] {logging_mixin.py:151} INFO - [2024-06-17T18:05:14.497+0000] {dag.py:3677} INFO - Setting next_dagrun for example_subdag_operator.section-2 to None, run_after=None
[2024-06-17T18:05:14.499+0000] {logging_mixin.py:151} INFO - [2024-06-17T18:05:14.499+0000] {dag.py:2907} INFO - Sync 2 DAGs
[2024-06-17T18:05:14.502+0000] {logging_mixin.py:151} INFO - [2024-06-17T18:05:14.501+0000] {dag.py:3677} INFO - Setting next_dagrun for example_subdag_operator.section-1 to None, run_after=None
[2024-06-17T18:05:14.502+0000] {logging_mixin.py:151} INFO - [2024-06-17T18:05:14.502+0000] {dag.py:3677} INFO - Setting next_dagrun for example_subdag_operator.section-2 to None, run_after=None
[2024-06-17T18:05:14.505+0000] {processor.py:179} INFO - Processing /home/airflow/.local/lib/python3.8/site-packages/airflow/example_dags/example_subdag_operator.py took 0.105 seconds
[2024-06-17T18:05:44.666+0000] {processor.py:157} INFO - Started process (PID=154) to work on /home/airflow/.local/lib/python3.8/site-packages/airflow/example_dags/example_subdag_operator.py
[2024-06-17T18:05:44.667+0000] {processor.py:829} INFO - Processing file /home/airflow/.local/lib/python3.8/site-packages/airflow/example_dags/example_subdag_operator.py for tasks to queue
[2024-06-17T18:05:44.668+0000] {logging_mixin.py:151} INFO - [2024-06-17T18:05:44.668+0000] {dagbag.py:539} INFO - Filling up the DagBag from /home/airflow/.local/lib/python3.8/site-packages/airflow/example_dags/example_subdag_operator.py
[2024-06-17T18:05:44.678+0000] {processor.py:839} INFO - DAG(s) dict_keys(['example_subdag_operator.section-1', 'example_subdag_operator.section-2', 'example_subdag_operator']) retrieved from /home/airflow/.local/lib/python3.8/site-packages/airflow/example_dags/example_subdag_operator.py
[2024-06-17T18:05:44.684+0000] {logging_mixin.py:151} INFO - [2024-06-17T18:05:44.684+0000] {dag.py:2907} INFO - Sync 3 DAGs
[2024-06-17T18:05:44.693+0000] {logging_mixin.py:151} INFO - [2024-06-17T18:05:44.692+0000] {dag.py:3677} INFO - Setting next_dagrun for example_subdag_operator to 2022-01-01T00:00:00+00:00, run_after=2022-01-01T00:00:00+00:00
[2024-06-17T18:05:44.694+0000] {logging_mixin.py:151} INFO - [2024-06-17T18:05:44.694+0000] {dag.py:3677} INFO - Setting next_dagrun for example_subdag_operator.section-1 to None, run_after=None
[2024-06-17T18:05:44.695+0000] {logging_mixin.py:151} INFO - [2024-06-17T18:05:44.694+0000] {dag.py:3677} INFO - Setting next_dagrun for example_subdag_operator.section-2 to None, run_after=None
[2024-06-17T18:05:44.697+0000] {logging_mixin.py:151} INFO - [2024-06-17T18:05:44.697+0000] {dag.py:2907} INFO - Sync 2 DAGs
[2024-06-17T18:05:44.699+0000] {logging_mixin.py:151} INFO - [2024-06-17T18:05:44.699+0000] {dag.py:3677} INFO - Setting next_dagrun for example_subdag_operator.section-1 to None, run_after=None
[2024-06-17T18:05:44.699+0000] {logging_mixin.py:151} INFO - [2024-06-17T18:05:44.699+0000] {dag.py:3677} INFO - Setting next_dagrun for example_subdag_operator.section-2 to None, run_after=None
[2024-06-17T18:05:44.703+0000] {processor.py:179} INFO - Processing /home/airflow/.local/lib/python3.8/site-packages/airflow/example_dags/example_subdag_operator.py took 0.038 seconds
[2024-06-17T18:06:15.364+0000] {processor.py:157} INFO - Started process (PID=209) to work on /home/airflow/.local/lib/python3.8/site-packages/airflow/example_dags/example_subdag_operator.py
[2024-06-17T18:06:15.365+0000] {processor.py:829} INFO - Processing file /home/airflow/.local/lib/python3.8/site-packages/airflow/example_dags/example_subdag_operator.py for tasks to queue
[2024-06-17T18:06:15.366+0000] {logging_mixin.py:151} INFO - [2024-06-17T18:06:15.366+0000] {dagbag.py:539} INFO - Filling up the DagBag from /home/airflow/.local/lib/python3.8/site-packages/airflow/example_dags/example_subdag_operator.py
[2024-06-17T18:06:15.376+0000] {processor.py:839} INFO - DAG(s) dict_keys(['example_subdag_operator.section-1', 'example_subdag_operator.section-2', 'example_subdag_operator']) retrieved from /home/airflow/.local/lib/python3.8/site-packages/airflow/example_dags/example_subdag_operator.py
[2024-06-17T18:06:15.382+0000] {logging_mixin.py:151} INFO - [2024-06-17T18:06:15.382+0000] {dag.py:2907} INFO - Sync 3 DAGs
[2024-06-17T18:06:15.391+0000] {logging_mixin.py:151} INFO - [2024-06-17T18:06:15.391+0000] {dag.py:3677} INFO - Setting next_dagrun for example_subdag_operator to 2022-01-01T00:00:00+00:00, run_after=2022-01-01T00:00:00+00:00
[2024-06-17T18:06:15.392+0000] {logging_mixin.py:151} INFO - [2024-06-17T18:06:15.392+0000] {dag.py:3677} INFO - Setting next_dagrun for example_subdag_operator.section-1 to None, run_after=None
[2024-06-17T18:06:15.395+0000] {logging_mixin.py:151} INFO - [2024-06-17T18:06:15.395+0000] {dag.py:3677} INFO - Setting next_dagrun for example_subdag_operator.section-2 to None, run_after=None
[2024-06-17T18:06:15.398+0000] {logging_mixin.py:151} INFO - [2024-06-17T18:06:15.398+0000] {dag.py:2907} INFO - Sync 2 DAGs
[2024-06-17T18:06:15.400+0000] {logging_mixin.py:151} INFO - [2024-06-17T18:06:15.400+0000] {dag.py:3677} INFO - Setting next_dagrun for example_subdag_operator.section-1 to None, run_after=None
[2024-06-17T18:06:15.400+0000] {logging_mixin.py:151} INFO - [2024-06-17T18:06:15.400+0000] {dag.py:3677} INFO - Setting next_dagrun for example_subdag_operator.section-2 to None, run_after=None
[2024-06-17T18:06:15.404+0000] {processor.py:179} INFO - Processing /home/airflow/.local/lib/python3.8/site-packages/airflow/example_dags/example_subdag_operator.py took 0.042 seconds
[2024-06-17T18:06:46.007+0000] {processor.py:157} INFO - Started process (PID=264) to work on /home/airflow/.local/lib/python3.8/site-packages/airflow/example_dags/example_subdag_operator.py
[2024-06-17T18:06:46.007+0000] {processor.py:829} INFO - Processing file /home/airflow/.local/lib/python3.8/site-packages/airflow/example_dags/example_subdag_operator.py for tasks to queue
[2024-06-17T18:06:46.008+0000] {logging_mixin.py:151} INFO - [2024-06-17T18:06:46.008+0000] {dagbag.py:539} INFO - Filling up the DagBag from /home/airflow/.local/lib/python3.8/site-packages/airflow/example_dags/example_subdag_operator.py
[2024-06-17T18:06:46.019+0000] {processor.py:839} INFO - DAG(s) dict_keys(['example_subdag_operator.section-1', 'example_subdag_operator.section-2', 'example_subdag_operator']) retrieved from /home/airflow/.local/lib/python3.8/site-packages/airflow/example_dags/example_subdag_operator.py
[2024-06-17T18:06:46.025+0000] {logging_mixin.py:151} INFO - [2024-06-17T18:06:46.025+0000] {dag.py:2907} INFO - Sync 3 DAGs
[2024-06-17T18:06:46.033+0000] {logging_mixin.py:151} INFO - [2024-06-17T18:06:46.033+0000] {dag.py:3677} INFO - Setting next_dagrun for example_subdag_operator to 2022-01-01T00:00:00+00:00, run_after=2022-01-01T00:00:00+00:00
[2024-06-17T18:06:46.034+0000] {logging_mixin.py:151} INFO - [2024-06-17T18:06:46.034+0000] {dag.py:3677} INFO - Setting next_dagrun for example_subdag_operator.section-1 to None, run_after=None
[2024-06-17T18:06:46.035+0000] {logging_mixin.py:151} INFO - [2024-06-17T18:06:46.035+0000] {dag.py:3677} INFO - Setting next_dagrun for example_subdag_operator.section-2 to None, run_after=None
[2024-06-17T18:06:46.038+0000] {logging_mixin.py:151} INFO - [2024-06-17T18:06:46.038+0000] {dag.py:2907} INFO - Sync 2 DAGs
[2024-06-17T18:06:46.040+0000] {logging_mixin.py:151} INFO - [2024-06-17T18:06:46.039+0000] {dag.py:3677} INFO - Setting next_dagrun for example_subdag_operator.section-1 to None, run_after=None
[2024-06-17T18:06:46.040+0000] {logging_mixin.py:151} INFO - [2024-06-17T18:06:46.040+0000] {dag.py:3677} INFO - Setting next_dagrun for example_subdag_operator.section-2 to None, run_after=None
[2024-06-17T18:06:46.043+0000] {processor.py:179} INFO - Processing /home/airflow/.local/lib/python3.8/site-packages/airflow/example_dags/example_subdag_operator.py took 0.038 seconds
[2024-06-17T18:07:16.406+0000] {processor.py:157} INFO - Started process (PID=319) to work on /home/airflow/.local/lib/python3.8/site-packages/airflow/example_dags/example_subdag_operator.py
[2024-06-17T18:07:16.407+0000] {processor.py:829} INFO - Processing file /home/airflow/.local/lib/python3.8/site-packages/airflow/example_dags/example_subdag_operator.py for tasks to queue
[2024-06-17T18:07:16.408+0000] {logging_mixin.py:151} INFO - [2024-06-17T18:07:16.408+0000] {dagbag.py:539} INFO - Filling up the DagBag from /home/airflow/.local/lib/python3.8/site-packages/airflow/example_dags/example_subdag_operator.py
[2024-06-17T18:07:16.418+0000] {processor.py:839} INFO - DAG(s) dict_keys(['example_subdag_operator.section-1', 'example_subdag_operator.section-2', 'example_subdag_operator']) retrieved from /home/airflow/.local/lib/python3.8/site-packages/airflow/example_dags/example_subdag_operator.py
[2024-06-17T18:07:16.424+0000] {logging_mixin.py:151} INFO - [2024-06-17T18:07:16.424+0000] {dag.py:2907} INFO - Sync 3 DAGs
[2024-06-17T18:07:16.432+0000] {logging_mixin.py:151} INFO - [2024-06-17T18:07:16.432+0000] {dag.py:3677} INFO - Setting next_dagrun for example_subdag_operator to 2022-01-01T00:00:00+00:00, run_after=2022-01-01T00:00:00+00:00
[2024-06-17T18:07:16.434+0000] {logging_mixin.py:151} INFO - [2024-06-17T18:07:16.434+0000] {dag.py:3677} INFO - Setting next_dagrun for example_subdag_operator.section-1 to None, run_after=None
[2024-06-17T18:07:16.434+0000] {logging_mixin.py:151} INFO - [2024-06-17T18:07:16.434+0000] {dag.py:3677} INFO - Setting next_dagrun for example_subdag_operator.section-2 to None, run_after=None
[2024-06-17T18:07:16.437+0000] {logging_mixin.py:151} INFO - [2024-06-17T18:07:16.437+0000] {dag.py:2907} INFO - Sync 2 DAGs
[2024-06-17T18:07:16.439+0000] {logging_mixin.py:151} INFO - [2024-06-17T18:07:16.439+0000] {dag.py:3677} INFO - Setting next_dagrun for example_subdag_operator.section-1 to None, run_after=None
[2024-06-17T18:07:16.439+0000] {logging_mixin.py:151} INFO - [2024-06-17T18:07:16.439+0000] {dag.py:3677} INFO - Setting next_dagrun for example_subdag_operator.section-2 to None, run_after=None
[2024-06-17T18:07:16.443+0000] {processor.py:179} INFO - Processing /home/airflow/.local/lib/python3.8/site-packages/airflow/example_dags/example_subdag_operator.py took 0.038 seconds
