[2024-06-17T17:56:40.795+0000] {processor.py:157} INFO - Started process (PID=50) to work on /home/airflow/.local/lib/python3.8/site-packages/airflow/example_dags/example_trigger_controller_dag.py
[2024-06-17T17:56:40.796+0000] {processor.py:829} INFO - Processing file /home/airflow/.local/lib/python3.8/site-packages/airflow/example_dags/example_trigger_controller_dag.py for tasks to queue
[2024-06-17T17:56:40.797+0000] {logging_mixin.py:151} INFO - [2024-06-17T17:56:40.797+0000] {dagbag.py:539} INFO - Filling up the DagBag from /home/airflow/.local/lib/python3.8/site-packages/airflow/example_dags/example_trigger_controller_dag.py
[2024-06-17T17:56:40.799+0000] {processor.py:839} INFO - DAG(s) dict_keys(['example_trigger_controller_dag']) retrieved from /home/airflow/.local/lib/python3.8/site-packages/airflow/example_dags/example_trigger_controller_dag.py
[2024-06-17T17:56:40.935+0000] {logging_mixin.py:151} INFO - [2024-06-17T17:56:40.935+0000] {manager.py:501} INFO - Created Permission View: can delete on DAG:example_trigger_controller_dag
[2024-06-17T17:56:40.939+0000] {logging_mixin.py:151} INFO - [2024-06-17T17:56:40.939+0000] {manager.py:501} INFO - Created Permission View: can read on DAG:example_trigger_controller_dag
[2024-06-17T17:56:40.942+0000] {logging_mixin.py:151} INFO - [2024-06-17T17:56:40.942+0000] {manager.py:501} INFO - Created Permission View: can edit on DAG:example_trigger_controller_dag
[2024-06-17T17:56:40.947+0000] {logging_mixin.py:151} INFO - [2024-06-17T17:56:40.947+0000] {dag.py:2907} INFO - Sync 1 DAGs
[2024-06-17T17:56:40.951+0000] {logging_mixin.py:151} INFO - [2024-06-17T17:56:40.951+0000] {dag.py:2929} INFO - Creating ORM DAG for example_trigger_controller_dag
[2024-06-17T17:56:40.955+0000] {logging_mixin.py:151} INFO - [2024-06-17T17:56:40.955+0000] {dag.py:3677} INFO - Setting next_dagrun for example_trigger_controller_dag to 2021-01-01T00:00:00+00:00, run_after=2021-01-01T00:00:00+00:00
[2024-06-17T17:56:40.961+0000] {processor.py:179} INFO - Processing /home/airflow/.local/lib/python3.8/site-packages/airflow/example_dags/example_trigger_controller_dag.py took 0.168 seconds
[2024-06-17T17:57:11.450+0000] {processor.py:157} INFO - Started process (PID=105) to work on /home/airflow/.local/lib/python3.8/site-packages/airflow/example_dags/example_trigger_controller_dag.py
[2024-06-17T17:57:11.451+0000] {processor.py:829} INFO - Processing file /home/airflow/.local/lib/python3.8/site-packages/airflow/example_dags/example_trigger_controller_dag.py for tasks to queue
[2024-06-17T17:57:11.452+0000] {logging_mixin.py:151} INFO - [2024-06-17T17:57:11.452+0000] {dagbag.py:539} INFO - Filling up the DagBag from /home/airflow/.local/lib/python3.8/site-packages/airflow/example_dags/example_trigger_controller_dag.py
[2024-06-17T17:57:11.453+0000] {processor.py:839} INFO - DAG(s) dict_keys(['example_trigger_controller_dag']) retrieved from /home/airflow/.local/lib/python3.8/site-packages/airflow/example_dags/example_trigger_controller_dag.py
[2024-06-17T17:57:11.462+0000] {logging_mixin.py:151} INFO - [2024-06-17T17:57:11.461+0000] {dag.py:2907} INFO - Sync 1 DAGs
[2024-06-17T17:57:11.470+0000] {logging_mixin.py:151} INFO - [2024-06-17T17:57:11.469+0000] {dag.py:3677} INFO - Setting next_dagrun for example_trigger_controller_dag to 2021-01-01T00:00:00+00:00, run_after=2021-01-01T00:00:00+00:00
[2024-06-17T17:57:11.476+0000] {processor.py:179} INFO - Processing /home/airflow/.local/lib/python3.8/site-packages/airflow/example_dags/example_trigger_controller_dag.py took 0.027 seconds
[2024-06-17T17:57:42.017+0000] {processor.py:157} INFO - Started process (PID=160) to work on /home/airflow/.local/lib/python3.8/site-packages/airflow/example_dags/example_trigger_controller_dag.py
[2024-06-17T17:57:42.017+0000] {processor.py:829} INFO - Processing file /home/airflow/.local/lib/python3.8/site-packages/airflow/example_dags/example_trigger_controller_dag.py for tasks to queue
[2024-06-17T17:57:42.019+0000] {logging_mixin.py:151} INFO - [2024-06-17T17:57:42.019+0000] {dagbag.py:539} INFO - Filling up the DagBag from /home/airflow/.local/lib/python3.8/site-packages/airflow/example_dags/example_trigger_controller_dag.py
[2024-06-17T17:57:42.021+0000] {processor.py:839} INFO - DAG(s) dict_keys(['example_trigger_controller_dag']) retrieved from /home/airflow/.local/lib/python3.8/site-packages/airflow/example_dags/example_trigger_controller_dag.py
[2024-06-17T17:57:42.029+0000] {logging_mixin.py:151} INFO - [2024-06-17T17:57:42.029+0000] {dag.py:2907} INFO - Sync 1 DAGs
[2024-06-17T17:57:42.037+0000] {logging_mixin.py:151} INFO - [2024-06-17T17:57:42.036+0000] {dag.py:3677} INFO - Setting next_dagrun for example_trigger_controller_dag to 2021-01-01T00:00:00+00:00, run_after=2021-01-01T00:00:00+00:00
[2024-06-17T17:57:42.043+0000] {processor.py:179} INFO - Processing /home/airflow/.local/lib/python3.8/site-packages/airflow/example_dags/example_trigger_controller_dag.py took 0.028 seconds
[2024-06-17T17:58:12.590+0000] {processor.py:157} INFO - Started process (PID=215) to work on /home/airflow/.local/lib/python3.8/site-packages/airflow/example_dags/example_trigger_controller_dag.py
[2024-06-17T17:58:12.591+0000] {processor.py:829} INFO - Processing file /home/airflow/.local/lib/python3.8/site-packages/airflow/example_dags/example_trigger_controller_dag.py for tasks to queue
[2024-06-17T17:58:12.592+0000] {logging_mixin.py:151} INFO - [2024-06-17T17:58:12.592+0000] {dagbag.py:539} INFO - Filling up the DagBag from /home/airflow/.local/lib/python3.8/site-packages/airflow/example_dags/example_trigger_controller_dag.py
[2024-06-17T17:58:12.594+0000] {processor.py:839} INFO - DAG(s) dict_keys(['example_trigger_controller_dag']) retrieved from /home/airflow/.local/lib/python3.8/site-packages/airflow/example_dags/example_trigger_controller_dag.py
[2024-06-17T17:58:12.603+0000] {logging_mixin.py:151} INFO - [2024-06-17T17:58:12.603+0000] {dag.py:2907} INFO - Sync 1 DAGs
[2024-06-17T17:58:12.612+0000] {logging_mixin.py:151} INFO - [2024-06-17T17:58:12.612+0000] {dag.py:3677} INFO - Setting next_dagrun for example_trigger_controller_dag to 2021-01-01T00:00:00+00:00, run_after=2021-01-01T00:00:00+00:00
[2024-06-17T17:58:12.619+0000] {processor.py:179} INFO - Processing /home/airflow/.local/lib/python3.8/site-packages/airflow/example_dags/example_trigger_controller_dag.py took 0.030 seconds
[2024-06-17T17:58:43.100+0000] {processor.py:157} INFO - Started process (PID=270) to work on /home/airflow/.local/lib/python3.8/site-packages/airflow/example_dags/example_trigger_controller_dag.py
[2024-06-17T17:58:43.100+0000] {processor.py:829} INFO - Processing file /home/airflow/.local/lib/python3.8/site-packages/airflow/example_dags/example_trigger_controller_dag.py for tasks to queue
[2024-06-17T17:58:43.101+0000] {logging_mixin.py:151} INFO - [2024-06-17T17:58:43.101+0000] {dagbag.py:539} INFO - Filling up the DagBag from /home/airflow/.local/lib/python3.8/site-packages/airflow/example_dags/example_trigger_controller_dag.py
[2024-06-17T17:58:43.103+0000] {processor.py:839} INFO - DAG(s) dict_keys(['example_trigger_controller_dag']) retrieved from /home/airflow/.local/lib/python3.8/site-packages/airflow/example_dags/example_trigger_controller_dag.py
[2024-06-17T17:58:43.111+0000] {logging_mixin.py:151} INFO - [2024-06-17T17:58:43.111+0000] {dag.py:2907} INFO - Sync 1 DAGs
[2024-06-17T17:58:43.120+0000] {logging_mixin.py:151} INFO - [2024-06-17T17:58:43.120+0000] {dag.py:3677} INFO - Setting next_dagrun for example_trigger_controller_dag to 2021-01-01T00:00:00+00:00, run_after=2021-01-01T00:00:00+00:00
[2024-06-17T17:58:43.126+0000] {processor.py:179} INFO - Processing /home/airflow/.local/lib/python3.8/site-packages/airflow/example_dags/example_trigger_controller_dag.py took 0.028 seconds
[2024-06-17T17:59:13.647+0000] {processor.py:157} INFO - Started process (PID=325) to work on /home/airflow/.local/lib/python3.8/site-packages/airflow/example_dags/example_trigger_controller_dag.py
[2024-06-17T17:59:13.648+0000] {processor.py:829} INFO - Processing file /home/airflow/.local/lib/python3.8/site-packages/airflow/example_dags/example_trigger_controller_dag.py for tasks to queue
[2024-06-17T17:59:13.649+0000] {logging_mixin.py:151} INFO - [2024-06-17T17:59:13.649+0000] {dagbag.py:539} INFO - Filling up the DagBag from /home/airflow/.local/lib/python3.8/site-packages/airflow/example_dags/example_trigger_controller_dag.py
[2024-06-17T17:59:13.651+0000] {processor.py:839} INFO - DAG(s) dict_keys(['example_trigger_controller_dag']) retrieved from /home/airflow/.local/lib/python3.8/site-packages/airflow/example_dags/example_trigger_controller_dag.py
[2024-06-17T17:59:13.659+0000] {logging_mixin.py:151} INFO - [2024-06-17T17:59:13.659+0000] {dag.py:2907} INFO - Sync 1 DAGs
[2024-06-17T17:59:13.667+0000] {logging_mixin.py:151} INFO - [2024-06-17T17:59:13.667+0000] {dag.py:3677} INFO - Setting next_dagrun for example_trigger_controller_dag to 2021-01-01T00:00:00+00:00, run_after=2021-01-01T00:00:00+00:00
[2024-06-17T17:59:13.674+0000] {processor.py:179} INFO - Processing /home/airflow/.local/lib/python3.8/site-packages/airflow/example_dags/example_trigger_controller_dag.py took 0.028 seconds
[2024-06-17T17:59:44.114+0000] {processor.py:157} INFO - Started process (PID=380) to work on /home/airflow/.local/lib/python3.8/site-packages/airflow/example_dags/example_trigger_controller_dag.py
[2024-06-17T17:59:44.114+0000] {processor.py:829} INFO - Processing file /home/airflow/.local/lib/python3.8/site-packages/airflow/example_dags/example_trigger_controller_dag.py for tasks to queue
[2024-06-17T17:59:44.116+0000] {logging_mixin.py:151} INFO - [2024-06-17T17:59:44.116+0000] {dagbag.py:539} INFO - Filling up the DagBag from /home/airflow/.local/lib/python3.8/site-packages/airflow/example_dags/example_trigger_controller_dag.py
[2024-06-17T17:59:44.118+0000] {processor.py:839} INFO - DAG(s) dict_keys(['example_trigger_controller_dag']) retrieved from /home/airflow/.local/lib/python3.8/site-packages/airflow/example_dags/example_trigger_controller_dag.py
[2024-06-17T17:59:44.126+0000] {logging_mixin.py:151} INFO - [2024-06-17T17:59:44.126+0000] {dag.py:2907} INFO - Sync 1 DAGs
[2024-06-17T17:59:44.134+0000] {logging_mixin.py:151} INFO - [2024-06-17T17:59:44.134+0000] {dag.py:3677} INFO - Setting next_dagrun for example_trigger_controller_dag to 2021-01-01T00:00:00+00:00, run_after=2021-01-01T00:00:00+00:00
[2024-06-17T17:59:44.141+0000] {processor.py:179} INFO - Processing /home/airflow/.local/lib/python3.8/site-packages/airflow/example_dags/example_trigger_controller_dag.py took 0.028 seconds
[2024-06-17T18:00:14.667+0000] {processor.py:157} INFO - Started process (PID=435) to work on /home/airflow/.local/lib/python3.8/site-packages/airflow/example_dags/example_trigger_controller_dag.py
[2024-06-17T18:00:14.668+0000] {processor.py:829} INFO - Processing file /home/airflow/.local/lib/python3.8/site-packages/airflow/example_dags/example_trigger_controller_dag.py for tasks to queue
[2024-06-17T18:00:14.669+0000] {logging_mixin.py:151} INFO - [2024-06-17T18:00:14.669+0000] {dagbag.py:539} INFO - Filling up the DagBag from /home/airflow/.local/lib/python3.8/site-packages/airflow/example_dags/example_trigger_controller_dag.py
[2024-06-17T18:00:14.671+0000] {processor.py:839} INFO - DAG(s) dict_keys(['example_trigger_controller_dag']) retrieved from /home/airflow/.local/lib/python3.8/site-packages/airflow/example_dags/example_trigger_controller_dag.py
[2024-06-17T18:00:14.679+0000] {logging_mixin.py:151} INFO - [2024-06-17T18:00:14.679+0000] {dag.py:2907} INFO - Sync 1 DAGs
[2024-06-17T18:00:14.688+0000] {logging_mixin.py:151} INFO - [2024-06-17T18:00:14.688+0000] {dag.py:3677} INFO - Setting next_dagrun for example_trigger_controller_dag to 2021-01-01T00:00:00+00:00, run_after=2021-01-01T00:00:00+00:00
[2024-06-17T18:00:14.694+0000] {processor.py:179} INFO - Processing /home/airflow/.local/lib/python3.8/site-packages/airflow/example_dags/example_trigger_controller_dag.py took 0.029 seconds
[2024-06-17T18:00:45.163+0000] {processor.py:157} INFO - Started process (PID=490) to work on /home/airflow/.local/lib/python3.8/site-packages/airflow/example_dags/example_trigger_controller_dag.py
[2024-06-17T18:00:45.163+0000] {processor.py:829} INFO - Processing file /home/airflow/.local/lib/python3.8/site-packages/airflow/example_dags/example_trigger_controller_dag.py for tasks to queue
[2024-06-17T18:00:45.164+0000] {logging_mixin.py:151} INFO - [2024-06-17T18:00:45.164+0000] {dagbag.py:539} INFO - Filling up the DagBag from /home/airflow/.local/lib/python3.8/site-packages/airflow/example_dags/example_trigger_controller_dag.py
[2024-06-17T18:00:45.166+0000] {processor.py:839} INFO - DAG(s) dict_keys(['example_trigger_controller_dag']) retrieved from /home/airflow/.local/lib/python3.8/site-packages/airflow/example_dags/example_trigger_controller_dag.py
[2024-06-17T18:00:45.175+0000] {logging_mixin.py:151} INFO - [2024-06-17T18:00:45.175+0000] {dag.py:2907} INFO - Sync 1 DAGs
[2024-06-17T18:00:45.183+0000] {logging_mixin.py:151} INFO - [2024-06-17T18:00:45.183+0000] {dag.py:3677} INFO - Setting next_dagrun for example_trigger_controller_dag to 2021-01-01T00:00:00+00:00, run_after=2021-01-01T00:00:00+00:00
[2024-06-17T18:00:45.190+0000] {processor.py:179} INFO - Processing /home/airflow/.local/lib/python3.8/site-packages/airflow/example_dags/example_trigger_controller_dag.py took 0.029 seconds
[2024-06-17T18:01:15.728+0000] {processor.py:157} INFO - Started process (PID=545) to work on /home/airflow/.local/lib/python3.8/site-packages/airflow/example_dags/example_trigger_controller_dag.py
[2024-06-17T18:01:15.728+0000] {processor.py:829} INFO - Processing file /home/airflow/.local/lib/python3.8/site-packages/airflow/example_dags/example_trigger_controller_dag.py for tasks to queue
[2024-06-17T18:01:15.729+0000] {logging_mixin.py:151} INFO - [2024-06-17T18:01:15.729+0000] {dagbag.py:539} INFO - Filling up the DagBag from /home/airflow/.local/lib/python3.8/site-packages/airflow/example_dags/example_trigger_controller_dag.py
[2024-06-17T18:01:15.731+0000] {processor.py:839} INFO - DAG(s) dict_keys(['example_trigger_controller_dag']) retrieved from /home/airflow/.local/lib/python3.8/site-packages/airflow/example_dags/example_trigger_controller_dag.py
[2024-06-17T18:01:15.739+0000] {logging_mixin.py:151} INFO - [2024-06-17T18:01:15.739+0000] {dag.py:2907} INFO - Sync 1 DAGs
[2024-06-17T18:01:15.747+0000] {logging_mixin.py:151} INFO - [2024-06-17T18:01:15.747+0000] {dag.py:3677} INFO - Setting next_dagrun for example_trigger_controller_dag to 2021-01-01T00:00:00+00:00, run_after=2021-01-01T00:00:00+00:00
[2024-06-17T18:01:15.754+0000] {processor.py:179} INFO - Processing /home/airflow/.local/lib/python3.8/site-packages/airflow/example_dags/example_trigger_controller_dag.py took 0.028 seconds
[2024-06-17T18:01:46.298+0000] {processor.py:157} INFO - Started process (PID=600) to work on /home/airflow/.local/lib/python3.8/site-packages/airflow/example_dags/example_trigger_controller_dag.py
[2024-06-17T18:01:46.299+0000] {processor.py:829} INFO - Processing file /home/airflow/.local/lib/python3.8/site-packages/airflow/example_dags/example_trigger_controller_dag.py for tasks to queue
[2024-06-17T18:01:46.300+0000] {logging_mixin.py:151} INFO - [2024-06-17T18:01:46.300+0000] {dagbag.py:539} INFO - Filling up the DagBag from /home/airflow/.local/lib/python3.8/site-packages/airflow/example_dags/example_trigger_controller_dag.py
[2024-06-17T18:01:46.302+0000] {processor.py:839} INFO - DAG(s) dict_keys(['example_trigger_controller_dag']) retrieved from /home/airflow/.local/lib/python3.8/site-packages/airflow/example_dags/example_trigger_controller_dag.py
[2024-06-17T18:01:46.311+0000] {logging_mixin.py:151} INFO - [2024-06-17T18:01:46.311+0000] {dag.py:2907} INFO - Sync 1 DAGs
[2024-06-17T18:01:46.319+0000] {logging_mixin.py:151} INFO - [2024-06-17T18:01:46.319+0000] {dag.py:3677} INFO - Setting next_dagrun for example_trigger_controller_dag to 2021-01-01T00:00:00+00:00, run_after=2021-01-01T00:00:00+00:00
[2024-06-17T18:01:46.325+0000] {processor.py:179} INFO - Processing /home/airflow/.local/lib/python3.8/site-packages/airflow/example_dags/example_trigger_controller_dag.py took 0.028 seconds
[2024-06-17T18:02:16.873+0000] {processor.py:157} INFO - Started process (PID=655) to work on /home/airflow/.local/lib/python3.8/site-packages/airflow/example_dags/example_trigger_controller_dag.py
[2024-06-17T18:02:16.874+0000] {processor.py:829} INFO - Processing file /home/airflow/.local/lib/python3.8/site-packages/airflow/example_dags/example_trigger_controller_dag.py for tasks to queue
[2024-06-17T18:02:16.875+0000] {logging_mixin.py:151} INFO - [2024-06-17T18:02:16.875+0000] {dagbag.py:539} INFO - Filling up the DagBag from /home/airflow/.local/lib/python3.8/site-packages/airflow/example_dags/example_trigger_controller_dag.py
[2024-06-17T18:02:16.877+0000] {processor.py:839} INFO - DAG(s) dict_keys(['example_trigger_controller_dag']) retrieved from /home/airflow/.local/lib/python3.8/site-packages/airflow/example_dags/example_trigger_controller_dag.py
[2024-06-17T18:02:16.885+0000] {logging_mixin.py:151} INFO - [2024-06-17T18:02:16.885+0000] {dag.py:2907} INFO - Sync 1 DAGs
[2024-06-17T18:02:16.894+0000] {logging_mixin.py:151} INFO - [2024-06-17T18:02:16.894+0000] {dag.py:3677} INFO - Setting next_dagrun for example_trigger_controller_dag to 2021-01-01T00:00:00+00:00, run_after=2021-01-01T00:00:00+00:00
[2024-06-17T18:02:16.900+0000] {processor.py:179} INFO - Processing /home/airflow/.local/lib/python3.8/site-packages/airflow/example_dags/example_trigger_controller_dag.py took 0.028 seconds
[2024-06-17T18:02:47.434+0000] {processor.py:157} INFO - Started process (PID=710) to work on /home/airflow/.local/lib/python3.8/site-packages/airflow/example_dags/example_trigger_controller_dag.py
[2024-06-17T18:02:47.434+0000] {processor.py:829} INFO - Processing file /home/airflow/.local/lib/python3.8/site-packages/airflow/example_dags/example_trigger_controller_dag.py for tasks to queue
[2024-06-17T18:02:47.435+0000] {logging_mixin.py:151} INFO - [2024-06-17T18:02:47.435+0000] {dagbag.py:539} INFO - Filling up the DagBag from /home/airflow/.local/lib/python3.8/site-packages/airflow/example_dags/example_trigger_controller_dag.py
[2024-06-17T18:02:47.437+0000] {processor.py:839} INFO - DAG(s) dict_keys(['example_trigger_controller_dag']) retrieved from /home/airflow/.local/lib/python3.8/site-packages/airflow/example_dags/example_trigger_controller_dag.py
[2024-06-17T18:02:47.446+0000] {logging_mixin.py:151} INFO - [2024-06-17T18:02:47.445+0000] {dag.py:2907} INFO - Sync 1 DAGs
[2024-06-17T18:02:47.454+0000] {logging_mixin.py:151} INFO - [2024-06-17T18:02:47.454+0000] {dag.py:3677} INFO - Setting next_dagrun for example_trigger_controller_dag to 2021-01-01T00:00:00+00:00, run_after=2021-01-01T00:00:00+00:00
[2024-06-17T18:02:47.460+0000] {processor.py:179} INFO - Processing /home/airflow/.local/lib/python3.8/site-packages/airflow/example_dags/example_trigger_controller_dag.py took 0.028 seconds
[2024-06-17T18:03:17.923+0000] {processor.py:157} INFO - Started process (PID=765) to work on /home/airflow/.local/lib/python3.8/site-packages/airflow/example_dags/example_trigger_controller_dag.py
[2024-06-17T18:03:17.923+0000] {processor.py:829} INFO - Processing file /home/airflow/.local/lib/python3.8/site-packages/airflow/example_dags/example_trigger_controller_dag.py for tasks to queue
[2024-06-17T18:03:17.925+0000] {logging_mixin.py:151} INFO - [2024-06-17T18:03:17.924+0000] {dagbag.py:539} INFO - Filling up the DagBag from /home/airflow/.local/lib/python3.8/site-packages/airflow/example_dags/example_trigger_controller_dag.py
[2024-06-17T18:03:17.927+0000] {processor.py:839} INFO - DAG(s) dict_keys(['example_trigger_controller_dag']) retrieved from /home/airflow/.local/lib/python3.8/site-packages/airflow/example_dags/example_trigger_controller_dag.py
[2024-06-17T18:03:17.935+0000] {logging_mixin.py:151} INFO - [2024-06-17T18:03:17.935+0000] {dag.py:2907} INFO - Sync 1 DAGs
[2024-06-17T18:03:17.943+0000] {logging_mixin.py:151} INFO - [2024-06-17T18:03:17.943+0000] {dag.py:3677} INFO - Setting next_dagrun for example_trigger_controller_dag to 2021-01-01T00:00:00+00:00, run_after=2021-01-01T00:00:00+00:00
[2024-06-17T18:03:17.949+0000] {processor.py:179} INFO - Processing /home/airflow/.local/lib/python3.8/site-packages/airflow/example_dags/example_trigger_controller_dag.py took 0.028 seconds
[2024-06-17T18:03:48.404+0000] {processor.py:157} INFO - Started process (PID=820) to work on /home/airflow/.local/lib/python3.8/site-packages/airflow/example_dags/example_trigger_controller_dag.py
[2024-06-17T18:03:48.404+0000] {processor.py:829} INFO - Processing file /home/airflow/.local/lib/python3.8/site-packages/airflow/example_dags/example_trigger_controller_dag.py for tasks to queue
[2024-06-17T18:03:48.405+0000] {logging_mixin.py:151} INFO - [2024-06-17T18:03:48.405+0000] {dagbag.py:539} INFO - Filling up the DagBag from /home/airflow/.local/lib/python3.8/site-packages/airflow/example_dags/example_trigger_controller_dag.py
[2024-06-17T18:03:48.407+0000] {processor.py:839} INFO - DAG(s) dict_keys(['example_trigger_controller_dag']) retrieved from /home/airflow/.local/lib/python3.8/site-packages/airflow/example_dags/example_trigger_controller_dag.py
[2024-06-17T18:03:48.415+0000] {logging_mixin.py:151} INFO - [2024-06-17T18:03:48.415+0000] {dag.py:2907} INFO - Sync 1 DAGs
[2024-06-17T18:03:48.424+0000] {logging_mixin.py:151} INFO - [2024-06-17T18:03:48.424+0000] {dag.py:3677} INFO - Setting next_dagrun for example_trigger_controller_dag to 2021-01-01T00:00:00+00:00, run_after=2021-01-01T00:00:00+00:00
[2024-06-17T18:03:48.430+0000] {processor.py:179} INFO - Processing /home/airflow/.local/lib/python3.8/site-packages/airflow/example_dags/example_trigger_controller_dag.py took 0.028 seconds
[2024-06-17T18:04:18.897+0000] {processor.py:157} INFO - Started process (PID=875) to work on /home/airflow/.local/lib/python3.8/site-packages/airflow/example_dags/example_trigger_controller_dag.py
[2024-06-17T18:04:18.898+0000] {processor.py:829} INFO - Processing file /home/airflow/.local/lib/python3.8/site-packages/airflow/example_dags/example_trigger_controller_dag.py for tasks to queue
[2024-06-17T18:04:18.899+0000] {logging_mixin.py:151} INFO - [2024-06-17T18:04:18.899+0000] {dagbag.py:539} INFO - Filling up the DagBag from /home/airflow/.local/lib/python3.8/site-packages/airflow/example_dags/example_trigger_controller_dag.py
[2024-06-17T18:04:18.900+0000] {processor.py:839} INFO - DAG(s) dict_keys(['example_trigger_controller_dag']) retrieved from /home/airflow/.local/lib/python3.8/site-packages/airflow/example_dags/example_trigger_controller_dag.py
[2024-06-17T18:04:18.909+0000] {logging_mixin.py:151} INFO - [2024-06-17T18:04:18.909+0000] {dag.py:2907} INFO - Sync 1 DAGs
[2024-06-17T18:04:18.917+0000] {logging_mixin.py:151} INFO - [2024-06-17T18:04:18.917+0000] {dag.py:3677} INFO - Setting next_dagrun for example_trigger_controller_dag to 2021-01-01T00:00:00+00:00, run_after=2021-01-01T00:00:00+00:00
[2024-06-17T18:04:18.923+0000] {processor.py:179} INFO - Processing /home/airflow/.local/lib/python3.8/site-packages/airflow/example_dags/example_trigger_controller_dag.py took 0.028 seconds
[2024-06-17T18:04:43.470+0000] {processor.py:157} INFO - Started process (PID=49) to work on /home/airflow/.local/lib/python3.8/site-packages/airflow/example_dags/example_trigger_controller_dag.py
[2024-06-17T18:04:43.471+0000] {processor.py:829} INFO - Processing file /home/airflow/.local/lib/python3.8/site-packages/airflow/example_dags/example_trigger_controller_dag.py for tasks to queue
[2024-06-17T18:04:43.472+0000] {logging_mixin.py:151} INFO - [2024-06-17T18:04:43.472+0000] {dagbag.py:539} INFO - Filling up the DagBag from /home/airflow/.local/lib/python3.8/site-packages/airflow/example_dags/example_trigger_controller_dag.py
[2024-06-17T18:04:43.474+0000] {processor.py:839} INFO - DAG(s) dict_keys(['example_trigger_controller_dag']) retrieved from /home/airflow/.local/lib/python3.8/site-packages/airflow/example_dags/example_trigger_controller_dag.py
[2024-06-17T18:04:43.481+0000] {logging_mixin.py:151} INFO - [2024-06-17T18:04:43.481+0000] {dag.py:2907} INFO - Sync 1 DAGs
[2024-06-17T18:04:43.492+0000] {logging_mixin.py:151} INFO - [2024-06-17T18:04:43.492+0000] {dag.py:3677} INFO - Setting next_dagrun for example_trigger_controller_dag to 2021-01-01T00:00:00+00:00, run_after=2021-01-01T00:00:00+00:00
[2024-06-17T18:04:43.499+0000] {processor.py:179} INFO - Processing /home/airflow/.local/lib/python3.8/site-packages/airflow/example_dags/example_trigger_controller_dag.py took 0.031 seconds
[2024-06-17T18:05:14.730+0000] {processor.py:157} INFO - Started process (PID=104) to work on /home/airflow/.local/lib/python3.8/site-packages/airflow/example_dags/example_trigger_controller_dag.py
[2024-06-17T18:05:14.733+0000] {processor.py:829} INFO - Processing file /home/airflow/.local/lib/python3.8/site-packages/airflow/example_dags/example_trigger_controller_dag.py for tasks to queue
[2024-06-17T18:05:14.734+0000] {logging_mixin.py:151} INFO - [2024-06-17T18:05:14.734+0000] {dagbag.py:539} INFO - Filling up the DagBag from /home/airflow/.local/lib/python3.8/site-packages/airflow/example_dags/example_trigger_controller_dag.py
[2024-06-17T18:05:14.736+0000] {processor.py:839} INFO - DAG(s) dict_keys(['example_trigger_controller_dag']) retrieved from /home/airflow/.local/lib/python3.8/site-packages/airflow/example_dags/example_trigger_controller_dag.py
[2024-06-17T18:05:14.819+0000] {logging_mixin.py:151} INFO - [2024-06-17T18:05:14.819+0000] {dag.py:2907} INFO - Sync 1 DAGs
[2024-06-17T18:05:14.827+0000] {logging_mixin.py:151} INFO - [2024-06-17T18:05:14.827+0000] {dag.py:3677} INFO - Setting next_dagrun for example_trigger_controller_dag to 2021-01-01T00:00:00+00:00, run_after=2021-01-01T00:00:00+00:00
[2024-06-17T18:05:14.834+0000] {processor.py:179} INFO - Processing /home/airflow/.local/lib/python3.8/site-packages/airflow/example_dags/example_trigger_controller_dag.py took 0.106 seconds
[2024-06-17T18:05:45.813+0000] {processor.py:157} INFO - Started process (PID=159) to work on /home/airflow/.local/lib/python3.8/site-packages/airflow/example_dags/example_trigger_controller_dag.py
[2024-06-17T18:05:45.815+0000] {processor.py:829} INFO - Processing file /home/airflow/.local/lib/python3.8/site-packages/airflow/example_dags/example_trigger_controller_dag.py for tasks to queue
[2024-06-17T18:05:45.818+0000] {logging_mixin.py:151} INFO - [2024-06-17T18:05:45.817+0000] {dagbag.py:539} INFO - Filling up the DagBag from /home/airflow/.local/lib/python3.8/site-packages/airflow/example_dags/example_trigger_controller_dag.py
[2024-06-17T18:05:45.822+0000] {processor.py:839} INFO - DAG(s) dict_keys(['example_trigger_controller_dag']) retrieved from /home/airflow/.local/lib/python3.8/site-packages/airflow/example_dags/example_trigger_controller_dag.py
[2024-06-17T18:05:45.839+0000] {logging_mixin.py:151} INFO - [2024-06-17T18:05:45.839+0000] {dag.py:2907} INFO - Sync 1 DAGs
[2024-06-17T18:05:45.851+0000] {logging_mixin.py:151} INFO - [2024-06-17T18:05:45.851+0000] {dag.py:3677} INFO - Setting next_dagrun for example_trigger_controller_dag to 2021-01-01T00:00:00+00:00, run_after=2021-01-01T00:00:00+00:00
[2024-06-17T18:05:45.859+0000] {processor.py:179} INFO - Processing /home/airflow/.local/lib/python3.8/site-packages/airflow/example_dags/example_trigger_controller_dag.py took 0.050 seconds
[2024-06-17T18:06:16.487+0000] {processor.py:157} INFO - Started process (PID=214) to work on /home/airflow/.local/lib/python3.8/site-packages/airflow/example_dags/example_trigger_controller_dag.py
[2024-06-17T18:06:16.489+0000] {processor.py:829} INFO - Processing file /home/airflow/.local/lib/python3.8/site-packages/airflow/example_dags/example_trigger_controller_dag.py for tasks to queue
[2024-06-17T18:06:16.491+0000] {logging_mixin.py:151} INFO - [2024-06-17T18:06:16.491+0000] {dagbag.py:539} INFO - Filling up the DagBag from /home/airflow/.local/lib/python3.8/site-packages/airflow/example_dags/example_trigger_controller_dag.py
[2024-06-17T18:06:16.496+0000] {processor.py:839} INFO - DAG(s) dict_keys(['example_trigger_controller_dag']) retrieved from /home/airflow/.local/lib/python3.8/site-packages/airflow/example_dags/example_trigger_controller_dag.py
[2024-06-17T18:06:16.510+0000] {logging_mixin.py:151} INFO - [2024-06-17T18:06:16.510+0000] {dag.py:2907} INFO - Sync 1 DAGs
[2024-06-17T18:06:16.522+0000] {logging_mixin.py:151} INFO - [2024-06-17T18:06:16.522+0000] {dag.py:3677} INFO - Setting next_dagrun for example_trigger_controller_dag to 2021-01-01T00:00:00+00:00, run_after=2021-01-01T00:00:00+00:00
[2024-06-17T18:06:16.532+0000] {processor.py:179} INFO - Processing /home/airflow/.local/lib/python3.8/site-packages/airflow/example_dags/example_trigger_controller_dag.py took 0.049 seconds
[2024-06-17T18:06:47.126+0000] {processor.py:157} INFO - Started process (PID=269) to work on /home/airflow/.local/lib/python3.8/site-packages/airflow/example_dags/example_trigger_controller_dag.py
[2024-06-17T18:06:47.127+0000] {processor.py:829} INFO - Processing file /home/airflow/.local/lib/python3.8/site-packages/airflow/example_dags/example_trigger_controller_dag.py for tasks to queue
[2024-06-17T18:06:47.130+0000] {logging_mixin.py:151} INFO - [2024-06-17T18:06:47.130+0000] {dagbag.py:539} INFO - Filling up the DagBag from /home/airflow/.local/lib/python3.8/site-packages/airflow/example_dags/example_trigger_controller_dag.py
[2024-06-17T18:06:47.135+0000] {processor.py:839} INFO - DAG(s) dict_keys(['example_trigger_controller_dag']) retrieved from /home/airflow/.local/lib/python3.8/site-packages/airflow/example_dags/example_trigger_controller_dag.py
[2024-06-17T18:06:47.150+0000] {logging_mixin.py:151} INFO - [2024-06-17T18:06:47.149+0000] {dag.py:2907} INFO - Sync 1 DAGs
[2024-06-17T18:06:47.162+0000] {logging_mixin.py:151} INFO - [2024-06-17T18:06:47.162+0000] {dag.py:3677} INFO - Setting next_dagrun for example_trigger_controller_dag to 2021-01-01T00:00:00+00:00, run_after=2021-01-01T00:00:00+00:00
[2024-06-17T18:06:47.171+0000] {processor.py:179} INFO - Processing /home/airflow/.local/lib/python3.8/site-packages/airflow/example_dags/example_trigger_controller_dag.py took 0.050 seconds
[2024-06-17T18:07:17.517+0000] {processor.py:157} INFO - Started process (PID=324) to work on /home/airflow/.local/lib/python3.8/site-packages/airflow/example_dags/example_trigger_controller_dag.py
[2024-06-17T18:07:17.520+0000] {processor.py:829} INFO - Processing file /home/airflow/.local/lib/python3.8/site-packages/airflow/example_dags/example_trigger_controller_dag.py for tasks to queue
[2024-06-17T18:07:17.522+0000] {logging_mixin.py:151} INFO - [2024-06-17T18:07:17.522+0000] {dagbag.py:539} INFO - Filling up the DagBag from /home/airflow/.local/lib/python3.8/site-packages/airflow/example_dags/example_trigger_controller_dag.py
[2024-06-17T18:07:17.527+0000] {processor.py:839} INFO - DAG(s) dict_keys(['example_trigger_controller_dag']) retrieved from /home/airflow/.local/lib/python3.8/site-packages/airflow/example_dags/example_trigger_controller_dag.py
[2024-06-17T18:07:17.544+0000] {logging_mixin.py:151} INFO - [2024-06-17T18:07:17.544+0000] {dag.py:2907} INFO - Sync 1 DAGs
[2024-06-17T18:07:17.557+0000] {logging_mixin.py:151} INFO - [2024-06-17T18:07:17.557+0000] {dag.py:3677} INFO - Setting next_dagrun for example_trigger_controller_dag to 2021-01-01T00:00:00+00:00, run_after=2021-01-01T00:00:00+00:00
[2024-06-17T18:07:17.568+0000] {processor.py:179} INFO - Processing /home/airflow/.local/lib/python3.8/site-packages/airflow/example_dags/example_trigger_controller_dag.py took 0.057 seconds
