[2024-06-17T17:56:43.273+0000] {processor.py:157} INFO - Started process (PID=81) to work on /home/airflow/.local/lib/python3.8/site-packages/airflow/example_dags/example_external_task_marker_dag.py
[2024-06-17T17:56:43.273+0000] {processor.py:829} INFO - Processing file /home/airflow/.local/lib/python3.8/site-packages/airflow/example_dags/example_external_task_marker_dag.py for tasks to queue
[2024-06-17T17:56:43.275+0000] {logging_mixin.py:151} INFO - [2024-06-17T17:56:43.274+0000] {dagbag.py:539} INFO - Filling up the DagBag from /home/airflow/.local/lib/python3.8/site-packages/airflow/example_dags/example_external_task_marker_dag.py
[2024-06-17T17:56:43.278+0000] {processor.py:839} INFO - DAG(s) dict_keys(['example_external_task_marker_child', 'example_external_task_marker_parent']) retrieved from /home/airflow/.local/lib/python3.8/site-packages/airflow/example_dags/example_external_task_marker_dag.py
[2024-06-17T17:56:43.318+0000] {logging_mixin.py:151} INFO - [2024-06-17T17:56:43.318+0000] {manager.py:501} INFO - Created Permission View: can delete on DAG:example_external_task_marker_child
[2024-06-17T17:56:43.322+0000] {logging_mixin.py:151} INFO - [2024-06-17T17:56:43.322+0000] {manager.py:501} INFO - Created Permission View: can read on DAG:example_external_task_marker_child
[2024-06-17T17:56:43.324+0000] {logging_mixin.py:151} INFO - [2024-06-17T17:56:43.324+0000] {manager.py:501} INFO - Created Permission View: can edit on DAG:example_external_task_marker_child
[2024-06-17T17:56:43.333+0000] {logging_mixin.py:151} INFO - [2024-06-17T17:56:43.333+0000] {manager.py:501} INFO - Created Permission View: can delete on DAG:example_external_task_marker_parent
[2024-06-17T17:56:43.336+0000] {logging_mixin.py:151} INFO - [2024-06-17T17:56:43.336+0000] {manager.py:501} INFO - Created Permission View: can read on DAG:example_external_task_marker_parent
[2024-06-17T17:56:43.338+0000] {logging_mixin.py:151} INFO - [2024-06-17T17:56:43.338+0000] {manager.py:501} INFO - Created Permission View: can edit on DAG:example_external_task_marker_parent
[2024-06-17T17:56:43.341+0000] {logging_mixin.py:151} INFO - [2024-06-17T17:56:43.341+0000] {dag.py:2907} INFO - Sync 2 DAGs
[2024-06-17T17:56:43.346+0000] {logging_mixin.py:151} INFO - [2024-06-17T17:56:43.346+0000] {dag.py:2929} INFO - Creating ORM DAG for example_external_task_marker_child
[2024-06-17T17:56:43.346+0000] {logging_mixin.py:151} INFO - [2024-06-17T17:56:43.346+0000] {dag.py:2929} INFO - Creating ORM DAG for example_external_task_marker_parent
[2024-06-17T17:56:43.347+0000] {logging_mixin.py:151} INFO - [2024-06-17T17:56:43.347+0000] {dag.py:3677} INFO - Setting next_dagrun for example_external_task_marker_child to None, run_after=None
[2024-06-17T17:56:43.347+0000] {logging_mixin.py:151} INFO - [2024-06-17T17:56:43.347+0000] {dag.py:3677} INFO - Setting next_dagrun for example_external_task_marker_parent to None, run_after=None
[2024-06-17T17:56:43.354+0000] {processor.py:179} INFO - Processing /home/airflow/.local/lib/python3.8/site-packages/airflow/example_dags/example_external_task_marker_dag.py took 0.083 seconds
[2024-06-17T17:57:14.280+0000] {processor.py:157} INFO - Started process (PID=136) to work on /home/airflow/.local/lib/python3.8/site-packages/airflow/example_dags/example_external_task_marker_dag.py
[2024-06-17T17:57:14.281+0000] {processor.py:829} INFO - Processing file /home/airflow/.local/lib/python3.8/site-packages/airflow/example_dags/example_external_task_marker_dag.py for tasks to queue
[2024-06-17T17:57:14.282+0000] {logging_mixin.py:151} INFO - [2024-06-17T17:57:14.281+0000] {dagbag.py:539} INFO - Filling up the DagBag from /home/airflow/.local/lib/python3.8/site-packages/airflow/example_dags/example_external_task_marker_dag.py
[2024-06-17T17:57:14.285+0000] {processor.py:839} INFO - DAG(s) dict_keys(['example_external_task_marker_child', 'example_external_task_marker_parent']) retrieved from /home/airflow/.local/lib/python3.8/site-packages/airflow/example_dags/example_external_task_marker_dag.py
[2024-06-17T17:57:14.295+0000] {logging_mixin.py:151} INFO - [2024-06-17T17:57:14.295+0000] {dag.py:2907} INFO - Sync 2 DAGs
[2024-06-17T17:57:14.300+0000] {logging_mixin.py:151} INFO - [2024-06-17T17:57:14.300+0000] {dag.py:3677} INFO - Setting next_dagrun for example_external_task_marker_child to None, run_after=None
[2024-06-17T17:57:14.302+0000] {logging_mixin.py:151} INFO - [2024-06-17T17:57:14.302+0000] {dag.py:3677} INFO - Setting next_dagrun for example_external_task_marker_parent to None, run_after=None
[2024-06-17T17:57:14.308+0000] {processor.py:179} INFO - Processing /home/airflow/.local/lib/python3.8/site-packages/airflow/example_dags/example_external_task_marker_dag.py took 0.030 seconds
[2024-06-17T17:57:44.849+0000] {processor.py:157} INFO - Started process (PID=191) to work on /home/airflow/.local/lib/python3.8/site-packages/airflow/example_dags/example_external_task_marker_dag.py
[2024-06-17T17:57:44.850+0000] {processor.py:829} INFO - Processing file /home/airflow/.local/lib/python3.8/site-packages/airflow/example_dags/example_external_task_marker_dag.py for tasks to queue
[2024-06-17T17:57:44.851+0000] {logging_mixin.py:151} INFO - [2024-06-17T17:57:44.851+0000] {dagbag.py:539} INFO - Filling up the DagBag from /home/airflow/.local/lib/python3.8/site-packages/airflow/example_dags/example_external_task_marker_dag.py
[2024-06-17T17:57:44.853+0000] {processor.py:839} INFO - DAG(s) dict_keys(['example_external_task_marker_parent', 'example_external_task_marker_child']) retrieved from /home/airflow/.local/lib/python3.8/site-packages/airflow/example_dags/example_external_task_marker_dag.py
[2024-06-17T17:57:44.863+0000] {logging_mixin.py:151} INFO - [2024-06-17T17:57:44.863+0000] {dag.py:2907} INFO - Sync 2 DAGs
[2024-06-17T17:57:44.869+0000] {logging_mixin.py:151} INFO - [2024-06-17T17:57:44.869+0000] {dag.py:3677} INFO - Setting next_dagrun for example_external_task_marker_child to None, run_after=None
[2024-06-17T17:57:44.870+0000] {logging_mixin.py:151} INFO - [2024-06-17T17:57:44.870+0000] {dag.py:3677} INFO - Setting next_dagrun for example_external_task_marker_parent to None, run_after=None
[2024-06-17T17:57:44.876+0000] {processor.py:179} INFO - Processing /home/airflow/.local/lib/python3.8/site-packages/airflow/example_dags/example_external_task_marker_dag.py took 0.028 seconds
[2024-06-17T17:58:15.417+0000] {processor.py:157} INFO - Started process (PID=246) to work on /home/airflow/.local/lib/python3.8/site-packages/airflow/example_dags/example_external_task_marker_dag.py
[2024-06-17T17:58:15.418+0000] {processor.py:829} INFO - Processing file /home/airflow/.local/lib/python3.8/site-packages/airflow/example_dags/example_external_task_marker_dag.py for tasks to queue
[2024-06-17T17:58:15.419+0000] {logging_mixin.py:151} INFO - [2024-06-17T17:58:15.419+0000] {dagbag.py:539} INFO - Filling up the DagBag from /home/airflow/.local/lib/python3.8/site-packages/airflow/example_dags/example_external_task_marker_dag.py
[2024-06-17T17:58:15.421+0000] {processor.py:839} INFO - DAG(s) dict_keys(['example_external_task_marker_child', 'example_external_task_marker_parent']) retrieved from /home/airflow/.local/lib/python3.8/site-packages/airflow/example_dags/example_external_task_marker_dag.py
[2024-06-17T17:58:15.432+0000] {logging_mixin.py:151} INFO - [2024-06-17T17:58:15.432+0000] {dag.py:2907} INFO - Sync 2 DAGs
[2024-06-17T17:58:15.437+0000] {logging_mixin.py:151} INFO - [2024-06-17T17:58:15.437+0000] {dag.py:3677} INFO - Setting next_dagrun for example_external_task_marker_child to None, run_after=None
[2024-06-17T17:58:15.439+0000] {logging_mixin.py:151} INFO - [2024-06-17T17:58:15.439+0000] {dag.py:3677} INFO - Setting next_dagrun for example_external_task_marker_parent to None, run_after=None
[2024-06-17T17:58:15.445+0000] {processor.py:179} INFO - Processing /home/airflow/.local/lib/python3.8/site-packages/airflow/example_dags/example_external_task_marker_dag.py took 0.029 seconds
[2024-06-17T17:58:45.928+0000] {processor.py:157} INFO - Started process (PID=301) to work on /home/airflow/.local/lib/python3.8/site-packages/airflow/example_dags/example_external_task_marker_dag.py
[2024-06-17T17:58:45.928+0000] {processor.py:829} INFO - Processing file /home/airflow/.local/lib/python3.8/site-packages/airflow/example_dags/example_external_task_marker_dag.py for tasks to queue
[2024-06-17T17:58:45.929+0000] {logging_mixin.py:151} INFO - [2024-06-17T17:58:45.929+0000] {dagbag.py:539} INFO - Filling up the DagBag from /home/airflow/.local/lib/python3.8/site-packages/airflow/example_dags/example_external_task_marker_dag.py
[2024-06-17T17:58:45.932+0000] {processor.py:839} INFO - DAG(s) dict_keys(['example_external_task_marker_child', 'example_external_task_marker_parent']) retrieved from /home/airflow/.local/lib/python3.8/site-packages/airflow/example_dags/example_external_task_marker_dag.py
[2024-06-17T17:58:45.942+0000] {logging_mixin.py:151} INFO - [2024-06-17T17:58:45.942+0000] {dag.py:2907} INFO - Sync 2 DAGs
[2024-06-17T17:58:45.947+0000] {logging_mixin.py:151} INFO - [2024-06-17T17:58:45.947+0000] {dag.py:3677} INFO - Setting next_dagrun for example_external_task_marker_child to None, run_after=None
[2024-06-17T17:58:45.949+0000] {logging_mixin.py:151} INFO - [2024-06-17T17:58:45.949+0000] {dag.py:3677} INFO - Setting next_dagrun for example_external_task_marker_parent to None, run_after=None
[2024-06-17T17:58:45.955+0000] {processor.py:179} INFO - Processing /home/airflow/.local/lib/python3.8/site-packages/airflow/example_dags/example_external_task_marker_dag.py took 0.029 seconds
[2024-06-17T17:59:16.455+0000] {processor.py:157} INFO - Started process (PID=356) to work on /home/airflow/.local/lib/python3.8/site-packages/airflow/example_dags/example_external_task_marker_dag.py
[2024-06-17T17:59:16.456+0000] {processor.py:829} INFO - Processing file /home/airflow/.local/lib/python3.8/site-packages/airflow/example_dags/example_external_task_marker_dag.py for tasks to queue
[2024-06-17T17:59:16.457+0000] {logging_mixin.py:151} INFO - [2024-06-17T17:59:16.456+0000] {dagbag.py:539} INFO - Filling up the DagBag from /home/airflow/.local/lib/python3.8/site-packages/airflow/example_dags/example_external_task_marker_dag.py
[2024-06-17T17:59:16.459+0000] {processor.py:839} INFO - DAG(s) dict_keys(['example_external_task_marker_parent', 'example_external_task_marker_child']) retrieved from /home/airflow/.local/lib/python3.8/site-packages/airflow/example_dags/example_external_task_marker_dag.py
[2024-06-17T17:59:16.470+0000] {logging_mixin.py:151} INFO - [2024-06-17T17:59:16.470+0000] {dag.py:2907} INFO - Sync 2 DAGs
[2024-06-17T17:59:16.475+0000] {logging_mixin.py:151} INFO - [2024-06-17T17:59:16.475+0000] {dag.py:3677} INFO - Setting next_dagrun for example_external_task_marker_child to None, run_after=None
[2024-06-17T17:59:16.477+0000] {logging_mixin.py:151} INFO - [2024-06-17T17:59:16.476+0000] {dag.py:3677} INFO - Setting next_dagrun for example_external_task_marker_parent to None, run_after=None
[2024-06-17T17:59:16.482+0000] {processor.py:179} INFO - Processing /home/airflow/.local/lib/python3.8/site-packages/airflow/example_dags/example_external_task_marker_dag.py took 0.029 seconds
[2024-06-17T17:59:46.975+0000] {processor.py:157} INFO - Started process (PID=411) to work on /home/airflow/.local/lib/python3.8/site-packages/airflow/example_dags/example_external_task_marker_dag.py
[2024-06-17T17:59:46.975+0000] {processor.py:829} INFO - Processing file /home/airflow/.local/lib/python3.8/site-packages/airflow/example_dags/example_external_task_marker_dag.py for tasks to queue
[2024-06-17T17:59:46.976+0000] {logging_mixin.py:151} INFO - [2024-06-17T17:59:46.976+0000] {dagbag.py:539} INFO - Filling up the DagBag from /home/airflow/.local/lib/python3.8/site-packages/airflow/example_dags/example_external_task_marker_dag.py
[2024-06-17T17:59:46.979+0000] {processor.py:839} INFO - DAG(s) dict_keys(['example_external_task_marker_parent', 'example_external_task_marker_child']) retrieved from /home/airflow/.local/lib/python3.8/site-packages/airflow/example_dags/example_external_task_marker_dag.py
[2024-06-17T17:59:46.989+0000] {logging_mixin.py:151} INFO - [2024-06-17T17:59:46.989+0000] {dag.py:2907} INFO - Sync 2 DAGs
[2024-06-17T17:59:46.994+0000] {logging_mixin.py:151} INFO - [2024-06-17T17:59:46.994+0000] {dag.py:3677} INFO - Setting next_dagrun for example_external_task_marker_child to None, run_after=None
[2024-06-17T17:59:46.995+0000] {logging_mixin.py:151} INFO - [2024-06-17T17:59:46.995+0000] {dag.py:3677} INFO - Setting next_dagrun for example_external_task_marker_parent to None, run_after=None
[2024-06-17T17:59:47.002+0000] {processor.py:179} INFO - Processing /home/airflow/.local/lib/python3.8/site-packages/airflow/example_dags/example_external_task_marker_dag.py took 0.028 seconds
[2024-06-17T18:00:17.491+0000] {processor.py:157} INFO - Started process (PID=466) to work on /home/airflow/.local/lib/python3.8/site-packages/airflow/example_dags/example_external_task_marker_dag.py
[2024-06-17T18:00:17.492+0000] {processor.py:829} INFO - Processing file /home/airflow/.local/lib/python3.8/site-packages/airflow/example_dags/example_external_task_marker_dag.py for tasks to queue
[2024-06-17T18:00:17.492+0000] {logging_mixin.py:151} INFO - [2024-06-17T18:00:17.492+0000] {dagbag.py:539} INFO - Filling up the DagBag from /home/airflow/.local/lib/python3.8/site-packages/airflow/example_dags/example_external_task_marker_dag.py
[2024-06-17T18:00:17.495+0000] {processor.py:839} INFO - DAG(s) dict_keys(['example_external_task_marker_child', 'example_external_task_marker_parent']) retrieved from /home/airflow/.local/lib/python3.8/site-packages/airflow/example_dags/example_external_task_marker_dag.py
[2024-06-17T18:00:17.505+0000] {logging_mixin.py:151} INFO - [2024-06-17T18:00:17.505+0000] {dag.py:2907} INFO - Sync 2 DAGs
[2024-06-17T18:00:17.510+0000] {logging_mixin.py:151} INFO - [2024-06-17T18:00:17.510+0000] {dag.py:3677} INFO - Setting next_dagrun for example_external_task_marker_child to None, run_after=None
[2024-06-17T18:00:17.512+0000] {logging_mixin.py:151} INFO - [2024-06-17T18:00:17.512+0000] {dag.py:3677} INFO - Setting next_dagrun for example_external_task_marker_parent to None, run_after=None
[2024-06-17T18:00:17.518+0000] {processor.py:179} INFO - Processing /home/airflow/.local/lib/python3.8/site-packages/airflow/example_dags/example_external_task_marker_dag.py took 0.028 seconds
[2024-06-17T18:00:48.085+0000] {processor.py:157} INFO - Started process (PID=521) to work on /home/airflow/.local/lib/python3.8/site-packages/airflow/example_dags/example_external_task_marker_dag.py
[2024-06-17T18:00:48.085+0000] {processor.py:829} INFO - Processing file /home/airflow/.local/lib/python3.8/site-packages/airflow/example_dags/example_external_task_marker_dag.py for tasks to queue
[2024-06-17T18:00:48.087+0000] {logging_mixin.py:151} INFO - [2024-06-17T18:00:48.087+0000] {dagbag.py:539} INFO - Filling up the DagBag from /home/airflow/.local/lib/python3.8/site-packages/airflow/example_dags/example_external_task_marker_dag.py
[2024-06-17T18:00:48.091+0000] {processor.py:839} INFO - DAG(s) dict_keys(['example_external_task_marker_parent', 'example_external_task_marker_child']) retrieved from /home/airflow/.local/lib/python3.8/site-packages/airflow/example_dags/example_external_task_marker_dag.py
[2024-06-17T18:00:48.107+0000] {logging_mixin.py:151} INFO - [2024-06-17T18:00:48.107+0000] {dag.py:2907} INFO - Sync 2 DAGs
[2024-06-17T18:00:48.115+0000] {logging_mixin.py:151} INFO - [2024-06-17T18:00:48.115+0000] {dag.py:3677} INFO - Setting next_dagrun for example_external_task_marker_child to None, run_after=None
[2024-06-17T18:00:48.116+0000] {logging_mixin.py:151} INFO - [2024-06-17T18:00:48.116+0000] {dag.py:3677} INFO - Setting next_dagrun for example_external_task_marker_parent to None, run_after=None
[2024-06-17T18:00:48.130+0000] {processor.py:179} INFO - Processing /home/airflow/.local/lib/python3.8/site-packages/airflow/example_dags/example_external_task_marker_dag.py took 0.048 seconds
[2024-06-17T18:01:18.604+0000] {processor.py:157} INFO - Started process (PID=576) to work on /home/airflow/.local/lib/python3.8/site-packages/airflow/example_dags/example_external_task_marker_dag.py
[2024-06-17T18:01:18.604+0000] {processor.py:829} INFO - Processing file /home/airflow/.local/lib/python3.8/site-packages/airflow/example_dags/example_external_task_marker_dag.py for tasks to queue
[2024-06-17T18:01:18.605+0000] {logging_mixin.py:151} INFO - [2024-06-17T18:01:18.605+0000] {dagbag.py:539} INFO - Filling up the DagBag from /home/airflow/.local/lib/python3.8/site-packages/airflow/example_dags/example_external_task_marker_dag.py
[2024-06-17T18:01:18.608+0000] {processor.py:839} INFO - DAG(s) dict_keys(['example_external_task_marker_parent', 'example_external_task_marker_child']) retrieved from /home/airflow/.local/lib/python3.8/site-packages/airflow/example_dags/example_external_task_marker_dag.py
[2024-06-17T18:01:18.618+0000] {logging_mixin.py:151} INFO - [2024-06-17T18:01:18.618+0000] {dag.py:2907} INFO - Sync 2 DAGs
[2024-06-17T18:01:18.624+0000] {logging_mixin.py:151} INFO - [2024-06-17T18:01:18.624+0000] {dag.py:3677} INFO - Setting next_dagrun for example_external_task_marker_child to None, run_after=None
[2024-06-17T18:01:18.625+0000] {logging_mixin.py:151} INFO - [2024-06-17T18:01:18.625+0000] {dag.py:3677} INFO - Setting next_dagrun for example_external_task_marker_parent to None, run_after=None
[2024-06-17T18:01:18.631+0000] {processor.py:179} INFO - Processing /home/airflow/.local/lib/python3.8/site-packages/airflow/example_dags/example_external_task_marker_dag.py took 0.029 seconds
[2024-06-17T18:01:49.206+0000] {processor.py:157} INFO - Started process (PID=631) to work on /home/airflow/.local/lib/python3.8/site-packages/airflow/example_dags/example_external_task_marker_dag.py
[2024-06-17T18:01:49.206+0000] {processor.py:829} INFO - Processing file /home/airflow/.local/lib/python3.8/site-packages/airflow/example_dags/example_external_task_marker_dag.py for tasks to queue
[2024-06-17T18:01:49.208+0000] {logging_mixin.py:151} INFO - [2024-06-17T18:01:49.207+0000] {dagbag.py:539} INFO - Filling up the DagBag from /home/airflow/.local/lib/python3.8/site-packages/airflow/example_dags/example_external_task_marker_dag.py
[2024-06-17T18:01:49.211+0000] {processor.py:839} INFO - DAG(s) dict_keys(['example_external_task_marker_parent', 'example_external_task_marker_child']) retrieved from /home/airflow/.local/lib/python3.8/site-packages/airflow/example_dags/example_external_task_marker_dag.py
[2024-06-17T18:01:49.222+0000] {logging_mixin.py:151} INFO - [2024-06-17T18:01:49.222+0000] {dag.py:2907} INFO - Sync 2 DAGs
[2024-06-17T18:01:49.228+0000] {logging_mixin.py:151} INFO - [2024-06-17T18:01:49.228+0000] {dag.py:3677} INFO - Setting next_dagrun for example_external_task_marker_child to None, run_after=None
[2024-06-17T18:01:49.229+0000] {logging_mixin.py:151} INFO - [2024-06-17T18:01:49.229+0000] {dag.py:3677} INFO - Setting next_dagrun for example_external_task_marker_parent to None, run_after=None
[2024-06-17T18:01:49.236+0000] {processor.py:179} INFO - Processing /home/airflow/.local/lib/python3.8/site-packages/airflow/example_dags/example_external_task_marker_dag.py took 0.032 seconds
[2024-06-17T18:02:19.723+0000] {processor.py:157} INFO - Started process (PID=686) to work on /home/airflow/.local/lib/python3.8/site-packages/airflow/example_dags/example_external_task_marker_dag.py
[2024-06-17T18:02:19.723+0000] {processor.py:829} INFO - Processing file /home/airflow/.local/lib/python3.8/site-packages/airflow/example_dags/example_external_task_marker_dag.py for tasks to queue
[2024-06-17T18:02:19.724+0000] {logging_mixin.py:151} INFO - [2024-06-17T18:02:19.724+0000] {dagbag.py:539} INFO - Filling up the DagBag from /home/airflow/.local/lib/python3.8/site-packages/airflow/example_dags/example_external_task_marker_dag.py
[2024-06-17T18:02:19.727+0000] {processor.py:839} INFO - DAG(s) dict_keys(['example_external_task_marker_parent', 'example_external_task_marker_child']) retrieved from /home/airflow/.local/lib/python3.8/site-packages/airflow/example_dags/example_external_task_marker_dag.py
[2024-06-17T18:02:19.737+0000] {logging_mixin.py:151} INFO - [2024-06-17T18:02:19.737+0000] {dag.py:2907} INFO - Sync 2 DAGs
[2024-06-17T18:02:19.743+0000] {logging_mixin.py:151} INFO - [2024-06-17T18:02:19.743+0000] {dag.py:3677} INFO - Setting next_dagrun for example_external_task_marker_child to None, run_after=None
[2024-06-17T18:02:19.745+0000] {logging_mixin.py:151} INFO - [2024-06-17T18:02:19.745+0000] {dag.py:3677} INFO - Setting next_dagrun for example_external_task_marker_parent to None, run_after=None
[2024-06-17T18:02:19.752+0000] {processor.py:179} INFO - Processing /home/airflow/.local/lib/python3.8/site-packages/airflow/example_dags/example_external_task_marker_dag.py took 0.031 seconds
[2024-06-17T18:02:50.284+0000] {processor.py:157} INFO - Started process (PID=741) to work on /home/airflow/.local/lib/python3.8/site-packages/airflow/example_dags/example_external_task_marker_dag.py
[2024-06-17T18:02:50.285+0000] {processor.py:829} INFO - Processing file /home/airflow/.local/lib/python3.8/site-packages/airflow/example_dags/example_external_task_marker_dag.py for tasks to queue
[2024-06-17T18:02:50.286+0000] {logging_mixin.py:151} INFO - [2024-06-17T18:02:50.285+0000] {dagbag.py:539} INFO - Filling up the DagBag from /home/airflow/.local/lib/python3.8/site-packages/airflow/example_dags/example_external_task_marker_dag.py
[2024-06-17T18:02:50.288+0000] {processor.py:839} INFO - DAG(s) dict_keys(['example_external_task_marker_child', 'example_external_task_marker_parent']) retrieved from /home/airflow/.local/lib/python3.8/site-packages/airflow/example_dags/example_external_task_marker_dag.py
[2024-06-17T18:02:50.298+0000] {logging_mixin.py:151} INFO - [2024-06-17T18:02:50.298+0000] {dag.py:2907} INFO - Sync 2 DAGs
[2024-06-17T18:02:50.304+0000] {logging_mixin.py:151} INFO - [2024-06-17T18:02:50.304+0000] {dag.py:3677} INFO - Setting next_dagrun for example_external_task_marker_child to None, run_after=None
[2024-06-17T18:02:50.305+0000] {logging_mixin.py:151} INFO - [2024-06-17T18:02:50.305+0000] {dag.py:3677} INFO - Setting next_dagrun for example_external_task_marker_parent to None, run_after=None
[2024-06-17T18:02:50.311+0000] {processor.py:179} INFO - Processing /home/airflow/.local/lib/python3.8/site-packages/airflow/example_dags/example_external_task_marker_dag.py took 0.029 seconds
[2024-06-17T18:03:20.754+0000] {processor.py:157} INFO - Started process (PID=796) to work on /home/airflow/.local/lib/python3.8/site-packages/airflow/example_dags/example_external_task_marker_dag.py
[2024-06-17T18:03:20.754+0000] {processor.py:829} INFO - Processing file /home/airflow/.local/lib/python3.8/site-packages/airflow/example_dags/example_external_task_marker_dag.py for tasks to queue
[2024-06-17T18:03:20.755+0000] {logging_mixin.py:151} INFO - [2024-06-17T18:03:20.755+0000] {dagbag.py:539} INFO - Filling up the DagBag from /home/airflow/.local/lib/python3.8/site-packages/airflow/example_dags/example_external_task_marker_dag.py
[2024-06-17T18:03:20.758+0000] {processor.py:839} INFO - DAG(s) dict_keys(['example_external_task_marker_parent', 'example_external_task_marker_child']) retrieved from /home/airflow/.local/lib/python3.8/site-packages/airflow/example_dags/example_external_task_marker_dag.py
[2024-06-17T18:03:20.768+0000] {logging_mixin.py:151} INFO - [2024-06-17T18:03:20.768+0000] {dag.py:2907} INFO - Sync 2 DAGs
[2024-06-17T18:03:20.773+0000] {logging_mixin.py:151} INFO - [2024-06-17T18:03:20.773+0000] {dag.py:3677} INFO - Setting next_dagrun for example_external_task_marker_child to None, run_after=None
[2024-06-17T18:03:20.774+0000] {logging_mixin.py:151} INFO - [2024-06-17T18:03:20.774+0000] {dag.py:3677} INFO - Setting next_dagrun for example_external_task_marker_parent to None, run_after=None
[2024-06-17T18:03:20.780+0000] {processor.py:179} INFO - Processing /home/airflow/.local/lib/python3.8/site-packages/airflow/example_dags/example_external_task_marker_dag.py took 0.028 seconds
[2024-06-17T18:03:51.234+0000] {processor.py:157} INFO - Started process (PID=851) to work on /home/airflow/.local/lib/python3.8/site-packages/airflow/example_dags/example_external_task_marker_dag.py
[2024-06-17T18:03:51.235+0000] {processor.py:829} INFO - Processing file /home/airflow/.local/lib/python3.8/site-packages/airflow/example_dags/example_external_task_marker_dag.py for tasks to queue
[2024-06-17T18:03:51.236+0000] {logging_mixin.py:151} INFO - [2024-06-17T18:03:51.236+0000] {dagbag.py:539} INFO - Filling up the DagBag from /home/airflow/.local/lib/python3.8/site-packages/airflow/example_dags/example_external_task_marker_dag.py
[2024-06-17T18:03:51.238+0000] {processor.py:839} INFO - DAG(s) dict_keys(['example_external_task_marker_parent', 'example_external_task_marker_child']) retrieved from /home/airflow/.local/lib/python3.8/site-packages/airflow/example_dags/example_external_task_marker_dag.py
[2024-06-17T18:03:51.249+0000] {logging_mixin.py:151} INFO - [2024-06-17T18:03:51.249+0000] {dag.py:2907} INFO - Sync 2 DAGs
[2024-06-17T18:03:51.254+0000] {logging_mixin.py:151} INFO - [2024-06-17T18:03:51.254+0000] {dag.py:3677} INFO - Setting next_dagrun for example_external_task_marker_child to None, run_after=None
[2024-06-17T18:03:51.256+0000] {logging_mixin.py:151} INFO - [2024-06-17T18:03:51.256+0000] {dag.py:3677} INFO - Setting next_dagrun for example_external_task_marker_parent to None, run_after=None
[2024-06-17T18:03:51.262+0000] {processor.py:179} INFO - Processing /home/airflow/.local/lib/python3.8/site-packages/airflow/example_dags/example_external_task_marker_dag.py took 0.029 seconds
[2024-06-17T18:04:21.803+0000] {processor.py:157} INFO - Started process (PID=906) to work on /home/airflow/.local/lib/python3.8/site-packages/airflow/example_dags/example_external_task_marker_dag.py
[2024-06-17T18:04:21.803+0000] {processor.py:829} INFO - Processing file /home/airflow/.local/lib/python3.8/site-packages/airflow/example_dags/example_external_task_marker_dag.py for tasks to queue
[2024-06-17T18:04:21.804+0000] {logging_mixin.py:151} INFO - [2024-06-17T18:04:21.804+0000] {dagbag.py:539} INFO - Filling up the DagBag from /home/airflow/.local/lib/python3.8/site-packages/airflow/example_dags/example_external_task_marker_dag.py
[2024-06-17T18:04:21.807+0000] {processor.py:839} INFO - DAG(s) dict_keys(['example_external_task_marker_child', 'example_external_task_marker_parent']) retrieved from /home/airflow/.local/lib/python3.8/site-packages/airflow/example_dags/example_external_task_marker_dag.py
[2024-06-17T18:04:21.818+0000] {logging_mixin.py:151} INFO - [2024-06-17T18:04:21.818+0000] {dag.py:2907} INFO - Sync 2 DAGs
[2024-06-17T18:04:21.824+0000] {logging_mixin.py:151} INFO - [2024-06-17T18:04:21.824+0000] {dag.py:3677} INFO - Setting next_dagrun for example_external_task_marker_child to None, run_after=None
[2024-06-17T18:04:21.826+0000] {logging_mixin.py:151} INFO - [2024-06-17T18:04:21.826+0000] {dag.py:3677} INFO - Setting next_dagrun for example_external_task_marker_parent to None, run_after=None
[2024-06-17T18:04:21.832+0000] {processor.py:179} INFO - Processing /home/airflow/.local/lib/python3.8/site-packages/airflow/example_dags/example_external_task_marker_dag.py took 0.031 seconds
[2024-06-17T18:04:45.496+0000] {processor.py:157} INFO - Started process (PID=80) to work on /home/airflow/.local/lib/python3.8/site-packages/airflow/example_dags/example_external_task_marker_dag.py
[2024-06-17T18:04:45.496+0000] {processor.py:829} INFO - Processing file /home/airflow/.local/lib/python3.8/site-packages/airflow/example_dags/example_external_task_marker_dag.py for tasks to queue
[2024-06-17T18:04:45.500+0000] {logging_mixin.py:151} INFO - [2024-06-17T18:04:45.499+0000] {dagbag.py:539} INFO - Filling up the DagBag from /home/airflow/.local/lib/python3.8/site-packages/airflow/example_dags/example_external_task_marker_dag.py
[2024-06-17T18:04:45.508+0000] {processor.py:839} INFO - DAG(s) dict_keys(['example_external_task_marker_child', 'example_external_task_marker_parent']) retrieved from /home/airflow/.local/lib/python3.8/site-packages/airflow/example_dags/example_external_task_marker_dag.py
[2024-06-17T18:04:45.524+0000] {logging_mixin.py:151} INFO - [2024-06-17T18:04:45.524+0000] {dag.py:2907} INFO - Sync 2 DAGs
[2024-06-17T18:04:45.536+0000] {logging_mixin.py:151} INFO - [2024-06-17T18:04:45.536+0000] {dag.py:3677} INFO - Setting next_dagrun for example_external_task_marker_child to None, run_after=None
[2024-06-17T18:04:45.540+0000] {logging_mixin.py:151} INFO - [2024-06-17T18:04:45.540+0000] {dag.py:3677} INFO - Setting next_dagrun for example_external_task_marker_parent to None, run_after=None
[2024-06-17T18:04:45.655+0000] {processor.py:179} INFO - Processing /home/airflow/.local/lib/python3.8/site-packages/airflow/example_dags/example_external_task_marker_dag.py took 0.162 seconds
[2024-06-17T18:05:16.105+0000] {processor.py:157} INFO - Started process (PID=135) to work on /home/airflow/.local/lib/python3.8/site-packages/airflow/example_dags/example_external_task_marker_dag.py
[2024-06-17T18:05:16.106+0000] {processor.py:829} INFO - Processing file /home/airflow/.local/lib/python3.8/site-packages/airflow/example_dags/example_external_task_marker_dag.py for tasks to queue
[2024-06-17T18:05:16.107+0000] {logging_mixin.py:151} INFO - [2024-06-17T18:05:16.107+0000] {dagbag.py:539} INFO - Filling up the DagBag from /home/airflow/.local/lib/python3.8/site-packages/airflow/example_dags/example_external_task_marker_dag.py
[2024-06-17T18:05:16.109+0000] {processor.py:839} INFO - DAG(s) dict_keys(['example_external_task_marker_child', 'example_external_task_marker_parent']) retrieved from /home/airflow/.local/lib/python3.8/site-packages/airflow/example_dags/example_external_task_marker_dag.py
[2024-06-17T18:05:16.119+0000] {logging_mixin.py:151} INFO - [2024-06-17T18:05:16.119+0000] {dag.py:2907} INFO - Sync 2 DAGs
[2024-06-17T18:05:16.125+0000] {logging_mixin.py:151} INFO - [2024-06-17T18:05:16.125+0000] {dag.py:3677} INFO - Setting next_dagrun for example_external_task_marker_child to None, run_after=None
[2024-06-17T18:05:16.126+0000] {logging_mixin.py:151} INFO - [2024-06-17T18:05:16.126+0000] {dag.py:3677} INFO - Setting next_dagrun for example_external_task_marker_parent to None, run_after=None
[2024-06-17T18:05:16.132+0000] {processor.py:179} INFO - Processing /home/airflow/.local/lib/python3.8/site-packages/airflow/example_dags/example_external_task_marker_dag.py took 0.028 seconds
[2024-06-17T18:05:46.818+0000] {processor.py:157} INFO - Started process (PID=190) to work on /home/airflow/.local/lib/python3.8/site-packages/airflow/example_dags/example_external_task_marker_dag.py
[2024-06-17T18:05:46.819+0000] {processor.py:829} INFO - Processing file /home/airflow/.local/lib/python3.8/site-packages/airflow/example_dags/example_external_task_marker_dag.py for tasks to queue
[2024-06-17T18:05:46.820+0000] {logging_mixin.py:151} INFO - [2024-06-17T18:05:46.820+0000] {dagbag.py:539} INFO - Filling up the DagBag from /home/airflow/.local/lib/python3.8/site-packages/airflow/example_dags/example_external_task_marker_dag.py
[2024-06-17T18:05:46.823+0000] {processor.py:839} INFO - DAG(s) dict_keys(['example_external_task_marker_parent', 'example_external_task_marker_child']) retrieved from /home/airflow/.local/lib/python3.8/site-packages/airflow/example_dags/example_external_task_marker_dag.py
[2024-06-17T18:05:46.833+0000] {logging_mixin.py:151} INFO - [2024-06-17T18:05:46.833+0000] {dag.py:2907} INFO - Sync 2 DAGs
[2024-06-17T18:05:46.838+0000] {logging_mixin.py:151} INFO - [2024-06-17T18:05:46.838+0000] {dag.py:3677} INFO - Setting next_dagrun for example_external_task_marker_child to None, run_after=None
[2024-06-17T18:05:46.840+0000] {logging_mixin.py:151} INFO - [2024-06-17T18:05:46.839+0000] {dag.py:3677} INFO - Setting next_dagrun for example_external_task_marker_parent to None, run_after=None
[2024-06-17T18:05:46.845+0000] {processor.py:179} INFO - Processing /home/airflow/.local/lib/python3.8/site-packages/airflow/example_dags/example_external_task_marker_dag.py took 0.028 seconds
[2024-06-17T18:06:17.430+0000] {processor.py:157} INFO - Started process (PID=245) to work on /home/airflow/.local/lib/python3.8/site-packages/airflow/example_dags/example_external_task_marker_dag.py
[2024-06-17T18:06:17.430+0000] {processor.py:829} INFO - Processing file /home/airflow/.local/lib/python3.8/site-packages/airflow/example_dags/example_external_task_marker_dag.py for tasks to queue
[2024-06-17T18:06:17.431+0000] {logging_mixin.py:151} INFO - [2024-06-17T18:06:17.431+0000] {dagbag.py:539} INFO - Filling up the DagBag from /home/airflow/.local/lib/python3.8/site-packages/airflow/example_dags/example_external_task_marker_dag.py
[2024-06-17T18:06:17.433+0000] {processor.py:839} INFO - DAG(s) dict_keys(['example_external_task_marker_child', 'example_external_task_marker_parent']) retrieved from /home/airflow/.local/lib/python3.8/site-packages/airflow/example_dags/example_external_task_marker_dag.py
[2024-06-17T18:06:17.443+0000] {logging_mixin.py:151} INFO - [2024-06-17T18:06:17.443+0000] {dag.py:2907} INFO - Sync 2 DAGs
[2024-06-17T18:06:17.448+0000] {logging_mixin.py:151} INFO - [2024-06-17T18:06:17.448+0000] {dag.py:3677} INFO - Setting next_dagrun for example_external_task_marker_child to None, run_after=None
[2024-06-17T18:06:17.449+0000] {logging_mixin.py:151} INFO - [2024-06-17T18:06:17.449+0000] {dag.py:3677} INFO - Setting next_dagrun for example_external_task_marker_parent to None, run_after=None
[2024-06-17T18:06:17.455+0000] {processor.py:179} INFO - Processing /home/airflow/.local/lib/python3.8/site-packages/airflow/example_dags/example_external_task_marker_dag.py took 0.027 seconds
[2024-06-17T18:06:47.894+0000] {processor.py:157} INFO - Started process (PID=300) to work on /home/airflow/.local/lib/python3.8/site-packages/airflow/example_dags/example_external_task_marker_dag.py
[2024-06-17T18:06:47.894+0000] {processor.py:829} INFO - Processing file /home/airflow/.local/lib/python3.8/site-packages/airflow/example_dags/example_external_task_marker_dag.py for tasks to queue
[2024-06-17T18:06:47.895+0000] {logging_mixin.py:151} INFO - [2024-06-17T18:06:47.895+0000] {dagbag.py:539} INFO - Filling up the DagBag from /home/airflow/.local/lib/python3.8/site-packages/airflow/example_dags/example_external_task_marker_dag.py
[2024-06-17T18:06:47.898+0000] {processor.py:839} INFO - DAG(s) dict_keys(['example_external_task_marker_child', 'example_external_task_marker_parent']) retrieved from /home/airflow/.local/lib/python3.8/site-packages/airflow/example_dags/example_external_task_marker_dag.py
[2024-06-17T18:06:47.908+0000] {logging_mixin.py:151} INFO - [2024-06-17T18:06:47.908+0000] {dag.py:2907} INFO - Sync 2 DAGs
[2024-06-17T18:06:47.913+0000] {logging_mixin.py:151} INFO - [2024-06-17T18:06:47.913+0000] {dag.py:3677} INFO - Setting next_dagrun for example_external_task_marker_child to None, run_after=None
[2024-06-17T18:06:47.914+0000] {logging_mixin.py:151} INFO - [2024-06-17T18:06:47.914+0000] {dag.py:3677} INFO - Setting next_dagrun for example_external_task_marker_parent to None, run_after=None
[2024-06-17T18:06:47.920+0000] {processor.py:179} INFO - Processing /home/airflow/.local/lib/python3.8/site-packages/airflow/example_dags/example_external_task_marker_dag.py took 0.028 seconds
[2024-06-17T18:07:18.320+0000] {processor.py:157} INFO - Started process (PID=355) to work on /home/airflow/.local/lib/python3.8/site-packages/airflow/example_dags/example_external_task_marker_dag.py
[2024-06-17T18:07:18.321+0000] {processor.py:829} INFO - Processing file /home/airflow/.local/lib/python3.8/site-packages/airflow/example_dags/example_external_task_marker_dag.py for tasks to queue
[2024-06-17T18:07:18.322+0000] {logging_mixin.py:151} INFO - [2024-06-17T18:07:18.321+0000] {dagbag.py:539} INFO - Filling up the DagBag from /home/airflow/.local/lib/python3.8/site-packages/airflow/example_dags/example_external_task_marker_dag.py
[2024-06-17T18:07:18.324+0000] {processor.py:839} INFO - DAG(s) dict_keys(['example_external_task_marker_parent', 'example_external_task_marker_child']) retrieved from /home/airflow/.local/lib/python3.8/site-packages/airflow/example_dags/example_external_task_marker_dag.py
[2024-06-17T18:07:18.334+0000] {logging_mixin.py:151} INFO - [2024-06-17T18:07:18.334+0000] {dag.py:2907} INFO - Sync 2 DAGs
[2024-06-17T18:07:18.339+0000] {logging_mixin.py:151} INFO - [2024-06-17T18:07:18.339+0000] {dag.py:3677} INFO - Setting next_dagrun for example_external_task_marker_child to None, run_after=None
[2024-06-17T18:07:18.341+0000] {logging_mixin.py:151} INFO - [2024-06-17T18:07:18.341+0000] {dag.py:3677} INFO - Setting next_dagrun for example_external_task_marker_parent to None, run_after=None
[2024-06-17T18:07:18.348+0000] {processor.py:179} INFO - Processing /home/airflow/.local/lib/python3.8/site-packages/airflow/example_dags/example_external_task_marker_dag.py took 0.029 seconds
