[2024-06-17T17:56:42.431+0000] {processor.py:157} INFO - Started process (PID=64) to work on /home/airflow/.local/lib/python3.8/site-packages/airflow/example_dags/example_kubernetes_executor.py
[2024-06-17T17:56:42.432+0000] {processor.py:829} INFO - Processing file /home/airflow/.local/lib/python3.8/site-packages/airflow/example_dags/example_kubernetes_executor.py for tasks to queue
[2024-06-17T17:56:42.433+0000] {logging_mixin.py:151} INFO - [2024-06-17T17:56:42.432+0000] {dagbag.py:539} INFO - Filling up the DagBag from /home/airflow/.local/lib/python3.8/site-packages/airflow/example_dags/example_kubernetes_executor.py
[2024-06-17T17:56:42.539+0000] {processor.py:839} INFO - DAG(s) dict_keys(['example_kubernetes_executor']) retrieved from /home/airflow/.local/lib/python3.8/site-packages/airflow/example_dags/example_kubernetes_executor.py
[2024-06-17T17:56:42.583+0000] {logging_mixin.py:151} INFO - [2024-06-17T17:56:42.583+0000] {manager.py:501} INFO - Created Permission View: can delete on DAG:example_kubernetes_executor
[2024-06-17T17:56:42.587+0000] {logging_mixin.py:151} INFO - [2024-06-17T17:56:42.587+0000] {manager.py:501} INFO - Created Permission View: can read on DAG:example_kubernetes_executor
[2024-06-17T17:56:42.589+0000] {logging_mixin.py:151} INFO - [2024-06-17T17:56:42.589+0000] {manager.py:501} INFO - Created Permission View: can edit on DAG:example_kubernetes_executor
[2024-06-17T17:56:42.595+0000] {logging_mixin.py:151} INFO - [2024-06-17T17:56:42.595+0000] {dag.py:2907} INFO - Sync 1 DAGs
[2024-06-17T17:56:42.600+0000] {logging_mixin.py:151} INFO - [2024-06-17T17:56:42.599+0000] {dag.py:2929} INFO - Creating ORM DAG for example_kubernetes_executor
[2024-06-17T17:56:42.600+0000] {logging_mixin.py:151} INFO - [2024-06-17T17:56:42.600+0000] {dag.py:3677} INFO - Setting next_dagrun for example_kubernetes_executor to None, run_after=None
[2024-06-17T17:56:42.606+0000] {processor.py:179} INFO - Processing /home/airflow/.local/lib/python3.8/site-packages/airflow/example_dags/example_kubernetes_executor.py took 0.177 seconds
[2024-06-17T17:57:12.831+0000] {processor.py:157} INFO - Started process (PID=120) to work on /home/airflow/.local/lib/python3.8/site-packages/airflow/example_dags/example_kubernetes_executor.py
[2024-06-17T17:57:12.832+0000] {processor.py:829} INFO - Processing file /home/airflow/.local/lib/python3.8/site-packages/airflow/example_dags/example_kubernetes_executor.py for tasks to queue
[2024-06-17T17:57:12.833+0000] {logging_mixin.py:151} INFO - [2024-06-17T17:57:12.833+0000] {dagbag.py:539} INFO - Filling up the DagBag from /home/airflow/.local/lib/python3.8/site-packages/airflow/example_dags/example_kubernetes_executor.py
[2024-06-17T17:57:12.931+0000] {processor.py:839} INFO - DAG(s) dict_keys(['example_kubernetes_executor']) retrieved from /home/airflow/.local/lib/python3.8/site-packages/airflow/example_dags/example_kubernetes_executor.py
[2024-06-17T17:57:12.945+0000] {logging_mixin.py:151} INFO - [2024-06-17T17:57:12.945+0000] {dag.py:2907} INFO - Sync 1 DAGs
[2024-06-17T17:57:12.950+0000] {logging_mixin.py:151} INFO - [2024-06-17T17:57:12.950+0000] {dag.py:3677} INFO - Setting next_dagrun for example_kubernetes_executor to None, run_after=None
[2024-06-17T17:57:12.957+0000] {processor.py:179} INFO - Processing /home/airflow/.local/lib/python3.8/site-packages/airflow/example_dags/example_kubernetes_executor.py took 0.127 seconds
[2024-06-17T17:57:43.395+0000] {processor.py:157} INFO - Started process (PID=174) to work on /home/airflow/.local/lib/python3.8/site-packages/airflow/example_dags/example_kubernetes_executor.py
[2024-06-17T17:57:43.398+0000] {processor.py:829} INFO - Processing file /home/airflow/.local/lib/python3.8/site-packages/airflow/example_dags/example_kubernetes_executor.py for tasks to queue
[2024-06-17T17:57:43.399+0000] {logging_mixin.py:151} INFO - [2024-06-17T17:57:43.399+0000] {dagbag.py:539} INFO - Filling up the DagBag from /home/airflow/.local/lib/python3.8/site-packages/airflow/example_dags/example_kubernetes_executor.py
[2024-06-17T17:57:43.497+0000] {processor.py:839} INFO - DAG(s) dict_keys(['example_kubernetes_executor']) retrieved from /home/airflow/.local/lib/python3.8/site-packages/airflow/example_dags/example_kubernetes_executor.py
[2024-06-17T17:57:43.511+0000] {logging_mixin.py:151} INFO - [2024-06-17T17:57:43.511+0000] {dag.py:2907} INFO - Sync 1 DAGs
[2024-06-17T17:57:43.516+0000] {logging_mixin.py:151} INFO - [2024-06-17T17:57:43.516+0000] {dag.py:3677} INFO - Setting next_dagrun for example_kubernetes_executor to None, run_after=None
[2024-06-17T17:57:43.523+0000] {processor.py:179} INFO - Processing /home/airflow/.local/lib/python3.8/site-packages/airflow/example_dags/example_kubernetes_executor.py took 0.129 seconds
[2024-06-17T17:58:13.956+0000] {processor.py:157} INFO - Started process (PID=229) to work on /home/airflow/.local/lib/python3.8/site-packages/airflow/example_dags/example_kubernetes_executor.py
[2024-06-17T17:58:13.956+0000] {processor.py:829} INFO - Processing file /home/airflow/.local/lib/python3.8/site-packages/airflow/example_dags/example_kubernetes_executor.py for tasks to queue
[2024-06-17T17:58:13.957+0000] {logging_mixin.py:151} INFO - [2024-06-17T17:58:13.957+0000] {dagbag.py:539} INFO - Filling up the DagBag from /home/airflow/.local/lib/python3.8/site-packages/airflow/example_dags/example_kubernetes_executor.py
[2024-06-17T17:58:14.055+0000] {processor.py:839} INFO - DAG(s) dict_keys(['example_kubernetes_executor']) retrieved from /home/airflow/.local/lib/python3.8/site-packages/airflow/example_dags/example_kubernetes_executor.py
[2024-06-17T17:58:14.070+0000] {logging_mixin.py:151} INFO - [2024-06-17T17:58:14.070+0000] {dag.py:2907} INFO - Sync 1 DAGs
[2024-06-17T17:58:14.075+0000] {logging_mixin.py:151} INFO - [2024-06-17T17:58:14.075+0000] {dag.py:3677} INFO - Setting next_dagrun for example_kubernetes_executor to None, run_after=None
[2024-06-17T17:58:14.082+0000] {processor.py:179} INFO - Processing /home/airflow/.local/lib/python3.8/site-packages/airflow/example_dags/example_kubernetes_executor.py took 0.127 seconds
[2024-06-17T17:58:44.477+0000] {processor.py:157} INFO - Started process (PID=284) to work on /home/airflow/.local/lib/python3.8/site-packages/airflow/example_dags/example_kubernetes_executor.py
[2024-06-17T17:58:44.478+0000] {processor.py:829} INFO - Processing file /home/airflow/.local/lib/python3.8/site-packages/airflow/example_dags/example_kubernetes_executor.py for tasks to queue
[2024-06-17T17:58:44.479+0000] {logging_mixin.py:151} INFO - [2024-06-17T17:58:44.478+0000] {dagbag.py:539} INFO - Filling up the DagBag from /home/airflow/.local/lib/python3.8/site-packages/airflow/example_dags/example_kubernetes_executor.py
[2024-06-17T17:58:44.577+0000] {processor.py:839} INFO - DAG(s) dict_keys(['example_kubernetes_executor']) retrieved from /home/airflow/.local/lib/python3.8/site-packages/airflow/example_dags/example_kubernetes_executor.py
[2024-06-17T17:58:44.591+0000] {logging_mixin.py:151} INFO - [2024-06-17T17:58:44.591+0000] {dag.py:2907} INFO - Sync 1 DAGs
[2024-06-17T17:58:44.596+0000] {logging_mixin.py:151} INFO - [2024-06-17T17:58:44.596+0000] {dag.py:3677} INFO - Setting next_dagrun for example_kubernetes_executor to None, run_after=None
[2024-06-17T17:58:44.604+0000] {processor.py:179} INFO - Processing /home/airflow/.local/lib/python3.8/site-packages/airflow/example_dags/example_kubernetes_executor.py took 0.128 seconds
[2024-06-17T17:59:15.011+0000] {processor.py:157} INFO - Started process (PID=339) to work on /home/airflow/.local/lib/python3.8/site-packages/airflow/example_dags/example_kubernetes_executor.py
[2024-06-17T17:59:15.011+0000] {processor.py:829} INFO - Processing file /home/airflow/.local/lib/python3.8/site-packages/airflow/example_dags/example_kubernetes_executor.py for tasks to queue
[2024-06-17T17:59:15.012+0000] {logging_mixin.py:151} INFO - [2024-06-17T17:59:15.012+0000] {dagbag.py:539} INFO - Filling up the DagBag from /home/airflow/.local/lib/python3.8/site-packages/airflow/example_dags/example_kubernetes_executor.py
[2024-06-17T17:59:15.112+0000] {processor.py:839} INFO - DAG(s) dict_keys(['example_kubernetes_executor']) retrieved from /home/airflow/.local/lib/python3.8/site-packages/airflow/example_dags/example_kubernetes_executor.py
[2024-06-17T17:59:15.128+0000] {logging_mixin.py:151} INFO - [2024-06-17T17:59:15.127+0000] {dag.py:2907} INFO - Sync 1 DAGs
[2024-06-17T17:59:15.133+0000] {logging_mixin.py:151} INFO - [2024-06-17T17:59:15.133+0000] {dag.py:3677} INFO - Setting next_dagrun for example_kubernetes_executor to None, run_after=None
[2024-06-17T17:59:15.140+0000] {processor.py:179} INFO - Processing /home/airflow/.local/lib/python3.8/site-packages/airflow/example_dags/example_kubernetes_executor.py took 0.130 seconds
[2024-06-17T17:59:45.492+0000] {processor.py:157} INFO - Started process (PID=394) to work on /home/airflow/.local/lib/python3.8/site-packages/airflow/example_dags/example_kubernetes_executor.py
[2024-06-17T17:59:45.492+0000] {processor.py:829} INFO - Processing file /home/airflow/.local/lib/python3.8/site-packages/airflow/example_dags/example_kubernetes_executor.py for tasks to queue
[2024-06-17T17:59:45.493+0000] {logging_mixin.py:151} INFO - [2024-06-17T17:59:45.493+0000] {dagbag.py:539} INFO - Filling up the DagBag from /home/airflow/.local/lib/python3.8/site-packages/airflow/example_dags/example_kubernetes_executor.py
[2024-06-17T17:59:45.592+0000] {processor.py:839} INFO - DAG(s) dict_keys(['example_kubernetes_executor']) retrieved from /home/airflow/.local/lib/python3.8/site-packages/airflow/example_dags/example_kubernetes_executor.py
[2024-06-17T17:59:45.607+0000] {logging_mixin.py:151} INFO - [2024-06-17T17:59:45.607+0000] {dag.py:2907} INFO - Sync 1 DAGs
[2024-06-17T17:59:45.613+0000] {logging_mixin.py:151} INFO - [2024-06-17T17:59:45.613+0000] {dag.py:3677} INFO - Setting next_dagrun for example_kubernetes_executor to None, run_after=None
[2024-06-17T17:59:45.620+0000] {processor.py:179} INFO - Processing /home/airflow/.local/lib/python3.8/site-packages/airflow/example_dags/example_kubernetes_executor.py took 0.130 seconds
[2024-06-17T18:00:16.039+0000] {processor.py:157} INFO - Started process (PID=449) to work on /home/airflow/.local/lib/python3.8/site-packages/airflow/example_dags/example_kubernetes_executor.py
[2024-06-17T18:00:16.040+0000] {processor.py:829} INFO - Processing file /home/airflow/.local/lib/python3.8/site-packages/airflow/example_dags/example_kubernetes_executor.py for tasks to queue
[2024-06-17T18:00:16.041+0000] {logging_mixin.py:151} INFO - [2024-06-17T18:00:16.041+0000] {dagbag.py:539} INFO - Filling up the DagBag from /home/airflow/.local/lib/python3.8/site-packages/airflow/example_dags/example_kubernetes_executor.py
[2024-06-17T18:00:16.140+0000] {processor.py:839} INFO - DAG(s) dict_keys(['example_kubernetes_executor']) retrieved from /home/airflow/.local/lib/python3.8/site-packages/airflow/example_dags/example_kubernetes_executor.py
[2024-06-17T18:00:16.154+0000] {logging_mixin.py:151} INFO - [2024-06-17T18:00:16.154+0000] {dag.py:2907} INFO - Sync 1 DAGs
[2024-06-17T18:00:16.159+0000] {logging_mixin.py:151} INFO - [2024-06-17T18:00:16.159+0000] {dag.py:3677} INFO - Setting next_dagrun for example_kubernetes_executor to None, run_after=None
[2024-06-17T18:00:16.166+0000] {processor.py:179} INFO - Processing /home/airflow/.local/lib/python3.8/site-packages/airflow/example_dags/example_kubernetes_executor.py took 0.128 seconds
[2024-06-17T18:00:46.525+0000] {processor.py:157} INFO - Started process (PID=504) to work on /home/airflow/.local/lib/python3.8/site-packages/airflow/example_dags/example_kubernetes_executor.py
[2024-06-17T18:00:46.525+0000] {processor.py:829} INFO - Processing file /home/airflow/.local/lib/python3.8/site-packages/airflow/example_dags/example_kubernetes_executor.py for tasks to queue
[2024-06-17T18:00:46.526+0000] {logging_mixin.py:151} INFO - [2024-06-17T18:00:46.526+0000] {dagbag.py:539} INFO - Filling up the DagBag from /home/airflow/.local/lib/python3.8/site-packages/airflow/example_dags/example_kubernetes_executor.py
[2024-06-17T18:00:46.631+0000] {processor.py:839} INFO - DAG(s) dict_keys(['example_kubernetes_executor']) retrieved from /home/airflow/.local/lib/python3.8/site-packages/airflow/example_dags/example_kubernetes_executor.py
[2024-06-17T18:00:46.648+0000] {logging_mixin.py:151} INFO - [2024-06-17T18:00:46.648+0000] {dag.py:2907} INFO - Sync 1 DAGs
[2024-06-17T18:00:46.654+0000] {logging_mixin.py:151} INFO - [2024-06-17T18:00:46.654+0000] {dag.py:3677} INFO - Setting next_dagrun for example_kubernetes_executor to None, run_after=None
[2024-06-17T18:00:46.663+0000] {processor.py:179} INFO - Processing /home/airflow/.local/lib/python3.8/site-packages/airflow/example_dags/example_kubernetes_executor.py took 0.140 seconds
[2024-06-17T18:01:17.122+0000] {processor.py:157} INFO - Started process (PID=559) to work on /home/airflow/.local/lib/python3.8/site-packages/airflow/example_dags/example_kubernetes_executor.py
[2024-06-17T18:01:17.122+0000] {processor.py:829} INFO - Processing file /home/airflow/.local/lib/python3.8/site-packages/airflow/example_dags/example_kubernetes_executor.py for tasks to queue
[2024-06-17T18:01:17.124+0000] {logging_mixin.py:151} INFO - [2024-06-17T18:01:17.123+0000] {dagbag.py:539} INFO - Filling up the DagBag from /home/airflow/.local/lib/python3.8/site-packages/airflow/example_dags/example_kubernetes_executor.py
[2024-06-17T18:01:17.233+0000] {processor.py:839} INFO - DAG(s) dict_keys(['example_kubernetes_executor']) retrieved from /home/airflow/.local/lib/python3.8/site-packages/airflow/example_dags/example_kubernetes_executor.py
[2024-06-17T18:01:17.249+0000] {logging_mixin.py:151} INFO - [2024-06-17T18:01:17.249+0000] {dag.py:2907} INFO - Sync 1 DAGs
[2024-06-17T18:01:17.255+0000] {logging_mixin.py:151} INFO - [2024-06-17T18:01:17.255+0000] {dag.py:3677} INFO - Setting next_dagrun for example_kubernetes_executor to None, run_after=None
[2024-06-17T18:01:17.263+0000] {processor.py:179} INFO - Processing /home/airflow/.local/lib/python3.8/site-packages/airflow/example_dags/example_kubernetes_executor.py took 0.143 seconds
[2024-06-17T18:01:47.691+0000] {processor.py:157} INFO - Started process (PID=614) to work on /home/airflow/.local/lib/python3.8/site-packages/airflow/example_dags/example_kubernetes_executor.py
[2024-06-17T18:01:47.691+0000] {processor.py:829} INFO - Processing file /home/airflow/.local/lib/python3.8/site-packages/airflow/example_dags/example_kubernetes_executor.py for tasks to queue
[2024-06-17T18:01:47.692+0000] {logging_mixin.py:151} INFO - [2024-06-17T18:01:47.692+0000] {dagbag.py:539} INFO - Filling up the DagBag from /home/airflow/.local/lib/python3.8/site-packages/airflow/example_dags/example_kubernetes_executor.py
[2024-06-17T18:01:47.794+0000] {processor.py:839} INFO - DAG(s) dict_keys(['example_kubernetes_executor']) retrieved from /home/airflow/.local/lib/python3.8/site-packages/airflow/example_dags/example_kubernetes_executor.py
[2024-06-17T18:01:47.810+0000] {logging_mixin.py:151} INFO - [2024-06-17T18:01:47.809+0000] {dag.py:2907} INFO - Sync 1 DAGs
[2024-06-17T18:01:47.815+0000] {logging_mixin.py:151} INFO - [2024-06-17T18:01:47.815+0000] {dag.py:3677} INFO - Setting next_dagrun for example_kubernetes_executor to None, run_after=None
[2024-06-17T18:01:47.823+0000] {processor.py:179} INFO - Processing /home/airflow/.local/lib/python3.8/site-packages/airflow/example_dags/example_kubernetes_executor.py took 0.134 seconds
[2024-06-17T18:02:18.248+0000] {processor.py:157} INFO - Started process (PID=669) to work on /home/airflow/.local/lib/python3.8/site-packages/airflow/example_dags/example_kubernetes_executor.py
[2024-06-17T18:02:18.248+0000] {processor.py:829} INFO - Processing file /home/airflow/.local/lib/python3.8/site-packages/airflow/example_dags/example_kubernetes_executor.py for tasks to queue
[2024-06-17T18:02:18.249+0000] {logging_mixin.py:151} INFO - [2024-06-17T18:02:18.249+0000] {dagbag.py:539} INFO - Filling up the DagBag from /home/airflow/.local/lib/python3.8/site-packages/airflow/example_dags/example_kubernetes_executor.py
[2024-06-17T18:02:18.350+0000] {processor.py:839} INFO - DAG(s) dict_keys(['example_kubernetes_executor']) retrieved from /home/airflow/.local/lib/python3.8/site-packages/airflow/example_dags/example_kubernetes_executor.py
[2024-06-17T18:02:18.364+0000] {logging_mixin.py:151} INFO - [2024-06-17T18:02:18.364+0000] {dag.py:2907} INFO - Sync 1 DAGs
[2024-06-17T18:02:18.370+0000] {logging_mixin.py:151} INFO - [2024-06-17T18:02:18.370+0000] {dag.py:3677} INFO - Setting next_dagrun for example_kubernetes_executor to None, run_after=None
[2024-06-17T18:02:18.376+0000] {processor.py:179} INFO - Processing /home/airflow/.local/lib/python3.8/site-packages/airflow/example_dags/example_kubernetes_executor.py took 0.130 seconds
[2024-06-17T18:02:48.822+0000] {processor.py:157} INFO - Started process (PID=724) to work on /home/airflow/.local/lib/python3.8/site-packages/airflow/example_dags/example_kubernetes_executor.py
[2024-06-17T18:02:48.822+0000] {processor.py:829} INFO - Processing file /home/airflow/.local/lib/python3.8/site-packages/airflow/example_dags/example_kubernetes_executor.py for tasks to queue
[2024-06-17T18:02:48.824+0000] {logging_mixin.py:151} INFO - [2024-06-17T18:02:48.823+0000] {dagbag.py:539} INFO - Filling up the DagBag from /home/airflow/.local/lib/python3.8/site-packages/airflow/example_dags/example_kubernetes_executor.py
[2024-06-17T18:02:48.925+0000] {processor.py:839} INFO - DAG(s) dict_keys(['example_kubernetes_executor']) retrieved from /home/airflow/.local/lib/python3.8/site-packages/airflow/example_dags/example_kubernetes_executor.py
[2024-06-17T18:02:48.940+0000] {logging_mixin.py:151} INFO - [2024-06-17T18:02:48.940+0000] {dag.py:2907} INFO - Sync 1 DAGs
[2024-06-17T18:02:48.946+0000] {logging_mixin.py:151} INFO - [2024-06-17T18:02:48.946+0000] {dag.py:3677} INFO - Setting next_dagrun for example_kubernetes_executor to None, run_after=None
[2024-06-17T18:02:48.953+0000] {processor.py:179} INFO - Processing /home/airflow/.local/lib/python3.8/site-packages/airflow/example_dags/example_kubernetes_executor.py took 0.133 seconds
[2024-06-17T18:03:19.290+0000] {processor.py:157} INFO - Started process (PID=779) to work on /home/airflow/.local/lib/python3.8/site-packages/airflow/example_dags/example_kubernetes_executor.py
[2024-06-17T18:03:19.291+0000] {processor.py:829} INFO - Processing file /home/airflow/.local/lib/python3.8/site-packages/airflow/example_dags/example_kubernetes_executor.py for tasks to queue
[2024-06-17T18:03:19.292+0000] {logging_mixin.py:151} INFO - [2024-06-17T18:03:19.291+0000] {dagbag.py:539} INFO - Filling up the DagBag from /home/airflow/.local/lib/python3.8/site-packages/airflow/example_dags/example_kubernetes_executor.py
[2024-06-17T18:03:19.393+0000] {processor.py:839} INFO - DAG(s) dict_keys(['example_kubernetes_executor']) retrieved from /home/airflow/.local/lib/python3.8/site-packages/airflow/example_dags/example_kubernetes_executor.py
[2024-06-17T18:03:19.408+0000] {logging_mixin.py:151} INFO - [2024-06-17T18:03:19.408+0000] {dag.py:2907} INFO - Sync 1 DAGs
[2024-06-17T18:03:19.413+0000] {logging_mixin.py:151} INFO - [2024-06-17T18:03:19.413+0000] {dag.py:3677} INFO - Setting next_dagrun for example_kubernetes_executor to None, run_after=None
[2024-06-17T18:03:19.421+0000] {processor.py:179} INFO - Processing /home/airflow/.local/lib/python3.8/site-packages/airflow/example_dags/example_kubernetes_executor.py took 0.132 seconds
[2024-06-17T18:03:49.784+0000] {processor.py:157} INFO - Started process (PID=834) to work on /home/airflow/.local/lib/python3.8/site-packages/airflow/example_dags/example_kubernetes_executor.py
[2024-06-17T18:03:49.784+0000] {processor.py:829} INFO - Processing file /home/airflow/.local/lib/python3.8/site-packages/airflow/example_dags/example_kubernetes_executor.py for tasks to queue
[2024-06-17T18:03:49.785+0000] {logging_mixin.py:151} INFO - [2024-06-17T18:03:49.785+0000] {dagbag.py:539} INFO - Filling up the DagBag from /home/airflow/.local/lib/python3.8/site-packages/airflow/example_dags/example_kubernetes_executor.py
[2024-06-17T18:03:49.889+0000] {processor.py:839} INFO - DAG(s) dict_keys(['example_kubernetes_executor']) retrieved from /home/airflow/.local/lib/python3.8/site-packages/airflow/example_dags/example_kubernetes_executor.py
[2024-06-17T18:03:49.904+0000] {logging_mixin.py:151} INFO - [2024-06-17T18:03:49.904+0000] {dag.py:2907} INFO - Sync 1 DAGs
[2024-06-17T18:03:49.910+0000] {logging_mixin.py:151} INFO - [2024-06-17T18:03:49.909+0000] {dag.py:3677} INFO - Setting next_dagrun for example_kubernetes_executor to None, run_after=None
[2024-06-17T18:03:49.916+0000] {processor.py:179} INFO - Processing /home/airflow/.local/lib/python3.8/site-packages/airflow/example_dags/example_kubernetes_executor.py took 0.135 seconds
[2024-06-17T18:04:20.297+0000] {processor.py:157} INFO - Started process (PID=889) to work on /home/airflow/.local/lib/python3.8/site-packages/airflow/example_dags/example_kubernetes_executor.py
[2024-06-17T18:04:20.298+0000] {processor.py:829} INFO - Processing file /home/airflow/.local/lib/python3.8/site-packages/airflow/example_dags/example_kubernetes_executor.py for tasks to queue
[2024-06-17T18:04:20.299+0000] {logging_mixin.py:151} INFO - [2024-06-17T18:04:20.299+0000] {dagbag.py:539} INFO - Filling up the DagBag from /home/airflow/.local/lib/python3.8/site-packages/airflow/example_dags/example_kubernetes_executor.py
[2024-06-17T18:04:20.403+0000] {processor.py:839} INFO - DAG(s) dict_keys(['example_kubernetes_executor']) retrieved from /home/airflow/.local/lib/python3.8/site-packages/airflow/example_dags/example_kubernetes_executor.py
[2024-06-17T18:04:20.418+0000] {logging_mixin.py:151} INFO - [2024-06-17T18:04:20.417+0000] {dag.py:2907} INFO - Sync 1 DAGs
[2024-06-17T18:04:20.424+0000] {logging_mixin.py:151} INFO - [2024-06-17T18:04:20.424+0000] {dag.py:3677} INFO - Setting next_dagrun for example_kubernetes_executor to None, run_after=None
[2024-06-17T18:04:20.431+0000] {processor.py:179} INFO - Processing /home/airflow/.local/lib/python3.8/site-packages/airflow/example_dags/example_kubernetes_executor.py took 0.135 seconds
[2024-06-17T18:04:44.113+0000] {processor.py:157} INFO - Started process (PID=63) to work on /home/airflow/.local/lib/python3.8/site-packages/airflow/example_dags/example_kubernetes_executor.py
[2024-06-17T18:04:44.114+0000] {processor.py:829} INFO - Processing file /home/airflow/.local/lib/python3.8/site-packages/airflow/example_dags/example_kubernetes_executor.py for tasks to queue
[2024-06-17T18:04:44.116+0000] {logging_mixin.py:151} INFO - [2024-06-17T18:04:44.115+0000] {dagbag.py:539} INFO - Filling up the DagBag from /home/airflow/.local/lib/python3.8/site-packages/airflow/example_dags/example_kubernetes_executor.py
[2024-06-17T18:04:44.363+0000] {processor.py:839} INFO - DAG(s) dict_keys(['example_kubernetes_executor']) retrieved from /home/airflow/.local/lib/python3.8/site-packages/airflow/example_dags/example_kubernetes_executor.py
[2024-06-17T18:04:44.370+0000] {logging_mixin.py:151} INFO - [2024-06-17T18:04:44.370+0000] {dag.py:2907} INFO - Sync 1 DAGs
[2024-06-17T18:04:44.377+0000] {logging_mixin.py:151} INFO - [2024-06-17T18:04:44.377+0000] {dag.py:3677} INFO - Setting next_dagrun for example_kubernetes_executor to None, run_after=None
[2024-06-17T18:04:44.389+0000] {processor.py:179} INFO - Processing /home/airflow/.local/lib/python3.8/site-packages/airflow/example_dags/example_kubernetes_executor.py took 0.279 seconds
[2024-06-17T18:05:15.540+0000] {processor.py:157} INFO - Started process (PID=118) to work on /home/airflow/.local/lib/python3.8/site-packages/airflow/example_dags/example_kubernetes_executor.py
[2024-06-17T18:05:15.541+0000] {processor.py:829} INFO - Processing file /home/airflow/.local/lib/python3.8/site-packages/airflow/example_dags/example_kubernetes_executor.py for tasks to queue
[2024-06-17T18:05:15.542+0000] {logging_mixin.py:151} INFO - [2024-06-17T18:05:15.542+0000] {dagbag.py:539} INFO - Filling up the DagBag from /home/airflow/.local/lib/python3.8/site-packages/airflow/example_dags/example_kubernetes_executor.py
[2024-06-17T18:05:15.637+0000] {processor.py:839} INFO - DAG(s) dict_keys(['example_kubernetes_executor']) retrieved from /home/airflow/.local/lib/python3.8/site-packages/airflow/example_dags/example_kubernetes_executor.py
[2024-06-17T18:05:15.652+0000] {logging_mixin.py:151} INFO - [2024-06-17T18:05:15.652+0000] {dag.py:2907} INFO - Sync 1 DAGs
[2024-06-17T18:05:15.657+0000] {logging_mixin.py:151} INFO - [2024-06-17T18:05:15.657+0000] {dag.py:3677} INFO - Setting next_dagrun for example_kubernetes_executor to None, run_after=None
[2024-06-17T18:05:15.665+0000] {processor.py:179} INFO - Processing /home/airflow/.local/lib/python3.8/site-packages/airflow/example_dags/example_kubernetes_executor.py took 0.126 seconds
[2024-06-17T18:05:46.210+0000] {processor.py:157} INFO - Started process (PID=173) to work on /home/airflow/.local/lib/python3.8/site-packages/airflow/example_dags/example_kubernetes_executor.py
[2024-06-17T18:05:46.210+0000] {processor.py:829} INFO - Processing file /home/airflow/.local/lib/python3.8/site-packages/airflow/example_dags/example_kubernetes_executor.py for tasks to queue
[2024-06-17T18:05:46.211+0000] {logging_mixin.py:151} INFO - [2024-06-17T18:05:46.211+0000] {dagbag.py:539} INFO - Filling up the DagBag from /home/airflow/.local/lib/python3.8/site-packages/airflow/example_dags/example_kubernetes_executor.py
[2024-06-17T18:05:46.304+0000] {processor.py:839} INFO - DAG(s) dict_keys(['example_kubernetes_executor']) retrieved from /home/airflow/.local/lib/python3.8/site-packages/airflow/example_dags/example_kubernetes_executor.py
[2024-06-17T18:05:46.318+0000] {logging_mixin.py:151} INFO - [2024-06-17T18:05:46.318+0000] {dag.py:2907} INFO - Sync 1 DAGs
[2024-06-17T18:05:46.323+0000] {logging_mixin.py:151} INFO - [2024-06-17T18:05:46.323+0000] {dag.py:3677} INFO - Setting next_dagrun for example_kubernetes_executor to None, run_after=None
[2024-06-17T18:05:46.330+0000] {processor.py:179} INFO - Processing /home/airflow/.local/lib/python3.8/site-packages/airflow/example_dags/example_kubernetes_executor.py took 0.122 seconds
[2024-06-17T18:06:16.834+0000] {processor.py:157} INFO - Started process (PID=228) to work on /home/airflow/.local/lib/python3.8/site-packages/airflow/example_dags/example_kubernetes_executor.py
[2024-06-17T18:06:16.834+0000] {processor.py:829} INFO - Processing file /home/airflow/.local/lib/python3.8/site-packages/airflow/example_dags/example_kubernetes_executor.py for tasks to queue
[2024-06-17T18:06:16.835+0000] {logging_mixin.py:151} INFO - [2024-06-17T18:06:16.835+0000] {dagbag.py:539} INFO - Filling up the DagBag from /home/airflow/.local/lib/python3.8/site-packages/airflow/example_dags/example_kubernetes_executor.py
[2024-06-17T18:06:16.927+0000] {processor.py:839} INFO - DAG(s) dict_keys(['example_kubernetes_executor']) retrieved from /home/airflow/.local/lib/python3.8/site-packages/airflow/example_dags/example_kubernetes_executor.py
[2024-06-17T18:06:16.942+0000] {logging_mixin.py:151} INFO - [2024-06-17T18:06:16.942+0000] {dag.py:2907} INFO - Sync 1 DAGs
[2024-06-17T18:06:16.947+0000] {logging_mixin.py:151} INFO - [2024-06-17T18:06:16.947+0000] {dag.py:3677} INFO - Setting next_dagrun for example_kubernetes_executor to None, run_after=None
[2024-06-17T18:06:16.953+0000] {processor.py:179} INFO - Processing /home/airflow/.local/lib/python3.8/site-packages/airflow/example_dags/example_kubernetes_executor.py took 0.121 seconds
[2024-06-17T18:06:47.469+0000] {processor.py:157} INFO - Started process (PID=283) to work on /home/airflow/.local/lib/python3.8/site-packages/airflow/example_dags/example_kubernetes_executor.py
[2024-06-17T18:06:47.469+0000] {processor.py:829} INFO - Processing file /home/airflow/.local/lib/python3.8/site-packages/airflow/example_dags/example_kubernetes_executor.py for tasks to queue
[2024-06-17T18:06:47.470+0000] {logging_mixin.py:151} INFO - [2024-06-17T18:06:47.470+0000] {dagbag.py:539} INFO - Filling up the DagBag from /home/airflow/.local/lib/python3.8/site-packages/airflow/example_dags/example_kubernetes_executor.py
[2024-06-17T18:06:47.568+0000] {processor.py:839} INFO - DAG(s) dict_keys(['example_kubernetes_executor']) retrieved from /home/airflow/.local/lib/python3.8/site-packages/airflow/example_dags/example_kubernetes_executor.py
[2024-06-17T18:06:47.584+0000] {logging_mixin.py:151} INFO - [2024-06-17T18:06:47.584+0000] {dag.py:2907} INFO - Sync 1 DAGs
[2024-06-17T18:06:47.589+0000] {logging_mixin.py:151} INFO - [2024-06-17T18:06:47.589+0000] {dag.py:3677} INFO - Setting next_dagrun for example_kubernetes_executor to None, run_after=None
[2024-06-17T18:06:47.596+0000] {processor.py:179} INFO - Processing /home/airflow/.local/lib/python3.8/site-packages/airflow/example_dags/example_kubernetes_executor.py took 0.128 seconds
[2024-06-17T18:07:17.878+0000] {processor.py:157} INFO - Started process (PID=338) to work on /home/airflow/.local/lib/python3.8/site-packages/airflow/example_dags/example_kubernetes_executor.py
[2024-06-17T18:07:17.879+0000] {processor.py:829} INFO - Processing file /home/airflow/.local/lib/python3.8/site-packages/airflow/example_dags/example_kubernetes_executor.py for tasks to queue
[2024-06-17T18:07:17.880+0000] {logging_mixin.py:151} INFO - [2024-06-17T18:07:17.880+0000] {dagbag.py:539} INFO - Filling up the DagBag from /home/airflow/.local/lib/python3.8/site-packages/airflow/example_dags/example_kubernetes_executor.py
[2024-06-17T18:07:17.980+0000] {processor.py:839} INFO - DAG(s) dict_keys(['example_kubernetes_executor']) retrieved from /home/airflow/.local/lib/python3.8/site-packages/airflow/example_dags/example_kubernetes_executor.py
[2024-06-17T18:07:17.996+0000] {logging_mixin.py:151} INFO - [2024-06-17T18:07:17.995+0000] {dag.py:2907} INFO - Sync 1 DAGs
[2024-06-17T18:07:18.001+0000] {logging_mixin.py:151} INFO - [2024-06-17T18:07:18.001+0000] {dag.py:3677} INFO - Setting next_dagrun for example_kubernetes_executor to None, run_after=None
[2024-06-17T18:07:18.008+0000] {processor.py:179} INFO - Processing /home/airflow/.local/lib/python3.8/site-packages/airflow/example_dags/example_kubernetes_executor.py took 0.132 seconds
