[2024-06-17T17:56:40.124+0000] {processor.py:157} INFO - Started process (PID=44) to work on /home/airflow/.local/lib/python3.8/site-packages/airflow/example_dags/example_task_group_decorator.py
[2024-06-17T17:56:40.125+0000] {processor.py:829} INFO - Processing file /home/airflow/.local/lib/python3.8/site-packages/airflow/example_dags/example_task_group_decorator.py for tasks to queue
[2024-06-17T17:56:40.126+0000] {logging_mixin.py:151} INFO - [2024-06-17T17:56:40.126+0000] {dagbag.py:539} INFO - Filling up the DagBag from /home/airflow/.local/lib/python3.8/site-packages/airflow/example_dags/example_task_group_decorator.py
[2024-06-17T17:56:40.133+0000] {processor.py:839} INFO - DAG(s) dict_keys(['example_task_group_decorator']) retrieved from /home/airflow/.local/lib/python3.8/site-packages/airflow/example_dags/example_task_group_decorator.py
[2024-06-17T17:56:40.261+0000] {logging_mixin.py:151} INFO - [2024-06-17T17:56:40.261+0000] {manager.py:501} INFO - Created Permission View: can delete on DAG:example_task_group_decorator
[2024-06-17T17:56:40.264+0000] {logging_mixin.py:151} INFO - [2024-06-17T17:56:40.264+0000] {manager.py:501} INFO - Created Permission View: can read on DAG:example_task_group_decorator
[2024-06-17T17:56:40.267+0000] {logging_mixin.py:151} INFO - [2024-06-17T17:56:40.267+0000] {manager.py:501} INFO - Created Permission View: can edit on DAG:example_task_group_decorator
[2024-06-17T17:56:40.273+0000] {logging_mixin.py:151} INFO - [2024-06-17T17:56:40.273+0000] {dag.py:2907} INFO - Sync 1 DAGs
[2024-06-17T17:56:40.277+0000] {logging_mixin.py:151} INFO - [2024-06-17T17:56:40.277+0000] {dag.py:2929} INFO - Creating ORM DAG for example_task_group_decorator
[2024-06-17T17:56:40.280+0000] {logging_mixin.py:151} INFO - [2024-06-17T17:56:40.280+0000] {dag.py:3677} INFO - Setting next_dagrun for example_task_group_decorator to 2024-06-16T17:56:40.280534+00:00, run_after=2024-06-17T17:56:40.280534+00:00
[2024-06-17T17:56:40.286+0000] {processor.py:179} INFO - Processing /home/airflow/.local/lib/python3.8/site-packages/airflow/example_dags/example_task_group_decorator.py took 0.164 seconds
[2024-06-17T17:57:11.281+0000] {processor.py:157} INFO - Started process (PID=99) to work on /home/airflow/.local/lib/python3.8/site-packages/airflow/example_dags/example_task_group_decorator.py
[2024-06-17T17:57:11.282+0000] {processor.py:829} INFO - Processing file /home/airflow/.local/lib/python3.8/site-packages/airflow/example_dags/example_task_group_decorator.py for tasks to queue
[2024-06-17T17:57:11.285+0000] {logging_mixin.py:151} INFO - [2024-06-17T17:57:11.285+0000] {dagbag.py:539} INFO - Filling up the DagBag from /home/airflow/.local/lib/python3.8/site-packages/airflow/example_dags/example_task_group_decorator.py
[2024-06-17T17:57:11.297+0000] {processor.py:839} INFO - DAG(s) dict_keys(['example_task_group_decorator']) retrieved from /home/airflow/.local/lib/python3.8/site-packages/airflow/example_dags/example_task_group_decorator.py
[2024-06-17T17:57:11.312+0000] {logging_mixin.py:151} INFO - [2024-06-17T17:57:11.312+0000] {dag.py:2907} INFO - Sync 1 DAGs
[2024-06-17T17:57:11.323+0000] {logging_mixin.py:151} INFO - [2024-06-17T17:57:11.323+0000] {dag.py:3677} INFO - Setting next_dagrun for example_task_group_decorator to 2024-06-16T17:57:11.323719+00:00, run_after=2024-06-17T17:57:11.323719+00:00
[2024-06-17T17:57:11.332+0000] {processor.py:179} INFO - Processing /home/airflow/.local/lib/python3.8/site-packages/airflow/example_dags/example_task_group_decorator.py took 0.056 seconds
[2024-06-17T17:57:41.849+0000] {processor.py:157} INFO - Started process (PID=154) to work on /home/airflow/.local/lib/python3.8/site-packages/airflow/example_dags/example_task_group_decorator.py
[2024-06-17T17:57:41.850+0000] {processor.py:829} INFO - Processing file /home/airflow/.local/lib/python3.8/site-packages/airflow/example_dags/example_task_group_decorator.py for tasks to queue
[2024-06-17T17:57:41.852+0000] {logging_mixin.py:151} INFO - [2024-06-17T17:57:41.852+0000] {dagbag.py:539} INFO - Filling up the DagBag from /home/airflow/.local/lib/python3.8/site-packages/airflow/example_dags/example_task_group_decorator.py
[2024-06-17T17:57:41.864+0000] {processor.py:839} INFO - DAG(s) dict_keys(['example_task_group_decorator']) retrieved from /home/airflow/.local/lib/python3.8/site-packages/airflow/example_dags/example_task_group_decorator.py
[2024-06-17T17:57:41.878+0000] {logging_mixin.py:151} INFO - [2024-06-17T17:57:41.878+0000] {dag.py:2907} INFO - Sync 1 DAGs
[2024-06-17T17:57:41.890+0000] {logging_mixin.py:151} INFO - [2024-06-17T17:57:41.890+0000] {dag.py:3677} INFO - Setting next_dagrun for example_task_group_decorator to 2024-06-16T17:57:41.890434+00:00, run_after=2024-06-17T17:57:41.890434+00:00
[2024-06-17T17:57:41.898+0000] {processor.py:179} INFO - Processing /home/airflow/.local/lib/python3.8/site-packages/airflow/example_dags/example_task_group_decorator.py took 0.053 seconds
[2024-06-17T17:58:12.422+0000] {processor.py:157} INFO - Started process (PID=209) to work on /home/airflow/.local/lib/python3.8/site-packages/airflow/example_dags/example_task_group_decorator.py
[2024-06-17T17:58:12.423+0000] {processor.py:829} INFO - Processing file /home/airflow/.local/lib/python3.8/site-packages/airflow/example_dags/example_task_group_decorator.py for tasks to queue
[2024-06-17T17:58:12.425+0000] {logging_mixin.py:151} INFO - [2024-06-17T17:58:12.425+0000] {dagbag.py:539} INFO - Filling up the DagBag from /home/airflow/.local/lib/python3.8/site-packages/airflow/example_dags/example_task_group_decorator.py
[2024-06-17T17:58:12.437+0000] {processor.py:839} INFO - DAG(s) dict_keys(['example_task_group_decorator']) retrieved from /home/airflow/.local/lib/python3.8/site-packages/airflow/example_dags/example_task_group_decorator.py
[2024-06-17T17:58:12.451+0000] {logging_mixin.py:151} INFO - [2024-06-17T17:58:12.451+0000] {dag.py:2907} INFO - Sync 1 DAGs
[2024-06-17T17:58:12.462+0000] {logging_mixin.py:151} INFO - [2024-06-17T17:58:12.462+0000] {dag.py:3677} INFO - Setting next_dagrun for example_task_group_decorator to 2024-06-16T17:58:12.462062+00:00, run_after=2024-06-17T17:58:12.462062+00:00
[2024-06-17T17:58:12.470+0000] {processor.py:179} INFO - Processing /home/airflow/.local/lib/python3.8/site-packages/airflow/example_dags/example_task_group_decorator.py took 0.051 seconds
[2024-06-17T17:58:42.938+0000] {processor.py:157} INFO - Started process (PID=264) to work on /home/airflow/.local/lib/python3.8/site-packages/airflow/example_dags/example_task_group_decorator.py
[2024-06-17T17:58:42.939+0000] {processor.py:829} INFO - Processing file /home/airflow/.local/lib/python3.8/site-packages/airflow/example_dags/example_task_group_decorator.py for tasks to queue
[2024-06-17T17:58:42.941+0000] {logging_mixin.py:151} INFO - [2024-06-17T17:58:42.940+0000] {dagbag.py:539} INFO - Filling up the DagBag from /home/airflow/.local/lib/python3.8/site-packages/airflow/example_dags/example_task_group_decorator.py
[2024-06-17T17:58:42.951+0000] {processor.py:839} INFO - DAG(s) dict_keys(['example_task_group_decorator']) retrieved from /home/airflow/.local/lib/python3.8/site-packages/airflow/example_dags/example_task_group_decorator.py
[2024-06-17T17:58:42.964+0000] {logging_mixin.py:151} INFO - [2024-06-17T17:58:42.964+0000] {dag.py:2907} INFO - Sync 1 DAGs
[2024-06-17T17:58:42.974+0000] {logging_mixin.py:151} INFO - [2024-06-17T17:58:42.974+0000] {dag.py:3677} INFO - Setting next_dagrun for example_task_group_decorator to 2024-06-16T17:58:42.974735+00:00, run_after=2024-06-17T17:58:42.974735+00:00
[2024-06-17T17:58:42.982+0000] {processor.py:179} INFO - Processing /home/airflow/.local/lib/python3.8/site-packages/airflow/example_dags/example_task_group_decorator.py took 0.047 seconds
[2024-06-17T17:59:13.482+0000] {processor.py:157} INFO - Started process (PID=319) to work on /home/airflow/.local/lib/python3.8/site-packages/airflow/example_dags/example_task_group_decorator.py
[2024-06-17T17:59:13.482+0000] {processor.py:829} INFO - Processing file /home/airflow/.local/lib/python3.8/site-packages/airflow/example_dags/example_task_group_decorator.py for tasks to queue
[2024-06-17T17:59:13.485+0000] {logging_mixin.py:151} INFO - [2024-06-17T17:59:13.484+0000] {dagbag.py:539} INFO - Filling up the DagBag from /home/airflow/.local/lib/python3.8/site-packages/airflow/example_dags/example_task_group_decorator.py
[2024-06-17T17:59:13.494+0000] {processor.py:839} INFO - DAG(s) dict_keys(['example_task_group_decorator']) retrieved from /home/airflow/.local/lib/python3.8/site-packages/airflow/example_dags/example_task_group_decorator.py
[2024-06-17T17:59:13.508+0000] {logging_mixin.py:151} INFO - [2024-06-17T17:59:13.508+0000] {dag.py:2907} INFO - Sync 1 DAGs
[2024-06-17T17:59:13.520+0000] {logging_mixin.py:151} INFO - [2024-06-17T17:59:13.520+0000] {dag.py:3677} INFO - Setting next_dagrun for example_task_group_decorator to 2024-06-16T17:59:13.520337+00:00, run_after=2024-06-17T17:59:13.520337+00:00
[2024-06-17T17:59:13.528+0000] {processor.py:179} INFO - Processing /home/airflow/.local/lib/python3.8/site-packages/airflow/example_dags/example_task_group_decorator.py took 0.050 seconds
[2024-06-17T17:59:43.945+0000] {processor.py:157} INFO - Started process (PID=374) to work on /home/airflow/.local/lib/python3.8/site-packages/airflow/example_dags/example_task_group_decorator.py
[2024-06-17T17:59:43.946+0000] {processor.py:829} INFO - Processing file /home/airflow/.local/lib/python3.8/site-packages/airflow/example_dags/example_task_group_decorator.py for tasks to queue
[2024-06-17T17:59:43.948+0000] {logging_mixin.py:151} INFO - [2024-06-17T17:59:43.948+0000] {dagbag.py:539} INFO - Filling up the DagBag from /home/airflow/.local/lib/python3.8/site-packages/airflow/example_dags/example_task_group_decorator.py
[2024-06-17T17:59:43.960+0000] {processor.py:839} INFO - DAG(s) dict_keys(['example_task_group_decorator']) retrieved from /home/airflow/.local/lib/python3.8/site-packages/airflow/example_dags/example_task_group_decorator.py
[2024-06-17T17:59:43.975+0000] {logging_mixin.py:151} INFO - [2024-06-17T17:59:43.975+0000] {dag.py:2907} INFO - Sync 1 DAGs
[2024-06-17T17:59:43.987+0000] {logging_mixin.py:151} INFO - [2024-06-17T17:59:43.986+0000] {dag.py:3677} INFO - Setting next_dagrun for example_task_group_decorator to 2024-06-16T17:59:43.986812+00:00, run_after=2024-06-17T17:59:43.986812+00:00
[2024-06-17T17:59:43.995+0000] {processor.py:179} INFO - Processing /home/airflow/.local/lib/python3.8/site-packages/airflow/example_dags/example_task_group_decorator.py took 0.053 seconds
[2024-06-17T18:00:14.500+0000] {processor.py:157} INFO - Started process (PID=429) to work on /home/airflow/.local/lib/python3.8/site-packages/airflow/example_dags/example_task_group_decorator.py
[2024-06-17T18:00:14.501+0000] {processor.py:829} INFO - Processing file /home/airflow/.local/lib/python3.8/site-packages/airflow/example_dags/example_task_group_decorator.py for tasks to queue
[2024-06-17T18:00:14.504+0000] {logging_mixin.py:151} INFO - [2024-06-17T18:00:14.504+0000] {dagbag.py:539} INFO - Filling up the DagBag from /home/airflow/.local/lib/python3.8/site-packages/airflow/example_dags/example_task_group_decorator.py
[2024-06-17T18:00:14.515+0000] {processor.py:839} INFO - DAG(s) dict_keys(['example_task_group_decorator']) retrieved from /home/airflow/.local/lib/python3.8/site-packages/airflow/example_dags/example_task_group_decorator.py
[2024-06-17T18:00:14.529+0000] {logging_mixin.py:151} INFO - [2024-06-17T18:00:14.529+0000] {dag.py:2907} INFO - Sync 1 DAGs
[2024-06-17T18:00:14.541+0000] {logging_mixin.py:151} INFO - [2024-06-17T18:00:14.540+0000] {dag.py:3677} INFO - Setting next_dagrun for example_task_group_decorator to 2024-06-16T18:00:14.540822+00:00, run_after=2024-06-17T18:00:14.540822+00:00
[2024-06-17T18:00:14.548+0000] {processor.py:179} INFO - Processing /home/airflow/.local/lib/python3.8/site-packages/airflow/example_dags/example_task_group_decorator.py took 0.052 seconds
[2024-06-17T18:00:44.989+0000] {processor.py:157} INFO - Started process (PID=484) to work on /home/airflow/.local/lib/python3.8/site-packages/airflow/example_dags/example_task_group_decorator.py
[2024-06-17T18:00:44.990+0000] {processor.py:829} INFO - Processing file /home/airflow/.local/lib/python3.8/site-packages/airflow/example_dags/example_task_group_decorator.py for tasks to queue
[2024-06-17T18:00:44.992+0000] {logging_mixin.py:151} INFO - [2024-06-17T18:00:44.991+0000] {dagbag.py:539} INFO - Filling up the DagBag from /home/airflow/.local/lib/python3.8/site-packages/airflow/example_dags/example_task_group_decorator.py
[2024-06-17T18:00:45.002+0000] {processor.py:839} INFO - DAG(s) dict_keys(['example_task_group_decorator']) retrieved from /home/airflow/.local/lib/python3.8/site-packages/airflow/example_dags/example_task_group_decorator.py
[2024-06-17T18:00:45.015+0000] {logging_mixin.py:151} INFO - [2024-06-17T18:00:45.015+0000] {dag.py:2907} INFO - Sync 1 DAGs
[2024-06-17T18:00:45.027+0000] {logging_mixin.py:151} INFO - [2024-06-17T18:00:45.027+0000] {dag.py:3677} INFO - Setting next_dagrun for example_task_group_decorator to 2024-06-16T18:00:45.026975+00:00, run_after=2024-06-17T18:00:45.026975+00:00
[2024-06-17T18:00:45.035+0000] {processor.py:179} INFO - Processing /home/airflow/.local/lib/python3.8/site-packages/airflow/example_dags/example_task_group_decorator.py took 0.050 seconds
[2024-06-17T18:01:15.563+0000] {processor.py:157} INFO - Started process (PID=539) to work on /home/airflow/.local/lib/python3.8/site-packages/airflow/example_dags/example_task_group_decorator.py
[2024-06-17T18:01:15.564+0000] {processor.py:829} INFO - Processing file /home/airflow/.local/lib/python3.8/site-packages/airflow/example_dags/example_task_group_decorator.py for tasks to queue
[2024-06-17T18:01:15.566+0000] {logging_mixin.py:151} INFO - [2024-06-17T18:01:15.566+0000] {dagbag.py:539} INFO - Filling up the DagBag from /home/airflow/.local/lib/python3.8/site-packages/airflow/example_dags/example_task_group_decorator.py
[2024-06-17T18:01:15.577+0000] {processor.py:839} INFO - DAG(s) dict_keys(['example_task_group_decorator']) retrieved from /home/airflow/.local/lib/python3.8/site-packages/airflow/example_dags/example_task_group_decorator.py
[2024-06-17T18:01:15.591+0000] {logging_mixin.py:151} INFO - [2024-06-17T18:01:15.591+0000] {dag.py:2907} INFO - Sync 1 DAGs
[2024-06-17T18:01:15.602+0000] {logging_mixin.py:151} INFO - [2024-06-17T18:01:15.602+0000] {dag.py:3677} INFO - Setting next_dagrun for example_task_group_decorator to 2024-06-16T18:01:15.601983+00:00, run_after=2024-06-17T18:01:15.601983+00:00
[2024-06-17T18:01:15.609+0000] {processor.py:179} INFO - Processing /home/airflow/.local/lib/python3.8/site-packages/airflow/example_dags/example_task_group_decorator.py took 0.049 seconds
[2024-06-17T18:01:46.110+0000] {processor.py:157} INFO - Started process (PID=594) to work on /home/airflow/.local/lib/python3.8/site-packages/airflow/example_dags/example_task_group_decorator.py
[2024-06-17T18:01:46.112+0000] {processor.py:829} INFO - Processing file /home/airflow/.local/lib/python3.8/site-packages/airflow/example_dags/example_task_group_decorator.py for tasks to queue
[2024-06-17T18:01:46.115+0000] {logging_mixin.py:151} INFO - [2024-06-17T18:01:46.114+0000] {dagbag.py:539} INFO - Filling up the DagBag from /home/airflow/.local/lib/python3.8/site-packages/airflow/example_dags/example_task_group_decorator.py
[2024-06-17T18:01:46.127+0000] {processor.py:839} INFO - DAG(s) dict_keys(['example_task_group_decorator']) retrieved from /home/airflow/.local/lib/python3.8/site-packages/airflow/example_dags/example_task_group_decorator.py
[2024-06-17T18:01:46.145+0000] {logging_mixin.py:151} INFO - [2024-06-17T18:01:46.145+0000] {dag.py:2907} INFO - Sync 1 DAGs
[2024-06-17T18:01:46.159+0000] {logging_mixin.py:151} INFO - [2024-06-17T18:01:46.158+0000] {dag.py:3677} INFO - Setting next_dagrun for example_task_group_decorator to 2024-06-16T18:01:46.158765+00:00, run_after=2024-06-17T18:01:46.158765+00:00
[2024-06-17T18:01:46.167+0000] {processor.py:179} INFO - Processing /home/airflow/.local/lib/python3.8/site-packages/airflow/example_dags/example_task_group_decorator.py took 0.062 seconds
[2024-06-17T18:02:16.700+0000] {processor.py:157} INFO - Started process (PID=649) to work on /home/airflow/.local/lib/python3.8/site-packages/airflow/example_dags/example_task_group_decorator.py
[2024-06-17T18:02:16.702+0000] {processor.py:829} INFO - Processing file /home/airflow/.local/lib/python3.8/site-packages/airflow/example_dags/example_task_group_decorator.py for tasks to queue
[2024-06-17T18:02:16.704+0000] {logging_mixin.py:151} INFO - [2024-06-17T18:02:16.704+0000] {dagbag.py:539} INFO - Filling up the DagBag from /home/airflow/.local/lib/python3.8/site-packages/airflow/example_dags/example_task_group_decorator.py
[2024-06-17T18:02:16.716+0000] {processor.py:839} INFO - DAG(s) dict_keys(['example_task_group_decorator']) retrieved from /home/airflow/.local/lib/python3.8/site-packages/airflow/example_dags/example_task_group_decorator.py
[2024-06-17T18:02:16.730+0000] {logging_mixin.py:151} INFO - [2024-06-17T18:02:16.730+0000] {dag.py:2907} INFO - Sync 1 DAGs
[2024-06-17T18:02:16.745+0000] {logging_mixin.py:151} INFO - [2024-06-17T18:02:16.745+0000] {dag.py:3677} INFO - Setting next_dagrun for example_task_group_decorator to 2024-06-16T18:02:16.745331+00:00, run_after=2024-06-17T18:02:16.745331+00:00
[2024-06-17T18:02:16.753+0000] {processor.py:179} INFO - Processing /home/airflow/.local/lib/python3.8/site-packages/airflow/example_dags/example_task_group_decorator.py took 0.058 seconds
[2024-06-17T18:02:47.263+0000] {processor.py:157} INFO - Started process (PID=704) to work on /home/airflow/.local/lib/python3.8/site-packages/airflow/example_dags/example_task_group_decorator.py
[2024-06-17T18:02:47.264+0000] {processor.py:829} INFO - Processing file /home/airflow/.local/lib/python3.8/site-packages/airflow/example_dags/example_task_group_decorator.py for tasks to queue
[2024-06-17T18:02:47.266+0000] {logging_mixin.py:151} INFO - [2024-06-17T18:02:47.266+0000] {dagbag.py:539} INFO - Filling up the DagBag from /home/airflow/.local/lib/python3.8/site-packages/airflow/example_dags/example_task_group_decorator.py
[2024-06-17T18:02:47.278+0000] {processor.py:839} INFO - DAG(s) dict_keys(['example_task_group_decorator']) retrieved from /home/airflow/.local/lib/python3.8/site-packages/airflow/example_dags/example_task_group_decorator.py
[2024-06-17T18:02:47.292+0000] {logging_mixin.py:151} INFO - [2024-06-17T18:02:47.292+0000] {dag.py:2907} INFO - Sync 1 DAGs
[2024-06-17T18:02:47.303+0000] {logging_mixin.py:151} INFO - [2024-06-17T18:02:47.303+0000] {dag.py:3677} INFO - Setting next_dagrun for example_task_group_decorator to 2024-06-16T18:02:47.303648+00:00, run_after=2024-06-17T18:02:47.303648+00:00
[2024-06-17T18:02:47.311+0000] {processor.py:179} INFO - Processing /home/airflow/.local/lib/python3.8/site-packages/airflow/example_dags/example_task_group_decorator.py took 0.053 seconds
[2024-06-17T18:03:17.760+0000] {processor.py:157} INFO - Started process (PID=759) to work on /home/airflow/.local/lib/python3.8/site-packages/airflow/example_dags/example_task_group_decorator.py
[2024-06-17T18:03:17.761+0000] {processor.py:829} INFO - Processing file /home/airflow/.local/lib/python3.8/site-packages/airflow/example_dags/example_task_group_decorator.py for tasks to queue
[2024-06-17T18:03:17.763+0000] {logging_mixin.py:151} INFO - [2024-06-17T18:03:17.762+0000] {dagbag.py:539} INFO - Filling up the DagBag from /home/airflow/.local/lib/python3.8/site-packages/airflow/example_dags/example_task_group_decorator.py
[2024-06-17T18:03:17.772+0000] {processor.py:839} INFO - DAG(s) dict_keys(['example_task_group_decorator']) retrieved from /home/airflow/.local/lib/python3.8/site-packages/airflow/example_dags/example_task_group_decorator.py
[2024-06-17T18:03:17.786+0000] {logging_mixin.py:151} INFO - [2024-06-17T18:03:17.786+0000] {dag.py:2907} INFO - Sync 1 DAGs
[2024-06-17T18:03:17.797+0000] {logging_mixin.py:151} INFO - [2024-06-17T18:03:17.796+0000] {dag.py:3677} INFO - Setting next_dagrun for example_task_group_decorator to 2024-06-16T18:03:17.796800+00:00, run_after=2024-06-17T18:03:17.796800+00:00
[2024-06-17T18:03:17.804+0000] {processor.py:179} INFO - Processing /home/airflow/.local/lib/python3.8/site-packages/airflow/example_dags/example_task_group_decorator.py took 0.046 seconds
[2024-06-17T18:03:48.232+0000] {processor.py:157} INFO - Started process (PID=814) to work on /home/airflow/.local/lib/python3.8/site-packages/airflow/example_dags/example_task_group_decorator.py
[2024-06-17T18:03:48.233+0000] {processor.py:829} INFO - Processing file /home/airflow/.local/lib/python3.8/site-packages/airflow/example_dags/example_task_group_decorator.py for tasks to queue
[2024-06-17T18:03:48.235+0000] {logging_mixin.py:151} INFO - [2024-06-17T18:03:48.235+0000] {dagbag.py:539} INFO - Filling up the DagBag from /home/airflow/.local/lib/python3.8/site-packages/airflow/example_dags/example_task_group_decorator.py
[2024-06-17T18:03:48.249+0000] {processor.py:839} INFO - DAG(s) dict_keys(['example_task_group_decorator']) retrieved from /home/airflow/.local/lib/python3.8/site-packages/airflow/example_dags/example_task_group_decorator.py
[2024-06-17T18:03:48.264+0000] {logging_mixin.py:151} INFO - [2024-06-17T18:03:48.264+0000] {dag.py:2907} INFO - Sync 1 DAGs
[2024-06-17T18:03:48.276+0000] {logging_mixin.py:151} INFO - [2024-06-17T18:03:48.276+0000] {dag.py:3677} INFO - Setting next_dagrun for example_task_group_decorator to 2024-06-16T18:03:48.275953+00:00, run_after=2024-06-17T18:03:48.275953+00:00
[2024-06-17T18:03:48.283+0000] {processor.py:179} INFO - Processing /home/airflow/.local/lib/python3.8/site-packages/airflow/example_dags/example_task_group_decorator.py took 0.055 seconds
[2024-06-17T18:04:18.731+0000] {processor.py:157} INFO - Started process (PID=869) to work on /home/airflow/.local/lib/python3.8/site-packages/airflow/example_dags/example_task_group_decorator.py
[2024-06-17T18:04:18.732+0000] {processor.py:829} INFO - Processing file /home/airflow/.local/lib/python3.8/site-packages/airflow/example_dags/example_task_group_decorator.py for tasks to queue
[2024-06-17T18:04:18.734+0000] {logging_mixin.py:151} INFO - [2024-06-17T18:04:18.734+0000] {dagbag.py:539} INFO - Filling up the DagBag from /home/airflow/.local/lib/python3.8/site-packages/airflow/example_dags/example_task_group_decorator.py
[2024-06-17T18:04:18.746+0000] {processor.py:839} INFO - DAG(s) dict_keys(['example_task_group_decorator']) retrieved from /home/airflow/.local/lib/python3.8/site-packages/airflow/example_dags/example_task_group_decorator.py
[2024-06-17T18:04:18.760+0000] {logging_mixin.py:151} INFO - [2024-06-17T18:04:18.760+0000] {dag.py:2907} INFO - Sync 1 DAGs
[2024-06-17T18:04:18.771+0000] {logging_mixin.py:151} INFO - [2024-06-17T18:04:18.771+0000] {dag.py:3677} INFO - Setting next_dagrun for example_task_group_decorator to 2024-06-16T18:04:18.771457+00:00, run_after=2024-06-17T18:04:18.771457+00:00
[2024-06-17T18:04:18.779+0000] {processor.py:179} INFO - Processing /home/airflow/.local/lib/python3.8/site-packages/airflow/example_dags/example_task_group_decorator.py took 0.052 seconds
[2024-06-17T18:04:43.318+0000] {processor.py:157} INFO - Started process (PID=43) to work on /home/airflow/.local/lib/python3.8/site-packages/airflow/example_dags/example_task_group_decorator.py
[2024-06-17T18:04:43.318+0000] {processor.py:829} INFO - Processing file /home/airflow/.local/lib/python3.8/site-packages/airflow/example_dags/example_task_group_decorator.py for tasks to queue
[2024-06-17T18:04:43.319+0000] {logging_mixin.py:151} INFO - [2024-06-17T18:04:43.319+0000] {dagbag.py:539} INFO - Filling up the DagBag from /home/airflow/.local/lib/python3.8/site-packages/airflow/example_dags/example_task_group_decorator.py
[2024-06-17T18:04:43.327+0000] {processor.py:839} INFO - DAG(s) dict_keys(['example_task_group_decorator']) retrieved from /home/airflow/.local/lib/python3.8/site-packages/airflow/example_dags/example_task_group_decorator.py
[2024-06-17T18:04:43.333+0000] {logging_mixin.py:151} INFO - [2024-06-17T18:04:43.333+0000] {dag.py:2907} INFO - Sync 1 DAGs
[2024-06-17T18:04:43.344+0000] {logging_mixin.py:151} INFO - [2024-06-17T18:04:43.344+0000] {dag.py:3677} INFO - Setting next_dagrun for example_task_group_decorator to 2024-06-16T18:04:43.344461+00:00, run_after=2024-06-17T18:04:43.344461+00:00
[2024-06-17T18:04:43.352+0000] {processor.py:179} INFO - Processing /home/airflow/.local/lib/python3.8/site-packages/airflow/example_dags/example_task_group_decorator.py took 0.036 seconds
[2024-06-17T18:05:14.300+0000] {processor.py:157} INFO - Started process (PID=98) to work on /home/airflow/.local/lib/python3.8/site-packages/airflow/example_dags/example_task_group_decorator.py
[2024-06-17T18:05:14.301+0000] {processor.py:829} INFO - Processing file /home/airflow/.local/lib/python3.8/site-packages/airflow/example_dags/example_task_group_decorator.py for tasks to queue
[2024-06-17T18:05:14.302+0000] {logging_mixin.py:151} INFO - [2024-06-17T18:05:14.302+0000] {dagbag.py:539} INFO - Filling up the DagBag from /home/airflow/.local/lib/python3.8/site-packages/airflow/example_dags/example_task_group_decorator.py
[2024-06-17T18:05:14.368+0000] {processor.py:839} INFO - DAG(s) dict_keys(['example_task_group_decorator']) retrieved from /home/airflow/.local/lib/python3.8/site-packages/airflow/example_dags/example_task_group_decorator.py
[2024-06-17T18:05:14.378+0000] {logging_mixin.py:151} INFO - [2024-06-17T18:05:14.377+0000] {dag.py:2907} INFO - Sync 1 DAGs
[2024-06-17T18:05:14.385+0000] {logging_mixin.py:151} INFO - [2024-06-17T18:05:14.385+0000] {dag.py:3677} INFO - Setting next_dagrun for example_task_group_decorator to 2024-06-16T18:05:14.385252+00:00, run_after=2024-06-17T18:05:14.385252+00:00
[2024-06-17T18:05:14.391+0000] {processor.py:179} INFO - Processing /home/airflow/.local/lib/python3.8/site-packages/airflow/example_dags/example_task_group_decorator.py took 0.092 seconds
[2024-06-17T18:05:44.662+0000] {processor.py:157} INFO - Started process (PID=153) to work on /home/airflow/.local/lib/python3.8/site-packages/airflow/example_dags/example_task_group_decorator.py
[2024-06-17T18:05:44.662+0000] {processor.py:829} INFO - Processing file /home/airflow/.local/lib/python3.8/site-packages/airflow/example_dags/example_task_group_decorator.py for tasks to queue
[2024-06-17T18:05:44.664+0000] {logging_mixin.py:151} INFO - [2024-06-17T18:05:44.663+0000] {dagbag.py:539} INFO - Filling up the DagBag from /home/airflow/.local/lib/python3.8/site-packages/airflow/example_dags/example_task_group_decorator.py
[2024-06-17T18:05:44.670+0000] {processor.py:839} INFO - DAG(s) dict_keys(['example_task_group_decorator']) retrieved from /home/airflow/.local/lib/python3.8/site-packages/airflow/example_dags/example_task_group_decorator.py
[2024-06-17T18:05:44.680+0000] {logging_mixin.py:151} INFO - [2024-06-17T18:05:44.680+0000] {dag.py:2907} INFO - Sync 1 DAGs
[2024-06-17T18:05:44.689+0000] {logging_mixin.py:151} INFO - [2024-06-17T18:05:44.689+0000] {dag.py:3677} INFO - Setting next_dagrun for example_task_group_decorator to 2024-06-16T18:05:44.689458+00:00, run_after=2024-06-17T18:05:44.689458+00:00
[2024-06-17T18:05:44.696+0000] {processor.py:179} INFO - Processing /home/airflow/.local/lib/python3.8/site-packages/airflow/example_dags/example_task_group_decorator.py took 0.036 seconds
[2024-06-17T18:06:15.331+0000] {processor.py:157} INFO - Started process (PID=208) to work on /home/airflow/.local/lib/python3.8/site-packages/airflow/example_dags/example_task_group_decorator.py
[2024-06-17T18:06:15.331+0000] {processor.py:829} INFO - Processing file /home/airflow/.local/lib/python3.8/site-packages/airflow/example_dags/example_task_group_decorator.py for tasks to queue
[2024-06-17T18:06:15.332+0000] {logging_mixin.py:151} INFO - [2024-06-17T18:06:15.332+0000] {dagbag.py:539} INFO - Filling up the DagBag from /home/airflow/.local/lib/python3.8/site-packages/airflow/example_dags/example_task_group_decorator.py
[2024-06-17T18:06:15.338+0000] {processor.py:839} INFO - DAG(s) dict_keys(['example_task_group_decorator']) retrieved from /home/airflow/.local/lib/python3.8/site-packages/airflow/example_dags/example_task_group_decorator.py
[2024-06-17T18:06:15.348+0000] {logging_mixin.py:151} INFO - [2024-06-17T18:06:15.348+0000] {dag.py:2907} INFO - Sync 1 DAGs
[2024-06-17T18:06:15.356+0000] {logging_mixin.py:151} INFO - [2024-06-17T18:06:15.356+0000] {dag.py:3677} INFO - Setting next_dagrun for example_task_group_decorator to 2024-06-16T18:06:15.356646+00:00, run_after=2024-06-17T18:06:15.356646+00:00
[2024-06-17T18:06:15.363+0000] {processor.py:179} INFO - Processing /home/airflow/.local/lib/python3.8/site-packages/airflow/example_dags/example_task_group_decorator.py took 0.034 seconds
[2024-06-17T18:06:45.967+0000] {processor.py:157} INFO - Started process (PID=263) to work on /home/airflow/.local/lib/python3.8/site-packages/airflow/example_dags/example_task_group_decorator.py
[2024-06-17T18:06:45.967+0000] {processor.py:829} INFO - Processing file /home/airflow/.local/lib/python3.8/site-packages/airflow/example_dags/example_task_group_decorator.py for tasks to queue
[2024-06-17T18:06:45.968+0000] {logging_mixin.py:151} INFO - [2024-06-17T18:06:45.968+0000] {dagbag.py:539} INFO - Filling up the DagBag from /home/airflow/.local/lib/python3.8/site-packages/airflow/example_dags/example_task_group_decorator.py
[2024-06-17T18:06:45.974+0000] {processor.py:839} INFO - DAG(s) dict_keys(['example_task_group_decorator']) retrieved from /home/airflow/.local/lib/python3.8/site-packages/airflow/example_dags/example_task_group_decorator.py
[2024-06-17T18:06:45.984+0000] {logging_mixin.py:151} INFO - [2024-06-17T18:06:45.984+0000] {dag.py:2907} INFO - Sync 1 DAGs
[2024-06-17T18:06:45.992+0000] {logging_mixin.py:151} INFO - [2024-06-17T18:06:45.992+0000] {dag.py:3677} INFO - Setting next_dagrun for example_task_group_decorator to 2024-06-16T18:06:45.992300+00:00, run_after=2024-06-17T18:06:45.992300+00:00
[2024-06-17T18:06:45.999+0000] {processor.py:179} INFO - Processing /home/airflow/.local/lib/python3.8/site-packages/airflow/example_dags/example_task_group_decorator.py took 0.034 seconds
[2024-06-17T18:07:16.372+0000] {processor.py:157} INFO - Started process (PID=318) to work on /home/airflow/.local/lib/python3.8/site-packages/airflow/example_dags/example_task_group_decorator.py
[2024-06-17T18:07:16.373+0000] {processor.py:829} INFO - Processing file /home/airflow/.local/lib/python3.8/site-packages/airflow/example_dags/example_task_group_decorator.py for tasks to queue
[2024-06-17T18:07:16.373+0000] {logging_mixin.py:151} INFO - [2024-06-17T18:07:16.373+0000] {dagbag.py:539} INFO - Filling up the DagBag from /home/airflow/.local/lib/python3.8/site-packages/airflow/example_dags/example_task_group_decorator.py
[2024-06-17T18:07:16.379+0000] {processor.py:839} INFO - DAG(s) dict_keys(['example_task_group_decorator']) retrieved from /home/airflow/.local/lib/python3.8/site-packages/airflow/example_dags/example_task_group_decorator.py
[2024-06-17T18:07:16.388+0000] {logging_mixin.py:151} INFO - [2024-06-17T18:07:16.388+0000] {dag.py:2907} INFO - Sync 1 DAGs
[2024-06-17T18:07:16.397+0000] {logging_mixin.py:151} INFO - [2024-06-17T18:07:16.397+0000] {dag.py:3677} INFO - Setting next_dagrun for example_task_group_decorator to 2024-06-16T18:07:16.397779+00:00, run_after=2024-06-17T18:07:16.397779+00:00
[2024-06-17T18:07:16.404+0000] {processor.py:179} INFO - Processing /home/airflow/.local/lib/python3.8/site-packages/airflow/example_dags/example_task_group_decorator.py took 0.033 seconds
