[2024-06-17T17:56:41.515+0000] {processor.py:157} INFO - Started process (PID=56) to work on /home/airflow/.local/lib/python3.8/site-packages/airflow/example_dags/example_sensors.py
[2024-06-17T17:56:41.515+0000] {processor.py:829} INFO - Processing file /home/airflow/.local/lib/python3.8/site-packages/airflow/example_dags/example_sensors.py for tasks to queue
[2024-06-17T17:56:41.517+0000] {logging_mixin.py:151} INFO - [2024-06-17T17:56:41.516+0000] {dagbag.py:539} INFO - Filling up the DagBag from /home/airflow/.local/lib/python3.8/site-packages/airflow/example_dags/example_sensors.py
[2024-06-17T17:56:41.624+0000] {processor.py:839} INFO - DAG(s) dict_keys(['example_sensors']) retrieved from /home/airflow/.local/lib/python3.8/site-packages/airflow/example_dags/example_sensors.py
[2024-06-17T17:56:41.677+0000] {logging_mixin.py:151} INFO - [2024-06-17T17:56:41.677+0000] {manager.py:501} INFO - Created Permission View: can delete on DAG:example_sensors
[2024-06-17T17:56:41.682+0000] {logging_mixin.py:151} INFO - [2024-06-17T17:56:41.682+0000] {manager.py:501} INFO - Created Permission View: can read on DAG:example_sensors
[2024-06-17T17:56:41.686+0000] {logging_mixin.py:151} INFO - [2024-06-17T17:56:41.686+0000] {manager.py:501} INFO - Created Permission View: can edit on DAG:example_sensors
[2024-06-17T17:56:41.695+0000] {logging_mixin.py:151} INFO - [2024-06-17T17:56:41.695+0000] {dag.py:2907} INFO - Sync 1 DAGs
[2024-06-17T17:56:41.701+0000] {logging_mixin.py:151} INFO - [2024-06-17T17:56:41.701+0000] {dag.py:2929} INFO - Creating ORM DAG for example_sensors
[2024-06-17T17:56:41.701+0000] {logging_mixin.py:151} INFO - [2024-06-17T17:56:41.701+0000] {dag.py:3677} INFO - Setting next_dagrun for example_sensors to None, run_after=None
[2024-06-17T17:56:41.709+0000] {processor.py:179} INFO - Processing /home/airflow/.local/lib/python3.8/site-packages/airflow/example_dags/example_sensors.py took 0.197 seconds
[2024-06-17T17:57:12.587+0000] {processor.py:157} INFO - Started process (PID=111) to work on /home/airflow/.local/lib/python3.8/site-packages/airflow/example_dags/example_sensors.py
[2024-06-17T17:57:12.588+0000] {processor.py:829} INFO - Processing file /home/airflow/.local/lib/python3.8/site-packages/airflow/example_dags/example_sensors.py for tasks to queue
[2024-06-17T17:57:12.590+0000] {logging_mixin.py:151} INFO - [2024-06-17T17:57:12.590+0000] {dagbag.py:539} INFO - Filling up the DagBag from /home/airflow/.local/lib/python3.8/site-packages/airflow/example_dags/example_sensors.py
[2024-06-17T17:57:12.598+0000] {processor.py:839} INFO - DAG(s) dict_keys(['example_sensors']) retrieved from /home/airflow/.local/lib/python3.8/site-packages/airflow/example_dags/example_sensors.py
[2024-06-17T17:57:12.615+0000] {logging_mixin.py:151} INFO - [2024-06-17T17:57:12.615+0000] {dag.py:2907} INFO - Sync 1 DAGs
[2024-06-17T17:57:12.622+0000] {logging_mixin.py:151} INFO - [2024-06-17T17:57:12.621+0000] {dag.py:3677} INFO - Setting next_dagrun for example_sensors to None, run_after=None
[2024-06-17T17:57:12.630+0000] {processor.py:179} INFO - Processing /home/airflow/.local/lib/python3.8/site-packages/airflow/example_dags/example_sensors.py took 0.048 seconds
[2024-06-17T17:57:43.166+0000] {processor.py:157} INFO - Started process (PID=166) to work on /home/airflow/.local/lib/python3.8/site-packages/airflow/example_dags/example_sensors.py
[2024-06-17T17:57:43.167+0000] {processor.py:829} INFO - Processing file /home/airflow/.local/lib/python3.8/site-packages/airflow/example_dags/example_sensors.py for tasks to queue
[2024-06-17T17:57:43.169+0000] {logging_mixin.py:151} INFO - [2024-06-17T17:57:43.169+0000] {dagbag.py:539} INFO - Filling up the DagBag from /home/airflow/.local/lib/python3.8/site-packages/airflow/example_dags/example_sensors.py
[2024-06-17T17:57:43.177+0000] {processor.py:839} INFO - DAG(s) dict_keys(['example_sensors']) retrieved from /home/airflow/.local/lib/python3.8/site-packages/airflow/example_dags/example_sensors.py
[2024-06-17T17:57:43.192+0000] {logging_mixin.py:151} INFO - [2024-06-17T17:57:43.192+0000] {dag.py:2907} INFO - Sync 1 DAGs
[2024-06-17T17:57:43.199+0000] {logging_mixin.py:151} INFO - [2024-06-17T17:57:43.199+0000] {dag.py:3677} INFO - Setting next_dagrun for example_sensors to None, run_after=None
[2024-06-17T17:57:43.208+0000] {processor.py:179} INFO - Processing /home/airflow/.local/lib/python3.8/site-packages/airflow/example_dags/example_sensors.py took 0.044 seconds
[2024-06-17T17:58:13.731+0000] {processor.py:157} INFO - Started process (PID=221) to work on /home/airflow/.local/lib/python3.8/site-packages/airflow/example_dags/example_sensors.py
[2024-06-17T17:58:13.732+0000] {processor.py:829} INFO - Processing file /home/airflow/.local/lib/python3.8/site-packages/airflow/example_dags/example_sensors.py for tasks to queue
[2024-06-17T17:58:13.734+0000] {logging_mixin.py:151} INFO - [2024-06-17T17:58:13.734+0000] {dagbag.py:539} INFO - Filling up the DagBag from /home/airflow/.local/lib/python3.8/site-packages/airflow/example_dags/example_sensors.py
[2024-06-17T17:58:13.742+0000] {processor.py:839} INFO - DAG(s) dict_keys(['example_sensors']) retrieved from /home/airflow/.local/lib/python3.8/site-packages/airflow/example_dags/example_sensors.py
[2024-06-17T17:58:13.758+0000] {logging_mixin.py:151} INFO - [2024-06-17T17:58:13.758+0000] {dag.py:2907} INFO - Sync 1 DAGs
[2024-06-17T17:58:13.764+0000] {logging_mixin.py:151} INFO - [2024-06-17T17:58:13.764+0000] {dag.py:3677} INFO - Setting next_dagrun for example_sensors to None, run_after=None
[2024-06-17T17:58:13.773+0000] {processor.py:179} INFO - Processing /home/airflow/.local/lib/python3.8/site-packages/airflow/example_dags/example_sensors.py took 0.045 seconds
[2024-06-17T17:58:44.246+0000] {processor.py:157} INFO - Started process (PID=276) to work on /home/airflow/.local/lib/python3.8/site-packages/airflow/example_dags/example_sensors.py
[2024-06-17T17:58:44.247+0000] {processor.py:829} INFO - Processing file /home/airflow/.local/lib/python3.8/site-packages/airflow/example_dags/example_sensors.py for tasks to queue
[2024-06-17T17:58:44.249+0000] {logging_mixin.py:151} INFO - [2024-06-17T17:58:44.249+0000] {dagbag.py:539} INFO - Filling up the DagBag from /home/airflow/.local/lib/python3.8/site-packages/airflow/example_dags/example_sensors.py
[2024-06-17T17:58:44.257+0000] {processor.py:839} INFO - DAG(s) dict_keys(['example_sensors']) retrieved from /home/airflow/.local/lib/python3.8/site-packages/airflow/example_dags/example_sensors.py
[2024-06-17T17:58:44.272+0000] {logging_mixin.py:151} INFO - [2024-06-17T17:58:44.272+0000] {dag.py:2907} INFO - Sync 1 DAGs
[2024-06-17T17:58:44.279+0000] {logging_mixin.py:151} INFO - [2024-06-17T17:58:44.279+0000] {dag.py:3677} INFO - Setting next_dagrun for example_sensors to None, run_after=None
[2024-06-17T17:58:44.288+0000] {processor.py:179} INFO - Processing /home/airflow/.local/lib/python3.8/site-packages/airflow/example_dags/example_sensors.py took 0.046 seconds
[2024-06-17T17:59:14.783+0000] {processor.py:157} INFO - Started process (PID=331) to work on /home/airflow/.local/lib/python3.8/site-packages/airflow/example_dags/example_sensors.py
[2024-06-17T17:59:14.784+0000] {processor.py:829} INFO - Processing file /home/airflow/.local/lib/python3.8/site-packages/airflow/example_dags/example_sensors.py for tasks to queue
[2024-06-17T17:59:14.786+0000] {logging_mixin.py:151} INFO - [2024-06-17T17:59:14.786+0000] {dagbag.py:539} INFO - Filling up the DagBag from /home/airflow/.local/lib/python3.8/site-packages/airflow/example_dags/example_sensors.py
[2024-06-17T17:59:14.793+0000] {processor.py:839} INFO - DAG(s) dict_keys(['example_sensors']) retrieved from /home/airflow/.local/lib/python3.8/site-packages/airflow/example_dags/example_sensors.py
[2024-06-17T17:59:14.809+0000] {logging_mixin.py:151} INFO - [2024-06-17T17:59:14.809+0000] {dag.py:2907} INFO - Sync 1 DAGs
[2024-06-17T17:59:14.816+0000] {logging_mixin.py:151} INFO - [2024-06-17T17:59:14.816+0000] {dag.py:3677} INFO - Setting next_dagrun for example_sensors to None, run_after=None
[2024-06-17T17:59:14.824+0000] {processor.py:179} INFO - Processing /home/airflow/.local/lib/python3.8/site-packages/airflow/example_dags/example_sensors.py took 0.045 seconds
[2024-06-17T17:59:45.257+0000] {processor.py:157} INFO - Started process (PID=386) to work on /home/airflow/.local/lib/python3.8/site-packages/airflow/example_dags/example_sensors.py
[2024-06-17T17:59:45.258+0000] {processor.py:829} INFO - Processing file /home/airflow/.local/lib/python3.8/site-packages/airflow/example_dags/example_sensors.py for tasks to queue
[2024-06-17T17:59:45.260+0000] {logging_mixin.py:151} INFO - [2024-06-17T17:59:45.260+0000] {dagbag.py:539} INFO - Filling up the DagBag from /home/airflow/.local/lib/python3.8/site-packages/airflow/example_dags/example_sensors.py
[2024-06-17T17:59:45.268+0000] {processor.py:839} INFO - DAG(s) dict_keys(['example_sensors']) retrieved from /home/airflow/.local/lib/python3.8/site-packages/airflow/example_dags/example_sensors.py
[2024-06-17T17:59:45.284+0000] {logging_mixin.py:151} INFO - [2024-06-17T17:59:45.284+0000] {dag.py:2907} INFO - Sync 1 DAGs
[2024-06-17T17:59:45.291+0000] {logging_mixin.py:151} INFO - [2024-06-17T17:59:45.291+0000] {dag.py:3677} INFO - Setting next_dagrun for example_sensors to None, run_after=None
[2024-06-17T17:59:45.300+0000] {processor.py:179} INFO - Processing /home/airflow/.local/lib/python3.8/site-packages/airflow/example_dags/example_sensors.py took 0.047 seconds
[2024-06-17T18:00:15.810+0000] {processor.py:157} INFO - Started process (PID=441) to work on /home/airflow/.local/lib/python3.8/site-packages/airflow/example_dags/example_sensors.py
[2024-06-17T18:00:15.811+0000] {processor.py:829} INFO - Processing file /home/airflow/.local/lib/python3.8/site-packages/airflow/example_dags/example_sensors.py for tasks to queue
[2024-06-17T18:00:15.813+0000] {logging_mixin.py:151} INFO - [2024-06-17T18:00:15.813+0000] {dagbag.py:539} INFO - Filling up the DagBag from /home/airflow/.local/lib/python3.8/site-packages/airflow/example_dags/example_sensors.py
[2024-06-17T18:00:15.822+0000] {processor.py:839} INFO - DAG(s) dict_keys(['example_sensors']) retrieved from /home/airflow/.local/lib/python3.8/site-packages/airflow/example_dags/example_sensors.py
[2024-06-17T18:00:15.839+0000] {logging_mixin.py:151} INFO - [2024-06-17T18:00:15.839+0000] {dag.py:2907} INFO - Sync 1 DAGs
[2024-06-17T18:00:15.846+0000] {logging_mixin.py:151} INFO - [2024-06-17T18:00:15.846+0000] {dag.py:3677} INFO - Setting next_dagrun for example_sensors to None, run_after=None
[2024-06-17T18:00:15.856+0000] {processor.py:179} INFO - Processing /home/airflow/.local/lib/python3.8/site-packages/airflow/example_dags/example_sensors.py took 0.049 seconds
[2024-06-17T18:00:46.290+0000] {processor.py:157} INFO - Started process (PID=496) to work on /home/airflow/.local/lib/python3.8/site-packages/airflow/example_dags/example_sensors.py
[2024-06-17T18:00:46.290+0000] {processor.py:829} INFO - Processing file /home/airflow/.local/lib/python3.8/site-packages/airflow/example_dags/example_sensors.py for tasks to queue
[2024-06-17T18:00:46.292+0000] {logging_mixin.py:151} INFO - [2024-06-17T18:00:46.292+0000] {dagbag.py:539} INFO - Filling up the DagBag from /home/airflow/.local/lib/python3.8/site-packages/airflow/example_dags/example_sensors.py
[2024-06-17T18:00:46.298+0000] {processor.py:839} INFO - DAG(s) dict_keys(['example_sensors']) retrieved from /home/airflow/.local/lib/python3.8/site-packages/airflow/example_dags/example_sensors.py
[2024-06-17T18:00:46.313+0000] {logging_mixin.py:151} INFO - [2024-06-17T18:00:46.313+0000] {dag.py:2907} INFO - Sync 1 DAGs
[2024-06-17T18:00:46.320+0000] {logging_mixin.py:151} INFO - [2024-06-17T18:00:46.320+0000] {dag.py:3677} INFO - Setting next_dagrun for example_sensors to None, run_after=None
[2024-06-17T18:00:46.330+0000] {processor.py:179} INFO - Processing /home/airflow/.local/lib/python3.8/site-packages/airflow/example_dags/example_sensors.py took 0.043 seconds
[2024-06-17T18:01:16.864+0000] {processor.py:157} INFO - Started process (PID=551) to work on /home/airflow/.local/lib/python3.8/site-packages/airflow/example_dags/example_sensors.py
[2024-06-17T18:01:16.865+0000] {processor.py:829} INFO - Processing file /home/airflow/.local/lib/python3.8/site-packages/airflow/example_dags/example_sensors.py for tasks to queue
[2024-06-17T18:01:16.866+0000] {logging_mixin.py:151} INFO - [2024-06-17T18:01:16.866+0000] {dagbag.py:539} INFO - Filling up the DagBag from /home/airflow/.local/lib/python3.8/site-packages/airflow/example_dags/example_sensors.py
[2024-06-17T18:01:16.874+0000] {processor.py:839} INFO - DAG(s) dict_keys(['example_sensors']) retrieved from /home/airflow/.local/lib/python3.8/site-packages/airflow/example_dags/example_sensors.py
[2024-06-17T18:01:16.895+0000] {logging_mixin.py:151} INFO - [2024-06-17T18:01:16.895+0000] {dag.py:2907} INFO - Sync 1 DAGs
[2024-06-17T18:01:16.903+0000] {logging_mixin.py:151} INFO - [2024-06-17T18:01:16.903+0000] {dag.py:3677} INFO - Setting next_dagrun for example_sensors to None, run_after=None
[2024-06-17T18:01:16.914+0000] {processor.py:179} INFO - Processing /home/airflow/.local/lib/python3.8/site-packages/airflow/example_dags/example_sensors.py took 0.052 seconds
[2024-06-17T18:01:47.442+0000] {processor.py:157} INFO - Started process (PID=606) to work on /home/airflow/.local/lib/python3.8/site-packages/airflow/example_dags/example_sensors.py
[2024-06-17T18:01:47.443+0000] {processor.py:829} INFO - Processing file /home/airflow/.local/lib/python3.8/site-packages/airflow/example_dags/example_sensors.py for tasks to queue
[2024-06-17T18:01:47.444+0000] {logging_mixin.py:151} INFO - [2024-06-17T18:01:47.444+0000] {dagbag.py:539} INFO - Filling up the DagBag from /home/airflow/.local/lib/python3.8/site-packages/airflow/example_dags/example_sensors.py
[2024-06-17T18:01:47.453+0000] {processor.py:839} INFO - DAG(s) dict_keys(['example_sensors']) retrieved from /home/airflow/.local/lib/python3.8/site-packages/airflow/example_dags/example_sensors.py
[2024-06-17T18:01:47.470+0000] {logging_mixin.py:151} INFO - [2024-06-17T18:01:47.470+0000] {dag.py:2907} INFO - Sync 1 DAGs
[2024-06-17T18:01:47.478+0000] {logging_mixin.py:151} INFO - [2024-06-17T18:01:47.478+0000] {dag.py:3677} INFO - Setting next_dagrun for example_sensors to None, run_after=None
[2024-06-17T18:01:47.488+0000] {processor.py:179} INFO - Processing /home/airflow/.local/lib/python3.8/site-packages/airflow/example_dags/example_sensors.py took 0.048 seconds
[2024-06-17T18:02:18.010+0000] {processor.py:157} INFO - Started process (PID=661) to work on /home/airflow/.local/lib/python3.8/site-packages/airflow/example_dags/example_sensors.py
[2024-06-17T18:02:18.011+0000] {processor.py:829} INFO - Processing file /home/airflow/.local/lib/python3.8/site-packages/airflow/example_dags/example_sensors.py for tasks to queue
[2024-06-17T18:02:18.014+0000] {logging_mixin.py:151} INFO - [2024-06-17T18:02:18.013+0000] {dagbag.py:539} INFO - Filling up the DagBag from /home/airflow/.local/lib/python3.8/site-packages/airflow/example_dags/example_sensors.py
[2024-06-17T18:02:18.022+0000] {processor.py:839} INFO - DAG(s) dict_keys(['example_sensors']) retrieved from /home/airflow/.local/lib/python3.8/site-packages/airflow/example_dags/example_sensors.py
[2024-06-17T18:02:18.039+0000] {logging_mixin.py:151} INFO - [2024-06-17T18:02:18.039+0000] {dag.py:2907} INFO - Sync 1 DAGs
[2024-06-17T18:02:18.045+0000] {logging_mixin.py:151} INFO - [2024-06-17T18:02:18.045+0000] {dag.py:3677} INFO - Setting next_dagrun for example_sensors to None, run_after=None
[2024-06-17T18:02:18.053+0000] {processor.py:179} INFO - Processing /home/airflow/.local/lib/python3.8/site-packages/airflow/example_dags/example_sensors.py took 0.047 seconds
[2024-06-17T18:02:48.580+0000] {processor.py:157} INFO - Started process (PID=716) to work on /home/airflow/.local/lib/python3.8/site-packages/airflow/example_dags/example_sensors.py
[2024-06-17T18:02:48.581+0000] {processor.py:829} INFO - Processing file /home/airflow/.local/lib/python3.8/site-packages/airflow/example_dags/example_sensors.py for tasks to queue
[2024-06-17T18:02:48.583+0000] {logging_mixin.py:151} INFO - [2024-06-17T18:02:48.583+0000] {dagbag.py:539} INFO - Filling up the DagBag from /home/airflow/.local/lib/python3.8/site-packages/airflow/example_dags/example_sensors.py
[2024-06-17T18:02:48.591+0000] {processor.py:839} INFO - DAG(s) dict_keys(['example_sensors']) retrieved from /home/airflow/.local/lib/python3.8/site-packages/airflow/example_dags/example_sensors.py
[2024-06-17T18:02:48.608+0000] {logging_mixin.py:151} INFO - [2024-06-17T18:02:48.607+0000] {dag.py:2907} INFO - Sync 1 DAGs
[2024-06-17T18:02:48.615+0000] {logging_mixin.py:151} INFO - [2024-06-17T18:02:48.615+0000] {dag.py:3677} INFO - Setting next_dagrun for example_sensors to None, run_after=None
[2024-06-17T18:02:48.624+0000] {processor.py:179} INFO - Processing /home/airflow/.local/lib/python3.8/site-packages/airflow/example_dags/example_sensors.py took 0.048 seconds
[2024-06-17T18:03:19.060+0000] {processor.py:157} INFO - Started process (PID=771) to work on /home/airflow/.local/lib/python3.8/site-packages/airflow/example_dags/example_sensors.py
[2024-06-17T18:03:19.061+0000] {processor.py:829} INFO - Processing file /home/airflow/.local/lib/python3.8/site-packages/airflow/example_dags/example_sensors.py for tasks to queue
[2024-06-17T18:03:19.063+0000] {logging_mixin.py:151} INFO - [2024-06-17T18:03:19.063+0000] {dagbag.py:539} INFO - Filling up the DagBag from /home/airflow/.local/lib/python3.8/site-packages/airflow/example_dags/example_sensors.py
[2024-06-17T18:03:19.071+0000] {processor.py:839} INFO - DAG(s) dict_keys(['example_sensors']) retrieved from /home/airflow/.local/lib/python3.8/site-packages/airflow/example_dags/example_sensors.py
[2024-06-17T18:03:19.087+0000] {logging_mixin.py:151} INFO - [2024-06-17T18:03:19.086+0000] {dag.py:2907} INFO - Sync 1 DAGs
[2024-06-17T18:03:19.093+0000] {logging_mixin.py:151} INFO - [2024-06-17T18:03:19.093+0000] {dag.py:3677} INFO - Setting next_dagrun for example_sensors to None, run_after=None
[2024-06-17T18:03:19.101+0000] {processor.py:179} INFO - Processing /home/airflow/.local/lib/python3.8/site-packages/airflow/example_dags/example_sensors.py took 0.045 seconds
[2024-06-17T18:03:49.546+0000] {processor.py:157} INFO - Started process (PID=826) to work on /home/airflow/.local/lib/python3.8/site-packages/airflow/example_dags/example_sensors.py
[2024-06-17T18:03:49.547+0000] {processor.py:829} INFO - Processing file /home/airflow/.local/lib/python3.8/site-packages/airflow/example_dags/example_sensors.py for tasks to queue
[2024-06-17T18:03:49.549+0000] {logging_mixin.py:151} INFO - [2024-06-17T18:03:49.548+0000] {dagbag.py:539} INFO - Filling up the DagBag from /home/airflow/.local/lib/python3.8/site-packages/airflow/example_dags/example_sensors.py
[2024-06-17T18:03:49.557+0000] {processor.py:839} INFO - DAG(s) dict_keys(['example_sensors']) retrieved from /home/airflow/.local/lib/python3.8/site-packages/airflow/example_dags/example_sensors.py
[2024-06-17T18:03:49.573+0000] {logging_mixin.py:151} INFO - [2024-06-17T18:03:49.573+0000] {dag.py:2907} INFO - Sync 1 DAGs
[2024-06-17T18:03:49.580+0000] {logging_mixin.py:151} INFO - [2024-06-17T18:03:49.580+0000] {dag.py:3677} INFO - Setting next_dagrun for example_sensors to None, run_after=None
[2024-06-17T18:03:49.589+0000] {processor.py:179} INFO - Processing /home/airflow/.local/lib/python3.8/site-packages/airflow/example_dags/example_sensors.py took 0.047 seconds
[2024-06-17T18:04:20.029+0000] {processor.py:157} INFO - Started process (PID=881) to work on /home/airflow/.local/lib/python3.8/site-packages/airflow/example_dags/example_sensors.py
[2024-06-17T18:04:20.031+0000] {processor.py:829} INFO - Processing file /home/airflow/.local/lib/python3.8/site-packages/airflow/example_dags/example_sensors.py for tasks to queue
[2024-06-17T18:04:20.033+0000] {logging_mixin.py:151} INFO - [2024-06-17T18:04:20.033+0000] {dagbag.py:539} INFO - Filling up the DagBag from /home/airflow/.local/lib/python3.8/site-packages/airflow/example_dags/example_sensors.py
[2024-06-17T18:04:20.042+0000] {processor.py:839} INFO - DAG(s) dict_keys(['example_sensors']) retrieved from /home/airflow/.local/lib/python3.8/site-packages/airflow/example_dags/example_sensors.py
[2024-06-17T18:04:20.063+0000] {logging_mixin.py:151} INFO - [2024-06-17T18:04:20.063+0000] {dag.py:2907} INFO - Sync 1 DAGs
[2024-06-17T18:04:20.071+0000] {logging_mixin.py:151} INFO - [2024-06-17T18:04:20.071+0000] {dag.py:3677} INFO - Setting next_dagrun for example_sensors to None, run_after=None
[2024-06-17T18:04:20.082+0000] {processor.py:179} INFO - Processing /home/airflow/.local/lib/python3.8/site-packages/airflow/example_dags/example_sensors.py took 0.057 seconds
[2024-06-17T18:04:43.742+0000] {processor.py:157} INFO - Started process (PID=55) to work on /home/airflow/.local/lib/python3.8/site-packages/airflow/example_dags/example_sensors.py
[2024-06-17T18:04:43.744+0000] {processor.py:829} INFO - Processing file /home/airflow/.local/lib/python3.8/site-packages/airflow/example_dags/example_sensors.py for tasks to queue
[2024-06-17T18:04:43.747+0000] {logging_mixin.py:151} INFO - [2024-06-17T18:04:43.747+0000] {dagbag.py:539} INFO - Filling up the DagBag from /home/airflow/.local/lib/python3.8/site-packages/airflow/example_dags/example_sensors.py
[2024-06-17T18:04:43.759+0000] {processor.py:839} INFO - DAG(s) dict_keys(['example_sensors']) retrieved from /home/airflow/.local/lib/python3.8/site-packages/airflow/example_dags/example_sensors.py
[2024-06-17T18:04:43.779+0000] {logging_mixin.py:151} INFO - [2024-06-17T18:04:43.779+0000] {dag.py:2907} INFO - Sync 1 DAGs
[2024-06-17T18:04:43.789+0000] {logging_mixin.py:151} INFO - [2024-06-17T18:04:43.789+0000] {dag.py:3677} INFO - Setting next_dagrun for example_sensors to None, run_after=None
[2024-06-17T18:04:43.804+0000] {processor.py:179} INFO - Processing /home/airflow/.local/lib/python3.8/site-packages/airflow/example_dags/example_sensors.py took 0.070 seconds
[2024-06-17T18:05:15.161+0000] {processor.py:157} INFO - Started process (PID=110) to work on /home/airflow/.local/lib/python3.8/site-packages/airflow/example_dags/example_sensors.py
[2024-06-17T18:05:15.161+0000] {processor.py:829} INFO - Processing file /home/airflow/.local/lib/python3.8/site-packages/airflow/example_dags/example_sensors.py for tasks to queue
[2024-06-17T18:05:15.162+0000] {logging_mixin.py:151} INFO - [2024-06-17T18:05:15.162+0000] {dagbag.py:539} INFO - Filling up the DagBag from /home/airflow/.local/lib/python3.8/site-packages/airflow/example_dags/example_sensors.py
[2024-06-17T18:05:15.236+0000] {processor.py:839} INFO - DAG(s) dict_keys(['example_sensors']) retrieved from /home/airflow/.local/lib/python3.8/site-packages/airflow/example_dags/example_sensors.py
[2024-06-17T18:05:15.246+0000] {logging_mixin.py:151} INFO - [2024-06-17T18:05:15.246+0000] {dag.py:2907} INFO - Sync 1 DAGs
[2024-06-17T18:05:15.251+0000] {logging_mixin.py:151} INFO - [2024-06-17T18:05:15.250+0000] {dag.py:3677} INFO - Setting next_dagrun for example_sensors to None, run_after=None
[2024-06-17T18:05:15.258+0000] {processor.py:179} INFO - Processing /home/airflow/.local/lib/python3.8/site-packages/airflow/example_dags/example_sensors.py took 0.099 seconds
[2024-06-17T18:05:45.980+0000] {processor.py:157} INFO - Started process (PID=165) to work on /home/airflow/.local/lib/python3.8/site-packages/airflow/example_dags/example_sensors.py
[2024-06-17T18:05:45.980+0000] {processor.py:829} INFO - Processing file /home/airflow/.local/lib/python3.8/site-packages/airflow/example_dags/example_sensors.py for tasks to queue
[2024-06-17T18:05:45.981+0000] {logging_mixin.py:151} INFO - [2024-06-17T18:05:45.981+0000] {dagbag.py:539} INFO - Filling up the DagBag from /home/airflow/.local/lib/python3.8/site-packages/airflow/example_dags/example_sensors.py
[2024-06-17T18:05:45.985+0000] {processor.py:839} INFO - DAG(s) dict_keys(['example_sensors']) retrieved from /home/airflow/.local/lib/python3.8/site-packages/airflow/example_dags/example_sensors.py
[2024-06-17T18:05:45.999+0000] {logging_mixin.py:151} INFO - [2024-06-17T18:05:45.999+0000] {dag.py:2907} INFO - Sync 1 DAGs
[2024-06-17T18:05:46.004+0000] {logging_mixin.py:151} INFO - [2024-06-17T18:05:46.004+0000] {dag.py:3677} INFO - Setting next_dagrun for example_sensors to None, run_after=None
[2024-06-17T18:05:46.011+0000] {processor.py:179} INFO - Processing /home/airflow/.local/lib/python3.8/site-packages/airflow/example_dags/example_sensors.py took 0.033 seconds
[2024-06-17T18:06:16.648+0000] {processor.py:157} INFO - Started process (PID=220) to work on /home/airflow/.local/lib/python3.8/site-packages/airflow/example_dags/example_sensors.py
[2024-06-17T18:06:16.649+0000] {processor.py:829} INFO - Processing file /home/airflow/.local/lib/python3.8/site-packages/airflow/example_dags/example_sensors.py for tasks to queue
[2024-06-17T18:06:16.650+0000] {logging_mixin.py:151} INFO - [2024-06-17T18:06:16.650+0000] {dagbag.py:539} INFO - Filling up the DagBag from /home/airflow/.local/lib/python3.8/site-packages/airflow/example_dags/example_sensors.py
[2024-06-17T18:06:16.654+0000] {processor.py:839} INFO - DAG(s) dict_keys(['example_sensors']) retrieved from /home/airflow/.local/lib/python3.8/site-packages/airflow/example_dags/example_sensors.py
[2024-06-17T18:06:16.664+0000] {logging_mixin.py:151} INFO - [2024-06-17T18:06:16.664+0000] {dag.py:2907} INFO - Sync 1 DAGs
[2024-06-17T18:06:16.669+0000] {logging_mixin.py:151} INFO - [2024-06-17T18:06:16.669+0000] {dag.py:3677} INFO - Setting next_dagrun for example_sensors to None, run_after=None
[2024-06-17T18:06:16.675+0000] {processor.py:179} INFO - Processing /home/airflow/.local/lib/python3.8/site-packages/airflow/example_dags/example_sensors.py took 0.029 seconds
[2024-06-17T18:06:47.288+0000] {processor.py:157} INFO - Started process (PID=275) to work on /home/airflow/.local/lib/python3.8/site-packages/airflow/example_dags/example_sensors.py
[2024-06-17T18:06:47.288+0000] {processor.py:829} INFO - Processing file /home/airflow/.local/lib/python3.8/site-packages/airflow/example_dags/example_sensors.py for tasks to queue
[2024-06-17T18:06:47.289+0000] {logging_mixin.py:151} INFO - [2024-06-17T18:06:47.289+0000] {dagbag.py:539} INFO - Filling up the DagBag from /home/airflow/.local/lib/python3.8/site-packages/airflow/example_dags/example_sensors.py
[2024-06-17T18:06:47.293+0000] {processor.py:839} INFO - DAG(s) dict_keys(['example_sensors']) retrieved from /home/airflow/.local/lib/python3.8/site-packages/airflow/example_dags/example_sensors.py
[2024-06-17T18:06:47.304+0000] {logging_mixin.py:151} INFO - [2024-06-17T18:06:47.304+0000] {dag.py:2907} INFO - Sync 1 DAGs
[2024-06-17T18:06:47.309+0000] {logging_mixin.py:151} INFO - [2024-06-17T18:06:47.309+0000] {dag.py:3677} INFO - Setting next_dagrun for example_sensors to None, run_after=None
[2024-06-17T18:06:47.316+0000] {processor.py:179} INFO - Processing /home/airflow/.local/lib/python3.8/site-packages/airflow/example_dags/example_sensors.py took 0.030 seconds
[2024-06-17T18:07:17.689+0000] {processor.py:157} INFO - Started process (PID=330) to work on /home/airflow/.local/lib/python3.8/site-packages/airflow/example_dags/example_sensors.py
[2024-06-17T18:07:17.690+0000] {processor.py:829} INFO - Processing file /home/airflow/.local/lib/python3.8/site-packages/airflow/example_dags/example_sensors.py for tasks to queue
[2024-06-17T18:07:17.691+0000] {logging_mixin.py:151} INFO - [2024-06-17T18:07:17.691+0000] {dagbag.py:539} INFO - Filling up the DagBag from /home/airflow/.local/lib/python3.8/site-packages/airflow/example_dags/example_sensors.py
[2024-06-17T18:07:17.695+0000] {processor.py:839} INFO - DAG(s) dict_keys(['example_sensors']) retrieved from /home/airflow/.local/lib/python3.8/site-packages/airflow/example_dags/example_sensors.py
[2024-06-17T18:07:17.706+0000] {logging_mixin.py:151} INFO - [2024-06-17T18:07:17.706+0000] {dag.py:2907} INFO - Sync 1 DAGs
[2024-06-17T18:07:17.711+0000] {logging_mixin.py:151} INFO - [2024-06-17T18:07:17.711+0000] {dag.py:3677} INFO - Setting next_dagrun for example_sensors to None, run_after=None
[2024-06-17T18:07:17.718+0000] {processor.py:179} INFO - Processing /home/airflow/.local/lib/python3.8/site-packages/airflow/example_dags/example_sensors.py took 0.030 seconds
