[2024-06-17T17:56:43.189+0000] {processor.py:157} INFO - Started process (PID=79) to work on /home/airflow/.local/lib/python3.8/site-packages/airflow/example_dags/example_latest_only_with_trigger.py
[2024-06-17T17:56:43.190+0000] {processor.py:829} INFO - Processing file /home/airflow/.local/lib/python3.8/site-packages/airflow/example_dags/example_latest_only_with_trigger.py for tasks to queue
[2024-06-17T17:56:43.191+0000] {logging_mixin.py:151} INFO - [2024-06-17T17:56:43.191+0000] {dagbag.py:539} INFO - Filling up the DagBag from /home/airflow/.local/lib/python3.8/site-packages/airflow/example_dags/example_latest_only_with_trigger.py
[2024-06-17T17:56:43.194+0000] {processor.py:839} INFO - DAG(s) dict_keys(['latest_only_with_trigger']) retrieved from /home/airflow/.local/lib/python3.8/site-packages/airflow/example_dags/example_latest_only_with_trigger.py
[2024-06-17T17:56:43.236+0000] {logging_mixin.py:151} INFO - [2024-06-17T17:56:43.236+0000] {manager.py:501} INFO - Created Permission View: can delete on DAG:latest_only_with_trigger
[2024-06-17T17:56:43.239+0000] {logging_mixin.py:151} INFO - [2024-06-17T17:56:43.239+0000] {manager.py:501} INFO - Created Permission View: can read on DAG:latest_only_with_trigger
[2024-06-17T17:56:43.242+0000] {logging_mixin.py:151} INFO - [2024-06-17T17:56:43.242+0000] {manager.py:501} INFO - Created Permission View: can edit on DAG:latest_only_with_trigger
[2024-06-17T17:56:43.247+0000] {logging_mixin.py:151} INFO - [2024-06-17T17:56:43.247+0000] {dag.py:2907} INFO - Sync 1 DAGs
[2024-06-17T17:56:43.252+0000] {logging_mixin.py:151} INFO - [2024-06-17T17:56:43.251+0000] {dag.py:2929} INFO - Creating ORM DAG for latest_only_with_trigger
[2024-06-17T17:56:43.255+0000] {logging_mixin.py:151} INFO - [2024-06-17T17:56:43.255+0000] {dag.py:3677} INFO - Setting next_dagrun for latest_only_with_trigger to 2024-06-17T13:56:43.255676+00:00, run_after=2024-06-17T17:56:43.255676+00:00
[2024-06-17T17:56:43.262+0000] {processor.py:179} INFO - Processing /home/airflow/.local/lib/python3.8/site-packages/airflow/example_dags/example_latest_only_with_trigger.py took 0.074 seconds
[2024-06-17T17:57:14.242+0000] {processor.py:157} INFO - Started process (PID=134) to work on /home/airflow/.local/lib/python3.8/site-packages/airflow/example_dags/example_latest_only_with_trigger.py
[2024-06-17T17:57:14.242+0000] {processor.py:829} INFO - Processing file /home/airflow/.local/lib/python3.8/site-packages/airflow/example_dags/example_latest_only_with_trigger.py for tasks to queue
[2024-06-17T17:57:14.243+0000] {logging_mixin.py:151} INFO - [2024-06-17T17:57:14.243+0000] {dagbag.py:539} INFO - Filling up the DagBag from /home/airflow/.local/lib/python3.8/site-packages/airflow/example_dags/example_latest_only_with_trigger.py
[2024-06-17T17:57:14.246+0000] {processor.py:839} INFO - DAG(s) dict_keys(['latest_only_with_trigger']) retrieved from /home/airflow/.local/lib/python3.8/site-packages/airflow/example_dags/example_latest_only_with_trigger.py
[2024-06-17T17:57:14.255+0000] {logging_mixin.py:151} INFO - [2024-06-17T17:57:14.255+0000] {dag.py:2907} INFO - Sync 1 DAGs
[2024-06-17T17:57:14.264+0000] {logging_mixin.py:151} INFO - [2024-06-17T17:57:14.264+0000] {dag.py:3677} INFO - Setting next_dagrun for latest_only_with_trigger to 2024-06-17T13:57:14.264622+00:00, run_after=2024-06-17T17:57:14.264622+00:00
[2024-06-17T17:57:14.271+0000] {processor.py:179} INFO - Processing /home/airflow/.local/lib/python3.8/site-packages/airflow/example_dags/example_latest_only_with_trigger.py took 0.031 seconds
[2024-06-17T17:57:44.810+0000] {processor.py:157} INFO - Started process (PID=189) to work on /home/airflow/.local/lib/python3.8/site-packages/airflow/example_dags/example_latest_only_with_trigger.py
[2024-06-17T17:57:44.811+0000] {processor.py:829} INFO - Processing file /home/airflow/.local/lib/python3.8/site-packages/airflow/example_dags/example_latest_only_with_trigger.py for tasks to queue
[2024-06-17T17:57:44.812+0000] {logging_mixin.py:151} INFO - [2024-06-17T17:57:44.812+0000] {dagbag.py:539} INFO - Filling up the DagBag from /home/airflow/.local/lib/python3.8/site-packages/airflow/example_dags/example_latest_only_with_trigger.py
[2024-06-17T17:57:44.815+0000] {processor.py:839} INFO - DAG(s) dict_keys(['latest_only_with_trigger']) retrieved from /home/airflow/.local/lib/python3.8/site-packages/airflow/example_dags/example_latest_only_with_trigger.py
[2024-06-17T17:57:44.825+0000] {logging_mixin.py:151} INFO - [2024-06-17T17:57:44.825+0000] {dag.py:2907} INFO - Sync 1 DAGs
[2024-06-17T17:57:44.834+0000] {logging_mixin.py:151} INFO - [2024-06-17T17:57:44.833+0000] {dag.py:3677} INFO - Setting next_dagrun for latest_only_with_trigger to 2024-06-17T13:57:44.833871+00:00, run_after=2024-06-17T17:57:44.833871+00:00
[2024-06-17T17:57:44.841+0000] {processor.py:179} INFO - Processing /home/airflow/.local/lib/python3.8/site-packages/airflow/example_dags/example_latest_only_with_trigger.py took 0.032 seconds
[2024-06-17T17:58:15.378+0000] {processor.py:157} INFO - Started process (PID=244) to work on /home/airflow/.local/lib/python3.8/site-packages/airflow/example_dags/example_latest_only_with_trigger.py
[2024-06-17T17:58:15.378+0000] {processor.py:829} INFO - Processing file /home/airflow/.local/lib/python3.8/site-packages/airflow/example_dags/example_latest_only_with_trigger.py for tasks to queue
[2024-06-17T17:58:15.379+0000] {logging_mixin.py:151} INFO - [2024-06-17T17:58:15.379+0000] {dagbag.py:539} INFO - Filling up the DagBag from /home/airflow/.local/lib/python3.8/site-packages/airflow/example_dags/example_latest_only_with_trigger.py
[2024-06-17T17:58:15.382+0000] {processor.py:839} INFO - DAG(s) dict_keys(['latest_only_with_trigger']) retrieved from /home/airflow/.local/lib/python3.8/site-packages/airflow/example_dags/example_latest_only_with_trigger.py
[2024-06-17T17:58:15.391+0000] {logging_mixin.py:151} INFO - [2024-06-17T17:58:15.391+0000] {dag.py:2907} INFO - Sync 1 DAGs
[2024-06-17T17:58:15.401+0000] {logging_mixin.py:151} INFO - [2024-06-17T17:58:15.401+0000] {dag.py:3677} INFO - Setting next_dagrun for latest_only_with_trigger to 2024-06-17T13:58:15.400890+00:00, run_after=2024-06-17T17:58:15.400890+00:00
[2024-06-17T17:58:15.408+0000] {processor.py:179} INFO - Processing /home/airflow/.local/lib/python3.8/site-packages/airflow/example_dags/example_latest_only_with_trigger.py took 0.032 seconds
[2024-06-17T17:58:45.889+0000] {processor.py:157} INFO - Started process (PID=299) to work on /home/airflow/.local/lib/python3.8/site-packages/airflow/example_dags/example_latest_only_with_trigger.py
[2024-06-17T17:58:45.890+0000] {processor.py:829} INFO - Processing file /home/airflow/.local/lib/python3.8/site-packages/airflow/example_dags/example_latest_only_with_trigger.py for tasks to queue
[2024-06-17T17:58:45.891+0000] {logging_mixin.py:151} INFO - [2024-06-17T17:58:45.891+0000] {dagbag.py:539} INFO - Filling up the DagBag from /home/airflow/.local/lib/python3.8/site-packages/airflow/example_dags/example_latest_only_with_trigger.py
[2024-06-17T17:58:45.894+0000] {processor.py:839} INFO - DAG(s) dict_keys(['latest_only_with_trigger']) retrieved from /home/airflow/.local/lib/python3.8/site-packages/airflow/example_dags/example_latest_only_with_trigger.py
[2024-06-17T17:58:45.903+0000] {logging_mixin.py:151} INFO - [2024-06-17T17:58:45.903+0000] {dag.py:2907} INFO - Sync 1 DAGs
[2024-06-17T17:58:45.912+0000] {logging_mixin.py:151} INFO - [2024-06-17T17:58:45.912+0000] {dag.py:3677} INFO - Setting next_dagrun for latest_only_with_trigger to 2024-06-17T13:58:45.912369+00:00, run_after=2024-06-17T17:58:45.912369+00:00
[2024-06-17T17:58:45.919+0000] {processor.py:179} INFO - Processing /home/airflow/.local/lib/python3.8/site-packages/airflow/example_dags/example_latest_only_with_trigger.py took 0.031 seconds
[2024-06-17T17:59:16.417+0000] {processor.py:157} INFO - Started process (PID=354) to work on /home/airflow/.local/lib/python3.8/site-packages/airflow/example_dags/example_latest_only_with_trigger.py
[2024-06-17T17:59:16.417+0000] {processor.py:829} INFO - Processing file /home/airflow/.local/lib/python3.8/site-packages/airflow/example_dags/example_latest_only_with_trigger.py for tasks to queue
[2024-06-17T17:59:16.418+0000] {logging_mixin.py:151} INFO - [2024-06-17T17:59:16.418+0000] {dagbag.py:539} INFO - Filling up the DagBag from /home/airflow/.local/lib/python3.8/site-packages/airflow/example_dags/example_latest_only_with_trigger.py
[2024-06-17T17:59:16.421+0000] {processor.py:839} INFO - DAG(s) dict_keys(['latest_only_with_trigger']) retrieved from /home/airflow/.local/lib/python3.8/site-packages/airflow/example_dags/example_latest_only_with_trigger.py
[2024-06-17T17:59:16.431+0000] {logging_mixin.py:151} INFO - [2024-06-17T17:59:16.431+0000] {dag.py:2907} INFO - Sync 1 DAGs
[2024-06-17T17:59:16.440+0000] {logging_mixin.py:151} INFO - [2024-06-17T17:59:16.440+0000] {dag.py:3677} INFO - Setting next_dagrun for latest_only_with_trigger to 2024-06-17T13:59:16.440133+00:00, run_after=2024-06-17T17:59:16.440133+00:00
[2024-06-17T17:59:16.446+0000] {processor.py:179} INFO - Processing /home/airflow/.local/lib/python3.8/site-packages/airflow/example_dags/example_latest_only_with_trigger.py took 0.032 seconds
[2024-06-17T17:59:46.938+0000] {processor.py:157} INFO - Started process (PID=409) to work on /home/airflow/.local/lib/python3.8/site-packages/airflow/example_dags/example_latest_only_with_trigger.py
[2024-06-17T17:59:46.938+0000] {processor.py:829} INFO - Processing file /home/airflow/.local/lib/python3.8/site-packages/airflow/example_dags/example_latest_only_with_trigger.py for tasks to queue
[2024-06-17T17:59:46.939+0000] {logging_mixin.py:151} INFO - [2024-06-17T17:59:46.939+0000] {dagbag.py:539} INFO - Filling up the DagBag from /home/airflow/.local/lib/python3.8/site-packages/airflow/example_dags/example_latest_only_with_trigger.py
[2024-06-17T17:59:46.942+0000] {processor.py:839} INFO - DAG(s) dict_keys(['latest_only_with_trigger']) retrieved from /home/airflow/.local/lib/python3.8/site-packages/airflow/example_dags/example_latest_only_with_trigger.py
[2024-06-17T17:59:46.951+0000] {logging_mixin.py:151} INFO - [2024-06-17T17:59:46.951+0000] {dag.py:2907} INFO - Sync 1 DAGs
[2024-06-17T17:59:46.960+0000] {logging_mixin.py:151} INFO - [2024-06-17T17:59:46.960+0000] {dag.py:3677} INFO - Setting next_dagrun for latest_only_with_trigger to 2024-06-17T13:59:46.960497+00:00, run_after=2024-06-17T17:59:46.960497+00:00
[2024-06-17T17:59:46.967+0000] {processor.py:179} INFO - Processing /home/airflow/.local/lib/python3.8/site-packages/airflow/example_dags/example_latest_only_with_trigger.py took 0.030 seconds
[2024-06-17T18:00:17.453+0000] {processor.py:157} INFO - Started process (PID=464) to work on /home/airflow/.local/lib/python3.8/site-packages/airflow/example_dags/example_latest_only_with_trigger.py
[2024-06-17T18:00:17.453+0000] {processor.py:829} INFO - Processing file /home/airflow/.local/lib/python3.8/site-packages/airflow/example_dags/example_latest_only_with_trigger.py for tasks to queue
[2024-06-17T18:00:17.454+0000] {logging_mixin.py:151} INFO - [2024-06-17T18:00:17.454+0000] {dagbag.py:539} INFO - Filling up the DagBag from /home/airflow/.local/lib/python3.8/site-packages/airflow/example_dags/example_latest_only_with_trigger.py
[2024-06-17T18:00:17.457+0000] {processor.py:839} INFO - DAG(s) dict_keys(['latest_only_with_trigger']) retrieved from /home/airflow/.local/lib/python3.8/site-packages/airflow/example_dags/example_latest_only_with_trigger.py
[2024-06-17T18:00:17.467+0000] {logging_mixin.py:151} INFO - [2024-06-17T18:00:17.467+0000] {dag.py:2907} INFO - Sync 1 DAGs
[2024-06-17T18:00:17.476+0000] {logging_mixin.py:151} INFO - [2024-06-17T18:00:17.476+0000] {dag.py:3677} INFO - Setting next_dagrun for latest_only_with_trigger to 2024-06-17T14:00:17.476190+00:00, run_after=2024-06-17T18:00:17.476190+00:00
[2024-06-17T18:00:17.483+0000] {processor.py:179} INFO - Processing /home/airflow/.local/lib/python3.8/site-packages/airflow/example_dags/example_latest_only_with_trigger.py took 0.032 seconds
[2024-06-17T18:00:48.023+0000] {processor.py:157} INFO - Started process (PID=519) to work on /home/airflow/.local/lib/python3.8/site-packages/airflow/example_dags/example_latest_only_with_trigger.py
[2024-06-17T18:00:48.026+0000] {processor.py:829} INFO - Processing file /home/airflow/.local/lib/python3.8/site-packages/airflow/example_dags/example_latest_only_with_trigger.py for tasks to queue
[2024-06-17T18:00:48.028+0000] {logging_mixin.py:151} INFO - [2024-06-17T18:00:48.028+0000] {dagbag.py:539} INFO - Filling up the DagBag from /home/airflow/.local/lib/python3.8/site-packages/airflow/example_dags/example_latest_only_with_trigger.py
[2024-06-17T18:00:48.035+0000] {processor.py:839} INFO - DAG(s) dict_keys(['latest_only_with_trigger']) retrieved from /home/airflow/.local/lib/python3.8/site-packages/airflow/example_dags/example_latest_only_with_trigger.py
[2024-06-17T18:00:48.048+0000] {logging_mixin.py:151} INFO - [2024-06-17T18:00:48.048+0000] {dag.py:2907} INFO - Sync 1 DAGs
[2024-06-17T18:00:48.060+0000] {logging_mixin.py:151} INFO - [2024-06-17T18:00:48.060+0000] {dag.py:3677} INFO - Setting next_dagrun for latest_only_with_trigger to 2024-06-17T14:00:48.059854+00:00, run_after=2024-06-17T18:00:48.059854+00:00
[2024-06-17T18:00:48.071+0000] {processor.py:179} INFO - Processing /home/airflow/.local/lib/python3.8/site-packages/airflow/example_dags/example_latest_only_with_trigger.py took 0.052 seconds
[2024-06-17T18:01:18.565+0000] {processor.py:157} INFO - Started process (PID=574) to work on /home/airflow/.local/lib/python3.8/site-packages/airflow/example_dags/example_latest_only_with_trigger.py
[2024-06-17T18:01:18.566+0000] {processor.py:829} INFO - Processing file /home/airflow/.local/lib/python3.8/site-packages/airflow/example_dags/example_latest_only_with_trigger.py for tasks to queue
[2024-06-17T18:01:18.567+0000] {logging_mixin.py:151} INFO - [2024-06-17T18:01:18.567+0000] {dagbag.py:539} INFO - Filling up the DagBag from /home/airflow/.local/lib/python3.8/site-packages/airflow/example_dags/example_latest_only_with_trigger.py
[2024-06-17T18:01:18.569+0000] {processor.py:839} INFO - DAG(s) dict_keys(['latest_only_with_trigger']) retrieved from /home/airflow/.local/lib/python3.8/site-packages/airflow/example_dags/example_latest_only_with_trigger.py
[2024-06-17T18:01:18.579+0000] {logging_mixin.py:151} INFO - [2024-06-17T18:01:18.579+0000] {dag.py:2907} INFO - Sync 1 DAGs
[2024-06-17T18:01:18.589+0000] {logging_mixin.py:151} INFO - [2024-06-17T18:01:18.588+0000] {dag.py:3677} INFO - Setting next_dagrun for latest_only_with_trigger to 2024-06-17T14:01:18.588873+00:00, run_after=2024-06-17T18:01:18.588873+00:00
[2024-06-17T18:01:18.595+0000] {processor.py:179} INFO - Processing /home/airflow/.local/lib/python3.8/site-packages/airflow/example_dags/example_latest_only_with_trigger.py took 0.032 seconds
[2024-06-17T18:01:49.162+0000] {processor.py:157} INFO - Started process (PID=629) to work on /home/airflow/.local/lib/python3.8/site-packages/airflow/example_dags/example_latest_only_with_trigger.py
[2024-06-17T18:01:49.163+0000] {processor.py:829} INFO - Processing file /home/airflow/.local/lib/python3.8/site-packages/airflow/example_dags/example_latest_only_with_trigger.py for tasks to queue
[2024-06-17T18:01:49.164+0000] {logging_mixin.py:151} INFO - [2024-06-17T18:01:49.164+0000] {dagbag.py:539} INFO - Filling up the DagBag from /home/airflow/.local/lib/python3.8/site-packages/airflow/example_dags/example_latest_only_with_trigger.py
[2024-06-17T18:01:49.167+0000] {processor.py:839} INFO - DAG(s) dict_keys(['latest_only_with_trigger']) retrieved from /home/airflow/.local/lib/python3.8/site-packages/airflow/example_dags/example_latest_only_with_trigger.py
[2024-06-17T18:01:49.177+0000] {logging_mixin.py:151} INFO - [2024-06-17T18:01:49.177+0000] {dag.py:2907} INFO - Sync 1 DAGs
[2024-06-17T18:01:49.188+0000] {logging_mixin.py:151} INFO - [2024-06-17T18:01:49.187+0000] {dag.py:3677} INFO - Setting next_dagrun for latest_only_with_trigger to 2024-06-17T14:01:49.187767+00:00, run_after=2024-06-17T18:01:49.187767+00:00
[2024-06-17T18:01:49.195+0000] {processor.py:179} INFO - Processing /home/airflow/.local/lib/python3.8/site-packages/airflow/example_dags/example_latest_only_with_trigger.py took 0.035 seconds
[2024-06-17T18:02:19.677+0000] {processor.py:157} INFO - Started process (PID=684) to work on /home/airflow/.local/lib/python3.8/site-packages/airflow/example_dags/example_latest_only_with_trigger.py
[2024-06-17T18:02:19.678+0000] {processor.py:829} INFO - Processing file /home/airflow/.local/lib/python3.8/site-packages/airflow/example_dags/example_latest_only_with_trigger.py for tasks to queue
[2024-06-17T18:02:19.679+0000] {logging_mixin.py:151} INFO - [2024-06-17T18:02:19.679+0000] {dagbag.py:539} INFO - Filling up the DagBag from /home/airflow/.local/lib/python3.8/site-packages/airflow/example_dags/example_latest_only_with_trigger.py
[2024-06-17T18:02:19.683+0000] {processor.py:839} INFO - DAG(s) dict_keys(['latest_only_with_trigger']) retrieved from /home/airflow/.local/lib/python3.8/site-packages/airflow/example_dags/example_latest_only_with_trigger.py
[2024-06-17T18:02:19.694+0000] {logging_mixin.py:151} INFO - [2024-06-17T18:02:19.694+0000] {dag.py:2907} INFO - Sync 1 DAGs
[2024-06-17T18:02:19.705+0000] {logging_mixin.py:151} INFO - [2024-06-17T18:02:19.705+0000] {dag.py:3677} INFO - Setting next_dagrun for latest_only_with_trigger to 2024-06-17T14:02:19.705133+00:00, run_after=2024-06-17T18:02:19.705133+00:00
[2024-06-17T18:02:19.713+0000] {processor.py:179} INFO - Processing /home/airflow/.local/lib/python3.8/site-packages/airflow/example_dags/example_latest_only_with_trigger.py took 0.038 seconds
[2024-06-17T18:02:50.246+0000] {processor.py:157} INFO - Started process (PID=739) to work on /home/airflow/.local/lib/python3.8/site-packages/airflow/example_dags/example_latest_only_with_trigger.py
[2024-06-17T18:02:50.246+0000] {processor.py:829} INFO - Processing file /home/airflow/.local/lib/python3.8/site-packages/airflow/example_dags/example_latest_only_with_trigger.py for tasks to queue
[2024-06-17T18:02:50.247+0000] {logging_mixin.py:151} INFO - [2024-06-17T18:02:50.247+0000] {dagbag.py:539} INFO - Filling up the DagBag from /home/airflow/.local/lib/python3.8/site-packages/airflow/example_dags/example_latest_only_with_trigger.py
[2024-06-17T18:02:50.250+0000] {processor.py:839} INFO - DAG(s) dict_keys(['latest_only_with_trigger']) retrieved from /home/airflow/.local/lib/python3.8/site-packages/airflow/example_dags/example_latest_only_with_trigger.py
[2024-06-17T18:02:50.260+0000] {logging_mixin.py:151} INFO - [2024-06-17T18:02:50.259+0000] {dag.py:2907} INFO - Sync 1 DAGs
[2024-06-17T18:02:50.269+0000] {logging_mixin.py:151} INFO - [2024-06-17T18:02:50.269+0000] {dag.py:3677} INFO - Setting next_dagrun for latest_only_with_trigger to 2024-06-17T14:02:50.268930+00:00, run_after=2024-06-17T18:02:50.268930+00:00
[2024-06-17T18:02:50.276+0000] {processor.py:179} INFO - Processing /home/airflow/.local/lib/python3.8/site-packages/airflow/example_dags/example_latest_only_with_trigger.py took 0.032 seconds
[2024-06-17T18:03:20.715+0000] {processor.py:157} INFO - Started process (PID=794) to work on /home/airflow/.local/lib/python3.8/site-packages/airflow/example_dags/example_latest_only_with_trigger.py
[2024-06-17T18:03:20.716+0000] {processor.py:829} INFO - Processing file /home/airflow/.local/lib/python3.8/site-packages/airflow/example_dags/example_latest_only_with_trigger.py for tasks to queue
[2024-06-17T18:03:20.717+0000] {logging_mixin.py:151} INFO - [2024-06-17T18:03:20.717+0000] {dagbag.py:539} INFO - Filling up the DagBag from /home/airflow/.local/lib/python3.8/site-packages/airflow/example_dags/example_latest_only_with_trigger.py
[2024-06-17T18:03:20.720+0000] {processor.py:839} INFO - DAG(s) dict_keys(['latest_only_with_trigger']) retrieved from /home/airflow/.local/lib/python3.8/site-packages/airflow/example_dags/example_latest_only_with_trigger.py
[2024-06-17T18:03:20.729+0000] {logging_mixin.py:151} INFO - [2024-06-17T18:03:20.729+0000] {dag.py:2907} INFO - Sync 1 DAGs
[2024-06-17T18:03:20.738+0000] {logging_mixin.py:151} INFO - [2024-06-17T18:03:20.738+0000] {dag.py:3677} INFO - Setting next_dagrun for latest_only_with_trigger to 2024-06-17T14:03:20.738407+00:00, run_after=2024-06-17T18:03:20.738407+00:00
[2024-06-17T18:03:20.745+0000] {processor.py:179} INFO - Processing /home/airflow/.local/lib/python3.8/site-packages/airflow/example_dags/example_latest_only_with_trigger.py took 0.031 seconds
[2024-06-17T18:03:51.192+0000] {processor.py:157} INFO - Started process (PID=849) to work on /home/airflow/.local/lib/python3.8/site-packages/airflow/example_dags/example_latest_only_with_trigger.py
[2024-06-17T18:03:51.193+0000] {processor.py:829} INFO - Processing file /home/airflow/.local/lib/python3.8/site-packages/airflow/example_dags/example_latest_only_with_trigger.py for tasks to queue
[2024-06-17T18:03:51.194+0000] {logging_mixin.py:151} INFO - [2024-06-17T18:03:51.193+0000] {dagbag.py:539} INFO - Filling up the DagBag from /home/airflow/.local/lib/python3.8/site-packages/airflow/example_dags/example_latest_only_with_trigger.py
[2024-06-17T18:03:51.196+0000] {processor.py:839} INFO - DAG(s) dict_keys(['latest_only_with_trigger']) retrieved from /home/airflow/.local/lib/python3.8/site-packages/airflow/example_dags/example_latest_only_with_trigger.py
[2024-06-17T18:03:51.207+0000] {logging_mixin.py:151} INFO - [2024-06-17T18:03:51.207+0000] {dag.py:2907} INFO - Sync 1 DAGs
[2024-06-17T18:03:51.218+0000] {logging_mixin.py:151} INFO - [2024-06-17T18:03:51.218+0000] {dag.py:3677} INFO - Setting next_dagrun for latest_only_with_trigger to 2024-06-17T14:03:51.218316+00:00, run_after=2024-06-17T18:03:51.218316+00:00
[2024-06-17T18:03:51.226+0000] {processor.py:179} INFO - Processing /home/airflow/.local/lib/python3.8/site-packages/airflow/example_dags/example_latest_only_with_trigger.py took 0.035 seconds
[2024-06-17T18:04:21.765+0000] {processor.py:157} INFO - Started process (PID=904) to work on /home/airflow/.local/lib/python3.8/site-packages/airflow/example_dags/example_latest_only_with_trigger.py
[2024-06-17T18:04:21.766+0000] {processor.py:829} INFO - Processing file /home/airflow/.local/lib/python3.8/site-packages/airflow/example_dags/example_latest_only_with_trigger.py for tasks to queue
[2024-06-17T18:04:21.767+0000] {logging_mixin.py:151} INFO - [2024-06-17T18:04:21.767+0000] {dagbag.py:539} INFO - Filling up the DagBag from /home/airflow/.local/lib/python3.8/site-packages/airflow/example_dags/example_latest_only_with_trigger.py
[2024-06-17T18:04:21.769+0000] {processor.py:839} INFO - DAG(s) dict_keys(['latest_only_with_trigger']) retrieved from /home/airflow/.local/lib/python3.8/site-packages/airflow/example_dags/example_latest_only_with_trigger.py
[2024-06-17T18:04:21.779+0000] {logging_mixin.py:151} INFO - [2024-06-17T18:04:21.778+0000] {dag.py:2907} INFO - Sync 1 DAGs
[2024-06-17T18:04:21.788+0000] {logging_mixin.py:151} INFO - [2024-06-17T18:04:21.787+0000] {dag.py:3677} INFO - Setting next_dagrun for latest_only_with_trigger to 2024-06-17T14:04:21.787862+00:00, run_after=2024-06-17T18:04:21.787862+00:00
[2024-06-17T18:04:21.794+0000] {processor.py:179} INFO - Processing /home/airflow/.local/lib/python3.8/site-packages/airflow/example_dags/example_latest_only_with_trigger.py took 0.030 seconds
[2024-06-17T18:04:45.337+0000] {processor.py:157} INFO - Started process (PID=78) to work on /home/airflow/.local/lib/python3.8/site-packages/airflow/example_dags/example_latest_only_with_trigger.py
[2024-06-17T18:04:45.338+0000] {processor.py:829} INFO - Processing file /home/airflow/.local/lib/python3.8/site-packages/airflow/example_dags/example_latest_only_with_trigger.py for tasks to queue
[2024-06-17T18:04:45.339+0000] {logging_mixin.py:151} INFO - [2024-06-17T18:04:45.339+0000] {dagbag.py:539} INFO - Filling up the DagBag from /home/airflow/.local/lib/python3.8/site-packages/airflow/example_dags/example_latest_only_with_trigger.py
[2024-06-17T18:04:45.343+0000] {processor.py:839} INFO - DAG(s) dict_keys(['latest_only_with_trigger']) retrieved from /home/airflow/.local/lib/python3.8/site-packages/airflow/example_dags/example_latest_only_with_trigger.py
[2024-06-17T18:04:45.353+0000] {logging_mixin.py:151} INFO - [2024-06-17T18:04:45.352+0000] {dag.py:2907} INFO - Sync 1 DAGs
[2024-06-17T18:04:45.467+0000] {logging_mixin.py:151} INFO - [2024-06-17T18:04:45.467+0000] {dag.py:3677} INFO - Setting next_dagrun for latest_only_with_trigger to 2024-06-17T14:04:45.467148+00:00, run_after=2024-06-17T18:04:45.467148+00:00
[2024-06-17T18:04:45.475+0000] {processor.py:179} INFO - Processing /home/airflow/.local/lib/python3.8/site-packages/airflow/example_dags/example_latest_only_with_trigger.py took 0.140 seconds
[2024-06-17T18:05:16.046+0000] {processor.py:157} INFO - Started process (PID=133) to work on /home/airflow/.local/lib/python3.8/site-packages/airflow/example_dags/example_latest_only_with_trigger.py
[2024-06-17T18:05:16.046+0000] {processor.py:829} INFO - Processing file /home/airflow/.local/lib/python3.8/site-packages/airflow/example_dags/example_latest_only_with_trigger.py for tasks to queue
[2024-06-17T18:05:16.047+0000] {logging_mixin.py:151} INFO - [2024-06-17T18:05:16.047+0000] {dagbag.py:539} INFO - Filling up the DagBag from /home/airflow/.local/lib/python3.8/site-packages/airflow/example_dags/example_latest_only_with_trigger.py
[2024-06-17T18:05:16.050+0000] {processor.py:839} INFO - DAG(s) dict_keys(['latest_only_with_trigger']) retrieved from /home/airflow/.local/lib/python3.8/site-packages/airflow/example_dags/example_latest_only_with_trigger.py
[2024-06-17T18:05:16.059+0000] {logging_mixin.py:151} INFO - [2024-06-17T18:05:16.059+0000] {dag.py:2907} INFO - Sync 1 DAGs
[2024-06-17T18:05:16.068+0000] {logging_mixin.py:151} INFO - [2024-06-17T18:05:16.068+0000] {dag.py:3677} INFO - Setting next_dagrun for latest_only_with_trigger to 2024-06-17T14:05:16.068511+00:00, run_after=2024-06-17T18:05:16.068511+00:00
[2024-06-17T18:05:16.075+0000] {processor.py:179} INFO - Processing /home/airflow/.local/lib/python3.8/site-packages/airflow/example_dags/example_latest_only_with_trigger.py took 0.031 seconds
[2024-06-17T18:05:46.780+0000] {processor.py:157} INFO - Started process (PID=188) to work on /home/airflow/.local/lib/python3.8/site-packages/airflow/example_dags/example_latest_only_with_trigger.py
[2024-06-17T18:05:46.780+0000] {processor.py:829} INFO - Processing file /home/airflow/.local/lib/python3.8/site-packages/airflow/example_dags/example_latest_only_with_trigger.py for tasks to queue
[2024-06-17T18:05:46.781+0000] {logging_mixin.py:151} INFO - [2024-06-17T18:05:46.781+0000] {dagbag.py:539} INFO - Filling up the DagBag from /home/airflow/.local/lib/python3.8/site-packages/airflow/example_dags/example_latest_only_with_trigger.py
[2024-06-17T18:05:46.784+0000] {processor.py:839} INFO - DAG(s) dict_keys(['latest_only_with_trigger']) retrieved from /home/airflow/.local/lib/python3.8/site-packages/airflow/example_dags/example_latest_only_with_trigger.py
[2024-06-17T18:05:46.794+0000] {logging_mixin.py:151} INFO - [2024-06-17T18:05:46.793+0000] {dag.py:2907} INFO - Sync 1 DAGs
[2024-06-17T18:05:46.802+0000] {logging_mixin.py:151} INFO - [2024-06-17T18:05:46.802+0000] {dag.py:3677} INFO - Setting next_dagrun for latest_only_with_trigger to 2024-06-17T14:05:46.802451+00:00, run_after=2024-06-17T18:05:46.802451+00:00
[2024-06-17T18:05:46.809+0000] {processor.py:179} INFO - Processing /home/airflow/.local/lib/python3.8/site-packages/airflow/example_dags/example_latest_only_with_trigger.py took 0.031 seconds
[2024-06-17T18:06:17.392+0000] {processor.py:157} INFO - Started process (PID=243) to work on /home/airflow/.local/lib/python3.8/site-packages/airflow/example_dags/example_latest_only_with_trigger.py
[2024-06-17T18:06:17.392+0000] {processor.py:829} INFO - Processing file /home/airflow/.local/lib/python3.8/site-packages/airflow/example_dags/example_latest_only_with_trigger.py for tasks to queue
[2024-06-17T18:06:17.393+0000] {logging_mixin.py:151} INFO - [2024-06-17T18:06:17.393+0000] {dagbag.py:539} INFO - Filling up the DagBag from /home/airflow/.local/lib/python3.8/site-packages/airflow/example_dags/example_latest_only_with_trigger.py
[2024-06-17T18:06:17.396+0000] {processor.py:839} INFO - DAG(s) dict_keys(['latest_only_with_trigger']) retrieved from /home/airflow/.local/lib/python3.8/site-packages/airflow/example_dags/example_latest_only_with_trigger.py
[2024-06-17T18:06:17.406+0000] {logging_mixin.py:151} INFO - [2024-06-17T18:06:17.405+0000] {dag.py:2907} INFO - Sync 1 DAGs
[2024-06-17T18:06:17.414+0000] {logging_mixin.py:151} INFO - [2024-06-17T18:06:17.414+0000] {dag.py:3677} INFO - Setting next_dagrun for latest_only_with_trigger to 2024-06-17T14:06:17.414720+00:00, run_after=2024-06-17T18:06:17.414720+00:00
[2024-06-17T18:06:17.421+0000] {processor.py:179} INFO - Processing /home/airflow/.local/lib/python3.8/site-packages/airflow/example_dags/example_latest_only_with_trigger.py took 0.031 seconds
[2024-06-17T18:06:47.841+0000] {processor.py:157} INFO - Started process (PID=298) to work on /home/airflow/.local/lib/python3.8/site-packages/airflow/example_dags/example_latest_only_with_trigger.py
[2024-06-17T18:06:47.842+0000] {processor.py:829} INFO - Processing file /home/airflow/.local/lib/python3.8/site-packages/airflow/example_dags/example_latest_only_with_trigger.py for tasks to queue
[2024-06-17T18:06:47.843+0000] {logging_mixin.py:151} INFO - [2024-06-17T18:06:47.843+0000] {dagbag.py:539} INFO - Filling up the DagBag from /home/airflow/.local/lib/python3.8/site-packages/airflow/example_dags/example_latest_only_with_trigger.py
[2024-06-17T18:06:47.845+0000] {processor.py:839} INFO - DAG(s) dict_keys(['latest_only_with_trigger']) retrieved from /home/airflow/.local/lib/python3.8/site-packages/airflow/example_dags/example_latest_only_with_trigger.py
[2024-06-17T18:06:47.854+0000] {logging_mixin.py:151} INFO - [2024-06-17T18:06:47.854+0000] {dag.py:2907} INFO - Sync 1 DAGs
[2024-06-17T18:06:47.863+0000] {logging_mixin.py:151} INFO - [2024-06-17T18:06:47.863+0000] {dag.py:3677} INFO - Setting next_dagrun for latest_only_with_trigger to 2024-06-17T14:06:47.863280+00:00, run_after=2024-06-17T18:06:47.863280+00:00
[2024-06-17T18:06:47.870+0000] {processor.py:179} INFO - Processing /home/airflow/.local/lib/python3.8/site-packages/airflow/example_dags/example_latest_only_with_trigger.py took 0.030 seconds
[2024-06-17T18:07:18.247+0000] {processor.py:157} INFO - Started process (PID=353) to work on /home/airflow/.local/lib/python3.8/site-packages/airflow/example_dags/example_latest_only_with_trigger.py
[2024-06-17T18:07:18.248+0000] {processor.py:829} INFO - Processing file /home/airflow/.local/lib/python3.8/site-packages/airflow/example_dags/example_latest_only_with_trigger.py for tasks to queue
[2024-06-17T18:07:18.249+0000] {logging_mixin.py:151} INFO - [2024-06-17T18:07:18.249+0000] {dagbag.py:539} INFO - Filling up the DagBag from /home/airflow/.local/lib/python3.8/site-packages/airflow/example_dags/example_latest_only_with_trigger.py
[2024-06-17T18:07:18.251+0000] {processor.py:839} INFO - DAG(s) dict_keys(['latest_only_with_trigger']) retrieved from /home/airflow/.local/lib/python3.8/site-packages/airflow/example_dags/example_latest_only_with_trigger.py
[2024-06-17T18:07:18.260+0000] {logging_mixin.py:151} INFO - [2024-06-17T18:07:18.260+0000] {dag.py:2907} INFO - Sync 1 DAGs
[2024-06-17T18:07:18.269+0000] {logging_mixin.py:151} INFO - [2024-06-17T18:07:18.269+0000] {dag.py:3677} INFO - Setting next_dagrun for latest_only_with_trigger to 2024-06-17T14:07:18.268966+00:00, run_after=2024-06-17T18:07:18.268966+00:00
[2024-06-17T18:07:18.275+0000] {processor.py:179} INFO - Processing /home/airflow/.local/lib/python3.8/site-packages/airflow/example_dags/example_latest_only_with_trigger.py took 0.029 seconds
