[2024-06-17T17:56:42.280+0000] {processor.py:157} INFO - Started process (PID=61) to work on /home/airflow/.local/lib/python3.8/site-packages/airflow/example_dags/example_complex.py
[2024-06-17T17:56:42.280+0000] {processor.py:829} INFO - Processing file /home/airflow/.local/lib/python3.8/site-packages/airflow/example_dags/example_complex.py for tasks to queue
[2024-06-17T17:56:42.281+0000] {logging_mixin.py:151} INFO - [2024-06-17T17:56:42.281+0000] {dagbag.py:539} INFO - Filling up the DagBag from /home/airflow/.local/lib/python3.8/site-packages/airflow/example_dags/example_complex.py
[2024-06-17T17:56:42.288+0000] {processor.py:839} INFO - DAG(s) dict_keys(['example_complex']) retrieved from /home/airflow/.local/lib/python3.8/site-packages/airflow/example_dags/example_complex.py
[2024-06-17T17:56:42.340+0000] {logging_mixin.py:151} INFO - [2024-06-17T17:56:42.340+0000] {manager.py:501} INFO - Created Permission View: can delete on DAG:example_complex
[2024-06-17T17:56:42.343+0000] {logging_mixin.py:151} INFO - [2024-06-17T17:56:42.343+0000] {manager.py:501} INFO - Created Permission View: can read on DAG:example_complex
[2024-06-17T17:56:42.346+0000] {logging_mixin.py:151} INFO - [2024-06-17T17:56:42.346+0000] {manager.py:501} INFO - Created Permission View: can edit on DAG:example_complex
[2024-06-17T17:56:42.351+0000] {logging_mixin.py:151} INFO - [2024-06-17T17:56:42.351+0000] {dag.py:2907} INFO - Sync 1 DAGs
[2024-06-17T17:56:42.355+0000] {logging_mixin.py:151} INFO - [2024-06-17T17:56:42.355+0000] {dag.py:2929} INFO - Creating ORM DAG for example_complex
[2024-06-17T17:56:42.356+0000] {logging_mixin.py:151} INFO - [2024-06-17T17:56:42.355+0000] {dag.py:3677} INFO - Setting next_dagrun for example_complex to None, run_after=None
[2024-06-17T17:56:42.364+0000] {processor.py:179} INFO - Processing /home/airflow/.local/lib/python3.8/site-packages/airflow/example_dags/example_complex.py took 0.085 seconds
[2024-06-17T17:57:12.758+0000] {processor.py:157} INFO - Started process (PID=116) to work on /home/airflow/.local/lib/python3.8/site-packages/airflow/example_dags/example_complex.py
[2024-06-17T17:57:12.759+0000] {processor.py:829} INFO - Processing file /home/airflow/.local/lib/python3.8/site-packages/airflow/example_dags/example_complex.py for tasks to queue
[2024-06-17T17:57:12.760+0000] {logging_mixin.py:151} INFO - [2024-06-17T17:57:12.759+0000] {dagbag.py:539} INFO - Filling up the DagBag from /home/airflow/.local/lib/python3.8/site-packages/airflow/example_dags/example_complex.py
[2024-06-17T17:57:12.764+0000] {processor.py:839} INFO - DAG(s) dict_keys(['example_complex']) retrieved from /home/airflow/.local/lib/python3.8/site-packages/airflow/example_dags/example_complex.py
[2024-06-17T17:57:12.777+0000] {logging_mixin.py:151} INFO - [2024-06-17T17:57:12.777+0000] {dag.py:2907} INFO - Sync 1 DAGs
[2024-06-17T17:57:12.782+0000] {logging_mixin.py:151} INFO - [2024-06-17T17:57:12.782+0000] {dag.py:3677} INFO - Setting next_dagrun for example_complex to None, run_after=None
[2024-06-17T17:57:12.789+0000] {processor.py:179} INFO - Processing /home/airflow/.local/lib/python3.8/site-packages/airflow/example_dags/example_complex.py took 0.032 seconds
[2024-06-17T17:57:43.339+0000] {processor.py:157} INFO - Started process (PID=171) to work on /home/airflow/.local/lib/python3.8/site-packages/airflow/example_dags/example_complex.py
[2024-06-17T17:57:43.340+0000] {processor.py:829} INFO - Processing file /home/airflow/.local/lib/python3.8/site-packages/airflow/example_dags/example_complex.py for tasks to queue
[2024-06-17T17:57:43.341+0000] {logging_mixin.py:151} INFO - [2024-06-17T17:57:43.341+0000] {dagbag.py:539} INFO - Filling up the DagBag from /home/airflow/.local/lib/python3.8/site-packages/airflow/example_dags/example_complex.py
[2024-06-17T17:57:43.346+0000] {processor.py:839} INFO - DAG(s) dict_keys(['example_complex']) retrieved from /home/airflow/.local/lib/python3.8/site-packages/airflow/example_dags/example_complex.py
[2024-06-17T17:57:43.358+0000] {logging_mixin.py:151} INFO - [2024-06-17T17:57:43.358+0000] {dag.py:2907} INFO - Sync 1 DAGs
[2024-06-17T17:57:43.364+0000] {logging_mixin.py:151} INFO - [2024-06-17T17:57:43.364+0000] {dag.py:3677} INFO - Setting next_dagrun for example_complex to None, run_after=None
[2024-06-17T17:57:43.371+0000] {processor.py:179} INFO - Processing /home/airflow/.local/lib/python3.8/site-packages/airflow/example_dags/example_complex.py took 0.034 seconds
[2024-06-17T17:58:13.900+0000] {processor.py:157} INFO - Started process (PID=226) to work on /home/airflow/.local/lib/python3.8/site-packages/airflow/example_dags/example_complex.py
[2024-06-17T17:58:13.901+0000] {processor.py:829} INFO - Processing file /home/airflow/.local/lib/python3.8/site-packages/airflow/example_dags/example_complex.py for tasks to queue
[2024-06-17T17:58:13.901+0000] {logging_mixin.py:151} INFO - [2024-06-17T17:58:13.901+0000] {dagbag.py:539} INFO - Filling up the DagBag from /home/airflow/.local/lib/python3.8/site-packages/airflow/example_dags/example_complex.py
[2024-06-17T17:58:13.906+0000] {processor.py:839} INFO - DAG(s) dict_keys(['example_complex']) retrieved from /home/airflow/.local/lib/python3.8/site-packages/airflow/example_dags/example_complex.py
[2024-06-17T17:58:13.919+0000] {logging_mixin.py:151} INFO - [2024-06-17T17:58:13.918+0000] {dag.py:2907} INFO - Sync 1 DAGs
[2024-06-17T17:58:13.924+0000] {logging_mixin.py:151} INFO - [2024-06-17T17:58:13.924+0000] {dag.py:3677} INFO - Setting next_dagrun for example_complex to None, run_after=None
[2024-06-17T17:58:13.931+0000] {processor.py:179} INFO - Processing /home/airflow/.local/lib/python3.8/site-packages/airflow/example_dags/example_complex.py took 0.032 seconds
[2024-06-17T17:58:44.421+0000] {processor.py:157} INFO - Started process (PID=281) to work on /home/airflow/.local/lib/python3.8/site-packages/airflow/example_dags/example_complex.py
[2024-06-17T17:58:44.421+0000] {processor.py:829} INFO - Processing file /home/airflow/.local/lib/python3.8/site-packages/airflow/example_dags/example_complex.py for tasks to queue
[2024-06-17T17:58:44.422+0000] {logging_mixin.py:151} INFO - [2024-06-17T17:58:44.422+0000] {dagbag.py:539} INFO - Filling up the DagBag from /home/airflow/.local/lib/python3.8/site-packages/airflow/example_dags/example_complex.py
[2024-06-17T17:58:44.427+0000] {processor.py:839} INFO - DAG(s) dict_keys(['example_complex']) retrieved from /home/airflow/.local/lib/python3.8/site-packages/airflow/example_dags/example_complex.py
[2024-06-17T17:58:44.440+0000] {logging_mixin.py:151} INFO - [2024-06-17T17:58:44.440+0000] {dag.py:2907} INFO - Sync 1 DAGs
[2024-06-17T17:58:44.445+0000] {logging_mixin.py:151} INFO - [2024-06-17T17:58:44.445+0000] {dag.py:3677} INFO - Setting next_dagrun for example_complex to None, run_after=None
[2024-06-17T17:58:44.452+0000] {processor.py:179} INFO - Processing /home/airflow/.local/lib/python3.8/site-packages/airflow/example_dags/example_complex.py took 0.033 seconds
[2024-06-17T17:59:14.956+0000] {processor.py:157} INFO - Started process (PID=336) to work on /home/airflow/.local/lib/python3.8/site-packages/airflow/example_dags/example_complex.py
[2024-06-17T17:59:14.956+0000] {processor.py:829} INFO - Processing file /home/airflow/.local/lib/python3.8/site-packages/airflow/example_dags/example_complex.py for tasks to queue
[2024-06-17T17:59:14.957+0000] {logging_mixin.py:151} INFO - [2024-06-17T17:59:14.957+0000] {dagbag.py:539} INFO - Filling up the DagBag from /home/airflow/.local/lib/python3.8/site-packages/airflow/example_dags/example_complex.py
[2024-06-17T17:59:14.962+0000] {processor.py:839} INFO - DAG(s) dict_keys(['example_complex']) retrieved from /home/airflow/.local/lib/python3.8/site-packages/airflow/example_dags/example_complex.py
[2024-06-17T17:59:14.974+0000] {logging_mixin.py:151} INFO - [2024-06-17T17:59:14.974+0000] {dag.py:2907} INFO - Sync 1 DAGs
[2024-06-17T17:59:14.980+0000] {logging_mixin.py:151} INFO - [2024-06-17T17:59:14.980+0000] {dag.py:3677} INFO - Setting next_dagrun for example_complex to None, run_after=None
[2024-06-17T17:59:14.987+0000] {processor.py:179} INFO - Processing /home/airflow/.local/lib/python3.8/site-packages/airflow/example_dags/example_complex.py took 0.032 seconds
[2024-06-17T17:59:45.428+0000] {processor.py:157} INFO - Started process (PID=391) to work on /home/airflow/.local/lib/python3.8/site-packages/airflow/example_dags/example_complex.py
[2024-06-17T17:59:45.428+0000] {processor.py:829} INFO - Processing file /home/airflow/.local/lib/python3.8/site-packages/airflow/example_dags/example_complex.py for tasks to queue
[2024-06-17T17:59:45.429+0000] {logging_mixin.py:151} INFO - [2024-06-17T17:59:45.429+0000] {dagbag.py:539} INFO - Filling up the DagBag from /home/airflow/.local/lib/python3.8/site-packages/airflow/example_dags/example_complex.py
[2024-06-17T17:59:45.434+0000] {processor.py:839} INFO - DAG(s) dict_keys(['example_complex']) retrieved from /home/airflow/.local/lib/python3.8/site-packages/airflow/example_dags/example_complex.py
[2024-06-17T17:59:45.446+0000] {logging_mixin.py:151} INFO - [2024-06-17T17:59:45.446+0000] {dag.py:2907} INFO - Sync 1 DAGs
[2024-06-17T17:59:45.451+0000] {logging_mixin.py:151} INFO - [2024-06-17T17:59:45.451+0000] {dag.py:3677} INFO - Setting next_dagrun for example_complex to None, run_after=None
[2024-06-17T17:59:45.458+0000] {processor.py:179} INFO - Processing /home/airflow/.local/lib/python3.8/site-packages/airflow/example_dags/example_complex.py took 0.031 seconds
[2024-06-17T18:00:15.988+0000] {processor.py:157} INFO - Started process (PID=446) to work on /home/airflow/.local/lib/python3.8/site-packages/airflow/example_dags/example_complex.py
[2024-06-17T18:00:15.988+0000] {processor.py:829} INFO - Processing file /home/airflow/.local/lib/python3.8/site-packages/airflow/example_dags/example_complex.py for tasks to queue
[2024-06-17T18:00:15.990+0000] {logging_mixin.py:151} INFO - [2024-06-17T18:00:15.989+0000] {dagbag.py:539} INFO - Filling up the DagBag from /home/airflow/.local/lib/python3.8/site-packages/airflow/example_dags/example_complex.py
[2024-06-17T18:00:15.994+0000] {processor.py:839} INFO - DAG(s) dict_keys(['example_complex']) retrieved from /home/airflow/.local/lib/python3.8/site-packages/airflow/example_dags/example_complex.py
[2024-06-17T18:00:16.007+0000] {logging_mixin.py:151} INFO - [2024-06-17T18:00:16.007+0000] {dag.py:2907} INFO - Sync 1 DAGs
[2024-06-17T18:00:16.012+0000] {logging_mixin.py:151} INFO - [2024-06-17T18:00:16.012+0000] {dag.py:3677} INFO - Setting next_dagrun for example_complex to None, run_after=None
[2024-06-17T18:00:16.019+0000] {processor.py:179} INFO - Processing /home/airflow/.local/lib/python3.8/site-packages/airflow/example_dags/example_complex.py took 0.032 seconds
[2024-06-17T18:00:46.468+0000] {processor.py:157} INFO - Started process (PID=501) to work on /home/airflow/.local/lib/python3.8/site-packages/airflow/example_dags/example_complex.py
[2024-06-17T18:00:46.469+0000] {processor.py:829} INFO - Processing file /home/airflow/.local/lib/python3.8/site-packages/airflow/example_dags/example_complex.py for tasks to queue
[2024-06-17T18:00:46.470+0000] {logging_mixin.py:151} INFO - [2024-06-17T18:00:46.469+0000] {dagbag.py:539} INFO - Filling up the DagBag from /home/airflow/.local/lib/python3.8/site-packages/airflow/example_dags/example_complex.py
[2024-06-17T18:00:46.475+0000] {processor.py:839} INFO - DAG(s) dict_keys(['example_complex']) retrieved from /home/airflow/.local/lib/python3.8/site-packages/airflow/example_dags/example_complex.py
[2024-06-17T18:00:46.487+0000] {logging_mixin.py:151} INFO - [2024-06-17T18:00:46.487+0000] {dag.py:2907} INFO - Sync 1 DAGs
[2024-06-17T18:00:46.493+0000] {logging_mixin.py:151} INFO - [2024-06-17T18:00:46.493+0000] {dag.py:3677} INFO - Setting next_dagrun for example_complex to None, run_after=None
[2024-06-17T18:00:46.500+0000] {processor.py:179} INFO - Processing /home/airflow/.local/lib/python3.8/site-packages/airflow/example_dags/example_complex.py took 0.033 seconds
[2024-06-17T18:01:17.059+0000] {processor.py:157} INFO - Started process (PID=556) to work on /home/airflow/.local/lib/python3.8/site-packages/airflow/example_dags/example_complex.py
[2024-06-17T18:01:17.059+0000] {processor.py:829} INFO - Processing file /home/airflow/.local/lib/python3.8/site-packages/airflow/example_dags/example_complex.py for tasks to queue
[2024-06-17T18:01:17.061+0000] {logging_mixin.py:151} INFO - [2024-06-17T18:01:17.060+0000] {dagbag.py:539} INFO - Filling up the DagBag from /home/airflow/.local/lib/python3.8/site-packages/airflow/example_dags/example_complex.py
[2024-06-17T18:01:17.066+0000] {processor.py:839} INFO - DAG(s) dict_keys(['example_complex']) retrieved from /home/airflow/.local/lib/python3.8/site-packages/airflow/example_dags/example_complex.py
[2024-06-17T18:01:17.079+0000] {logging_mixin.py:151} INFO - [2024-06-17T18:01:17.079+0000] {dag.py:2907} INFO - Sync 1 DAGs
[2024-06-17T18:01:17.085+0000] {logging_mixin.py:151} INFO - [2024-06-17T18:01:17.085+0000] {dag.py:3677} INFO - Setting next_dagrun for example_complex to None, run_after=None
[2024-06-17T18:01:17.093+0000] {processor.py:179} INFO - Processing /home/airflow/.local/lib/python3.8/site-packages/airflow/example_dags/example_complex.py took 0.035 seconds
[2024-06-17T18:01:47.626+0000] {processor.py:157} INFO - Started process (PID=611) to work on /home/airflow/.local/lib/python3.8/site-packages/airflow/example_dags/example_complex.py
[2024-06-17T18:01:47.627+0000] {processor.py:829} INFO - Processing file /home/airflow/.local/lib/python3.8/site-packages/airflow/example_dags/example_complex.py for tasks to queue
[2024-06-17T18:01:47.628+0000] {logging_mixin.py:151} INFO - [2024-06-17T18:01:47.628+0000] {dagbag.py:539} INFO - Filling up the DagBag from /home/airflow/.local/lib/python3.8/site-packages/airflow/example_dags/example_complex.py
[2024-06-17T18:01:47.633+0000] {processor.py:839} INFO - DAG(s) dict_keys(['example_complex']) retrieved from /home/airflow/.local/lib/python3.8/site-packages/airflow/example_dags/example_complex.py
[2024-06-17T18:01:47.646+0000] {logging_mixin.py:151} INFO - [2024-06-17T18:01:47.645+0000] {dag.py:2907} INFO - Sync 1 DAGs
[2024-06-17T18:01:47.651+0000] {logging_mixin.py:151} INFO - [2024-06-17T18:01:47.651+0000] {dag.py:3677} INFO - Setting next_dagrun for example_complex to None, run_after=None
[2024-06-17T18:01:47.658+0000] {processor.py:179} INFO - Processing /home/airflow/.local/lib/python3.8/site-packages/airflow/example_dags/example_complex.py took 0.033 seconds
[2024-06-17T18:02:18.186+0000] {processor.py:157} INFO - Started process (PID=666) to work on /home/airflow/.local/lib/python3.8/site-packages/airflow/example_dags/example_complex.py
[2024-06-17T18:02:18.186+0000] {processor.py:829} INFO - Processing file /home/airflow/.local/lib/python3.8/site-packages/airflow/example_dags/example_complex.py for tasks to queue
[2024-06-17T18:02:18.187+0000] {logging_mixin.py:151} INFO - [2024-06-17T18:02:18.187+0000] {dagbag.py:539} INFO - Filling up the DagBag from /home/airflow/.local/lib/python3.8/site-packages/airflow/example_dags/example_complex.py
[2024-06-17T18:02:18.192+0000] {processor.py:839} INFO - DAG(s) dict_keys(['example_complex']) retrieved from /home/airflow/.local/lib/python3.8/site-packages/airflow/example_dags/example_complex.py
[2024-06-17T18:02:18.205+0000] {logging_mixin.py:151} INFO - [2024-06-17T18:02:18.205+0000] {dag.py:2907} INFO - Sync 1 DAGs
[2024-06-17T18:02:18.211+0000] {logging_mixin.py:151} INFO - [2024-06-17T18:02:18.211+0000] {dag.py:3677} INFO - Setting next_dagrun for example_complex to None, run_after=None
[2024-06-17T18:02:18.218+0000] {processor.py:179} INFO - Processing /home/airflow/.local/lib/python3.8/site-packages/airflow/example_dags/example_complex.py took 0.034 seconds
[2024-06-17T18:02:48.758+0000] {processor.py:157} INFO - Started process (PID=721) to work on /home/airflow/.local/lib/python3.8/site-packages/airflow/example_dags/example_complex.py
[2024-06-17T18:02:48.759+0000] {processor.py:829} INFO - Processing file /home/airflow/.local/lib/python3.8/site-packages/airflow/example_dags/example_complex.py for tasks to queue
[2024-06-17T18:02:48.760+0000] {logging_mixin.py:151} INFO - [2024-06-17T18:02:48.760+0000] {dagbag.py:539} INFO - Filling up the DagBag from /home/airflow/.local/lib/python3.8/site-packages/airflow/example_dags/example_complex.py
[2024-06-17T18:02:48.765+0000] {processor.py:839} INFO - DAG(s) dict_keys(['example_complex']) retrieved from /home/airflow/.local/lib/python3.8/site-packages/airflow/example_dags/example_complex.py
[2024-06-17T18:02:48.778+0000] {logging_mixin.py:151} INFO - [2024-06-17T18:02:48.777+0000] {dag.py:2907} INFO - Sync 1 DAGs
[2024-06-17T18:02:48.783+0000] {logging_mixin.py:151} INFO - [2024-06-17T18:02:48.783+0000] {dag.py:3677} INFO - Setting next_dagrun for example_complex to None, run_after=None
[2024-06-17T18:02:48.790+0000] {processor.py:179} INFO - Processing /home/airflow/.local/lib/python3.8/site-packages/airflow/example_dags/example_complex.py took 0.033 seconds
[2024-06-17T18:03:19.231+0000] {processor.py:157} INFO - Started process (PID=776) to work on /home/airflow/.local/lib/python3.8/site-packages/airflow/example_dags/example_complex.py
[2024-06-17T18:03:19.232+0000] {processor.py:829} INFO - Processing file /home/airflow/.local/lib/python3.8/site-packages/airflow/example_dags/example_complex.py for tasks to queue
[2024-06-17T18:03:19.233+0000] {logging_mixin.py:151} INFO - [2024-06-17T18:03:19.233+0000] {dagbag.py:539} INFO - Filling up the DagBag from /home/airflow/.local/lib/python3.8/site-packages/airflow/example_dags/example_complex.py
[2024-06-17T18:03:19.238+0000] {processor.py:839} INFO - DAG(s) dict_keys(['example_complex']) retrieved from /home/airflow/.local/lib/python3.8/site-packages/airflow/example_dags/example_complex.py
[2024-06-17T18:03:19.251+0000] {logging_mixin.py:151} INFO - [2024-06-17T18:03:19.251+0000] {dag.py:2907} INFO - Sync 1 DAGs
[2024-06-17T18:03:19.256+0000] {logging_mixin.py:151} INFO - [2024-06-17T18:03:19.256+0000] {dag.py:3677} INFO - Setting next_dagrun for example_complex to None, run_after=None
[2024-06-17T18:03:19.263+0000] {processor.py:179} INFO - Processing /home/airflow/.local/lib/python3.8/site-packages/airflow/example_dags/example_complex.py took 0.033 seconds
[2024-06-17T18:03:49.722+0000] {processor.py:157} INFO - Started process (PID=831) to work on /home/airflow/.local/lib/python3.8/site-packages/airflow/example_dags/example_complex.py
[2024-06-17T18:03:49.722+0000] {processor.py:829} INFO - Processing file /home/airflow/.local/lib/python3.8/site-packages/airflow/example_dags/example_complex.py for tasks to queue
[2024-06-17T18:03:49.723+0000] {logging_mixin.py:151} INFO - [2024-06-17T18:03:49.723+0000] {dagbag.py:539} INFO - Filling up the DagBag from /home/airflow/.local/lib/python3.8/site-packages/airflow/example_dags/example_complex.py
[2024-06-17T18:03:49.728+0000] {processor.py:839} INFO - DAG(s) dict_keys(['example_complex']) retrieved from /home/airflow/.local/lib/python3.8/site-packages/airflow/example_dags/example_complex.py
[2024-06-17T18:03:49.741+0000] {logging_mixin.py:151} INFO - [2024-06-17T18:03:49.741+0000] {dag.py:2907} INFO - Sync 1 DAGs
[2024-06-17T18:03:49.747+0000] {logging_mixin.py:151} INFO - [2024-06-17T18:03:49.747+0000] {dag.py:3677} INFO - Setting next_dagrun for example_complex to None, run_after=None
[2024-06-17T18:03:49.754+0000] {processor.py:179} INFO - Processing /home/airflow/.local/lib/python3.8/site-packages/airflow/example_dags/example_complex.py took 0.034 seconds
[2024-06-17T18:04:20.244+0000] {processor.py:157} INFO - Started process (PID=886) to work on /home/airflow/.local/lib/python3.8/site-packages/airflow/example_dags/example_complex.py
[2024-06-17T18:04:20.245+0000] {processor.py:829} INFO - Processing file /home/airflow/.local/lib/python3.8/site-packages/airflow/example_dags/example_complex.py for tasks to queue
[2024-06-17T18:04:20.247+0000] {logging_mixin.py:151} INFO - [2024-06-17T18:04:20.246+0000] {dagbag.py:539} INFO - Filling up the DagBag from /home/airflow/.local/lib/python3.8/site-packages/airflow/example_dags/example_complex.py
[2024-06-17T18:04:20.252+0000] {processor.py:839} INFO - DAG(s) dict_keys(['example_complex']) retrieved from /home/airflow/.local/lib/python3.8/site-packages/airflow/example_dags/example_complex.py
[2024-06-17T18:04:20.270+0000] {logging_mixin.py:151} INFO - [2024-06-17T18:04:20.270+0000] {dag.py:2907} INFO - Sync 1 DAGs
[2024-06-17T18:04:20.275+0000] {logging_mixin.py:151} INFO - [2024-06-17T18:04:20.275+0000] {dag.py:3677} INFO - Setting next_dagrun for example_complex to None, run_after=None
[2024-06-17T18:04:20.283+0000] {processor.py:179} INFO - Processing /home/airflow/.local/lib/python3.8/site-packages/airflow/example_dags/example_complex.py took 0.040 seconds
[2024-06-17T18:04:44.008+0000] {processor.py:157} INFO - Started process (PID=60) to work on /home/airflow/.local/lib/python3.8/site-packages/airflow/example_dags/example_complex.py
[2024-06-17T18:04:44.009+0000] {processor.py:829} INFO - Processing file /home/airflow/.local/lib/python3.8/site-packages/airflow/example_dags/example_complex.py for tasks to queue
[2024-06-17T18:04:44.010+0000] {logging_mixin.py:151} INFO - [2024-06-17T18:04:44.010+0000] {dagbag.py:539} INFO - Filling up the DagBag from /home/airflow/.local/lib/python3.8/site-packages/airflow/example_dags/example_complex.py
[2024-06-17T18:04:44.017+0000] {processor.py:839} INFO - DAG(s) dict_keys(['example_complex']) retrieved from /home/airflow/.local/lib/python3.8/site-packages/airflow/example_dags/example_complex.py
[2024-06-17T18:04:44.027+0000] {logging_mixin.py:151} INFO - [2024-06-17T18:04:44.027+0000] {dag.py:2907} INFO - Sync 1 DAGs
[2024-06-17T18:04:44.037+0000] {logging_mixin.py:151} INFO - [2024-06-17T18:04:44.037+0000] {dag.py:3677} INFO - Setting next_dagrun for example_complex to None, run_after=None
[2024-06-17T18:04:44.047+0000] {processor.py:179} INFO - Processing /home/airflow/.local/lib/python3.8/site-packages/airflow/example_dags/example_complex.py took 0.043 seconds
[2024-06-17T18:05:15.467+0000] {processor.py:157} INFO - Started process (PID=115) to work on /home/airflow/.local/lib/python3.8/site-packages/airflow/example_dags/example_complex.py
[2024-06-17T18:05:15.468+0000] {processor.py:829} INFO - Processing file /home/airflow/.local/lib/python3.8/site-packages/airflow/example_dags/example_complex.py for tasks to queue
[2024-06-17T18:05:15.469+0000] {logging_mixin.py:151} INFO - [2024-06-17T18:05:15.468+0000] {dagbag.py:539} INFO - Filling up the DagBag from /home/airflow/.local/lib/python3.8/site-packages/airflow/example_dags/example_complex.py
[2024-06-17T18:05:15.473+0000] {processor.py:839} INFO - DAG(s) dict_keys(['example_complex']) retrieved from /home/airflow/.local/lib/python3.8/site-packages/airflow/example_dags/example_complex.py
[2024-06-17T18:05:15.486+0000] {logging_mixin.py:151} INFO - [2024-06-17T18:05:15.486+0000] {dag.py:2907} INFO - Sync 1 DAGs
[2024-06-17T18:05:15.491+0000] {logging_mixin.py:151} INFO - [2024-06-17T18:05:15.491+0000] {dag.py:3677} INFO - Setting next_dagrun for example_complex to None, run_after=None
[2024-06-17T18:05:15.498+0000] {processor.py:179} INFO - Processing /home/airflow/.local/lib/python3.8/site-packages/airflow/example_dags/example_complex.py took 0.033 seconds
[2024-06-17T18:05:46.134+0000] {processor.py:157} INFO - Started process (PID=170) to work on /home/airflow/.local/lib/python3.8/site-packages/airflow/example_dags/example_complex.py
[2024-06-17T18:05:46.135+0000] {processor.py:829} INFO - Processing file /home/airflow/.local/lib/python3.8/site-packages/airflow/example_dags/example_complex.py for tasks to queue
[2024-06-17T18:05:46.136+0000] {logging_mixin.py:151} INFO - [2024-06-17T18:05:46.136+0000] {dagbag.py:539} INFO - Filling up the DagBag from /home/airflow/.local/lib/python3.8/site-packages/airflow/example_dags/example_complex.py
[2024-06-17T18:05:46.140+0000] {processor.py:839} INFO - DAG(s) dict_keys(['example_complex']) retrieved from /home/airflow/.local/lib/python3.8/site-packages/airflow/example_dags/example_complex.py
[2024-06-17T18:05:46.153+0000] {logging_mixin.py:151} INFO - [2024-06-17T18:05:46.153+0000] {dag.py:2907} INFO - Sync 1 DAGs
[2024-06-17T18:05:46.158+0000] {logging_mixin.py:151} INFO - [2024-06-17T18:05:46.158+0000] {dag.py:3677} INFO - Setting next_dagrun for example_complex to None, run_after=None
[2024-06-17T18:05:46.165+0000] {processor.py:179} INFO - Processing /home/airflow/.local/lib/python3.8/site-packages/airflow/example_dags/example_complex.py took 0.032 seconds
[2024-06-17T18:06:16.764+0000] {processor.py:157} INFO - Started process (PID=225) to work on /home/airflow/.local/lib/python3.8/site-packages/airflow/example_dags/example_complex.py
[2024-06-17T18:06:16.764+0000] {processor.py:829} INFO - Processing file /home/airflow/.local/lib/python3.8/site-packages/airflow/example_dags/example_complex.py for tasks to queue
[2024-06-17T18:06:16.765+0000] {logging_mixin.py:151} INFO - [2024-06-17T18:06:16.765+0000] {dagbag.py:539} INFO - Filling up the DagBag from /home/airflow/.local/lib/python3.8/site-packages/airflow/example_dags/example_complex.py
[2024-06-17T18:06:16.770+0000] {processor.py:839} INFO - DAG(s) dict_keys(['example_complex']) retrieved from /home/airflow/.local/lib/python3.8/site-packages/airflow/example_dags/example_complex.py
[2024-06-17T18:06:16.782+0000] {logging_mixin.py:151} INFO - [2024-06-17T18:06:16.782+0000] {dag.py:2907} INFO - Sync 1 DAGs
[2024-06-17T18:06:16.787+0000] {logging_mixin.py:151} INFO - [2024-06-17T18:06:16.787+0000] {dag.py:3677} INFO - Setting next_dagrun for example_complex to None, run_after=None
[2024-06-17T18:06:16.794+0000] {processor.py:179} INFO - Processing /home/airflow/.local/lib/python3.8/site-packages/airflow/example_dags/example_complex.py took 0.032 seconds
[2024-06-17T18:06:47.404+0000] {processor.py:157} INFO - Started process (PID=280) to work on /home/airflow/.local/lib/python3.8/site-packages/airflow/example_dags/example_complex.py
[2024-06-17T18:06:47.405+0000] {processor.py:829} INFO - Processing file /home/airflow/.local/lib/python3.8/site-packages/airflow/example_dags/example_complex.py for tasks to queue
[2024-06-17T18:06:47.406+0000] {logging_mixin.py:151} INFO - [2024-06-17T18:06:47.406+0000] {dagbag.py:539} INFO - Filling up the DagBag from /home/airflow/.local/lib/python3.8/site-packages/airflow/example_dags/example_complex.py
[2024-06-17T18:06:47.411+0000] {processor.py:839} INFO - DAG(s) dict_keys(['example_complex']) retrieved from /home/airflow/.local/lib/python3.8/site-packages/airflow/example_dags/example_complex.py
[2024-06-17T18:06:47.423+0000] {logging_mixin.py:151} INFO - [2024-06-17T18:06:47.423+0000] {dag.py:2907} INFO - Sync 1 DAGs
[2024-06-17T18:06:47.428+0000] {logging_mixin.py:151} INFO - [2024-06-17T18:06:47.428+0000] {dag.py:3677} INFO - Setting next_dagrun for example_complex to None, run_after=None
[2024-06-17T18:06:47.435+0000] {processor.py:179} INFO - Processing /home/airflow/.local/lib/python3.8/site-packages/airflow/example_dags/example_complex.py took 0.032 seconds
[2024-06-17T18:07:17.805+0000] {processor.py:157} INFO - Started process (PID=335) to work on /home/airflow/.local/lib/python3.8/site-packages/airflow/example_dags/example_complex.py
[2024-06-17T18:07:17.805+0000] {processor.py:829} INFO - Processing file /home/airflow/.local/lib/python3.8/site-packages/airflow/example_dags/example_complex.py for tasks to queue
[2024-06-17T18:07:17.806+0000] {logging_mixin.py:151} INFO - [2024-06-17T18:07:17.806+0000] {dagbag.py:539} INFO - Filling up the DagBag from /home/airflow/.local/lib/python3.8/site-packages/airflow/example_dags/example_complex.py
[2024-06-17T18:07:17.811+0000] {processor.py:839} INFO - DAG(s) dict_keys(['example_complex']) retrieved from /home/airflow/.local/lib/python3.8/site-packages/airflow/example_dags/example_complex.py
[2024-06-17T18:07:17.824+0000] {logging_mixin.py:151} INFO - [2024-06-17T18:07:17.824+0000] {dag.py:2907} INFO - Sync 1 DAGs
[2024-06-17T18:07:17.829+0000] {logging_mixin.py:151} INFO - [2024-06-17T18:07:17.829+0000] {dag.py:3677} INFO - Setting next_dagrun for example_complex to None, run_after=None
[2024-06-17T18:07:17.837+0000] {processor.py:179} INFO - Processing /home/airflow/.local/lib/python3.8/site-packages/airflow/example_dags/example_complex.py took 0.034 seconds
