[2024-06-17T17:56:42.617+0000] {processor.py:157} INFO - Started process (PID=68) to work on /home/airflow/.local/lib/python3.8/site-packages/airflow/example_dags/tutorial_dag.py
[2024-06-17T17:56:42.618+0000] {processor.py:829} INFO - Processing file /home/airflow/.local/lib/python3.8/site-packages/airflow/example_dags/tutorial_dag.py for tasks to queue
[2024-06-17T17:56:42.619+0000] {logging_mixin.py:151} INFO - [2024-06-17T17:56:42.618+0000] {dagbag.py:539} INFO - Filling up the DagBag from /home/airflow/.local/lib/python3.8/site-packages/airflow/example_dags/tutorial_dag.py
[2024-06-17T17:56:42.621+0000] {processor.py:839} INFO - DAG(s) dict_keys(['tutorial_dag']) retrieved from /home/airflow/.local/lib/python3.8/site-packages/airflow/example_dags/tutorial_dag.py
[2024-06-17T17:56:42.663+0000] {logging_mixin.py:151} INFO - [2024-06-17T17:56:42.663+0000] {manager.py:501} INFO - Created Permission View: can delete on DAG:tutorial_dag
[2024-06-17T17:56:42.667+0000] {logging_mixin.py:151} INFO - [2024-06-17T17:56:42.667+0000] {manager.py:501} INFO - Created Permission View: can read on DAG:tutorial_dag
[2024-06-17T17:56:42.669+0000] {logging_mixin.py:151} INFO - [2024-06-17T17:56:42.669+0000] {manager.py:501} INFO - Created Permission View: can edit on DAG:tutorial_dag
[2024-06-17T17:56:42.674+0000] {logging_mixin.py:151} INFO - [2024-06-17T17:56:42.674+0000] {dag.py:2907} INFO - Sync 1 DAGs
[2024-06-17T17:56:42.678+0000] {logging_mixin.py:151} INFO - [2024-06-17T17:56:42.678+0000] {dag.py:2929} INFO - Creating ORM DAG for tutorial_dag
[2024-06-17T17:56:42.678+0000] {logging_mixin.py:151} INFO - [2024-06-17T17:56:42.678+0000] {dag.py:3677} INFO - Setting next_dagrun for tutorial_dag to None, run_after=None
[2024-06-17T17:56:42.685+0000] {processor.py:179} INFO - Processing /home/airflow/.local/lib/python3.8/site-packages/airflow/example_dags/tutorial_dag.py took 0.070 seconds
[2024-06-17T17:57:12.967+0000] {processor.py:157} INFO - Started process (PID=123) to work on /home/airflow/.local/lib/python3.8/site-packages/airflow/example_dags/tutorial_dag.py
[2024-06-17T17:57:12.968+0000] {processor.py:829} INFO - Processing file /home/airflow/.local/lib/python3.8/site-packages/airflow/example_dags/tutorial_dag.py for tasks to queue
[2024-06-17T17:57:12.968+0000] {logging_mixin.py:151} INFO - [2024-06-17T17:57:12.968+0000] {dagbag.py:539} INFO - Filling up the DagBag from /home/airflow/.local/lib/python3.8/site-packages/airflow/example_dags/tutorial_dag.py
[2024-06-17T17:57:12.971+0000] {processor.py:839} INFO - DAG(s) dict_keys(['tutorial_dag']) retrieved from /home/airflow/.local/lib/python3.8/site-packages/airflow/example_dags/tutorial_dag.py
[2024-06-17T17:57:12.980+0000] {logging_mixin.py:151} INFO - [2024-06-17T17:57:12.980+0000] {dag.py:2907} INFO - Sync 1 DAGs
[2024-06-17T17:57:12.985+0000] {logging_mixin.py:151} INFO - [2024-06-17T17:57:12.985+0000] {dag.py:3677} INFO - Setting next_dagrun for tutorial_dag to None, run_after=None
[2024-06-17T17:57:12.993+0000] {processor.py:179} INFO - Processing /home/airflow/.local/lib/python3.8/site-packages/airflow/example_dags/tutorial_dag.py took 0.027 seconds
[2024-06-17T17:57:43.532+0000] {processor.py:157} INFO - Started process (PID=178) to work on /home/airflow/.local/lib/python3.8/site-packages/airflow/example_dags/tutorial_dag.py
[2024-06-17T17:57:43.533+0000] {processor.py:829} INFO - Processing file /home/airflow/.local/lib/python3.8/site-packages/airflow/example_dags/tutorial_dag.py for tasks to queue
[2024-06-17T17:57:43.534+0000] {logging_mixin.py:151} INFO - [2024-06-17T17:57:43.533+0000] {dagbag.py:539} INFO - Filling up the DagBag from /home/airflow/.local/lib/python3.8/site-packages/airflow/example_dags/tutorial_dag.py
[2024-06-17T17:57:43.536+0000] {processor.py:839} INFO - DAG(s) dict_keys(['tutorial_dag']) retrieved from /home/airflow/.local/lib/python3.8/site-packages/airflow/example_dags/tutorial_dag.py
[2024-06-17T17:57:43.544+0000] {logging_mixin.py:151} INFO - [2024-06-17T17:57:43.544+0000] {dag.py:2907} INFO - Sync 1 DAGs
[2024-06-17T17:57:43.549+0000] {logging_mixin.py:151} INFO - [2024-06-17T17:57:43.549+0000] {dag.py:3677} INFO - Setting next_dagrun for tutorial_dag to None, run_after=None
[2024-06-17T17:57:43.556+0000] {processor.py:179} INFO - Processing /home/airflow/.local/lib/python3.8/site-packages/airflow/example_dags/tutorial_dag.py took 0.025 seconds
[2024-06-17T17:58:14.091+0000] {processor.py:157} INFO - Started process (PID=233) to work on /home/airflow/.local/lib/python3.8/site-packages/airflow/example_dags/tutorial_dag.py
[2024-06-17T17:58:14.091+0000] {processor.py:829} INFO - Processing file /home/airflow/.local/lib/python3.8/site-packages/airflow/example_dags/tutorial_dag.py for tasks to queue
[2024-06-17T17:58:14.092+0000] {logging_mixin.py:151} INFO - [2024-06-17T17:58:14.092+0000] {dagbag.py:539} INFO - Filling up the DagBag from /home/airflow/.local/lib/python3.8/site-packages/airflow/example_dags/tutorial_dag.py
[2024-06-17T17:58:14.095+0000] {processor.py:839} INFO - DAG(s) dict_keys(['tutorial_dag']) retrieved from /home/airflow/.local/lib/python3.8/site-packages/airflow/example_dags/tutorial_dag.py
[2024-06-17T17:58:14.103+0000] {logging_mixin.py:151} INFO - [2024-06-17T17:58:14.103+0000] {dag.py:2907} INFO - Sync 1 DAGs
[2024-06-17T17:58:14.108+0000] {logging_mixin.py:151} INFO - [2024-06-17T17:58:14.108+0000] {dag.py:3677} INFO - Setting next_dagrun for tutorial_dag to None, run_after=None
[2024-06-17T17:58:14.115+0000] {processor.py:179} INFO - Processing /home/airflow/.local/lib/python3.8/site-packages/airflow/example_dags/tutorial_dag.py took 0.026 seconds
[2024-06-17T17:58:44.613+0000] {processor.py:157} INFO - Started process (PID=288) to work on /home/airflow/.local/lib/python3.8/site-packages/airflow/example_dags/tutorial_dag.py
[2024-06-17T17:58:44.614+0000] {processor.py:829} INFO - Processing file /home/airflow/.local/lib/python3.8/site-packages/airflow/example_dags/tutorial_dag.py for tasks to queue
[2024-06-17T17:58:44.615+0000] {logging_mixin.py:151} INFO - [2024-06-17T17:58:44.614+0000] {dagbag.py:539} INFO - Filling up the DagBag from /home/airflow/.local/lib/python3.8/site-packages/airflow/example_dags/tutorial_dag.py
[2024-06-17T17:58:44.617+0000] {processor.py:839} INFO - DAG(s) dict_keys(['tutorial_dag']) retrieved from /home/airflow/.local/lib/python3.8/site-packages/airflow/example_dags/tutorial_dag.py
[2024-06-17T17:58:44.625+0000] {logging_mixin.py:151} INFO - [2024-06-17T17:58:44.625+0000] {dag.py:2907} INFO - Sync 1 DAGs
[2024-06-17T17:58:44.630+0000] {logging_mixin.py:151} INFO - [2024-06-17T17:58:44.630+0000] {dag.py:3677} INFO - Setting next_dagrun for tutorial_dag to None, run_after=None
[2024-06-17T17:58:44.637+0000] {processor.py:179} INFO - Processing /home/airflow/.local/lib/python3.8/site-packages/airflow/example_dags/tutorial_dag.py took 0.025 seconds
[2024-06-17T17:59:15.150+0000] {processor.py:157} INFO - Started process (PID=343) to work on /home/airflow/.local/lib/python3.8/site-packages/airflow/example_dags/tutorial_dag.py
[2024-06-17T17:59:15.150+0000] {processor.py:829} INFO - Processing file /home/airflow/.local/lib/python3.8/site-packages/airflow/example_dags/tutorial_dag.py for tasks to queue
[2024-06-17T17:59:15.151+0000] {logging_mixin.py:151} INFO - [2024-06-17T17:59:15.151+0000] {dagbag.py:539} INFO - Filling up the DagBag from /home/airflow/.local/lib/python3.8/site-packages/airflow/example_dags/tutorial_dag.py
[2024-06-17T17:59:15.154+0000] {processor.py:839} INFO - DAG(s) dict_keys(['tutorial_dag']) retrieved from /home/airflow/.local/lib/python3.8/site-packages/airflow/example_dags/tutorial_dag.py
[2024-06-17T17:59:15.162+0000] {logging_mixin.py:151} INFO - [2024-06-17T17:59:15.162+0000] {dag.py:2907} INFO - Sync 1 DAGs
[2024-06-17T17:59:15.168+0000] {logging_mixin.py:151} INFO - [2024-06-17T17:59:15.167+0000] {dag.py:3677} INFO - Setting next_dagrun for tutorial_dag to None, run_after=None
[2024-06-17T17:59:15.174+0000] {processor.py:179} INFO - Processing /home/airflow/.local/lib/python3.8/site-packages/airflow/example_dags/tutorial_dag.py took 0.027 seconds
[2024-06-17T17:59:45.629+0000] {processor.py:157} INFO - Started process (PID=398) to work on /home/airflow/.local/lib/python3.8/site-packages/airflow/example_dags/tutorial_dag.py
[2024-06-17T17:59:45.630+0000] {processor.py:829} INFO - Processing file /home/airflow/.local/lib/python3.8/site-packages/airflow/example_dags/tutorial_dag.py for tasks to queue
[2024-06-17T17:59:45.631+0000] {logging_mixin.py:151} INFO - [2024-06-17T17:59:45.631+0000] {dagbag.py:539} INFO - Filling up the DagBag from /home/airflow/.local/lib/python3.8/site-packages/airflow/example_dags/tutorial_dag.py
[2024-06-17T17:59:45.633+0000] {processor.py:839} INFO - DAG(s) dict_keys(['tutorial_dag']) retrieved from /home/airflow/.local/lib/python3.8/site-packages/airflow/example_dags/tutorial_dag.py
[2024-06-17T17:59:45.642+0000] {logging_mixin.py:151} INFO - [2024-06-17T17:59:45.642+0000] {dag.py:2907} INFO - Sync 1 DAGs
[2024-06-17T17:59:45.647+0000] {logging_mixin.py:151} INFO - [2024-06-17T17:59:45.647+0000] {dag.py:3677} INFO - Setting next_dagrun for tutorial_dag to None, run_after=None
[2024-06-17T17:59:45.654+0000] {processor.py:179} INFO - Processing /home/airflow/.local/lib/python3.8/site-packages/airflow/example_dags/tutorial_dag.py took 0.026 seconds
[2024-06-17T18:00:16.176+0000] {processor.py:157} INFO - Started process (PID=453) to work on /home/airflow/.local/lib/python3.8/site-packages/airflow/example_dags/tutorial_dag.py
[2024-06-17T18:00:16.176+0000] {processor.py:829} INFO - Processing file /home/airflow/.local/lib/python3.8/site-packages/airflow/example_dags/tutorial_dag.py for tasks to queue
[2024-06-17T18:00:16.177+0000] {logging_mixin.py:151} INFO - [2024-06-17T18:00:16.177+0000] {dagbag.py:539} INFO - Filling up the DagBag from /home/airflow/.local/lib/python3.8/site-packages/airflow/example_dags/tutorial_dag.py
[2024-06-17T18:00:16.180+0000] {processor.py:839} INFO - DAG(s) dict_keys(['tutorial_dag']) retrieved from /home/airflow/.local/lib/python3.8/site-packages/airflow/example_dags/tutorial_dag.py
[2024-06-17T18:00:16.188+0000] {logging_mixin.py:151} INFO - [2024-06-17T18:00:16.188+0000] {dag.py:2907} INFO - Sync 1 DAGs
[2024-06-17T18:00:16.193+0000] {logging_mixin.py:151} INFO - [2024-06-17T18:00:16.193+0000] {dag.py:3677} INFO - Setting next_dagrun for tutorial_dag to None, run_after=None
[2024-06-17T18:00:16.200+0000] {processor.py:179} INFO - Processing /home/airflow/.local/lib/python3.8/site-packages/airflow/example_dags/tutorial_dag.py took 0.025 seconds
[2024-06-17T18:00:46.675+0000] {processor.py:157} INFO - Started process (PID=508) to work on /home/airflow/.local/lib/python3.8/site-packages/airflow/example_dags/tutorial_dag.py
[2024-06-17T18:00:46.676+0000] {processor.py:829} INFO - Processing file /home/airflow/.local/lib/python3.8/site-packages/airflow/example_dags/tutorial_dag.py for tasks to queue
[2024-06-17T18:00:46.677+0000] {logging_mixin.py:151} INFO - [2024-06-17T18:00:46.677+0000] {dagbag.py:539} INFO - Filling up the DagBag from /home/airflow/.local/lib/python3.8/site-packages/airflow/example_dags/tutorial_dag.py
[2024-06-17T18:00:46.680+0000] {processor.py:839} INFO - DAG(s) dict_keys(['tutorial_dag']) retrieved from /home/airflow/.local/lib/python3.8/site-packages/airflow/example_dags/tutorial_dag.py
[2024-06-17T18:00:46.690+0000] {logging_mixin.py:151} INFO - [2024-06-17T18:00:46.690+0000] {dag.py:2907} INFO - Sync 1 DAGs
[2024-06-17T18:00:46.696+0000] {logging_mixin.py:151} INFO - [2024-06-17T18:00:46.696+0000] {dag.py:3677} INFO - Setting next_dagrun for tutorial_dag to None, run_after=None
[2024-06-17T18:00:46.704+0000] {processor.py:179} INFO - Processing /home/airflow/.local/lib/python3.8/site-packages/airflow/example_dags/tutorial_dag.py took 0.031 seconds
[2024-06-17T18:01:17.275+0000] {processor.py:157} INFO - Started process (PID=563) to work on /home/airflow/.local/lib/python3.8/site-packages/airflow/example_dags/tutorial_dag.py
[2024-06-17T18:01:17.275+0000] {processor.py:829} INFO - Processing file /home/airflow/.local/lib/python3.8/site-packages/airflow/example_dags/tutorial_dag.py for tasks to queue
[2024-06-17T18:01:17.276+0000] {logging_mixin.py:151} INFO - [2024-06-17T18:01:17.276+0000] {dagbag.py:539} INFO - Filling up the DagBag from /home/airflow/.local/lib/python3.8/site-packages/airflow/example_dags/tutorial_dag.py
[2024-06-17T18:01:17.279+0000] {processor.py:839} INFO - DAG(s) dict_keys(['tutorial_dag']) retrieved from /home/airflow/.local/lib/python3.8/site-packages/airflow/example_dags/tutorial_dag.py
[2024-06-17T18:01:17.289+0000] {logging_mixin.py:151} INFO - [2024-06-17T18:01:17.289+0000] {dag.py:2907} INFO - Sync 1 DAGs
[2024-06-17T18:01:17.295+0000] {logging_mixin.py:151} INFO - [2024-06-17T18:01:17.294+0000] {dag.py:3677} INFO - Setting next_dagrun for tutorial_dag to None, run_after=None
[2024-06-17T18:01:17.302+0000] {processor.py:179} INFO - Processing /home/airflow/.local/lib/python3.8/site-packages/airflow/example_dags/tutorial_dag.py took 0.029 seconds
[2024-06-17T18:01:47.833+0000] {processor.py:157} INFO - Started process (PID=618) to work on /home/airflow/.local/lib/python3.8/site-packages/airflow/example_dags/tutorial_dag.py
[2024-06-17T18:01:47.834+0000] {processor.py:829} INFO - Processing file /home/airflow/.local/lib/python3.8/site-packages/airflow/example_dags/tutorial_dag.py for tasks to queue
[2024-06-17T18:01:47.835+0000] {logging_mixin.py:151} INFO - [2024-06-17T18:01:47.835+0000] {dagbag.py:539} INFO - Filling up the DagBag from /home/airflow/.local/lib/python3.8/site-packages/airflow/example_dags/tutorial_dag.py
[2024-06-17T18:01:47.838+0000] {processor.py:839} INFO - DAG(s) dict_keys(['tutorial_dag']) retrieved from /home/airflow/.local/lib/python3.8/site-packages/airflow/example_dags/tutorial_dag.py
[2024-06-17T18:01:47.846+0000] {logging_mixin.py:151} INFO - [2024-06-17T18:01:47.846+0000] {dag.py:2907} INFO - Sync 1 DAGs
[2024-06-17T18:01:47.852+0000] {logging_mixin.py:151} INFO - [2024-06-17T18:01:47.852+0000] {dag.py:3677} INFO - Setting next_dagrun for tutorial_dag to None, run_after=None
[2024-06-17T18:01:47.859+0000] {processor.py:179} INFO - Processing /home/airflow/.local/lib/python3.8/site-packages/airflow/example_dags/tutorial_dag.py took 0.027 seconds
[2024-06-17T18:02:18.386+0000] {processor.py:157} INFO - Started process (PID=673) to work on /home/airflow/.local/lib/python3.8/site-packages/airflow/example_dags/tutorial_dag.py
[2024-06-17T18:02:18.387+0000] {processor.py:829} INFO - Processing file /home/airflow/.local/lib/python3.8/site-packages/airflow/example_dags/tutorial_dag.py for tasks to queue
[2024-06-17T18:02:18.387+0000] {logging_mixin.py:151} INFO - [2024-06-17T18:02:18.387+0000] {dagbag.py:539} INFO - Filling up the DagBag from /home/airflow/.local/lib/python3.8/site-packages/airflow/example_dags/tutorial_dag.py
[2024-06-17T18:02:18.390+0000] {processor.py:839} INFO - DAG(s) dict_keys(['tutorial_dag']) retrieved from /home/airflow/.local/lib/python3.8/site-packages/airflow/example_dags/tutorial_dag.py
[2024-06-17T18:02:18.399+0000] {logging_mixin.py:151} INFO - [2024-06-17T18:02:18.399+0000] {dag.py:2907} INFO - Sync 1 DAGs
[2024-06-17T18:02:18.404+0000] {logging_mixin.py:151} INFO - [2024-06-17T18:02:18.404+0000] {dag.py:3677} INFO - Setting next_dagrun for tutorial_dag to None, run_after=None
[2024-06-17T18:02:18.410+0000] {processor.py:179} INFO - Processing /home/airflow/.local/lib/python3.8/site-packages/airflow/example_dags/tutorial_dag.py took 0.026 seconds
[2024-06-17T18:02:48.963+0000] {processor.py:157} INFO - Started process (PID=728) to work on /home/airflow/.local/lib/python3.8/site-packages/airflow/example_dags/tutorial_dag.py
[2024-06-17T18:02:48.963+0000] {processor.py:829} INFO - Processing file /home/airflow/.local/lib/python3.8/site-packages/airflow/example_dags/tutorial_dag.py for tasks to queue
[2024-06-17T18:02:48.964+0000] {logging_mixin.py:151} INFO - [2024-06-17T18:02:48.964+0000] {dagbag.py:539} INFO - Filling up the DagBag from /home/airflow/.local/lib/python3.8/site-packages/airflow/example_dags/tutorial_dag.py
[2024-06-17T18:02:48.967+0000] {processor.py:839} INFO - DAG(s) dict_keys(['tutorial_dag']) retrieved from /home/airflow/.local/lib/python3.8/site-packages/airflow/example_dags/tutorial_dag.py
[2024-06-17T18:02:48.976+0000] {logging_mixin.py:151} INFO - [2024-06-17T18:02:48.976+0000] {dag.py:2907} INFO - Sync 1 DAGs
[2024-06-17T18:02:48.981+0000] {logging_mixin.py:151} INFO - [2024-06-17T18:02:48.981+0000] {dag.py:3677} INFO - Setting next_dagrun for tutorial_dag to None, run_after=None
[2024-06-17T18:02:48.988+0000] {processor.py:179} INFO - Processing /home/airflow/.local/lib/python3.8/site-packages/airflow/example_dags/tutorial_dag.py took 0.027 seconds
[2024-06-17T18:03:19.431+0000] {processor.py:157} INFO - Started process (PID=783) to work on /home/airflow/.local/lib/python3.8/site-packages/airflow/example_dags/tutorial_dag.py
[2024-06-17T18:03:19.431+0000] {processor.py:829} INFO - Processing file /home/airflow/.local/lib/python3.8/site-packages/airflow/example_dags/tutorial_dag.py for tasks to queue
[2024-06-17T18:03:19.432+0000] {logging_mixin.py:151} INFO - [2024-06-17T18:03:19.432+0000] {dagbag.py:539} INFO - Filling up the DagBag from /home/airflow/.local/lib/python3.8/site-packages/airflow/example_dags/tutorial_dag.py
[2024-06-17T18:03:19.435+0000] {processor.py:839} INFO - DAG(s) dict_keys(['tutorial_dag']) retrieved from /home/airflow/.local/lib/python3.8/site-packages/airflow/example_dags/tutorial_dag.py
[2024-06-17T18:03:19.444+0000] {logging_mixin.py:151} INFO - [2024-06-17T18:03:19.444+0000] {dag.py:2907} INFO - Sync 1 DAGs
[2024-06-17T18:03:19.449+0000] {logging_mixin.py:151} INFO - [2024-06-17T18:03:19.449+0000] {dag.py:3677} INFO - Setting next_dagrun for tutorial_dag to None, run_after=None
[2024-06-17T18:03:19.456+0000] {processor.py:179} INFO - Processing /home/airflow/.local/lib/python3.8/site-packages/airflow/example_dags/tutorial_dag.py took 0.026 seconds
[2024-06-17T18:03:49.927+0000] {processor.py:157} INFO - Started process (PID=838) to work on /home/airflow/.local/lib/python3.8/site-packages/airflow/example_dags/tutorial_dag.py
[2024-06-17T18:03:49.927+0000] {processor.py:829} INFO - Processing file /home/airflow/.local/lib/python3.8/site-packages/airflow/example_dags/tutorial_dag.py for tasks to queue
[2024-06-17T18:03:49.928+0000] {logging_mixin.py:151} INFO - [2024-06-17T18:03:49.928+0000] {dagbag.py:539} INFO - Filling up the DagBag from /home/airflow/.local/lib/python3.8/site-packages/airflow/example_dags/tutorial_dag.py
[2024-06-17T18:03:49.931+0000] {processor.py:839} INFO - DAG(s) dict_keys(['tutorial_dag']) retrieved from /home/airflow/.local/lib/python3.8/site-packages/airflow/example_dags/tutorial_dag.py
[2024-06-17T18:03:49.940+0000] {logging_mixin.py:151} INFO - [2024-06-17T18:03:49.940+0000] {dag.py:2907} INFO - Sync 1 DAGs
[2024-06-17T18:03:49.945+0000] {logging_mixin.py:151} INFO - [2024-06-17T18:03:49.945+0000] {dag.py:3677} INFO - Setting next_dagrun for tutorial_dag to None, run_after=None
[2024-06-17T18:03:49.953+0000] {processor.py:179} INFO - Processing /home/airflow/.local/lib/python3.8/site-packages/airflow/example_dags/tutorial_dag.py took 0.028 seconds
[2024-06-17T18:04:20.442+0000] {processor.py:157} INFO - Started process (PID=893) to work on /home/airflow/.local/lib/python3.8/site-packages/airflow/example_dags/tutorial_dag.py
[2024-06-17T18:04:20.442+0000] {processor.py:829} INFO - Processing file /home/airflow/.local/lib/python3.8/site-packages/airflow/example_dags/tutorial_dag.py for tasks to queue
[2024-06-17T18:04:20.443+0000] {logging_mixin.py:151} INFO - [2024-06-17T18:04:20.443+0000] {dagbag.py:539} INFO - Filling up the DagBag from /home/airflow/.local/lib/python3.8/site-packages/airflow/example_dags/tutorial_dag.py
[2024-06-17T18:04:20.446+0000] {processor.py:839} INFO - DAG(s) dict_keys(['tutorial_dag']) retrieved from /home/airflow/.local/lib/python3.8/site-packages/airflow/example_dags/tutorial_dag.py
[2024-06-17T18:04:20.454+0000] {logging_mixin.py:151} INFO - [2024-06-17T18:04:20.454+0000] {dag.py:2907} INFO - Sync 1 DAGs
[2024-06-17T18:04:20.461+0000] {logging_mixin.py:151} INFO - [2024-06-17T18:04:20.461+0000] {dag.py:3677} INFO - Setting next_dagrun for tutorial_dag to None, run_after=None
[2024-06-17T18:04:20.472+0000] {processor.py:179} INFO - Processing /home/airflow/.local/lib/python3.8/site-packages/airflow/example_dags/tutorial_dag.py took 0.032 seconds
[2024-06-17T18:04:44.411+0000] {processor.py:157} INFO - Started process (PID=67) to work on /home/airflow/.local/lib/python3.8/site-packages/airflow/example_dags/tutorial_dag.py
[2024-06-17T18:04:44.412+0000] {processor.py:829} INFO - Processing file /home/airflow/.local/lib/python3.8/site-packages/airflow/example_dags/tutorial_dag.py for tasks to queue
[2024-06-17T18:04:44.413+0000] {logging_mixin.py:151} INFO - [2024-06-17T18:04:44.413+0000] {dagbag.py:539} INFO - Filling up the DagBag from /home/airflow/.local/lib/python3.8/site-packages/airflow/example_dags/tutorial_dag.py
[2024-06-17T18:04:44.417+0000] {processor.py:839} INFO - DAG(s) dict_keys(['tutorial_dag']) retrieved from /home/airflow/.local/lib/python3.8/site-packages/airflow/example_dags/tutorial_dag.py
[2024-06-17T18:04:44.426+0000] {logging_mixin.py:151} INFO - [2024-06-17T18:04:44.426+0000] {dag.py:2907} INFO - Sync 1 DAGs
[2024-06-17T18:04:44.435+0000] {logging_mixin.py:151} INFO - [2024-06-17T18:04:44.435+0000] {dag.py:3677} INFO - Setting next_dagrun for tutorial_dag to None, run_after=None
[2024-06-17T18:04:44.461+0000] {processor.py:179} INFO - Processing /home/airflow/.local/lib/python3.8/site-packages/airflow/example_dags/tutorial_dag.py took 0.052 seconds
[2024-06-17T18:05:15.800+0000] {processor.py:157} INFO - Started process (PID=122) to work on /home/airflow/.local/lib/python3.8/site-packages/airflow/example_dags/tutorial_dag.py
[2024-06-17T18:05:15.801+0000] {processor.py:829} INFO - Processing file /home/airflow/.local/lib/python3.8/site-packages/airflow/example_dags/tutorial_dag.py for tasks to queue
[2024-06-17T18:05:15.802+0000] {logging_mixin.py:151} INFO - [2024-06-17T18:05:15.802+0000] {dagbag.py:539} INFO - Filling up the DagBag from /home/airflow/.local/lib/python3.8/site-packages/airflow/example_dags/tutorial_dag.py
[2024-06-17T18:05:15.805+0000] {processor.py:839} INFO - DAG(s) dict_keys(['tutorial_dag']) retrieved from /home/airflow/.local/lib/python3.8/site-packages/airflow/example_dags/tutorial_dag.py
[2024-06-17T18:05:15.814+0000] {logging_mixin.py:151} INFO - [2024-06-17T18:05:15.814+0000] {dag.py:2907} INFO - Sync 1 DAGs
[2024-06-17T18:05:15.819+0000] {logging_mixin.py:151} INFO - [2024-06-17T18:05:15.819+0000] {dag.py:3677} INFO - Setting next_dagrun for tutorial_dag to None, run_after=None
[2024-06-17T18:05:15.826+0000] {processor.py:179} INFO - Processing /home/airflow/.local/lib/python3.8/site-packages/airflow/example_dags/tutorial_dag.py took 0.027 seconds
[2024-06-17T18:05:46.476+0000] {processor.py:157} INFO - Started process (PID=177) to work on /home/airflow/.local/lib/python3.8/site-packages/airflow/example_dags/tutorial_dag.py
[2024-06-17T18:05:46.477+0000] {processor.py:829} INFO - Processing file /home/airflow/.local/lib/python3.8/site-packages/airflow/example_dags/tutorial_dag.py for tasks to queue
[2024-06-17T18:05:46.478+0000] {logging_mixin.py:151} INFO - [2024-06-17T18:05:46.478+0000] {dagbag.py:539} INFO - Filling up the DagBag from /home/airflow/.local/lib/python3.8/site-packages/airflow/example_dags/tutorial_dag.py
[2024-06-17T18:05:46.480+0000] {processor.py:839} INFO - DAG(s) dict_keys(['tutorial_dag']) retrieved from /home/airflow/.local/lib/python3.8/site-packages/airflow/example_dags/tutorial_dag.py
[2024-06-17T18:05:46.490+0000] {logging_mixin.py:151} INFO - [2024-06-17T18:05:46.490+0000] {dag.py:2907} INFO - Sync 1 DAGs
[2024-06-17T18:05:46.495+0000] {logging_mixin.py:151} INFO - [2024-06-17T18:05:46.495+0000] {dag.py:3677} INFO - Setting next_dagrun for tutorial_dag to None, run_after=None
[2024-06-17T18:05:46.502+0000] {processor.py:179} INFO - Processing /home/airflow/.local/lib/python3.8/site-packages/airflow/example_dags/tutorial_dag.py took 0.028 seconds
[2024-06-17T18:06:17.089+0000] {processor.py:157} INFO - Started process (PID=232) to work on /home/airflow/.local/lib/python3.8/site-packages/airflow/example_dags/tutorial_dag.py
[2024-06-17T18:06:17.089+0000] {processor.py:829} INFO - Processing file /home/airflow/.local/lib/python3.8/site-packages/airflow/example_dags/tutorial_dag.py for tasks to queue
[2024-06-17T18:06:17.090+0000] {logging_mixin.py:151} INFO - [2024-06-17T18:06:17.090+0000] {dagbag.py:539} INFO - Filling up the DagBag from /home/airflow/.local/lib/python3.8/site-packages/airflow/example_dags/tutorial_dag.py
[2024-06-17T18:06:17.093+0000] {processor.py:839} INFO - DAG(s) dict_keys(['tutorial_dag']) retrieved from /home/airflow/.local/lib/python3.8/site-packages/airflow/example_dags/tutorial_dag.py
[2024-06-17T18:06:17.102+0000] {logging_mixin.py:151} INFO - [2024-06-17T18:06:17.102+0000] {dag.py:2907} INFO - Sync 1 DAGs
[2024-06-17T18:06:17.107+0000] {logging_mixin.py:151} INFO - [2024-06-17T18:06:17.107+0000] {dag.py:3677} INFO - Setting next_dagrun for tutorial_dag to None, run_after=None
[2024-06-17T18:06:17.114+0000] {processor.py:179} INFO - Processing /home/airflow/.local/lib/python3.8/site-packages/airflow/example_dags/tutorial_dag.py took 0.027 seconds
[2024-06-17T18:06:47.606+0000] {processor.py:157} INFO - Started process (PID=287) to work on /home/airflow/.local/lib/python3.8/site-packages/airflow/example_dags/tutorial_dag.py
[2024-06-17T18:06:47.607+0000] {processor.py:829} INFO - Processing file /home/airflow/.local/lib/python3.8/site-packages/airflow/example_dags/tutorial_dag.py for tasks to queue
[2024-06-17T18:06:47.608+0000] {logging_mixin.py:151} INFO - [2024-06-17T18:06:47.608+0000] {dagbag.py:539} INFO - Filling up the DagBag from /home/airflow/.local/lib/python3.8/site-packages/airflow/example_dags/tutorial_dag.py
[2024-06-17T18:06:47.610+0000] {processor.py:839} INFO - DAG(s) dict_keys(['tutorial_dag']) retrieved from /home/airflow/.local/lib/python3.8/site-packages/airflow/example_dags/tutorial_dag.py
[2024-06-17T18:06:47.619+0000] {logging_mixin.py:151} INFO - [2024-06-17T18:06:47.619+0000] {dag.py:2907} INFO - Sync 1 DAGs
[2024-06-17T18:06:47.624+0000] {logging_mixin.py:151} INFO - [2024-06-17T18:06:47.624+0000] {dag.py:3677} INFO - Setting next_dagrun for tutorial_dag to None, run_after=None
[2024-06-17T18:06:47.631+0000] {processor.py:179} INFO - Processing /home/airflow/.local/lib/python3.8/site-packages/airflow/example_dags/tutorial_dag.py took 0.027 seconds
[2024-06-17T18:07:18.018+0000] {processor.py:157} INFO - Started process (PID=342) to work on /home/airflow/.local/lib/python3.8/site-packages/airflow/example_dags/tutorial_dag.py
[2024-06-17T18:07:18.019+0000] {processor.py:829} INFO - Processing file /home/airflow/.local/lib/python3.8/site-packages/airflow/example_dags/tutorial_dag.py for tasks to queue
[2024-06-17T18:07:18.019+0000] {logging_mixin.py:151} INFO - [2024-06-17T18:07:18.019+0000] {dagbag.py:539} INFO - Filling up the DagBag from /home/airflow/.local/lib/python3.8/site-packages/airflow/example_dags/tutorial_dag.py
[2024-06-17T18:07:18.022+0000] {processor.py:839} INFO - DAG(s) dict_keys(['tutorial_dag']) retrieved from /home/airflow/.local/lib/python3.8/site-packages/airflow/example_dags/tutorial_dag.py
[2024-06-17T18:07:18.030+0000] {logging_mixin.py:151} INFO - [2024-06-17T18:07:18.030+0000] {dag.py:2907} INFO - Sync 1 DAGs
[2024-06-17T18:07:18.035+0000] {logging_mixin.py:151} INFO - [2024-06-17T18:07:18.035+0000] {dag.py:3677} INFO - Setting next_dagrun for tutorial_dag to None, run_after=None
[2024-06-17T18:07:18.041+0000] {processor.py:179} INFO - Processing /home/airflow/.local/lib/python3.8/site-packages/airflow/example_dags/tutorial_dag.py took 0.025 seconds
