[2024-06-17T17:56:42.449+0000] {processor.py:157} INFO - Started process (PID=65) to work on /home/airflow/.local/lib/python3.8/site-packages/airflow/example_dags/tutorial_taskflow_api.py
[2024-06-17T17:56:42.449+0000] {processor.py:829} INFO - Processing file /home/airflow/.local/lib/python3.8/site-packages/airflow/example_dags/tutorial_taskflow_api.py for tasks to queue
[2024-06-17T17:56:42.450+0000] {logging_mixin.py:151} INFO - [2024-06-17T17:56:42.450+0000] {dagbag.py:539} INFO - Filling up the DagBag from /home/airflow/.local/lib/python3.8/site-packages/airflow/example_dags/tutorial_taskflow_api.py
[2024-06-17T17:56:42.453+0000] {processor.py:839} INFO - DAG(s) dict_keys(['tutorial_taskflow_api']) retrieved from /home/airflow/.local/lib/python3.8/site-packages/airflow/example_dags/tutorial_taskflow_api.py
[2024-06-17T17:56:42.494+0000] {logging_mixin.py:151} INFO - [2024-06-17T17:56:42.494+0000] {manager.py:501} INFO - Created Permission View: can delete on DAG:tutorial_taskflow_api
[2024-06-17T17:56:42.498+0000] {logging_mixin.py:151} INFO - [2024-06-17T17:56:42.498+0000] {manager.py:501} INFO - Created Permission View: can read on DAG:tutorial_taskflow_api
[2024-06-17T17:56:42.500+0000] {logging_mixin.py:151} INFO - [2024-06-17T17:56:42.499+0000] {manager.py:501} INFO - Created Permission View: can edit on DAG:tutorial_taskflow_api
[2024-06-17T17:56:42.504+0000] {logging_mixin.py:151} INFO - [2024-06-17T17:56:42.504+0000] {dag.py:2907} INFO - Sync 1 DAGs
[2024-06-17T17:56:42.509+0000] {logging_mixin.py:151} INFO - [2024-06-17T17:56:42.509+0000] {dag.py:2929} INFO - Creating ORM DAG for tutorial_taskflow_api
[2024-06-17T17:56:42.509+0000] {logging_mixin.py:151} INFO - [2024-06-17T17:56:42.509+0000] {dag.py:3677} INFO - Setting next_dagrun for tutorial_taskflow_api to None, run_after=None
[2024-06-17T17:56:42.516+0000] {processor.py:179} INFO - Processing /home/airflow/.local/lib/python3.8/site-packages/airflow/example_dags/tutorial_taskflow_api.py took 0.069 seconds
[2024-06-17T17:57:12.815+0000] {processor.py:157} INFO - Started process (PID=119) to work on /home/airflow/.local/lib/python3.8/site-packages/airflow/example_dags/tutorial_taskflow_api.py
[2024-06-17T17:57:12.815+0000] {processor.py:829} INFO - Processing file /home/airflow/.local/lib/python3.8/site-packages/airflow/example_dags/tutorial_taskflow_api.py for tasks to queue
[2024-06-17T17:57:12.816+0000] {logging_mixin.py:151} INFO - [2024-06-17T17:57:12.816+0000] {dagbag.py:539} INFO - Filling up the DagBag from /home/airflow/.local/lib/python3.8/site-packages/airflow/example_dags/tutorial_taskflow_api.py
[2024-06-17T17:57:12.819+0000] {processor.py:839} INFO - DAG(s) dict_keys(['tutorial_taskflow_api']) retrieved from /home/airflow/.local/lib/python3.8/site-packages/airflow/example_dags/tutorial_taskflow_api.py
[2024-06-17T17:57:12.828+0000] {logging_mixin.py:151} INFO - [2024-06-17T17:57:12.828+0000] {dag.py:2907} INFO - Sync 1 DAGs
[2024-06-17T17:57:12.833+0000] {logging_mixin.py:151} INFO - [2024-06-17T17:57:12.833+0000] {dag.py:3677} INFO - Setting next_dagrun for tutorial_taskflow_api to None, run_after=None
[2024-06-17T17:57:12.840+0000] {processor.py:179} INFO - Processing /home/airflow/.local/lib/python3.8/site-packages/airflow/example_dags/tutorial_taskflow_api.py took 0.026 seconds
[2024-06-17T17:57:43.414+0000] {processor.py:157} INFO - Started process (PID=175) to work on /home/airflow/.local/lib/python3.8/site-packages/airflow/example_dags/tutorial_taskflow_api.py
[2024-06-17T17:57:43.414+0000] {processor.py:829} INFO - Processing file /home/airflow/.local/lib/python3.8/site-packages/airflow/example_dags/tutorial_taskflow_api.py for tasks to queue
[2024-06-17T17:57:43.415+0000] {logging_mixin.py:151} INFO - [2024-06-17T17:57:43.415+0000] {dagbag.py:539} INFO - Filling up the DagBag from /home/airflow/.local/lib/python3.8/site-packages/airflow/example_dags/tutorial_taskflow_api.py
[2024-06-17T17:57:43.418+0000] {processor.py:839} INFO - DAG(s) dict_keys(['tutorial_taskflow_api']) retrieved from /home/airflow/.local/lib/python3.8/site-packages/airflow/example_dags/tutorial_taskflow_api.py
[2024-06-17T17:57:43.426+0000] {logging_mixin.py:151} INFO - [2024-06-17T17:57:43.426+0000] {dag.py:2907} INFO - Sync 1 DAGs
[2024-06-17T17:57:43.431+0000] {logging_mixin.py:151} INFO - [2024-06-17T17:57:43.431+0000] {dag.py:3677} INFO - Setting next_dagrun for tutorial_taskflow_api to None, run_after=None
[2024-06-17T17:57:43.438+0000] {processor.py:179} INFO - Processing /home/airflow/.local/lib/python3.8/site-packages/airflow/example_dags/tutorial_taskflow_api.py took 0.026 seconds
[2024-06-17T17:58:13.973+0000] {processor.py:157} INFO - Started process (PID=230) to work on /home/airflow/.local/lib/python3.8/site-packages/airflow/example_dags/tutorial_taskflow_api.py
[2024-06-17T17:58:13.973+0000] {processor.py:829} INFO - Processing file /home/airflow/.local/lib/python3.8/site-packages/airflow/example_dags/tutorial_taskflow_api.py for tasks to queue
[2024-06-17T17:58:13.974+0000] {logging_mixin.py:151} INFO - [2024-06-17T17:58:13.974+0000] {dagbag.py:539} INFO - Filling up the DagBag from /home/airflow/.local/lib/python3.8/site-packages/airflow/example_dags/tutorial_taskflow_api.py
[2024-06-17T17:58:13.977+0000] {processor.py:839} INFO - DAG(s) dict_keys(['tutorial_taskflow_api']) retrieved from /home/airflow/.local/lib/python3.8/site-packages/airflow/example_dags/tutorial_taskflow_api.py
[2024-06-17T17:58:13.985+0000] {logging_mixin.py:151} INFO - [2024-06-17T17:58:13.985+0000] {dag.py:2907} INFO - Sync 1 DAGs
[2024-06-17T17:58:13.990+0000] {logging_mixin.py:151} INFO - [2024-06-17T17:58:13.990+0000] {dag.py:3677} INFO - Setting next_dagrun for tutorial_taskflow_api to None, run_after=None
[2024-06-17T17:58:13.997+0000] {processor.py:179} INFO - Processing /home/airflow/.local/lib/python3.8/site-packages/airflow/example_dags/tutorial_taskflow_api.py took 0.026 seconds
[2024-06-17T17:58:44.494+0000] {processor.py:157} INFO - Started process (PID=285) to work on /home/airflow/.local/lib/python3.8/site-packages/airflow/example_dags/tutorial_taskflow_api.py
[2024-06-17T17:58:44.495+0000] {processor.py:829} INFO - Processing file /home/airflow/.local/lib/python3.8/site-packages/airflow/example_dags/tutorial_taskflow_api.py for tasks to queue
[2024-06-17T17:58:44.495+0000] {logging_mixin.py:151} INFO - [2024-06-17T17:58:44.495+0000] {dagbag.py:539} INFO - Filling up the DagBag from /home/airflow/.local/lib/python3.8/site-packages/airflow/example_dags/tutorial_taskflow_api.py
[2024-06-17T17:58:44.498+0000] {processor.py:839} INFO - DAG(s) dict_keys(['tutorial_taskflow_api']) retrieved from /home/airflow/.local/lib/python3.8/site-packages/airflow/example_dags/tutorial_taskflow_api.py
[2024-06-17T17:58:44.507+0000] {logging_mixin.py:151} INFO - [2024-06-17T17:58:44.506+0000] {dag.py:2907} INFO - Sync 1 DAGs
[2024-06-17T17:58:44.512+0000] {logging_mixin.py:151} INFO - [2024-06-17T17:58:44.512+0000] {dag.py:3677} INFO - Setting next_dagrun for tutorial_taskflow_api to None, run_after=None
[2024-06-17T17:58:44.518+0000] {processor.py:179} INFO - Processing /home/airflow/.local/lib/python3.8/site-packages/airflow/example_dags/tutorial_taskflow_api.py took 0.026 seconds
[2024-06-17T17:59:15.028+0000] {processor.py:157} INFO - Started process (PID=340) to work on /home/airflow/.local/lib/python3.8/site-packages/airflow/example_dags/tutorial_taskflow_api.py
[2024-06-17T17:59:15.029+0000] {processor.py:829} INFO - Processing file /home/airflow/.local/lib/python3.8/site-packages/airflow/example_dags/tutorial_taskflow_api.py for tasks to queue
[2024-06-17T17:59:15.030+0000] {logging_mixin.py:151} INFO - [2024-06-17T17:59:15.029+0000] {dagbag.py:539} INFO - Filling up the DagBag from /home/airflow/.local/lib/python3.8/site-packages/airflow/example_dags/tutorial_taskflow_api.py
[2024-06-17T17:59:15.032+0000] {processor.py:839} INFO - DAG(s) dict_keys(['tutorial_taskflow_api']) retrieved from /home/airflow/.local/lib/python3.8/site-packages/airflow/example_dags/tutorial_taskflow_api.py
[2024-06-17T17:59:15.041+0000] {logging_mixin.py:151} INFO - [2024-06-17T17:59:15.040+0000] {dag.py:2907} INFO - Sync 1 DAGs
[2024-06-17T17:59:15.046+0000] {logging_mixin.py:151} INFO - [2024-06-17T17:59:15.046+0000] {dag.py:3677} INFO - Setting next_dagrun for tutorial_taskflow_api to None, run_after=None
[2024-06-17T17:59:15.052+0000] {processor.py:179} INFO - Processing /home/airflow/.local/lib/python3.8/site-packages/airflow/example_dags/tutorial_taskflow_api.py took 0.026 seconds
[2024-06-17T17:59:45.499+0000] {processor.py:157} INFO - Started process (PID=395) to work on /home/airflow/.local/lib/python3.8/site-packages/airflow/example_dags/tutorial_taskflow_api.py
[2024-06-17T17:59:45.499+0000] {processor.py:829} INFO - Processing file /home/airflow/.local/lib/python3.8/site-packages/airflow/example_dags/tutorial_taskflow_api.py for tasks to queue
[2024-06-17T17:59:45.500+0000] {logging_mixin.py:151} INFO - [2024-06-17T17:59:45.500+0000] {dagbag.py:539} INFO - Filling up the DagBag from /home/airflow/.local/lib/python3.8/site-packages/airflow/example_dags/tutorial_taskflow_api.py
[2024-06-17T17:59:45.503+0000] {processor.py:839} INFO - DAG(s) dict_keys(['tutorial_taskflow_api']) retrieved from /home/airflow/.local/lib/python3.8/site-packages/airflow/example_dags/tutorial_taskflow_api.py
[2024-06-17T17:59:45.511+0000] {logging_mixin.py:151} INFO - [2024-06-17T17:59:45.511+0000] {dag.py:2907} INFO - Sync 1 DAGs
[2024-06-17T17:59:45.516+0000] {logging_mixin.py:151} INFO - [2024-06-17T17:59:45.516+0000] {dag.py:3677} INFO - Setting next_dagrun for tutorial_taskflow_api to None, run_after=None
[2024-06-17T17:59:45.523+0000] {processor.py:179} INFO - Processing /home/airflow/.local/lib/python3.8/site-packages/airflow/example_dags/tutorial_taskflow_api.py took 0.025 seconds
[2024-06-17T18:00:16.061+0000] {processor.py:157} INFO - Started process (PID=450) to work on /home/airflow/.local/lib/python3.8/site-packages/airflow/example_dags/tutorial_taskflow_api.py
[2024-06-17T18:00:16.061+0000] {processor.py:829} INFO - Processing file /home/airflow/.local/lib/python3.8/site-packages/airflow/example_dags/tutorial_taskflow_api.py for tasks to queue
[2024-06-17T18:00:16.062+0000] {logging_mixin.py:151} INFO - [2024-06-17T18:00:16.062+0000] {dagbag.py:539} INFO - Filling up the DagBag from /home/airflow/.local/lib/python3.8/site-packages/airflow/example_dags/tutorial_taskflow_api.py
[2024-06-17T18:00:16.065+0000] {processor.py:839} INFO - DAG(s) dict_keys(['tutorial_taskflow_api']) retrieved from /home/airflow/.local/lib/python3.8/site-packages/airflow/example_dags/tutorial_taskflow_api.py
[2024-06-17T18:00:16.073+0000] {logging_mixin.py:151} INFO - [2024-06-17T18:00:16.073+0000] {dag.py:2907} INFO - Sync 1 DAGs
[2024-06-17T18:00:16.078+0000] {logging_mixin.py:151} INFO - [2024-06-17T18:00:16.078+0000] {dag.py:3677} INFO - Setting next_dagrun for tutorial_taskflow_api to None, run_after=None
[2024-06-17T18:00:16.085+0000] {processor.py:179} INFO - Processing /home/airflow/.local/lib/python3.8/site-packages/airflow/example_dags/tutorial_taskflow_api.py took 0.026 seconds
[2024-06-17T18:00:46.543+0000] {processor.py:157} INFO - Started process (PID=505) to work on /home/airflow/.local/lib/python3.8/site-packages/airflow/example_dags/tutorial_taskflow_api.py
[2024-06-17T18:00:46.543+0000] {processor.py:829} INFO - Processing file /home/airflow/.local/lib/python3.8/site-packages/airflow/example_dags/tutorial_taskflow_api.py for tasks to queue
[2024-06-17T18:00:46.544+0000] {logging_mixin.py:151} INFO - [2024-06-17T18:00:46.544+0000] {dagbag.py:539} INFO - Filling up the DagBag from /home/airflow/.local/lib/python3.8/site-packages/airflow/example_dags/tutorial_taskflow_api.py
[2024-06-17T18:00:46.547+0000] {processor.py:839} INFO - DAG(s) dict_keys(['tutorial_taskflow_api']) retrieved from /home/airflow/.local/lib/python3.8/site-packages/airflow/example_dags/tutorial_taskflow_api.py
[2024-06-17T18:00:46.556+0000] {logging_mixin.py:151} INFO - [2024-06-17T18:00:46.555+0000] {dag.py:2907} INFO - Sync 1 DAGs
[2024-06-17T18:00:46.561+0000] {logging_mixin.py:151} INFO - [2024-06-17T18:00:46.561+0000] {dag.py:3677} INFO - Setting next_dagrun for tutorial_taskflow_api to None, run_after=None
[2024-06-17T18:00:46.568+0000] {processor.py:179} INFO - Processing /home/airflow/.local/lib/python3.8/site-packages/airflow/example_dags/tutorial_taskflow_api.py took 0.026 seconds
[2024-06-17T18:01:17.141+0000] {processor.py:157} INFO - Started process (PID=560) to work on /home/airflow/.local/lib/python3.8/site-packages/airflow/example_dags/tutorial_taskflow_api.py
[2024-06-17T18:01:17.142+0000] {processor.py:829} INFO - Processing file /home/airflow/.local/lib/python3.8/site-packages/airflow/example_dags/tutorial_taskflow_api.py for tasks to queue
[2024-06-17T18:01:17.142+0000] {logging_mixin.py:151} INFO - [2024-06-17T18:01:17.142+0000] {dagbag.py:539} INFO - Filling up the DagBag from /home/airflow/.local/lib/python3.8/site-packages/airflow/example_dags/tutorial_taskflow_api.py
[2024-06-17T18:01:17.146+0000] {processor.py:839} INFO - DAG(s) dict_keys(['tutorial_taskflow_api']) retrieved from /home/airflow/.local/lib/python3.8/site-packages/airflow/example_dags/tutorial_taskflow_api.py
[2024-06-17T18:01:17.155+0000] {logging_mixin.py:151} INFO - [2024-06-17T18:01:17.155+0000] {dag.py:2907} INFO - Sync 1 DAGs
[2024-06-17T18:01:17.161+0000] {logging_mixin.py:151} INFO - [2024-06-17T18:01:17.161+0000] {dag.py:3677} INFO - Setting next_dagrun for tutorial_taskflow_api to None, run_after=None
[2024-06-17T18:01:17.168+0000] {processor.py:179} INFO - Processing /home/airflow/.local/lib/python3.8/site-packages/airflow/example_dags/tutorial_taskflow_api.py took 0.029 seconds
[2024-06-17T18:01:47.701+0000] {processor.py:157} INFO - Started process (PID=615) to work on /home/airflow/.local/lib/python3.8/site-packages/airflow/example_dags/tutorial_taskflow_api.py
[2024-06-17T18:01:47.701+0000] {processor.py:829} INFO - Processing file /home/airflow/.local/lib/python3.8/site-packages/airflow/example_dags/tutorial_taskflow_api.py for tasks to queue
[2024-06-17T18:01:47.702+0000] {logging_mixin.py:151} INFO - [2024-06-17T18:01:47.702+0000] {dagbag.py:539} INFO - Filling up the DagBag from /home/airflow/.local/lib/python3.8/site-packages/airflow/example_dags/tutorial_taskflow_api.py
[2024-06-17T18:01:47.705+0000] {processor.py:839} INFO - DAG(s) dict_keys(['tutorial_taskflow_api']) retrieved from /home/airflow/.local/lib/python3.8/site-packages/airflow/example_dags/tutorial_taskflow_api.py
[2024-06-17T18:01:47.714+0000] {logging_mixin.py:151} INFO - [2024-06-17T18:01:47.714+0000] {dag.py:2907} INFO - Sync 1 DAGs
[2024-06-17T18:01:47.719+0000] {logging_mixin.py:151} INFO - [2024-06-17T18:01:47.719+0000] {dag.py:3677} INFO - Setting next_dagrun for tutorial_taskflow_api to None, run_after=None
[2024-06-17T18:01:47.726+0000] {processor.py:179} INFO - Processing /home/airflow/.local/lib/python3.8/site-packages/airflow/example_dags/tutorial_taskflow_api.py took 0.026 seconds
[2024-06-17T18:02:18.261+0000] {processor.py:157} INFO - Started process (PID=670) to work on /home/airflow/.local/lib/python3.8/site-packages/airflow/example_dags/tutorial_taskflow_api.py
[2024-06-17T18:02:18.262+0000] {processor.py:829} INFO - Processing file /home/airflow/.local/lib/python3.8/site-packages/airflow/example_dags/tutorial_taskflow_api.py for tasks to queue
[2024-06-17T18:02:18.263+0000] {logging_mixin.py:151} INFO - [2024-06-17T18:02:18.262+0000] {dagbag.py:539} INFO - Filling up the DagBag from /home/airflow/.local/lib/python3.8/site-packages/airflow/example_dags/tutorial_taskflow_api.py
[2024-06-17T18:02:18.265+0000] {processor.py:839} INFO - DAG(s) dict_keys(['tutorial_taskflow_api']) retrieved from /home/airflow/.local/lib/python3.8/site-packages/airflow/example_dags/tutorial_taskflow_api.py
[2024-06-17T18:02:18.274+0000] {logging_mixin.py:151} INFO - [2024-06-17T18:02:18.274+0000] {dag.py:2907} INFO - Sync 1 DAGs
[2024-06-17T18:02:18.279+0000] {logging_mixin.py:151} INFO - [2024-06-17T18:02:18.279+0000] {dag.py:3677} INFO - Setting next_dagrun for tutorial_taskflow_api to None, run_after=None
[2024-06-17T18:02:18.286+0000] {processor.py:179} INFO - Processing /home/airflow/.local/lib/python3.8/site-packages/airflow/example_dags/tutorial_taskflow_api.py took 0.026 seconds
[2024-06-17T18:02:48.835+0000] {processor.py:157} INFO - Started process (PID=725) to work on /home/airflow/.local/lib/python3.8/site-packages/airflow/example_dags/tutorial_taskflow_api.py
[2024-06-17T18:02:48.836+0000] {processor.py:829} INFO - Processing file /home/airflow/.local/lib/python3.8/site-packages/airflow/example_dags/tutorial_taskflow_api.py for tasks to queue
[2024-06-17T18:02:48.837+0000] {logging_mixin.py:151} INFO - [2024-06-17T18:02:48.837+0000] {dagbag.py:539} INFO - Filling up the DagBag from /home/airflow/.local/lib/python3.8/site-packages/airflow/example_dags/tutorial_taskflow_api.py
[2024-06-17T18:02:48.840+0000] {processor.py:839} INFO - DAG(s) dict_keys(['tutorial_taskflow_api']) retrieved from /home/airflow/.local/lib/python3.8/site-packages/airflow/example_dags/tutorial_taskflow_api.py
[2024-06-17T18:02:48.850+0000] {logging_mixin.py:151} INFO - [2024-06-17T18:02:48.850+0000] {dag.py:2907} INFO - Sync 1 DAGs
[2024-06-17T18:02:48.855+0000] {logging_mixin.py:151} INFO - [2024-06-17T18:02:48.855+0000] {dag.py:3677} INFO - Setting next_dagrun for tutorial_taskflow_api to None, run_after=None
[2024-06-17T18:02:48.862+0000] {processor.py:179} INFO - Processing /home/airflow/.local/lib/python3.8/site-packages/airflow/example_dags/tutorial_taskflow_api.py took 0.029 seconds
[2024-06-17T18:03:19.308+0000] {processor.py:157} INFO - Started process (PID=780) to work on /home/airflow/.local/lib/python3.8/site-packages/airflow/example_dags/tutorial_taskflow_api.py
[2024-06-17T18:03:19.308+0000] {processor.py:829} INFO - Processing file /home/airflow/.local/lib/python3.8/site-packages/airflow/example_dags/tutorial_taskflow_api.py for tasks to queue
[2024-06-17T18:03:19.309+0000] {logging_mixin.py:151} INFO - [2024-06-17T18:03:19.309+0000] {dagbag.py:539} INFO - Filling up the DagBag from /home/airflow/.local/lib/python3.8/site-packages/airflow/example_dags/tutorial_taskflow_api.py
[2024-06-17T18:03:19.312+0000] {processor.py:839} INFO - DAG(s) dict_keys(['tutorial_taskflow_api']) retrieved from /home/airflow/.local/lib/python3.8/site-packages/airflow/example_dags/tutorial_taskflow_api.py
[2024-06-17T18:03:19.321+0000] {logging_mixin.py:151} INFO - [2024-06-17T18:03:19.321+0000] {dag.py:2907} INFO - Sync 1 DAGs
[2024-06-17T18:03:19.326+0000] {logging_mixin.py:151} INFO - [2024-06-17T18:03:19.326+0000] {dag.py:3677} INFO - Setting next_dagrun for tutorial_taskflow_api to None, run_after=None
[2024-06-17T18:03:19.333+0000] {processor.py:179} INFO - Processing /home/airflow/.local/lib/python3.8/site-packages/airflow/example_dags/tutorial_taskflow_api.py took 0.026 seconds
[2024-06-17T18:03:49.799+0000] {processor.py:157} INFO - Started process (PID=835) to work on /home/airflow/.local/lib/python3.8/site-packages/airflow/example_dags/tutorial_taskflow_api.py
[2024-06-17T18:03:49.799+0000] {processor.py:829} INFO - Processing file /home/airflow/.local/lib/python3.8/site-packages/airflow/example_dags/tutorial_taskflow_api.py for tasks to queue
[2024-06-17T18:03:49.800+0000] {logging_mixin.py:151} INFO - [2024-06-17T18:03:49.800+0000] {dagbag.py:539} INFO - Filling up the DagBag from /home/airflow/.local/lib/python3.8/site-packages/airflow/example_dags/tutorial_taskflow_api.py
[2024-06-17T18:03:49.803+0000] {processor.py:839} INFO - DAG(s) dict_keys(['tutorial_taskflow_api']) retrieved from /home/airflow/.local/lib/python3.8/site-packages/airflow/example_dags/tutorial_taskflow_api.py
[2024-06-17T18:03:49.814+0000] {logging_mixin.py:151} INFO - [2024-06-17T18:03:49.813+0000] {dag.py:2907} INFO - Sync 1 DAGs
[2024-06-17T18:03:49.819+0000] {logging_mixin.py:151} INFO - [2024-06-17T18:03:49.819+0000] {dag.py:3677} INFO - Setting next_dagrun for tutorial_taskflow_api to None, run_after=None
[2024-06-17T18:03:49.827+0000] {processor.py:179} INFO - Processing /home/airflow/.local/lib/python3.8/site-packages/airflow/example_dags/tutorial_taskflow_api.py took 0.029 seconds
[2024-06-17T18:04:20.329+0000] {processor.py:157} INFO - Started process (PID=890) to work on /home/airflow/.local/lib/python3.8/site-packages/airflow/example_dags/tutorial_taskflow_api.py
[2024-06-17T18:04:20.329+0000] {processor.py:829} INFO - Processing file /home/airflow/.local/lib/python3.8/site-packages/airflow/example_dags/tutorial_taskflow_api.py for tasks to queue
[2024-06-17T18:04:20.330+0000] {logging_mixin.py:151} INFO - [2024-06-17T18:04:20.330+0000] {dagbag.py:539} INFO - Filling up the DagBag from /home/airflow/.local/lib/python3.8/site-packages/airflow/example_dags/tutorial_taskflow_api.py
[2024-06-17T18:04:20.334+0000] {processor.py:839} INFO - DAG(s) dict_keys(['tutorial_taskflow_api']) retrieved from /home/airflow/.local/lib/python3.8/site-packages/airflow/example_dags/tutorial_taskflow_api.py
[2024-06-17T18:04:20.343+0000] {logging_mixin.py:151} INFO - [2024-06-17T18:04:20.343+0000] {dag.py:2907} INFO - Sync 1 DAGs
[2024-06-17T18:04:20.348+0000] {logging_mixin.py:151} INFO - [2024-06-17T18:04:20.348+0000] {dag.py:3677} INFO - Setting next_dagrun for tutorial_taskflow_api to None, run_after=None
[2024-06-17T18:04:20.355+0000] {processor.py:179} INFO - Processing /home/airflow/.local/lib/python3.8/site-packages/airflow/example_dags/tutorial_taskflow_api.py took 0.028 seconds
[2024-06-17T18:04:44.170+0000] {processor.py:157} INFO - Started process (PID=64) to work on /home/airflow/.local/lib/python3.8/site-packages/airflow/example_dags/tutorial_taskflow_api.py
[2024-06-17T18:04:44.171+0000] {processor.py:829} INFO - Processing file /home/airflow/.local/lib/python3.8/site-packages/airflow/example_dags/tutorial_taskflow_api.py for tasks to queue
[2024-06-17T18:04:44.173+0000] {logging_mixin.py:151} INFO - [2024-06-17T18:04:44.173+0000] {dagbag.py:539} INFO - Filling up the DagBag from /home/airflow/.local/lib/python3.8/site-packages/airflow/example_dags/tutorial_taskflow_api.py
[2024-06-17T18:04:44.179+0000] {processor.py:839} INFO - DAG(s) dict_keys(['tutorial_taskflow_api']) retrieved from /home/airflow/.local/lib/python3.8/site-packages/airflow/example_dags/tutorial_taskflow_api.py
[2024-06-17T18:04:44.189+0000] {logging_mixin.py:151} INFO - [2024-06-17T18:04:44.188+0000] {dag.py:2907} INFO - Sync 1 DAGs
[2024-06-17T18:04:44.200+0000] {logging_mixin.py:151} INFO - [2024-06-17T18:04:44.200+0000] {dag.py:3677} INFO - Setting next_dagrun for tutorial_taskflow_api to None, run_after=None
[2024-06-17T18:04:44.216+0000] {processor.py:179} INFO - Processing /home/airflow/.local/lib/python3.8/site-packages/airflow/example_dags/tutorial_taskflow_api.py took 0.050 seconds
[2024-06-17T18:05:15.674+0000] {processor.py:157} INFO - Started process (PID=119) to work on /home/airflow/.local/lib/python3.8/site-packages/airflow/example_dags/tutorial_taskflow_api.py
[2024-06-17T18:05:15.675+0000] {processor.py:829} INFO - Processing file /home/airflow/.local/lib/python3.8/site-packages/airflow/example_dags/tutorial_taskflow_api.py for tasks to queue
[2024-06-17T18:05:15.676+0000] {logging_mixin.py:151} INFO - [2024-06-17T18:05:15.676+0000] {dagbag.py:539} INFO - Filling up the DagBag from /home/airflow/.local/lib/python3.8/site-packages/airflow/example_dags/tutorial_taskflow_api.py
[2024-06-17T18:05:15.679+0000] {processor.py:839} INFO - DAG(s) dict_keys(['tutorial_taskflow_api']) retrieved from /home/airflow/.local/lib/python3.8/site-packages/airflow/example_dags/tutorial_taskflow_api.py
[2024-06-17T18:05:15.688+0000] {logging_mixin.py:151} INFO - [2024-06-17T18:05:15.688+0000] {dag.py:2907} INFO - Sync 1 DAGs
[2024-06-17T18:05:15.693+0000] {logging_mixin.py:151} INFO - [2024-06-17T18:05:15.693+0000] {dag.py:3677} INFO - Setting next_dagrun for tutorial_taskflow_api to None, run_after=None
[2024-06-17T18:05:15.700+0000] {processor.py:179} INFO - Processing /home/airflow/.local/lib/python3.8/site-packages/airflow/example_dags/tutorial_taskflow_api.py took 0.028 seconds
[2024-06-17T18:05:46.340+0000] {processor.py:157} INFO - Started process (PID=174) to work on /home/airflow/.local/lib/python3.8/site-packages/airflow/example_dags/tutorial_taskflow_api.py
[2024-06-17T18:05:46.340+0000] {processor.py:829} INFO - Processing file /home/airflow/.local/lib/python3.8/site-packages/airflow/example_dags/tutorial_taskflow_api.py for tasks to queue
[2024-06-17T18:05:46.341+0000] {logging_mixin.py:151} INFO - [2024-06-17T18:05:46.341+0000] {dagbag.py:539} INFO - Filling up the DagBag from /home/airflow/.local/lib/python3.8/site-packages/airflow/example_dags/tutorial_taskflow_api.py
[2024-06-17T18:05:46.344+0000] {processor.py:839} INFO - DAG(s) dict_keys(['tutorial_taskflow_api']) retrieved from /home/airflow/.local/lib/python3.8/site-packages/airflow/example_dags/tutorial_taskflow_api.py
[2024-06-17T18:05:46.353+0000] {logging_mixin.py:151} INFO - [2024-06-17T18:05:46.353+0000] {dag.py:2907} INFO - Sync 1 DAGs
[2024-06-17T18:05:46.359+0000] {logging_mixin.py:151} INFO - [2024-06-17T18:05:46.358+0000] {dag.py:3677} INFO - Setting next_dagrun for tutorial_taskflow_api to None, run_after=None
[2024-06-17T18:05:46.365+0000] {processor.py:179} INFO - Processing /home/airflow/.local/lib/python3.8/site-packages/airflow/example_dags/tutorial_taskflow_api.py took 0.027 seconds
[2024-06-17T18:06:16.963+0000] {processor.py:157} INFO - Started process (PID=229) to work on /home/airflow/.local/lib/python3.8/site-packages/airflow/example_dags/tutorial_taskflow_api.py
[2024-06-17T18:06:16.963+0000] {processor.py:829} INFO - Processing file /home/airflow/.local/lib/python3.8/site-packages/airflow/example_dags/tutorial_taskflow_api.py for tasks to queue
[2024-06-17T18:06:16.964+0000] {logging_mixin.py:151} INFO - [2024-06-17T18:06:16.964+0000] {dagbag.py:539} INFO - Filling up the DagBag from /home/airflow/.local/lib/python3.8/site-packages/airflow/example_dags/tutorial_taskflow_api.py
[2024-06-17T18:06:16.967+0000] {processor.py:839} INFO - DAG(s) dict_keys(['tutorial_taskflow_api']) retrieved from /home/airflow/.local/lib/python3.8/site-packages/airflow/example_dags/tutorial_taskflow_api.py
[2024-06-17T18:06:16.976+0000] {logging_mixin.py:151} INFO - [2024-06-17T18:06:16.976+0000] {dag.py:2907} INFO - Sync 1 DAGs
[2024-06-17T18:06:16.981+0000] {logging_mixin.py:151} INFO - [2024-06-17T18:06:16.981+0000] {dag.py:3677} INFO - Setting next_dagrun for tutorial_taskflow_api to None, run_after=None
[2024-06-17T18:06:16.988+0000] {processor.py:179} INFO - Processing /home/airflow/.local/lib/python3.8/site-packages/airflow/example_dags/tutorial_taskflow_api.py took 0.027 seconds
[2024-06-17T18:06:47.475+0000] {processor.py:157} INFO - Started process (PID=284) to work on /home/airflow/.local/lib/python3.8/site-packages/airflow/example_dags/tutorial_taskflow_api.py
[2024-06-17T18:06:47.475+0000] {processor.py:829} INFO - Processing file /home/airflow/.local/lib/python3.8/site-packages/airflow/example_dags/tutorial_taskflow_api.py for tasks to queue
[2024-06-17T18:06:47.476+0000] {logging_mixin.py:151} INFO - [2024-06-17T18:06:47.476+0000] {dagbag.py:539} INFO - Filling up the DagBag from /home/airflow/.local/lib/python3.8/site-packages/airflow/example_dags/tutorial_taskflow_api.py
[2024-06-17T18:06:47.479+0000] {processor.py:839} INFO - DAG(s) dict_keys(['tutorial_taskflow_api']) retrieved from /home/airflow/.local/lib/python3.8/site-packages/airflow/example_dags/tutorial_taskflow_api.py
[2024-06-17T18:06:47.487+0000] {logging_mixin.py:151} INFO - [2024-06-17T18:06:47.487+0000] {dag.py:2907} INFO - Sync 1 DAGs
[2024-06-17T18:06:47.492+0000] {logging_mixin.py:151} INFO - [2024-06-17T18:06:47.492+0000] {dag.py:3677} INFO - Setting next_dagrun for tutorial_taskflow_api to None, run_after=None
[2024-06-17T18:06:47.498+0000] {processor.py:179} INFO - Processing /home/airflow/.local/lib/python3.8/site-packages/airflow/example_dags/tutorial_taskflow_api.py took 0.025 seconds
[2024-06-17T18:07:17.886+0000] {processor.py:157} INFO - Started process (PID=339) to work on /home/airflow/.local/lib/python3.8/site-packages/airflow/example_dags/tutorial_taskflow_api.py
[2024-06-17T18:07:17.887+0000] {processor.py:829} INFO - Processing file /home/airflow/.local/lib/python3.8/site-packages/airflow/example_dags/tutorial_taskflow_api.py for tasks to queue
[2024-06-17T18:07:17.888+0000] {logging_mixin.py:151} INFO - [2024-06-17T18:07:17.888+0000] {dagbag.py:539} INFO - Filling up the DagBag from /home/airflow/.local/lib/python3.8/site-packages/airflow/example_dags/tutorial_taskflow_api.py
[2024-06-17T18:07:17.891+0000] {processor.py:839} INFO - DAG(s) dict_keys(['tutorial_taskflow_api']) retrieved from /home/airflow/.local/lib/python3.8/site-packages/airflow/example_dags/tutorial_taskflow_api.py
[2024-06-17T18:07:17.900+0000] {logging_mixin.py:151} INFO - [2024-06-17T18:07:17.900+0000] {dag.py:2907} INFO - Sync 1 DAGs
[2024-06-17T18:07:17.905+0000] {logging_mixin.py:151} INFO - [2024-06-17T18:07:17.905+0000] {dag.py:3677} INFO - Setting next_dagrun for tutorial_taskflow_api to None, run_after=None
[2024-06-17T18:07:17.912+0000] {processor.py:179} INFO - Processing /home/airflow/.local/lib/python3.8/site-packages/airflow/example_dags/tutorial_taskflow_api.py took 0.027 seconds
