[2024-06-17T17:56:40.625+0000] {processor.py:157} INFO - Started process (PID=49) to work on /home/airflow/.local/lib/python3.8/site-packages/airflow/example_dags/tutorial.py
[2024-06-17T17:56:40.626+0000] {processor.py:829} INFO - Processing file /home/airflow/.local/lib/python3.8/site-packages/airflow/example_dags/tutorial.py for tasks to queue
[2024-06-17T17:56:40.627+0000] {logging_mixin.py:151} INFO - [2024-06-17T17:56:40.627+0000] {dagbag.py:539} INFO - Filling up the DagBag from /home/airflow/.local/lib/python3.8/site-packages/airflow/example_dags/tutorial.py
[2024-06-17T17:56:40.630+0000] {processor.py:839} INFO - DAG(s) dict_keys(['tutorial']) retrieved from /home/airflow/.local/lib/python3.8/site-packages/airflow/example_dags/tutorial.py
[2024-06-17T17:56:40.753+0000] {logging_mixin.py:151} INFO - [2024-06-17T17:56:40.753+0000] {manager.py:501} INFO - Created Permission View: can delete on DAG:tutorial
[2024-06-17T17:56:40.760+0000] {logging_mixin.py:151} INFO - [2024-06-17T17:56:40.760+0000] {manager.py:501} INFO - Created Permission View: can read on DAG:tutorial
[2024-06-17T17:56:40.762+0000] {logging_mixin.py:151} INFO - [2024-06-17T17:56:40.762+0000] {manager.py:501} INFO - Created Permission View: can edit on DAG:tutorial
[2024-06-17T17:56:40.768+0000] {logging_mixin.py:151} INFO - [2024-06-17T17:56:40.767+0000] {dag.py:2907} INFO - Sync 1 DAGs
[2024-06-17T17:56:40.772+0000] {logging_mixin.py:151} INFO - [2024-06-17T17:56:40.772+0000] {dag.py:2929} INFO - Creating ORM DAG for tutorial
[2024-06-17T17:56:40.775+0000] {logging_mixin.py:151} INFO - [2024-06-17T17:56:40.775+0000] {dag.py:3677} INFO - Setting next_dagrun for tutorial to 2024-06-16T17:56:40.775774+00:00, run_after=2024-06-17T17:56:40.775774+00:00
[2024-06-17T17:56:40.782+0000] {processor.py:179} INFO - Processing /home/airflow/.local/lib/python3.8/site-packages/airflow/example_dags/tutorial.py took 0.158 seconds
[2024-06-17T17:57:11.415+0000] {processor.py:157} INFO - Started process (PID=104) to work on /home/airflow/.local/lib/python3.8/site-packages/airflow/example_dags/tutorial.py
[2024-06-17T17:57:11.415+0000] {processor.py:829} INFO - Processing file /home/airflow/.local/lib/python3.8/site-packages/airflow/example_dags/tutorial.py for tasks to queue
[2024-06-17T17:57:11.416+0000] {logging_mixin.py:151} INFO - [2024-06-17T17:57:11.416+0000] {dagbag.py:539} INFO - Filling up the DagBag from /home/airflow/.local/lib/python3.8/site-packages/airflow/example_dags/tutorial.py
[2024-06-17T17:57:11.418+0000] {processor.py:839} INFO - DAG(s) dict_keys(['tutorial']) retrieved from /home/airflow/.local/lib/python3.8/site-packages/airflow/example_dags/tutorial.py
[2024-06-17T17:57:11.427+0000] {logging_mixin.py:151} INFO - [2024-06-17T17:57:11.427+0000] {dag.py:2907} INFO - Sync 1 DAGs
[2024-06-17T17:57:11.436+0000] {logging_mixin.py:151} INFO - [2024-06-17T17:57:11.435+0000] {dag.py:3677} INFO - Setting next_dagrun for tutorial to 2024-06-16T17:57:11.435874+00:00, run_after=2024-06-17T17:57:11.435874+00:00
[2024-06-17T17:57:11.442+0000] {processor.py:179} INFO - Processing /home/airflow/.local/lib/python3.8/site-packages/airflow/example_dags/tutorial.py took 0.029 seconds
[2024-06-17T17:57:41.980+0000] {processor.py:157} INFO - Started process (PID=159) to work on /home/airflow/.local/lib/python3.8/site-packages/airflow/example_dags/tutorial.py
[2024-06-17T17:57:41.981+0000] {processor.py:829} INFO - Processing file /home/airflow/.local/lib/python3.8/site-packages/airflow/example_dags/tutorial.py for tasks to queue
[2024-06-17T17:57:41.981+0000] {logging_mixin.py:151} INFO - [2024-06-17T17:57:41.981+0000] {dagbag.py:539} INFO - Filling up the DagBag from /home/airflow/.local/lib/python3.8/site-packages/airflow/example_dags/tutorial.py
[2024-06-17T17:57:41.984+0000] {processor.py:839} INFO - DAG(s) dict_keys(['tutorial']) retrieved from /home/airflow/.local/lib/python3.8/site-packages/airflow/example_dags/tutorial.py
[2024-06-17T17:57:41.993+0000] {logging_mixin.py:151} INFO - [2024-06-17T17:57:41.993+0000] {dag.py:2907} INFO - Sync 1 DAGs
[2024-06-17T17:57:42.002+0000] {logging_mixin.py:151} INFO - [2024-06-17T17:57:42.002+0000] {dag.py:3677} INFO - Setting next_dagrun for tutorial to 2024-06-16T17:57:42.002235+00:00, run_after=2024-06-17T17:57:42.002235+00:00
[2024-06-17T17:57:42.009+0000] {processor.py:179} INFO - Processing /home/airflow/.local/lib/python3.8/site-packages/airflow/example_dags/tutorial.py took 0.030 seconds
[2024-06-17T17:58:12.554+0000] {processor.py:157} INFO - Started process (PID=214) to work on /home/airflow/.local/lib/python3.8/site-packages/airflow/example_dags/tutorial.py
[2024-06-17T17:58:12.554+0000] {processor.py:829} INFO - Processing file /home/airflow/.local/lib/python3.8/site-packages/airflow/example_dags/tutorial.py for tasks to queue
[2024-06-17T17:58:12.555+0000] {logging_mixin.py:151} INFO - [2024-06-17T17:58:12.555+0000] {dagbag.py:539} INFO - Filling up the DagBag from /home/airflow/.local/lib/python3.8/site-packages/airflow/example_dags/tutorial.py
[2024-06-17T17:58:12.558+0000] {processor.py:839} INFO - DAG(s) dict_keys(['tutorial']) retrieved from /home/airflow/.local/lib/python3.8/site-packages/airflow/example_dags/tutorial.py
[2024-06-17T17:58:12.566+0000] {logging_mixin.py:151} INFO - [2024-06-17T17:58:12.566+0000] {dag.py:2907} INFO - Sync 1 DAGs
[2024-06-17T17:58:12.574+0000] {logging_mixin.py:151} INFO - [2024-06-17T17:58:12.574+0000] {dag.py:3677} INFO - Setting next_dagrun for tutorial to 2024-06-16T17:58:12.574807+00:00, run_after=2024-06-17T17:58:12.574807+00:00
[2024-06-17T17:58:12.581+0000] {processor.py:179} INFO - Processing /home/airflow/.local/lib/python3.8/site-packages/airflow/example_dags/tutorial.py took 0.029 seconds
[2024-06-17T17:58:43.064+0000] {processor.py:157} INFO - Started process (PID=269) to work on /home/airflow/.local/lib/python3.8/site-packages/airflow/example_dags/tutorial.py
[2024-06-17T17:58:43.064+0000] {processor.py:829} INFO - Processing file /home/airflow/.local/lib/python3.8/site-packages/airflow/example_dags/tutorial.py for tasks to queue
[2024-06-17T17:58:43.065+0000] {logging_mixin.py:151} INFO - [2024-06-17T17:58:43.065+0000] {dagbag.py:539} INFO - Filling up the DagBag from /home/airflow/.local/lib/python3.8/site-packages/airflow/example_dags/tutorial.py
[2024-06-17T17:58:43.068+0000] {processor.py:839} INFO - DAG(s) dict_keys(['tutorial']) retrieved from /home/airflow/.local/lib/python3.8/site-packages/airflow/example_dags/tutorial.py
[2024-06-17T17:58:43.076+0000] {logging_mixin.py:151} INFO - [2024-06-17T17:58:43.076+0000] {dag.py:2907} INFO - Sync 1 DAGs
[2024-06-17T17:58:43.085+0000] {logging_mixin.py:151} INFO - [2024-06-17T17:58:43.085+0000] {dag.py:3677} INFO - Setting next_dagrun for tutorial to 2024-06-16T17:58:43.084979+00:00, run_after=2024-06-17T17:58:43.084979+00:00
[2024-06-17T17:58:43.091+0000] {processor.py:179} INFO - Processing /home/airflow/.local/lib/python3.8/site-packages/airflow/example_dags/tutorial.py took 0.029 seconds
[2024-06-17T17:59:13.611+0000] {processor.py:157} INFO - Started process (PID=324) to work on /home/airflow/.local/lib/python3.8/site-packages/airflow/example_dags/tutorial.py
[2024-06-17T17:59:13.611+0000] {processor.py:829} INFO - Processing file /home/airflow/.local/lib/python3.8/site-packages/airflow/example_dags/tutorial.py for tasks to queue
[2024-06-17T17:59:13.613+0000] {logging_mixin.py:151} INFO - [2024-06-17T17:59:13.613+0000] {dagbag.py:539} INFO - Filling up the DagBag from /home/airflow/.local/lib/python3.8/site-packages/airflow/example_dags/tutorial.py
[2024-06-17T17:59:13.615+0000] {processor.py:839} INFO - DAG(s) dict_keys(['tutorial']) retrieved from /home/airflow/.local/lib/python3.8/site-packages/airflow/example_dags/tutorial.py
[2024-06-17T17:59:13.623+0000] {logging_mixin.py:151} INFO - [2024-06-17T17:59:13.623+0000] {dag.py:2907} INFO - Sync 1 DAGs
[2024-06-17T17:59:13.632+0000] {logging_mixin.py:151} INFO - [2024-06-17T17:59:13.632+0000] {dag.py:3677} INFO - Setting next_dagrun for tutorial to 2024-06-16T17:59:13.632720+00:00, run_after=2024-06-17T17:59:13.632720+00:00
[2024-06-17T17:59:13.639+0000] {processor.py:179} INFO - Processing /home/airflow/.local/lib/python3.8/site-packages/airflow/example_dags/tutorial.py took 0.030 seconds
[2024-06-17T17:59:44.077+0000] {processor.py:157} INFO - Started process (PID=379) to work on /home/airflow/.local/lib/python3.8/site-packages/airflow/example_dags/tutorial.py
[2024-06-17T17:59:44.078+0000] {processor.py:829} INFO - Processing file /home/airflow/.local/lib/python3.8/site-packages/airflow/example_dags/tutorial.py for tasks to queue
[2024-06-17T17:59:44.079+0000] {logging_mixin.py:151} INFO - [2024-06-17T17:59:44.078+0000] {dagbag.py:539} INFO - Filling up the DagBag from /home/airflow/.local/lib/python3.8/site-packages/airflow/example_dags/tutorial.py
[2024-06-17T17:59:44.081+0000] {processor.py:839} INFO - DAG(s) dict_keys(['tutorial']) retrieved from /home/airflow/.local/lib/python3.8/site-packages/airflow/example_dags/tutorial.py
[2024-06-17T17:59:44.090+0000] {logging_mixin.py:151} INFO - [2024-06-17T17:59:44.090+0000] {dag.py:2907} INFO - Sync 1 DAGs
[2024-06-17T17:59:44.099+0000] {logging_mixin.py:151} INFO - [2024-06-17T17:59:44.099+0000] {dag.py:3677} INFO - Setting next_dagrun for tutorial to 2024-06-16T17:59:44.099085+00:00, run_after=2024-06-17T17:59:44.099085+00:00
[2024-06-17T17:59:44.106+0000] {processor.py:179} INFO - Processing /home/airflow/.local/lib/python3.8/site-packages/airflow/example_dags/tutorial.py took 0.030 seconds
[2024-06-17T18:00:14.633+0000] {processor.py:157} INFO - Started process (PID=434) to work on /home/airflow/.local/lib/python3.8/site-packages/airflow/example_dags/tutorial.py
[2024-06-17T18:00:14.634+0000] {processor.py:829} INFO - Processing file /home/airflow/.local/lib/python3.8/site-packages/airflow/example_dags/tutorial.py for tasks to queue
[2024-06-17T18:00:14.635+0000] {logging_mixin.py:151} INFO - [2024-06-17T18:00:14.635+0000] {dagbag.py:539} INFO - Filling up the DagBag from /home/airflow/.local/lib/python3.8/site-packages/airflow/example_dags/tutorial.py
[2024-06-17T18:00:14.637+0000] {processor.py:839} INFO - DAG(s) dict_keys(['tutorial']) retrieved from /home/airflow/.local/lib/python3.8/site-packages/airflow/example_dags/tutorial.py
[2024-06-17T18:00:14.645+0000] {logging_mixin.py:151} INFO - [2024-06-17T18:00:14.645+0000] {dag.py:2907} INFO - Sync 1 DAGs
[2024-06-17T18:00:14.653+0000] {logging_mixin.py:151} INFO - [2024-06-17T18:00:14.653+0000] {dag.py:3677} INFO - Setting next_dagrun for tutorial to 2024-06-16T18:00:14.653473+00:00, run_after=2024-06-17T18:00:14.653473+00:00
[2024-06-17T18:00:14.660+0000] {processor.py:179} INFO - Processing /home/airflow/.local/lib/python3.8/site-packages/airflow/example_dags/tutorial.py took 0.028 seconds
[2024-06-17T18:00:45.124+0000] {processor.py:157} INFO - Started process (PID=489) to work on /home/airflow/.local/lib/python3.8/site-packages/airflow/example_dags/tutorial.py
[2024-06-17T18:00:45.124+0000] {processor.py:829} INFO - Processing file /home/airflow/.local/lib/python3.8/site-packages/airflow/example_dags/tutorial.py for tasks to queue
[2024-06-17T18:00:45.125+0000] {logging_mixin.py:151} INFO - [2024-06-17T18:00:45.125+0000] {dagbag.py:539} INFO - Filling up the DagBag from /home/airflow/.local/lib/python3.8/site-packages/airflow/example_dags/tutorial.py
[2024-06-17T18:00:45.128+0000] {processor.py:839} INFO - DAG(s) dict_keys(['tutorial']) retrieved from /home/airflow/.local/lib/python3.8/site-packages/airflow/example_dags/tutorial.py
[2024-06-17T18:00:45.137+0000] {logging_mixin.py:151} INFO - [2024-06-17T18:00:45.137+0000] {dag.py:2907} INFO - Sync 1 DAGs
[2024-06-17T18:00:45.146+0000] {logging_mixin.py:151} INFO - [2024-06-17T18:00:45.146+0000] {dag.py:3677} INFO - Setting next_dagrun for tutorial to 2024-06-16T18:00:45.146538+00:00, run_after=2024-06-17T18:00:45.146538+00:00
[2024-06-17T18:00:45.153+0000] {processor.py:179} INFO - Processing /home/airflow/.local/lib/python3.8/site-packages/airflow/example_dags/tutorial.py took 0.031 seconds
[2024-06-17T18:01:15.690+0000] {processor.py:157} INFO - Started process (PID=544) to work on /home/airflow/.local/lib/python3.8/site-packages/airflow/example_dags/tutorial.py
[2024-06-17T18:01:15.691+0000] {processor.py:829} INFO - Processing file /home/airflow/.local/lib/python3.8/site-packages/airflow/example_dags/tutorial.py for tasks to queue
[2024-06-17T18:01:15.692+0000] {logging_mixin.py:151} INFO - [2024-06-17T18:01:15.692+0000] {dagbag.py:539} INFO - Filling up the DagBag from /home/airflow/.local/lib/python3.8/site-packages/airflow/example_dags/tutorial.py
[2024-06-17T18:01:15.694+0000] {processor.py:839} INFO - DAG(s) dict_keys(['tutorial']) retrieved from /home/airflow/.local/lib/python3.8/site-packages/airflow/example_dags/tutorial.py
[2024-06-17T18:01:15.703+0000] {logging_mixin.py:151} INFO - [2024-06-17T18:01:15.703+0000] {dag.py:2907} INFO - Sync 1 DAGs
[2024-06-17T18:01:15.712+0000] {logging_mixin.py:151} INFO - [2024-06-17T18:01:15.712+0000] {dag.py:3677} INFO - Setting next_dagrun for tutorial to 2024-06-16T18:01:15.712579+00:00, run_after=2024-06-17T18:01:15.712579+00:00
[2024-06-17T18:01:15.719+0000] {processor.py:179} INFO - Processing /home/airflow/.local/lib/python3.8/site-packages/airflow/example_dags/tutorial.py took 0.030 seconds
[2024-06-17T18:01:46.261+0000] {processor.py:157} INFO - Started process (PID=599) to work on /home/airflow/.local/lib/python3.8/site-packages/airflow/example_dags/tutorial.py
[2024-06-17T18:01:46.262+0000] {processor.py:829} INFO - Processing file /home/airflow/.local/lib/python3.8/site-packages/airflow/example_dags/tutorial.py for tasks to queue
[2024-06-17T18:01:46.262+0000] {logging_mixin.py:151} INFO - [2024-06-17T18:01:46.262+0000] {dagbag.py:539} INFO - Filling up the DagBag from /home/airflow/.local/lib/python3.8/site-packages/airflow/example_dags/tutorial.py
[2024-06-17T18:01:46.265+0000] {processor.py:839} INFO - DAG(s) dict_keys(['tutorial']) retrieved from /home/airflow/.local/lib/python3.8/site-packages/airflow/example_dags/tutorial.py
[2024-06-17T18:01:46.274+0000] {logging_mixin.py:151} INFO - [2024-06-17T18:01:46.274+0000] {dag.py:2907} INFO - Sync 1 DAGs
[2024-06-17T18:01:46.283+0000] {logging_mixin.py:151} INFO - [2024-06-17T18:01:46.283+0000] {dag.py:3677} INFO - Setting next_dagrun for tutorial to 2024-06-16T18:01:46.283374+00:00, run_after=2024-06-17T18:01:46.283374+00:00
[2024-06-17T18:01:46.290+0000] {processor.py:179} INFO - Processing /home/airflow/.local/lib/python3.8/site-packages/airflow/example_dags/tutorial.py took 0.030 seconds
[2024-06-17T18:02:16.837+0000] {processor.py:157} INFO - Started process (PID=654) to work on /home/airflow/.local/lib/python3.8/site-packages/airflow/example_dags/tutorial.py
[2024-06-17T18:02:16.837+0000] {processor.py:829} INFO - Processing file /home/airflow/.local/lib/python3.8/site-packages/airflow/example_dags/tutorial.py for tasks to queue
[2024-06-17T18:02:16.838+0000] {logging_mixin.py:151} INFO - [2024-06-17T18:02:16.838+0000] {dagbag.py:539} INFO - Filling up the DagBag from /home/airflow/.local/lib/python3.8/site-packages/airflow/example_dags/tutorial.py
[2024-06-17T18:02:16.841+0000] {processor.py:839} INFO - DAG(s) dict_keys(['tutorial']) retrieved from /home/airflow/.local/lib/python3.8/site-packages/airflow/example_dags/tutorial.py
[2024-06-17T18:02:16.849+0000] {logging_mixin.py:151} INFO - [2024-06-17T18:02:16.849+0000] {dag.py:2907} INFO - Sync 1 DAGs
[2024-06-17T18:02:16.858+0000] {logging_mixin.py:151} INFO - [2024-06-17T18:02:16.858+0000] {dag.py:3677} INFO - Setting next_dagrun for tutorial to 2024-06-16T18:02:16.858595+00:00, run_after=2024-06-17T18:02:16.858595+00:00
[2024-06-17T18:02:16.865+0000] {processor.py:179} INFO - Processing /home/airflow/.local/lib/python3.8/site-packages/airflow/example_dags/tutorial.py took 0.030 seconds
[2024-06-17T18:02:47.394+0000] {processor.py:157} INFO - Started process (PID=709) to work on /home/airflow/.local/lib/python3.8/site-packages/airflow/example_dags/tutorial.py
[2024-06-17T18:02:47.396+0000] {processor.py:829} INFO - Processing file /home/airflow/.local/lib/python3.8/site-packages/airflow/example_dags/tutorial.py for tasks to queue
[2024-06-17T18:02:47.397+0000] {logging_mixin.py:151} INFO - [2024-06-17T18:02:47.397+0000] {dagbag.py:539} INFO - Filling up the DagBag from /home/airflow/.local/lib/python3.8/site-packages/airflow/example_dags/tutorial.py
[2024-06-17T18:02:47.400+0000] {processor.py:839} INFO - DAG(s) dict_keys(['tutorial']) retrieved from /home/airflow/.local/lib/python3.8/site-packages/airflow/example_dags/tutorial.py
[2024-06-17T18:02:47.409+0000] {logging_mixin.py:151} INFO - [2024-06-17T18:02:47.409+0000] {dag.py:2907} INFO - Sync 1 DAGs
[2024-06-17T18:02:47.417+0000] {logging_mixin.py:151} INFO - [2024-06-17T18:02:47.417+0000] {dag.py:3677} INFO - Setting next_dagrun for tutorial to 2024-06-16T18:02:47.417727+00:00, run_after=2024-06-17T18:02:47.417727+00:00
[2024-06-17T18:02:47.424+0000] {processor.py:179} INFO - Processing /home/airflow/.local/lib/python3.8/site-packages/airflow/example_dags/tutorial.py took 0.032 seconds
[2024-06-17T18:03:17.886+0000] {processor.py:157} INFO - Started process (PID=764) to work on /home/airflow/.local/lib/python3.8/site-packages/airflow/example_dags/tutorial.py
[2024-06-17T18:03:17.887+0000] {processor.py:829} INFO - Processing file /home/airflow/.local/lib/python3.8/site-packages/airflow/example_dags/tutorial.py for tasks to queue
[2024-06-17T18:03:17.888+0000] {logging_mixin.py:151} INFO - [2024-06-17T18:03:17.887+0000] {dagbag.py:539} INFO - Filling up the DagBag from /home/airflow/.local/lib/python3.8/site-packages/airflow/example_dags/tutorial.py
[2024-06-17T18:03:17.890+0000] {processor.py:839} INFO - DAG(s) dict_keys(['tutorial']) retrieved from /home/airflow/.local/lib/python3.8/site-packages/airflow/example_dags/tutorial.py
[2024-06-17T18:03:17.899+0000] {logging_mixin.py:151} INFO - [2024-06-17T18:03:17.899+0000] {dag.py:2907} INFO - Sync 1 DAGs
[2024-06-17T18:03:17.908+0000] {logging_mixin.py:151} INFO - [2024-06-17T18:03:17.908+0000] {dag.py:3677} INFO - Setting next_dagrun for tutorial to 2024-06-16T18:03:17.908049+00:00, run_after=2024-06-17T18:03:17.908049+00:00
[2024-06-17T18:03:17.915+0000] {processor.py:179} INFO - Processing /home/airflow/.local/lib/python3.8/site-packages/airflow/example_dags/tutorial.py took 0.030 seconds
[2024-06-17T18:03:48.367+0000] {processor.py:157} INFO - Started process (PID=819) to work on /home/airflow/.local/lib/python3.8/site-packages/airflow/example_dags/tutorial.py
[2024-06-17T18:03:48.367+0000] {processor.py:829} INFO - Processing file /home/airflow/.local/lib/python3.8/site-packages/airflow/example_dags/tutorial.py for tasks to queue
[2024-06-17T18:03:48.368+0000] {logging_mixin.py:151} INFO - [2024-06-17T18:03:48.368+0000] {dagbag.py:539} INFO - Filling up the DagBag from /home/airflow/.local/lib/python3.8/site-packages/airflow/example_dags/tutorial.py
[2024-06-17T18:03:48.370+0000] {processor.py:839} INFO - DAG(s) dict_keys(['tutorial']) retrieved from /home/airflow/.local/lib/python3.8/site-packages/airflow/example_dags/tutorial.py
[2024-06-17T18:03:48.379+0000] {logging_mixin.py:151} INFO - [2024-06-17T18:03:48.379+0000] {dag.py:2907} INFO - Sync 1 DAGs
[2024-06-17T18:03:48.389+0000] {logging_mixin.py:151} INFO - [2024-06-17T18:03:48.388+0000] {dag.py:3677} INFO - Setting next_dagrun for tutorial to 2024-06-16T18:03:48.388865+00:00, run_after=2024-06-17T18:03:48.388865+00:00
[2024-06-17T18:03:48.396+0000] {processor.py:179} INFO - Processing /home/airflow/.local/lib/python3.8/site-packages/airflow/example_dags/tutorial.py took 0.030 seconds
[2024-06-17T18:04:18.861+0000] {processor.py:157} INFO - Started process (PID=874) to work on /home/airflow/.local/lib/python3.8/site-packages/airflow/example_dags/tutorial.py
[2024-06-17T18:04:18.862+0000] {processor.py:829} INFO - Processing file /home/airflow/.local/lib/python3.8/site-packages/airflow/example_dags/tutorial.py for tasks to queue
[2024-06-17T18:04:18.862+0000] {logging_mixin.py:151} INFO - [2024-06-17T18:04:18.862+0000] {dagbag.py:539} INFO - Filling up the DagBag from /home/airflow/.local/lib/python3.8/site-packages/airflow/example_dags/tutorial.py
[2024-06-17T18:04:18.865+0000] {processor.py:839} INFO - DAG(s) dict_keys(['tutorial']) retrieved from /home/airflow/.local/lib/python3.8/site-packages/airflow/example_dags/tutorial.py
[2024-06-17T18:04:18.874+0000] {logging_mixin.py:151} INFO - [2024-06-17T18:04:18.873+0000] {dag.py:2907} INFO - Sync 1 DAGs
[2024-06-17T18:04:18.882+0000] {logging_mixin.py:151} INFO - [2024-06-17T18:04:18.882+0000] {dag.py:3677} INFO - Setting next_dagrun for tutorial to 2024-06-16T18:04:18.882411+00:00, run_after=2024-06-17T18:04:18.882411+00:00
[2024-06-17T18:04:18.889+0000] {processor.py:179} INFO - Processing /home/airflow/.local/lib/python3.8/site-packages/airflow/example_dags/tutorial.py took 0.029 seconds
[2024-06-17T18:04:43.455+0000] {processor.py:157} INFO - Started process (PID=48) to work on /home/airflow/.local/lib/python3.8/site-packages/airflow/example_dags/tutorial.py
[2024-06-17T18:04:43.456+0000] {processor.py:829} INFO - Processing file /home/airflow/.local/lib/python3.8/site-packages/airflow/example_dags/tutorial.py for tasks to queue
[2024-06-17T18:04:43.457+0000] {logging_mixin.py:151} INFO - [2024-06-17T18:04:43.457+0000] {dagbag.py:539} INFO - Filling up the DagBag from /home/airflow/.local/lib/python3.8/site-packages/airflow/example_dags/tutorial.py
[2024-06-17T18:04:43.461+0000] {processor.py:839} INFO - DAG(s) dict_keys(['tutorial']) retrieved from /home/airflow/.local/lib/python3.8/site-packages/airflow/example_dags/tutorial.py
[2024-06-17T18:04:43.467+0000] {logging_mixin.py:151} INFO - [2024-06-17T18:04:43.467+0000] {dag.py:2907} INFO - Sync 1 DAGs
[2024-06-17T18:04:43.478+0000] {logging_mixin.py:151} INFO - [2024-06-17T18:04:43.478+0000] {dag.py:3677} INFO - Setting next_dagrun for tutorial to 2024-06-16T18:04:43.477875+00:00, run_after=2024-06-17T18:04:43.477875+00:00
[2024-06-17T18:04:43.486+0000] {processor.py:179} INFO - Processing /home/airflow/.local/lib/python3.8/site-packages/airflow/example_dags/tutorial.py took 0.034 seconds
[2024-06-17T18:05:14.627+0000] {processor.py:157} INFO - Started process (PID=103) to work on /home/airflow/.local/lib/python3.8/site-packages/airflow/example_dags/tutorial.py
[2024-06-17T18:05:14.627+0000] {processor.py:829} INFO - Processing file /home/airflow/.local/lib/python3.8/site-packages/airflow/example_dags/tutorial.py for tasks to queue
[2024-06-17T18:05:14.628+0000] {logging_mixin.py:151} INFO - [2024-06-17T18:05:14.628+0000] {dagbag.py:539} INFO - Filling up the DagBag from /home/airflow/.local/lib/python3.8/site-packages/airflow/example_dags/tutorial.py
[2024-06-17T18:05:14.696+0000] {processor.py:839} INFO - DAG(s) dict_keys(['tutorial']) retrieved from /home/airflow/.local/lib/python3.8/site-packages/airflow/example_dags/tutorial.py
[2024-06-17T18:05:14.704+0000] {logging_mixin.py:151} INFO - [2024-06-17T18:05:14.704+0000] {dag.py:2907} INFO - Sync 1 DAGs
[2024-06-17T18:05:14.712+0000] {logging_mixin.py:151} INFO - [2024-06-17T18:05:14.712+0000] {dag.py:3677} INFO - Setting next_dagrun for tutorial to 2024-06-16T18:05:14.712520+00:00, run_after=2024-06-17T18:05:14.712520+00:00
[2024-06-17T18:05:14.719+0000] {processor.py:179} INFO - Processing /home/airflow/.local/lib/python3.8/site-packages/airflow/example_dags/tutorial.py took 0.093 seconds
[2024-06-17T18:05:44.790+0000] {processor.py:157} INFO - Started process (PID=158) to work on /home/airflow/.local/lib/python3.8/site-packages/airflow/example_dags/tutorial.py
[2024-06-17T18:05:44.790+0000] {processor.py:829} INFO - Processing file /home/airflow/.local/lib/python3.8/site-packages/airflow/example_dags/tutorial.py for tasks to queue
[2024-06-17T18:05:44.792+0000] {logging_mixin.py:151} INFO - [2024-06-17T18:05:44.792+0000] {dagbag.py:539} INFO - Filling up the DagBag from /home/airflow/.local/lib/python3.8/site-packages/airflow/example_dags/tutorial.py
[2024-06-17T18:05:44.794+0000] {processor.py:839} INFO - DAG(s) dict_keys(['tutorial']) retrieved from /home/airflow/.local/lib/python3.8/site-packages/airflow/example_dags/tutorial.py
[2024-06-17T18:05:44.804+0000] {logging_mixin.py:151} INFO - [2024-06-17T18:05:44.804+0000] {dag.py:2907} INFO - Sync 1 DAGs
[2024-06-17T18:05:44.813+0000] {logging_mixin.py:151} INFO - [2024-06-17T18:05:44.813+0000] {dag.py:3677} INFO - Setting next_dagrun for tutorial to 2024-06-16T18:05:44.813569+00:00, run_after=2024-06-17T18:05:44.813569+00:00
[2024-06-17T18:05:44.820+0000] {processor.py:179} INFO - Processing /home/airflow/.local/lib/python3.8/site-packages/airflow/example_dags/tutorial.py took 0.032 seconds
[2024-06-17T18:06:15.448+0000] {processor.py:157} INFO - Started process (PID=213) to work on /home/airflow/.local/lib/python3.8/site-packages/airflow/example_dags/tutorial.py
[2024-06-17T18:06:15.448+0000] {processor.py:829} INFO - Processing file /home/airflow/.local/lib/python3.8/site-packages/airflow/example_dags/tutorial.py for tasks to queue
[2024-06-17T18:06:15.449+0000] {logging_mixin.py:151} INFO - [2024-06-17T18:06:15.449+0000] {dagbag.py:539} INFO - Filling up the DagBag from /home/airflow/.local/lib/python3.8/site-packages/airflow/example_dags/tutorial.py
[2024-06-17T18:06:15.452+0000] {processor.py:839} INFO - DAG(s) dict_keys(['tutorial']) retrieved from /home/airflow/.local/lib/python3.8/site-packages/airflow/example_dags/tutorial.py
[2024-06-17T18:06:15.461+0000] {logging_mixin.py:151} INFO - [2024-06-17T18:06:15.460+0000] {dag.py:2907} INFO - Sync 1 DAGs
[2024-06-17T18:06:15.469+0000] {logging_mixin.py:151} INFO - [2024-06-17T18:06:15.469+0000] {dag.py:3677} INFO - Setting next_dagrun for tutorial to 2024-06-16T18:06:15.469500+00:00, run_after=2024-06-17T18:06:15.469500+00:00
[2024-06-17T18:06:15.477+0000] {processor.py:179} INFO - Processing /home/airflow/.local/lib/python3.8/site-packages/airflow/example_dags/tutorial.py took 0.030 seconds
[2024-06-17T18:06:46.081+0000] {processor.py:157} INFO - Started process (PID=268) to work on /home/airflow/.local/lib/python3.8/site-packages/airflow/example_dags/tutorial.py
[2024-06-17T18:06:46.082+0000] {processor.py:829} INFO - Processing file /home/airflow/.local/lib/python3.8/site-packages/airflow/example_dags/tutorial.py for tasks to queue
[2024-06-17T18:06:46.083+0000] {logging_mixin.py:151} INFO - [2024-06-17T18:06:46.083+0000] {dagbag.py:539} INFO - Filling up the DagBag from /home/airflow/.local/lib/python3.8/site-packages/airflow/example_dags/tutorial.py
[2024-06-17T18:06:46.086+0000] {processor.py:839} INFO - DAG(s) dict_keys(['tutorial']) retrieved from /home/airflow/.local/lib/python3.8/site-packages/airflow/example_dags/tutorial.py
[2024-06-17T18:06:46.094+0000] {logging_mixin.py:151} INFO - [2024-06-17T18:06:46.093+0000] {dag.py:2907} INFO - Sync 1 DAGs
[2024-06-17T18:06:46.102+0000] {logging_mixin.py:151} INFO - [2024-06-17T18:06:46.102+0000] {dag.py:3677} INFO - Setting next_dagrun for tutorial to 2024-06-16T18:06:46.101959+00:00, run_after=2024-06-17T18:06:46.101959+00:00
[2024-06-17T18:06:46.108+0000] {processor.py:179} INFO - Processing /home/airflow/.local/lib/python3.8/site-packages/airflow/example_dags/tutorial.py took 0.028 seconds
[2024-06-17T18:07:16.485+0000] {processor.py:157} INFO - Started process (PID=323) to work on /home/airflow/.local/lib/python3.8/site-packages/airflow/example_dags/tutorial.py
[2024-06-17T18:07:16.485+0000] {processor.py:829} INFO - Processing file /home/airflow/.local/lib/python3.8/site-packages/airflow/example_dags/tutorial.py for tasks to queue
[2024-06-17T18:07:16.486+0000] {logging_mixin.py:151} INFO - [2024-06-17T18:07:16.486+0000] {dagbag.py:539} INFO - Filling up the DagBag from /home/airflow/.local/lib/python3.8/site-packages/airflow/example_dags/tutorial.py
[2024-06-17T18:07:16.488+0000] {processor.py:839} INFO - DAG(s) dict_keys(['tutorial']) retrieved from /home/airflow/.local/lib/python3.8/site-packages/airflow/example_dags/tutorial.py
[2024-06-17T18:07:16.498+0000] {logging_mixin.py:151} INFO - [2024-06-17T18:07:16.497+0000] {dag.py:2907} INFO - Sync 1 DAGs
[2024-06-17T18:07:16.508+0000] {logging_mixin.py:151} INFO - [2024-06-17T18:07:16.508+0000] {dag.py:3677} INFO - Setting next_dagrun for tutorial to 2024-06-16T18:07:16.508081+00:00, run_after=2024-06-17T18:07:16.508081+00:00
[2024-06-17T18:07:16.515+0000] {processor.py:179} INFO - Processing /home/airflow/.local/lib/python3.8/site-packages/airflow/example_dags/tutorial.py took 0.031 seconds
