[2024-06-20T08:20:52.977+0000] {local_task_job_runner.py:120} INFO - ::group::Pre task execution logs
[2024-06-20T08:20:53.090+0000] {taskinstance.py:2076} INFO - Dependencies all met for dep_context=non-requeueable deps ti=<TaskInstance: ml_pipeline.prepare_data manual__2024-06-20T08:20:46.488208+00:00 [queued]>
[2024-06-20T08:20:53.146+0000] {taskinstance.py:2076} INFO - Dependencies all met for dep_context=requeueable deps ti=<TaskInstance: ml_pipeline.prepare_data manual__2024-06-20T08:20:46.488208+00:00 [queued]>
[2024-06-20T08:20:53.155+0000] {taskinstance.py:2306} INFO - Starting attempt 1 of 2
[2024-06-20T08:20:53.278+0000] {taskinstance.py:2330} INFO - Executing <Task(PythonOperator): prepare_data> on 2024-06-20 08:20:46.488208+00:00
[2024-06-20T08:20:53.297+0000] {warnings.py:112} WARNING - /home/***/.local/lib/python3.12/site-packages/***/task/task_runner/standard_task_runner.py:61: DeprecationWarning: This process (pid=599) is multi-threaded, use of fork() may lead to deadlocks in the child.
  pid = os.fork()

[2024-06-20T08:20:53.301+0000] {standard_task_runner.py:63} INFO - Started process 601 to run task
[2024-06-20T08:20:53.305+0000] {standard_task_runner.py:90} INFO - Running: ['***', 'tasks', 'run', 'ml_pipeline', 'prepare_data', 'manual__2024-06-20T08:20:46.488208+00:00', '--job-id', '76', '--raw', '--subdir', 'DAGS_FOLDER/ml_pipeline.py', '--cfg-path', '/tmp/tmpmh5t_ys3']
[2024-06-20T08:20:53.310+0000] {standard_task_runner.py:91} INFO - Job 76: Subtask prepare_data
[2024-06-20T08:20:53.467+0000] {task_command.py:426} INFO - Running <TaskInstance: ml_pipeline.prepare_data manual__2024-06-20T08:20:46.488208+00:00 [running]> on host 12086e25b8f3
[2024-06-20T08:20:53.721+0000] {taskinstance.py:2648} INFO - Exporting env vars: AIRFLOW_CTX_DAG_OWNER='RCH4CKERS' AIRFLOW_CTX_DAG_ID='ml_pipeline' AIRFLOW_CTX_TASK_ID='prepare_data' AIRFLOW_CTX_EXECUTION_DATE='2024-06-20T08:20:46.488208+00:00' AIRFLOW_CTX_TRY_NUMBER='1' AIRFLOW_CTX_DAG_RUN_ID='manual__2024-06-20T08:20:46.488208+00:00'
[2024-06-20T08:20:53.725+0000] {taskinstance.py:430} INFO - ::endgroup::
[2024-06-20T08:21:04.933+0000] {logging_mixin.py:188} INFO - Data loaded and split into train and test data
[2024-06-20T08:21:04.973+0000] {python.py:237} INFO - Done. Returned value was: None
[2024-06-20T08:21:04.983+0000] {taskinstance.py:441} INFO - ::group::Post task execution logs
[2024-06-20T08:21:05.013+0000] {taskinstance.py:1206} INFO - Marking task as SUCCESS. dag_id=ml_pipeline, task_id=prepare_data, run_id=manual__2024-06-20T08:20:46.488208+00:00, execution_date=20240620T082046, start_date=20240620T082053, end_date=20240620T082105
[2024-06-20T08:21:05.083+0000] {local_task_job_runner.py:240} INFO - Task exited with return code 0
[2024-06-20T08:21:05.198+0000] {taskinstance.py:3503} INFO - 2 downstream tasks scheduled from follow-on schedule check
[2024-06-20T08:21:05.212+0000] {local_task_job_runner.py:222} INFO - ::endgroup::
