[2024-06-17T18:08:44.305+0000] {processor.py:157} INFO - Started process (PID=39) to work on /opt/airflow/dags/example_hello_world.py
[2024-06-17T18:08:44.306+0000] {processor.py:829} INFO - Processing file /opt/airflow/dags/example_hello_world.py for tasks to queue
[2024-06-17T18:08:44.309+0000] {logging_mixin.py:151} INFO - [2024-06-17T18:08:44.309+0000] {dagbag.py:539} INFO - Filling up the DagBag from /opt/airflow/dags/example_hello_world.py
[2024-06-17T18:08:44.320+0000] {processor.py:839} INFO - DAG(s) dict_keys(['hello_world_dag']) retrieved from /opt/airflow/dags/example_hello_world.py
[2024-06-17T18:08:44.529+0000] {logging_mixin.py:151} INFO - [2024-06-17T18:08:44.529+0000] {manager.py:501} INFO - Created Permission View: can edit on DAG:hello_world_dag
[2024-06-17T18:08:44.533+0000] {logging_mixin.py:151} INFO - [2024-06-17T18:08:44.533+0000] {manager.py:501} INFO - Created Permission View: can delete on DAG:hello_world_dag
[2024-06-17T18:08:44.535+0000] {logging_mixin.py:151} INFO - [2024-06-17T18:08:44.535+0000] {manager.py:501} INFO - Created Permission View: can read on DAG:hello_world_dag
[2024-06-17T18:08:44.540+0000] {logging_mixin.py:151} INFO - [2024-06-17T18:08:44.540+0000] {dag.py:2907} INFO - Sync 1 DAGs
[2024-06-17T18:08:44.546+0000] {logging_mixin.py:151} INFO - [2024-06-17T18:08:44.546+0000] {dag.py:2929} INFO - Creating ORM DAG for hello_world_dag
[2024-06-17T18:08:44.549+0000] {logging_mixin.py:151} INFO - [2024-06-17T18:08:44.549+0000] {dag.py:3677} INFO - Setting next_dagrun for hello_world_dag to 2023-10-05T00:00:00+00:00, run_after=2023-10-06T00:00:00+00:00
[2024-06-17T18:08:44.558+0000] {processor.py:179} INFO - Processing /opt/airflow/dags/example_hello_world.py took 0.255 seconds
[2024-06-17T18:09:14.644+0000] {processor.py:157} INFO - Started process (PID=48) to work on /opt/airflow/dags/example_hello_world.py
[2024-06-17T18:09:14.645+0000] {processor.py:829} INFO - Processing file /opt/airflow/dags/example_hello_world.py for tasks to queue
[2024-06-17T18:09:14.648+0000] {logging_mixin.py:151} INFO - [2024-06-17T18:09:14.647+0000] {dagbag.py:539} INFO - Filling up the DagBag from /opt/airflow/dags/example_hello_world.py
[2024-06-17T18:09:14.658+0000] {processor.py:839} INFO - DAG(s) dict_keys(['hello_world_dag']) retrieved from /opt/airflow/dags/example_hello_world.py
[2024-06-17T18:09:14.678+0000] {logging_mixin.py:151} INFO - [2024-06-17T18:09:14.678+0000] {dag.py:2907} INFO - Sync 1 DAGs
[2024-06-17T18:09:14.780+0000] {logging_mixin.py:151} INFO - [2024-06-17T18:09:14.780+0000] {dag.py:3677} INFO - Setting next_dagrun for hello_world_dag to 2023-10-05T00:00:00+00:00, run_after=2023-10-06T00:00:00+00:00
[2024-06-17T18:09:14.787+0000] {processor.py:179} INFO - Processing /opt/airflow/dags/example_hello_world.py took 0.149 seconds
[2024-06-17T18:09:45.077+0000] {processor.py:157} INFO - Started process (PID=58) to work on /opt/airflow/dags/example_hello_world.py
[2024-06-17T18:09:45.078+0000] {processor.py:829} INFO - Processing file /opt/airflow/dags/example_hello_world.py for tasks to queue
[2024-06-17T18:09:45.081+0000] {logging_mixin.py:151} INFO - [2024-06-17T18:09:45.081+0000] {dagbag.py:539} INFO - Filling up the DagBag from /opt/airflow/dags/example_hello_world.py
[2024-06-17T18:09:45.094+0000] {processor.py:839} INFO - DAG(s) dict_keys(['hello_world_dag']) retrieved from /opt/airflow/dags/example_hello_world.py
[2024-06-17T18:09:45.197+0000] {logging_mixin.py:151} INFO - [2024-06-17T18:09:45.196+0000] {dag.py:2907} INFO - Sync 1 DAGs
[2024-06-17T18:09:45.204+0000] {logging_mixin.py:151} INFO - [2024-06-17T18:09:45.204+0000] {dag.py:3677} INFO - Setting next_dagrun for hello_world_dag to 2023-10-05T00:00:00+00:00, run_after=2023-10-06T00:00:00+00:00
[2024-06-17T18:09:45.211+0000] {processor.py:179} INFO - Processing /opt/airflow/dags/example_hello_world.py took 0.138 seconds
[2024-06-17T18:10:15.653+0000] {processor.py:157} INFO - Started process (PID=68) to work on /opt/airflow/dags/example_hello_world.py
[2024-06-17T18:10:15.653+0000] {processor.py:829} INFO - Processing file /opt/airflow/dags/example_hello_world.py for tasks to queue
[2024-06-17T18:10:15.655+0000] {logging_mixin.py:151} INFO - [2024-06-17T18:10:15.655+0000] {dagbag.py:539} INFO - Filling up the DagBag from /opt/airflow/dags/example_hello_world.py
[2024-06-17T18:10:15.665+0000] {processor.py:839} INFO - DAG(s) dict_keys(['hello_world_dag']) retrieved from /opt/airflow/dags/example_hello_world.py
[2024-06-17T18:10:15.682+0000] {logging_mixin.py:151} INFO - [2024-06-17T18:10:15.682+0000] {dag.py:2907} INFO - Sync 1 DAGs
[2024-06-17T18:10:15.694+0000] {logging_mixin.py:151} INFO - [2024-06-17T18:10:15.694+0000] {dag.py:3677} INFO - Setting next_dagrun for hello_world_dag to 2023-10-05T00:00:00+00:00, run_after=2023-10-06T00:00:00+00:00
[2024-06-17T18:10:15.703+0000] {processor.py:179} INFO - Processing /opt/airflow/dags/example_hello_world.py took 0.053 seconds
[2024-06-17T18:10:54.753+0000] {processor.py:157} INFO - Started process (PID=40) to work on /opt/airflow/dags/example_hello_world.py
[2024-06-17T18:10:54.754+0000] {processor.py:829} INFO - Processing file /opt/airflow/dags/example_hello_world.py for tasks to queue
[2024-06-17T18:10:54.756+0000] {logging_mixin.py:151} INFO - [2024-06-17T18:10:54.756+0000] {dagbag.py:539} INFO - Filling up the DagBag from /opt/airflow/dags/example_hello_world.py
[2024-06-17T18:10:54.765+0000] {processor.py:839} INFO - DAG(s) dict_keys(['hello_world_dag']) retrieved from /opt/airflow/dags/example_hello_world.py
[2024-06-17T18:10:54.963+0000] {logging_mixin.py:151} INFO - [2024-06-17T18:10:54.963+0000] {manager.py:501} INFO - Created Permission View: can delete on DAG:hello_world_dag
[2024-06-17T18:10:54.967+0000] {logging_mixin.py:151} INFO - [2024-06-17T18:10:54.967+0000] {manager.py:501} INFO - Created Permission View: can read on DAG:hello_world_dag
[2024-06-17T18:10:54.969+0000] {logging_mixin.py:151} INFO - [2024-06-17T18:10:54.969+0000] {manager.py:501} INFO - Created Permission View: can edit on DAG:hello_world_dag
[2024-06-17T18:10:54.974+0000] {logging_mixin.py:151} INFO - [2024-06-17T18:10:54.974+0000] {dag.py:2907} INFO - Sync 1 DAGs
[2024-06-17T18:10:54.979+0000] {logging_mixin.py:151} INFO - [2024-06-17T18:10:54.979+0000] {dag.py:2929} INFO - Creating ORM DAG for hello_world_dag
[2024-06-17T18:10:54.984+0000] {logging_mixin.py:151} INFO - [2024-06-17T18:10:54.983+0000] {dag.py:3677} INFO - Setting next_dagrun for hello_world_dag to 2023-10-05T00:00:00+00:00, run_after=2023-10-06T00:00:00+00:00
[2024-06-17T18:10:54.992+0000] {processor.py:179} INFO - Processing /opt/airflow/dags/example_hello_world.py took 0.241 seconds
[2024-06-17T18:11:25.316+0000] {processor.py:157} INFO - Started process (PID=49) to work on /opt/airflow/dags/example_hello_world.py
[2024-06-17T18:11:25.318+0000] {processor.py:829} INFO - Processing file /opt/airflow/dags/example_hello_world.py for tasks to queue
[2024-06-17T18:11:25.321+0000] {logging_mixin.py:151} INFO - [2024-06-17T18:11:25.321+0000] {dagbag.py:539} INFO - Filling up the DagBag from /opt/airflow/dags/example_hello_world.py
[2024-06-17T18:11:25.337+0000] {processor.py:839} INFO - DAG(s) dict_keys(['hello_world_dag']) retrieved from /opt/airflow/dags/example_hello_world.py
[2024-06-17T18:11:25.361+0000] {logging_mixin.py:151} INFO - [2024-06-17T18:11:25.360+0000] {dag.py:2907} INFO - Sync 1 DAGs
[2024-06-17T18:11:25.443+0000] {logging_mixin.py:151} INFO - [2024-06-17T18:11:25.443+0000] {dag.py:3677} INFO - Setting next_dagrun for hello_world_dag to 2023-10-05T00:00:00+00:00, run_after=2023-10-06T00:00:00+00:00
[2024-06-17T18:11:25.449+0000] {processor.py:179} INFO - Processing /opt/airflow/dags/example_hello_world.py took 0.139 seconds
[2024-06-17T18:11:55.800+0000] {processor.py:157} INFO - Started process (PID=60) to work on /opt/airflow/dags/example_hello_world.py
[2024-06-17T18:11:55.801+0000] {processor.py:829} INFO - Processing file /opt/airflow/dags/example_hello_world.py for tasks to queue
[2024-06-17T18:11:55.803+0000] {logging_mixin.py:151} INFO - [2024-06-17T18:11:55.803+0000] {dagbag.py:539} INFO - Filling up the DagBag from /opt/airflow/dags/example_hello_world.py
[2024-06-17T18:11:55.812+0000] {processor.py:839} INFO - DAG(s) dict_keys(['hello_world_dag']) retrieved from /opt/airflow/dags/example_hello_world.py
[2024-06-17T18:11:55.911+0000] {logging_mixin.py:151} INFO - [2024-06-17T18:11:55.911+0000] {dag.py:2907} INFO - Sync 1 DAGs
[2024-06-17T18:11:55.921+0000] {logging_mixin.py:151} INFO - [2024-06-17T18:11:55.921+0000] {dag.py:3677} INFO - Setting next_dagrun for hello_world_dag to 2023-10-05T00:00:00+00:00, run_after=2023-10-06T00:00:00+00:00
[2024-06-17T18:11:55.928+0000] {processor.py:179} INFO - Processing /opt/airflow/dags/example_hello_world.py took 0.132 seconds
[2024-06-17T18:12:26.296+0000] {processor.py:157} INFO - Started process (PID=70) to work on /opt/airflow/dags/example_hello_world.py
[2024-06-17T18:12:26.297+0000] {processor.py:829} INFO - Processing file /opt/airflow/dags/example_hello_world.py for tasks to queue
[2024-06-17T18:12:26.300+0000] {logging_mixin.py:151} INFO - [2024-06-17T18:12:26.300+0000] {dagbag.py:539} INFO - Filling up the DagBag from /opt/airflow/dags/example_hello_world.py
[2024-06-17T18:12:26.384+0000] {processor.py:839} INFO - DAG(s) dict_keys(['hello_world_dag']) retrieved from /opt/airflow/dags/example_hello_world.py
[2024-06-17T18:12:26.394+0000] {logging_mixin.py:151} INFO - [2024-06-17T18:12:26.394+0000] {dag.py:2907} INFO - Sync 1 DAGs
[2024-06-17T18:12:26.403+0000] {logging_mixin.py:151} INFO - [2024-06-17T18:12:26.403+0000] {dag.py:3677} INFO - Setting next_dagrun for hello_world_dag to 2023-10-05T00:00:00+00:00, run_after=2023-10-06T00:00:00+00:00
[2024-06-17T18:12:26.410+0000] {processor.py:179} INFO - Processing /opt/airflow/dags/example_hello_world.py took 0.118 seconds
[2024-06-17T18:12:56.841+0000] {processor.py:157} INFO - Started process (PID=80) to work on /opt/airflow/dags/example_hello_world.py
[2024-06-17T18:12:56.841+0000] {processor.py:829} INFO - Processing file /opt/airflow/dags/example_hello_world.py for tasks to queue
[2024-06-17T18:12:56.842+0000] {logging_mixin.py:151} INFO - [2024-06-17T18:12:56.842+0000] {dagbag.py:539} INFO - Filling up the DagBag from /opt/airflow/dags/example_hello_world.py
[2024-06-17T18:12:56.847+0000] {processor.py:839} INFO - DAG(s) dict_keys(['hello_world_dag']) retrieved from /opt/airflow/dags/example_hello_world.py
[2024-06-17T18:12:56.860+0000] {logging_mixin.py:151} INFO - [2024-06-17T18:12:56.860+0000] {dag.py:2907} INFO - Sync 1 DAGs
[2024-06-17T18:12:56.869+0000] {logging_mixin.py:151} INFO - [2024-06-17T18:12:56.869+0000] {dag.py:3677} INFO - Setting next_dagrun for hello_world_dag to 2023-10-05T00:00:00+00:00, run_after=2023-10-06T00:00:00+00:00
[2024-06-17T18:12:56.877+0000] {processor.py:179} INFO - Processing /opt/airflow/dags/example_hello_world.py took 0.038 seconds
[2024-06-17T18:21:14.885+0000] {processor.py:157} INFO - Started process (PID=40) to work on /opt/airflow/dags/example_hello_world.py
[2024-06-17T18:21:14.886+0000] {processor.py:829} INFO - Processing file /opt/airflow/dags/example_hello_world.py for tasks to queue
[2024-06-17T18:21:14.889+0000] {logging_mixin.py:151} INFO - [2024-06-17T18:21:14.889+0000] {dagbag.py:539} INFO - Filling up the DagBag from /opt/airflow/dags/example_hello_world.py
[2024-06-17T18:21:14.898+0000] {processor.py:839} INFO - DAG(s) dict_keys(['hello_world_dag']) retrieved from /opt/airflow/dags/example_hello_world.py
[2024-06-17T18:21:15.094+0000] {logging_mixin.py:151} INFO - [2024-06-17T18:21:15.094+0000] {dag.py:2907} INFO - Sync 1 DAGs
[2024-06-17T18:21:15.103+0000] {logging_mixin.py:151} INFO - [2024-06-17T18:21:15.103+0000] {dag.py:3677} INFO - Setting next_dagrun for hello_world_dag to 2023-10-05T00:00:00+00:00, run_after=2023-10-06T00:00:00+00:00
[2024-06-17T18:21:15.111+0000] {processor.py:179} INFO - Processing /opt/airflow/dags/example_hello_world.py took 0.228 seconds
[2024-06-17T18:21:45.412+0000] {processor.py:157} INFO - Started process (PID=49) to work on /opt/airflow/dags/example_hello_world.py
[2024-06-17T18:21:45.414+0000] {processor.py:829} INFO - Processing file /opt/airflow/dags/example_hello_world.py for tasks to queue
[2024-06-17T18:21:45.417+0000] {logging_mixin.py:151} INFO - [2024-06-17T18:21:45.417+0000] {dagbag.py:539} INFO - Filling up the DagBag from /opt/airflow/dags/example_hello_world.py
[2024-06-17T18:21:45.433+0000] {processor.py:839} INFO - DAG(s) dict_keys(['hello_world_dag']) retrieved from /opt/airflow/dags/example_hello_world.py
[2024-06-17T18:21:45.457+0000] {logging_mixin.py:151} INFO - [2024-06-17T18:21:45.457+0000] {dag.py:2907} INFO - Sync 1 DAGs
[2024-06-17T18:21:45.568+0000] {logging_mixin.py:151} INFO - [2024-06-17T18:21:45.568+0000] {dag.py:3677} INFO - Setting next_dagrun for hello_world_dag to 2023-10-05T00:00:00+00:00, run_after=2023-10-06T00:00:00+00:00
[2024-06-17T18:21:45.576+0000] {processor.py:179} INFO - Processing /opt/airflow/dags/example_hello_world.py took 0.169 seconds
[2024-06-17T18:22:19.277+0000] {processor.py:157} INFO - Started process (PID=40) to work on /opt/airflow/dags/example_hello_world.py
[2024-06-17T18:22:19.278+0000] {processor.py:829} INFO - Processing file /opt/airflow/dags/example_hello_world.py for tasks to queue
[2024-06-17T18:22:19.281+0000] {logging_mixin.py:151} INFO - [2024-06-17T18:22:19.280+0000] {dagbag.py:539} INFO - Filling up the DagBag from /opt/airflow/dags/example_hello_world.py
[2024-06-17T18:22:19.289+0000] {processor.py:839} INFO - DAG(s) dict_keys(['hello_world_dag']) retrieved from /opt/airflow/dags/example_hello_world.py
[2024-06-17T18:22:19.481+0000] {logging_mixin.py:151} INFO - [2024-06-17T18:22:19.481+0000] {dag.py:2907} INFO - Sync 1 DAGs
[2024-06-17T18:22:19.489+0000] {logging_mixin.py:151} INFO - [2024-06-17T18:22:19.489+0000] {dag.py:3677} INFO - Setting next_dagrun for hello_world_dag to 2023-10-05T00:00:00+00:00, run_after=2023-10-06T00:00:00+00:00
[2024-06-17T18:22:19.497+0000] {processor.py:179} INFO - Processing /opt/airflow/dags/example_hello_world.py took 0.222 seconds
[2024-06-17T18:22:49.764+0000] {processor.py:157} INFO - Started process (PID=49) to work on /opt/airflow/dags/example_hello_world.py
[2024-06-17T18:22:49.766+0000] {processor.py:829} INFO - Processing file /opt/airflow/dags/example_hello_world.py for tasks to queue
[2024-06-17T18:22:49.770+0000] {logging_mixin.py:151} INFO - [2024-06-17T18:22:49.769+0000] {dagbag.py:539} INFO - Filling up the DagBag from /opt/airflow/dags/example_hello_world.py
[2024-06-17T18:22:49.782+0000] {processor.py:839} INFO - DAG(s) dict_keys(['hello_world_dag']) retrieved from /opt/airflow/dags/example_hello_world.py
[2024-06-17T18:22:49.798+0000] {logging_mixin.py:151} INFO - [2024-06-17T18:22:49.798+0000] {dag.py:2907} INFO - Sync 1 DAGs
[2024-06-17T18:22:49.883+0000] {logging_mixin.py:151} INFO - [2024-06-17T18:22:49.883+0000] {dag.py:3677} INFO - Setting next_dagrun for hello_world_dag to 2023-10-05T00:00:00+00:00, run_after=2023-10-06T00:00:00+00:00
[2024-06-17T18:22:49.890+0000] {processor.py:179} INFO - Processing /opt/airflow/dags/example_hello_world.py took 0.132 seconds
[2024-06-17T18:23:20.263+0000] {processor.py:157} INFO - Started process (PID=60) to work on /opt/airflow/dags/example_hello_world.py
[2024-06-17T18:23:20.263+0000] {processor.py:829} INFO - Processing file /opt/airflow/dags/example_hello_world.py for tasks to queue
[2024-06-17T18:23:20.265+0000] {logging_mixin.py:151} INFO - [2024-06-17T18:23:20.264+0000] {dagbag.py:539} INFO - Filling up the DagBag from /opt/airflow/dags/example_hello_world.py
[2024-06-17T18:23:20.272+0000] {processor.py:839} INFO - DAG(s) dict_keys(['hello_world_dag']) retrieved from /opt/airflow/dags/example_hello_world.py
[2024-06-17T18:23:20.369+0000] {logging_mixin.py:151} INFO - [2024-06-17T18:23:20.369+0000] {dag.py:2907} INFO - Sync 1 DAGs
[2024-06-17T18:23:20.377+0000] {logging_mixin.py:151} INFO - [2024-06-17T18:23:20.377+0000] {dag.py:3677} INFO - Setting next_dagrun for hello_world_dag to 2023-10-05T00:00:00+00:00, run_after=2023-10-06T00:00:00+00:00
[2024-06-17T18:23:20.384+0000] {processor.py:179} INFO - Processing /opt/airflow/dags/example_hello_world.py took 0.125 seconds
[2024-06-17T18:23:50.715+0000] {processor.py:157} INFO - Started process (PID=70) to work on /opt/airflow/dags/example_hello_world.py
[2024-06-17T18:23:50.716+0000] {processor.py:829} INFO - Processing file /opt/airflow/dags/example_hello_world.py for tasks to queue
[2024-06-17T18:23:50.719+0000] {logging_mixin.py:151} INFO - [2024-06-17T18:23:50.718+0000] {dagbag.py:539} INFO - Filling up the DagBag from /opt/airflow/dags/example_hello_world.py
[2024-06-17T18:23:50.821+0000] {processor.py:839} INFO - DAG(s) dict_keys(['hello_world_dag']) retrieved from /opt/airflow/dags/example_hello_world.py
[2024-06-17T18:23:50.832+0000] {logging_mixin.py:151} INFO - [2024-06-17T18:23:50.832+0000] {dag.py:2907} INFO - Sync 1 DAGs
[2024-06-17T18:23:50.840+0000] {logging_mixin.py:151} INFO - [2024-06-17T18:23:50.840+0000] {dag.py:3677} INFO - Setting next_dagrun for hello_world_dag to 2023-10-05T00:00:00+00:00, run_after=2023-10-06T00:00:00+00:00
[2024-06-17T18:23:50.847+0000] {processor.py:179} INFO - Processing /opt/airflow/dags/example_hello_world.py took 0.135 seconds
[2024-06-17T18:25:37.431+0000] {processor.py:157} INFO - Started process (PID=38) to work on /opt/airflow/dags/example_hello_world.py
[2024-06-17T18:25:37.432+0000] {processor.py:829} INFO - Processing file /opt/airflow/dags/example_hello_world.py for tasks to queue
[2024-06-17T18:25:37.435+0000] {logging_mixin.py:151} INFO - [2024-06-17T18:25:37.435+0000] {dagbag.py:539} INFO - Filling up the DagBag from /opt/airflow/dags/example_hello_world.py
[2024-06-17T18:25:37.482+0000] {processor.py:839} INFO - DAG(s) dict_keys(['hello_world_dag']) retrieved from /opt/airflow/dags/example_hello_world.py
[2024-06-17T18:25:37.569+0000] {logging_mixin.py:151} INFO - [2024-06-17T18:25:37.569+0000] {dag.py:2907} INFO - Sync 1 DAGs
[2024-06-17T18:25:37.682+0000] {logging_mixin.py:151} INFO - [2024-06-17T18:25:37.682+0000] {dag.py:3677} INFO - Setting next_dagrun for hello_world_dag to 2023-10-05T00:00:00+00:00, run_after=2023-10-06T00:00:00+00:00
[2024-06-17T18:25:37.692+0000] {processor.py:179} INFO - Processing /opt/airflow/dags/example_hello_world.py took 0.267 seconds
[2024-06-17T18:26:08.062+0000] {processor.py:157} INFO - Started process (PID=48) to work on /opt/airflow/dags/example_hello_world.py
[2024-06-17T18:26:08.063+0000] {processor.py:829} INFO - Processing file /opt/airflow/dags/example_hello_world.py for tasks to queue
[2024-06-17T18:26:08.066+0000] {logging_mixin.py:151} INFO - [2024-06-17T18:26:08.065+0000] {dagbag.py:539} INFO - Filling up the DagBag from /opt/airflow/dags/example_hello_world.py
[2024-06-17T18:26:08.076+0000] {processor.py:839} INFO - DAG(s) dict_keys(['hello_world_dag']) retrieved from /opt/airflow/dags/example_hello_world.py
[2024-06-17T18:26:08.095+0000] {logging_mixin.py:151} INFO - [2024-06-17T18:26:08.094+0000] {dag.py:2907} INFO - Sync 1 DAGs
[2024-06-17T18:26:08.107+0000] {logging_mixin.py:151} INFO - [2024-06-17T18:26:08.107+0000] {dag.py:3677} INFO - Setting next_dagrun for hello_world_dag to 2023-10-05T00:00:00+00:00, run_after=2023-10-06T00:00:00+00:00
[2024-06-17T18:26:08.116+0000] {processor.py:179} INFO - Processing /opt/airflow/dags/example_hello_world.py took 0.057 seconds
[2024-06-17T18:27:02.039+0000] {processor.py:157} INFO - Started process (PID=40) to work on /opt/airflow/dags/example_hello_world.py
[2024-06-17T18:27:02.040+0000] {processor.py:829} INFO - Processing file /opt/airflow/dags/example_hello_world.py for tasks to queue
[2024-06-17T18:27:02.043+0000] {logging_mixin.py:151} INFO - [2024-06-17T18:27:02.043+0000] {dagbag.py:539} INFO - Filling up the DagBag from /opt/airflow/dags/example_hello_world.py
[2024-06-17T18:27:02.053+0000] {processor.py:839} INFO - DAG(s) dict_keys(['hello_world_dag']) retrieved from /opt/airflow/dags/example_hello_world.py
[2024-06-17T18:27:02.234+0000] {logging_mixin.py:151} INFO - [2024-06-17T18:27:02.234+0000] {dag.py:2907} INFO - Sync 1 DAGs
[2024-06-17T18:27:02.244+0000] {logging_mixin.py:151} INFO - [2024-06-17T18:27:02.244+0000] {dag.py:3677} INFO - Setting next_dagrun for hello_world_dag to 2023-10-05T00:00:00+00:00, run_after=2023-10-06T00:00:00+00:00
[2024-06-17T18:27:02.252+0000] {processor.py:179} INFO - Processing /opt/airflow/dags/example_hello_world.py took 0.216 seconds
[2024-06-17T18:32:28.703+0000] {processor.py:157} INFO - Started process (PID=40) to work on /opt/airflow/dags/example_hello_world.py
[2024-06-17T18:32:28.704+0000] {processor.py:829} INFO - Processing file /opt/airflow/dags/example_hello_world.py for tasks to queue
[2024-06-17T18:32:28.707+0000] {logging_mixin.py:151} INFO - [2024-06-17T18:32:28.706+0000] {dagbag.py:539} INFO - Filling up the DagBag from /opt/airflow/dags/example_hello_world.py
[2024-06-17T18:32:28.716+0000] {processor.py:839} INFO - DAG(s) dict_keys(['hello_world_dag']) retrieved from /opt/airflow/dags/example_hello_world.py
[2024-06-17T18:32:28.943+0000] {logging_mixin.py:151} INFO - [2024-06-17T18:32:28.942+0000] {dag.py:2907} INFO - Sync 1 DAGs
[2024-06-17T18:32:28.951+0000] {logging_mixin.py:151} INFO - [2024-06-17T18:32:28.951+0000] {dag.py:3677} INFO - Setting next_dagrun for hello_world_dag to 2023-10-05T00:00:00+00:00, run_after=2023-10-06T00:00:00+00:00
[2024-06-17T18:32:28.958+0000] {processor.py:179} INFO - Processing /opt/airflow/dags/example_hello_world.py took 0.257 seconds
[2024-06-17T18:32:59.273+0000] {processor.py:157} INFO - Started process (PID=49) to work on /opt/airflow/dags/example_hello_world.py
[2024-06-17T18:32:59.274+0000] {processor.py:829} INFO - Processing file /opt/airflow/dags/example_hello_world.py for tasks to queue
[2024-06-17T18:32:59.276+0000] {logging_mixin.py:151} INFO - [2024-06-17T18:32:59.276+0000] {dagbag.py:539} INFO - Filling up the DagBag from /opt/airflow/dags/example_hello_world.py
[2024-06-17T18:32:59.286+0000] {processor.py:839} INFO - DAG(s) dict_keys(['hello_world_dag']) retrieved from /opt/airflow/dags/example_hello_world.py
[2024-06-17T18:32:59.308+0000] {logging_mixin.py:151} INFO - [2024-06-17T18:32:59.308+0000] {dag.py:2907} INFO - Sync 1 DAGs
[2024-06-17T18:32:59.447+0000] {logging_mixin.py:151} INFO - [2024-06-17T18:32:59.447+0000] {dag.py:3677} INFO - Setting next_dagrun for hello_world_dag to 2023-10-05T00:00:00+00:00, run_after=2023-10-06T00:00:00+00:00
[2024-06-17T18:32:59.454+0000] {processor.py:179} INFO - Processing /opt/airflow/dags/example_hello_world.py took 0.183 seconds
[2024-06-17T18:33:29.786+0000] {processor.py:157} INFO - Started process (PID=60) to work on /opt/airflow/dags/example_hello_world.py
[2024-06-17T18:33:29.787+0000] {processor.py:829} INFO - Processing file /opt/airflow/dags/example_hello_world.py for tasks to queue
[2024-06-17T18:33:29.789+0000] {logging_mixin.py:151} INFO - [2024-06-17T18:33:29.788+0000] {dagbag.py:539} INFO - Filling up the DagBag from /opt/airflow/dags/example_hello_world.py
[2024-06-17T18:33:29.797+0000] {processor.py:839} INFO - DAG(s) dict_keys(['hello_world_dag']) retrieved from /opt/airflow/dags/example_hello_world.py
[2024-06-17T18:33:29.904+0000] {logging_mixin.py:151} INFO - [2024-06-17T18:33:29.904+0000] {dag.py:2907} INFO - Sync 1 DAGs
[2024-06-17T18:33:29.913+0000] {logging_mixin.py:151} INFO - [2024-06-17T18:33:29.913+0000] {dag.py:3677} INFO - Setting next_dagrun for hello_world_dag to 2023-10-05T00:00:00+00:00, run_after=2023-10-06T00:00:00+00:00
[2024-06-17T18:33:29.920+0000] {processor.py:179} INFO - Processing /opt/airflow/dags/example_hello_world.py took 0.136 seconds
[2024-06-17T18:34:00.313+0000] {processor.py:157} INFO - Started process (PID=70) to work on /opt/airflow/dags/example_hello_world.py
[2024-06-17T18:34:00.314+0000] {processor.py:829} INFO - Processing file /opt/airflow/dags/example_hello_world.py for tasks to queue
[2024-06-17T18:34:00.318+0000] {logging_mixin.py:151} INFO - [2024-06-17T18:34:00.318+0000] {dagbag.py:539} INFO - Filling up the DagBag from /opt/airflow/dags/example_hello_world.py
[2024-06-17T18:34:00.422+0000] {processor.py:839} INFO - DAG(s) dict_keys(['hello_world_dag']) retrieved from /opt/airflow/dags/example_hello_world.py
[2024-06-17T18:34:00.434+0000] {logging_mixin.py:151} INFO - [2024-06-17T18:34:00.434+0000] {dag.py:2907} INFO - Sync 1 DAGs
[2024-06-17T18:34:00.442+0000] {logging_mixin.py:151} INFO - [2024-06-17T18:34:00.442+0000] {dag.py:3677} INFO - Setting next_dagrun for hello_world_dag to 2023-10-05T00:00:00+00:00, run_after=2023-10-06T00:00:00+00:00
[2024-06-17T18:34:00.449+0000] {processor.py:179} INFO - Processing /opt/airflow/dags/example_hello_world.py took 0.140 seconds
[2024-06-17T18:54:41.753+0000] {processor.py:157} INFO - Started process (PID=40) to work on /opt/airflow/dags/example_hello_world.py
[2024-06-17T18:54:41.754+0000] {processor.py:829} INFO - Processing file /opt/airflow/dags/example_hello_world.py for tasks to queue
[2024-06-17T18:54:41.756+0000] {logging_mixin.py:151} INFO - [2024-06-17T18:54:41.756+0000] {dagbag.py:539} INFO - Filling up the DagBag from /opt/airflow/dags/example_hello_world.py
[2024-06-17T18:54:41.767+0000] {processor.py:839} INFO - DAG(s) dict_keys(['hello_world_dag']) retrieved from /opt/airflow/dags/example_hello_world.py
[2024-06-17T18:54:41.972+0000] {logging_mixin.py:151} INFO - [2024-06-17T18:54:41.972+0000] {dag.py:2907} INFO - Sync 1 DAGs
[2024-06-17T18:54:41.982+0000] {logging_mixin.py:151} INFO - [2024-06-17T18:54:41.982+0000] {dag.py:3677} INFO - Setting next_dagrun for hello_world_dag to 2023-10-05T00:00:00+00:00, run_after=2023-10-06T00:00:00+00:00
[2024-06-17T18:54:41.991+0000] {processor.py:179} INFO - Processing /opt/airflow/dags/example_hello_world.py took 0.240 seconds
[2024-06-17T18:55:12.059+0000] {processor.py:157} INFO - Started process (PID=60) to work on /opt/airflow/dags/example_hello_world.py
[2024-06-17T18:55:12.060+0000] {processor.py:829} INFO - Processing file /opt/airflow/dags/example_hello_world.py for tasks to queue
[2024-06-17T18:55:12.062+0000] {logging_mixin.py:151} INFO - [2024-06-17T18:55:12.062+0000] {dagbag.py:539} INFO - Filling up the DagBag from /opt/airflow/dags/example_hello_world.py
[2024-06-17T18:55:12.152+0000] {processor.py:839} INFO - DAG(s) dict_keys(['hello_world_dag']) retrieved from /opt/airflow/dags/example_hello_world.py
[2024-06-17T18:55:12.163+0000] {logging_mixin.py:151} INFO - [2024-06-17T18:55:12.163+0000] {dag.py:2907} INFO - Sync 1 DAGs
[2024-06-17T18:55:12.170+0000] {logging_mixin.py:151} INFO - [2024-06-17T18:55:12.170+0000] {dag.py:3677} INFO - Setting next_dagrun for hello_world_dag to 2023-10-05T00:00:00+00:00, run_after=2023-10-06T00:00:00+00:00
[2024-06-17T18:55:12.177+0000] {processor.py:179} INFO - Processing /opt/airflow/dags/example_hello_world.py took 0.122 seconds
