[2024-06-18T07:00:47.761+0000] {processor.py:161} INFO - Started process (PID=41) to work on /opt/airflow/dags/example_hello_world.py
[2024-06-18T07:00:47.764+0000] {processor.py:830} INFO - Processing file /opt/airflow/dags/example_hello_world.py for tasks to queue
[2024-06-18T07:00:47.768+0000] {logging_mixin.py:188} INFO - [2024-06-18T07:00:47.766+0000] {dagbag.py:545} INFO - Filling up the DagBag from /opt/airflow/dags/example_hello_world.py
[2024-06-18T07:00:47.955+0000] {processor.py:840} INFO - DAG(s) 'hello_world_dag' retrieved from /opt/airflow/dags/example_hello_world.py
[2024-06-18T07:00:48.904+0000] {logging_mixin.py:188} INFO - [2024-06-18T07:00:48.902+0000] {override.py:1829} INFO - Created Permission View: can delete on DAG:hello_world_dag
[2024-06-18T07:00:48.942+0000] {logging_mixin.py:188} INFO - [2024-06-18T07:00:48.941+0000] {override.py:1829} INFO - Created Permission View: can edit on DAG:hello_world_dag
[2024-06-18T07:00:48.972+0000] {logging_mixin.py:188} INFO - [2024-06-18T07:00:48.971+0000] {override.py:1829} INFO - Created Permission View: can read on DAG:hello_world_dag
[2024-06-18T07:00:48.975+0000] {logging_mixin.py:188} INFO - [2024-06-18T07:00:48.974+0000] {dag.py:3096} INFO - Sync 1 DAGs
[2024-06-18T07:00:49.030+0000] {logging_mixin.py:188} INFO - [2024-06-18T07:00:49.029+0000] {dag.py:3118} INFO - Creating ORM DAG for hello_world_dag
[2024-06-18T07:00:49.069+0000] {logging_mixin.py:188} INFO - [2024-06-18T07:00:49.068+0000] {dag.py:3954} INFO - Setting next_dagrun for hello_world_dag to 2023-10-05 00:00:00+00:00, run_after=2023-10-06 00:00:00+00:00
[2024-06-18T07:00:49.155+0000] {processor.py:183} INFO - Processing /opt/airflow/dags/example_hello_world.py took 1.436 seconds
[2024-06-18T07:01:33.000+0000] {processor.py:161} INFO - Started process (PID=41) to work on /opt/airflow/dags/example_hello_world.py
[2024-06-18T07:01:33.003+0000] {processor.py:830} INFO - Processing file /opt/airflow/dags/example_hello_world.py for tasks to queue
[2024-06-18T07:01:33.007+0000] {logging_mixin.py:188} INFO - [2024-06-18T07:01:33.006+0000] {dagbag.py:545} INFO - Filling up the DagBag from /opt/airflow/dags/example_hello_world.py
[2024-06-18T07:01:33.088+0000] {processor.py:840} INFO - DAG(s) 'hello_world_dag' retrieved from /opt/airflow/dags/example_hello_world.py
[2024-06-18T07:01:33.246+0000] {logging_mixin.py:188} INFO - [2024-06-18T07:01:33.245+0000] {dag.py:3096} INFO - Sync 1 DAGs
[2024-06-18T07:01:33.300+0000] {logging_mixin.py:188} INFO - [2024-06-18T07:01:33.299+0000] {dag.py:3954} INFO - Setting next_dagrun for hello_world_dag to 2023-10-05 00:00:00+00:00, run_after=2023-10-06 00:00:00+00:00
[2024-06-18T07:01:33.361+0000] {processor.py:183} INFO - Processing /opt/airflow/dags/example_hello_world.py took 0.376 seconds
[2024-06-18T07:02:03.649+0000] {processor.py:161} INFO - Started process (PID=102) to work on /opt/airflow/dags/example_hello_world.py
[2024-06-18T07:02:03.651+0000] {processor.py:830} INFO - Processing file /opt/airflow/dags/example_hello_world.py for tasks to queue
[2024-06-18T07:02:03.654+0000] {logging_mixin.py:188} INFO - [2024-06-18T07:02:03.654+0000] {dagbag.py:545} INFO - Filling up the DagBag from /opt/airflow/dags/example_hello_world.py
[2024-06-18T07:02:03.708+0000] {processor.py:840} INFO - DAG(s) 'hello_world_dag' retrieved from /opt/airflow/dags/example_hello_world.py
[2024-06-18T07:02:03.756+0000] {logging_mixin.py:188} INFO - [2024-06-18T07:02:03.755+0000] {dag.py:3096} INFO - Sync 1 DAGs
[2024-06-18T07:02:03.806+0000] {logging_mixin.py:188} INFO - [2024-06-18T07:02:03.806+0000] {dag.py:3954} INFO - Setting next_dagrun for hello_world_dag to 2023-10-05 00:00:00+00:00, run_after=2023-10-06 00:00:00+00:00
[2024-06-18T07:02:03.864+0000] {processor.py:183} INFO - Processing /opt/airflow/dags/example_hello_world.py took 0.236 seconds
