[2024-06-20T06:30:39.098+0000] {local_task_job_runner.py:120} INFO - ::group::Pre task execution logs
[2024-06-20T06:30:39.120+0000] {taskinstance.py:2076} INFO - Dependencies all met for dep_context=non-requeueable deps ti=<TaskInstance: ml_pipeline.prepare_data manual__2024-06-20T06:30:35.852540+00:00 [queued]>
[2024-06-20T06:30:39.128+0000] {taskinstance.py:2076} INFO - Dependencies all met for dep_context=requeueable deps ti=<TaskInstance: ml_pipeline.prepare_data manual__2024-06-20T06:30:35.852540+00:00 [queued]>
[2024-06-20T06:30:39.130+0000] {taskinstance.py:2306} INFO - Starting attempt 1 of 2
[2024-06-20T06:30:39.145+0000] {taskinstance.py:2330} INFO - Executing <Task(PythonOperator): prepare_data> on 2024-06-20 06:30:35.852540+00:00
[2024-06-20T06:30:39.149+0000] {warnings.py:112} WARNING - /home/***/.local/lib/python3.12/site-packages/***/task/task_runner/standard_task_runner.py:61: DeprecationWarning: This process (pid=94) is multi-threaded, use of fork() may lead to deadlocks in the child.
  pid = os.fork()

[2024-06-20T06:30:39.151+0000] {standard_task_runner.py:63} INFO - Started process 96 to run task
[2024-06-20T06:30:39.152+0000] {standard_task_runner.py:90} INFO - Running: ['***', 'tasks', 'run', 'ml_pipeline', 'prepare_data', 'manual__2024-06-20T06:30:35.852540+00:00', '--job-id', '11', '--raw', '--subdir', 'DAGS_FOLDER/ml_pipeline.py', '--cfg-path', '/tmp/tmpr7776fzl']
[2024-06-20T06:30:39.153+0000] {standard_task_runner.py:91} INFO - Job 11: Subtask prepare_data
[2024-06-20T06:30:39.199+0000] {task_command.py:426} INFO - Running <TaskInstance: ml_pipeline.prepare_data manual__2024-06-20T06:30:35.852540+00:00 [running]> on host 20909650c762
[2024-06-20T06:30:39.273+0000] {taskinstance.py:2648} INFO - Exporting env vars: AIRFLOW_CTX_DAG_OWNER='RCH4CKERS' AIRFLOW_CTX_DAG_ID='ml_pipeline' AIRFLOW_CTX_TASK_ID='prepare_data' AIRFLOW_CTX_EXECUTION_DATE='2024-06-20T06:30:35.852540+00:00' AIRFLOW_CTX_TRY_NUMBER='1' AIRFLOW_CTX_DAG_RUN_ID='manual__2024-06-20T06:30:35.852540+00:00'
[2024-06-20T06:30:39.275+0000] {taskinstance.py:430} INFO - ::endgroup::
[2024-06-20T06:30:39.303+0000] {logging_mixin.py:188} INFO - Data loaded and split into train and test data
[2024-06-20T06:30:39.323+0000] {logging_mixin.py:188} INFO - Train and test data saved
[2024-06-20T06:30:39.324+0000] {python.py:237} INFO - Done. Returned value was: None
[2024-06-20T06:30:39.325+0000] {taskinstance.py:441} INFO - ::group::Post task execution logs
[2024-06-20T06:30:39.336+0000] {taskinstance.py:1206} INFO - Marking task as SUCCESS. dag_id=ml_pipeline, task_id=prepare_data, run_id=manual__2024-06-20T06:30:35.852540+00:00, execution_date=20240620T063035, start_date=20240620T063039, end_date=20240620T063039
[2024-06-20T06:30:39.367+0000] {local_task_job_runner.py:240} INFO - Task exited with return code 0
[2024-06-20T06:30:39.382+0000] {taskinstance.py:3503} INFO - 0 downstream tasks scheduled from follow-on schedule check
[2024-06-20T06:30:39.385+0000] {local_task_job_runner.py:222} INFO - ::endgroup::
