[2024-06-18T07:01:43.617+0000] {processor.py:161} INFO - Started process (PID=74) to work on /home/airflow/.local/lib/python3.12/site-packages/airflow/example_dags/example_datasets.py
[2024-06-18T07:01:43.619+0000] {processor.py:830} INFO - Processing file /home/airflow/.local/lib/python3.12/site-packages/airflow/example_dags/example_datasets.py for tasks to queue
[2024-06-18T07:01:43.622+0000] {logging_mixin.py:188} INFO - [2024-06-18T07:01:43.621+0000] {dagbag.py:545} INFO - Filling up the DagBag from /home/airflow/.local/lib/python3.12/site-packages/airflow/example_dags/example_datasets.py
[2024-06-18T07:01:43.681+0000] {processor.py:840} INFO - DAG(s) 'dataset_consumes_1', 'consume_1_or_2_with_dataset_expressions', 'consume_1_and_2_with_dataset_expressions', 'dataset_produces_2', 'dataset_produces_1', 'conditional_dataset_and_time_based_timetable', 'dataset_consumes_1_and_2', 'dataset_consumes_1_never_scheduled', 'dataset_consumes_unknown_never_scheduled', 'consume_1_or_both_2_and_3_with_dataset_expressions' retrieved from /home/airflow/.local/lib/python3.12/site-packages/airflow/example_dags/example_datasets.py
[2024-06-18T07:01:44.433+0000] {logging_mixin.py:188} INFO - [2024-06-18T07:01:44.432+0000] {dag.py:3096} INFO - Sync 10 DAGs
[2024-06-18T07:01:44.516+0000] {logging_mixin.py:188} INFO - [2024-06-18T07:01:44.516+0000] {dag.py:3954} INFO - Setting next_dagrun for conditional_dataset_and_time_based_timetable to 2024-06-12 01:00:00+00:00, run_after=2024-06-12 01:00:00+00:00
[2024-06-18T07:01:44.526+0000] {logging_mixin.py:188} INFO - [2024-06-18T07:01:44.525+0000] {dag.py:3954} INFO - Setting next_dagrun for consume_1_and_2_with_dataset_expressions to None, run_after=None
[2024-06-18T07:01:44.532+0000] {logging_mixin.py:188} INFO - [2024-06-18T07:01:44.531+0000] {dag.py:3954} INFO - Setting next_dagrun for consume_1_or_2_with_dataset_expressions to None, run_after=None
[2024-06-18T07:01:44.537+0000] {logging_mixin.py:188} INFO - [2024-06-18T07:01:44.536+0000] {dag.py:3954} INFO - Setting next_dagrun for consume_1_or_both_2_and_3_with_dataset_expressions to None, run_after=None
[2024-06-18T07:01:44.542+0000] {logging_mixin.py:188} INFO - [2024-06-18T07:01:44.541+0000] {dag.py:3954} INFO - Setting next_dagrun for dataset_consumes_1 to None, run_after=None
[2024-06-18T07:01:44.546+0000] {logging_mixin.py:188} INFO - [2024-06-18T07:01:44.546+0000] {dag.py:3954} INFO - Setting next_dagrun for dataset_consumes_1_and_2 to None, run_after=None
[2024-06-18T07:01:44.551+0000] {logging_mixin.py:188} INFO - [2024-06-18T07:01:44.551+0000] {dag.py:3954} INFO - Setting next_dagrun for dataset_consumes_1_never_scheduled to None, run_after=None
[2024-06-18T07:01:44.556+0000] {logging_mixin.py:188} INFO - [2024-06-18T07:01:44.555+0000] {dag.py:3954} INFO - Setting next_dagrun for dataset_consumes_unknown_never_scheduled to None, run_after=None
[2024-06-18T07:01:44.565+0000] {logging_mixin.py:188} INFO - [2024-06-18T07:01:44.564+0000] {dag.py:3954} INFO - Setting next_dagrun for dataset_produces_1 to 2024-06-17 00:00:00+00:00, run_after=2024-06-18 00:00:00+00:00
[2024-06-18T07:01:44.569+0000] {logging_mixin.py:188} INFO - [2024-06-18T07:01:44.569+0000] {dag.py:3954} INFO - Setting next_dagrun for dataset_produces_2 to None, run_after=None
[2024-06-18T07:01:44.715+0000] {processor.py:183} INFO - Processing /home/airflow/.local/lib/python3.12/site-packages/airflow/example_dags/example_datasets.py took 1.113 seconds
[2024-06-18T07:02:15.314+0000] {processor.py:161} INFO - Started process (PID=135) to work on /home/airflow/.local/lib/python3.12/site-packages/airflow/example_dags/example_datasets.py
[2024-06-18T07:02:15.317+0000] {processor.py:830} INFO - Processing file /home/airflow/.local/lib/python3.12/site-packages/airflow/example_dags/example_datasets.py for tasks to queue
[2024-06-18T07:02:15.319+0000] {logging_mixin.py:188} INFO - [2024-06-18T07:02:15.318+0000] {dagbag.py:545} INFO - Filling up the DagBag from /home/airflow/.local/lib/python3.12/site-packages/airflow/example_dags/example_datasets.py
[2024-06-18T07:02:15.366+0000] {processor.py:840} INFO - DAG(s) 'consume_1_or_both_2_and_3_with_dataset_expressions', 'dataset_produces_2', 'conditional_dataset_and_time_based_timetable', 'consume_1_and_2_with_dataset_expressions', 'dataset_consumes_1', 'dataset_consumes_1_never_scheduled', 'dataset_consumes_unknown_never_scheduled', 'dataset_consumes_1_and_2', 'consume_1_or_2_with_dataset_expressions', 'dataset_produces_1' retrieved from /home/airflow/.local/lib/python3.12/site-packages/airflow/example_dags/example_datasets.py
[2024-06-18T07:02:15.491+0000] {logging_mixin.py:188} INFO - [2024-06-18T07:02:15.491+0000] {dag.py:3096} INFO - Sync 10 DAGs
[2024-06-18T07:02:15.547+0000] {logging_mixin.py:188} INFO - [2024-06-18T07:02:15.547+0000] {dag.py:3954} INFO - Setting next_dagrun for conditional_dataset_and_time_based_timetable to 2024-06-12 01:00:00+00:00, run_after=2024-06-12 01:00:00+00:00
[2024-06-18T07:02:15.557+0000] {logging_mixin.py:188} INFO - [2024-06-18T07:02:15.557+0000] {dag.py:3954} INFO - Setting next_dagrun for consume_1_and_2_with_dataset_expressions to None, run_after=None
[2024-06-18T07:02:15.562+0000] {logging_mixin.py:188} INFO - [2024-06-18T07:02:15.561+0000] {dag.py:3954} INFO - Setting next_dagrun for consume_1_or_2_with_dataset_expressions to None, run_after=None
[2024-06-18T07:02:15.566+0000] {logging_mixin.py:188} INFO - [2024-06-18T07:02:15.565+0000] {dag.py:3954} INFO - Setting next_dagrun for consume_1_or_both_2_and_3_with_dataset_expressions to None, run_after=None
[2024-06-18T07:02:15.571+0000] {logging_mixin.py:188} INFO - [2024-06-18T07:02:15.570+0000] {dag.py:3954} INFO - Setting next_dagrun for dataset_consumes_1 to None, run_after=None
[2024-06-18T07:02:15.577+0000] {logging_mixin.py:188} INFO - [2024-06-18T07:02:15.576+0000] {dag.py:3954} INFO - Setting next_dagrun for dataset_consumes_1_and_2 to None, run_after=None
[2024-06-18T07:02:15.582+0000] {logging_mixin.py:188} INFO - [2024-06-18T07:02:15.581+0000] {dag.py:3954} INFO - Setting next_dagrun for dataset_consumes_1_never_scheduled to None, run_after=None
[2024-06-18T07:02:15.587+0000] {logging_mixin.py:188} INFO - [2024-06-18T07:02:15.586+0000] {dag.py:3954} INFO - Setting next_dagrun for dataset_consumes_unknown_never_scheduled to None, run_after=None
[2024-06-18T07:02:15.594+0000] {logging_mixin.py:188} INFO - [2024-06-18T07:02:15.593+0000] {dag.py:3954} INFO - Setting next_dagrun for dataset_produces_1 to 2024-06-17 00:00:00+00:00, run_after=2024-06-18 00:00:00+00:00
[2024-06-18T07:02:15.598+0000] {logging_mixin.py:188} INFO - [2024-06-18T07:02:15.598+0000] {dag.py:3954} INFO - Setting next_dagrun for dataset_produces_2 to None, run_after=None
[2024-06-18T07:02:15.718+0000] {processor.py:183} INFO - Processing /home/airflow/.local/lib/python3.12/site-packages/airflow/example_dags/example_datasets.py took 0.416 seconds
