[2024-06-18T07:00:52.617+0000] {processor.py:161} INFO - Started process (PID=51) to work on /home/airflow/.local/lib/python3.12/site-packages/airflow/example_dags/example_external_task_marker_dag.py
[2024-06-18T07:00:52.620+0000] {processor.py:830} INFO - Processing file /home/airflow/.local/lib/python3.12/site-packages/airflow/example_dags/example_external_task_marker_dag.py for tasks to queue
[2024-06-18T07:00:52.624+0000] {logging_mixin.py:188} INFO - [2024-06-18T07:00:52.623+0000] {dagbag.py:545} INFO - Filling up the DagBag from /home/airflow/.local/lib/python3.12/site-packages/airflow/example_dags/example_external_task_marker_dag.py
[2024-06-18T07:00:52.658+0000] {processor.py:840} INFO - DAG(s) 'example_external_task_marker_child', 'example_external_task_marker_parent' retrieved from /home/airflow/.local/lib/python3.12/site-packages/airflow/example_dags/example_external_task_marker_dag.py
[2024-06-18T07:00:56.144+0000] {logging_mixin.py:188} INFO - [2024-06-18T07:00:56.143+0000] {process_utils.py:263} INFO - Waiting up to 5 seconds for processes to exit...
[2024-06-18T07:01:34.420+0000] {processor.py:161} INFO - Started process (PID=46) to work on /home/airflow/.local/lib/python3.12/site-packages/airflow/example_dags/example_external_task_marker_dag.py
[2024-06-18T07:01:34.422+0000] {processor.py:830} INFO - Processing file /home/airflow/.local/lib/python3.12/site-packages/airflow/example_dags/example_external_task_marker_dag.py for tasks to queue
[2024-06-18T07:01:34.425+0000] {logging_mixin.py:188} INFO - [2024-06-18T07:01:34.424+0000] {dagbag.py:545} INFO - Filling up the DagBag from /home/airflow/.local/lib/python3.12/site-packages/airflow/example_dags/example_external_task_marker_dag.py
[2024-06-18T07:01:34.449+0000] {processor.py:840} INFO - DAG(s) 'example_external_task_marker_parent', 'example_external_task_marker_child' retrieved from /home/airflow/.local/lib/python3.12/site-packages/airflow/example_dags/example_external_task_marker_dag.py
[2024-06-18T07:01:34.764+0000] {logging_mixin.py:188} INFO - [2024-06-18T07:01:34.763+0000] {dag.py:3096} INFO - Sync 2 DAGs
[2024-06-18T07:01:34.796+0000] {logging_mixin.py:188} INFO - [2024-06-18T07:01:34.795+0000] {dag.py:3954} INFO - Setting next_dagrun for example_external_task_marker_child to None, run_after=None
[2024-06-18T07:01:34.804+0000] {logging_mixin.py:188} INFO - [2024-06-18T07:01:34.803+0000] {dag.py:3954} INFO - Setting next_dagrun for example_external_task_marker_parent to None, run_after=None
[2024-06-18T07:01:34.873+0000] {processor.py:183} INFO - Processing /home/airflow/.local/lib/python3.12/site-packages/airflow/example_dags/example_external_task_marker_dag.py took 0.479 seconds
[2024-06-18T07:02:05.525+0000] {processor.py:161} INFO - Started process (PID=107) to work on /home/airflow/.local/lib/python3.12/site-packages/airflow/example_dags/example_external_task_marker_dag.py
[2024-06-18T07:02:05.528+0000] {processor.py:830} INFO - Processing file /home/airflow/.local/lib/python3.12/site-packages/airflow/example_dags/example_external_task_marker_dag.py for tasks to queue
[2024-06-18T07:02:05.531+0000] {logging_mixin.py:188} INFO - [2024-06-18T07:02:05.530+0000] {dagbag.py:545} INFO - Filling up the DagBag from /home/airflow/.local/lib/python3.12/site-packages/airflow/example_dags/example_external_task_marker_dag.py
[2024-06-18T07:02:05.550+0000] {processor.py:840} INFO - DAG(s) 'example_external_task_marker_child', 'example_external_task_marker_parent' retrieved from /home/airflow/.local/lib/python3.12/site-packages/airflow/example_dags/example_external_task_marker_dag.py
[2024-06-18T07:02:05.632+0000] {logging_mixin.py:188} INFO - [2024-06-18T07:02:05.631+0000] {dag.py:3096} INFO - Sync 2 DAGs
[2024-06-18T07:02:05.672+0000] {logging_mixin.py:188} INFO - [2024-06-18T07:02:05.671+0000] {dag.py:3954} INFO - Setting next_dagrun for example_external_task_marker_child to None, run_after=None
[2024-06-18T07:02:05.688+0000] {logging_mixin.py:188} INFO - [2024-06-18T07:02:05.687+0000] {dag.py:3954} INFO - Setting next_dagrun for example_external_task_marker_parent to None, run_after=None
[2024-06-18T07:02:05.750+0000] {processor.py:183} INFO - Processing /home/airflow/.local/lib/python3.12/site-packages/airflow/example_dags/example_external_task_marker_dag.py took 0.243 seconds
