[2024-06-18T07:01:36.888+0000] {processor.py:161} INFO - Started process (PID=53) to work on /home/airflow/.local/lib/python3.12/site-packages/airflow/example_dags/example_subdag_operator.py
[2024-06-18T07:01:36.890+0000] {processor.py:830} INFO - Processing file /home/airflow/.local/lib/python3.12/site-packages/airflow/example_dags/example_subdag_operator.py for tasks to queue
[2024-06-18T07:01:36.893+0000] {logging_mixin.py:188} INFO - [2024-06-18T07:01:36.892+0000] {dagbag.py:545} INFO - Filling up the DagBag from /home/airflow/.local/lib/python3.12/site-packages/airflow/example_dags/example_subdag_operator.py
[2024-06-18T07:01:36.965+0000] {processor.py:840} INFO - DAG(s) 'example_subdag_operator.section-1', 'example_subdag_operator.section-2', 'example_subdag_operator' retrieved from /home/airflow/.local/lib/python3.12/site-packages/airflow/example_dags/example_subdag_operator.py
[2024-06-18T07:01:37.243+0000] {logging_mixin.py:188} INFO - [2024-06-18T07:01:37.242+0000] {dag.py:3096} INFO - Sync 3 DAGs
[2024-06-18T07:01:37.292+0000] {logging_mixin.py:188} INFO - [2024-06-18T07:01:37.291+0000] {dag.py:3954} INFO - Setting next_dagrun for example_subdag_operator to 2022-01-01 00:00:00+00:00, run_after=2022-01-01 00:00:00+00:00
[2024-06-18T07:01:37.300+0000] {logging_mixin.py:188} INFO - [2024-06-18T07:01:37.300+0000] {dag.py:3954} INFO - Setting next_dagrun for example_subdag_operator.section-1 to None, run_after=None
[2024-06-18T07:01:37.306+0000] {logging_mixin.py:188} INFO - [2024-06-18T07:01:37.305+0000] {dag.py:3954} INFO - Setting next_dagrun for example_subdag_operator.section-2 to None, run_after=None
[2024-06-18T07:01:37.331+0000] {logging_mixin.py:188} INFO - [2024-06-18T07:01:37.330+0000] {dag.py:3096} INFO - Sync 2 DAGs
[2024-06-18T07:01:37.347+0000] {logging_mixin.py:188} INFO - [2024-06-18T07:01:37.347+0000] {dag.py:3954} INFO - Setting next_dagrun for example_subdag_operator.section-1 to None, run_after=None
[2024-06-18T07:01:37.349+0000] {logging_mixin.py:188} INFO - [2024-06-18T07:01:37.348+0000] {dag.py:3954} INFO - Setting next_dagrun for example_subdag_operator.section-2 to None, run_after=None
[2024-06-18T07:01:37.380+0000] {processor.py:183} INFO - Processing /home/airflow/.local/lib/python3.12/site-packages/airflow/example_dags/example_subdag_operator.py took 0.511 seconds
[2024-06-18T07:02:08.326+0000] {processor.py:161} INFO - Started process (PID=114) to work on /home/airflow/.local/lib/python3.12/site-packages/airflow/example_dags/example_subdag_operator.py
[2024-06-18T07:02:08.328+0000] {processor.py:830} INFO - Processing file /home/airflow/.local/lib/python3.12/site-packages/airflow/example_dags/example_subdag_operator.py for tasks to queue
[2024-06-18T07:02:08.329+0000] {logging_mixin.py:188} INFO - [2024-06-18T07:02:08.329+0000] {dagbag.py:545} INFO - Filling up the DagBag from /home/airflow/.local/lib/python3.12/site-packages/airflow/example_dags/example_subdag_operator.py
[2024-06-18T07:02:08.381+0000] {processor.py:840} INFO - DAG(s) 'example_subdag_operator.section-1', 'example_subdag_operator.section-2', 'example_subdag_operator' retrieved from /home/airflow/.local/lib/python3.12/site-packages/airflow/example_dags/example_subdag_operator.py
[2024-06-18T07:02:08.416+0000] {logging_mixin.py:188} INFO - [2024-06-18T07:02:08.415+0000] {dag.py:3096} INFO - Sync 3 DAGs
[2024-06-18T07:02:08.469+0000] {logging_mixin.py:188} INFO - [2024-06-18T07:02:08.468+0000] {dag.py:3954} INFO - Setting next_dagrun for example_subdag_operator to 2022-01-01 00:00:00+00:00, run_after=2022-01-01 00:00:00+00:00
[2024-06-18T07:02:08.478+0000] {logging_mixin.py:188} INFO - [2024-06-18T07:02:08.477+0000] {dag.py:3954} INFO - Setting next_dagrun for example_subdag_operator.section-1 to None, run_after=None
[2024-06-18T07:02:08.482+0000] {logging_mixin.py:188} INFO - [2024-06-18T07:02:08.482+0000] {dag.py:3954} INFO - Setting next_dagrun for example_subdag_operator.section-2 to None, run_after=None
[2024-06-18T07:02:08.500+0000] {logging_mixin.py:188} INFO - [2024-06-18T07:02:08.499+0000] {dag.py:3096} INFO - Sync 2 DAGs
[2024-06-18T07:02:08.515+0000] {logging_mixin.py:188} INFO - [2024-06-18T07:02:08.514+0000] {dag.py:3954} INFO - Setting next_dagrun for example_subdag_operator.section-1 to None, run_after=None
[2024-06-18T07:02:08.517+0000] {logging_mixin.py:188} INFO - [2024-06-18T07:02:08.517+0000] {dag.py:3954} INFO - Setting next_dagrun for example_subdag_operator.section-2 to None, run_after=None
[2024-06-18T07:02:08.548+0000] {processor.py:183} INFO - Processing /home/airflow/.local/lib/python3.12/site-packages/airflow/example_dags/example_subdag_operator.py took 0.232 seconds
