[2024-06-20T06:02:47.523+0000] {local_task_job_runner.py:120} INFO - ::group::Pre task execution logs
[2024-06-20T06:02:47.630+0000] {taskinstance.py:2076} INFO - Dependencies all met for dep_context=non-requeueable deps ti=<TaskInstance: ml_pipeline.greet manual__2024-06-20T06:02:39.925196+00:00 [queued]>
[2024-06-20T06:02:47.669+0000] {taskinstance.py:2076} INFO - Dependencies all met for dep_context=requeueable deps ti=<TaskInstance: ml_pipeline.greet manual__2024-06-20T06:02:39.925196+00:00 [queued]>
[2024-06-20T06:02:47.671+0000] {taskinstance.py:2306} INFO - Starting attempt 1 of 2
[2024-06-20T06:02:47.746+0000] {taskinstance.py:2330} INFO - Executing <Task(PythonOperator): greet> on 2024-06-20 06:02:39.925196+00:00
[2024-06-20T06:02:47.764+0000] {warnings.py:112} WARNING - /home/***/.local/lib/python3.12/site-packages/***/task/task_runner/standard_task_runner.py:61: DeprecationWarning: This process (pid=241) is multi-threaded, use of fork() may lead to deadlocks in the child.
  pid = os.fork()

[2024-06-20T06:02:47.768+0000] {standard_task_runner.py:90} INFO - Running: ['***', 'tasks', 'run', 'ml_pipeline', 'greet', 'manual__2024-06-20T06:02:39.925196+00:00', '--job-id', '3', '--raw', '--subdir', 'DAGS_FOLDER/ml_pipeline.py', '--cfg-path', '/tmp/tmpwetr3j86']
[2024-06-20T06:02:47.769+0000] {standard_task_runner.py:63} INFO - Started process 243 to run task
[2024-06-20T06:02:47.772+0000] {standard_task_runner.py:91} INFO - Job 3: Subtask greet
[2024-06-20T06:02:47.999+0000] {task_command.py:426} INFO - Running <TaskInstance: ml_pipeline.greet manual__2024-06-20T06:02:39.925196+00:00 [running]> on host 56cacc86e873
[2024-06-20T06:02:48.388+0000] {taskinstance.py:2648} INFO - Exporting env vars: AIRFLOW_CTX_DAG_OWNER='RCH4CKERS' AIRFLOW_CTX_DAG_ID='ml_pipeline' AIRFLOW_CTX_TASK_ID='greet' AIRFLOW_CTX_EXECUTION_DATE='2024-06-20T06:02:39.925196+00:00' AIRFLOW_CTX_TRY_NUMBER='1' AIRFLOW_CTX_DAG_RUN_ID='manual__2024-06-20T06:02:39.925196+00:00'
[2024-06-20T06:02:48.392+0000] {taskinstance.py:430} INFO - ::endgroup::
[2024-06-20T06:02:48.396+0000] {logging_mixin.py:188} INFO - Hello World
[2024-06-20T06:02:48.398+0000] {python.py:237} INFO - Done. Returned value was: None
[2024-06-20T06:02:48.400+0000] {taskinstance.py:441} INFO - ::group::Post task execution logs
[2024-06-20T06:02:48.454+0000] {taskinstance.py:1206} INFO - Marking task as SUCCESS. dag_id=ml_pipeline, task_id=greet, run_id=manual__2024-06-20T06:02:39.925196+00:00, execution_date=20240620T060239, start_date=20240620T060247, end_date=20240620T060248
[2024-06-20T06:02:48.558+0000] {local_task_job_runner.py:240} INFO - Task exited with return code 0
[2024-06-20T06:02:48.658+0000] {taskinstance.py:3503} INFO - 0 downstream tasks scheduled from follow-on schedule check
[2024-06-20T06:02:48.678+0000] {local_task_job_runner.py:222} INFO - ::endgroup::
