[2024-06-20T08:00:50.768+0000] {local_task_job_runner.py:120} INFO - ::group::Pre task execution logs
[2024-06-20T08:00:50.866+0000] {taskinstance.py:2076} INFO - Dependencies all met for dep_context=non-requeueable deps ti=<TaskInstance: ml_pipeline.preprocess_train_data manual__2024-06-20T08:00:43.124915+00:00 [queued]>
[2024-06-20T08:00:50.901+0000] {taskinstance.py:2076} INFO - Dependencies all met for dep_context=requeueable deps ti=<TaskInstance: ml_pipeline.preprocess_train_data manual__2024-06-20T08:00:43.124915+00:00 [queued]>
[2024-06-20T08:00:50.908+0000] {taskinstance.py:2306} INFO - Starting attempt 1 of 2
[2024-06-20T08:00:50.965+0000] {taskinstance.py:2330} INFO - Executing <Task(PythonOperator): preprocess_train_data> on 2024-06-20 08:00:43.124915+00:00
[2024-06-20T08:00:50.991+0000] {warnings.py:112} WARNING - /home/***/.local/lib/python3.12/site-packages/***/task/task_runner/standard_task_runner.py:61: DeprecationWarning: This process (pid=176) is multi-threaded, use of fork() may lead to deadlocks in the child.
  pid = os.fork()

[2024-06-20T08:00:51.002+0000] {standard_task_runner.py:63} INFO - Started process 179 to run task
[2024-06-20T08:00:51.000+0000] {standard_task_runner.py:90} INFO - Running: ['***', 'tasks', 'run', 'ml_pipeline', 'preprocess_train_data', 'manual__2024-06-20T08:00:43.124915+00:00', '--job-id', '60', '--raw', '--subdir', 'DAGS_FOLDER/ml_pipeline.py', '--cfg-path', '/tmp/tmpqhelnjsc']
[2024-06-20T08:00:51.006+0000] {standard_task_runner.py:91} INFO - Job 60: Subtask preprocess_train_data
[2024-06-20T08:00:51.165+0000] {task_command.py:426} INFO - Running <TaskInstance: ml_pipeline.preprocess_train_data manual__2024-06-20T08:00:43.124915+00:00 [running]> on host 12086e25b8f3
[2024-06-20T08:00:51.453+0000] {taskinstance.py:2648} INFO - Exporting env vars: AIRFLOW_CTX_DAG_OWNER='RCH4CKERS' AIRFLOW_CTX_DAG_ID='ml_pipeline' AIRFLOW_CTX_TASK_ID='preprocess_train_data' AIRFLOW_CTX_EXECUTION_DATE='2024-06-20T08:00:43.124915+00:00' AIRFLOW_CTX_TRY_NUMBER='1' AIRFLOW_CTX_DAG_RUN_ID='manual__2024-06-20T08:00:43.124915+00:00'
[2024-06-20T08:00:51.459+0000] {taskinstance.py:430} INFO - ::endgroup::
[2024-06-20T08:00:53.212+0000] {logging_mixin.py:188} INFO - Data processed
[2024-06-20T08:00:53.230+0000] {python.py:237} INFO - Done. Returned value was: None
[2024-06-20T08:00:53.232+0000] {taskinstance.py:441} INFO - ::group::Post task execution logs
[2024-06-20T08:00:53.253+0000] {taskinstance.py:1206} INFO - Marking task as SUCCESS. dag_id=ml_pipeline, task_id=preprocess_train_data, run_id=manual__2024-06-20T08:00:43.124915+00:00, execution_date=20240620T080043, start_date=20240620T080050, end_date=20240620T080053
[2024-06-20T08:00:53.317+0000] {local_task_job_runner.py:240} INFO - Task exited with return code 0
[2024-06-20T08:00:53.361+0000] {taskinstance.py:3503} INFO - 0 downstream tasks scheduled from follow-on schedule check
[2024-06-20T08:00:53.367+0000] {local_task_job_runner.py:222} INFO - ::endgroup::
